ERPImporta.exe: 00000608: 11:37:54 []:>--------------------------------------------------------------<
ERPImporta.exe: 00000608: 11:37:54 [TUniServerModule]:Server First Init.
ERPImporta.exe: 00000608: 11:37:54 [TUniServerModule]:Start Path = C:\Projetos_WEB\ERP_Importa\
ERPImporta.exe: 00000608: 11:37:54 [TUniServerModule]:Debug Mode = ON
ERPImporta.exe: 00000608: 11:37:54 [TUniServerModule]:Starting HTTP Server on Port: 8077...
ERPImporta.exe: 00000608: 11:37:54 [TUniServerModule]:HTTP Server Started on Port: 8077
ERPImporta.exe: 00001A94: 11:38:30 [HandleFileRequest[127.0.0.1]]:File not found: C:\Projetos_WEB\ERP_Importa\files\images\fundo8.jpg
ERPImporta.exe: 00001E74: 11:43:15 []:>--------------------------------------------------------------<
ERPImporta.exe: 00001E74: 11:43:15 [TUniServerModule]:Server First Init.
ERPImporta.exe: 00001E74: 11:43:15 [TUniServerModule]:Start Path = C:\Projetos_WEB\ERP_Importa\
ERPImporta.exe: 00001E74: 11:43:15 [TUniServerModule]:Debug Mode = ON
ERPImporta.exe: 00001E74: 11:43:15 [TUniServerModule]:Starting HTTP Server on Port: 8077...
ERPImporta.exe: 00001E74: 11:43:15 [TUniServerModule]:HTTP Server Started on Port: 8077
ERPImporta.exe: 000036C8: 11:53:44 []:>--------------------------------------------------------------<
ERPImporta.exe: 000036C8: 11:53:44 [TUniServerModule]:Server First Init.
ERPImporta.exe: 000036C8: 11:53:44 [TUniServerModule]:Start Path = C:\Projetos_WEB\ERP_Importa\
ERPImporta.exe: 000036C8: 11:53:44 [TUniServerModule]:Debug Mode = ON
ERPImporta.exe: 000036C8: 11:53:44 [TUniServerModule]:Starting HTTP Server on Port: 8077...
ERPImporta.exe: 000036C8: 11:53:45 [TUniServerModule]:HTTP Server Started on Port: 8077
ERPImporta.exe: 000016C0: 11:58:52 []:>--------------------------------------------------------------<
ERPImporta.exe: 000016C0: 11:58:52 [TUniServerModule]:Server First Init.
ERPImporta.exe: 000016C0: 11:58:52 [TUniServerModule]:Start Path = C:\Projetos_WEB\ERP_Importa\
ERPImporta.exe: 000016C0: 11:58:52 [TUniServerModule]:Debug Mode = ON
ERPImporta.exe: 000016C0: 11:58:52 [TUniGUISessionManager]:Cache erase job created, Folder count: [1]
ERPImporta.exe: 000016C0: 11:58:52 [TUniServerModule]:Starting HTTP Server on Port: 8077...
ERPImporta.exe: 000016C0: 11:58:52 [TUniServerModule]:HTTP Server Started on Port: 8077
ERPImporta.exe: 00003A80: 11:59:32 []:>--------------------------------------------------------------<
ERPImporta.exe: 00003A80: 11:59:32 [TUniServerModule]:Server First Init.
ERPImporta.exe: 00003A80: 11:59:32 [TUniServerModule]:Start Path = C:\Projetos_WEB\ERP_Importa\
ERPImporta.exe: 00003A80: 11:59:32 [TUniServerModule]:Debug Mode = ON
ERPImporta.exe: 00003A80: 11:59:32 [TUniServerModule]:Starting HTTP Server on Port: 8077...
ERPImporta.exe: 00003A80: 11:59:33 [TUniServerModule]:HTTP Server Started on Port: 8077
ERPImporta.exe: 00003E84: 13:00:37 []:>--------------------------------------------------------------<
ERPImporta.exe: 00003E84: 13:00:37 [TUniServerModule]:Server First Init.
ERPImporta.exe: 00003E84: 13:00:37 [TUniServerModule]:Start Path = C:\Projetos_WEB\ERP_Importa\
ERPImporta.exe: 00003E84: 13:00:37 [TUniServerModule]:Debug Mode = ON
ERPImporta.exe: 00003E84: 13:00:37 [TUniGUISessionManager]:Cache erase job created, Folder count: [1]
ERPImporta.exe: 00003E84: 13:00:37 [TUniServerModule]:Starting HTTP Server on Port: 8077...
ERPImporta.exe: 00003E84: 13:00:37 [TUniServerModule]:HTTP Server Started on Port: 8077
ERPImporta.exe: 00002224: 13:01:38 []:>--------------------------------------------------------------<
ERPImporta.exe: 00002224: 13:01:38 [TUniServerModule]:Server First Init.
ERPImporta.exe: 00002224: 13:01:38 [TUniServerModule]:Start Path = C:\Projetos_WEB\ERP_Importa\
ERPImporta.exe: 00002224: 13:01:38 [TUniServerModule]:Debug Mode = ON
ERPImporta.exe: 00002224: 13:01:38 [TUniServerModule]:Starting HTTP Server on Port: 8077...
ERPImporta.exe: 00002224: 13:01:38 [TUniServerModule]:HTTP Server Started on Port: 8077
ERPImporta.exe: 00000AE4: 13:01:51 [A component named MenuCadastros already exists-127.0.0.1]:EComponentError : A component named MenuCadastros already exists : Addr: $004D57D6
ERPImporta.exe: 00000754: 13:03:17 []:>--------------------------------------------------------------<
ERPImporta.exe: 00000754: 13:03:17 [TUniServerModule]:Server First Init.
ERPImporta.exe: 00000754: 13:03:17 [TUniServerModule]:Start Path = C:\Projetos_WEB\ERP_Importa\
ERPImporta.exe: 00000754: 13:03:17 [TUniServerModule]:Debug Mode = ON
ERPImporta.exe: 00000754: 13:03:18 [TUniServerModule]:Starting HTTP Server on Port: 8077...
ERPImporta.exe: 00000754: 13:03:18 [TUniServerModule]:HTTP Server Started on Port: 8077
ERPImporta.exe: 000014F8: 13:03:22 [A component named MenuCadastros already exists-127.0.0.1]:EComponentError : A component named MenuCadastros already exists : Addr: $004D57D6
ERPImporta.exe: 000006CC: 13:03:48 []:>--------------------------------------------------------------<
ERPImporta.exe: 000006CC: 13:03:48 [TUniServerModule]:Server First Init.
ERPImporta.exe: 000006CC: 13:03:48 [TUniServerModule]:Start Path = C:\Projetos_WEB\ERP_Importa\
ERPImporta.exe: 000006CC: 13:03:48 [TUniServerModule]:Debug Mode = ON
ERPImporta.exe: 000006CC: 13:03:48 [TUniGUISessionManager]:Cache erase job created, Folder count: [1]
ERPImporta.exe: 000006CC: 13:03:49 [TUniServerModule]:Starting HTTP Server on Port: 8077...
ERPImporta.exe: 000006CC: 13:03:49 [TUniServerModule]:HTTP Server Started on Port: 8077
ERPImporta.exe: 000013C8: 13:03:53 [A component named MenuCadastros already exists-127.0.0.1]:EComponentError : A component named MenuCadastros already exists : Addr: $004D57D6
ERPImporta.exe: 00000BE0: 13:05:52 []:>--------------------------------------------------------------<
ERPImporta.exe: 00000BE0: 13:05:52 [TUniServerModule]:Server First Init.
ERPImporta.exe: 00000BE0: 13:05:52 [TUniServerModule]:Start Path = C:\Projetos_WEB\ERP_Importa\
ERPImporta.exe: 00000BE0: 13:05:52 [TUniServerModule]:Debug Mode = ON
ERPImporta.exe: 00000BE0: 13:05:52 [TUniGUISessionManager]:Cache erase job created, Folder count: [1]
ERPImporta.exe: 00000BE0: 13:05:53 [TUniServerModule]:Starting HTTP Server on Port: 8077...
ERPImporta.exe: 00000BE0: 13:05:53 [TUniServerModule]:HTTP Server Started on Port: 8077
ERPImporta.exe: 00002E28: 13:05:57 [A component named MenuCadastros already exists-127.0.0.1]:EComponentError : A component named MenuCadastros already exists : Addr: $004D57D6
ERPImporta.exe: 00002804: 13:06:36 []:>--------------------------------------------------------------<
ERPImporta.exe: 00002804: 13:06:36 [TUniServerModule]:Server First Init.
ERPImporta.exe: 00002804: 13:06:36 [TUniServerModule]:Start Path = C:\Projetos_WEB\ERP_Importa\
ERPImporta.exe: 00002804: 13:06:36 [TUniServerModule]:Debug Mode = ON
ERPImporta.exe: 00002804: 13:06:36 [TUniGUISessionManager]:Cache erase job created, Folder count: [1]
ERPImporta.exe: 00002804: 13:06:36 [TUniServerModule]:Starting HTTP Server on Port: 8077...
ERPImporta.exe: 00002804: 13:06:36 [TUniServerModule]:HTTP Server Started on Port: 8077
ERPImporta.exe: 00001A6C: 13:06:40 [A component named Menu2Cadastros already exists-127.0.0.1]:EComponentError : A component named Menu2Cadastros already exists : Addr: $004D57D6
ERPImporta.exe: 00002A2C: 13:07:15 []:>--------------------------------------------------------------<
ERPImporta.exe: 00002A2C: 13:07:15 [TUniServerModule]:Server First Init.
ERPImporta.exe: 00002A2C: 13:07:15 [TUniServerModule]:Start Path = C:\Projetos_WEB\ERP_Importa\
ERPImporta.exe: 00002A2C: 13:07:15 [TUniServerModule]:Debug Mode = ON
ERPImporta.exe: 00002A2C: 13:07:16 [TUniServerModule]:Starting HTTP Server on Port: 8077...
ERPImporta.exe: 00002A2C: 13:07:16 [TUniServerModule]:HTTP Server Started on Port: 8077
ERPImporta.exe: 000037EC: 13:07:20 [A component named Menu2Cadastros already exists-127.0.0.1]:EComponentError : A component named Menu2Cadastros already exists : Addr: $004D57D6
ERPImporta.exe: 00001114: 13:08:05 []:>--------------------------------------------------------------<
ERPImporta.exe: 00001114: 13:08:05 [TUniServerModule]:Server First Init.
ERPImporta.exe: 00001114: 13:08:05 [TUniServerModule]:Start Path = C:\Projetos_WEB\ERP_Importa\
ERPImporta.exe: 00001114: 13:08:05 [TUniServerModule]:Debug Mode = ON
ERPImporta.exe: 00001114: 13:08:06 [TUniServerModule]:Starting HTTP Server on Port: 8077...
ERPImporta.exe: 00001114: 13:08:06 [TUniServerModule]:HTTP Server Started on Port: 8077
ERPImporta.exe: 00002364: 13:08:10 [A component named Menu2Cadastros already exists-127.0.0.1]:EComponentError : A component named Menu2Cadastros already exists : Addr: $004D57D6
ERPImporta.exe: 00000384: 13:08:47 []:>--------------------------------------------------------------<
ERPImporta.exe: 00000384: 13:08:47 [TUniServerModule]:Server First Init.
ERPImporta.exe: 00000384: 13:08:47 [TUniServerModule]:Start Path = C:\Projetos_WEB\ERP_Importa\
ERPImporta.exe: 00000384: 13:08:47 [TUniServerModule]:Debug Mode = ON
ERPImporta.exe: 00000384: 13:08:47 [TUniGUISessionManager]:Cache erase job created, Folder count: [1]
ERPImporta.exe: 00000384: 13:08:47 [TUniServerModule]:Starting HTTP Server on Port: 8077...
ERPImporta.exe: 00000384: 13:08:47 [TUniServerModule]:HTTP Server Started on Port: 8077
ERPImporta.exe: 00001A84: 13:08:52 [''MenuTipos de Documentos'' is not a valid component name-127.0.0.1]:EComponentError : ''MenuTipos de Documentos'' is not a valid component name : Addr: $004D5F5D
ERPImporta.exe: 000008EC: 13:17:51 []:>--------------------------------------------------------------<
ERPImporta.exe: 000008EC: 13:17:51 [TUniServerModule]:Server First Init.
ERPImporta.exe: 000008EC: 13:17:51 [TUniServerModule]:Start Path = C:\Projetos_WEB\ERP_Importa\
ERPImporta.exe: 000008EC: 13:17:51 [TUniServerModule]:Debug Mode = ON
ERPImporta.exe: 000008EC: 13:17:51 [TUniGUISessionManager]:Cache erase job created, Folder count: [1]
ERPImporta.exe: 000008EC: 13:17:51 [TUniServerModule]:Starting HTTP Server on Port: 8077...
ERPImporta.exe: 000008EC: 13:17:51 [TUniServerModule]:HTTP Server Started on Port: 8077
ERPImporta.exe: 00002C9C: 13:17:56 [A component named Menu2 already exists-127.0.0.1]:EComponentError : A component named Menu2 already exists : Addr: $004D57D6
ERPImporta.exe: 00002058: 13:18:31 []:>--------------------------------------------------------------<
ERPImporta.exe: 00002058: 13:18:31 [TUniServerModule]:Server First Init.
ERPImporta.exe: 00002058: 13:18:31 [TUniServerModule]:Start Path = C:\Projetos_WEB\ERP_Importa\
ERPImporta.exe: 00002058: 13:18:31 [TUniServerModule]:Debug Mode = ON
ERPImporta.exe: 00002058: 13:18:31 [TUniGUISessionManager]:Cache erase job created, Folder count: [1]
ERPImporta.exe: 00002058: 13:18:31 [TUniServerModule]:Starting HTTP Server on Port: 8077...
ERPImporta.exe: 00002058: 13:18:31 [TUniServerModule]:HTTP Server Started on Port: 8077
ERPImporta.exe: 00001E1C: 13:18:36 [A component named Menu2 already exists-127.0.0.1]:EComponentError : A component named Menu2 already exists : Addr: $004D57D6
ERPImporta.exe: 00003CC8: 13:20:32 []:>--------------------------------------------------------------<
ERPImporta.exe: 00003CC8: 13:20:32 [TUniServerModule]:Server First Init.
ERPImporta.exe: 00003CC8: 13:20:32 [TUniServerModule]:Start Path = C:\Projetos_WEB\ERP_Importa\
ERPImporta.exe: 00003CC8: 13:20:32 [TUniServerModule]:Debug Mode = ON
ERPImporta.exe: 00003CC8: 13:20:32 [TUniGUISessionManager]:Cache erase job created, Folder count: [1]
ERPImporta.exe: 00003CC8: 13:20:32 [TUniServerModule]:Starting HTTP Server on Port: 8077...
ERPImporta.exe: 00003CC8: 13:20:32 [TUniServerModule]:HTTP Server Started on Port: 8077
ERPImporta.exe: 00003C44: 13:20:38 [127.0.0.1]:EUniSessionException : Sessão inváilda ou tempo da sessão expirado. (Session not found: M3sovlA6ms10FFC39CF ) : Addr: $007CFF80
ERPImporta.exe: 000037AC: 13:20:38 [127.0.0.1]:EUniSessionException : Sessão inváilda ou tempo da sessão expirado. (Session not found: M3sovlA6ms10FFC39CF ) : Addr: $007CFF80
ERPImporta.exe: 00000BEC: 13:20:40 [A component named Menu2 already exists-127.0.0.1]:EComponentError : A component named Menu2 already exists : Addr: $004D57D6
ERPImporta.exe: 000031E0: 13:28:30 []:>--------------------------------------------------------------<
ERPImporta.exe: 000031E0: 13:28:30 [TUniServerModule]:Server First Init.
ERPImporta.exe: 000031E0: 13:28:30 [TUniServerModule]:Start Path = C:\Projetos_WEB\ERP_Importa\
ERPImporta.exe: 000031E0: 13:28:30 [TUniServerModule]:Debug Mode = ON
ERPImporta.exe: 000031E0: 13:28:30 [TUniServerModule]:Starting HTTP Server on Port: 8077...
ERPImporta.exe: 000031E0: 13:28:30 [TUniServerModule]:HTTP Server Started on Port: 8077
ERPImporta.exe: 00002284: 13:28:35 [A component named Menu2 already exists-127.0.0.1]:EComponentError : A component named Menu2 already exists : Addr: $004D57D6
ERPImporta.exe: 00001E48: 13:28:43 [MenuPrincipal: Cannot perform this operation on a closed dataset-127.0.0.1]:EDatabaseError : MenuPrincipal: Cannot perform this operation on a closed dataset : Addr: $006578E2
ERPImporta.exe: 00001498: 13:29:19 []:>--------------------------------------------------------------<
ERPImporta.exe: 00001498: 13:29:19 [TUniServerModule]:Server First Init.
ERPImporta.exe: 00001498: 13:29:19 [TUniServerModule]:Start Path = C:\Projetos_WEB\ERP_Importa\
ERPImporta.exe: 00001498: 13:29:19 [TUniServerModule]:Debug Mode = ON
ERPImporta.exe: 00001498: 13:29:20 [TUniServerModule]:Starting HTTP Server on Port: 8077...
ERPImporta.exe: 00001498: 13:29:20 [TUniServerModule]:HTTP Server Started on Port: 8077
ERPImporta.exe: 000023B4: 13:29:32 [MenuPrincipal: Cannot perform this operation on a closed dataset-127.0.0.1]:EDatabaseError : MenuPrincipal: Cannot perform this operation on a closed dataset : Addr: $006578E2
ERPImporta.exe: 00001EA4: 13:31:17 []:>--------------------------------------------------------------<
ERPImporta.exe: 00001EA4: 13:31:17 [TUniServerModule]:Server First Init.
ERPImporta.exe: 00001EA4: 13:31:17 [TUniServerModule]:Start Path = C:\Projetos_WEB\ERP_Importa\
ERPImporta.exe: 00001EA4: 13:31:17 [TUniServerModule]:Debug Mode = ON
ERPImporta.exe: 00001EA4: 13:31:17 [TUniGUISessionManager]:Cache erase job created, Folder count: [1]
ERPImporta.exe: 00001EA4: 13:31:17 [TUniServerModule]:Starting HTTP Server on Port: 8077...
ERPImporta.exe: 00001EA4: 13:31:17 [TUniServerModule]:HTTP Server Started on Port: 8077
ERPImporta.exe: 00000630: 13:32:58 []:>--------------------------------------------------------------<
ERPImporta.exe: 00000630: 13:32:58 [TUniServerModule]:Server First Init.
ERPImporta.exe: 00000630: 13:32:58 [TUniServerModule]:Start Path = C:\Projetos_WEB\ERP_Importa\
ERPImporta.exe: 00000630: 13:32:58 [TUniServerModule]:Debug Mode = ON
ERPImporta.exe: 00000630: 13:32:58 [TUniGUISessionManager]:Cache erase job created, Folder count: [1]
ERPImporta.exe: 00000630: 13:32:58 [TUniServerModule]:Starting HTTP Server on Port: 8077...
ERPImporta.exe: 00000630: 13:32:58 [TUniServerModule]:HTTP Server Started on Port: 8077
ERPImporta.exe: 00000D44: 13:34:36 []:>--------------------------------------------------------------<
ERPImporta.exe: 00000D44: 13:34:36 [TUniServerModule]:Server First Init.
ERPImporta.exe: 00000D44: 13:34:36 [TUniServerModule]:Start Path = C:\Projetos_WEB\ERP_Importa\
ERPImporta.exe: 00000D44: 13:34:36 [TUniServerModule]:Debug Mode = ON
ERPImporta.exe: 00000D44: 13:34:36 [TUniServerModule]:Starting HTTP Server on Port: 8077...
ERPImporta.exe: 00000D44: 13:34:36 [TUniServerModule]:HTTP Server Started on Port: 8077
ERPImporta.exe: 00003748: 13:54:47 []:>--------------------------------------------------------------<
ERPImporta.exe: 00003748: 13:54:47 [TUniServerModule]:Server First Init.
ERPImporta.exe: 00003748: 13:54:47 [TUniServerModule]:Start Path = C:\Projetos_WEB\ERP_Importa\
ERPImporta.exe: 00003748: 13:54:47 [TUniServerModule]:Debug Mode = ON
ERPImporta.exe: 00003748: 13:54:47 [TUniServerModule]:Starting HTTP Server on Port: 8077...
ERPImporta.exe: 00003748: 13:54:47 [TUniServerModule]:HTTP Server Started on Port: 8077
ERPImporta.exe: 000014F0: 13:56:28 []:>--------------------------------------------------------------<
ERPImporta.exe: 000014F0: 13:56:28 [TUniServerModule]:Server First Init.
ERPImporta.exe: 000014F0: 13:56:28 [TUniServerModule]:Start Path = C:\Projetos_WEB\ERP_Importa\
ERPImporta.exe: 000014F0: 13:56:28 [TUniServerModule]:Debug Mode = ON
ERPImporta.exe: 000014F0: 13:56:28 [TUniGUISessionManager]:Cache erase job created, Folder count: [1]
ERPImporta.exe: 000014F0: 13:56:28 [TUniServerModule]:Starting HTTP Server on Port: 8077...
ERPImporta.exe: 000014F0: 13:56:28 [TUniServerModule]:HTTP Server Started on Port: 8077
ERPImporta.exe: 00003014: 14:02:42 []:>--------------------------------------------------------------<
ERPImporta.exe: 00003014: 14:02:42 [TUniServerModule]:Server First Init.
ERPImporta.exe: 00003014: 14:02:42 [TUniServerModule]:Start Path = C:\Projetos_WEB\ERP_Importa\
ERPImporta.exe: 00003014: 14:02:42 [TUniServerModule]:Debug Mode = ON
ERPImporta.exe: 00003014: 14:02:42 [TUniGUISessionManager]:Cache erase job created, Folder count: [1]
ERPImporta.exe: 00003014: 14:02:43 [TUniServerModule]:Starting HTTP Server on Port: 8077...
ERPImporta.exe: 00003014: 14:02:43 [TUniServerModule]:HTTP Server Started on Port: 8077
ERPImporta.exe: 00002DA0: 14:06:42 []:>--------------------------------------------------------------<
ERPImporta.exe: 00002DA0: 14:06:42 [TUniServerModule]:Server First Init.
ERPImporta.exe: 00002DA0: 14:06:42 [TUniServerModule]:Start Path = C:\Projetos_WEB\ERP_Importa\
ERPImporta.exe: 00002DA0: 14:06:42 [TUniServerModule]:Debug Mode = ON
ERPImporta.exe: 00002DA0: 14:06:42 [TUniGUISessionManager]:Cache erase job created, Folder count: [1]
ERPImporta.exe: 00002DA0: 14:06:42 [TUniServerModule]:Starting HTTP Server on Port: 8077...
ERPImporta.exe: 00002DA0: 14:06:42 [TUniServerModule]:HTTP Server Started on Port: 8077
ERPImporta.exe: 00003A50: 14:06:47 [127.0.0.1]:EUniSessionException : Sessão inváilda ou tempo da sessão expirado. (Session not found: htQtkfDvUD10FFC45FB ) : Addr: $007CFF80
ERPImporta.exe: 000021BC: 14:09:44 []:>--------------------------------------------------------------<
ERPImporta.exe: 000021BC: 14:09:44 [TUniServerModule]:Server First Init.
ERPImporta.exe: 000021BC: 14:09:44 [TUniServerModule]:Start Path = C:\Projetos_WEB\ERP_Importa\
ERPImporta.exe: 000021BC: 14:09:44 [TUniServerModule]:Debug Mode = ON
ERPImporta.exe: 000021BC: 14:09:44 [TUniGUISessionManager]:Cache erase job created, Folder count: [1]
ERPImporta.exe: 000021BC: 14:09:44 [TUniServerModule]:Starting HTTP Server on Port: 8077...
ERPImporta.exe: 000021BC: 14:09:44 [TUniServerModule]:HTTP Server Started on Port: 8077
ERPImporta.exe: 00001A0C: 14:11:17 []:>--------------------------------------------------------------<
ERPImporta.exe: 00001A0C: 14:11:17 [TUniServerModule]:Server First Init.
ERPImporta.exe: 00001A0C: 14:11:17 [TUniServerModule]:Start Path = C:\Projetos_WEB\ERP_Importa\
ERPImporta.exe: 00001A0C: 14:11:17 [TUniServerModule]:Debug Mode = ON
ERPImporta.exe: 00001A0C: 14:11:17 [TUniGUISessionManager]:Cache erase job created, Folder count: [1]
ERPImporta.exe: 00001A0C: 14:11:17 [TUniServerModule]:Starting HTTP Server on Port: 8077...
ERPImporta.exe: 00001A0C: 14:11:17 [TUniServerModule]:HTTP Server Started on Port: 8077
ERPImporta.exe: 000038B4: 14:11:29 [127.0.0.1]:EUniSessionException : Sessão inváilda ou tempo da sessão expirado. (Session not found: KhtwUUADdv10FFC47E3 ) : Addr: $007CFF80
ERPImporta.exe: 00002C24: 14:12:51 []:>--------------------------------------------------------------<
ERPImporta.exe: 00002C24: 14:12:51 [TUniServerModule]:Server First Init.
ERPImporta.exe: 00002C24: 14:12:51 [TUniServerModule]:Start Path = C:\Projetos_WEB\ERP_Importa\
ERPImporta.exe: 00002C24: 14:12:51 [TUniServerModule]:Debug Mode = ON
ERPImporta.exe: 00002C24: 14:12:51 [TUniGUISessionManager]:Cache erase job created, Folder count: [1]
ERPImporta.exe: 00002C24: 14:12:52 [TUniServerModule]:Starting HTTP Server on Port: 8077...
ERPImporta.exe: 00002C24: 14:12:52 [TUniServerModule]:HTTP Server Started on Port: 8077
ERPImporta.exe: 00003FF4: 14:15:20 []:>--------------------------------------------------------------<
ERPImporta.exe: 00003FF4: 14:15:20 [TUniServerModule]:Server First Init.
ERPImporta.exe: 00003FF4: 14:15:20 [TUniServerModule]:Start Path = C:\Projetos_WEB\ERP_Importa\
ERPImporta.exe: 00003FF4: 14:15:21 [TUniServerModule]:Debug Mode = ON
ERPImporta.exe: 00003FF4: 14:15:21 [TUniServerModule]:Starting HTTP Server on Port: 8077...
ERPImporta.exe: 00003FF4: 14:15:21 [TUniServerModule]:HTTP Server Started on Port: 8077
ERPImporta.exe: 00001BF0: 14:16:09 []:>--------------------------------------------------------------<
ERPImporta.exe: 00001BF0: 14:16:09 [TUniServerModule]:Server First Init.
ERPImporta.exe: 00001BF0: 14:16:09 [TUniServerModule]:Start Path = C:\Projetos_WEB\ERP_Importa\
ERPImporta.exe: 00001BF0: 14:16:09 [TUniServerModule]:Debug Mode = ON
ERPImporta.exe: 00001BF0: 14:16:09 [TUniGUISessionManager]:Cache erase job created, Folder count: [1]
ERPImporta.exe: 00001BF0: 14:16:10 [TUniServerModule]:Starting HTTP Server on Port: 8077...
ERPImporta.exe: 00001BF0: 14:16:10 [TUniServerModule]:HTTP Server Started on Port: 8077
ERPImporta.exe: 00003978: 14:20:57 []:>--------------------------------------------------------------<
ERPImporta.exe: 00003978: 14:20:57 [TUniServerModule]:Server First Init.
ERPImporta.exe: 00003978: 14:20:57 [TUniServerModule]:Start Path = C:\Projetos_WEB\ERP_Importa\
ERPImporta.exe: 00003978: 14:20:57 [TUniServerModule]:Debug Mode = ON
ERPImporta.exe: 00003978: 14:20:57 [TUniGUISessionManager]:Cache erase job created, Folder count: [1]
ERPImporta.exe: 00003978: 14:20:57 [TUniServerModule]:Starting HTTP Server on Port: 8077...
ERPImporta.exe: 00003978: 14:20:57 [TUniServerModule]:HTTP Server Started on Port: 8077
ERPImporta.exe: 00003E30: 14:22:59 []:>--------------------------------------------------------------<
ERPImporta.exe: 00003E30: 14:22:59 [TUniServerModule]:Server First Init.
ERPImporta.exe: 00003E30: 14:22:59 [TUniServerModule]:Start Path = C:\Projetos_WEB\ERP_Importa\
ERPImporta.exe: 00003E30: 14:22:59 [TUniServerModule]:Debug Mode = ON
ERPImporta.exe: 00003E30: 14:22:59 [TUniGUISessionManager]:Cache erase job created, Folder count: [1]
ERPImporta.exe: 00003E30: 14:22:59 [TUniServerModule]:Starting HTTP Server on Port: 8077...
ERPImporta.exe: 00003E30: 14:22:59 [TUniServerModule]:HTTP Server Started on Port: 8077
ERPImporta.exe: 00002894: 14:26:05 []:>--------------------------------------------------------------<
ERPImporta.exe: 00002894: 14:26:05 [TUniServerModule]:Server First Init.
ERPImporta.exe: 00002894: 14:26:05 [TUniServerModule]:Start Path = C:\Projetos_WEB\ERP_Importa\
ERPImporta.exe: 00002894: 14:26:05 [TUniServerModule]:Debug Mode = ON
ERPImporta.exe: 00002894: 14:26:05 [TUniGUISessionManager]:Cache erase job created, Folder count: [1]
ERPImporta.exe: 00002894: 14:26:05 [TUniServerModule]:Starting HTTP Server on Port: 8077...
ERPImporta.exe: 00002894: 14:26:05 [TUniServerModule]:HTTP Server Started on Port: 8077
ERPImporta.exe: 00000554: 14:26:18 [127.0.0.1]:EUniSessionException : Sessão inváilda ou tempo da sessão expirado. (Session not found: nkqvo388SZ10FFC4B7A ) : Addr: $007CFF80
ERPImporta.exe: 0000231C: 14:26:18 [127.0.0.1]:EUniSessionException : Sessão inváilda ou tempo da sessão expirado. (Session not found: nkqvo388SZ10FFC4B7A ) : Addr: $007CFF80
ERPImporta.exe: 000014C0: 14:26:51 []:>--------------------------------------------------------------<
ERPImporta.exe: 000014C0: 14:26:51 [TUniServerModule]:Server First Init.
ERPImporta.exe: 000014C0: 14:26:51 [TUniServerModule]:Start Path = C:\Projetos_WEB\ERP_Importa\
ERPImporta.exe: 000014C0: 14:26:51 [TUniServerModule]:Debug Mode = ON
ERPImporta.exe: 000014C0: 14:26:51 [TUniGUISessionManager]:Cache erase job created, Folder count: [1]
ERPImporta.exe: 000014C0: 14:26:51 [TUniServerModule]:Starting HTTP Server on Port: 8077...
ERPImporta.exe: 000014C0: 14:26:51 [TUniServerModule]:HTTP Server Started on Port: 8077
ERPImporta.exe: 00002050: 14:29:13 []:>--------------------------------------------------------------<
ERPImporta.exe: 00002050: 14:29:13 [TUniServerModule]:Server First Init.
ERPImporta.exe: 00002050: 14:29:13 [TUniServerModule]:Start Path = C:\Projetos_WEB\ERP_Importa\
ERPImporta.exe: 00002050: 14:29:13 [TUniServerModule]:Debug Mode = ON
ERPImporta.exe: 00002050: 14:29:13 [TUniServerModule]:Starting HTTP Server on Port: 8077...
ERPImporta.exe: 00002050: 14:29:13 [TUniServerModule]:HTTP Server Started on Port: 8077
ERPImporta.exe: 00001110: 14:31:26 []:>--------------------------------------------------------------<
ERPImporta.exe: 00001110: 14:31:26 [TUniServerModule]:Server First Init.
ERPImporta.exe: 00001110: 14:31:26 [TUniServerModule]:Start Path = C:\Projetos_WEB\ERP_Importa\
ERPImporta.exe: 00001110: 14:31:26 [TUniServerModule]:Debug Mode = ON
ERPImporta.exe: 00001110: 14:31:26 [TUniGUISessionManager]:Cache erase job created, Folder count: [1]
ERPImporta.exe: 00001110: 14:31:26 [TUniServerModule]:Starting HTTP Server on Port: 8077...
ERPImporta.exe: 00001110: 14:31:26 [TUniServerModule]:HTTP Server Started on Port: 8077
ERPImporta.exe: 00000610: 14:31:40 [127.0.0.1]:EUniSessionException : Sessão inváilda ou tempo da sessão expirado. (Session not found: aSdtIw5Pfn10FFC4D2C ) : Addr: $007CFF80
ERPImporta.exe: 00001710: 14:33:18 []:>--------------------------------------------------------------<
ERPImporta.exe: 00001710: 14:33:18 [TUniServerModule]:Server First Init.
ERPImporta.exe: 00001710: 14:33:18 [TUniServerModule]:Start Path = C:\Projetos_WEB\ERP_Importa\
ERPImporta.exe: 00001710: 14:33:18 [TUniServerModule]:Debug Mode = ON
ERPImporta.exe: 00001710: 14:33:18 [TUniServerModule]:Starting HTTP Server on Port: 8077...
ERPImporta.exe: 00001710: 14:33:18 [TUniServerModule]:HTTP Server Started on Port: 8077
ERPImporta.exe: 00002708: 14:34:13 []:>--------------------------------------------------------------<
ERPImporta.exe: 00002708: 14:34:13 [TUniServerModule]:Server First Init.
ERPImporta.exe: 00002708: 14:34:13 [TUniServerModule]:Start Path = C:\Projetos_WEB\ERP_Importa\
ERPImporta.exe: 00002708: 14:34:13 [TUniServerModule]:Debug Mode = ON
ERPImporta.exe: 00002708: 14:34:13 [TUniGUISessionManager]:Cache erase job created, Folder count: [1]
ERPImporta.exe: 00002708: 14:34:13 [TUniServerModule]:Starting HTTP Server on Port: 8077...
ERPImporta.exe: 00002708: 14:34:13 [TUniServerModule]:HTTP Server Started on Port: 8077
ERPImporta.exe: 000016B4: 14:34:23 [127.0.0.1]:EUniSessionException : Sessão inváilda ou tempo da sessão expirado. (Session not found: IJIPyG8cnK10FFC4E48 ) : Addr: $007CFF80
ERPImporta.exe: 00003BAC: 14:37:09 []:>--------------------------------------------------------------<
ERPImporta.exe: 00003BAC: 14:37:09 [TUniServerModule]:Server First Init.
ERPImporta.exe: 00003BAC: 14:37:09 [TUniServerModule]:Start Path = C:\Projetos_WEB\ERP_Importa\
ERPImporta.exe: 00003BAC: 14:37:09 [TUniServerModule]:Debug Mode = ON
ERPImporta.exe: 00003BAC: 14:37:09 [TUniServerModule]:Starting HTTP Server on Port: 8077...
ERPImporta.exe: 00003BAC: 14:37:09 [TUniServerModule]:HTTP Server Started on Port: 8077
ERPImporta.exe: 000020E0: 14:38:00 []:>--------------------------------------------------------------<
ERPImporta.exe: 000020E0: 14:38:00 [TUniServerModule]:Server First Init.
ERPImporta.exe: 000020E0: 14:38:00 [TUniServerModule]:Start Path = C:\Projetos_WEB\ERP_Importa\
ERPImporta.exe: 000020E0: 14:38:00 [TUniServerModule]:Debug Mode = ON
ERPImporta.exe: 000020E0: 14:38:00 [TUniGUISessionManager]:Cache erase job created, Folder count: [1]
ERPImporta.exe: 000020E0: 14:38:00 [TUniServerModule]:Starting HTTP Server on Port: 8077...
ERPImporta.exe: 000020E0: 14:38:00 [TUniServerModule]:HTTP Server Started on Port: 8077
ERPImporta.exe: 000020DC: 14:38:10 [127.0.0.1]:EUniSessionException : Sessão inváilda ou tempo da sessão expirado. (Session not found: eG9Wd5XyFr10FFC4F53 ) : Addr: $007CFF80
ERPImporta.exe: 00002E30: 14:41:15 []:>--------------------------------------------------------------<
ERPImporta.exe: 00002E30: 14:41:15 [TUniServerModule]:Server First Init.
ERPImporta.exe: 00002E30: 14:41:15 [TUniServerModule]:Start Path = C:\Projetos_WEB\ERP_Importa\
ERPImporta.exe: 00002E30: 14:41:15 [TUniServerModule]:Debug Mode = ON
ERPImporta.exe: 00002E30: 14:41:16 [TUniServerModule]:Starting HTTP Server on Port: 8077...
ERPImporta.exe: 00002E30: 14:41:16 [TUniServerModule]:HTTP Server Started on Port: 8077
ERPImporta.exe: 000014F8: 14:43:40 []:>--------------------------------------------------------------<
ERPImporta.exe: 000014F8: 14:43:40 [TUniServerModule]:Server First Init.
ERPImporta.exe: 000014F8: 14:43:40 [TUniServerModule]:Start Path = C:\Projetos_WEB\ERP_Importa\
ERPImporta.exe: 000014F8: 14:43:40 [TUniServerModule]:Debug Mode = ON
ERPImporta.exe: 000014F8: 14:43:40 [TUniGUISessionManager]:Cache erase job created, Folder count: [1]
ERPImporta.exe: 000014F8: 14:43:40 [TUniServerModule]:Starting HTTP Server on Port: 8077...
ERPImporta.exe: 000014F8: 14:43:40 [TUniServerModule]:HTTP Server Started on Port: 8077
ERPImporta.exe: 00002C9C: 14:43:50 [127.0.0.1]:EUniSessionException : Sessão inváilda ou tempo da sessão expirado. (Session not found: C9LPipWRzi10FFC5071 ) : Addr: $007CFF80
ERPImporta.exe: 00002B8C: 14:45:38 []:>--------------------------------------------------------------<
ERPImporta.exe: 00002B8C: 14:45:38 [TUniServerModule]:Server First Init.
ERPImporta.exe: 00002B8C: 14:45:38 [TUniServerModule]:Start Path = C:\Projetos_WEB\ERP_Importa\
ERPImporta.exe: 00002B8C: 14:45:38 [TUniServerModule]:Debug Mode = ON
ERPImporta.exe: 00002B8C: 14:45:38 [TUniServerModule]:Starting HTTP Server on Port: 8077...
ERPImporta.exe: 00002B8C: 14:45:39 [TUniServerModule]:HTTP Server Started on Port: 8077
ERPImporta.exe: 00001760: 14:48:45 []:>--------------------------------------------------------------<
ERPImporta.exe: 00001760: 14:48:45 [TUniServerModule]:Server First Init.
ERPImporta.exe: 00001760: 14:48:45 [TUniServerModule]:Start Path = C:\Projetos_WEB\ERP_Importa\
ERPImporta.exe: 00001760: 14:48:45 [TUniServerModule]:Debug Mode = ON
ERPImporta.exe: 00001760: 14:48:45 [TUniGUISessionManager]:Cache erase job created, Folder count: [1]
ERPImporta.exe: 00001760: 14:48:45 [TUniServerModule]:Starting HTTP Server on Port: 8077...
ERPImporta.exe: 00001760: 14:48:45 [TUniServerModule]:HTTP Server Started on Port: 8077
ERPImporta.exe: 00001B58: 14:49:46 []:>--------------------------------------------------------------<
ERPImporta.exe: 00001B58: 14:49:46 [TUniServerModule]:Server First Init.
ERPImporta.exe: 00001B58: 14:49:46 [TUniServerModule]:Start Path = C:\Projetos_WEB\ERP_Importa\
ERPImporta.exe: 00001B58: 14:49:46 [TUniServerModule]:Debug Mode = ON
ERPImporta.exe: 00001B58: 14:49:46 [TUniGUISessionManager]:Cache erase job created, Folder count: [1]
ERPImporta.exe: 00001B58: 14:49:46 [TUniServerModule]:Starting HTTP Server on Port: 8077...
ERPImporta.exe: 00001B58: 14:49:46 [TUniServerModule]:HTTP Server Started on Port: 8077
ERPImporta.exe: 0000308C: 14:49:56 [127.0.0.1]:EUniSessionException : Sessão inváilda ou tempo da sessão expirado. (Session not found: yDVpFlDRXY10FFC51A1 ) : Addr: $007CFF80
ERPImporta.exe: 0000098C: 14:49:57 [127.0.0.1]:EUniSessionException : Sessão inváilda ou tempo da sessão expirado. (Session not found: xnTAmY9Z3L10FFC5278 ) : Addr: $007CFF80
ERPImporta.exe: 00003EF8: 14:52:58 []:>--------------------------------------------------------------<
ERPImporta.exe: 00003EF8: 14:52:58 [TUniServerModule]:Server First Init.
ERPImporta.exe: 00003EF8: 14:52:58 [TUniServerModule]:Start Path = C:\Projetos_WEB\ERP_Importa\
ERPImporta.exe: 00003EF8: 14:52:58 [TUniServerModule]:Debug Mode = ON
ERPImporta.exe: 00003EF8: 14:52:58 [TUniServerModule]:Starting HTTP Server on Port: 8077...
ERPImporta.exe: 00003EF8: 14:52:58 [TUniServerModule]:HTTP Server Started on Port: 8077
ERPImporta.exe: 00003FB8: 14:57:12 []:>--------------------------------------------------------------<
ERPImporta.exe: 00003FB8: 14:57:12 [TUniServerModule]:Server First Init.
ERPImporta.exe: 00003FB8: 14:57:12 [TUniServerModule]:Start Path = C:\Projetos_WEB\ERP_Importa\
ERPImporta.exe: 00003FB8: 14:57:12 [TUniServerModule]:Debug Mode = ON
ERPImporta.exe: 00003FB8: 14:57:12 [TUniGUISessionManager]:Cache erase job created, Folder count: [1]
ERPImporta.exe: 00003FB8: 14:57:13 [TUniServerModule]:Starting HTTP Server on Port: 8077...
ERPImporta.exe: 00003FB8: 14:57:13 [TUniServerModule]:HTTP Server Started on Port: 8077
ERPImporta.exe: 000029C0: 14:57:42 []:>--------------------------------------------------------------<
ERPImporta.exe: 000029C0: 14:57:42 [TUniServerModule]:Server First Init.
ERPImporta.exe: 000029C0: 14:57:42 [TUniServerModule]:Start Path = C:\Projetos_WEB\ERP_Importa\
ERPImporta.exe: 000029C0: 14:57:42 [TUniServerModule]:Debug Mode = ON
ERPImporta.exe: 000029C0: 14:57:42 [TUniServerModule]:Starting HTTP Server on Port: 8077...
ERPImporta.exe: 000029C0: 14:57:42 [TUniServerModule]:HTTP Server Started on Port: 8077
ERPImporta.exe: 000008EC: 14:58:39 []:>--------------------------------------------------------------<
ERPImporta.exe: 000008EC: 14:58:39 [TUniServerModule]:Server First Init.
ERPImporta.exe: 000008EC: 14:58:39 [TUniServerModule]:Start Path = C:\Projetos_WEB\ERP_Importa\
ERPImporta.exe: 000008EC: 14:58:39 [TUniServerModule]:Debug Mode = ON
ERPImporta.exe: 000008EC: 14:58:39 [TUniGUISessionManager]:Cache erase job created, Folder count: [1]
ERPImporta.exe: 000008EC: 14:58:39 [TUniServerModule]:Starting HTTP Server on Port: 8077...
ERPImporta.exe: 000008EC: 14:58:39 [TUniServerModule]:HTTP Server Started on Port: 8077
ERPImporta.exe: 000021D0: 15:00:23 []:>--------------------------------------------------------------<
ERPImporta.exe: 000021D0: 15:00:23 [TUniServerModule]:Server First Init.
ERPImporta.exe: 000021D0: 15:00:23 [TUniServerModule]:Start Path = C:\Projetos_WEB\ERP_Importa\
ERPImporta.exe: 000021D0: 15:00:23 [TUniServerModule]:Debug Mode = ON
ERPImporta.exe: 000021D0: 15:00:23 [TUniGUISessionManager]:Cache erase job created, Folder count: [1]
ERPImporta.exe: 000021D0: 15:00:23 [TUniServerModule]:Starting HTTP Server on Port: 8077...
ERPImporta.exe: 000021D0: 15:00:23 [TUniServerModule]:HTTP Server Started on Port: 8077
ERPImporta.exe: 00002F9C: 15:00:34 [127.0.0.1]:EVariantTypeCastError : Could not convert variant of type (Null) into type (Integer) : Addr: $0043BE65
ERPImporta.exe: 0000048C: 15:00:38 [127.0.0.1]:EUniSessionException : Sessão inváilda ou tempo da sessão expirado. (Session not found: QnYSwfFDpt10FFC5529 ) : Addr: $007CFF80
ERPImporta.exe: 00003D64: 15:02:09 []:>--------------------------------------------------------------<
ERPImporta.exe: 00003D64: 15:02:09 [TUniServerModule]:Server First Init.
ERPImporta.exe: 00003D64: 15:02:09 [TUniServerModule]:Start Path = C:\Projetos_WEB\ERP_Importa\
ERPImporta.exe: 00003D64: 15:02:09 [TUniServerModule]:Debug Mode = ON
ERPImporta.exe: 00003D64: 15:02:09 [TUniServerModule]:Starting HTTP Server on Port: 8077...
ERPImporta.exe: 00003D64: 15:02:09 [TUniServerModule]:HTTP Server Started on Port: 8077
ERPImporta.exe: 00003748: 15:08:38 []:>--------------------------------------------------------------<
ERPImporta.exe: 00003748: 15:08:38 [TUniServerModule]:Server First Init.
ERPImporta.exe: 00003748: 15:08:38 [TUniServerModule]:Start Path = C:\Projetos_WEB\ERP_Importa\
ERPImporta.exe: 00003748: 15:08:38 [TUniServerModule]:Debug Mode = ON
ERPImporta.exe: 00003748: 15:08:38 [TUniGUISessionManager]:Cache erase job created, Folder count: [1]
ERPImporta.exe: 00003748: 15:08:38 [TUniServerModule]:Starting HTTP Server on Port: 8077...
ERPImporta.exe: 00003748: 15:08:38 [TUniServerModule]:HTTP Server Started on Port: 8077
ERPImporta.exe: 00002D5C: 15:13:03 []:>--------------------------------------------------------------<
ERPImporta.exe: 00002D5C: 15:13:03 [TUniServerModule]:Server First Init.
ERPImporta.exe: 00002D5C: 15:13:03 [TUniServerModule]:Start Path = C:\Projetos_WEB\ERP_Importa\
ERPImporta.exe: 00002D5C: 15:13:03 [TUniServerModule]:Debug Mode = ON
ERPImporta.exe: 00002D5C: 15:13:03 [TUniGUISessionManager]:Cache erase job created, Folder count: [1]
ERPImporta.exe: 00002D5C: 15:13:03 [TUniServerModule]:Starting HTTP Server on Port: 8077...
ERPImporta.exe: 00002D5C: 15:13:03 [TUniServerModule]:HTTP Server Started on Port: 8077
ERPImporta.exe: 00002824: 15:13:13 [127.0.0.1]:EMenuError : Menu index out of range : Addr: $00759FAF
ERPImporta.exe: 00001928: 15:14:39 []:>--------------------------------------------------------------<
ERPImporta.exe: 00001928: 15:14:39 [TUniServerModule]:Server First Init.
ERPImporta.exe: 00001928: 15:14:39 [TUniServerModule]:Start Path = C:\Projetos_WEB\ERP_Importa\
ERPImporta.exe: 00001928: 15:14:39 [TUniServerModule]:Debug Mode = ON
ERPImporta.exe: 00001928: 15:14:39 [TUniServerModule]:Starting HTTP Server on Port: 8077...
ERPImporta.exe: 00001928: 15:14:39 [TUniServerModule]:HTTP Server Started on Port: 8077
ERPImporta.exe: 00000070: 15:16:05 []:>--------------------------------------------------------------<
ERPImporta.exe: 00000070: 15:16:05 [TUniServerModule]:Server First Init.
ERPImporta.exe: 00000070: 15:16:05 [TUniServerModule]:Start Path = C:\Projetos_WEB\ERP_Importa\
ERPImporta.exe: 00000070: 15:16:05 [TUniServerModule]:Debug Mode = ON
ERPImporta.exe: 00000070: 15:16:05 [TUniGUISessionManager]:Cache erase job created, Folder count: [1]
ERPImporta.exe: 00000070: 15:16:05 [TUniServerModule]:Starting HTTP Server on Port: 8077...
ERPImporta.exe: 00000070: 15:16:05 [TUniServerModule]:HTTP Server Started on Port: 8077
ERPImporta.exe: 00001338: 15:16:09 [127.0.0.1]:EUniSessionException : Sessão inváilda ou tempo da sessão expirado. (Session not found: TygG7RhbIB10FFC597F ) : Addr: $007CFF80
ERPImporta.exe: 00000C28: 15:16:48 []:>--------------------------------------------------------------<
ERPImporta.exe: 00000C28: 15:16:48 [TUniServerModule]:Server First Init.
ERPImporta.exe: 00000C28: 15:16:48 [TUniServerModule]:Start Path = C:\Projetos_WEB\ERP_Importa\
ERPImporta.exe: 00000C28: 15:16:48 [TUniServerModule]:Debug Mode = ON
ERPImporta.exe: 00000C28: 15:16:48 [TUniGUISessionManager]:Cache erase job created, Folder count: [1]
ERPImporta.exe: 00000C28: 15:16:48 [TUniServerModule]:Starting HTTP Server on Port: 8077...
ERPImporta.exe: 00000C28: 15:16:48 [TUniServerModule]:HTTP Server Started on Port: 8077
ERPImporta.exe: 00003788: 15:18:28 []:>--------------------------------------------------------------<
ERPImporta.exe: 00003788: 15:18:28 [TUniServerModule]:Server First Init.
ERPImporta.exe: 00003788: 15:18:28 [TUniServerModule]:Start Path = C:\Projetos_WEB\ERP_Importa\
ERPImporta.exe: 00003788: 15:18:28 [TUniServerModule]:Debug Mode = ON
ERPImporta.exe: 00003788: 15:18:28 [TUniGUISessionManager]:Cache erase job created, Folder count: [1]
ERPImporta.exe: 00003788: 15:18:29 [TUniServerModule]:Starting HTTP Server on Port: 8077...
ERPImporta.exe: 00003788: 15:18:29 [TUniServerModule]:HTTP Server Started on Port: 8077
ERPImporta.exe: 00003E0C: 15:20:56 []:>--------------------------------------------------------------<
ERPImporta.exe: 00003E0C: 15:20:56 [TUniServerModule]:Server First Init.
ERPImporta.exe: 00003E0C: 15:20:56 [TUniServerModule]:Start Path = C:\Projetos_WEB\ERP_Importa\
ERPImporta.exe: 00003E0C: 15:20:56 [TUniServerModule]:Debug Mode = ON
ERPImporta.exe: 00003E0C: 15:20:56 [TUniGUISessionManager]:Cache erase job created, Folder count: [1]
ERPImporta.exe: 00003E0C: 15:20:56 [TUniServerModule]:Starting HTTP Server on Port: 8077...
ERPImporta.exe: 00003E0C: 15:20:56 [TUniServerModule]:HTTP Server Started on Port: 8077
ERPImporta.exe: 00003784: 15:23:11 []:>--------------------------------------------------------------<
ERPImporta.exe: 00003784: 15:23:11 [TUniServerModule]:Server First Init.
ERPImporta.exe: 00003784: 15:23:11 [TUniServerModule]:Start Path = C:\Projetos_WEB\ERP_Importa\
ERPImporta.exe: 00003784: 15:23:11 [TUniServerModule]:Debug Mode = ON
ERPImporta.exe: 00003784: 15:23:11 [TUniGUISessionManager]:Cache erase job created, Folder count: [1]
ERPImporta.exe: 00003784: 15:23:12 [TUniServerModule]:Starting HTTP Server on Port: 8077...
ERPImporta.exe: 00003784: 15:23:12 [TUniServerModule]:HTTP Server Started on Port: 8077
ERPImporta.exe: 00002D90: 15:24:42 []:>--------------------------------------------------------------<
ERPImporta.exe: 00002D90: 15:24:42 [TUniServerModule]:Server First Init.
ERPImporta.exe: 00002D90: 15:24:42 [TUniServerModule]:Start Path = C:\Projetos_WEB\ERP_Importa\
ERPImporta.exe: 00002D90: 15:24:42 [TUniServerModule]:Debug Mode = ON
ERPImporta.exe: 00002D90: 15:24:42 [TUniGUISessionManager]:Cache erase job created, Folder count: [1]
ERPImporta.exe: 00002D90: 15:24:42 [TUniServerModule]:Starting HTTP Server on Port: 8077...
ERPImporta.exe: 00002D90: 15:24:42 [TUniServerModule]:HTTP Server Started on Port: 8077
ERPImporta.exe: 00000A90: 15:24:49 [127.0.0.1]:EUniSessionException : Sessão inváilda ou tempo da sessão expirado. (Session not found: 3dVJbjXmUu10FFC5B33 ) : Addr: $007CFF80
ERPImporta.exe: 000020C8: 15:24:49 [127.0.0.1]:EUniSessionException : Sessão inváilda ou tempo da sessão expirado. (Session not found: rgZl9aMnFB10FFC5BD0 ) : Addr: $007CFF80
ERPImporta.exe: 000009C8: 15:26:24 []:>--------------------------------------------------------------<
ERPImporta.exe: 000009C8: 15:26:24 [TUniServerModule]:Server First Init.
ERPImporta.exe: 000009C8: 15:26:24 [TUniServerModule]:Start Path = C:\Projetos_WEB\ERP_Importa\
ERPImporta.exe: 000009C8: 15:26:24 [TUniServerModule]:Debug Mode = ON
ERPImporta.exe: 000009C8: 15:26:24 [TUniGUISessionManager]:Cache erase job created, Folder count: [1]
ERPImporta.exe: 000009C8: 15:26:24 [TUniServerModule]:Starting HTTP Server on Port: 8077...
ERPImporta.exe: 000009C8: 15:26:24 [TUniServerModule]:HTTP Server Started on Port: 8077
ERPImporta.exe: 00001928: 15:27:39 []:>--------------------------------------------------------------<
ERPImporta.exe: 00001928: 15:27:39 [TUniServerModule]:Server First Init.
ERPImporta.exe: 00001928: 15:27:39 [TUniServerModule]:Start Path = C:\Projetos_WEB\ERP_Importa\
ERPImporta.exe: 00001928: 15:27:39 [TUniServerModule]:Debug Mode = ON
ERPImporta.exe: 00001928: 15:27:39 [TUniGUISessionManager]:Cache erase job created, Folder count: [1]
ERPImporta.exe: 00001928: 15:27:39 [TUniServerModule]:Starting HTTP Server on Port: 8077...
ERPImporta.exe: 00001928: 15:27:39 [TUniServerModule]:HTTP Server Started on Port: 8077
ERPImporta.exe: 00002850: 15:27:43 [127.0.0.1]:EUniSessionException : Sessão inváilda ou tempo da sessão expirado. (Session not found: uVBiwpiaXc10FFC5CAF ) : Addr: $007CFF80
ERPImporta.exe: 00002EF4: 15:27:48 [127.0.0.1]:EListError : List index out of bounds (7) : Addr: $004BC384
ERPImporta.exe: 0000294C: 15:29:22 []:>--------------------------------------------------------------<
ERPImporta.exe: 0000294C: 15:29:22 [TUniServerModule]:Server First Init.
ERPImporta.exe: 0000294C: 15:29:22 [TUniServerModule]:Start Path = C:\Projetos_WEB\ERP_Importa\
ERPImporta.exe: 0000294C: 15:29:22 [TUniServerModule]:Debug Mode = ON
ERPImporta.exe: 0000294C: 15:29:22 [TUniGUISessionManager]:Cache erase job created, Folder count: [1]
ERPImporta.exe: 0000294C: 15:29:22 [TUniServerModule]:Starting HTTP Server on Port: 8077...
ERPImporta.exe: 0000294C: 15:29:22 [TUniServerModule]:HTTP Server Started on Port: 8077
ERPImporta.exe: 00002D48: 15:29:31 [127.0.0.1]:EMenuError : Menu index out of range : Addr: $00759FAF
ERPImporta.exe: 00003BE4: 15:30:08 []:>--------------------------------------------------------------<
ERPImporta.exe: 00003BE4: 15:30:08 [TUniServerModule]:Server First Init.
ERPImporta.exe: 00003BE4: 15:30:08 [TUniServerModule]:Start Path = C:\Projetos_WEB\ERP_Importa\
ERPImporta.exe: 00003BE4: 15:30:08 [TUniServerModule]:Debug Mode = ON
ERPImporta.exe: 00003BE4: 15:30:08 [TUniGUISessionManager]:Cache erase job created, Folder count: [1]
ERPImporta.exe: 00003BE4: 15:30:08 [TUniServerModule]:Starting HTTP Server on Port: 8077...
ERPImporta.exe: 00003BE4: 15:30:08 [TUniServerModule]:HTTP Server Started on Port: 8077
ERPImporta.exe: 000025FC: 15:30:19 [127.0.0.1]:EMenuError : Menu index out of range : Addr: $00759FAF
ERPImporta.exe: 00000F80: 15:30:24 [127.0.0.1]:EUniSessionException : Sessão inváilda ou tempo da sessão expirado. (Session not found: eBSakG7pHw10FFC5D7E ) : Addr: $007CFF80
ERPImporta.exe: 00002E6C: 15:31:10 []:>--------------------------------------------------------------<
ERPImporta.exe: 00002E6C: 15:31:10 [TUniServerModule]:Server First Init.
ERPImporta.exe: 00002E6C: 15:31:10 [TUniServerModule]:Start Path = C:\Projetos_WEB\ERP_Importa\
ERPImporta.exe: 00002E6C: 15:31:10 [TUniServerModule]:Debug Mode = ON
ERPImporta.exe: 00002E6C: 15:31:11 [TUniServerModule]:Starting HTTP Server on Port: 8077...
ERPImporta.exe: 00002E6C: 15:31:11 [TUniServerModule]:HTTP Server Started on Port: 8077
ERPImporta.exe: 000025E0: 15:31:19 [127.0.0.1]:EListError : List index out of bounds (73818272) : Addr: $004BC384
ERPImporta.exe: 00000C24: 15:31:49 []:>--------------------------------------------------------------<
ERPImporta.exe: 00000C24: 15:31:49 [TUniServerModule]:Server First Init.
ERPImporta.exe: 00000C24: 15:31:49 [TUniServerModule]:Start Path = C:\Projetos_WEB\ERP_Importa\
ERPImporta.exe: 00000C24: 15:31:50 [TUniServerModule]:Debug Mode = ON
ERPImporta.exe: 00000C24: 15:31:50 [TUniGUISessionManager]:Cache erase job created, Folder count: [1]
ERPImporta.exe: 00000C24: 15:31:50 [TUniServerModule]:Starting HTTP Server on Port: 8077...
ERPImporta.exe: 00000C24: 15:31:50 [TUniServerModule]:HTTP Server Started on Port: 8077
ERPImporta.exe: 00001B50: 15:32:24 []:>--------------------------------------------------------------<
ERPImporta.exe: 00001B50: 15:32:24 [TUniServerModule]:Server First Init.
ERPImporta.exe: 00001B50: 15:32:24 [TUniServerModule]:Start Path = C:\Projetos_WEB\ERP_Importa\
ERPImporta.exe: 00001B50: 15:32:24 [TUniServerModule]:Debug Mode = ON
ERPImporta.exe: 00001B50: 15:32:24 [TUniServerModule]:Starting HTTP Server on Port: 8077...
ERPImporta.exe: 00001B50: 15:32:25 [TUniServerModule]:HTTP Server Started on Port: 8077
ERPImporta.exe: 000007D8: 15:34:09 []:>--------------------------------------------------------------<
ERPImporta.exe: 000007D8: 15:34:09 [TUniServerModule]:Server First Init.
ERPImporta.exe: 000007D8: 15:34:09 [TUniServerModule]:Start Path = C:\Projetos_WEB\ERP_Importa\
ERPImporta.exe: 000007D8: 15:34:09 [TUniServerModule]:Debug Mode = ON
ERPImporta.exe: 000007D8: 15:34:09 [TUniGUISessionManager]:Cache erase job created, Folder count: [1]
ERPImporta.exe: 000007D8: 15:34:10 [TUniServerModule]:Starting HTTP Server on Port: 8077...
ERPImporta.exe: 000007D8: 15:34:10 [TUniServerModule]:HTTP Server Started on Port: 8077
ERPImporta.exe: 000037F4: 15:34:18 [127.0.0.1]:EListError : List index out of bounds (2) : Addr: $004BC384
ERPImporta.exe: 00000530: 15:35:11 []:>--------------------------------------------------------------<
ERPImporta.exe: 00000530: 15:35:11 [TUniServerModule]:Server First Init.
ERPImporta.exe: 00000530: 15:35:11 [TUniServerModule]:Start Path = C:\Projetos_WEB\ERP_Importa\
ERPImporta.exe: 00000530: 15:35:11 [TUniServerModule]:Debug Mode = ON
ERPImporta.exe: 00000530: 15:35:11 [TUniGUISessionManager]:Cache erase job created, Folder count: [1]
ERPImporta.exe: 00000530: 15:35:11 [TUniServerModule]:Starting HTTP Server on Port: 8077...
ERPImporta.exe: 00000530: 15:35:11 [TUniServerModule]:HTTP Server Started on Port: 8077
ERPImporta.exe: 00000414: 15:35:19 [127.0.0.1]:EListError : List index out of bounds (2) : Addr: $004BC384
ERPImporta.exe: 00003D50: 15:36:22 []:>--------------------------------------------------------------<
ERPImporta.exe: 00003D50: 15:36:22 [TUniServerModule]:Server First Init.
ERPImporta.exe: 00003D50: 15:36:22 [TUniServerModule]:Start Path = C:\Projetos_WEB\ERP_Importa\
ERPImporta.exe: 00003D50: 15:36:22 [TUniServerModule]:Debug Mode = ON
ERPImporta.exe: 00003D50: 15:36:23 [TUniServerModule]:Starting HTTP Server on Port: 8077...
ERPImporta.exe: 00003D50: 15:36:23 [TUniServerModule]:HTTP Server Started on Port: 8077
ERPImporta.exe: 00001BC0: 15:36:31 [127.0.0.1]:EMenuError : Menu index out of range : Addr: $00759FAF
ERPImporta.exe: 00000FB8: 15:37:19 []:>--------------------------------------------------------------<
ERPImporta.exe: 00000FB8: 15:37:19 [TUniServerModule]:Server First Init.
ERPImporta.exe: 00000FB8: 15:37:19 [TUniServerModule]:Start Path = C:\Projetos_WEB\ERP_Importa\
ERPImporta.exe: 00000FB8: 15:37:19 [TUniServerModule]:Debug Mode = ON
ERPImporta.exe: 00000FB8: 15:37:19 [TUniGUISessionManager]:Cache erase job created, Folder count: [1]
ERPImporta.exe: 00000FB8: 15:37:20 [TUniServerModule]:Starting HTTP Server on Port: 8077...
ERPImporta.exe: 00000FB8: 15:37:20 [TUniServerModule]:HTTP Server Started on Port: 8077
ERPImporta.exe: 000037D8: 15:37:27 [127.0.0.1]:EListError : List index out of bounds (5) : Addr: $004BC384
ERPImporta.exe: 0000397C: 15:38:07 []:>--------------------------------------------------------------<
ERPImporta.exe: 0000397C: 15:38:07 [TUniServerModule]:Server First Init.
ERPImporta.exe: 0000397C: 15:38:07 [TUniServerModule]:Start Path = C:\Projetos_WEB\ERP_Importa\
ERPImporta.exe: 0000397C: 15:38:07 [TUniServerModule]:Debug Mode = ON
ERPImporta.exe: 0000397C: 15:38:07 [TUniGUISessionManager]:Cache erase job created, Folder count: [1]
ERPImporta.exe: 0000397C: 15:38:08 [TUniServerModule]:Starting HTTP Server on Port: 8077...
ERPImporta.exe: 0000397C: 15:38:08 [TUniServerModule]:HTTP Server Started on Port: 8077
ERPImporta.exe: 000019D0: 15:38:15 [127.0.0.1]:EListError : List index out of bounds (5) : Addr: $004BC384
ERPImporta.exe: 000018D0: 15:38:39 []:>--------------------------------------------------------------<
ERPImporta.exe: 000018D0: 15:38:39 [TUniServerModule]:Server First Init.
ERPImporta.exe: 000018D0: 15:38:39 [TUniServerModule]:Start Path = C:\Projetos_WEB\ERP_Importa\
ERPImporta.exe: 000018D0: 15:38:39 [TUniServerModule]:Debug Mode = ON
ERPImporta.exe: 000018D0: 15:38:39 [TUniGUISessionManager]:Cache erase job created, Folder count: [1]
ERPImporta.exe: 000018D0: 15:38:40 [TUniServerModule]:Starting HTTP Server on Port: 8077...
ERPImporta.exe: 000018D0: 15:38:40 [TUniServerModule]:HTTP Server Started on Port: 8077
ERPImporta.exe: 00002550: 15:38:47 [127.0.0.1]:EListError : List index out of bounds (5) : Addr: $004BC384
ERPImporta.exe: 000021C4: 15:38:55 [127.0.0.1]:EUniSessionException : Sessão inváilda ou tempo da sessão expirado. (Session not found: jJkpT9O27E10FFC5FDD ) : Addr: $007CFF80
ERPImporta.exe: 00003E70: 15:40:38 []:>--------------------------------------------------------------<
ERPImporta.exe: 00003E70: 15:40:38 [TUniServerModule]:Server First Init.
ERPImporta.exe: 00003E70: 15:40:38 [TUniServerModule]:Start Path = C:\Projetos_WEB\ERP_Importa\
ERPImporta.exe: 00003E70: 15:40:38 [TUniServerModule]:Debug Mode = ON
ERPImporta.exe: 00003E70: 15:40:39 [TUniServerModule]:Starting HTTP Server on Port: 8077...
ERPImporta.exe: 00003E70: 15:40:39 [TUniServerModule]:HTTP Server Started on Port: 8077
ERPImporta.exe: 000020B0: 15:40:48 [127.0.0.1]:EMenuError : Menu index out of range : Addr: $00759FAF
ERPImporta.exe: 000022D4: 15:41:35 []:>--------------------------------------------------------------<
ERPImporta.exe: 000022D4: 15:41:35 [TUniServerModule]:Server First Init.
ERPImporta.exe: 000022D4: 15:41:35 [TUniServerModule]:Start Path = C:\Projetos_WEB\ERP_Importa\
ERPImporta.exe: 000022D4: 15:41:35 [TUniServerModule]:Debug Mode = ON
ERPImporta.exe: 000022D4: 15:41:35 [TUniGUISessionManager]:Cache erase job created, Folder count: [1]
ERPImporta.exe: 000022D4: 15:41:35 [TUniServerModule]:Starting HTTP Server on Port: 8077...
ERPImporta.exe: 000022D4: 15:41:35 [TUniServerModule]:HTTP Server Started on Port: 8077
ERPImporta.exe: 0000073C: 15:41:42 [127.0.0.1]:EMenuError : Menu index out of range : Addr: $00759FAF
ERPImporta.exe: 00002C80: 15:41:52 [127.0.0.1]:EUniSessionException : Sessão inváilda ou tempo da sessão expirado. (Session not found: nrCOZQTIxg10FFC608D ) : Addr: $007CFF80
ERPImporta.exe: 00003DA8: 15:42:46 []:>--------------------------------------------------------------<
ERPImporta.exe: 00003DA8: 15:42:46 [TUniServerModule]:Server First Init.
ERPImporta.exe: 00003DA8: 15:42:46 [TUniServerModule]:Start Path = C:\Projetos_WEB\ERP_Importa\
ERPImporta.exe: 00003DA8: 15:42:47 [TUniServerModule]:Debug Mode = ON
ERPImporta.exe: 00003DA8: 15:42:47 [TUniGUISessionManager]:Cache erase job created, Folder count: [1]
ERPImporta.exe: 00003DA8: 15:42:47 [TUniServerModule]:Starting HTTP Server on Port: 8077...
ERPImporta.exe: 00003DA8: 15:42:47 [TUniServerModule]:HTTP Server Started on Port: 8077
ERPImporta.exe: 000017B8: 15:42:56 [127.0.0.1]:EListError : List index out of bounds (2) : Addr: $004BC384
ERPImporta.exe: 00003BC0: 15:46:35 []:>--------------------------------------------------------------<
ERPImporta.exe: 00003BC0: 15:46:35 [TUniServerModule]:Server First Init.
ERPImporta.exe: 00003BC0: 15:46:35 [TUniServerModule]:Start Path = C:\Projetos_WEB\ERP_Importa\
ERPImporta.exe: 00003BC0: 15:46:35 [TUniServerModule]:Debug Mode = ON
ERPImporta.exe: 00003BC0: 15:46:35 [TUniServerModule]:Starting HTTP Server on Port: 8077...
ERPImporta.exe: 00003BC0: 15:46:35 [TUniServerModule]:HTTP Server Started on Port: 8077
ERPImporta.exe: 000018A8: 15:46:43 [127.0.0.1]:EVariantTypeCastError : Could not convert variant of type (Null) into type (Integer) : Addr: $0043BE65
ERPImporta.exe: 00002D8C: 15:49:00 []:>--------------------------------------------------------------<
ERPImporta.exe: 00002D8C: 15:49:00 [TUniServerModule]:Server First Init.
ERPImporta.exe: 00002D8C: 15:49:00 [TUniServerModule]:Start Path = C:\Projetos_WEB\ERP_Importa\
ERPImporta.exe: 00002D8C: 15:49:00 [TUniServerModule]:Debug Mode = ON
ERPImporta.exe: 00002D8C: 15:49:00 [TUniGUISessionManager]:Cache erase job created, Folder count: [1]
ERPImporta.exe: 00002D8C: 15:49:00 [TUniServerModule]:Starting HTTP Server on Port: 8077...
ERPImporta.exe: 00002D8C: 15:49:00 [TUniServerModule]:HTTP Server Started on Port: 8077
ERPImporta.exe: 00003BC0: 15:49:09 [127.0.0.1]:EVariantTypeCastError : Could not convert variant of type (Null) into type (Integer) : Addr: $0043BE65
ERPImporta.exe: 000009CC: 15:54:40 []:>--------------------------------------------------------------<
ERPImporta.exe: 000009CC: 15:54:40 [TUniServerModule]:Server First Init.
ERPImporta.exe: 000009CC: 15:54:40 [TUniServerModule]:Start Path = C:\Projetos_WEB\ERP_Importa\
ERPImporta.exe: 000009CC: 15:54:40 [TUniServerModule]:Debug Mode = ON
ERPImporta.exe: 000009CC: 15:54:40 [TUniGUISessionManager]:Cache erase job created, Folder count: [1]
ERPImporta.exe: 000009CC: 15:54:40 [TUniServerModule]:Starting HTTP Server on Port: 8077...
ERPImporta.exe: 000009CC: 15:54:40 [TUniServerModule]:HTTP Server Started on Port: 8077
ERPImporta.exe: 00001910: 15:54:48 [127.0.0.1]:EVariantTypeCastError : Could not convert variant of type (Null) into type (Integer) : Addr: $0043BE65
ERPImporta.exe: 00002840: 15:54:51 [127.0.0.1]:EUniSessionException : Sessão inváilda ou tempo da sessão expirado. (Session not found: pFzVTqe2dR10FFC62D1 ) : Addr: $007CFF80
ERPImporta.exe: 00002F40: 15:55:10 []:>--------------------------------------------------------------<
ERPImporta.exe: 00002F40: 15:55:10 [TUniServerModule]:Server First Init.
ERPImporta.exe: 00002F40: 15:55:10 [TUniServerModule]:Start Path = C:\Projetos_WEB\ERP_Importa\
ERPImporta.exe: 00002F40: 15:55:10 [TUniServerModule]:Debug Mode = ON
ERPImporta.exe: 00002F40: 15:55:10 [TUniServerModule]:Starting HTTP Server on Port: 8077...
ERPImporta.exe: 00002F40: 15:55:10 [TUniServerModule]:HTTP Server Started on Port: 8077
ERPImporta.exe: 00000C14: 15:55:19 [127.0.0.1]:EMenuError : Menu index out of range : Addr: $00759FAF
ERPImporta.exe: 00002A64: 15:56:36 []:>--------------------------------------------------------------<
ERPImporta.exe: 00002A64: 15:56:36 [TUniServerModule]:Server First Init.
ERPImporta.exe: 00002A64: 15:56:36 [TUniServerModule]:Start Path = C:\Projetos_WEB\ERP_Importa\
ERPImporta.exe: 00002A64: 15:56:36 [TUniServerModule]:Debug Mode = ON
ERPImporta.exe: 00002A64: 15:56:36 [TUniServerModule]:Starting HTTP Server on Port: 8077...
ERPImporta.exe: 00002A64: 15:56:36 [TUniServerModule]:HTTP Server Started on Port: 8077
ERPImporta.exe: 00002ED0: 15:56:44 [127.0.0.1]:EMenuError : Menu index out of range : Addr: $00759FAF
ERPImporta.exe: 00001ABC: 15:59:33 []:>--------------------------------------------------------------<
ERPImporta.exe: 00001ABC: 15:59:33 [TUniServerModule]:Server First Init.
ERPImporta.exe: 00001ABC: 15:59:33 [TUniServerModule]:Start Path = C:\Projetos_WEB\ERP_Importa\
ERPImporta.exe: 00001ABC: 15:59:33 [TUniServerModule]:Debug Mode = ON
ERPImporta.exe: 00001ABC: 15:59:33 [TUniGUISessionManager]:Cache erase job created, Folder count: [1]
ERPImporta.exe: 00001ABC: 15:59:33 [TUniServerModule]:Starting HTTP Server on Port: 8077...
ERPImporta.exe: 00001ABC: 15:59:34 [TUniServerModule]:HTTP Server Started on Port: 8077
ERPImporta.exe: 00001970: 15:59:42 [127.0.0.1]:EMenuError : Menu index out of range : Addr: $00759FAF
ERPImporta.exe: 00003FE8: 16:00:34 []:>--------------------------------------------------------------<
ERPImporta.exe: 00003FE8: 16:00:34 [TUniServerModule]:Server First Init.
ERPImporta.exe: 00003FE8: 16:00:34 [TUniServerModule]:Start Path = C:\Projetos_WEB\ERP_Importa\
ERPImporta.exe: 00003FE8: 16:00:34 [TUniServerModule]:Debug Mode = ON
ERPImporta.exe: 00003FE8: 16:00:35 [TUniServerModule]:Starting HTTP Server on Port: 8077...
ERPImporta.exe: 00003FE8: 16:00:35 [TUniServerModule]:HTTP Server Started on Port: 8077
ERPImporta.exe: 000011E0: 16:00:44 [127.0.0.1]:EMenuError : Menu index out of range : Addr: $00759FAF
ERPImporta.exe: 000020F4: 16:02:35 []:>--------------------------------------------------------------<
ERPImporta.exe: 000020F4: 16:02:35 [TUniServerModule]:Server First Init.
ERPImporta.exe: 000020F4: 16:02:35 [TUniServerModule]:Start Path = C:\Projetos_WEB\ERP_Importa\
ERPImporta.exe: 000020F4: 16:02:35 [TUniServerModule]:Debug Mode = ON
ERPImporta.exe: 000020F4: 16:02:35 [TUniGUISessionManager]:Cache erase job created, Folder count: [1]
ERPImporta.exe: 000020F4: 16:02:35 [TUniServerModule]:Starting HTTP Server on Port: 8077...
ERPImporta.exe: 000020F4: 16:02:36 [TUniServerModule]:HTTP Server Started on Port: 8077
ERPImporta.exe: 00002BA8: 16:02:45 [127.0.0.1]:EMenuError : Menu index out of range : Addr: $00759FAF
ERPImporta.exe: 000032D8: 16:03:28 []:>--------------------------------------------------------------<
ERPImporta.exe: 000032D8: 16:03:28 [TUniServerModule]:Server First Init.
ERPImporta.exe: 000032D8: 16:03:28 [TUniServerModule]:Start Path = C:\Projetos_WEB\ERP_Importa\
ERPImporta.exe: 000032D8: 16:03:28 [TUniServerModule]:Debug Mode = ON
ERPImporta.exe: 000032D8: 16:03:28 [TUniGUISessionManager]:Cache erase job created, Folder count: [1]
ERPImporta.exe: 000032D8: 16:03:28 [TUniServerModule]:Starting HTTP Server on Port: 8077...
ERPImporta.exe: 000032D8: 16:03:28 [TUniServerModule]:HTTP Server Started on Port: 8077
ERPImporta.exe: 00001EE4: 16:03:37 [127.0.0.1]:EMenuError : Menu index out of range : Addr: $00759FAF
ERPImporta.exe: 00003068: 16:04:15 []:>--------------------------------------------------------------<
ERPImporta.exe: 00003068: 16:04:15 [TUniServerModule]:Server First Init.
ERPImporta.exe: 00003068: 16:04:15 [TUniServerModule]:Start Path = C:\Projetos_WEB\ERP_Importa\
ERPImporta.exe: 00003068: 16:04:15 [TUniServerModule]:Debug Mode = ON
ERPImporta.exe: 00003068: 16:04:16 [TUniServerModule]:Starting HTTP Server on Port: 8077...
ERPImporta.exe: 00003068: 16:04:16 [TUniServerModule]:HTTP Server Started on Port: 8077
ERPImporta.exe: 000020AC: 16:04:54 []:>--------------------------------------------------------------<
ERPImporta.exe: 000020AC: 16:04:54 [TUniServerModule]:Server First Init.
ERPImporta.exe: 000020AC: 16:04:54 [TUniServerModule]:Start Path = C:\Projetos_WEB\ERP_Importa\
ERPImporta.exe: 000020AC: 16:04:54 [TUniServerModule]:Debug Mode = ON
ERPImporta.exe: 000020AC: 16:04:54 [TUniGUISessionManager]:Cache erase job created, Folder count: [1]
ERPImporta.exe: 000020AC: 16:04:54 [TUniServerModule]:Starting HTTP Server on Port: 8077...
ERPImporta.exe: 000020AC: 16:04:54 [TUniServerModule]:HTTP Server Started on Port: 8077
ERPImporta.exe: 000037B0: 16:06:18 []:>--------------------------------------------------------------<
ERPImporta.exe: 000037B0: 16:06:18 [TUniServerModule]:Server First Init.
ERPImporta.exe: 000037B0: 16:06:18 [TUniServerModule]:Start Path = C:\Projetos_WEB\ERP_Importa\
ERPImporta.exe: 000037B0: 16:06:18 [TUniServerModule]:Debug Mode = ON
ERPImporta.exe: 000037B0: 16:06:18 [TUniGUISessionManager]:Cache erase job created, Folder count: [1]
ERPImporta.exe: 000037B0: 16:06:18 [TUniServerModule]:Starting HTTP Server on Port: 8077...
ERPImporta.exe: 000037B0: 16:06:18 [TUniServerModule]:HTTP Server Started on Port: 8077
ERPImporta.exe: 00002EF8: 16:06:25 [127.0.0.1]:EMenuError : Menu index out of range : Addr: $00759FAF
ERPImporta.exe: 00001984: 16:08:03 []:>--------------------------------------------------------------<
ERPImporta.exe: 00001984: 16:08:03 [TUniServerModule]:Server First Init.
ERPImporta.exe: 00001984: 16:08:03 [TUniServerModule]:Start Path = C:\Projetos_WEB\ERP_Importa\
ERPImporta.exe: 00001984: 16:08:03 [TUniServerModule]:Debug Mode = ON
ERPImporta.exe: 00001984: 16:08:04 [TUniServerModule]:Starting HTTP Server on Port: 8077...
ERPImporta.exe: 00001984: 16:08:04 [TUniServerModule]:HTTP Server Started on Port: 8077
ERPImporta.exe: 00003498: 16:08:19 [127.0.0.1]:EListError : List index out of bounds (2) : Addr: $004BC384
ERPImporta.exe: 0000283C: 16:09:13 []:>--------------------------------------------------------------<
ERPImporta.exe: 0000283C: 16:09:13 [TUniServerModule]:Server First Init.
ERPImporta.exe: 0000283C: 16:09:13 [TUniServerModule]:Start Path = C:\Projetos_WEB\ERP_Importa\
ERPImporta.exe: 0000283C: 16:09:13 [TUniServerModule]:Debug Mode = ON
ERPImporta.exe: 0000283C: 16:09:13 [TUniGUISessionManager]:Cache erase job created, Folder count: [1]
ERPImporta.exe: 0000283C: 16:09:13 [TUniServerModule]:Starting HTTP Server on Port: 8077...
ERPImporta.exe: 0000283C: 16:09:13 [TUniServerModule]:HTTP Server Started on Port: 8077
ERPImporta.exe: 00003510: 16:09:22 [127.0.0.1]:EListError : List index out of bounds (2) : Addr: $004BC384
ERPImporta.exe: 00001498: 16:09:27 [127.0.0.1]:EUniSessionException : Sessão inváilda ou tempo da sessão expirado. (Session not found: QebIS2WeQE10FFC67FD ) : Addr: $007CFF80
ERPImporta.exe: 00000124: 16:44:47 []:>--------------------------------------------------------------<
ERPImporta.exe: 00000124: 16:44:47 [TUniServerModule]:Server First Init.
ERPImporta.exe: 00000124: 16:44:47 [TUniServerModule]:Start Path = C:\Projetos_WEB\ERP_Importa\
ERPImporta.exe: 00000124: 16:44:47 [TUniServerModule]:Debug Mode = ON
ERPImporta.exe: 00000124: 16:44:48 [TUniServerModule]:Starting HTTP Server on Port: 8077...
ERPImporta.exe: 00000124: 16:44:48 [TUniServerModule]:HTTP Server Started on Port: 8077
ERPImporta.exe: 000028B4: 16:44:55 [127.0.0.1]:EMSSQLNativeException : [FireDAC][Phys][ODBC][Microsoft][SQL Server Native Client 11.0][SQL Server]Invalid object name 'MenuItems'. : Addr: $008E0095
ERPImporta.exe: 00002358: 16:46:36 []:>--------------------------------------------------------------<
ERPImporta.exe: 00002358: 16:46:36 [TUniServerModule]:Server First Init.
ERPImporta.exe: 00002358: 16:46:36 [TUniServerModule]:Start Path = C:\Projetos_WEB\ERP_Importa\
ERPImporta.exe: 00002358: 16:46:37 [TUniServerModule]:Debug Mode = ON
ERPImporta.exe: 00002358: 16:46:37 [TUniGUISessionManager]:Cache erase job created, Folder count: [1]
ERPImporta.exe: 00002358: 16:46:37 [TUniServerModule]:Starting HTTP Server on Port: 8077...
ERPImporta.exe: 00002358: 16:46:37 [TUniServerModule]:HTTP Server Started on Port: 8077
ERPImporta.exe: 00003C9C: 16:46:41 [127.0.0.1]:EUniSessionException : Sessão inváilda ou tempo da sessão expirado. (Session not found: K2VFRWCPt510FFC71F2 ) : Addr: $007CFF80
ERPImporta.exe: 00001BC4: 16:46:41 [127.0.0.1]:EUniSessionException : Sessão inváilda ou tempo da sessão expirado. (Session not found: K2VFRWCPt510FFC71F2 ) : Addr: $007CFF80
ERPImporta.exe: 000026B8: 16:46:48 []:>--------------------------------------------------------------<
ERPImporta.exe: 000026B8: 16:46:48 [TUniServerModule]:Server First Init.
ERPImporta.exe: 000026B8: 16:46:48 [TUniServerModule]:Start Path = C:\Projetos_WEB\ERP_Importa\
ERPImporta.exe: 000026B8: 16:46:48 [TUniServerModule]:Debug Mode = ON
ERPImporta.exe: 000026B8: 16:46:48 [TUniGUISessionManager]:Cache erase job created, Folder count: [1]
ERPImporta.exe: 000026B8: 16:46:48 [TUniServerModule]:Starting HTTP Server on Port: 8077...
ERPImporta.exe: 000026B8: 16:46:48 [TUniServerModule]:HTTP Server Started on Port: 8077
ERPImporta.exe: 000010C8: 16:46:57 [127.0.0.1]:EMSSQLNativeException : [FireDAC][Phys][ODBC][Microsoft][SQL Server Native Client 11.0][SQL Server]Invalid object name 'MenuItems'. : Addr: $008E0095
ERPImporta.exe: 000022F4: 16:47:42 []:>--------------------------------------------------------------<
ERPImporta.exe: 000022F4: 16:47:42 [TUniServerModule]:Server First Init.
ERPImporta.exe: 000022F4: 16:47:42 [TUniServerModule]:Start Path = C:\Projetos_WEB\ERP_Importa\
ERPImporta.exe: 000022F4: 16:47:42 [TUniServerModule]:Debug Mode = ON
ERPImporta.exe: 000022F4: 16:47:43 [TUniServerModule]:Starting HTTP Server on Port: 8077...
ERPImporta.exe: 000022F4: 16:47:43 [TUniServerModule]:HTTP Server Started on Port: 8077
ERPImporta.exe: 00001B78: 16:47:50 [127.0.0.1]:EMSSQLNativeException : [FireDAC][Phys][ODBC][Microsoft][SQL Server Native Client 11.0][SQL Server]Invalid object name 'MenuItems'. : Addr: $008E0095
ERPImporta.exe: 000005C8: 16:48:17 []:>--------------------------------------------------------------<
ERPImporta.exe: 000005C8: 16:48:17 [TUniServerModule]:Server First Init.
ERPImporta.exe: 000005C8: 16:48:17 [TUniServerModule]:Start Path = C:\Projetos_WEB\ERP_Importa\
ERPImporta.exe: 000005C8: 16:48:17 [TUniServerModule]:Debug Mode = ON
ERPImporta.exe: 000005C8: 16:48:17 [TUniServerModule]:Starting HTTP Server on Port: 8077...
ERPImporta.exe: 000005C8: 16:48:17 [TUniServerModule]:HTTP Server Started on Port: 8077
ERPImporta.exe: 000038B0: 16:48:25 [127.0.0.1]:EMSSQLNativeException : [FireDAC][Phys][ODBC][Microsoft][SQL Server Native Client 11.0][SQL Server]Invalid column name 'ParentID'. : Addr: $008E0095
ERPImporta.exe: 00001CAC: 16:48:56 []:>--------------------------------------------------------------<
ERPImporta.exe: 00001CAC: 16:48:56 [TUniServerModule]:Server First Init.
ERPImporta.exe: 00001CAC: 16:48:56 [TUniServerModule]:Start Path = C:\Projetos_WEB\ERP_Importa\
ERPImporta.exe: 00001CAC: 16:48:56 [TUniServerModule]:Debug Mode = ON
ERPImporta.exe: 00001CAC: 16:48:56 [TUniServerModule]:Starting HTTP Server on Port: 8077...
ERPImporta.exe: 00001CAC: 16:48:56 [TUniServerModule]:HTTP Server Started on Port: 8077
ERPImporta.exe: 00001DCC: 16:49:03 [127.0.0.1]:EMSSQLNativeException : [FireDAC][Phys][ODBC][Microsoft][SQL Server Native Client 11.0][SQL Server]Conversion failed when converting the varchar value 'mnCadastros' to data type int. : Addr: $008E0095
ERPImporta.exe: 00002994: 16:51:35 []:>--------------------------------------------------------------<
ERPImporta.exe: 00002994: 16:51:35 [TUniServerModule]:Server First Init.
ERPImporta.exe: 00002994: 16:51:35 [TUniServerModule]:Start Path = C:\Projetos_WEB\ERP_Importa\
ERPImporta.exe: 00002994: 16:51:35 [TUniServerModule]:Debug Mode = ON
ERPImporta.exe: 00002994: 16:51:35 [TUniServerModule]:Starting HTTP Server on Port: 8077...
ERPImporta.exe: 00002994: 16:51:35 [TUniServerModule]:HTTP Server Started on Port: 8077
ERPImporta.exe: 00001734: 16:51:42 [127.0.0.1]:EMSSQLNativeException : [FireDAC][Phys][ODBC][Microsoft][SQL Server Native Client 11.0][SQL Server]Conversion failed when converting the varchar value 'mnCadastros' to data type int. : Addr: $008E0095
ERPImporta.exe: 00001A88: 16:53:31 []:>--------------------------------------------------------------<
ERPImporta.exe: 00001A88: 16:53:31 [TUniServerModule]:Server First Init.
ERPImporta.exe: 00001A88: 16:53:31 [TUniServerModule]:Start Path = C:\Projetos_WEB\ERP_Importa\
ERPImporta.exe: 00001A88: 16:53:31 [TUniServerModule]:Debug Mode = ON
ERPImporta.exe: 00001A88: 16:53:32 [TUniServerModule]:Starting HTTP Server on Port: 8077...
ERPImporta.exe: 00001A88: 16:53:32 [TUniServerModule]:HTTP Server Started on Port: 8077
ERPImporta.exe: 00002D64: 16:53:39 [127.0.0.1]:EMSSQLNativeException : [FireDAC][Phys][ODBC][Microsoft][SQL Server Native Client 11.0][SQL Server]Conversion failed when converting the varchar value 'mnCadastros' to data type int. : Addr: $008E0095
ERPImporta.exe: 00001AB4: 16:54:07 []:>--------------------------------------------------------------<
ERPImporta.exe: 00001AB4: 16:54:07 [TUniServerModule]:Server First Init.
ERPImporta.exe: 00001AB4: 16:54:07 [TUniServerModule]:Start Path = C:\Projetos_WEB\ERP_Importa\
ERPImporta.exe: 00001AB4: 16:54:07 [TUniServerModule]:Debug Mode = ON
ERPImporta.exe: 00001AB4: 16:54:08 [TUniServerModule]:Starting HTTP Server on Port: 8077...
ERPImporta.exe: 00001AB4: 16:54:08 [TUniServerModule]:HTTP Server Started on Port: 8077
ERPImporta.exe: 00001E64: 16:54:31 [127.0.0.1]:EMSSQLNativeException : [FireDAC][Phys][ODBC][Microsoft][SQL Server Native Client 11.0][SQL Server]Conversion failed when converting the varchar value 'mnCadastros' to data type int. : Addr: $008E0095
ERPImporta.exe: 00000FB0: 16:56:04 []:>--------------------------------------------------------------<
ERPImporta.exe: 00000FB0: 16:56:04 [TUniServerModule]:Server First Init.
ERPImporta.exe: 00000FB0: 16:56:04 [TUniServerModule]:Start Path = C:\Projetos_WEB\ERP_Importa\
ERPImporta.exe: 00000FB0: 16:56:04 [TUniServerModule]:Debug Mode = ON
ERPImporta.exe: 00000FB0: 16:56:05 [TUniServerModule]:Starting HTTP Server on Port: 8077...
ERPImporta.exe: 00000FB0: 16:56:05 [TUniServerModule]:HTTP Server Started on Port: 8077
ERPImporta.exe: 00003C88: 16:56:12 [127.0.0.1]:EMSSQLNativeException : [FireDAC][Phys][ODBC][Microsoft][SQL Server Native Client 11.0][SQL Server]Conversion failed when converting the varchar value 'mnCadastros' to data type int. : Addr: $008E0095
ERPImporta.exe: 000025C0: 16:57:21 []:>--------------------------------------------------------------<
ERPImporta.exe: 000025C0: 16:57:21 [TUniServerModule]:Server First Init.
ERPImporta.exe: 000025C0: 16:57:21 [TUniServerModule]:Start Path = C:\Projetos_WEB\ERP_Importa\
ERPImporta.exe: 000025C0: 16:57:21 [TUniServerModule]:Debug Mode = ON
ERPImporta.exe: 000025C0: 16:57:21 [TUniGUISessionManager]:Cache erase job created, Folder count: [1]
ERPImporta.exe: 000025C0: 16:57:21 [TUniServerModule]:Starting HTTP Server on Port: 8077...
ERPImporta.exe: 000025C0: 16:57:21 [TUniServerModule]:HTTP Server Started on Port: 8077
ERPImporta.exe: 00000354: 16:57:29 [127.0.0.1]:EMSSQLNativeException : [FireDAC][Phys][ODBC][Microsoft][SQL Server Native Client 11.0][SQL Server]Conversion failed when converting the varchar value 'mnCadastros' to data type int. : Addr: $008E0095
ERPImporta.exe: 00003BF0: 16:59:39 []:>--------------------------------------------------------------<
ERPImporta.exe: 00003BF0: 16:59:39 [TUniServerModule]:Server First Init.
ERPImporta.exe: 00003BF0: 16:59:39 [TUniServerModule]:Start Path = C:\Projetos_WEB\ERP_Importa\
ERPImporta.exe: 00003BF0: 16:59:39 [TUniServerModule]:Debug Mode = ON
ERPImporta.exe: 00003BF0: 16:59:39 [TUniServerModule]:Starting HTTP Server on Port: 8077...
ERPImporta.exe: 00003BF0: 16:59:39 [TUniServerModule]:HTTP Server Started on Port: 8077
ERPImporta.exe: 00003DA8: 16:59:46 [127.0.0.1]:EMSSQLNativeException : [FireDAC][Phys][ODBC][Microsoft][SQL Server Native Client 11.0][SQL Server]Conversion failed when converting the varchar value 'mnCadastros' to data type int. : Addr: $008E0095
ERPImporta.exe: 00001870: 17:00:24 []:>--------------------------------------------------------------<
ERPImporta.exe: 00001870: 17:00:24 [TUniServerModule]:Server First Init.
ERPImporta.exe: 00001870: 17:00:24 [TUniServerModule]:Start Path = C:\Projetos_WEB\ERP_Importa\
ERPImporta.exe: 00001870: 17:00:24 [TUniServerModule]:Debug Mode = ON
ERPImporta.exe: 00001870: 17:00:24 [TUniServerModule]:Starting HTTP Server on Port: 8077...
ERPImporta.exe: 00001870: 17:00:25 [TUniServerModule]:HTTP Server Started on Port: 8077
ERPImporta.exe: 00003DE4: 17:00:31 [127.0.0.1]:EMSSQLNativeException : [FireDAC][Phys][ODBC][Microsoft][SQL Server Native Client 11.0][SQL Server]Conversion failed when converting the varchar value 'mnCadastros' to data type int. : Addr: $008E0095
ERPImporta.exe: 00002E7C: 17:02:56 []:>--------------------------------------------------------------<
ERPImporta.exe: 00002E7C: 17:02:56 [TUniServerModule]:Server First Init.
ERPImporta.exe: 00002E7C: 17:02:56 [TUniServerModule]:Start Path = C:\Projetos_WEB\ERP_Importa\
ERPImporta.exe: 00002E7C: 17:02:56 [TUniServerModule]:Debug Mode = ON
ERPImporta.exe: 00002E7C: 17:02:56 [TUniGUISessionManager]:Cache erase job created, Folder count: [1]
ERPImporta.exe: 00002E7C: 17:02:56 [TUniServerModule]:Starting HTTP Server on Port: 8077...
ERPImporta.exe: 00002E7C: 17:02:56 [TUniServerModule]:HTTP Server Started on Port: 8077
ERPImporta.exe: 00003AFC: 17:03:04 [127.0.0.1]:EMSSQLNativeException : [FireDAC][Phys][ODBC][Microsoft][SQL Server Native Client 11.0][SQL Server]Conversion failed when converting the varchar value 'mnCadastros' to data type int. : Addr: $008E0095
ERPImporta.exe: 00001294: 17:04:04 []:>--------------------------------------------------------------<
ERPImporta.exe: 00001294: 17:04:04 [TUniServerModule]:Server First Init.
ERPImporta.exe: 00001294: 17:04:04 [TUniServerModule]:Start Path = C:\Projetos_WEB\ERP_Importa\
ERPImporta.exe: 00001294: 17:04:04 [TUniServerModule]:Debug Mode = ON
ERPImporta.exe: 00001294: 17:04:05 [TUniServerModule]:Starting HTTP Server on Port: 8077...
ERPImporta.exe: 00001294: 17:04:05 [TUniServerModule]:HTTP Server Started on Port: 8077
ERPImporta.exe: 00003DF8: 17:04:13 [127.0.0.1]:EDatabaseError : TabMenu: Field 'ParentID' not found : Addr: $006578E2
ERPImporta.exe: 00001010: 17:05:14 []:>--------------------------------------------------------------<
ERPImporta.exe: 00001010: 17:05:14 [TUniServerModule]:Server First Init.
ERPImporta.exe: 00001010: 17:05:14 [TUniServerModule]:Start Path = C:\Projetos_WEB\ERP_Importa\
ERPImporta.exe: 00001010: 17:05:14 [TUniServerModule]:Debug Mode = ON
ERPImporta.exe: 00001010: 17:05:14 [TUniServerModule]:Starting HTTP Server on Port: 8077...
ERPImporta.exe: 00001010: 17:05:14 [TUniServerModule]:HTTP Server Started on Port: 8077
ERPImporta.exe: 00003FF8: 17:06:12 []:>--------------------------------------------------------------<
ERPImporta.exe: 00003FF8: 17:06:12 [TUniServerModule]:Server First Init.
ERPImporta.exe: 00003FF8: 17:06:12 [TUniServerModule]:Start Path = C:\Projetos_WEB\ERP_Importa\
ERPImporta.exe: 00003FF8: 17:06:12 [TUniServerModule]:Debug Mode = ON
ERPImporta.exe: 00003FF8: 17:06:12 [TUniGUISessionManager]:Cache erase job created, Folder count: [1]
ERPImporta.exe: 00003FF8: 17:06:12 [TUniServerModule]:Starting HTTP Server on Port: 8077...
ERPImporta.exe: 00003FF8: 17:06:12 [TUniServerModule]:HTTP Server Started on Port: 8077
ERPImporta.exe: 00002444: 17:06:19 [127.0.0.1]:EDatabaseError : Invalid value for field 'Name' : Addr: $006578F7
ERPImporta.exe: 00002754: 17:06:24 [127.0.0.1]:EUniSessionException : Sessão inváilda ou tempo da sessão expirado. (Session not found: k4O9Zz6gSq10FFC777E ) : Addr: $007CFF80
ERPImporta.exe: 000005B4: 17:06:48 []:>--------------------------------------------------------------<
ERPImporta.exe: 000005B4: 17:06:48 [TUniServerModule]:Server First Init.
ERPImporta.exe: 000005B4: 17:06:48 [TUniServerModule]:Start Path = C:\Projetos_WEB\ERP_Importa\
ERPImporta.exe: 000005B4: 17:06:48 [TUniServerModule]:Debug Mode = ON
ERPImporta.exe: 000005B4: 17:06:49 [TUniServerModule]:Starting HTTP Server on Port: 8077...
ERPImporta.exe: 000005B4: 17:06:49 [TUniServerModule]:HTTP Server Started on Port: 8077
ERPImporta.exe: 00003B9C: 17:07:29 []:>--------------------------------------------------------------<
ERPImporta.exe: 00003B9C: 17:07:29 [TUniServerModule]:Server First Init.
ERPImporta.exe: 00003B9C: 17:07:29 [TUniServerModule]:Start Path = C:\Projetos_WEB\ERP_Importa\
ERPImporta.exe: 00003B9C: 17:07:29 [TUniServerModule]:Debug Mode = ON
ERPImporta.exe: 00003B9C: 17:07:29 [TUniGUISessionManager]:Cache erase job created, Folder count: [1]
ERPImporta.exe: 00003B9C: 17:07:29 [TUniServerModule]:Starting HTTP Server on Port: 8077...
ERPImporta.exe: 00003B9C: 17:07:29 [TUniServerModule]:HTTP Server Started on Port: 8077
ERPImporta.exe: 00002850: 17:07:36 [127.0.0.1]:EDatabaseError : Invalid value for field 'Name' : Addr: $006578F7
ERPImporta.exe: 000022C8: 17:07:41 [127.0.0.1]:EUniSessionException : Sessão inváilda ou tempo da sessão expirado. (Session not found: jejzy2uQK810FFC77EB ) : Addr: $007CFF80
ERPImporta.exe: 00003DF8: 17:08:23 []:>--------------------------------------------------------------<
ERPImporta.exe: 00003DF8: 17:08:23 [TUniServerModule]:Server First Init.
ERPImporta.exe: 00003DF8: 17:08:23 [TUniServerModule]:Start Path = C:\Projetos_WEB\ERP_Importa\
ERPImporta.exe: 00003DF8: 17:08:23 [TUniServerModule]:Debug Mode = ON
ERPImporta.exe: 00003DF8: 17:08:23 [TUniServerModule]:Starting HTTP Server on Port: 8077...
ERPImporta.exe: 00003DF8: 17:08:23 [TUniServerModule]:HTTP Server Started on Port: 8077
ERPImporta.exe: 000014C0: 17:08:30 [127.0.0.1]:EDatabaseError : TabMenu: Cannot perform this operation on a closed dataset : Addr: $006578E2
ERPImporta.exe: 00000C04: 17:10:04 []:>--------------------------------------------------------------<
ERPImporta.exe: 00000C04: 17:10:04 [TUniServerModule]:Server First Init.
ERPImporta.exe: 00000C04: 17:10:04 [TUniServerModule]:Start Path = C:\Projetos_WEB\ERP_Importa\
ERPImporta.exe: 00000C04: 17:10:04 [TUniServerModule]:Debug Mode = ON
ERPImporta.exe: 00000C04: 17:10:04 [TUniServerModule]:Starting HTTP Server on Port: 8077...
ERPImporta.exe: 00000C04: 17:10:04 [TUniServerModule]:HTTP Server Started on Port: 8077
ERPImporta.exe: 00002844: 17:10:12 [127.0.0.1]:EDatabaseError : Invalid value for field 'Name' : Addr: $006578F7
ERPImporta.exe: 00002E54: 17:11:04 []:>--------------------------------------------------------------<
ERPImporta.exe: 00002E54: 17:11:04 [TUniServerModule]:Server First Init.
ERPImporta.exe: 00002E54: 17:11:04 [TUniServerModule]:Start Path = C:\Projetos_WEB\ERP_Importa\
ERPImporta.exe: 00002E54: 17:11:04 [TUniServerModule]:Debug Mode = ON
ERPImporta.exe: 00002E54: 17:11:04 [TUniGUISessionManager]:Cache erase job created, Folder count: [1]
ERPImporta.exe: 00002E54: 17:11:05 [TUniServerModule]:Starting HTTP Server on Port: 8077...
ERPImporta.exe: 00002E54: 17:11:05 [TUniServerModule]:HTTP Server Started on Port: 8077
ERPImporta.exe: 000014E4: 17:11:16 []:>--------------------------------------------------------------<
ERPImporta.exe: 000014E4: 17:11:16 [TUniServerModule]:Server First Init.
ERPImporta.exe: 000014E4: 17:11:16 [TUniServerModule]:Start Path = C:\Projetos_WEB\ERP_Importa\
ERPImporta.exe: 000014E4: 17:11:16 [TUniServerModule]:Debug Mode = ON
ERPImporta.exe: 000014E4: 17:11:16 [TUniGUISessionManager]:Cache erase job created, Folder count: [1]
ERPImporta.exe: 000014E4: 17:11:17 [TUniServerModule]:Starting HTTP Server on Port: 8077...
ERPImporta.exe: 000014E4: 17:11:17 [TUniServerModule]:HTTP Server Started on Port: 8077
ERPImporta.exe: 00003628: 17:11:17 [127.0.0.1]:EUniSessionException : Sessão inváilda ou tempo da sessão expirado. (Session not found: UbetTpaEO710FFC7914 ) : Addr: $007CFF80
ERPImporta.exe: 00002D6C: 17:11:19 [127.0.0.1]:EUniSessionException : Sessão inváilda ou tempo da sessão expirado. (Session not found: UbetTpaEO710FFC7914 ) : Addr: $007CFF80
ERPImporta.exe: 00002AEC: 17:11:19 [127.0.0.1]:EUniSessionException : Sessão inváilda ou tempo da sessão expirado. (Session not found: UbetTpaEO710FFC7914 ) : Addr: $007CFF80
ERPImporta.exe: 000037A8: 17:12:05 []:>--------------------------------------------------------------<
ERPImporta.exe: 000037A8: 17:12:05 [TUniServerModule]:Server First Init.
ERPImporta.exe: 000037A8: 17:12:05 [TUniServerModule]:Start Path = C:\Projetos_WEB\ERP_Importa\
ERPImporta.exe: 000037A8: 17:12:05 [TUniServerModule]:Debug Mode = ON
ERPImporta.exe: 000037A8: 17:12:05 [TUniGUISessionManager]:Cache erase job created, Folder count: [1]
ERPImporta.exe: 000037A8: 17:12:05 [TUniServerModule]:Starting HTTP Server on Port: 8077...
ERPImporta.exe: 000037A8: 17:12:05 [TUniServerModule]:HTTP Server Started on Port: 8077
ERPImporta.exe: 00003BD4: 17:13:00 []:>--------------------------------------------------------------<
ERPImporta.exe: 00003BD4: 17:13:00 [TUniServerModule]:Server First Init.
ERPImporta.exe: 00003BD4: 17:13:00 [TUniServerModule]:Start Path = C:\Projetos_WEB\ERP_Importa\
ERPImporta.exe: 00003BD4: 17:13:00 [TUniServerModule]:Debug Mode = ON
ERPImporta.exe: 00003BD4: 17:13:00 [TUniGUISessionManager]:Cache erase job created, Folder count: [1]
ERPImporta.exe: 00003BD4: 17:13:00 [TUniServerModule]:Starting HTTP Server on Port: 8077...
ERPImporta.exe: 00003BD4: 17:13:00 [TUniServerModule]:HTTP Server Started on Port: 8077
ERPImporta.exe: 00000354: 17:13:21 []:>--------------------------------------------------------------<
ERPImporta.exe: 00000354: 17:13:21 [TUniServerModule]:Server First Init.
ERPImporta.exe: 00000354: 17:13:21 [TUniServerModule]:Start Path = C:\Projetos_WEB\ERP_Importa\
ERPImporta.exe: 00000354: 17:13:21 [TUniServerModule]:Debug Mode = ON
ERPImporta.exe: 00000354: 17:13:21 [TUniGUISessionManager]:Cache erase job created, Folder count: [1]
ERPImporta.exe: 00000354: 17:13:21 [TUniServerModule]:Starting HTTP Server on Port: 8077...
ERPImporta.exe: 00000354: 17:13:21 [TUniServerModule]:HTTP Server Started on Port: 8077
ERPImporta.exe: 00000470: 17:13:29 [127.0.0.1]:EDatabaseError : TabMenu: Field 'ParentID' not found : Addr: $006578E2
ERPImporta.exe: 00000B1C: 17:14:19 []:>--------------------------------------------------------------<
ERPImporta.exe: 00000B1C: 17:14:19 [TUniServerModule]:Server First Init.
ERPImporta.exe: 00000B1C: 17:14:19 [TUniServerModule]:Start Path = C:\Projetos_WEB\ERP_Importa\
ERPImporta.exe: 00000B1C: 17:14:19 [TUniServerModule]:Debug Mode = ON
ERPImporta.exe: 00000B1C: 17:14:20 [TUniServerModule]:Starting HTTP Server on Port: 8077...
ERPImporta.exe: 00000B1C: 17:14:20 [TUniServerModule]:HTTP Server Started on Port: 8077
ERPImporta.exe: 000008F0: 17:14:27 [127.0.0.1]:EDatabaseError : TabMenu: Field 'ParentID' not found : Addr: $006578E2
ERPImporta.exe: 00002114: 17:16:12 []:>--------------------------------------------------------------<
ERPImporta.exe: 00002114: 17:16:12 [TUniServerModule]:Server First Init.
ERPImporta.exe: 00002114: 17:16:12 [TUniServerModule]:Start Path = C:\Projetos_WEB\ERP_Importa\
ERPImporta.exe: 00002114: 17:16:12 [TUniServerModule]:Debug Mode = ON
ERPImporta.exe: 00002114: 17:16:12 [TUniServerModule]:Starting HTTP Server on Port: 8077...
ERPImporta.exe: 00002114: 17:16:12 [TUniServerModule]:HTTP Server Started on Port: 8077
ERPImporta.exe: 00003E84: 17:19:29 []:>--------------------------------------------------------------<
ERPImporta.exe: 00003E84: 17:19:29 [TUniServerModule]:Server First Init.
ERPImporta.exe: 00003E84: 17:19:29 [TUniServerModule]:Start Path = C:\Projetos_WEB\ERP_Importa\
ERPImporta.exe: 00003E84: 17:19:29 [TUniServerModule]:Debug Mode = ON
ERPImporta.exe: 00003E84: 17:19:29 [TUniGUISessionManager]:Cache erase job created, Folder count: [1]
ERPImporta.exe: 00003E84: 17:19:30 [TUniServerModule]:Starting HTTP Server on Port: 8077...
ERPImporta.exe: 00003E84: 17:19:30 [TUniServerModule]:HTTP Server Started on Port: 8077
ERPImporta.exe: 000007A0: 17:20:15 []:>--------------------------------------------------------------<
ERPImporta.exe: 000007A0: 17:20:15 [TUniServerModule]:Server First Init.
ERPImporta.exe: 000007A0: 17:20:15 [TUniServerModule]:Start Path = C:\Projetos_WEB\ERP_Importa\
ERPImporta.exe: 000007A0: 17:20:15 [TUniServerModule]:Debug Mode = ON
ERPImporta.exe: 000007A0: 17:20:15 [TUniGUISessionManager]:Cache erase job created, Folder count: [1]
ERPImporta.exe: 000007A0: 17:20:15 [TUniServerModule]:Starting HTTP Server on Port: 8077...
ERPImporta.exe: 000007A0: 17:20:15 [TUniServerModule]:HTTP Server Started on Port: 8077
ERPImporta.exe: 00002E00: 17:20:22 [127.0.0.1]:EDatabaseError : TabMenu: Parameter 'Shortcut' not found : Addr: $006578E2
ERPImporta.exe: 00001A90: 17:20:27 [127.0.0.1]:EUniSessionException : Sessão inváilda ou tempo da sessão expirado. (Session not found: AN1vwqB6bo10FFC7B5C ) : Addr: $007CFF80
ERPImporta.exe: 00001700: 17:20:27 [127.0.0.1]:EUniSessionException : Sessão inváilda ou tempo da sessão expirado. (Session not found: 5W3SrWwqdG10FFC7A78 ) : Addr: $007CFF80
ERPImporta.exe: 00002D14: 17:21:09 []:>--------------------------------------------------------------<
ERPImporta.exe: 00002D14: 17:21:09 [TUniServerModule]:Server First Init.
ERPImporta.exe: 00002D14: 17:21:09 [TUniServerModule]:Start Path = C:\Projetos_WEB\ERP_Importa\
ERPImporta.exe: 00002D14: 17:21:09 [TUniServerModule]:Debug Mode = ON
ERPImporta.exe: 00002D14: 17:21:10 [TUniServerModule]:Starting HTTP Server on Port: 8077...
ERPImporta.exe: 00002D14: 17:21:10 [TUniServerModule]:HTTP Server Started on Port: 8077
ERPImporta.exe: 00002E28: 17:21:17 [127.0.0.1]:EDatabaseError : TabMenu: Parameter 'Shortcut' not found : Addr: $006578E2
ERPImporta.exe: 000021E4: 17:21:42 []:>--------------------------------------------------------------<
ERPImporta.exe: 000021E4: 17:21:42 [TUniServerModule]:Server First Init.
ERPImporta.exe: 000021E4: 17:21:42 [TUniServerModule]:Start Path = C:\Projetos_WEB\ERP_Importa\
ERPImporta.exe: 000021E4: 17:21:42 [TUniServerModule]:Debug Mode = ON
ERPImporta.exe: 000021E4: 17:21:42 [TUniGUISessionManager]:Cache erase job created, Folder count: [1]
ERPImporta.exe: 000021E4: 17:21:43 [TUniServerModule]:Starting HTTP Server on Port: 8077...
ERPImporta.exe: 000021E4: 17:21:43 [TUniServerModule]:HTTP Server Started on Port: 8077
ERPImporta.exe: 00003E8C: 17:21:50 [127.0.0.1]:EMSSQLNativeException : [FireDAC][Phys][ODBC][Microsoft][SQL Server Native Client 11.0][SQL Server]Invalid column name 'Parent_ID'. : Addr: $008E0095
ERPImporta.exe: 000020B4: 17:21:55 [127.0.0.1]:EUniSessionException : Sessão inváilda ou tempo da sessão expirado. (Session not found: WgGTJsTbpW10FFC7BD0 ) : Addr: $007CFF80
ERPImporta.exe: 00002E30: 17:22:09 []:>--------------------------------------------------------------<
ERPImporta.exe: 00002E30: 17:22:09 [TUniServerModule]:Server First Init.
ERPImporta.exe: 00002E30: 17:22:09 [TUniServerModule]:Start Path = C:\Projetos_WEB\ERP_Importa\
ERPImporta.exe: 00002E30: 17:22:09 [TUniServerModule]:Debug Mode = ON
ERPImporta.exe: 00002E30: 17:22:09 [TUniGUISessionManager]:Cache erase job created, Folder count: [1]
ERPImporta.exe: 00002E30: 17:22:09 [TUniServerModule]:Starting HTTP Server on Port: 8077...
ERPImporta.exe: 00002E30: 17:22:09 [TUniServerModule]:HTTP Server Started on Port: 8077
ERPImporta.exe: 0000159C: 17:22:16 [127.0.0.1]:EMSSQLNativeException : [FireDAC][Phys][ODBC][Microsoft][SQL Server Native Client 11.0][SQL Server]Invalid column name 'Name'. : Addr: $008E0095
ERPImporta.exe: 00002F54: 17:22:38 []:>--------------------------------------------------------------<
ERPImporta.exe: 00002F54: 17:22:38 [TUniServerModule]:Server First Init.
ERPImporta.exe: 00002F54: 17:22:38 [TUniServerModule]:Start Path = C:\Projetos_WEB\ERP_Importa\
ERPImporta.exe: 00002F54: 17:22:38 [TUniServerModule]:Debug Mode = ON
ERPImporta.exe: 00002F54: 17:22:38 [TUniGUISessionManager]:Cache erase job created, Folder count: [1]
ERPImporta.exe: 00002F54: 17:22:39 [TUniServerModule]:Starting HTTP Server on Port: 8077...
ERPImporta.exe: 00002F54: 17:22:39 [TUniServerModule]:HTTP Server Started on Port: 8077
ERPImporta.exe: 000037C0: 17:24:05 []:>--------------------------------------------------------------<
ERPImporta.exe: 000037C0: 17:24:05 [TUniServerModule]:Server First Init.
ERPImporta.exe: 000037C0: 17:24:05 [TUniServerModule]:Start Path = C:\Projetos_WEB\ERP_Importa\
ERPImporta.exe: 000037C0: 17:24:05 [TUniServerModule]:Debug Mode = ON
ERPImporta.exe: 000037C0: 17:24:05 [TUniGUISessionManager]:Cache erase job created, Folder count: [1]
ERPImporta.exe: 000037C0: 17:24:05 [TUniServerModule]:Starting HTTP Server on Port: 8077...
ERPImporta.exe: 000037C0: 17:24:05 [TUniServerModule]:HTTP Server Started on Port: 8077
ERPImporta.exe: 00003BD8: 17:28:26 []:>--------------------------------------------------------------<
ERPImporta.exe: 00003BD8: 17:28:26 [TUniServerModule]:Server First Init.
ERPImporta.exe: 00003BD8: 17:28:26 [TUniServerModule]:Start Path = C:\Projetos_WEB\ERP_Importa\
ERPImporta.exe: 00003BD8: 17:28:26 [TUniServerModule]:Debug Mode = ON
ERPImporta.exe: 00003BD8: 17:28:26 [TUniGUISessionManager]:Cache erase job created, Folder count: [1]
ERPImporta.exe: 00003BD8: 17:28:26 [TUniServerModule]:Starting HTTP Server on Port: 8077...
ERPImporta.exe: 00003BD8: 17:28:26 [TUniServerModule]:HTTP Server Started on Port: 8077
ERPImporta.exe: 000033FC: 17:28:33 [127.0.0.1]:EMSSQLNativeException : [FireDAC][Phys][ODBC][Microsoft][SQL Server Native Client 11.0][SQL Server]Operand type clash: uniqueidentifier is incompatible with int : Addr: $008E0095
ERPImporta.exe: 00000874: 17:28:40 [127.0.0.1]:EUniSessionException : Sessão inváilda ou tempo da sessão expirado. (Session not found: qVTntXl3VZ10FFC7C9B ) : Addr: $007CFF80
ERPImporta.exe: 00000A20: 17:28:41 [127.0.0.1]:EUniSessionException : Sessão inváilda ou tempo da sessão expirado. (Session not found: pKlI3UlqH510FFC7C37 ) : Addr: $007CFF80
ERPImporta.exe: 000025D8: 17:29:57 []:>--------------------------------------------------------------<
ERPImporta.exe: 000025D8: 17:29:57 [TUniServerModule]:Server First Init.
ERPImporta.exe: 000025D8: 17:29:57 [TUniServerModule]:Start Path = C:\Projetos_WEB\ERP_Importa\
ERPImporta.exe: 000025D8: 17:29:57 [TUniServerModule]:Debug Mode = ON
ERPImporta.exe: 000025D8: 17:29:57 [TUniServerModule]:Starting HTTP Server on Port: 8077...
ERPImporta.exe: 000025D8: 17:29:57 [TUniServerModule]:HTTP Server Started on Port: 8077
ERPImporta.exe: 00001B3C: 17:30:54 []:>--------------------------------------------------------------<
ERPImporta.exe: 00001B3C: 17:30:54 [TUniServerModule]:Server First Init.
ERPImporta.exe: 00001B3C: 17:30:54 [TUniServerModule]:Start Path = C:\Projetos_WEB\ERP_Importa\
ERPImporta.exe: 00001B3C: 17:30:54 [TUniServerModule]:Debug Mode = ON
ERPImporta.exe: 00001B3C: 17:30:54 [TUniGUISessionManager]:Cache erase job created, Folder count: [1]
ERPImporta.exe: 00001B3C: 17:30:54 [TUniServerModule]:Starting HTTP Server on Port: 8077...
ERPImporta.exe: 00001B3C: 17:30:54 [TUniServerModule]:HTTP Server Started on Port: 8077
ERPImporta.exe: 00003F6C: 17:31:02 [127.0.0.1]:EDatabaseError : TabMenu: Parameter 'id' not found : Addr: $006578E2
ERPImporta.exe: 00000678: 17:31:46 []:>--------------------------------------------------------------<
ERPImporta.exe: 00000678: 17:31:46 [TUniServerModule]:Server First Init.
ERPImporta.exe: 00000678: 17:31:46 [TUniServerModule]:Start Path = C:\Projetos_WEB\ERP_Importa\
ERPImporta.exe: 00000678: 17:31:46 [TUniServerModule]:Debug Mode = ON
ERPImporta.exe: 00000678: 17:31:46 [TUniServerModule]:Starting HTTP Server on Port: 8077...
ERPImporta.exe: 00000678: 17:31:46 [TUniServerModule]:HTTP Server Started on Port: 8077
ERPImporta.exe: 000008DC: 17:32:57 []:>--------------------------------------------------------------<
ERPImporta.exe: 000008DC: 17:32:57 [TUniServerModule]:Server First Init.
ERPImporta.exe: 000008DC: 17:32:57 [TUniServerModule]:Start Path = C:\Projetos_WEB\ERP_Importa\
ERPImporta.exe: 000008DC: 17:32:57 [TUniServerModule]:Debug Mode = ON
ERPImporta.exe: 000008DC: 17:32:57 [TUniGUISessionManager]:Cache erase job created, Folder count: [1]
ERPImporta.exe: 000008DC: 17:32:57 [TUniServerModule]:Starting HTTP Server on Port: 8077...
ERPImporta.exe: 000008DC: 17:32:57 [TUniServerModule]:HTTP Server Started on Port: 8077
ERPImporta.exe: 000007B0: 17:38:12 []:>--------------------------------------------------------------<
ERPImporta.exe: 000007B0: 17:38:12 [TUniServerModule]:Server First Init.
ERPImporta.exe: 000007B0: 17:38:12 [TUniServerModule]:Start Path = C:\Projetos_WEB\ERP_Importa\
ERPImporta.exe: 000007B0: 17:38:12 [TUniServerModule]:Debug Mode = ON
ERPImporta.exe: 000007B0: 17:38:12 [TUniGUISessionManager]:Cache erase job created, Folder count: [1]
ERPImporta.exe: 000007B0: 17:38:12 [TUniServerModule]:Starting HTTP Server on Port: 8077...
ERPImporta.exe: 000007B0: 17:38:12 [TUniServerModule]:HTTP Server Started on Port: 8077
ERPImporta.exe: 00001EA0: 17:39:39 []:>--------------------------------------------------------------<
ERPImporta.exe: 00001EA0: 17:39:39 [TUniServerModule]:Server First Init.
ERPImporta.exe: 00001EA0: 17:39:39 [TUniServerModule]:Start Path = C:\Projetos_WEB\ERP_Importa\
ERPImporta.exe: 00001EA0: 17:39:39 [TUniServerModule]:Debug Mode = ON
ERPImporta.exe: 00001EA0: 17:39:39 [TUniGUISessionManager]:Cache erase job created, Folder count: [1]
ERPImporta.exe: 00001EA0: 17:39:39 [TUniServerModule]:Starting HTTP Server on Port: 8077...
ERPImporta.exe: 00001EA0: 17:39:39 [TUniServerModule]:HTTP Server Started on Port: 8077
