ERPImporta.exe: 000006C8: 13:46:04 []:>--------------------------------------------------------------<
ERPImporta.exe: 000006C8: 13:46:04 [TUniServerModule]:Server First Init.
ERPImporta.exe: 000006C8: 13:46:04 [TUniServerModule]:Start Path = C:\Projetos_WEB\ERP_Importa\
ERPImporta.exe: 000006C8: 13:46:04 [TUniServerModule]:Debug Mode = ON
ERPImporta.exe: 000006C8: 13:46:04 [TUniGUISessionManager]:Cache erase job created, Folder count: [1]
ERPImporta.exe: 000006C8: 13:46:04 [TUniServerModule]:Starting HTTP Server on Port: 8077...
ERPImporta.exe: 000006C8: 13:46:04 [TUniServerModule]:HTTP Server Started on Port: 8077
ERPImporta.exe: 000031F8: 13:50:09 [[FireDAC][Phys][ODBC][Microsoft][SQL Server Native Client 11.0][SQL Server]Invalid object name 'CSTTabelaB'.-127.0.0.1]:EMSSQLNativeException : [FireDAC][Phys][ODBC][Microsoft][SQL Server Native Client 11.0][SQL Server]Invalid object name 'CSTTabelaB'. : Addr: $008DFDA9
ERPImporta.exe: 00000D40: 13:56:43 []:>--------------------------------------------------------------<
ERPImporta.exe: 00000D40: 13:56:43 [TUniServerModule]:Server First Init.
ERPImporta.exe: 00000D40: 13:56:43 [TUniServerModule]:Start Path = C:\Projetos_WEB\ERP_Importa\
ERPImporta.exe: 00000D40: 13:56:43 [TUniServerModule]:Debug Mode = ON
ERPImporta.exe: 00000D40: 13:56:43 [TUniGUISessionManager]:Cache erase job created, Folder count: [1]
ERPImporta.exe: 00000D40: 13:56:43 [TUniServerModule]:Starting HTTP Server on Port: 8077...
ERPImporta.exe: 00000D40: 13:56:43 [TUniServerModule]:HTTP Server Started on Port: 8077
ERPImporta.exe: 000010AC: 13:57:24 []:>--------------------------------------------------------------<
ERPImporta.exe: 000010AC: 13:57:24 [TUniServerModule]:Server First Init.
ERPImporta.exe: 000010AC: 13:57:24 [TUniServerModule]:Start Path = C:\Projetos_WEB\ERP_Importa\
ERPImporta.exe: 000010AC: 13:57:24 [TUniServerModule]:Debug Mode = ON
ERPImporta.exe: 000010AC: 13:57:25 [TUniServerModule]:Starting HTTP Server on Port: 8077...
ERPImporta.exe: 000010AC: 13:57:25 [TUniServerModule]:HTTP Server Started on Port: 8077
