ERPImporta.exe: 00001A60: 10:05:04 []:>--------------------------------------------------------------<
ERPImporta.exe: 00001A60: 10:05:04 [TUniServerModule]:Server First Init.
ERPImporta.exe: 00001A60: 10:05:04 [TUniServerModule]:Start Path = C:\Projetos_WEB\ERP_Importa\
ERPImporta.exe: 00001A60: 10:05:04 [TUniServerModule]:Debug Mode = ON
ERPImporta.exe: 00001A60: 10:05:05 [TUniServerModule]:Starting HTTP Server on Port: 8077...
ERPImporta.exe: 00001A60: 10:05:05 [TUniServerModule]:HTTP Server Started on Port: 8077
ERPImporta.exe: 00000934: 10:07:14 []:>--------------------------------------------------------------<
ERPImporta.exe: 00000934: 10:07:14 [TUniServerModule]:Server First Init.
ERPImporta.exe: 00000934: 10:07:14 [TUniServerModule]:Start Path = C:\Projetos_WEB\ERP_Importa\
ERPImporta.exe: 00000934: 10:07:14 [TUniServerModule]:Debug Mode = ON
ERPImporta.exe: 00000934: 10:07:14 [TUniGUISessionManager]:Cache erase job created, Folder count: [1]
ERPImporta.exe: 00000934: 10:07:14 [TUniServerModule]:Starting HTTP Server on Port: 8077...
ERPImporta.exe: 00000934: 10:07:14 [TUniServerModule]:HTTP Server Started on Port: 8077
ERPImporta.exe: 00003894: 10:08:34 []:>--------------------------------------------------------------<
ERPImporta.exe: 00003894: 10:08:34 [TUniServerModule]:Server First Init.
ERPImporta.exe: 00003894: 10:08:34 [TUniServerModule]:Start Path = C:\Projetos_WEB\ERP_Importa\
ERPImporta.exe: 00003894: 10:08:34 [TUniServerModule]:Debug Mode = ON
ERPImporta.exe: 00003894: 10:08:34 [TUniGUISessionManager]:Cache erase job created, Folder count: [1]
ERPImporta.exe: 00003894: 10:08:34 [TUniServerModule]:Starting HTTP Server on Port: 8077...
ERPImporta.exe: 00003894: 10:08:34 [TUniServerModule]:HTTP Server Started on Port: 8077
ERPImporta.exe: 00001404: 10:09:44 []:>--------------------------------------------------------------<
ERPImporta.exe: 00001404: 10:09:44 [TUniServerModule]:Server First Init.
ERPImporta.exe: 00001404: 10:09:44 [TUniServerModule]:Start Path = C:\Projetos_WEB\ERP_Importa\
ERPImporta.exe: 00001404: 10:09:44 [TUniServerModule]:Debug Mode = ON
ERPImporta.exe: 00001404: 10:09:44 [TUniServerModule]:Starting HTTP Server on Port: 8077...
ERPImporta.exe: 00001404: 10:09:44 [TUniServerModule]:HTTP Server Started on Port: 8077
ERPImporta.exe: 00001720: 10:14:29 []:>--------------------------------------------------------------<
ERPImporta.exe: 00001720: 10:14:29 [TUniServerModule]:Server First Init.
ERPImporta.exe: 00001720: 10:14:29 [TUniServerModule]:Start Path = C:\Projetos_WEB\ERP_Importa\
ERPImporta.exe: 00001720: 10:14:30 [TUniServerModule]:Debug Mode = ON
ERPImporta.exe: 00001720: 10:14:30 [TUniServerModule]:Starting HTTP Server on Port: 8077...
ERPImporta.exe: 00001720: 10:14:30 [TUniServerModule]:HTTP Server Started on Port: 8077
ERPImporta.exe: 00001D64: 10:19:20 []:>--------------------------------------------------------------<
ERPImporta.exe: 00001D64: 10:19:20 [TUniServerModule]:Server First Init.
ERPImporta.exe: 00001D64: 10:19:20 [TUniServerModule]:Start Path = C:\Projetos_WEB\ERP_Importa\
ERPImporta.exe: 00001D64: 10:19:20 [TUniServerModule]:Debug Mode = ON
ERPImporta.exe: 00001D64: 10:19:20 [TUniServerModule]:Starting HTTP Server on Port: 8077...
ERPImporta.exe: 00001D64: 10:19:20 [TUniServerModule]:HTTP Server Started on Port: 8077
ERPImporta.exe: 00000E60: 10:20:40 []:>--------------------------------------------------------------<
ERPImporta.exe: 00000E60: 10:20:40 [TUniServerModule]:Server First Init.
ERPImporta.exe: 00000E60: 10:20:40 [TUniServerModule]:Start Path = C:\Projetos_WEB\ERP_Importa\
ERPImporta.exe: 00000E60: 10:20:40 [TUniServerModule]:Debug Mode = ON
ERPImporta.exe: 00000E60: 10:20:41 [TUniServerModule]:Starting HTTP Server on Port: 8077...
ERPImporta.exe: 00000E60: 10:20:41 [TUniServerModule]:HTTP Server Started on Port: 8077
ERPImporta.exe: 00003B78: 10:21:41 []:>--------------------------------------------------------------<
ERPImporta.exe: 00003B78: 10:21:41 [TUniServerModule]:Server First Init.
ERPImporta.exe: 00003B78: 10:21:41 [TUniServerModule]:Start Path = C:\Projetos_WEB\ERP_Importa\
ERPImporta.exe: 00003B78: 10:21:41 [TUniServerModule]:Debug Mode = ON
ERPImporta.exe: 00003B78: 10:21:41 [TUniServerModule]:Starting HTTP Server on Port: 8077...
ERPImporta.exe: 00003B78: 10:21:41 [TUniServerModule]:HTTP Server Started on Port: 8077
ERPImporta.exe: 000037EC: 10:25:43 []:>--------------------------------------------------------------<
ERPImporta.exe: 000037EC: 10:25:43 [TUniServerModule]:Server First Init.
ERPImporta.exe: 000037EC: 10:25:43 [TUniServerModule]:Start Path = C:\Projetos_WEB\ERP_Importa\
ERPImporta.exe: 000037EC: 10:25:43 [TUniServerModule]:Debug Mode = ON
ERPImporta.exe: 000037EC: 10:25:43 [TUniServerModule]:Starting HTTP Server on Port: 8077...
ERPImporta.exe: 000037EC: 10:25:43 [TUniServerModule]:HTTP Server Started on Port: 8077
ERPImporta.exe: 00001514: 10:26:49 []:>--------------------------------------------------------------<
ERPImporta.exe: 00001514: 10:26:49 [TUniServerModule]:Server First Init.
ERPImporta.exe: 00001514: 10:26:49 [TUniServerModule]:Start Path = C:\Projetos_WEB\ERP_Importa\
ERPImporta.exe: 00001514: 10:26:49 [TUniServerModule]:Debug Mode = ON
ERPImporta.exe: 00001514: 10:26:49 [TUniServerModule]:Starting HTTP Server on Port: 8077...
ERPImporta.exe: 00001514: 10:26:49 [TUniServerModule]:HTTP Server Started on Port: 8077
ERPImporta.exe: 00000C18: 10:27:30 []:>--------------------------------------------------------------<
ERPImporta.exe: 00000C18: 10:27:30 [TUniServerModule]:Server First Init.
ERPImporta.exe: 00000C18: 10:27:30 [TUniServerModule]:Start Path = C:\Projetos_WEB\ERP_Importa\
ERPImporta.exe: 00000C18: 10:27:31 [TUniServerModule]:Debug Mode = ON
ERPImporta.exe: 00000C18: 10:27:31 [TUniGUISessionManager]:Cache erase job created, Folder count: [1]
ERPImporta.exe: 00000C18: 10:27:31 [TUniServerModule]:Starting HTTP Server on Port: 8077...
ERPImporta.exe: 00000C18: 10:27:31 [TUniServerModule]:HTTP Server Started on Port: 8077
ERPImporta.exe: 00003344: 10:28:09 []:>--------------------------------------------------------------<
ERPImporta.exe: 00003344: 10:28:09 [TUniServerModule]:Server First Init.
ERPImporta.exe: 00003344: 10:28:09 [TUniServerModule]:Start Path = C:\Projetos_WEB\ERP_Importa\
ERPImporta.exe: 00003344: 10:28:09 [TUniServerModule]:Debug Mode = ON
ERPImporta.exe: 00003344: 10:28:09 [TUniGUISessionManager]:Cache erase job created, Folder count: [1]
ERPImporta.exe: 00003344: 10:28:09 [TUniServerModule]:Starting HTTP Server on Port: 8077...
ERPImporta.exe: 00003344: 10:28:09 [TUniServerModule]:HTTP Server Started on Port: 8077
ERPImporta.exe: 000002C8: 10:28:50 []:>--------------------------------------------------------------<
ERPImporta.exe: 000002C8: 10:28:50 [TUniServerModule]:Server First Init.
ERPImporta.exe: 000002C8: 10:28:50 [TUniServerModule]:Start Path = C:\Projetos_WEB\ERP_Importa\
ERPImporta.exe: 000002C8: 10:28:50 [TUniServerModule]:Debug Mode = ON
ERPImporta.exe: 000002C8: 10:28:50 [TUniServerModule]:Starting HTTP Server on Port: 8077...
ERPImporta.exe: 000002C8: 10:28:50 [TUniServerModule]:HTTP Server Started on Port: 8077
ERPImporta.exe: 00003D9C: 10:30:07 []:>--------------------------------------------------------------<
ERPImporta.exe: 00003D9C: 10:30:07 [TUniServerModule]:Server First Init.
ERPImporta.exe: 00003D9C: 10:30:07 [TUniServerModule]:Start Path = C:\Projetos_WEB\ERP_Importa\
ERPImporta.exe: 00003D9C: 10:30:07 [TUniServerModule]:Debug Mode = ON
ERPImporta.exe: 00003D9C: 10:30:08 [TUniServerModule]:Starting HTTP Server on Port: 8077...
ERPImporta.exe: 00003D9C: 10:30:08 [TUniServerModule]:HTTP Server Started on Port: 8077
ERPImporta.exe: 00003104: 10:31:07 []:>--------------------------------------------------------------<
ERPImporta.exe: 00003104: 10:31:07 [TUniServerModule]:Server First Init.
ERPImporta.exe: 00003104: 10:31:07 [TUniServerModule]:Start Path = C:\Projetos_WEB\ERP_Importa\
ERPImporta.exe: 00003104: 10:31:07 [TUniServerModule]:Debug Mode = ON
ERPImporta.exe: 00003104: 10:31:07 [TUniServerModule]:Starting HTTP Server on Port: 8077...
ERPImporta.exe: 00003104: 10:31:07 [TUniServerModule]:HTTP Server Started on Port: 8077
ERPImporta.exe: 00003AF8: 10:33:54 []:>--------------------------------------------------------------<
ERPImporta.exe: 00003AF8: 10:33:54 [TUniServerModule]:Server First Init.
ERPImporta.exe: 00003AF8: 10:33:54 [TUniServerModule]:Start Path = C:\Projetos_WEB\ERP_Importa\
ERPImporta.exe: 00003AF8: 10:33:54 [TUniServerModule]:Debug Mode = ON
ERPImporta.exe: 00003AF8: 10:33:54 [TUniGUISessionManager]:Cache erase job created, Folder count: [1]
ERPImporta.exe: 00003AF8: 10:33:54 [TUniServerModule]:Starting HTTP Server on Port: 8077...
ERPImporta.exe: 00003AF8: 10:33:54 [TUniServerModule]:HTTP Server Started on Port: 8077
ERPImporta.exe: 00003A40: 10:36:30 []:>--------------------------------------------------------------<
ERPImporta.exe: 00003A40: 10:36:30 [TUniServerModule]:Server First Init.
ERPImporta.exe: 00003A40: 10:36:30 [TUniServerModule]:Start Path = C:\Projetos_WEB\ERP_Importa\
ERPImporta.exe: 00003A40: 10:36:30 [TUniServerModule]:Debug Mode = ON
ERPImporta.exe: 00003A40: 10:36:30 [TUniServerModule]:Starting HTTP Server on Port: 8077...
ERPImporta.exe: 00003A40: 10:36:30 [TUniServerModule]:HTTP Server Started on Port: 8077
ERPImporta.exe: 00001180: 10:37:41 []:>--------------------------------------------------------------<
ERPImporta.exe: 00001180: 10:37:41 [TUniServerModule]:Server First Init.
ERPImporta.exe: 00001180: 10:37:41 [TUniServerModule]:Start Path = C:\Projetos_WEB\ERP_Importa\
ERPImporta.exe: 00001180: 10:37:41 [TUniServerModule]:Debug Mode = ON
ERPImporta.exe: 00001180: 10:37:42 [TUniServerModule]:Starting HTTP Server on Port: 8077...
ERPImporta.exe: 00001180: 10:37:42 [TUniServerModule]:HTTP Server Started on Port: 8077
ERPImporta.exe: 00000C1C: 10:38:56 []:>--------------------------------------------------------------<
ERPImporta.exe: 00000C1C: 10:38:56 [TUniServerModule]:Server First Init.
ERPImporta.exe: 00000C1C: 10:38:56 [TUniServerModule]:Start Path = C:\Projetos_WEB\ERP_Importa\
ERPImporta.exe: 00000C1C: 10:38:56 [TUniServerModule]:Debug Mode = ON
ERPImporta.exe: 00000C1C: 10:38:57 [TUniServerModule]:Starting HTTP Server on Port: 8077...
ERPImporta.exe: 00000C1C: 10:38:57 [TUniServerModule]:HTTP Server Started on Port: 8077
ERPImporta.exe: 0000371C: 10:42:19 []:>--------------------------------------------------------------<
ERPImporta.exe: 0000371C: 10:42:19 [TUniServerModule]:Server First Init.
ERPImporta.exe: 0000371C: 10:42:19 [TUniServerModule]:Start Path = C:\Projetos_WEB\ERP_Importa\
ERPImporta.exe: 0000371C: 10:42:19 [TUniServerModule]:Debug Mode = ON
ERPImporta.exe: 0000371C: 10:42:20 [TUniServerModule]:Starting HTTP Server on Port: 8077...
ERPImporta.exe: 0000371C: 10:42:20 [TUniServerModule]:HTTP Server Started on Port: 8077
ERPImporta.exe: 000019E8: 10:45:07 []:>--------------------------------------------------------------<
ERPImporta.exe: 000019E8: 10:45:07 [TUniServerModule]:Server First Init.
ERPImporta.exe: 000019E8: 10:45:07 [TUniServerModule]:Start Path = C:\Projetos_WEB\ERP_Importa\
ERPImporta.exe: 000019E8: 10:45:07 [TUniServerModule]:Debug Mode = ON
ERPImporta.exe: 000019E8: 10:45:08 [TUniServerModule]:Starting HTTP Server on Port: 8077...
ERPImporta.exe: 000019E8: 10:45:08 [TUniServerModule]:HTTP Server Started on Port: 8077
ERPImporta.exe: 00001AF4: 10:52:30 []:>--------------------------------------------------------------<
ERPImporta.exe: 00001AF4: 10:52:30 [TUniServerModule]:Server First Init.
ERPImporta.exe: 00001AF4: 10:52:30 [TUniServerModule]:Start Path = C:\Projetos_WEB\ERP_Importa\
ERPImporta.exe: 00001AF4: 10:52:30 [TUniServerModule]:Debug Mode = ON
ERPImporta.exe: 00001AF4: 10:52:30 [TUniServerModule]:Starting HTTP Server on Port: 8077...
ERPImporta.exe: 00001AF4: 10:52:30 [TUniServerModule]:HTTP Server Started on Port: 8077
ERPImporta.exe: 00001E4C: 10:53:26 []:>--------------------------------------------------------------<
ERPImporta.exe: 00001E4C: 10:53:26 [TUniServerModule]:Server First Init.
ERPImporta.exe: 00001E4C: 10:53:26 [TUniServerModule]:Start Path = C:\Projetos_WEB\ERP_Importa\
ERPImporta.exe: 00001E4C: 10:53:26 [TUniServerModule]:Debug Mode = ON
ERPImporta.exe: 00001E4C: 10:53:26 [TUniServerModule]:Starting HTTP Server on Port: 8077...
ERPImporta.exe: 00001E4C: 10:53:26 [TUniServerModule]:HTTP Server Started on Port: 8077
ERPImporta.exe: 000014DC: 10:55:07 []:>--------------------------------------------------------------<
ERPImporta.exe: 000014DC: 10:55:07 [TUniServerModule]:Server First Init.
ERPImporta.exe: 000014DC: 10:55:07 [TUniServerModule]:Start Path = C:\Projetos_WEB\ERP_Importa\
ERPImporta.exe: 000014DC: 10:55:07 [TUniServerModule]:Debug Mode = ON
ERPImporta.exe: 000014DC: 10:55:07 [TUniServerModule]:Starting HTTP Server on Port: 8077...
ERPImporta.exe: 000014DC: 10:55:07 [TUniServerModule]:HTTP Server Started on Port: 8077
ERPImporta.exe: 000028F4: 10:56:22 []:>--------------------------------------------------------------<
ERPImporta.exe: 000028F4: 10:56:22 [TUniServerModule]:Server First Init.
ERPImporta.exe: 000028F4: 10:56:22 [TUniServerModule]:Start Path = C:\Projetos_WEB\ERP_Importa\
ERPImporta.exe: 000028F4: 10:56:22 [TUniServerModule]:Debug Mode = ON
ERPImporta.exe: 000028F4: 10:56:22 [TUniServerModule]:Starting HTTP Server on Port: 8077...
ERPImporta.exe: 000028F4: 10:56:22 [TUniServerModule]:HTTP Server Started on Port: 8077
ERPImporta.exe: 000039D0: 10:59:13 []:>--------------------------------------------------------------<
ERPImporta.exe: 000039D0: 10:59:13 [TUniServerModule]:Server First Init.
ERPImporta.exe: 000039D0: 10:59:13 [TUniServerModule]:Start Path = C:\Projetos_WEB\ERP_Importa\
ERPImporta.exe: 000039D0: 10:59:13 [TUniServerModule]:Debug Mode = ON
ERPImporta.exe: 000039D0: 10:59:13 [TUniGUISessionManager]:Cache erase job created, Folder count: [1]
ERPImporta.exe: 000039D0: 10:59:13 [TUniServerModule]:Starting HTTP Server on Port: 8077...
ERPImporta.exe: 000039D0: 10:59:13 [TUniServerModule]:HTTP Server Started on Port: 8077
ERPImporta.exe: 00002394: 11:00:10 []:>--------------------------------------------------------------<
ERPImporta.exe: 00002394: 11:00:10 [TUniServerModule]:Server First Init.
ERPImporta.exe: 00002394: 11:00:10 [TUniServerModule]:Start Path = C:\Projetos_WEB\ERP_Importa\
ERPImporta.exe: 00002394: 11:00:10 [TUniServerModule]:Debug Mode = ON
ERPImporta.exe: 00002394: 11:00:11 [TUniServerModule]:Starting HTTP Server on Port: 8077...
ERPImporta.exe: 00002394: 11:00:11 [TUniServerModule]:HTTP Server Started on Port: 8077
ERPImporta.exe: 00002C18: 11:02:19 []:>--------------------------------------------------------------<
ERPImporta.exe: 00002C18: 11:02:19 [TUniServerModule]:Server First Init.
ERPImporta.exe: 00002C18: 11:02:19 [TUniServerModule]:Start Path = C:\Projetos_WEB\ERP_Importa\
ERPImporta.exe: 00002C18: 11:02:19 [TUniServerModule]:Debug Mode = ON
ERPImporta.exe: 00002C18: 11:02:19 [TUniServerModule]:Starting HTTP Server on Port: 8077...
ERPImporta.exe: 00002C18: 11:02:19 [TUniServerModule]:HTTP Server Started on Port: 8077
ERPImporta.exe: 00002DDC: 11:06:07 []:>--------------------------------------------------------------<
ERPImporta.exe: 00002DDC: 11:06:07 [TUniServerModule]:Server First Init.
ERPImporta.exe: 00002DDC: 11:06:07 [TUniServerModule]:Start Path = C:\Projetos_WEB\ERP_Importa\
ERPImporta.exe: 00002DDC: 11:06:07 [TUniServerModule]:Debug Mode = ON
ERPImporta.exe: 00002DDC: 11:06:07 [TUniServerModule]:Starting HTTP Server on Port: 8077...
ERPImporta.exe: 00002DDC: 11:06:08 [TUniServerModule]:HTTP Server Started on Port: 8077
ERPImporta.exe: 00002D18: 11:23:11 []:>--------------------------------------------------------------<
ERPImporta.exe: 00002D18: 11:23:11 [TUniServerModule]:Server First Init.
ERPImporta.exe: 00002D18: 11:23:11 [TUniServerModule]:Start Path = C:\Projetos_WEB\ERP_Importa\
ERPImporta.exe: 00002D18: 11:23:11 [TUniServerModule]:Debug Mode = ON
ERPImporta.exe: 00002D18: 11:23:11 [TUniServerModule]:Starting HTTP Server on Port: 8077...
ERPImporta.exe: 00002D18: 11:23:11 [TUniServerModule]:HTTP Server Started on Port: 8077
ERPImporta.exe: 00002AD0: 11:24:36 []:>--------------------------------------------------------------<
ERPImporta.exe: 00002AD0: 11:24:36 [TUniServerModule]:Server First Init.
ERPImporta.exe: 00002AD0: 11:24:36 [TUniServerModule]:Start Path = C:\Projetos_WEB\ERP_Importa\
ERPImporta.exe: 00002AD0: 11:24:36 [TUniServerModule]:Debug Mode = ON
ERPImporta.exe: 00002AD0: 11:24:36 [TUniServerModule]:Starting HTTP Server on Port: 8077...
ERPImporta.exe: 00002AD0: 11:24:37 [TUniServerModule]:HTTP Server Started on Port: 8077
ERPImporta.exe: 000037F0: 11:26:13 []:>--------------------------------------------------------------<
ERPImporta.exe: 000037F0: 11:26:13 [TUniServerModule]:Server First Init.
ERPImporta.exe: 000037F0: 11:26:13 [TUniServerModule]:Start Path = C:\Projetos_WEB\ERP_Importa\
ERPImporta.exe: 000037F0: 11:26:13 [TUniServerModule]:Debug Mode = ON
ERPImporta.exe: 000037F0: 11:26:14 [TUniServerModule]:Starting HTTP Server on Port: 8077...
ERPImporta.exe: 000037F0: 11:26:14 [TUniServerModule]:HTTP Server Started on Port: 8077
ERPImporta.exe: 0000296C: 11:28:32 []:>--------------------------------------------------------------<
ERPImporta.exe: 0000296C: 11:28:32 [TUniServerModule]:Server First Init.
ERPImporta.exe: 0000296C: 11:28:32 [TUniServerModule]:Start Path = C:\Projetos_WEB\ERP_Importa\
ERPImporta.exe: 0000296C: 11:28:32 [TUniServerModule]:Debug Mode = ON
ERPImporta.exe: 0000296C: 11:28:32 [TUniServerModule]:Starting HTTP Server on Port: 8077...
ERPImporta.exe: 0000296C: 11:28:32 [TUniServerModule]:HTTP Server Started on Port: 8077
ERPImporta.exe: 00001064: 11:31:19 []:>--------------------------------------------------------------<
ERPImporta.exe: 00001064: 11:31:19 [TUniServerModule]:Server First Init.
ERPImporta.exe: 00001064: 11:31:19 [TUniServerModule]:Start Path = C:\Projetos_WEB\ERP_Importa\
ERPImporta.exe: 00001064: 11:31:19 [TUniServerModule]:Debug Mode = ON
ERPImporta.exe: 00001064: 11:31:20 [TUniServerModule]:Starting HTTP Server on Port: 8077...
ERPImporta.exe: 00001064: 11:31:20 [TUniServerModule]:HTTP Server Started on Port: 8077
ERPImporta.exe: 00000870: 11:32:13 []:>--------------------------------------------------------------<
ERPImporta.exe: 00000870: 11:32:13 [TUniServerModule]:Server First Init.
ERPImporta.exe: 00000870: 11:32:13 [TUniServerModule]:Start Path = C:\Projetos_WEB\ERP_Importa\
ERPImporta.exe: 00000870: 11:32:14 [TUniServerModule]:Debug Mode = ON
ERPImporta.exe: 00000870: 11:32:14 [TUniGUISessionManager]:Cache erase job created, Folder count: [1]
ERPImporta.exe: 00000870: 11:32:14 [TUniServerModule]:Starting HTTP Server on Port: 8077...
ERPImporta.exe: 00000870: 11:32:14 [TUniServerModule]:HTTP Server Started on Port: 8077
ERPImporta.exe: 000011D0: 11:34:38 [127.0.0.1]:EUniSessionException : Sessão inváilda ou tempo da sessão expirado. (Session not found: ON8GBlMGXx10CB667CA ) : Addr: $007CE9EE
ERPImporta.exe: 000031B4: 11:35:54 []:>--------------------------------------------------------------<
ERPImporta.exe: 000031B4: 11:35:54 [TUniServerModule]:Server First Init.
ERPImporta.exe: 000031B4: 11:35:54 [TUniServerModule]:Start Path = C:\Projetos_WEB\ERP_Importa\
ERPImporta.exe: 000031B4: 11:35:54 [TUniServerModule]:Debug Mode = ON
ERPImporta.exe: 000031B4: 11:35:55 [TUniServerModule]:Starting HTTP Server on Port: 8077...
ERPImporta.exe: 000031B4: 11:35:55 [TUniServerModule]:HTTP Server Started on Port: 8077
ERPImporta.exe: 00000778: 11:36:58 []:>--------------------------------------------------------------<
ERPImporta.exe: 00000778: 11:36:58 [TUniServerModule]:Server First Init.
ERPImporta.exe: 00000778: 11:36:58 [TUniServerModule]:Start Path = C:\Projetos_WEB\ERP_Importa\
ERPImporta.exe: 00000778: 11:36:58 [TUniServerModule]:Debug Mode = ON
ERPImporta.exe: 00000778: 11:36:59 [TUniServerModule]:Starting HTTP Server on Port: 8077...
ERPImporta.exe: 00000778: 11:36:59 [TUniServerModule]:HTTP Server Started on Port: 8077
ERPImporta.exe: 00000D64: 11:38:42 []:>--------------------------------------------------------------<
ERPImporta.exe: 00000D64: 11:38:42 [TUniServerModule]:Server First Init.
ERPImporta.exe: 00000D64: 11:38:42 [TUniServerModule]:Start Path = C:\Projetos_WEB\ERP_Importa\
ERPImporta.exe: 00000D64: 11:38:42 [TUniServerModule]:Debug Mode = ON
ERPImporta.exe: 00000D64: 11:38:42 [TUniServerModule]:Starting HTTP Server on Port: 8077...
ERPImporta.exe: 00000D64: 11:38:42 [TUniServerModule]:HTTP Server Started on Port: 8077
ERPImporta.exe: 0000400C: 11:58:04 []:>--------------------------------------------------------------<
ERPImporta.exe: 0000400C: 11:58:04 [TUniServerModule]:Server First Init.
ERPImporta.exe: 0000400C: 11:58:04 [TUniServerModule]:Start Path = C:\Projetos_WEB\ERP_Importa\
ERPImporta.exe: 0000400C: 11:58:04 [TUniServerModule]:Debug Mode = ON
ERPImporta.exe: 0000400C: 11:58:04 [TUniServerModule]:Starting HTTP Server on Port: 8077...
ERPImporta.exe: 0000400C: 11:58:04 [TUniServerModule]:HTTP Server Started on Port: 8077
ERPImporta.exe: 000008C4: 12:00:22 []:>--------------------------------------------------------------<
ERPImporta.exe: 000008C4: 12:00:22 [TUniServerModule]:Server First Init.
ERPImporta.exe: 000008C4: 12:00:22 [TUniServerModule]:Start Path = C:\Projetos_WEB\ERP_Importa\
ERPImporta.exe: 000008C4: 12:00:22 [TUniServerModule]:Debug Mode = ON
ERPImporta.exe: 000008C4: 12:00:23 [TUniServerModule]:Starting HTTP Server on Port: 8077...
ERPImporta.exe: 000008C4: 12:00:23 [TUniServerModule]:HTTP Server Started on Port: 8077
ERPImporta.exe: 00002838: 12:03:14 []:>--------------------------------------------------------------<
ERPImporta.exe: 00002838: 12:03:14 [TUniServerModule]:Server First Init.
ERPImporta.exe: 00002838: 12:03:14 [TUniServerModule]:Start Path = C:\Projetos_WEB\ERP_Importa\
ERPImporta.exe: 00002838: 12:03:14 [TUniServerModule]:Debug Mode = ON
ERPImporta.exe: 00002838: 12:03:14 [TUniServerModule]:Starting HTTP Server on Port: 8077...
ERPImporta.exe: 00002838: 12:03:14 [TUniServerModule]:HTTP Server Started on Port: 8077
ERPImporta.exe: 00001178: 12:06:25 []:>--------------------------------------------------------------<
ERPImporta.exe: 00001178: 12:06:25 [TUniServerModule]:Server First Init.
ERPImporta.exe: 00001178: 12:06:25 [TUniServerModule]:Start Path = C:\Projetos_WEB\ERP_Importa\
ERPImporta.exe: 00001178: 12:06:26 [TUniServerModule]:Debug Mode = ON
ERPImporta.exe: 00001178: 12:06:26 [TUniGUISessionManager]:Cache erase job created, Folder count: [1]
ERPImporta.exe: 00001178: 12:06:26 [TUniServerModule]:Starting HTTP Server on Port: 8077...
ERPImporta.exe: 00001178: 12:06:26 [TUniServerModule]:HTTP Server Started on Port: 8077
ERPImporta.exe: 00000308: 12:08:06 []:>--------------------------------------------------------------<
ERPImporta.exe: 00000308: 12:08:06 [TUniServerModule]:Server First Init.
ERPImporta.exe: 00000308: 12:08:06 [TUniServerModule]:Start Path = C:\Projetos_WEB\ERP_Importa\
ERPImporta.exe: 00000308: 12:08:06 [TUniServerModule]:Debug Mode = ON
ERPImporta.exe: 00000308: 12:08:06 [TUniServerModule]:Starting HTTP Server on Port: 8077...
ERPImporta.exe: 00000308: 12:08:06 [TUniServerModule]:HTTP Server Started on Port: 8077
ERPImporta.exe: 0000405C: 12:09:15 []:>--------------------------------------------------------------<
ERPImporta.exe: 0000405C: 12:09:15 [TUniServerModule]:Server First Init.
ERPImporta.exe: 0000405C: 12:09:15 [TUniServerModule]:Start Path = C:\Projetos_WEB\ERP_Importa\
ERPImporta.exe: 0000405C: 12:09:15 [TUniServerModule]:Debug Mode = ON
ERPImporta.exe: 0000405C: 12:09:16 [TUniServerModule]:Starting HTTP Server on Port: 8077...
ERPImporta.exe: 0000405C: 12:09:16 [TUniServerModule]:HTTP Server Started on Port: 8077
ERPImporta.exe: 00003840: 12:10:14 []:>--------------------------------------------------------------<
ERPImporta.exe: 00003840: 12:10:14 [TUniServerModule]:Server First Init.
ERPImporta.exe: 00003840: 12:10:14 [TUniServerModule]:Start Path = C:\Projetos_WEB\ERP_Importa\
ERPImporta.exe: 00003840: 12:10:14 [TUniServerModule]:Debug Mode = ON
ERPImporta.exe: 00003840: 12:10:14 [TUniServerModule]:Starting HTTP Server on Port: 8077...
ERPImporta.exe: 00003840: 12:10:14 [TUniServerModule]:HTTP Server Started on Port: 8077
ERPImporta.exe: 00003C24: 12:12:37 []:>--------------------------------------------------------------<
ERPImporta.exe: 00003C24: 12:12:37 [TUniServerModule]:Server First Init.
ERPImporta.exe: 00003C24: 12:12:37 [TUniServerModule]:Start Path = C:\Projetos_WEB\ERP_Importa\
ERPImporta.exe: 00003C24: 12:12:37 [TUniServerModule]:Debug Mode = ON
ERPImporta.exe: 00003C24: 12:12:37 [TUniServerModule]:Starting HTTP Server on Port: 8077...
ERPImporta.exe: 00003C24: 12:12:37 [TUniServerModule]:HTTP Server Started on Port: 8077
ERPImporta.exe: 000038E0: 12:14:56 []:>--------------------------------------------------------------<
ERPImporta.exe: 000038E0: 12:14:56 [TUniServerModule]:Server First Init.
ERPImporta.exe: 000038E0: 12:14:56 [TUniServerModule]:Start Path = C:\Projetos_WEB\ERP_Importa\
ERPImporta.exe: 000038E0: 12:14:56 [TUniServerModule]:Debug Mode = ON
ERPImporta.exe: 000038E0: 12:14:56 [TUniGUISessionManager]:Cache erase job created, Folder count: [1]
ERPImporta.exe: 000038E0: 12:14:57 [TUniServerModule]:Starting HTTP Server on Port: 8077...
ERPImporta.exe: 000038E0: 12:14:57 [TUniServerModule]:HTTP Server Started on Port: 8077
ERPImporta.exe: 00002D3C: 12:16:49 []:>--------------------------------------------------------------<
ERPImporta.exe: 00002D3C: 12:16:49 [TUniServerModule]:Server First Init.
ERPImporta.exe: 00002D3C: 12:16:49 [TUniServerModule]:Start Path = C:\Projetos_WEB\ERP_Importa\
ERPImporta.exe: 00002D3C: 12:16:49 [TUniServerModule]:Debug Mode = ON
ERPImporta.exe: 00002D3C: 12:16:49 [TUniServerModule]:Starting HTTP Server on Port: 8077...
ERPImporta.exe: 00002D3C: 12:16:49 [TUniServerModule]:HTTP Server Started on Port: 8077
ERPImporta.exe: 00002C6C: 12:17:52 []:>--------------------------------------------------------------<
ERPImporta.exe: 00002C6C: 12:17:52 [TUniServerModule]:Server First Init.
ERPImporta.exe: 00002C6C: 12:17:52 [TUniServerModule]:Start Path = C:\Projetos_WEB\ERP_Importa\
ERPImporta.exe: 00002C6C: 12:17:52 [TUniServerModule]:Debug Mode = ON
ERPImporta.exe: 00002C6C: 12:17:52 [TUniServerModule]:Starting HTTP Server on Port: 8077...
ERPImporta.exe: 00002C6C: 12:17:53 [TUniServerModule]:HTTP Server Started on Port: 8077
ERPImporta.exe: 000037DC: 12:18:30 []:>--------------------------------------------------------------<
ERPImporta.exe: 000037DC: 12:18:30 [TUniServerModule]:Server First Init.
ERPImporta.exe: 000037DC: 12:18:30 [TUniServerModule]:Start Path = C:\Projetos_WEB\ERP_Importa\
ERPImporta.exe: 000037DC: 12:18:30 [TUniServerModule]:Debug Mode = ON
ERPImporta.exe: 000037DC: 12:18:30 [TUniServerModule]:Starting HTTP Server on Port: 8077...
ERPImporta.exe: 000037DC: 12:18:30 [TUniServerModule]:HTTP Server Started on Port: 8077
ERPImporta.exe: 00002550: 12:19:28 []:>--------------------------------------------------------------<
ERPImporta.exe: 00002550: 12:19:28 [TUniServerModule]:Server First Init.
ERPImporta.exe: 00002550: 12:19:28 [TUniServerModule]:Start Path = C:\Projetos_WEB\ERP_Importa\
ERPImporta.exe: 00002550: 12:19:28 [TUniServerModule]:Debug Mode = ON
ERPImporta.exe: 00002550: 12:19:28 [TUniServerModule]:Starting HTTP Server on Port: 8077...
ERPImporta.exe: 00002550: 12:19:29 [TUniServerModule]:HTTP Server Started on Port: 8077
ERPImporta.exe: 00003B20: 12:22:58 []:>--------------------------------------------------------------<
ERPImporta.exe: 00003B20: 12:22:58 [TUniServerModule]:Server First Init.
ERPImporta.exe: 00003B20: 12:22:58 [TUniServerModule]:Start Path = C:\Projetos_WEB\ERP_Importa\
ERPImporta.exe: 00003B20: 12:22:58 [TUniServerModule]:Debug Mode = ON
ERPImporta.exe: 00003B20: 12:22:58 [TUniServerModule]:Starting HTTP Server on Port: 8077...
ERPImporta.exe: 00003B20: 12:22:58 [TUniServerModule]:HTTP Server Started on Port: 8077
ERPImporta.exe: 000042CC: 12:25:11 []:>--------------------------------------------------------------<
ERPImporta.exe: 000042CC: 12:25:11 [TUniServerModule]:Server First Init.
ERPImporta.exe: 000042CC: 12:25:11 [TUniServerModule]:Start Path = C:\Projetos_WEB\ERP_Importa\
ERPImporta.exe: 000042CC: 12:25:11 [TUniServerModule]:Debug Mode = ON
ERPImporta.exe: 000042CC: 12:25:12 [TUniServerModule]:Starting HTTP Server on Port: 8077...
ERPImporta.exe: 000042CC: 12:25:12 [TUniServerModule]:HTTP Server Started on Port: 8077
ERPImporta.exe: 00001CE8: 12:27:15 [127.0.0.1]:EDatabaseError : Empresas: Field 'CNPJ.Razao_Social' not found : Addr: $0065756A
ERPImporta.exe: 000037D8: 12:29:56 []:>--------------------------------------------------------------<
ERPImporta.exe: 000037D8: 12:29:56 [TUniServerModule]:Server First Init.
ERPImporta.exe: 000037D8: 12:29:56 [TUniServerModule]:Start Path = C:\Projetos_WEB\ERP_Importa\
ERPImporta.exe: 000037D8: 12:29:56 [TUniServerModule]:Debug Mode = ON
ERPImporta.exe: 000037D8: 12:29:56 [TUniGUISessionManager]:Cache erase job created, Folder count: [1]
ERPImporta.exe: 000037D8: 12:29:57 [TUniServerModule]:Starting HTTP Server on Port: 8077...
ERPImporta.exe: 000037D8: 12:29:57 [TUniServerModule]:HTTP Server Started on Port: 8077
ERPImporta.exe: 00002018: 12:30:06 [127.0.0.1]:EUniSessionException : Sessão inváilda ou tempo da sessão expirado. (Session not found: aguSflXDSq10CB67667 ) : Addr: $007CE9EE
ERPImporta.exe: 00000594: 12:30:18 []:>--------------------------------------------------------------<
ERPImporta.exe: 00000594: 12:30:18 [TUniServerModule]:Server First Init.
ERPImporta.exe: 00000594: 12:30:18 [TUniServerModule]:Start Path = C:\Projetos_WEB\ERP_Importa\
ERPImporta.exe: 00000594: 12:30:18 [TUniServerModule]:Debug Mode = ON
ERPImporta.exe: 00000594: 12:30:18 [TUniServerModule]:Starting HTTP Server on Port: 8077...
ERPImporta.exe: 00000594: 12:30:18 [TUniServerModule]:HTTP Server Started on Port: 8077
ERPImporta.exe: 00001AD4: 12:31:13 []:>--------------------------------------------------------------<
ERPImporta.exe: 00001AD4: 12:31:13 [TUniServerModule]:Server First Init.
ERPImporta.exe: 00001AD4: 12:31:13 [TUniServerModule]:Start Path = C:\Projetos_WEB\ERP_Importa\
ERPImporta.exe: 00001AD4: 12:31:13 [TUniServerModule]:Debug Mode = ON
ERPImporta.exe: 00001AD4: 12:31:13 [TUniGUISessionManager]:Cache erase job created, Folder count: [1]
ERPImporta.exe: 00001AD4: 12:31:14 [TUniServerModule]:Starting HTTP Server on Port: 8077...
ERPImporta.exe: 00001AD4: 12:31:14 [TUniServerModule]:HTTP Server Started on Port: 8077
ERPImporta.exe: 000042DC: 12:32:29 [[FireDAC][Phys][ODBC][Microsoft][SQL Server Native Client 11.0][SQL Server]Invalid object name 'PlanoFinanceiro'.-127.0.0.1]:EMSSQLNativeException : [FireDAC][Phys][ODBC][Microsoft][SQL Server Native Client 11.0][SQL Server]Invalid object name 'PlanoFinanceiro'. : Addr: $008DDD19
ERPImporta.exe: 000042DC: 12:32:51 [cDescricao: Field 'Descricao' not found-127.0.0.1]:EDatabaseError : cDescricao: Field 'Descricao' not found : Addr: $0065756A
ERPImporta.exe: 000008AC: 12:33:32 []:>--------------------------------------------------------------<
ERPImporta.exe: 000008AC: 12:33:32 [TUniServerModule]:Server First Init.
ERPImporta.exe: 000008AC: 12:33:32 [TUniServerModule]:Start Path = C:\Projetos_WEB\ERP_Importa\
ERPImporta.exe: 000008AC: 12:33:32 [TUniServerModule]:Debug Mode = ON
ERPImporta.exe: 000008AC: 12:33:32 [TUniGUISessionManager]:Cache erase job created, Folder count: [1]
ERPImporta.exe: 000008AC: 12:33:32 [TUniServerModule]:Starting HTTP Server on Port: 8077...
ERPImporta.exe: 000008AC: 12:33:32 [TUniServerModule]:HTTP Server Started on Port: 8077
ERPImporta.exe: 00000CE8: 12:34:10 [127.0.0.1]:EDatabaseError : Empresas: Field 'CNPJ.Razao_Social' not found : Addr: $0065756A
ERPImporta.exe: 00001774: 13:11:08 []:>--------------------------------------------------------------<
ERPImporta.exe: 00001774: 13:11:08 [TUniServerModule]:Server First Init.
ERPImporta.exe: 00001774: 13:11:08 [TUniServerModule]:Start Path = C:\Projetos_WEB\ERP_Importa\
ERPImporta.exe: 00001774: 13:11:08 [TUniServerModule]:Debug Mode = ON
ERPImporta.exe: 00001774: 13:11:09 [TUniServerModule]:Starting HTTP Server on Port: 8077...
ERPImporta.exe: 00001774: 13:11:09 [TUniServerModule]:HTTP Server Started on Port: 8077
ERPImporta.exe: 00003538: 13:16:47 []:>--------------------------------------------------------------<
ERPImporta.exe: 00003538: 13:16:47 [TUniServerModule]:Server First Init.
ERPImporta.exe: 00003538: 13:16:47 [TUniServerModule]:Start Path = C:\Projetos_WEB\ERP_Importa\
ERPImporta.exe: 00003538: 13:16:47 [TUniServerModule]:Debug Mode = ON
ERPImporta.exe: 00003538: 13:16:47 [TUniGUISessionManager]:Cache erase job created, Folder count: [1]
ERPImporta.exe: 00003538: 13:16:47 [TUniServerModule]:Starting HTTP Server on Port: 8077...
ERPImporta.exe: 00003538: 13:16:47 [TUniServerModule]:HTTP Server Started on Port: 8077
ERPImporta.exe: 00003714: 13:17:05 [HandleFileRequest[127.0.0.1]]:File not found: C:\Projetos_WEB\ERP_Importa\files\images\fundo8.jpg
ERPImporta.exe: 0000166C: 13:19:17 []:>--------------------------------------------------------------<
ERPImporta.exe: 0000166C: 13:19:17 [TUniServerModule]:Server First Init.
ERPImporta.exe: 0000166C: 13:19:17 [TUniServerModule]:Start Path = C:\Projetos_WEB\ERP_Importa\
ERPImporta.exe: 0000166C: 13:19:17 [TUniServerModule]:Debug Mode = ON
ERPImporta.exe: 0000166C: 13:19:18 [TUniServerModule]:Starting HTTP Server on Port: 8077...
ERPImporta.exe: 0000166C: 13:19:18 [TUniServerModule]:HTTP Server Started on Port: 8077
ERPImporta.exe: 00001C18: 13:21:14 []:>--------------------------------------------------------------<
ERPImporta.exe: 00001C18: 13:21:14 [TUniServerModule]:Server First Init.
ERPImporta.exe: 00001C18: 13:21:14 [TUniServerModule]:Start Path = C:\Projetos_WEB\ERP_Importa\
ERPImporta.exe: 00001C18: 13:21:14 [TUniServerModule]:Debug Mode = ON
ERPImporta.exe: 00001C18: 13:21:14 [TUniGUISessionManager]:Cache erase job created, Folder count: [1]
ERPImporta.exe: 00001C18: 13:21:14 [TUniServerModule]:Starting HTTP Server on Port: 8077...
ERPImporta.exe: 00001C18: 13:21:14 [TUniServerModule]:HTTP Server Started on Port: 8077
ERPImporta.exe: 00003F90: 13:26:33 []:>--------------------------------------------------------------<
ERPImporta.exe: 00003F90: 13:26:33 [TUniServerModule]:Server First Init.
ERPImporta.exe: 00003F90: 13:26:33 [TUniServerModule]:Start Path = C:\Projetos_WEB\ERP_Importa\
ERPImporta.exe: 00003F90: 13:26:33 [TUniServerModule]:Debug Mode = ON
ERPImporta.exe: 00003F90: 13:26:33 [TUniGUISessionManager]:Cache erase job created, Folder count: [1]
ERPImporta.exe: 00003F90: 13:26:33 [TUniServerModule]:Starting HTTP Server on Port: 8077...
ERPImporta.exe: 00003F90: 13:26:33 [TUniServerModule]:HTTP Server Started on Port: 8077
ERPImporta.exe: 00000780: 13:26:37 [127.0.0.1]:EUniSessionException : Sessão inváilda ou tempo da sessão expirado. (Session not found: ietjf5d2m710CB6859B ) : Addr: $007CE9EE
ERPImporta.exe: 000047C8: 13:26:37 [127.0.0.1]:EUniSessionException : Sessão inváilda ou tempo da sessão expirado. (Session not found: ietjf5d2m710CB6859B ) : Addr: $007CE9EE
ERPImporta.exe: 00002224: 13:26:58 []:>--------------------------------------------------------------<
ERPImporta.exe: 00002224: 13:26:58 [TUniServerModule]:Server First Init.
ERPImporta.exe: 00002224: 13:26:58 [TUniServerModule]:Start Path = C:\Projetos_WEB\ERP_Importa\
ERPImporta.exe: 00002224: 13:26:58 [TUniServerModule]:Debug Mode = ON
ERPImporta.exe: 00002224: 13:26:58 [TUniGUISessionManager]:Cache erase job created, Folder count: [1]
ERPImporta.exe: 00002224: 13:26:58 [TUniServerModule]:Starting HTTP Server on Port: 8077...
ERPImporta.exe: 00002224: 13:26:58 [TUniServerModule]:HTTP Server Started on Port: 8077
ERPImporta.exe: 00004624: 13:28:12 [HandleFileRequest[127.0.0.1]]:File not found: C:\Projetos_WEB\ERP_Importa\files\images\fundo8.jpg
ERPImporta.exe: 00001210: 13:32:10 []:>--------------------------------------------------------------<
ERPImporta.exe: 00001210: 13:32:10 [TUniServerModule]:Server First Init.
ERPImporta.exe: 00001210: 13:32:10 [TUniServerModule]:Start Path = C:\Projetos_WEB\ERP_Importa\
ERPImporta.exe: 00001210: 13:32:10 [TUniServerModule]:Debug Mode = ON
ERPImporta.exe: 00001210: 13:32:10 [TUniServerModule]:Starting HTTP Server on Port: 8077...
ERPImporta.exe: 00001210: 13:32:10 [TUniServerModule]:HTTP Server Started on Port: 8077
ERPImporta.exe: 00002BC0: 13:32:54 []:>--------------------------------------------------------------<
ERPImporta.exe: 00002BC0: 13:32:54 [TUniServerModule]:Server First Init.
ERPImporta.exe: 00002BC0: 13:32:54 [TUniServerModule]:Start Path = C:\Projetos_WEB\ERP_Importa\
ERPImporta.exe: 00002BC0: 13:32:54 [TUniServerModule]:Debug Mode = ON
ERPImporta.exe: 00002BC0: 13:32:54 [TUniGUISessionManager]:Cache erase job created, Folder count: [1]
ERPImporta.exe: 00002BC0: 13:32:54 [TUniServerModule]:Starting HTTP Server on Port: 8077...
ERPImporta.exe: 00002BC0: 13:32:54 [TUniServerModule]:HTTP Server Started on Port: 8077
ERPImporta.exe: 00000C20: 13:33:00 [127.0.0.1]:EUniSessionException : Sessão inváilda ou tempo da sessão expirado. (Session not found: hA8WwYTmDR10CB68892 ) : Addr: $007CE9EE
ERPImporta.exe: 00003970: 13:35:07 [[FireDAC][Phys][ODBC][Microsoft][SQL Server Native Client 11.0][SQL Server]Invalid column name 'Nome'.-127.0.0.1]:EMSSQLNativeException : [FireDAC][Phys][ODBC][Microsoft][SQL Server Native Client 11.0][SQL Server]Invalid column name 'Nome'. : Addr: $008DDD19
ERPImporta.exe: 00003970: 13:35:47 [[FireDAC][Phys][ODBC][Microsoft][SQL Server Native Client 11.0][SQL Server]Invalid object name 'ModalidadeImportacao'.-127.0.0.1]:EMSSQLNativeException : [FireDAC][Phys][ODBC][Microsoft][SQL Server Native Client 11.0][SQL Server]Invalid object name 'ModalidadeImportacao'. : Addr: $008DDD19
