ERPImporta.exe: 00004930: 14:08:34 []:>--------------------------------------------------------------<
ERPImporta.exe: 00004930: 14:08:34 [TUniServerModule]:Server First Init.
ERPImporta.exe: 00004930: 14:08:34 [TUniServerModule]:Start Path = D:\Projetos_WEB\ERP_Importa\
ERPImporta.exe: 00004930: 14:08:34 [TUniServerModule]:Debug Mode = ON
ERPImporta.exe: 00004930: 14:08:35 [TUniServerModule]:Starting HTTP Server on Port: 8077...
ERPImporta.exe: 00004930: 14:08:35 [TUniServerModule]:HTTP Server Started on Port: 8077
ERPImporta.exe: 00003118: 14:14:55 []:>--------------------------------------------------------------<
ERPImporta.exe: 00003118: 14:14:55 [TUniServerModule]:Server First Init.
ERPImporta.exe: 00003118: 14:14:55 [TUniServerModule]:Start Path = D:\Projetos_WEB\ERP_Importa\
ERPImporta.exe: 00003118: 14:14:55 [TUniServerModule]:Debug Mode = ON
ERPImporta.exe: 00003118: 14:14:55 [TUniServerModule]:Starting HTTP Server on Port: 8077...
ERPImporta.exe: 00003118: 14:14:55 [TUniServerModule]:HTTP Server Started on Port: 8077
ERPImporta.exe: 00004944: 14:20:05 []:>--------------------------------------------------------------<
ERPImporta.exe: 00004944: 14:20:05 [TUniServerModule]:Server First Init.
ERPImporta.exe: 00004944: 14:20:05 [TUniServerModule]:Start Path = D:\Projetos_WEB\ERP_Importa\
ERPImporta.exe: 00004944: 14:20:05 [TUniServerModule]:Debug Mode = ON
ERPImporta.exe: 00004944: 14:20:06 [TUniServerModule]:Starting HTTP Server on Port: 8077...
ERPImporta.exe: 00004944: 14:20:06 [TUniServerModule]:HTTP Server Started on Port: 8077
ERPImporta.exe: 00001840: 14:22:48 []:>--------------------------------------------------------------<
ERPImporta.exe: 00001840: 14:22:48 [TUniServerModule]:Server First Init.
ERPImporta.exe: 00001840: 14:22:48 [TUniServerModule]:Start Path = D:\Projetos_WEB\ERP_Importa\
ERPImporta.exe: 00001840: 14:22:48 [TUniServerModule]:Debug Mode = ON
ERPImporta.exe: 00001840: 14:22:48 [TUniGUISessionManager]:Cache erase job created, Folder count: [1]
ERPImporta.exe: 00001840: 14:22:48 [TUniServerModule]:Starting HTTP Server on Port: 8077...
ERPImporta.exe: 00001840: 14:22:48 [TUniServerModule]:HTTP Server Started on Port: 8077
ERPImporta.exe: 00003BD8: 14:23:20 []:>--------------------------------------------------------------<
ERPImporta.exe: 00003BD8: 14:23:20 [TUniServerModule]:Server First Init.
ERPImporta.exe: 00003BD8: 14:23:20 [TUniServerModule]:Start Path = D:\Projetos_WEB\ERP_Importa\
ERPImporta.exe: 00003BD8: 14:23:20 [TUniServerModule]:Debug Mode = ON
ERPImporta.exe: 00003BD8: 14:23:20 [TUniGUISessionManager]:Cache erase job created, Folder count: [1]
ERPImporta.exe: 00003BD8: 14:23:20 [TUniServerModule]:Starting HTTP Server on Port: 8077...
ERPImporta.exe: 00003BD8: 14:23:20 [TUniServerModule]:HTTP Server Started on Port: 8077
ERPImporta.exe: 00003AE4: 14:25:34 []:>--------------------------------------------------------------<
ERPImporta.exe: 00003AE4: 14:25:34 [TUniServerModule]:Server First Init.
ERPImporta.exe: 00003AE4: 14:25:34 [TUniServerModule]:Start Path = D:\Projetos_WEB\ERP_Importa\
ERPImporta.exe: 00003AE4: 14:25:34 [TUniServerModule]:Debug Mode = ON
ERPImporta.exe: 00003AE4: 14:25:34 [TUniServerModule]:Starting HTTP Server on Port: 8077...
ERPImporta.exe: 00003AE4: 14:25:34 [TUniServerModule]:HTTP Server Started on Port: 8077
ERPImporta.exe: 00004664: 14:26:38 []:>--------------------------------------------------------------<
ERPImporta.exe: 00004664: 14:26:38 [TUniServerModule]:Server First Init.
ERPImporta.exe: 00004664: 14:26:38 [TUniServerModule]:Start Path = D:\Projetos_WEB\ERP_Importa\
ERPImporta.exe: 00004664: 14:26:38 [TUniServerModule]:Debug Mode = ON
ERPImporta.exe: 00004664: 14:26:39 [TUniServerModule]:Starting HTTP Server on Port: 8077...
ERPImporta.exe: 00004664: 14:26:39 [TUniServerModule]:HTTP Server Started on Port: 8077
ERPImporta.exe: 00005248: 14:44:09 []:>--------------------------------------------------------------<
ERPImporta.exe: 00005248: 14:44:09 [TUniServerModule]:Server First Init.
ERPImporta.exe: 00005248: 14:44:09 [TUniServerModule]:Start Path = D:\Projetos_WEB\ERP_Importa\
ERPImporta.exe: 00005248: 14:44:09 [TUniServerModule]:Debug Mode = ON
ERPImporta.exe: 00005248: 14:44:09 [TUniServerModule]:Starting HTTP Server on Port: 8077...
ERPImporta.exe: 00005248: 14:44:10 [TUniServerModule]:HTTP Server Started on Port: 8077
ERPImporta.exe: 000038A4: 15:07:28 []:>--------------------------------------------------------------<
ERPImporta.exe: 000038A4: 15:07:28 [TUniServerModule]:Server First Init.
ERPImporta.exe: 000038A4: 15:07:28 [TUniServerModule]:Start Path = D:\Projetos_WEB\ERP_Importa\
ERPImporta.exe: 000038A4: 15:07:28 [TUniServerModule]:Debug Mode = ON
ERPImporta.exe: 000038A4: 15:07:28 [TUniServerModule]:Starting HTTP Server on Port: 8077...
ERPImporta.exe: 000038A4: 15:07:29 [TUniServerModule]:HTTP Server Started on Port: 8077
ERPImporta.exe: 000017F0: 15:10:19 []:>--------------------------------------------------------------<
ERPImporta.exe: 000017F0: 15:10:19 [TUniServerModule]:Server First Init.
ERPImporta.exe: 000017F0: 15:10:19 [TUniServerModule]:Start Path = D:\Projetos_WEB\ERP_Importa\
ERPImporta.exe: 000017F0: 15:10:19 [TUniServerModule]:Debug Mode = ON
ERPImporta.exe: 000017F0: 15:10:19 [TUniServerModule]:Starting HTTP Server on Port: 8077...
ERPImporta.exe: 000017F0: 15:10:19 [TUniServerModule]:HTTP Server Started on Port: 8077
ERPImporta.exe: 00004BD4: 15:10:48 []:>--------------------------------------------------------------<
ERPImporta.exe: 00004BD4: 15:10:48 [TUniServerModule]:Server First Init.
ERPImporta.exe: 00004BD4: 15:10:48 [TUniServerModule]:Start Path = D:\Projetos_WEB\ERP_Importa\
ERPImporta.exe: 00004BD4: 15:10:48 [TUniServerModule]:Debug Mode = ON
ERPImporta.exe: 00004BD4: 15:10:48 [TUniGUISessionManager]:Cache erase job created, Folder count: [1]
ERPImporta.exe: 00004BD4: 15:10:48 [TUniServerModule]:Starting HTTP Server on Port: 8077...
ERPImporta.exe: 00004BD4: 15:10:48 [TUniServerModule]:HTTP Server Started on Port: 8077
ERPImporta.exe: 00000FA8: 15:14:31 []:>--------------------------------------------------------------<
ERPImporta.exe: 00000FA8: 15:14:31 [TUniServerModule]:Server First Init.
ERPImporta.exe: 00000FA8: 15:14:31 [TUniServerModule]:Start Path = D:\Projetos_WEB\ERP_Importa\
ERPImporta.exe: 00000FA8: 15:14:31 [TUniServerModule]:Debug Mode = ON
ERPImporta.exe: 00000FA8: 15:14:31 [TUniGUISessionManager]:Cache erase job created, Folder count: [1]
ERPImporta.exe: 00000FA8: 15:14:31 [TUniServerModule]:Starting HTTP Server on Port: 8077...
ERPImporta.exe: 00000FA8: 15:14:31 [TUniServerModule]:HTTP Server Started on Port: 8077
ERPImporta.exe: 00004B94: 15:15:03 [127.0.0.1]:EUniSessionException : Sessão inváilda ou tempo da sessão expirado. (Session not found: ljPkx6en9j11071D6EC ) : Addr: $007D0ED0
ERPImporta.exe: 00003B5C: 15:29:55 []:>--------------------------------------------------------------<
ERPImporta.exe: 00003B5C: 15:29:55 [TUniServerModule]:Server First Init.
ERPImporta.exe: 00003B5C: 15:29:55 [TUniServerModule]:Start Path = D:\Projetos_WEB\ERP_Importa\
ERPImporta.exe: 00003B5C: 15:29:55 [TUniServerModule]:Debug Mode = ON
ERPImporta.exe: 00003B5C: 15:29:55 [TUniGUISessionManager]:Cache erase job created, Folder count: [1]
ERPImporta.exe: 00003B5C: 15:29:55 [TUniServerModule]:Starting HTTP Server on Port: 8077...
ERPImporta.exe: 00003B5C: 15:29:55 [TUniServerModule]:HTTP Server Started on Port: 8077
ERPImporta.exe: 00001ACC: 15:30:26 []:>--------------------------------------------------------------<
ERPImporta.exe: 00001ACC: 15:30:26 [TUniServerModule]:Server First Init.
ERPImporta.exe: 00001ACC: 15:30:26 [TUniServerModule]:Start Path = D:\Projetos_WEB\ERP_Importa\
ERPImporta.exe: 00001ACC: 15:30:26 [TUniServerModule]:Debug Mode = ON
ERPImporta.exe: 00001ACC: 15:30:26 [TUniGUISessionManager]:Cache erase job created, Folder count: [1]
ERPImporta.exe: 00001ACC: 15:30:26 [TUniServerModule]:Starting HTTP Server on Port: 8077...
ERPImporta.exe: 00001ACC: 15:30:26 [TUniServerModule]:HTTP Server Started on Port: 8077
ERPImporta.exe: 000032A4: 17:41:19 []:>--------------------------------------------------------------<
ERPImporta.exe: 000032A4: 17:41:19 [TUniServerModule]:Server First Init.
ERPImporta.exe: 000032A4: 17:41:19 [TUniServerModule]:Start Path = D:\Projetos_WEB\ERP_Importa\
ERPImporta.exe: 000032A4: 17:41:19 [TUniServerModule]:Debug Mode = ON
ERPImporta.exe: 000032A4: 17:41:20 [TUniServerModule]:Starting HTTP Server on Port: 8077...
ERPImporta.exe: 000032A4: 17:41:20 [TUniServerModule]:HTTP Server Started on Port: 8077
ERPImporta.exe: 000030E0: 18:00:43 []:>--------------------------------------------------------------<
ERPImporta.exe: 000030E0: 18:00:43 [TUniServerModule]:Server First Init.
ERPImporta.exe: 000030E0: 18:00:43 [TUniServerModule]:Start Path = D:\Projetos_WEB\ERP_Importa\
ERPImporta.exe: 000030E0: 18:00:43 [TUniServerModule]:Debug Mode = ON
ERPImporta.exe: 000030E0: 18:00:43 [TUniGUISessionManager]:Cache erase job created, Folder count: [1]
ERPImporta.exe: 000030E0: 18:00:44 [TUniServerModule]:Starting HTTP Server on Port: 8077...
ERPImporta.exe: 000030E0: 18:00:44 [TUniServerModule]:HTTP Server Started on Port: 8077
ERPImporta.exe: 000046E4: 18:02:11 []:>--------------------------------------------------------------<
ERPImporta.exe: 000046E4: 18:02:11 [TUniServerModule]:Server First Init.
ERPImporta.exe: 000046E4: 18:02:11 [TUniServerModule]:Start Path = D:\Projetos_WEB\ERP_Importa\
ERPImporta.exe: 000046E4: 18:02:11 [TUniServerModule]:Debug Mode = ON
ERPImporta.exe: 000046E4: 18:02:12 [TUniServerModule]:Starting HTTP Server on Port: 8077...
ERPImporta.exe: 000046E4: 18:02:12 [TUniServerModule]:HTTP Server Started on Port: 8077
ERPImporta.exe: 00004F88: 18:02:59 []:>--------------------------------------------------------------<
ERPImporta.exe: 00004F88: 18:02:59 [TUniServerModule]:Server First Init.
ERPImporta.exe: 00004F88: 18:02:59 [TUniServerModule]:Start Path = D:\Projetos_WEB\ERP_Importa\
ERPImporta.exe: 00004F88: 18:02:59 [TUniServerModule]:Debug Mode = ON
ERPImporta.exe: 00004F88: 18:02:59 [TUniServerModule]:Starting HTTP Server on Port: 8077...
ERPImporta.exe: 00004F88: 18:02:59 [TUniServerModule]:HTTP Server Started on Port: 8077
ERPImporta.exe: 00002988: 18:03:35 []:>--------------------------------------------------------------<
ERPImporta.exe: 00002988: 18:03:35 [TUniServerModule]:Server First Init.
ERPImporta.exe: 00002988: 18:03:35 [TUniServerModule]:Start Path = D:\Projetos_WEB\ERP_Importa\
ERPImporta.exe: 00002988: 18:03:35 [TUniServerModule]:Debug Mode = ON
ERPImporta.exe: 00002988: 18:03:35 [TUniServerModule]:Starting HTTP Server on Port: 8077...
ERPImporta.exe: 00002988: 18:03:35 [TUniServerModule]:HTTP Server Started on Port: 8077
ERPImporta.exe: 00004ED0: 18:04:41 []:>--------------------------------------------------------------<
ERPImporta.exe: 00004ED0: 18:04:41 [TUniServerModule]:Server First Init.
ERPImporta.exe: 00004ED0: 18:04:41 [TUniServerModule]:Start Path = D:\Projetos_WEB\ERP_Importa\
ERPImporta.exe: 00004ED0: 18:04:41 [TUniServerModule]:Debug Mode = ON
ERPImporta.exe: 00004ED0: 18:04:41 [TUniServerModule]:Starting HTTP Server on Port: 8077...
ERPImporta.exe: 00004ED0: 18:04:41 [TUniServerModule]:HTTP Server Started on Port: 8077
ERPImporta.exe: 00003108: 18:07:14 []:>--------------------------------------------------------------<
ERPImporta.exe: 00003108: 18:07:14 [TUniServerModule]:Server First Init.
ERPImporta.exe: 00003108: 18:07:14 [TUniServerModule]:Start Path = D:\Projetos_WEB\ERP_Importa\
ERPImporta.exe: 00003108: 18:07:14 [TUniServerModule]:Debug Mode = ON
ERPImporta.exe: 00003108: 18:07:14 [TUniServerModule]:Starting HTTP Server on Port: 8077...
ERPImporta.exe: 00003108: 18:07:14 [TUniServerModule]:HTTP Server Started on Port: 8077
ERPImporta.exe: 00000230: 18:09:33 []:>--------------------------------------------------------------<
ERPImporta.exe: 00000230: 18:09:33 [TUniServerModule]:Server First Init.
ERPImporta.exe: 00000230: 18:09:33 [TUniServerModule]:Start Path = D:\Projetos_WEB\ERP_Importa\
ERPImporta.exe: 00000230: 18:09:33 [TUniServerModule]:Debug Mode = ON
ERPImporta.exe: 00000230: 18:09:33 [TUniServerModule]:Starting HTTP Server on Port: 8077...
ERPImporta.exe: 00000230: 18:09:33 [TUniServerModule]:HTTP Server Started on Port: 8077
ERPImporta.exe: 00002420: 18:09:40 [[FireDAC][Phys][ODBC][Microsoft][SQL Server Native Client 11.0][SQL Server]Invalid object name 'FormaPagamento'.-127.0.0.1]:EMSSQLNativeException : [FireDAC][Phys][ODBC][Microsoft][SQL Server Native Client 11.0][SQL Server]Invalid object name 'FormaPagamento'. : Addr: $008E1C75
ERPImporta.exe: 000038AC: 18:09:43 [HandleFileRequest[127.0.0.1]]:File not found: D:\Projetos_WEB\ERP_Importa\files\images\fundo8.jpg
ERPImporta.exe: 00002998: 18:13:19 []:>--------------------------------------------------------------<
ERPImporta.exe: 00002998: 18:13:19 [TUniServerModule]:Server First Init.
ERPImporta.exe: 00002998: 18:13:19 [TUniServerModule]:Start Path = D:\Projetos_WEB\ERP_Importa\
ERPImporta.exe: 00002998: 18:13:19 [TUniServerModule]:Debug Mode = ON
ERPImporta.exe: 00002998: 18:13:19 [TUniServerModule]:Starting HTTP Server on Port: 8077...
ERPImporta.exe: 00002998: 18:13:19 [TUniServerModule]:HTTP Server Started on Port: 8077
ERPImporta.exe: 00002430: 18:16:36 []:>--------------------------------------------------------------<
ERPImporta.exe: 00002430: 18:16:36 [TUniServerModule]:Server First Init.
ERPImporta.exe: 00002430: 18:16:36 [TUniServerModule]:Start Path = D:\Projetos_WEB\ERP_Importa\
ERPImporta.exe: 00002430: 18:16:36 [TUniServerModule]:Debug Mode = ON
ERPImporta.exe: 00002430: 18:16:36 [TUniServerModule]:Starting HTTP Server on Port: 8077...
ERPImporta.exe: 00002430: 18:16:37 [TUniServerModule]:HTTP Server Started on Port: 8077
ERPImporta.exe: 000024BC: 18:18:00 []:>--------------------------------------------------------------<
ERPImporta.exe: 000024BC: 18:18:00 [TUniServerModule]:Server First Init.
ERPImporta.exe: 000024BC: 18:18:00 [TUniServerModule]:Start Path = D:\Projetos_WEB\ERP_Importa\
ERPImporta.exe: 000024BC: 18:18:00 [TUniServerModule]:Debug Mode = ON
ERPImporta.exe: 000024BC: 18:18:00 [TUniServerModule]:Starting HTTP Server on Port: 8077...
ERPImporta.exe: 000024BC: 18:18:00 [TUniServerModule]:HTTP Server Started on Port: 8077
ERPImporta.exe: 00001018: 18:22:52 []:>--------------------------------------------------------------<
ERPImporta.exe: 00001018: 18:22:52 [TUniServerModule]:Server First Init.
ERPImporta.exe: 00001018: 18:22:52 [TUniServerModule]:Start Path = D:\Projetos_WEB\ERP_Importa\
ERPImporta.exe: 00001018: 18:22:52 [TUniServerModule]:Debug Mode = ON
ERPImporta.exe: 00001018: 18:22:52 [TUniGUISessionManager]:Cache erase job created, Folder count: [1]
ERPImporta.exe: 00001018: 18:22:52 [TUniServerModule]:Starting HTTP Server on Port: 8077...
ERPImporta.exe: 00001018: 18:22:52 [TUniServerModule]:HTTP Server Started on Port: 8077
ERPImporta.exe: 00001674: 18:23:52 []:>--------------------------------------------------------------<
ERPImporta.exe: 00001674: 18:23:52 [TUniServerModule]:Server First Init.
ERPImporta.exe: 00001674: 18:23:52 [TUniServerModule]:Start Path = D:\Projetos_WEB\ERP_Importa\
ERPImporta.exe: 00001674: 18:23:52 [TUniServerModule]:Debug Mode = ON
ERPImporta.exe: 00001674: 18:23:52 [TUniServerModule]:Starting HTTP Server on Port: 8077...
ERPImporta.exe: 00001674: 18:23:52 [TUniServerModule]:HTTP Server Started on Port: 8077
ERPImporta.exe: 00003824: 18:25:45 []:>--------------------------------------------------------------<
ERPImporta.exe: 00003824: 18:25:45 [TUniServerModule]:Server First Init.
ERPImporta.exe: 00003824: 18:25:45 [TUniServerModule]:Start Path = D:\Projetos_WEB\ERP_Importa\
ERPImporta.exe: 00003824: 18:25:45 [TUniServerModule]:Debug Mode = ON
ERPImporta.exe: 00003824: 18:25:45 [TUniServerModule]:Starting HTTP Server on Port: 8077...
ERPImporta.exe: 00003824: 18:25:46 [TUniServerModule]:HTTP Server Started on Port: 8077
ERPImporta.exe: 00005278: 18:26:53 []:>--------------------------------------------------------------<
ERPImporta.exe: 00005278: 18:26:53 [TUniServerModule]:Server First Init.
ERPImporta.exe: 00005278: 18:26:53 [TUniServerModule]:Start Path = D:\Projetos_WEB\ERP_Importa\
ERPImporta.exe: 00005278: 18:26:53 [TUniServerModule]:Debug Mode = ON
ERPImporta.exe: 00005278: 18:26:53 [TUniServerModule]:Starting HTTP Server on Port: 8077...
ERPImporta.exe: 00005278: 18:26:54 [TUniServerModule]:HTTP Server Started on Port: 8077
ERPImporta.exe: 00003E30: 18:27:31 []:>--------------------------------------------------------------<
ERPImporta.exe: 00003E30: 18:27:31 [TUniServerModule]:Server First Init.
ERPImporta.exe: 00003E30: 18:27:31 [TUniServerModule]:Start Path = D:\Projetos_WEB\ERP_Importa\
ERPImporta.exe: 00003E30: 18:27:31 [TUniServerModule]:Debug Mode = ON
ERPImporta.exe: 00003E30: 18:27:31 [TUniServerModule]:Starting HTTP Server on Port: 8077...
ERPImporta.exe: 00003E30: 18:27:31 [TUniServerModule]:HTTP Server Started on Port: 8077
ERPImporta.exe: 00004DC4: 18:31:29 []:>--------------------------------------------------------------<
ERPImporta.exe: 00004DC4: 18:31:29 [TUniServerModule]:Server First Init.
ERPImporta.exe: 00004DC4: 18:31:29 [TUniServerModule]:Start Path = D:\Projetos_WEB\ERP_Importa\
ERPImporta.exe: 00004DC4: 18:31:29 [TUniServerModule]:Debug Mode = ON
ERPImporta.exe: 00004DC4: 18:31:29 [TUniServerModule]:Starting HTTP Server on Port: 8077...
ERPImporta.exe: 00004DC4: 18:31:29 [TUniServerModule]:HTTP Server Started on Port: 8077
ERPImporta.exe: 0000302C: 18:32:19 []:>--------------------------------------------------------------<
ERPImporta.exe: 0000302C: 18:32:19 [TUniServerModule]:Server First Init.
ERPImporta.exe: 0000302C: 18:32:19 [TUniServerModule]:Start Path = D:\Projetos_WEB\ERP_Importa\
ERPImporta.exe: 0000302C: 18:32:19 [TUniServerModule]:Debug Mode = ON
ERPImporta.exe: 0000302C: 18:32:20 [TUniServerModule]:Starting HTTP Server on Port: 8077...
ERPImporta.exe: 0000302C: 18:32:20 [TUniServerModule]:HTTP Server Started on Port: 8077
ERPImporta.exe: 00003E08: 18:33:24 []:>--------------------------------------------------------------<
ERPImporta.exe: 00003E08: 18:33:24 [TUniServerModule]:Server First Init.
ERPImporta.exe: 00003E08: 18:33:24 [TUniServerModule]:Start Path = D:\Projetos_WEB\ERP_Importa\
ERPImporta.exe: 00003E08: 18:33:24 [TUniServerModule]:Debug Mode = ON
ERPImporta.exe: 00003E08: 18:33:24 [TUniServerModule]:Starting HTTP Server on Port: 8077...
ERPImporta.exe: 00003E08: 18:33:24 [TUniServerModule]:HTTP Server Started on Port: 8077
ERPImporta.exe: 000049CC: 18:34:37 []:>--------------------------------------------------------------<
ERPImporta.exe: 000049CC: 18:34:37 [TUniServerModule]:Server First Init.
ERPImporta.exe: 000049CC: 18:34:37 [TUniServerModule]:Start Path = D:\Projetos_WEB\ERP_Importa\
ERPImporta.exe: 000049CC: 18:34:37 [TUniServerModule]:Debug Mode = ON
ERPImporta.exe: 000049CC: 18:34:37 [TUniServerModule]:Starting HTTP Server on Port: 8077...
ERPImporta.exe: 000049CC: 18:34:37 [TUniServerModule]:HTTP Server Started on Port: 8077
ERPImporta.exe: 000007E4: 18:44:39 []:>--------------------------------------------------------------<
ERPImporta.exe: 000007E4: 18:44:39 [TUniServerModule]:Server First Init.
ERPImporta.exe: 000007E4: 18:44:39 [TUniServerModule]:Start Path = D:\Projetos_WEB\ERP_Importa\
ERPImporta.exe: 000007E4: 18:44:39 [TUniServerModule]:Debug Mode = ON
ERPImporta.exe: 000007E4: 18:44:40 [TUniServerModule]:Starting HTTP Server on Port: 8077...
ERPImporta.exe: 000007E4: 18:44:40 [TUniServerModule]:HTTP Server Started on Port: 8077
ERPImporta.exe: 0000415C: 18:47:52 []:>--------------------------------------------------------------<
ERPImporta.exe: 0000415C: 18:47:52 [TUniServerModule]:Server First Init.
ERPImporta.exe: 0000415C: 18:47:52 [TUniServerModule]:Start Path = D:\Projetos_WEB\ERP_Importa\
ERPImporta.exe: 0000415C: 18:47:52 [TUniServerModule]:Debug Mode = ON
ERPImporta.exe: 0000415C: 18:47:52 [TUniServerModule]:Starting HTTP Server on Port: 8077...
ERPImporta.exe: 0000415C: 18:47:52 [TUniServerModule]:HTTP Server Started on Port: 8077
ERPImporta.exe: 00001D88: 18:50:12 []:>--------------------------------------------------------------<
ERPImporta.exe: 00001D88: 18:50:12 [TUniServerModule]:Server First Init.
ERPImporta.exe: 00001D88: 18:50:12 [TUniServerModule]:Start Path = D:\Projetos_WEB\ERP_Importa\
ERPImporta.exe: 00001D88: 18:50:12 [TUniServerModule]:Debug Mode = ON
ERPImporta.exe: 00001D88: 18:50:12 [TUniServerModule]:Starting HTTP Server on Port: 8077...
ERPImporta.exe: 00001D88: 18:50:12 [TUniServerModule]:HTTP Server Started on Port: 8077
ERPImporta.exe: 00002B88: 18:51:43 []:>--------------------------------------------------------------<
ERPImporta.exe: 00002B88: 18:51:43 [TUniServerModule]:Server First Init.
ERPImporta.exe: 00002B88: 18:51:43 [TUniServerModule]:Start Path = D:\Projetos_WEB\ERP_Importa\
ERPImporta.exe: 00002B88: 18:51:43 [TUniServerModule]:Debug Mode = ON
ERPImporta.exe: 00002B88: 18:51:43 [TUniGUISessionManager]:Cache erase job created, Folder count: [1]
ERPImporta.exe: 00002B88: 18:51:44 [TUniServerModule]:Starting HTTP Server on Port: 8077...
ERPImporta.exe: 00002B88: 18:51:44 [TUniServerModule]:HTTP Server Started on Port: 8077
ERPImporta.exe: 00003DE0: 18:52:45 []:>--------------------------------------------------------------<
ERPImporta.exe: 00003DE0: 18:52:45 [TUniServerModule]:Server First Init.
ERPImporta.exe: 00003DE0: 18:52:45 [TUniServerModule]:Start Path = D:\Projetos_WEB\ERP_Importa\
ERPImporta.exe: 00003DE0: 18:52:45 [TUniServerModule]:Debug Mode = ON
ERPImporta.exe: 00003DE0: 18:52:45 [TUniServerModule]:Starting HTTP Server on Port: 8077...
ERPImporta.exe: 00003DE0: 18:52:45 [TUniServerModule]:HTTP Server Started on Port: 8077
ERPImporta.exe: 000048B4: 18:54:12 []:>--------------------------------------------------------------<
ERPImporta.exe: 000048B4: 18:54:12 [TUniServerModule]:Server First Init.
ERPImporta.exe: 000048B4: 18:54:12 [TUniServerModule]:Start Path = D:\Projetos_WEB\ERP_Importa\
ERPImporta.exe: 000048B4: 18:54:12 [TUniServerModule]:Debug Mode = ON
ERPImporta.exe: 000048B4: 18:54:13 [TUniServerModule]:Starting HTTP Server on Port: 8077...
ERPImporta.exe: 000048B4: 18:54:13 [TUniServerModule]:HTTP Server Started on Port: 8077
ERPImporta.exe: 000021A0: 18:55:14 []:>--------------------------------------------------------------<
ERPImporta.exe: 000021A0: 18:55:14 [TUniServerModule]:Server First Init.
ERPImporta.exe: 000021A0: 18:55:14 [TUniServerModule]:Start Path = D:\Projetos_WEB\ERP_Importa\
ERPImporta.exe: 000021A0: 18:55:14 [TUniServerModule]:Debug Mode = ON
ERPImporta.exe: 000021A0: 18:55:15 [TUniServerModule]:Starting HTTP Server on Port: 8077...
ERPImporta.exe: 000021A0: 18:55:15 [TUniServerModule]:HTTP Server Started on Port: 8077
ERPImporta.exe: 00004890: 18:57:33 []:>--------------------------------------------------------------<
ERPImporta.exe: 00004890: 18:57:33 [TUniServerModule]:Server First Init.
ERPImporta.exe: 00004890: 18:57:33 [TUniServerModule]:Start Path = D:\Projetos_WEB\ERP_Importa\
ERPImporta.exe: 00004890: 18:57:33 [TUniServerModule]:Debug Mode = ON
ERPImporta.exe: 00004890: 18:57:34 [TUniServerModule]:Starting HTTP Server on Port: 8077...
ERPImporta.exe: 00004890: 18:57:34 [TUniServerModule]:HTTP Server Started on Port: 8077
ERPImporta.exe: 00003B30: 18:59:52 []:>--------------------------------------------------------------<
ERPImporta.exe: 00003B30: 18:59:52 [TUniServerModule]:Server First Init.
ERPImporta.exe: 00003B30: 18:59:52 [TUniServerModule]:Start Path = D:\Projetos_WEB\ERP_Importa\
ERPImporta.exe: 00003B30: 18:59:52 [TUniServerModule]:Debug Mode = ON
ERPImporta.exe: 00003B30: 18:59:52 [TUniServerModule]:Starting HTTP Server on Port: 8077...
ERPImporta.exe: 00003B30: 18:59:52 [TUniServerModule]:HTTP Server Started on Port: 8077
ERPImporta.exe: 000027EC: 19:01:26 []:>--------------------------------------------------------------<
ERPImporta.exe: 000027EC: 19:01:26 [TUniServerModule]:Server First Init.
ERPImporta.exe: 000027EC: 19:01:26 [TUniServerModule]:Start Path = D:\Projetos_WEB\ERP_Importa\
ERPImporta.exe: 000027EC: 19:01:26 [TUniServerModule]:Debug Mode = ON
ERPImporta.exe: 000027EC: 19:01:26 [TUniServerModule]:Starting HTTP Server on Port: 8077...
ERPImporta.exe: 000027EC: 19:01:26 [TUniServerModule]:HTTP Server Started on Port: 8077
ERPImporta.exe: 00004384: 19:05:26 []:>--------------------------------------------------------------<
ERPImporta.exe: 00004384: 19:05:26 [TUniServerModule]:Server First Init.
ERPImporta.exe: 00004384: 19:05:26 [TUniServerModule]:Start Path = D:\Projetos_WEB\ERP_Importa\
ERPImporta.exe: 00004384: 19:05:26 [TUniServerModule]:Debug Mode = ON
ERPImporta.exe: 00004384: 19:05:26 [TUniServerModule]:Starting HTTP Server on Port: 8077...
ERPImporta.exe: 00004384: 19:05:26 [TUniServerModule]:HTTP Server Started on Port: 8077
ERPImporta.exe: 000050EC: 19:07:19 []:>--------------------------------------------------------------<
ERPImporta.exe: 000050EC: 19:07:19 [TUniServerModule]:Server First Init.
ERPImporta.exe: 000050EC: 19:07:19 [TUniServerModule]:Start Path = D:\Projetos_WEB\ERP_Importa\
ERPImporta.exe: 000050EC: 19:07:19 [TUniServerModule]:Debug Mode = ON
ERPImporta.exe: 000050EC: 19:07:19 [TUniServerModule]:Starting HTTP Server on Port: 8077...
ERPImporta.exe: 000050EC: 19:07:19 [TUniServerModule]:HTTP Server Started on Port: 8077
ERPImporta.exe: 00000F44: 19:09:16 []:>--------------------------------------------------------------<
ERPImporta.exe: 00000F44: 19:09:16 [TUniServerModule]:Server First Init.
ERPImporta.exe: 00000F44: 19:09:16 [TUniServerModule]:Start Path = D:\Projetos_WEB\ERP_Importa\
ERPImporta.exe: 00000F44: 19:09:16 [TUniServerModule]:Debug Mode = ON
ERPImporta.exe: 00000F44: 19:09:16 [TUniServerModule]:Starting HTTP Server on Port: 8077...
ERPImporta.exe: 00000F44: 19:09:17 [TUniServerModule]:HTTP Server Started on Port: 8077
ERPImporta.exe: 000048DC: 19:14:36 []:>--------------------------------------------------------------<
ERPImporta.exe: 000048DC: 19:14:36 [TUniServerModule]:Server First Init.
ERPImporta.exe: 000048DC: 19:14:36 [TUniServerModule]:Start Path = D:\Projetos_WEB\ERP_Importa\
ERPImporta.exe: 000048DC: 19:14:36 [TUniServerModule]:Debug Mode = ON
ERPImporta.exe: 000048DC: 19:14:36 [TUniServerModule]:Starting HTTP Server on Port: 8077...
ERPImporta.exe: 000048DC: 19:14:36 [TUniServerModule]:HTTP Server Started on Port: 8077
ERPImporta.exe: 00001980: 19:16:34 []:>--------------------------------------------------------------<
ERPImporta.exe: 00001980: 19:16:34 [TUniServerModule]:Server First Init.
ERPImporta.exe: 00001980: 19:16:34 [TUniServerModule]:Start Path = D:\Projetos_WEB\ERP_Importa\
ERPImporta.exe: 00001980: 19:16:34 [TUniServerModule]:Debug Mode = ON
ERPImporta.exe: 00001980: 19:16:34 [TUniServerModule]:Starting HTTP Server on Port: 8077...
ERPImporta.exe: 00001980: 19:16:34 [TUniServerModule]:HTTP Server Started on Port: 8077
ERPImporta.exe: 00004C5C: 19:25:14 []:>--------------------------------------------------------------<
ERPImporta.exe: 00004C5C: 19:25:14 [TUniServerModule]:Server First Init.
ERPImporta.exe: 00004C5C: 19:25:14 [TUniServerModule]:Start Path = D:\Projetos_WEB\ERP_Importa\
ERPImporta.exe: 00004C5C: 19:25:14 [TUniServerModule]:Debug Mode = ON
ERPImporta.exe: 00004C5C: 19:25:14 [TUniServerModule]:Starting HTTP Server on Port: 8077...
ERPImporta.exe: 00004C5C: 19:25:14 [TUniServerModule]:HTTP Server Started on Port: 8077
ERPImporta.exe: 00002A88: 19:26:57 []:>--------------------------------------------------------------<
ERPImporta.exe: 00002A88: 19:26:57 [TUniServerModule]:Server First Init.
ERPImporta.exe: 00002A88: 19:26:57 [TUniServerModule]:Start Path = D:\Projetos_WEB\ERP_Importa\
ERPImporta.exe: 00002A88: 19:26:57 [TUniServerModule]:Debug Mode = ON
ERPImporta.exe: 00002A88: 19:26:57 [TUniServerModule]:Starting HTTP Server on Port: 8077...
ERPImporta.exe: 00002A88: 19:26:57 [TUniServerModule]:HTTP Server Started on Port: 8077
ERPImporta.exe: 000038C0: 19:29:10 []:>--------------------------------------------------------------<
ERPImporta.exe: 000038C0: 19:29:10 [TUniServerModule]:Server First Init.
ERPImporta.exe: 000038C0: 19:29:10 [TUniServerModule]:Start Path = D:\Projetos_WEB\ERP_Importa\
ERPImporta.exe: 000038C0: 19:29:10 [TUniServerModule]:Debug Mode = ON
ERPImporta.exe: 000038C0: 19:29:10 [TUniGUISessionManager]:Cache erase job created, Folder count: [1]
ERPImporta.exe: 000038C0: 19:29:11 [TUniServerModule]:Starting HTTP Server on Port: 8077...
ERPImporta.exe: 000038C0: 19:29:11 [TUniServerModule]:HTTP Server Started on Port: 8077
ERPImporta.exe: 00004654: 19:45:08 [127.0.0.1]:EUniSessionException : Sessão inváilda ou tempo da sessão expirado. (Session not found: Ma25pORsWg110721CAA ) : Addr: $007D0ED0
ERPImporta.exe: 00004A28: 19:50:48 []:>--------------------------------------------------------------<
ERPImporta.exe: 00004A28: 19:50:48 [TUniServerModule]:Server First Init.
ERPImporta.exe: 00004A28: 19:50:48 [TUniServerModule]:Start Path = D:\Projetos_WEB\ERP_Importa\
ERPImporta.exe: 00004A28: 19:50:48 [TUniServerModule]:Debug Mode = ON
ERPImporta.exe: 00004A28: 19:50:48 [TUniGUISessionManager]:Cache erase job created, Folder count: [1]
ERPImporta.exe: 00004A28: 19:50:48 [TUniServerModule]:Starting HTTP Server on Port: 8077...
ERPImporta.exe: 00004A28: 19:50:48 [TUniServerModule]:HTTP Server Started on Port: 8077
ERPImporta.exe: 000040F0: 20:03:07 []:>--------------------------------------------------------------<
ERPImporta.exe: 000040F0: 20:03:07 [TUniServerModule]:Server First Init.
ERPImporta.exe: 000040F0: 20:03:07 [TUniServerModule]:Start Path = D:\Projetos_WEB\ERP_Importa\
ERPImporta.exe: 000040F0: 20:03:07 [TUniServerModule]:Debug Mode = ON
ERPImporta.exe: 000040F0: 20:03:07 [TUniServerModule]:Starting HTTP Server on Port: 8077...
ERPImporta.exe: 000040F0: 20:03:07 [TUniServerModule]:HTTP Server Started on Port: 8077
ERPImporta.exe: 00004C04: 20:05:37 []:>--------------------------------------------------------------<
ERPImporta.exe: 00004C04: 20:05:37 [TUniServerModule]:Server First Init.
ERPImporta.exe: 00004C04: 20:05:37 [TUniServerModule]:Start Path = D:\Projetos_WEB\ERP_Importa\
ERPImporta.exe: 00004C04: 20:05:37 [TUniServerModule]:Debug Mode = ON
ERPImporta.exe: 00004C04: 20:05:37 [TUniServerModule]:Starting HTTP Server on Port: 8077...
ERPImporta.exe: 00004C04: 20:05:37 [TUniServerModule]:HTTP Server Started on Port: 8077
ERPImporta.exe: 000041D8: 20:12:44 []:>--------------------------------------------------------------<
ERPImporta.exe: 000041D8: 20:12:44 [TUniServerModule]:Server First Init.
ERPImporta.exe: 000041D8: 20:12:44 [TUniServerModule]:Start Path = D:\Projetos_WEB\ERP_Importa\
ERPImporta.exe: 000041D8: 20:12:44 [TUniServerModule]:Debug Mode = ON
ERPImporta.exe: 000041D8: 20:12:45 [TUniServerModule]:Starting HTTP Server on Port: 8077...
ERPImporta.exe: 000041D8: 20:12:45 [TUniServerModule]:HTTP Server Started on Port: 8077
ERPImporta.exe: 00001CE0: 20:17:54 []:>--------------------------------------------------------------<
ERPImporta.exe: 00001CE0: 20:17:54 [TUniServerModule]:Server First Init.
ERPImporta.exe: 00001CE0: 20:17:54 [TUniServerModule]:Start Path = D:\Projetos_WEB\ERP_Importa\
ERPImporta.exe: 00001CE0: 20:17:54 [TUniServerModule]:Debug Mode = ON
ERPImporta.exe: 00001CE0: 20:17:54 [TUniServerModule]:Starting HTTP Server on Port: 8077...
ERPImporta.exe: 00001CE0: 20:17:54 [TUniServerModule]:HTTP Server Started on Port: 8077
ERPImporta.exe: 00003A64: 20:19:45 []:>--------------------------------------------------------------<
ERPImporta.exe: 00003A64: 20:19:45 [TUniServerModule]:Server First Init.
ERPImporta.exe: 00003A64: 20:19:45 [TUniServerModule]:Start Path = D:\Projetos_WEB\ERP_Importa\
ERPImporta.exe: 00003A64: 20:19:45 [TUniServerModule]:Debug Mode = ON
ERPImporta.exe: 00003A64: 20:19:45 [TUniServerModule]:Starting HTTP Server on Port: 8077...
ERPImporta.exe: 00003A64: 20:19:45 [TUniServerModule]:HTTP Server Started on Port: 8077
ERPImporta.exe: 00005FB8: 20:36:26 []:>--------------------------------------------------------------<
ERPImporta.exe: 00005FB8: 20:36:26 [TUniServerModule]:Server First Init.
ERPImporta.exe: 00005FB8: 20:36:26 [TUniServerModule]:Start Path = D:\Projetos_WEB\ERP_Importa\
ERPImporta.exe: 00005FB8: 20:36:26 [TUniServerModule]:Debug Mode = ON
ERPImporta.exe: 00005FB8: 20:36:26 [TUniServerModule]:Starting HTTP Server on Port: 8077...
ERPImporta.exe: 00005FB8: 20:36:27 [TUniServerModule]:HTTP Server Started on Port: 8077
ERPImporta.exe: 00002EBC: 20:44:02 []:>--------------------------------------------------------------<
ERPImporta.exe: 00002EBC: 20:44:02 [TUniServerModule]:Server First Init.
ERPImporta.exe: 00002EBC: 20:44:02 [TUniServerModule]:Start Path = D:\Projetos_WEB\ERP_Importa\
ERPImporta.exe: 00002EBC: 20:44:02 [TUniServerModule]:Debug Mode = ON
ERPImporta.exe: 00002EBC: 20:44:02 [TUniServerModule]:Starting HTTP Server on Port: 8077...
ERPImporta.exe: 00002EBC: 20:44:02 [TUniServerModule]:HTTP Server Started on Port: 8077
ERPImporta.exe: 00004B58: 20:45:01 []:>--------------------------------------------------------------<
ERPImporta.exe: 00004B58: 20:45:01 [TUniServerModule]:Server First Init.
ERPImporta.exe: 00004B58: 20:45:01 [TUniServerModule]:Start Path = D:\Projetos_WEB\ERP_Importa\
ERPImporta.exe: 00004B58: 20:45:01 [TUniServerModule]:Debug Mode = ON
ERPImporta.exe: 00004B58: 20:45:02 [TUniServerModule]:Starting HTTP Server on Port: 8077...
ERPImporta.exe: 00004B58: 20:45:02 [TUniServerModule]:HTTP Server Started on Port: 8077
ERPImporta.exe: 00004E50: 20:52:15 []:>--------------------------------------------------------------<
ERPImporta.exe: 00004E50: 20:52:15 [TUniServerModule]:Server First Init.
ERPImporta.exe: 00004E50: 20:52:15 [TUniServerModule]:Start Path = D:\Projetos_WEB\ERP_Importa\
ERPImporta.exe: 00004E50: 20:52:15 [TUniServerModule]:Debug Mode = ON
ERPImporta.exe: 00004E50: 20:52:15 [TUniServerModule]:Starting HTTP Server on Port: 8077...
ERPImporta.exe: 00004E50: 20:52:15 [TUniServerModule]:HTTP Server Started on Port: 8077
ERPImporta.exe: 00005274: 20:52:48 []:>--------------------------------------------------------------<
ERPImporta.exe: 00005274: 20:52:48 [TUniServerModule]:Server First Init.
ERPImporta.exe: 00005274: 20:52:48 [TUniServerModule]:Start Path = D:\Projetos_WEB\ERP_Importa\
ERPImporta.exe: 00005274: 20:52:48 [TUniServerModule]:Debug Mode = ON
ERPImporta.exe: 00005274: 20:52:48 [TUniGUISessionManager]:Cache erase job created, Folder count: [1]
ERPImporta.exe: 00005274: 20:52:48 [TUniServerModule]:Starting HTTP Server on Port: 8077...
ERPImporta.exe: 00005274: 20:52:48 [TUniServerModule]:HTTP Server Started on Port: 8077
ERPImporta.exe: 00004654: 20:53:19 []:>--------------------------------------------------------------<
ERPImporta.exe: 00004654: 20:53:19 [TUniServerModule]:Server First Init.
ERPImporta.exe: 00004654: 20:53:19 [TUniServerModule]:Start Path = D:\Projetos_WEB\ERP_Importa\
ERPImporta.exe: 00004654: 20:53:19 [TUniServerModule]:Debug Mode = ON
ERPImporta.exe: 00004654: 20:53:19 [TUniServerModule]:Starting HTTP Server on Port: 8077...
ERPImporta.exe: 00004654: 20:53:19 [TUniServerModule]:HTTP Server Started on Port: 8077
ERPImporta.exe: 000002C8: 20:54:31 []:>--------------------------------------------------------------<
ERPImporta.exe: 000002C8: 20:54:31 [TUniServerModule]:Server First Init.
ERPImporta.exe: 000002C8: 20:54:31 [TUniServerModule]:Start Path = D:\Projetos_WEB\ERP_Importa\
ERPImporta.exe: 000002C8: 20:54:31 [TUniServerModule]:Debug Mode = ON
ERPImporta.exe: 000002C8: 20:54:31 [TUniServerModule]:Starting HTTP Server on Port: 8077...
ERPImporta.exe: 000002C8: 20:54:31 [TUniServerModule]:HTTP Server Started on Port: 8077
ERPImporta.exe: 00004AB4: 20:58:19 []:>--------------------------------------------------------------<
ERPImporta.exe: 00004AB4: 20:58:19 [TUniServerModule]:Server First Init.
ERPImporta.exe: 00004AB4: 20:58:19 [TUniServerModule]:Start Path = D:\Projetos_WEB\ERP_Importa\
ERPImporta.exe: 00004AB4: 20:58:19 [TUniServerModule]:Debug Mode = ON
ERPImporta.exe: 00004AB4: 20:58:19 [TUniServerModule]:Starting HTTP Server on Port: 8077...
ERPImporta.exe: 00004AB4: 20:58:19 [TUniServerModule]:HTTP Server Started on Port: 8077
ERPImporta.exe: 00005420: 20:59:37 []:>--------------------------------------------------------------<
ERPImporta.exe: 00005420: 20:59:37 [TUniServerModule]:Server First Init.
ERPImporta.exe: 00005420: 20:59:37 [TUniServerModule]:Start Path = D:\Projetos_WEB\ERP_Importa\
ERPImporta.exe: 00005420: 20:59:37 [TUniServerModule]:Debug Mode = ON
ERPImporta.exe: 00005420: 20:59:37 [TUniGUISessionManager]:Cache erase job created, Folder count: [1]
ERPImporta.exe: 00005420: 20:59:38 [TUniServerModule]:Starting HTTP Server on Port: 8077...
ERPImporta.exe: 00005420: 20:59:38 [TUniServerModule]:HTTP Server Started on Port: 8077
ERPImporta.exe: 00004D38: 21:01:01 []:>--------------------------------------------------------------<
ERPImporta.exe: 00004D38: 21:01:01 [TUniServerModule]:Server First Init.
ERPImporta.exe: 00004D38: 21:01:01 [TUniServerModule]:Start Path = D:\Projetos_WEB\ERP_Importa\
ERPImporta.exe: 00004D38: 21:01:01 [TUniServerModule]:Debug Mode = ON
ERPImporta.exe: 00004D38: 21:01:02 [TUniServerModule]:Starting HTTP Server on Port: 8077...
ERPImporta.exe: 00004D38: 21:01:02 [TUniServerModule]:HTTP Server Started on Port: 8077
ERPImporta.exe: 00001FBC: 21:02:08 []:>--------------------------------------------------------------<
ERPImporta.exe: 00001FBC: 21:02:08 [TUniServerModule]:Server First Init.
ERPImporta.exe: 00001FBC: 21:02:08 [TUniServerModule]:Start Path = D:\Projetos_WEB\ERP_Importa\
ERPImporta.exe: 00001FBC: 21:02:08 [TUniServerModule]:Debug Mode = ON
ERPImporta.exe: 00001FBC: 21:02:08 [TUniGUISessionManager]:Cache erase job created, Folder count: [1]
ERPImporta.exe: 00001FBC: 21:02:09 [TUniServerModule]:Starting HTTP Server on Port: 8077...
ERPImporta.exe: 00001FBC: 21:02:09 [TUniServerModule]:HTTP Server Started on Port: 8077
ERPImporta.exe: 00003CE0: 21:04:05 []:>--------------------------------------------------------------<
ERPImporta.exe: 00003CE0: 21:04:05 [TUniServerModule]:Server First Init.
ERPImporta.exe: 00003CE0: 21:04:05 [TUniServerModule]:Start Path = D:\Projetos_WEB\ERP_Importa\
ERPImporta.exe: 00003CE0: 21:04:05 [TUniServerModule]:Debug Mode = ON
ERPImporta.exe: 00003CE0: 21:04:05 [TUniGUISessionManager]:Cache erase job created, Folder count: [1]
ERPImporta.exe: 00003CE0: 21:04:05 [TUniServerModule]:Starting HTTP Server on Port: 8077...
ERPImporta.exe: 00003CE0: 21:04:05 [TUniServerModule]:HTTP Server Started on Port: 8077
ERPImporta.exe: 00002588: 21:05:17 []:>--------------------------------------------------------------<
ERPImporta.exe: 00002588: 21:05:17 [TUniServerModule]:Server First Init.
ERPImporta.exe: 00002588: 21:05:17 [TUniServerModule]:Start Path = D:\Projetos_WEB\ERP_Importa\
ERPImporta.exe: 00002588: 21:05:17 [TUniServerModule]:Debug Mode = ON
ERPImporta.exe: 00002588: 21:05:18 [TUniServerModule]:Starting HTTP Server on Port: 8077...
ERPImporta.exe: 00002588: 21:05:18 [TUniServerModule]:HTTP Server Started on Port: 8077
ERPImporta.exe: 00005ED4: 21:06:23 []:>--------------------------------------------------------------<
ERPImporta.exe: 00005ED4: 21:06:23 [TUniServerModule]:Server First Init.
ERPImporta.exe: 00005ED4: 21:06:23 [TUniServerModule]:Start Path = D:\Projetos_WEB\ERP_Importa\
ERPImporta.exe: 00005ED4: 21:06:23 [TUniServerModule]:Debug Mode = ON
ERPImporta.exe: 00005ED4: 21:06:23 [TUniServerModule]:Starting HTTP Server on Port: 8077...
ERPImporta.exe: 00005ED4: 21:06:23 [TUniServerModule]:HTTP Server Started on Port: 8077
ERPImporta.exe: 00001B70: 21:10:03 []:>--------------------------------------------------------------<
ERPImporta.exe: 00001B70: 21:10:03 [TUniServerModule]:Server First Init.
ERPImporta.exe: 00001B70: 21:10:03 [TUniServerModule]:Start Path = D:\Projetos_WEB\ERP_Importa\
ERPImporta.exe: 00001B70: 21:10:03 [TUniServerModule]:Debug Mode = ON
ERPImporta.exe: 00001B70: 21:10:03 [TUniGUISessionManager]:Cache erase job created, Folder count: [1]
ERPImporta.exe: 00001B70: 21:10:03 [TUniServerModule]:Starting HTTP Server on Port: 8077...
ERPImporta.exe: 00001B70: 21:10:03 [TUniServerModule]:HTTP Server Started on Port: 8077
ERPImporta.exe: 000007BC: 21:12:04 []:>--------------------------------------------------------------<
ERPImporta.exe: 000007BC: 21:12:04 [TUniServerModule]:Server First Init.
ERPImporta.exe: 000007BC: 21:12:04 [TUniServerModule]:Start Path = D:\Projetos_WEB\ERP_Importa\
ERPImporta.exe: 000007BC: 21:12:04 [TUniServerModule]:Debug Mode = ON
ERPImporta.exe: 000007BC: 21:12:04 [TUniServerModule]:Starting HTTP Server on Port: 8077...
ERPImporta.exe: 000007BC: 21:12:04 [TUniServerModule]:HTTP Server Started on Port: 8077
ERPImporta.exe: 00003A28: 21:13:13 []:>--------------------------------------------------------------<
ERPImporta.exe: 00003A28: 21:13:13 [TUniServerModule]:Server First Init.
ERPImporta.exe: 00003A28: 21:13:13 [TUniServerModule]:Start Path = D:\Projetos_WEB\ERP_Importa\
ERPImporta.exe: 00003A28: 21:13:13 [TUniServerModule]:Debug Mode = ON
ERPImporta.exe: 00003A28: 21:13:14 [TUniServerModule]:Starting HTTP Server on Port: 8077...
ERPImporta.exe: 00003A28: 21:13:14 [TUniServerModule]:HTTP Server Started on Port: 8077
