ERPImporta.exe: 000039D4: 10:14:51 []:>--------------------------------------------------------------<
ERPImporta.exe: 000039D4: 10:14:51 [TUniServerModule]:Server First Init.
ERPImporta.exe: 000039D4: 10:14:51 [TUniServerModule]:Start Path = C:\Projetos_WEB\ERP_Importa\
ERPImporta.exe: 000039D4: 10:14:51 [TUniServerModule]:Debug Mode = ON
ERPImporta.exe: 000039D4: 10:14:51 [TUniGUISessionManager]:Cache erase job created, Folder count: [1]
ERPImporta.exe: 000039D4: 10:14:51 [TUniServerModule]:Starting HTTP Server on Port: 8077...
ERPImporta.exe: 000039D4: 10:14:51 [TUniServerModule]:HTTP Server Started on Port: 8077
ERPImporta.exe: 00003500: 10:16:03 []:>--------------------------------------------------------------<
ERPImporta.exe: 00003500: 10:16:03 [TUniServerModule]:Server First Init.
ERPImporta.exe: 00003500: 10:16:03 [TUniServerModule]:Start Path = C:\Projetos_WEB\ERP_Importa\
ERPImporta.exe: 00003500: 10:16:03 [TUniServerModule]:Debug Mode = ON
ERPImporta.exe: 00003500: 10:16:03 [TUniGUISessionManager]:Cache erase job created, Folder count: [1]
ERPImporta.exe: 00003500: 10:16:04 [TUniServerModule]:Starting HTTP Server on Port: 8077...
ERPImporta.exe: 00003500: 10:16:04 [TUniServerModule]:HTTP Server Started on Port: 8077
ERPImporta.exe: 00003AC8: 10:20:16 []:>--------------------------------------------------------------<
ERPImporta.exe: 00003AC8: 10:20:16 [TUniServerModule]:Server First Init.
ERPImporta.exe: 00003AC8: 10:20:16 [TUniServerModule]:Start Path = C:\Projetos_WEB\ERP_Importa\
ERPImporta.exe: 00003AC8: 10:20:16 [TUniServerModule]:Debug Mode = ON
ERPImporta.exe: 00003AC8: 10:20:16 [TUniGUISessionManager]:Cache erase job created, Folder count: [1]
ERPImporta.exe: 00003AC8: 10:20:17 [TUniServerModule]:Starting HTTP Server on Port: 8077...
ERPImporta.exe: 00003AC8: 10:20:17 [TUniServerModule]:HTTP Server Started on Port: 8077
ERPImporta.exe: 00003D74: 10:20:26 [127.0.0.1]:EUniSessionException : Sessão inváilda ou tempo da sessão expirado. (Session not found: n4UvNRdOJh10FFD8F1F ) : Addr: $007CFF80
ERPImporta.exe: 00000FD0: 10:31:37 []:>--------------------------------------------------------------<
ERPImporta.exe: 00000FD0: 10:31:37 [TUniServerModule]:Server First Init.
ERPImporta.exe: 00000FD0: 10:31:37 [TUniServerModule]:Start Path = C:\Projetos_WEB\ERP_Importa\
ERPImporta.exe: 00000FD0: 10:31:37 [TUniServerModule]:Debug Mode = ON
ERPImporta.exe: 00000FD0: 10:31:38 [TUniServerModule]:Starting HTTP Server on Port: 8077...
ERPImporta.exe: 00000FD0: 10:31:38 [TUniServerModule]:HTTP Server Started on Port: 8077
ERPImporta.exe: 000030E4: 10:31:45 [127.0.0.1]:EMSSQLNativeException : [FireDAC][Phys][ODBC][Microsoft][SQL Server Native Client 11.0][SQL Server]Cannot insert explicit value for identity column in table 'MenuPrincipal' when IDENTITY_INSERT is set to OFF. : Addr: $008E0095
ERPImporta.exe: 000007A4: 10:32:24 []:>--------------------------------------------------------------<
ERPImporta.exe: 000007A4: 10:32:24 [TUniServerModule]:Server First Init.
ERPImporta.exe: 000007A4: 10:32:24 [TUniServerModule]:Start Path = C:\Projetos_WEB\ERP_Importa\
ERPImporta.exe: 000007A4: 10:32:24 [TUniServerModule]:Debug Mode = ON
ERPImporta.exe: 000007A4: 10:32:24 [TUniServerModule]:Starting HTTP Server on Port: 8077...
ERPImporta.exe: 000007A4: 10:32:24 [TUniServerModule]:HTTP Server Started on Port: 8077
ERPImporta.exe: 00000624: 10:32:31 [127.0.0.1]:EMSSQLNativeException : [FireDAC][Phys][ODBC][Microsoft][SQL Server Native Client 11.0][SQL Server]Cannot insert explicit value for identity column in table 'MenuPrincipal' when IDENTITY_INSERT is set to OFF. : Addr: $008E0095
ERPImporta.exe: 0000223C: 10:32:54 []:>--------------------------------------------------------------<
ERPImporta.exe: 0000223C: 10:32:54 [TUniServerModule]:Server First Init.
ERPImporta.exe: 0000223C: 10:32:54 [TUniServerModule]:Start Path = C:\Projetos_WEB\ERP_Importa\
ERPImporta.exe: 0000223C: 10:32:54 [TUniServerModule]:Debug Mode = ON
ERPImporta.exe: 0000223C: 10:32:54 [TUniGUISessionManager]:Cache erase job created, Folder count: [1]
ERPImporta.exe: 0000223C: 10:32:55 [TUniServerModule]:Starting HTTP Server on Port: 8077...
ERPImporta.exe: 0000223C: 10:32:55 [TUniServerModule]:HTTP Server Started on Port: 8077
ERPImporta.exe: 00003314: 10:34:06 []:>--------------------------------------------------------------<
ERPImporta.exe: 00003314: 10:34:06 [TUniServerModule]:Server First Init.
ERPImporta.exe: 00003314: 10:34:06 [TUniServerModule]:Start Path = C:\Projetos_WEB\ERP_Importa\
ERPImporta.exe: 00003314: 10:34:06 [TUniServerModule]:Debug Mode = ON
ERPImporta.exe: 00003314: 10:34:06 [TUniGUISessionManager]:Cache erase job created, Folder count: [1]
ERPImporta.exe: 00003314: 10:34:06 [TUniServerModule]:Starting HTTP Server on Port: 8077...
ERPImporta.exe: 00003314: 10:34:06 [TUniServerModule]:HTTP Server Started on Port: 8077
ERPImporta.exe: 00002BC8: 10:34:14 [127.0.0.1]:EMSSQLNativeException : [FireDAC][Phys][ODBC][Microsoft][SQL Server Native Client 11.0][SQL Server]Cannot insert explicit value for identity column in table 'MenuPrincipal' when IDENTITY_INSERT is set to OFF. : Addr: $008E0095
ERPImporta.exe: 00003B68: 10:37:12 []:>--------------------------------------------------------------<
ERPImporta.exe: 00003B68: 10:37:12 [TUniServerModule]:Server First Init.
ERPImporta.exe: 00003B68: 10:37:12 [TUniServerModule]:Start Path = C:\Projetos_WEB\ERP_Importa\
ERPImporta.exe: 00003B68: 10:37:12 [TUniServerModule]:Debug Mode = ON
ERPImporta.exe: 00003B68: 10:37:12 [TUniServerModule]:Starting HTTP Server on Port: 8077...
ERPImporta.exe: 00003B68: 10:37:12 [TUniServerModule]:HTTP Server Started on Port: 8077
ERPImporta.exe: 00003F34: 10:37:21 [127.0.0.1]:EMSSQLNativeException : [FireDAC][Phys][ODBC][Microsoft][SQL Server Native Client 11.0][SQL Server]Cannot insert explicit value for identity column in table 'MenuPrincipal' when IDENTITY_INSERT is set to OFF. : Addr: $008E0095
ERPImporta.exe: 00003F34: 10:38:36 [127.0.0.1]:EMSSQLNativeException : [FireDAC][Phys][ODBC][Microsoft][SQL Server Native Client 11.0][SQL Server]Cannot insert explicit value for identity column in table 'MenuPrincipal' when IDENTITY_INSERT is set to OFF. : Addr: $008E0095
ERPImporta.exe: 00002714: 10:38:48 []:>--------------------------------------------------------------<
ERPImporta.exe: 00002714: 10:38:48 [TUniServerModule]:Server First Init.
ERPImporta.exe: 00002714: 10:38:48 [TUniServerModule]:Start Path = C:\Projetos_WEB\ERP_Importa\
ERPImporta.exe: 00002714: 10:38:48 [TUniServerModule]:Debug Mode = ON
ERPImporta.exe: 00002714: 10:38:48 [TUniServerModule]:Starting HTTP Server on Port: 8077...
ERPImporta.exe: 00002714: 10:38:48 [TUniServerModule]:HTTP Server Started on Port: 8077
ERPImporta.exe: 00001ED0: 10:38:56 [127.0.0.1]:EMSSQLNativeException : [FireDAC][Phys][ODBC][Microsoft][SQL Server Native Client 11.0][SQL Server]Cannot insert explicit value for identity column in table 'MenuPrincipal' when IDENTITY_INSERT is set to OFF. : Addr: $008E0095
ERPImporta.exe: 000029B0: 10:39:25 []:>--------------------------------------------------------------<
ERPImporta.exe: 000029B0: 10:39:25 [TUniServerModule]:Server First Init.
ERPImporta.exe: 000029B0: 10:39:25 [TUniServerModule]:Start Path = C:\Projetos_WEB\ERP_Importa\
ERPImporta.exe: 000029B0: 10:39:25 [TUniServerModule]:Debug Mode = ON
ERPImporta.exe: 000029B0: 10:39:26 [TUniServerModule]:Starting HTTP Server on Port: 8077...
ERPImporta.exe: 000029B0: 10:39:26 [TUniServerModule]:HTTP Server Started on Port: 8077
ERPImporta.exe: 00002B64: 10:39:54 [127.0.0.1]:EMSSQLNativeException : [FireDAC][Phys][ODBC][Microsoft][SQL Server Native Client 11.0][SQL Server]Cannot insert explicit value for identity column in table 'MenuPrincipal' when IDENTITY_INSERT is set to OFF. : Addr: $008E0095
ERPImporta.exe: 00003D0C: 10:41:13 []:>--------------------------------------------------------------<
ERPImporta.exe: 00003D0C: 10:41:13 [TUniServerModule]:Server First Init.
ERPImporta.exe: 00003D0C: 10:41:13 [TUniServerModule]:Start Path = C:\Projetos_WEB\ERP_Importa\
ERPImporta.exe: 00003D0C: 10:41:13 [TUniServerModule]:Debug Mode = ON
ERPImporta.exe: 00003D0C: 10:41:13 [TUniGUISessionManager]:Cache erase job created, Folder count: [1]
ERPImporta.exe: 00003D0C: 10:41:13 [TUniServerModule]:Starting HTTP Server on Port: 8077...
ERPImporta.exe: 00003D0C: 10:41:13 [TUniServerModule]:HTTP Server Started on Port: 8077
ERPImporta.exe: 00001C3C: 10:41:28 [127.0.0.1]:EMSSQLNativeException : [FireDAC][Phys][ODBC][Microsoft][SQL Server Native Client 11.0][SQL Server]Cannot insert explicit value for identity column in table 'MenuPrincipal' when IDENTITY_INSERT is set to OFF. : Addr: $008E0095
ERPImporta.exe: 00000A64: 10:42:02 []:>--------------------------------------------------------------<
ERPImporta.exe: 00000A64: 10:42:02 [TUniServerModule]:Server First Init.
ERPImporta.exe: 00000A64: 10:42:02 [TUniServerModule]:Start Path = C:\Projetos_WEB\ERP_Importa\
ERPImporta.exe: 00000A64: 10:42:02 [TUniServerModule]:Debug Mode = ON
ERPImporta.exe: 00000A64: 10:42:02 [TUniGUISessionManager]:Cache erase job created, Folder count: [1]
ERPImporta.exe: 00000A64: 10:42:02 [TUniServerModule]:Starting HTTP Server on Port: 8077...
ERPImporta.exe: 00000A64: 10:42:02 [TUniServerModule]:HTTP Server Started on Port: 8077
ERPImporta.exe: 00003DFC: 10:57:33 []:>--------------------------------------------------------------<
ERPImporta.exe: 00003DFC: 10:57:33 [TUniServerModule]:Server First Init.
ERPImporta.exe: 00003DFC: 10:57:33 [TUniServerModule]:Start Path = C:\Projetos_WEB\ERP_Importa\
ERPImporta.exe: 00003DFC: 10:57:33 [TUniServerModule]:Debug Mode = ON
ERPImporta.exe: 00003DFC: 10:57:33 [TUniGUISessionManager]:Cache erase job created, Folder count: [1]
ERPImporta.exe: 00003DFC: 10:57:33 [TUniServerModule]:Starting HTTP Server on Port: 8077...
ERPImporta.exe: 00003DFC: 10:57:33 [TUniServerModule]:HTTP Server Started on Port: 8077
ERPImporta.exe: 00002230: 10:57:41 [127.0.0.1]:EMSSQLNativeException : [FireDAC][Phys][ODBC][Microsoft][SQL Server Native Client 11.0][SQL Server]Cannot insert explicit value for identity column in table 'MenuPrincipal' when IDENTITY_INSERT is set to OFF. : Addr: $008E0095
ERPImporta.exe: 000020D0: 11:00:57 []:>--------------------------------------------------------------<
ERPImporta.exe: 000020D0: 11:00:57 [TUniServerModule]:Server First Init.
ERPImporta.exe: 000020D0: 11:00:57 [TUniServerModule]:Start Path = C:\Projetos_WEB\ERP_Importa\
ERPImporta.exe: 000020D0: 11:00:57 [TUniServerModule]:Debug Mode = ON
ERPImporta.exe: 000020D0: 11:00:57 [TUniServerModule]:Starting HTTP Server on Port: 8077...
ERPImporta.exe: 000020D0: 11:00:57 [TUniServerModule]:HTTP Server Started on Port: 8077
ERPImporta.exe: 00003A2C: 11:03:38 []:>--------------------------------------------------------------<
ERPImporta.exe: 00003A2C: 11:03:38 [TUniServerModule]:Server First Init.
ERPImporta.exe: 00003A2C: 11:03:38 [TUniServerModule]:Start Path = C:\Projetos_WEB\ERP_Importa\
ERPImporta.exe: 00003A2C: 11:03:38 [TUniServerModule]:Debug Mode = ON
ERPImporta.exe: 00003A2C: 11:03:38 [TUniGUISessionManager]:Cache erase job created, Folder count: [1]
ERPImporta.exe: 00003A2C: 11:03:38 [TUniServerModule]:Starting HTTP Server on Port: 8077...
ERPImporta.exe: 00003A2C: 11:03:38 [TUniServerModule]:HTTP Server Started on Port: 8077
ERPImporta.exe: 00003D6C: 11:07:51 []:>--------------------------------------------------------------<
ERPImporta.exe: 00003D6C: 11:07:51 [TUniServerModule]:Server First Init.
ERPImporta.exe: 00003D6C: 11:07:51 [TUniServerModule]:Start Path = C:\Projetos_WEB\ERP_Importa\
ERPImporta.exe: 00003D6C: 11:07:51 [TUniServerModule]:Debug Mode = ON
ERPImporta.exe: 00003D6C: 11:07:51 [TUniGUISessionManager]:Cache erase job created, Folder count: [1]
ERPImporta.exe: 00003D6C: 11:07:51 [TUniServerModule]:Starting HTTP Server on Port: 8077...
ERPImporta.exe: 00003D6C: 11:07:51 [TUniServerModule]:HTTP Server Started on Port: 8077
ERPImporta.exe: 0000068C: 11:11:31 []:>--------------------------------------------------------------<
ERPImporta.exe: 0000068C: 11:11:31 [TUniServerModule]:Server First Init.
ERPImporta.exe: 0000068C: 11:11:31 [TUniServerModule]:Start Path = C:\Projetos_WEB\ERP_Importa\
ERPImporta.exe: 0000068C: 11:11:31 [TUniServerModule]:Debug Mode = ON
ERPImporta.exe: 0000068C: 11:11:31 [TUniGUISessionManager]:Cache erase job created, Folder count: [1]
ERPImporta.exe: 00002C3C: 11:11:48 []:>--------------------------------------------------------------<
ERPImporta.exe: 00002C3C: 11:11:48 [TUniServerModule]:Server First Init.
ERPImporta.exe: 00002C3C: 11:11:48 [TUniServerModule]:Start Path = C:\Projetos_WEB\ERP_Importa\
ERPImporta.exe: 00002C3C: 11:11:48 [TUniServerModule]:Debug Mode = ON
ERPImporta.exe: 00002C3C: 11:11:48 [TUniServerModule]:Starting HTTP Server on Port: 8077...
ERPImporta.exe: 00002C3C: 11:11:48 [TUniServerModule]:HTTP Server Started on Port: 8077
ERPImporta.exe: 00001FC8: 11:11:51 [127.0.0.1]:EUniSessionException : Sessão inváilda ou tempo da sessão expirado. (Session not found: bAUaOLbam110FFD9D2C ) : Addr: $007CFF80
ERPImporta.exe: 00001630: 11:11:52 [127.0.0.1]:EUniSessionException : Sessão inváilda ou tempo da sessão expirado. (Session not found: ZVjJdWbRg110FFD9C07 ) : Addr: $007CFF80
ERPImporta.exe: 0000230C: 11:12:40 []:>--------------------------------------------------------------<
ERPImporta.exe: 0000230C: 11:12:40 [TUniServerModule]:Server First Init.
ERPImporta.exe: 0000230C: 11:12:40 [TUniServerModule]:Start Path = C:\Projetos_WEB\ERP_Importa\
ERPImporta.exe: 0000230C: 11:12:40 [TUniServerModule]:Debug Mode = ON
ERPImporta.exe: 0000230C: 11:12:40 [TUniGUISessionManager]:Cache erase job created, Folder count: [1]
ERPImporta.exe: 0000230C: 11:12:40 [TUniServerModule]:Starting HTTP Server on Port: 8077...
ERPImporta.exe: 0000230C: 11:12:40 [TUniServerModule]:HTTP Server Started on Port: 8077
ERPImporta.exe: 00003CB4: 11:13:18 []:>--------------------------------------------------------------<
ERPImporta.exe: 00003CB4: 11:13:18 [TUniServerModule]:Server First Init.
ERPImporta.exe: 00003CB4: 11:13:18 [TUniServerModule]:Start Path = C:\Projetos_WEB\ERP_Importa\
ERPImporta.exe: 00003CB4: 11:13:18 [TUniServerModule]:Debug Mode = ON
ERPImporta.exe: 00003CB4: 11:13:18 [TUniServerModule]:Starting HTTP Server on Port: 8077...
ERPImporta.exe: 00003CB4: 11:13:18 [TUniServerModule]:HTTP Server Started on Port: 8077
