ERPImporta.exe: 00003204: 17:29:57 []:>--------------------------------------------------------------<
ERPImporta.exe: 00003204: 17:29:57 [TUniServerModule]:Server First Init.
ERPImporta.exe: 00003204: 17:29:57 [TUniServerModule]:Start Path = D:\Projetos_WEB\ERP_Importa\
ERPImporta.exe: 00003204: 17:29:57 [TUniServerModule]:Debug Mode = ON
ERPImporta.exe: 00003204: 17:29:58 [TUniServerModule]:Starting HTTP Server on Port: 8077...
ERPImporta.exe: 00003204: 17:29:58 [TUniServerModule]:HTTP Server Started on Port: 8077
ERPImporta.exe: 00004158: 17:30:08 [PedidosNFItens: Field 'Navio' not found-127.0.0.1]:EDatabaseError : PedidosNFItens: Field 'Navio' not found : Addr: $00657AAE
ERPImporta.exe: 000047B4: 17:32:44 []:>--------------------------------------------------------------<
ERPImporta.exe: 000047B4: 17:32:44 [TUniServerModule]:Server First Init.
ERPImporta.exe: 000047B4: 17:32:44 [TUniServerModule]:Start Path = D:\Projetos_WEB\ERP_Importa\
ERPImporta.exe: 000047B4: 17:32:44 [TUniServerModule]:Debug Mode = ON
ERPImporta.exe: 000047B4: 17:32:44 [TUniServerModule]:Starting HTTP Server on Port: 8077...
ERPImporta.exe: 000047B4: 17:32:44 [TUniServerModule]:HTTP Server Started on Port: 8077
ERPImporta.exe: 00001488: 17:32:52 [PedidosNFItens: Field 'Navio' not found-127.0.0.1]:EDatabaseError : PedidosNFItens: Field 'Navio' not found : Addr: $00657AAE
ERPImporta.exe: 00001488: 17:33:35 [PedidosNFItens: Field 'Navio' not found-127.0.0.1]:EDatabaseError : PedidosNFItens: Field 'Navio' not found : Addr: $00657AAE
ERPImporta.exe: 000012D8: 17:34:07 []:>--------------------------------------------------------------<
ERPImporta.exe: 000012D8: 17:34:07 [TUniServerModule]:Server First Init.
ERPImporta.exe: 000012D8: 17:34:07 [TUniServerModule]:Start Path = D:\Projetos_WEB\ERP_Importa\
ERPImporta.exe: 000012D8: 17:34:07 [TUniServerModule]:Debug Mode = ON
ERPImporta.exe: 000012D8: 17:34:07 [TUniServerModule]:Starting HTTP Server on Port: 8077...
ERPImporta.exe: 000012D8: 17:34:08 [TUniServerModule]:HTTP Server Started on Port: 8077
ERPImporta.exe: 0000245C: 17:35:25 []:>--------------------------------------------------------------<
ERPImporta.exe: 0000245C: 17:35:25 [TUniServerModule]:Server First Init.
ERPImporta.exe: 0000245C: 17:35:25 [TUniServerModule]:Start Path = D:\Projetos_WEB\ERP_Importa\
ERPImporta.exe: 0000245C: 17:35:25 [TUniServerModule]:Debug Mode = ON
ERPImporta.exe: 0000245C: 17:35:25 [TUniGUISessionManager]:Cache erase job created, Folder count: [1]
ERPImporta.exe: 0000245C: 17:35:25 [TUniServerModule]:Starting HTTP Server on Port: 8077...
ERPImporta.exe: 0000245C: 17:35:25 [TUniServerModule]:HTTP Server Started on Port: 8077
ERPImporta.exe: 00000FDC: 17:36:12 []:>--------------------------------------------------------------<
ERPImporta.exe: 00000FDC: 17:36:12 [TUniServerModule]:Server First Init.
ERPImporta.exe: 00000FDC: 17:36:12 [TUniServerModule]:Start Path = D:\Projetos_WEB\ERP_Importa\
ERPImporta.exe: 00000FDC: 17:36:12 [TUniServerModule]:Debug Mode = ON
ERPImporta.exe: 00000FDC: 17:36:12 [TUniGUISessionManager]:Cache erase job created, Folder count: [1]
ERPImporta.exe: 00000FDC: 17:36:13 [TUniServerModule]:Starting HTTP Server on Port: 8077...
ERPImporta.exe: 00000FDC: 17:36:13 [TUniServerModule]:HTTP Server Started on Port: 8077
ERPImporta.exe: 000022A8: 17:36:14 [127.0.0.1]:EUniSessionException : Sessão inváilda ou tempo da sessão expirado. (Session not found: AwsCLZxM2R110A4586E ) : Addr: $007D0F44
ERPImporta.exe: 000016D4: 17:36:14 [127.0.0.1]:EUniSessionException : Sessão inváilda ou tempo da sessão expirado. (Session not found: AwsCLZxM2R110A4586E ) : Addr: $007D0F44
ERPImporta.exe: 00003044: 17:36:47 []:>--------------------------------------------------------------<
ERPImporta.exe: 00003044: 17:36:47 [TUniServerModule]:Server First Init.
ERPImporta.exe: 00003044: 17:36:47 [TUniServerModule]:Start Path = D:\Projetos_WEB\ERP_Importa\
ERPImporta.exe: 00003044: 17:36:47 [TUniServerModule]:Debug Mode = ON
ERPImporta.exe: 00003044: 17:36:47 [TUniGUISessionManager]:Cache erase job created, Folder count: [1]
ERPImporta.exe: 00003044: 17:36:47 [TUniServerModule]:Starting HTTP Server on Port: 8077...
ERPImporta.exe: 00003044: 17:36:48 [TUniServerModule]:HTTP Server Started on Port: 8077
ERPImporta.exe: 00004214: 17:36:48 [127.0.0.1]:EUniSessionException : Sessão inváilda ou tempo da sessão expirado. (Session not found: VVTcF9VjyB110A458A5 ) : Addr: $007D0F44
ERPImporta.exe: 000015A0: 17:37:01 [PedidosNFItens: Field 'Navio' not found-127.0.0.1]:EDatabaseError : PedidosNFItens: Field 'Navio' not found : Addr: $00657AAE
ERPImporta.exe: 00003100: 17:38:35 []:>--------------------------------------------------------------<
ERPImporta.exe: 00003100: 17:38:35 [TUniServerModule]:Server First Init.
ERPImporta.exe: 00003100: 17:38:35 [TUniServerModule]:Start Path = D:\Projetos_WEB\ERP_Importa\
ERPImporta.exe: 00003100: 17:38:35 [TUniServerModule]:Debug Mode = ON
ERPImporta.exe: 00003100: 17:38:35 [TUniGUISessionManager]:Cache erase job created, Folder count: [1]
ERPImporta.exe: 00003100: 17:38:35 [TUniServerModule]:Starting HTTP Server on Port: 8077...
ERPImporta.exe: 00003100: 17:38:35 [TUniServerModule]:HTTP Server Started on Port: 8077
ERPImporta.exe: 000014A0: 17:39:30 [127.0.0.1]:EDatabaseError : PedidosNFItens: Field 'Lucro_Valor' not found : Addr: $00657AAE
ERPImporta.exe: 000032EC: 17:41:21 []:>--------------------------------------------------------------<
ERPImporta.exe: 000032EC: 17:41:21 [TUniServerModule]:Server First Init.
ERPImporta.exe: 000032EC: 17:41:21 [TUniServerModule]:Start Path = D:\Projetos_WEB\ERP_Importa\
ERPImporta.exe: 000032EC: 17:41:21 [TUniServerModule]:Debug Mode = ON
ERPImporta.exe: 000032EC: 17:41:21 [TUniServerModule]:Starting HTTP Server on Port: 8077...
ERPImporta.exe: 000032EC: 17:41:21 [TUniServerModule]:HTTP Server Started on Port: 8077
ERPImporta.exe: 00002A04: 17:41:44 [127.0.0.1]:EDatabaseError : PedidosNFItens: Field 'Lucro_Valor' not found : Addr: $00657AAE
ERPImporta.exe: 00001AE8: 17:44:22 []:>--------------------------------------------------------------<
ERPImporta.exe: 00001AE8: 17:44:22 [TUniServerModule]:Server First Init.
ERPImporta.exe: 00001AE8: 17:44:22 [TUniServerModule]:Start Path = D:\Projetos_WEB\ERP_Importa\
ERPImporta.exe: 00001AE8: 17:44:22 [TUniServerModule]:Debug Mode = ON
ERPImporta.exe: 00001AE8: 17:44:22 [TUniServerModule]:Starting HTTP Server on Port: 8077...
ERPImporta.exe: 00001AE8: 17:44:22 [TUniServerModule]:HTTP Server Started on Port: 8077
ERPImporta.exe: 000027CC: 17:44:52 [127.0.0.1]:EDatabaseError : Adicoes: Field 'Registro' not found : Addr: $00657AAE
ERPImporta.exe: 000020A0: 17:45:43 []:>--------------------------------------------------------------<
ERPImporta.exe: 000020A0: 17:45:43 [TUniServerModule]:Server First Init.
ERPImporta.exe: 000020A0: 17:45:43 [TUniServerModule]:Start Path = D:\Projetos_WEB\ERP_Importa\
ERPImporta.exe: 000020A0: 17:45:43 [TUniServerModule]:Debug Mode = ON
ERPImporta.exe: 000020A0: 17:45:43 [TUniGUISessionManager]:Cache erase job created, Folder count: [1]
ERPImporta.exe: 000020A0: 17:45:43 [TUniServerModule]:Starting HTTP Server on Port: 8077...
ERPImporta.exe: 000020A0: 17:45:43 [TUniServerModule]:HTTP Server Started on Port: 8077
ERPImporta.exe: 000045B0: 17:46:12 [127.0.0.1]:EDatabaseError : PedidosNFItens: Field 'Tipo_Nota' not found : Addr: $00657AAE
ERPImporta.exe: 000024B8: 17:47:04 []:>--------------------------------------------------------------<
ERPImporta.exe: 000024B8: 17:47:04 [TUniServerModule]:Server First Init.
ERPImporta.exe: 000024B8: 17:47:04 [TUniServerModule]:Start Path = D:\Projetos_WEB\ERP_Importa\
ERPImporta.exe: 000024B8: 17:47:04 [TUniServerModule]:Debug Mode = ON
ERPImporta.exe: 000024B8: 17:47:04 [TUniGUISessionManager]:Cache erase job created, Folder count: [1]
ERPImporta.exe: 000024B8: 17:47:04 [TUniServerModule]:Starting HTTP Server on Port: 8077...
ERPImporta.exe: 000024B8: 17:47:04 [TUniServerModule]:HTTP Server Started on Port: 8077
ERPImporta.exe: 000041C0: 17:47:25 [127.0.0.1]:EDatabaseError : Adicoes: Field 'Pedido' not found : Addr: $00657AAE
ERPImporta.exe: 00001EDC: 17:48:28 []:>--------------------------------------------------------------<
ERPImporta.exe: 00001EDC: 17:48:28 [TUniServerModule]:Server First Init.
ERPImporta.exe: 00001EDC: 17:48:28 [TUniServerModule]:Start Path = D:\Projetos_WEB\ERP_Importa\
ERPImporta.exe: 00001EDC: 17:48:28 [TUniServerModule]:Debug Mode = ON
ERPImporta.exe: 00001EDC: 17:48:29 [TUniServerModule]:Starting HTTP Server on Port: 8077...
ERPImporta.exe: 00001EDC: 17:48:29 [TUniServerModule]:HTTP Server Started on Port: 8077
ERPImporta.exe: 00003D68: 17:48:52 [127.0.0.1]:EDatabaseError : tIncentivos: Field 'Percentual_Beneficio' not found : Addr: $00657AAE
ERPImporta.exe: 00004790: 17:57:36 []:>--------------------------------------------------------------<
ERPImporta.exe: 00004790: 17:57:36 [TUniServerModule]:Server First Init.
ERPImporta.exe: 00004790: 17:57:36 [TUniServerModule]:Start Path = D:\Projetos_WEB\ERP_Importa\
ERPImporta.exe: 00004790: 17:57:36 [TUniServerModule]:Debug Mode = ON
ERPImporta.exe: 00004790: 17:57:37 [TUniServerModule]:Starting HTTP Server on Port: 8077...
ERPImporta.exe: 00004790: 17:57:37 [TUniServerModule]:HTTP Server Started on Port: 8077
ERPImporta.exe: 00000EE0: 18:03:42 []:>--------------------------------------------------------------<
ERPImporta.exe: 00000EE0: 18:03:42 [TUniServerModule]:Server First Init.
ERPImporta.exe: 00000EE0: 18:03:42 [TUniServerModule]:Start Path = D:\Projetos_WEB\ERP_Importa\
ERPImporta.exe: 00000EE0: 18:03:42 [TUniServerModule]:Debug Mode = ON
ERPImporta.exe: 00000EE0: 18:03:42 [TUniServerModule]:Starting HTTP Server on Port: 8077...
ERPImporta.exe: 00000EE0: 18:03:42 [TUniServerModule]:HTTP Server Started on Port: 8077
ERPImporta.exe: 000012C4: 18:40:31 []:>--------------------------------------------------------------<
ERPImporta.exe: 000012C4: 18:40:31 [TUniServerModule]:Server First Init.
ERPImporta.exe: 000012C4: 18:40:31 [TUniServerModule]:Start Path = D:\Projetos_WEB\ERP_Importa\
ERPImporta.exe: 000012C4: 18:40:31 [TUniServerModule]:Debug Mode = ON
ERPImporta.exe: 000012C4: 18:40:31 [TUniGUISessionManager]:Cache erase job created, Folder count: [1]
ERPImporta.exe: 000012C4: 18:40:32 [TUniServerModule]:Starting HTTP Server on Port: 8077...
ERPImporta.exe: 000012C4: 18:40:32 [TUniServerModule]:HTTP Server Started on Port: 8077
ERPImporta.exe: 000045D4: 18:41:20 []:>--------------------------------------------------------------<
ERPImporta.exe: 000045D4: 18:41:20 [TUniServerModule]:Server First Init.
ERPImporta.exe: 000045D4: 18:41:20 [TUniServerModule]:Start Path = D:\Projetos_WEB\ERP_Importa\
ERPImporta.exe: 000045D4: 18:41:20 [TUniServerModule]:Debug Mode = ON
ERPImporta.exe: 000045D4: 18:41:20 [TUniGUISessionManager]:Cache erase job created, Folder count: [1]
ERPImporta.exe: 000045D4: 18:41:20 [TUniServerModule]:Starting HTTP Server on Port: 8077...
ERPImporta.exe: 000045D4: 18:41:20 [TUniServerModule]:HTTP Server Started on Port: 8077
ERPImporta.exe: 00001154: 18:44:06 []:>--------------------------------------------------------------<
ERPImporta.exe: 00001154: 18:44:06 [TUniServerModule]:Server First Init.
ERPImporta.exe: 00001154: 18:44:06 [TUniServerModule]:Start Path = D:\Projetos_WEB\ERP_Importa\
ERPImporta.exe: 00001154: 18:44:06 [TUniServerModule]:Debug Mode = ON
ERPImporta.exe: 00001154: 18:44:07 [TUniServerModule]:Starting HTTP Server on Port: 8077...
ERPImporta.exe: 00001154: 18:44:07 [TUniServerModule]:HTTP Server Started on Port: 8077
ERPImporta.exe: 0000044C: 18:44:26 [127.0.0.1]:EDatabaseError : PedidosNFItens: Field 'Descricao' not found : Addr: $00657AAE
ERPImporta.exe: 00004140: 18:46:38 []:>--------------------------------------------------------------<
ERPImporta.exe: 00004140: 18:46:38 [TUniServerModule]:Server First Init.
ERPImporta.exe: 00004140: 18:46:38 [TUniServerModule]:Start Path = D:\Projetos_WEB\ERP_Importa\
ERPImporta.exe: 00004140: 18:46:38 [TUniServerModule]:Debug Mode = ON
ERPImporta.exe: 00004140: 18:46:39 [TUniServerModule]:Starting HTTP Server on Port: 8077...
ERPImporta.exe: 00004140: 18:46:39 [TUniServerModule]:HTTP Server Started on Port: 8077
ERPImporta.exe: 00002300: 18:49:05 []:>--------------------------------------------------------------<
ERPImporta.exe: 00002300: 18:49:05 [TUniServerModule]:Server First Init.
ERPImporta.exe: 00002300: 18:49:05 [TUniServerModule]:Start Path = D:\Projetos_WEB\ERP_Importa\
ERPImporta.exe: 00002300: 18:49:05 [TUniServerModule]:Debug Mode = ON
ERPImporta.exe: 00002300: 18:49:05 [TUniServerModule]:Starting HTTP Server on Port: 8077...
ERPImporta.exe: 00002300: 18:49:05 [TUniServerModule]:HTTP Server Started on Port: 8077
ERPImporta.exe: 00002C6C: 18:49:24 [127.0.0.1]:EDatabaseError : Adicoes: Field 'Peso_Bruto' not found : Addr: $00657AAE
ERPImporta.exe: 0000288C: 18:50:20 []:>--------------------------------------------------------------<
ERPImporta.exe: 0000288C: 18:50:20 [TUniServerModule]:Server First Init.
ERPImporta.exe: 0000288C: 18:50:20 [TUniServerModule]:Start Path = D:\Projetos_WEB\ERP_Importa\
ERPImporta.exe: 0000288C: 18:50:20 [TUniServerModule]:Debug Mode = ON
ERPImporta.exe: 0000288C: 18:50:20 [TUniServerModule]:Starting HTTP Server on Port: 8077...
ERPImporta.exe: 0000288C: 18:50:21 [TUniServerModule]:HTTP Server Started on Port: 8077
ERPImporta.exe: 0000297C: 18:52:18 [127.0.0.1]:EDatabaseError : Produtos: Field 'Peso_Bruto' not found : Addr: $00657AAE
ERPImporta.exe: 00004334: 18:52:55 []:>--------------------------------------------------------------<
ERPImporta.exe: 00004334: 18:52:55 [TUniServerModule]:Server First Init.
ERPImporta.exe: 00004334: 18:52:55 [TUniServerModule]:Start Path = D:\Projetos_WEB\ERP_Importa\
ERPImporta.exe: 00004334: 18:52:55 [TUniServerModule]:Debug Mode = ON
ERPImporta.exe: 00004334: 18:52:55 [TUniGUISessionManager]:Cache erase job created, Folder count: [1]
ERPImporta.exe: 00004334: 18:52:56 [TUniServerModule]:Starting HTTP Server on Port: 8077...
ERPImporta.exe: 00004334: 18:52:56 [TUniServerModule]:HTTP Server Started on Port: 8077
