ERPImporta.exe: 000036E8: 08:58:24 []:>--------------------------------------------------------------<
ERPImporta.exe: 000036E8: 08:58:24 [TUniServerModule]:Server First Init.
ERPImporta.exe: 000036E8: 08:58:24 [TUniServerModule]:Start Path = C:\Projetos_WEB\ERP_Importa\
ERPImporta.exe: 000036E8: 08:58:24 [TUniServerModule]:Debug Mode = ON
ERPImporta.exe: 000036E8: 08:58:24 [TUniGUISessionManager]:Cache erase job created, Folder count: [1]
ERPImporta.exe: 000036E8: 08:58:25 [TUniServerModule]:Starting HTTP Server on Port: 8077...
ERPImporta.exe: 000036E8: 08:58:25 [TUniServerModule]:HTTP Server Started on Port: 8077
ERPImporta.exe: 000027B4: 08:59:42 []:>--------------------------------------------------------------<
ERPImporta.exe: 000027B4: 08:59:42 [TUniServerModule]:Server First Init.
ERPImporta.exe: 000027B4: 08:59:42 [TUniServerModule]:Start Path = C:\Projetos_WEB\ERP_Importa\
ERPImporta.exe: 000027B4: 08:59:42 [TUniServerModule]:Debug Mode = ON
ERPImporta.exe: 000027B4: 08:59:42 [TUniGUISessionManager]:Cache erase job created, Folder count: [1]
ERPImporta.exe: 000027B4: 08:59:42 [TUniServerModule]:Starting HTTP Server on Port: 8077...
ERPImporta.exe: 000027B4: 08:59:42 [TUniServerModule]:HTTP Server Started on Port: 8077
ERPImporta.exe: 0000123C: 09:00:43 []:>--------------------------------------------------------------<
ERPImporta.exe: 0000123C: 09:00:43 [TUniServerModule]:Server First Init.
ERPImporta.exe: 0000123C: 09:00:43 [TUniServerModule]:Start Path = C:\Projetos_WEB\ERP_Importa\
ERPImporta.exe: 0000123C: 09:00:43 [TUniServerModule]:Debug Mode = ON
ERPImporta.exe: 0000123C: 09:00:44 [TUniServerModule]:Starting HTTP Server on Port: 8077...
ERPImporta.exe: 0000123C: 09:00:44 [TUniServerModule]:HTTP Server Started on Port: 8077
ERPImporta.exe: 00002658: 09:02:09 []:>--------------------------------------------------------------<
ERPImporta.exe: 00002658: 09:02:09 [TUniServerModule]:Server First Init.
ERPImporta.exe: 00002658: 09:02:09 [TUniServerModule]:Start Path = C:\Projetos_WEB\ERP_Importa\
ERPImporta.exe: 00002658: 09:02:09 [TUniServerModule]:Debug Mode = ON
ERPImporta.exe: 00002658: 09:02:09 [TUniServerModule]:Starting HTTP Server on Port: 8077...
ERPImporta.exe: 00002658: 09:02:09 [TUniServerModule]:HTTP Server Started on Port: 8077
ERPImporta.exe: 000036F8: 09:04:25 []:>--------------------------------------------------------------<
ERPImporta.exe: 000036F8: 09:04:25 [TUniServerModule]:Server First Init.
ERPImporta.exe: 000036F8: 09:04:25 [TUniServerModule]:Start Path = C:\Projetos_WEB\ERP_Importa\
ERPImporta.exe: 000036F8: 09:04:25 [TUniServerModule]:Debug Mode = ON
ERPImporta.exe: 000036F8: 09:04:26 [TUniServerModule]:Starting HTTP Server on Port: 8077...
ERPImporta.exe: 000036F8: 09:04:26 [TUniServerModule]:HTTP Server Started on Port: 8077
ERPImporta.exe: 00003060: 09:08:43 []:>--------------------------------------------------------------<
ERPImporta.exe: 00003060: 09:08:43 [TUniServerModule]:Server First Init.
ERPImporta.exe: 00003060: 09:08:43 [TUniServerModule]:Start Path = C:\Projetos_WEB\ERP_Importa\
ERPImporta.exe: 00003060: 09:08:43 [TUniServerModule]:Debug Mode = ON
ERPImporta.exe: 00003060: 09:08:43 [TUniGUISessionManager]:Cache erase job created, Folder count: [1]
ERPImporta.exe: 00003060: 09:08:43 [TUniServerModule]:Starting HTTP Server on Port: 8077...
ERPImporta.exe: 00003060: 09:08:43 [TUniServerModule]:HTTP Server Started on Port: 8077
ERPImporta.exe: 00002630: 09:15:22 []:>--------------------------------------------------------------<
ERPImporta.exe: 00002630: 09:15:22 [TUniServerModule]:Server First Init.
ERPImporta.exe: 00002630: 09:15:22 [TUniServerModule]:Start Path = C:\Projetos_WEB\ERP_Importa\
ERPImporta.exe: 00002630: 09:15:22 [TUniServerModule]:Debug Mode = ON
ERPImporta.exe: 00002630: 09:15:22 [TUniGUISessionManager]:Cache erase job created, Folder count: [1]
ERPImporta.exe: 00002630: 09:15:22 [TUniServerModule]:Starting HTTP Server on Port: 8077...
ERPImporta.exe: 00002630: 09:15:22 [TUniServerModule]:HTTP Server Started on Port: 8077
ERPImporta.exe: 00002C54: 09:15:22 [127.0.0.1]:EUniSessionException : Sessão inváilda ou tempo da sessão expirado. (Session not found: pEbHcES8cS10D411BFA ) : Addr: $007CEC46
ERPImporta.exe: 000030BC: 09:15:22 [127.0.0.1]:EUniSessionException : Sessão inváilda ou tempo da sessão expirado. (Session not found: pEbHcES8cS10D411BFA ) : Addr: $007CEC46
ERPImporta.exe: 0000230C: 09:15:22 [127.0.0.1]:EUniSessionException : Sessão inváilda ou tempo da sessão expirado. (Session not found: pEbHcES8cS10D411BFA ) : Addr: $007CEC46
ERPImporta.exe: 00002FF0: 09:15:23 [127.0.0.1]:EUniSessionException : Sessão inváilda ou tempo da sessão expirado. (Session not found: pEbHcES8cS10D411BFA ) : Addr: $007CEC46
ERPImporta.exe: 00001730: 09:15:23 [127.0.0.1]:EUniSessionException : Sessão inváilda ou tempo da sessão expirado. (Session not found: pEbHcES8cS10D411BFA ) : Addr: $007CEC46
ERPImporta.exe: 00002E64: 09:16:21 []:>--------------------------------------------------------------<
ERPImporta.exe: 00002E64: 09:16:21 [TUniServerModule]:Server First Init.
ERPImporta.exe: 00002E64: 09:16:21 [TUniServerModule]:Start Path = C:\Projetos_WEB\ERP_Importa\
ERPImporta.exe: 00002E64: 09:16:21 [TUniServerModule]:Debug Mode = ON
ERPImporta.exe: 00002E64: 09:16:21 [TUniServerModule]:Starting HTTP Server on Port: 8077...
ERPImporta.exe: 00002E64: 09:16:21 [TUniServerModule]:HTTP Server Started on Port: 8077
ERPImporta.exe: 00000CF0: 09:18:50 []:>--------------------------------------------------------------<
ERPImporta.exe: 00000CF0: 09:18:50 [TUniServerModule]:Server First Init.
ERPImporta.exe: 00000CF0: 09:18:50 [TUniServerModule]:Start Path = C:\Projetos_WEB\ERP_Importa\
ERPImporta.exe: 00000CF0: 09:18:50 [TUniServerModule]:Debug Mode = ON
ERPImporta.exe: 00000CF0: 09:18:50 [TUniGUISessionManager]:Cache erase job created, Folder count: [1]
ERPImporta.exe: 00000CF0: 09:18:50 [TUniServerModule]:Starting HTTP Server on Port: 8077...
ERPImporta.exe: 00000CF0: 09:18:50 [TUniServerModule]:HTTP Server Started on Port: 8077
ERPImporta.exe: 00000FB8: 12:15:57 []:>--------------------------------------------------------------<
ERPImporta.exe: 00000FB8: 12:15:57 [TUniServerModule]:Server First Init.
ERPImporta.exe: 00000FB8: 12:15:57 [TUniServerModule]:Start Path = C:\Projetos_WEB\ERP_Importa\
ERPImporta.exe: 00000FB8: 12:15:57 [TUniServerModule]:Debug Mode = ON
ERPImporta.exe: 00000FB8: 12:15:57 [TUniServerModule]:Starting HTTP Server on Port: 8077...
ERPImporta.exe: 00000FB8: 12:15:57 [TUniServerModule]:HTTP Server Started on Port: 8077
ERPImporta.exe: 00002108: 12:18:33 []:>--------------------------------------------------------------<
ERPImporta.exe: 00002108: 12:18:33 [TUniServerModule]:Server First Init.
ERPImporta.exe: 00002108: 12:18:33 [TUniServerModule]:Start Path = C:\Projetos_WEB\ERP_Importa\
ERPImporta.exe: 00002108: 12:18:33 [TUniServerModule]:Debug Mode = ON
ERPImporta.exe: 00002108: 12:18:33 [TUniServerModule]:Starting HTTP Server on Port: 8077...
ERPImporta.exe: 00002108: 12:18:33 [TUniServerModule]:HTTP Server Started on Port: 8077
ERPImporta.exe: 00003A98: 12:19:54 []:>--------------------------------------------------------------<
ERPImporta.exe: 00003A98: 12:19:54 [TUniServerModule]:Server First Init.
ERPImporta.exe: 00003A98: 12:19:54 [TUniServerModule]:Start Path = C:\Projetos_WEB\ERP_Importa\
ERPImporta.exe: 00003A98: 12:19:54 [TUniServerModule]:Debug Mode = ON
ERPImporta.exe: 00003A98: 12:19:54 [TUniServerModule]:Starting HTTP Server on Port: 8077...
ERPImporta.exe: 00003A98: 12:19:54 [TUniServerModule]:HTTP Server Started on Port: 8077
ERPImporta.exe: 0000391C: 12:23:36 []:>--------------------------------------------------------------<
ERPImporta.exe: 0000391C: 12:23:36 [TUniServerModule]:Server First Init.
ERPImporta.exe: 0000391C: 12:23:36 [TUniServerModule]:Start Path = C:\Projetos_WEB\ERP_Importa\
ERPImporta.exe: 0000391C: 12:23:36 [TUniServerModule]:Debug Mode = ON
ERPImporta.exe: 0000391C: 12:23:36 [TUniGUISessionManager]:Cache erase job created, Folder count: [1]
ERPImporta.exe: 0000391C: 12:23:37 [TUniServerModule]:Starting HTTP Server on Port: 8077...
ERPImporta.exe: 0000391C: 12:23:37 [TUniServerModule]:HTTP Server Started on Port: 8077
ERPImporta.exe: 00001E14: 12:24:44 []:>--------------------------------------------------------------<
ERPImporta.exe: 00001E14: 12:24:44 [TUniServerModule]:Server First Init.
ERPImporta.exe: 00001E14: 12:24:44 [TUniServerModule]:Start Path = C:\Projetos_WEB\ERP_Importa\
ERPImporta.exe: 00001E14: 12:24:44 [TUniServerModule]:Debug Mode = ON
ERPImporta.exe: 00001E14: 12:24:44 [TUniServerModule]:Starting HTTP Server on Port: 8077...
ERPImporta.exe: 00001E14: 12:24:44 [TUniServerModule]:HTTP Server Started on Port: 8077
ERPImporta.exe: 000014D8: 12:30:08 []:>--------------------------------------------------------------<
ERPImporta.exe: 000014D8: 12:30:08 [TUniServerModule]:Server First Init.
ERPImporta.exe: 000014D8: 12:30:08 [TUniServerModule]:Start Path = C:\Projetos_WEB\ERP_Importa\
ERPImporta.exe: 000014D8: 12:30:08 [TUniServerModule]:Debug Mode = ON
ERPImporta.exe: 000014D8: 12:30:08 [TUniGUISessionManager]:Cache erase job created, Folder count: [1]
ERPImporta.exe: 000014D8: 12:30:09 [TUniServerModule]:Starting HTTP Server on Port: 8077...
ERPImporta.exe: 000014D8: 12:30:09 [TUniServerModule]:HTTP Server Started on Port: 8077
ERPImporta.exe: 00003758: 12:34:09 []:>--------------------------------------------------------------<
ERPImporta.exe: 00003758: 12:34:09 [TUniServerModule]:Server First Init.
ERPImporta.exe: 00003758: 12:34:09 [TUniServerModule]:Start Path = C:\Projetos_WEB\ERP_Importa\
ERPImporta.exe: 00003758: 12:34:09 [TUniServerModule]:Debug Mode = ON
ERPImporta.exe: 00003758: 12:34:09 [TUniServerModule]:Starting HTTP Server on Port: 8077...
ERPImporta.exe: 00003758: 12:34:09 [TUniServerModule]:HTTP Server Started on Port: 8077
ERPImporta.exe: 000018F8: 12:36:09 []:>--------------------------------------------------------------<
ERPImporta.exe: 000018F8: 12:36:09 [TUniServerModule]:Server First Init.
ERPImporta.exe: 000018F8: 12:36:09 [TUniServerModule]:Start Path = C:\Projetos_WEB\ERP_Importa\
ERPImporta.exe: 000018F8: 12:36:09 [TUniServerModule]:Debug Mode = ON
ERPImporta.exe: 000018F8: 12:36:09 [TUniServerModule]:Starting HTTP Server on Port: 8077...
ERPImporta.exe: 000018F8: 12:36:09 [TUniServerModule]:HTTP Server Started on Port: 8077
ERPImporta.exe: 000027F8: 12:36:35 []:>--------------------------------------------------------------<
ERPImporta.exe: 000027F8: 12:36:35 [TUniServerModule]:Server First Init.
ERPImporta.exe: 000027F8: 12:36:35 [TUniServerModule]:Start Path = C:\Projetos_WEB\ERP_Importa\
ERPImporta.exe: 000027F8: 12:36:35 [TUniServerModule]:Debug Mode = ON
ERPImporta.exe: 000027F8: 12:36:35 [TUniGUISessionManager]:Cache erase job created, Folder count: [1]
ERPImporta.exe: 000027F8: 12:36:35 [TUniServerModule]:Starting HTTP Server on Port: 8077...
ERPImporta.exe: 000027F8: 12:36:35 [TUniServerModule]:HTTP Server Started on Port: 8077
ERPImporta.exe: 00002108: 12:37:56 []:>--------------------------------------------------------------<
ERPImporta.exe: 00002108: 12:37:56 [TUniServerModule]:Server First Init.
ERPImporta.exe: 00002108: 12:37:56 [TUniServerModule]:Start Path = C:\Projetos_WEB\ERP_Importa\
ERPImporta.exe: 00002108: 12:37:56 [TUniServerModule]:Debug Mode = ON
ERPImporta.exe: 00002108: 12:37:56 [TUniServerModule]:Starting HTTP Server on Port: 8077...
ERPImporta.exe: 00002108: 12:37:56 [TUniServerModule]:HTTP Server Started on Port: 8077
ERPImporta.exe: 000014B0: 12:38:32 []:>--------------------------------------------------------------<
ERPImporta.exe: 000014B0: 12:38:32 [TUniServerModule]:Server First Init.
ERPImporta.exe: 000014B0: 12:38:32 [TUniServerModule]:Start Path = C:\Projetos_WEB\ERP_Importa\
ERPImporta.exe: 000014B0: 12:38:32 [TUniServerModule]:Debug Mode = ON
ERPImporta.exe: 000014B0: 12:38:32 [TUniGUISessionManager]:Cache erase job created, Folder count: [1]
ERPImporta.exe: 000014B0: 12:38:33 [TUniServerModule]:Starting HTTP Server on Port: 8077...
ERPImporta.exe: 000014B0: 12:38:33 [TUniServerModule]:HTTP Server Started on Port: 8077
ERPImporta.exe: 00001EF4: 12:39:25 []:>--------------------------------------------------------------<
ERPImporta.exe: 00001EF4: 12:39:25 [TUniServerModule]:Server First Init.
ERPImporta.exe: 00001EF4: 12:39:25 [TUniServerModule]:Start Path = C:\Projetos_WEB\ERP_Importa\
ERPImporta.exe: 00001EF4: 12:39:25 [TUniServerModule]:Debug Mode = ON
ERPImporta.exe: 00001EF4: 12:39:25 [TUniServerModule]:Starting HTTP Server on Port: 8077...
ERPImporta.exe: 00001EF4: 12:39:25 [TUniServerModule]:HTTP Server Started on Port: 8077
ERPImporta.exe: 00003BFC: 12:42:43 []:>--------------------------------------------------------------<
ERPImporta.exe: 00003BFC: 12:42:43 [TUniServerModule]:Server First Init.
ERPImporta.exe: 00003BFC: 12:42:43 [TUniServerModule]:Start Path = C:\Projetos_WEB\ERP_Importa\
ERPImporta.exe: 00003BFC: 12:42:43 [TUniServerModule]:Debug Mode = ON
ERPImporta.exe: 00003BFC: 12:42:43 [TUniServerModule]:Starting HTTP Server on Port: 8077...
ERPImporta.exe: 00003BFC: 12:42:43 [TUniServerModule]:HTTP Server Started on Port: 8077
ERPImporta.exe: 00001938: 14:45:38 []:>--------------------------------------------------------------<
ERPImporta.exe: 00001938: 14:45:38 [TUniServerModule]:Server First Init.
ERPImporta.exe: 00001938: 14:45:38 [TUniServerModule]:Start Path = C:\Projetos_WEB\ERP_Importa\
ERPImporta.exe: 00001938: 14:45:38 [TUniServerModule]:Debug Mode = ON
ERPImporta.exe: 00001938: 14:45:39 [TUniServerModule]:Starting HTTP Server on Port: 8077...
ERPImporta.exe: 00001938: 14:45:39 [TUniServerModule]:HTTP Server Started on Port: 8077
ERPImporta.exe: 00001D24: 14:47:28 []:>--------------------------------------------------------------<
ERPImporta.exe: 00001D24: 14:47:28 [TUniServerModule]:Server First Init.
ERPImporta.exe: 00001D24: 14:47:28 [TUniServerModule]:Start Path = C:\Projetos_WEB\ERP_Importa\
ERPImporta.exe: 00001D24: 14:47:28 [TUniServerModule]:Debug Mode = ON
ERPImporta.exe: 00001D24: 14:47:28 [TUniServerModule]:Starting HTTP Server on Port: 8077...
ERPImporta.exe: 00001D24: 14:47:28 [TUniServerModule]:HTTP Server Started on Port: 8077
ERPImporta.exe: 000026C0: 14:49:02 []:>--------------------------------------------------------------<
ERPImporta.exe: 000026C0: 14:49:02 [TUniServerModule]:Server First Init.
ERPImporta.exe: 000026C0: 14:49:02 [TUniServerModule]:Start Path = C:\Projetos_WEB\ERP_Importa\
ERPImporta.exe: 000026C0: 14:49:02 [TUniServerModule]:Debug Mode = ON
ERPImporta.exe: 000026C0: 14:49:03 [TUniServerModule]:Starting HTTP Server on Port: 8077...
ERPImporta.exe: 000026C0: 14:49:03 [TUniServerModule]:HTTP Server Started on Port: 8077
ERPImporta.exe: 00003814: 14:49:49 []:>--------------------------------------------------------------<
ERPImporta.exe: 00003814: 14:49:49 [TUniServerModule]:Server First Init.
ERPImporta.exe: 00003814: 14:49:49 [TUniServerModule]:Start Path = C:\Projetos_WEB\ERP_Importa\
ERPImporta.exe: 00003814: 14:49:49 [TUniServerModule]:Debug Mode = ON
ERPImporta.exe: 00003814: 14:49:49 [TUniGUISessionManager]:Cache erase job created, Folder count: [1]
ERPImporta.exe: 00003814: 14:49:49 [TUniServerModule]:Starting HTTP Server on Port: 8077...
ERPImporta.exe: 00003814: 14:49:49 [TUniServerModule]:HTTP Server Started on Port: 8077
ERPImporta.exe: 00003160: 14:50:44 []:>--------------------------------------------------------------<
ERPImporta.exe: 00003160: 14:50:44 [TUniServerModule]:Server First Init.
ERPImporta.exe: 00003160: 14:50:44 [TUniServerModule]:Start Path = C:\Projetos_WEB\ERP_Importa\
ERPImporta.exe: 00003160: 14:50:44 [TUniServerModule]:Debug Mode = ON
ERPImporta.exe: 00003160: 14:50:44 [TUniServerModule]:Starting HTTP Server on Port: 8077...
ERPImporta.exe: 00003160: 14:50:44 [TUniServerModule]:HTTP Server Started on Port: 8077
ERPImporta.exe: 00001780: 14:52:19 []:>--------------------------------------------------------------<
ERPImporta.exe: 00001780: 14:52:19 [TUniServerModule]:Server First Init.
ERPImporta.exe: 00001780: 14:52:19 [TUniServerModule]:Start Path = C:\Projetos_WEB\ERP_Importa\
ERPImporta.exe: 00001780: 14:52:19 [TUniServerModule]:Debug Mode = ON
ERPImporta.exe: 00001780: 14:52:19 [TUniServerModule]:Starting HTTP Server on Port: 8077...
ERPImporta.exe: 00001780: 14:52:19 [TUniServerModule]:HTTP Server Started on Port: 8077
ERPImporta.exe: 00002AD0: 14:53:53 []:>--------------------------------------------------------------<
ERPImporta.exe: 00002AD0: 14:53:53 [TUniServerModule]:Server First Init.
ERPImporta.exe: 00002AD0: 14:53:53 [TUniServerModule]:Start Path = C:\Projetos_WEB\ERP_Importa\
ERPImporta.exe: 00002AD0: 14:53:53 [TUniServerModule]:Debug Mode = ON
ERPImporta.exe: 00002AD0: 14:53:54 [TUniServerModule]:Starting HTTP Server on Port: 8077...
ERPImporta.exe: 00002AD0: 14:53:54 [TUniServerModule]:HTTP Server Started on Port: 8077
ERPImporta.exe: 00003B38: 14:55:32 []:>--------------------------------------------------------------<
ERPImporta.exe: 00003B38: 14:55:32 [TUniServerModule]:Server First Init.
ERPImporta.exe: 00003B38: 14:55:32 [TUniServerModule]:Start Path = C:\Projetos_WEB\ERP_Importa\
ERPImporta.exe: 00003B38: 14:55:32 [TUniServerModule]:Debug Mode = ON
ERPImporta.exe: 00003B38: 14:55:32 [TUniGUISessionManager]:Cache erase job created, Folder count: [1]
ERPImporta.exe: 00003B38: 14:55:32 [TUniServerModule]:Starting HTTP Server on Port: 8077...
ERPImporta.exe: 00003B38: 14:55:32 [TUniServerModule]:HTTP Server Started on Port: 8077
ERPImporta.exe: 00003224: 14:56:19 []:>--------------------------------------------------------------<
ERPImporta.exe: 00003224: 14:56:19 [TUniServerModule]:Server First Init.
ERPImporta.exe: 00003224: 14:56:19 [TUniServerModule]:Start Path = C:\Projetos_WEB\ERP_Importa\
ERPImporta.exe: 00003224: 14:56:19 [TUniServerModule]:Debug Mode = ON
ERPImporta.exe: 00003224: 14:56:20 [TUniServerModule]:Starting HTTP Server on Port: 8077...
ERPImporta.exe: 00003224: 14:56:20 [TUniServerModule]:HTTP Server Started on Port: 8077
ERPImporta.exe: 00000C50: 14:56:23 [127.0.0.1]:EUniSessionException : Sessão inváilda ou tempo da sessão expirado. (Session not found: MGuMsDU8Hx10D41799E ) : Addr: $007CEC46
ERPImporta.exe: 00001574: 14:56:23 [127.0.0.1]:EUniSessionException : Sessão inváilda ou tempo da sessão expirado. (Session not found: MGuMsDU8Hx10D41799E ) : Addr: $007CEC46
ERPImporta.exe: 000005C4: 14:56:23 [127.0.0.1]:EUniSessionException : Sessão inváilda ou tempo da sessão expirado. (Session not found: MGuMsDU8Hx10D41799E ) : Addr: $007CEC46
ERPImporta.exe: 0000376C: 14:56:23 [127.0.0.1]:EUniSessionException : Sessão inváilda ou tempo da sessão expirado. (Session not found: MGuMsDU8Hx10D41799E ) : Addr: $007CEC46
ERPImporta.exe: 0000384C: 14:56:51 []:>--------------------------------------------------------------<
ERPImporta.exe: 0000384C: 14:56:51 [TUniServerModule]:Server First Init.
ERPImporta.exe: 0000384C: 14:56:51 [TUniServerModule]:Start Path = C:\Projetos_WEB\ERP_Importa\
ERPImporta.exe: 0000384C: 14:56:51 [TUniServerModule]:Debug Mode = ON
ERPImporta.exe: 0000384C: 14:56:51 [TUniServerModule]:Starting HTTP Server on Port: 8077...
ERPImporta.exe: 0000384C: 14:56:51 [TUniServerModule]:HTTP Server Started on Port: 8077
ERPImporta.exe: 00003A24: 14:57:22 []:>--------------------------------------------------------------<
ERPImporta.exe: 00003A24: 14:57:22 [TUniServerModule]:Server First Init.
ERPImporta.exe: 00003A24: 14:57:22 [TUniServerModule]:Start Path = C:\Projetos_WEB\ERP_Importa\
ERPImporta.exe: 00003A24: 14:57:22 [TUniServerModule]:Debug Mode = ON
ERPImporta.exe: 00003A24: 14:57:22 [TUniGUISessionManager]:Cache erase job created, Folder count: [1]
ERPImporta.exe: 00003A24: 14:57:22 [TUniServerModule]:Starting HTTP Server on Port: 8077...
ERPImporta.exe: 00003A24: 14:57:22 [TUniServerModule]:HTTP Server Started on Port: 8077
ERPImporta.exe: 000027D8: 14:57:24 [127.0.0.1]:EUniSessionException : Sessão inváilda ou tempo da sessão expirado. (Session not found: UJjZHAYqFx10D417A6B ) : Addr: $007CEC46
ERPImporta.exe: 00003520: 14:57:24 [127.0.0.1]:EUniSessionException : Sessão inváilda ou tempo da sessão expirado. (Session not found: UJjZHAYqFx10D417A6B ) : Addr: $007CEC46
ERPImporta.exe: 00002C8C: 14:57:25 [127.0.0.1]:EUniSessionException : Sessão inváilda ou tempo da sessão expirado. (Session not found: UJjZHAYqFx10D417A6B ) : Addr: $007CEC46
ERPImporta.exe: 000034F4: 14:57:25 [127.0.0.1]:EUniSessionException : Sessão inváilda ou tempo da sessão expirado. (Session not found: UJjZHAYqFx10D417A6B ) : Addr: $007CEC46
ERPImporta.exe: 00001D5C: 14:58:13 []:>--------------------------------------------------------------<
ERPImporta.exe: 00001D5C: 14:58:13 [TUniServerModule]:Server First Init.
ERPImporta.exe: 00001D5C: 14:58:13 [TUniServerModule]:Start Path = C:\Projetos_WEB\ERP_Importa\
ERPImporta.exe: 00001D5C: 14:58:13 [TUniServerModule]:Debug Mode = ON
ERPImporta.exe: 00001D5C: 14:58:13 [TUniGUISessionManager]:Cache erase job created, Folder count: [1]
ERPImporta.exe: 00001D5C: 14:58:13 [TUniServerModule]:Starting HTTP Server on Port: 8077...
ERPImporta.exe: 00001D5C: 14:58:13 [TUniServerModule]:HTTP Server Started on Port: 8077
ERPImporta.exe: 00003464: 14:59:28 []:>--------------------------------------------------------------<
ERPImporta.exe: 00003464: 14:59:28 [TUniServerModule]:Server First Init.
ERPImporta.exe: 00003464: 14:59:28 [TUniServerModule]:Start Path = C:\Projetos_WEB\ERP_Importa\
ERPImporta.exe: 00003464: 14:59:28 [TUniServerModule]:Debug Mode = ON
ERPImporta.exe: 00003464: 14:59:29 [TUniServerModule]:Starting HTTP Server on Port: 8077...
ERPImporta.exe: 00003464: 14:59:29 [TUniServerModule]:HTTP Server Started on Port: 8077
ERPImporta.exe: 00001A2C: 15:00:14 []:>--------------------------------------------------------------<
ERPImporta.exe: 00001A2C: 15:00:14 [TUniServerModule]:Server First Init.
ERPImporta.exe: 00001A2C: 15:00:14 [TUniServerModule]:Start Path = C:\Projetos_WEB\ERP_Importa\
ERPImporta.exe: 00001A2C: 15:00:14 [TUniServerModule]:Debug Mode = ON
ERPImporta.exe: 00001A2C: 15:00:15 [TUniServerModule]:Starting HTTP Server on Port: 8077...
ERPImporta.exe: 00001A2C: 15:00:15 [TUniServerModule]:HTTP Server Started on Port: 8077
ERPImporta.exe: 00003B24: 15:04:06 []:>--------------------------------------------------------------<
ERPImporta.exe: 00003B24: 15:04:06 [TUniServerModule]:Server First Init.
ERPImporta.exe: 00003B24: 15:04:06 [TUniServerModule]:Start Path = C:\Projetos_WEB\ERP_Importa\
ERPImporta.exe: 00003B24: 15:04:06 [TUniServerModule]:Debug Mode = ON
ERPImporta.exe: 00003B24: 15:04:06 [TUniServerModule]:Starting HTTP Server on Port: 8077...
ERPImporta.exe: 00003B24: 15:04:06 [TUniServerModule]:HTTP Server Started on Port: 8077
ERPImporta.exe: 00002FF4: 15:04:44 []:>--------------------------------------------------------------<
ERPImporta.exe: 00002FF4: 15:04:44 [TUniServerModule]:Server First Init.
ERPImporta.exe: 00002FF4: 15:04:44 [TUniServerModule]:Start Path = C:\Projetos_WEB\ERP_Importa\
ERPImporta.exe: 00002FF4: 15:04:44 [TUniServerModule]:Debug Mode = ON
ERPImporta.exe: 00002FF4: 15:04:44 [TUniServerModule]:Starting HTTP Server on Port: 8077...
ERPImporta.exe: 00002FF4: 15:04:44 [TUniServerModule]:HTTP Server Started on Port: 8077
ERPImporta.exe: 00002060: 15:05:10 []:>--------------------------------------------------------------<
ERPImporta.exe: 00002060: 15:05:10 [TUniServerModule]:Server First Init.
ERPImporta.exe: 00002060: 15:05:10 [TUniServerModule]:Start Path = C:\Projetos_WEB\ERP_Importa\
ERPImporta.exe: 00002060: 15:05:10 [TUniServerModule]:Debug Mode = ON
ERPImporta.exe: 00002060: 15:05:10 [TUniGUISessionManager]:Cache erase job created, Folder count: [1]
ERPImporta.exe: 00002060: 15:05:11 [TUniServerModule]:Starting HTTP Server on Port: 8077...
ERPImporta.exe: 00002060: 15:05:11 [TUniServerModule]:HTTP Server Started on Port: 8077
ERPImporta.exe: 00002F00: 15:05:39 []:>--------------------------------------------------------------<
ERPImporta.exe: 00002F00: 15:05:39 [TUniServerModule]:Server First Init.
ERPImporta.exe: 00002F00: 15:05:39 [TUniServerModule]:Start Path = C:\Projetos_WEB\ERP_Importa\
ERPImporta.exe: 00002F00: 15:05:39 [TUniServerModule]:Debug Mode = ON
ERPImporta.exe: 00002F00: 15:05:39 [TUniServerModule]:Starting HTTP Server on Port: 8077...
ERPImporta.exe: 00002F00: 15:05:39 [TUniServerModule]:HTTP Server Started on Port: 8077
ERPImporta.exe: 00002C54: 15:06:37 []:>--------------------------------------------------------------<
ERPImporta.exe: 00002C54: 15:06:37 [TUniServerModule]:Server First Init.
ERPImporta.exe: 00002C54: 15:06:37 [TUniServerModule]:Start Path = C:\Projetos_WEB\ERP_Importa\
ERPImporta.exe: 00002C54: 15:06:37 [TUniServerModule]:Debug Mode = ON
ERPImporta.exe: 00002C54: 15:06:38 [TUniServerModule]:Starting HTTP Server on Port: 8077...
ERPImporta.exe: 00002C54: 15:06:38 [TUniServerModule]:HTTP Server Started on Port: 8077
ERPImporta.exe: 000002A8: 15:08:39 []:>--------------------------------------------------------------<
ERPImporta.exe: 000002A8: 15:08:39 [TUniServerModule]:Server First Init.
ERPImporta.exe: 000002A8: 15:08:39 [TUniServerModule]:Start Path = C:\Projetos_WEB\ERP_Importa\
ERPImporta.exe: 000002A8: 15:08:39 [TUniServerModule]:Debug Mode = ON
ERPImporta.exe: 000002A8: 15:08:40 [TUniServerModule]:Starting HTTP Server on Port: 8077...
ERPImporta.exe: 000002A8: 15:08:40 [TUniServerModule]:HTTP Server Started on Port: 8077
ERPImporta.exe: 000030C4: 15:10:32 []:>--------------------------------------------------------------<
ERPImporta.exe: 000030C4: 15:10:32 [TUniServerModule]:Server First Init.
ERPImporta.exe: 000030C4: 15:10:32 [TUniServerModule]:Start Path = C:\Projetos_WEB\ERP_Importa\
ERPImporta.exe: 000030C4: 15:10:32 [TUniServerModule]:Debug Mode = ON
ERPImporta.exe: 000030C4: 15:10:32 [TUniServerModule]:Starting HTTP Server on Port: 8077...
ERPImporta.exe: 000030C4: 15:10:32 [TUniServerModule]:HTTP Server Started on Port: 8077
ERPImporta.exe: 00002144: 15:10:57 [127.0.0.1]:EUniSessionException : Sessão inváilda ou tempo da sessão expirado. (Session not found: GApHcsc8N810D417E20 ) : Addr: $007CEC46
ERPImporta.exe: 00002C54: 15:10:57 [127.0.0.1]:EUniSessionException : Sessão inváilda ou tempo da sessão expirado. (Session not found: GApHcsc8N810D417E20 ) : Addr: $007CEC46
ERPImporta.exe: 00001454: 15:11:26 []:>--------------------------------------------------------------<
ERPImporta.exe: 00001454: 15:11:26 [TUniServerModule]:Server First Init.
ERPImporta.exe: 00001454: 15:11:26 [TUniServerModule]:Start Path = C:\Projetos_WEB\ERP_Importa\
ERPImporta.exe: 00001454: 15:11:26 [TUniServerModule]:Debug Mode = ON
ERPImporta.exe: 00001454: 15:11:26 [TUniServerModule]:Starting HTTP Server on Port: 8077...
ERPImporta.exe: 00001454: 15:11:26 [TUniServerModule]:HTTP Server Started on Port: 8077
ERPImporta.exe: 00002A8C: 15:12:36 []:>--------------------------------------------------------------<
ERPImporta.exe: 00002A8C: 15:12:36 [TUniServerModule]:Server First Init.
ERPImporta.exe: 00002A8C: 15:12:36 [TUniServerModule]:Start Path = C:\Projetos_WEB\ERP_Importa\
ERPImporta.exe: 00002A8C: 15:12:36 [TUniServerModule]:Debug Mode = ON
ERPImporta.exe: 00002A8C: 15:12:36 [TUniGUISessionManager]:Cache erase job created, Folder count: [1]
ERPImporta.exe: 00002A8C: 15:12:37 [TUniServerModule]:Starting HTTP Server on Port: 8077...
ERPImporta.exe: 00002A8C: 15:12:37 [TUniServerModule]:HTTP Server Started on Port: 8077
ERPImporta.exe: 00001388: 15:13:29 []:>--------------------------------------------------------------<
ERPImporta.exe: 00001388: 15:13:29 [TUniServerModule]:Server First Init.
ERPImporta.exe: 00001388: 15:13:29 [TUniServerModule]:Start Path = C:\Projetos_WEB\ERP_Importa\
ERPImporta.exe: 00001388: 15:13:29 [TUniServerModule]:Debug Mode = ON
ERPImporta.exe: 00001388: 15:13:29 [TUniGUISessionManager]:Cache erase job created, Folder count: [1]
ERPImporta.exe: 00001388: 15:13:29 [TUniServerModule]:Starting HTTP Server on Port: 8077...
ERPImporta.exe: 00001388: 15:13:29 [TUniServerModule]:HTTP Server Started on Port: 8077
ERPImporta.exe: 000033FC: 15:14:12 []:>--------------------------------------------------------------<
ERPImporta.exe: 000033FC: 15:14:12 [TUniServerModule]:Server First Init.
ERPImporta.exe: 000033FC: 15:14:12 [TUniServerModule]:Start Path = C:\Projetos_WEB\ERP_Importa\
ERPImporta.exe: 000033FC: 15:14:12 [TUniServerModule]:Debug Mode = ON
ERPImporta.exe: 000033FC: 15:14:12 [TUniServerModule]:Starting HTTP Server on Port: 8077...
ERPImporta.exe: 000033FC: 15:14:13 [TUniServerModule]:HTTP Server Started on Port: 8077
ERPImporta.exe: 00001DE8: 15:15:16 []:>--------------------------------------------------------------<
ERPImporta.exe: 00001DE8: 15:15:16 [TUniServerModule]:Server First Init.
ERPImporta.exe: 00001DE8: 15:15:16 [TUniServerModule]:Start Path = C:\Projetos_WEB\ERP_Importa\
ERPImporta.exe: 00001DE8: 15:15:16 [TUniServerModule]:Debug Mode = ON
ERPImporta.exe: 00001DE8: 15:15:17 [TUniServerModule]:Starting HTTP Server on Port: 8077...
ERPImporta.exe: 00001DE8: 15:15:17 [TUniServerModule]:HTTP Server Started on Port: 8077
ERPImporta.exe: 000012EC: 15:16:45 []:>--------------------------------------------------------------<
ERPImporta.exe: 000012EC: 15:16:45 [TUniServerModule]:Server First Init.
ERPImporta.exe: 000012EC: 15:16:45 [TUniServerModule]:Start Path = C:\Projetos_WEB\ERP_Importa\
ERPImporta.exe: 000012EC: 15:16:45 [TUniServerModule]:Debug Mode = ON
ERPImporta.exe: 000012EC: 15:16:45 [TUniServerModule]:Starting HTTP Server on Port: 8077...
ERPImporta.exe: 000012EC: 15:16:45 [TUniServerModule]:HTTP Server Started on Port: 8077
ERPImporta.exe: 000034A0: 15:17:23 []:>--------------------------------------------------------------<
ERPImporta.exe: 000034A0: 15:17:23 [TUniServerModule]:Server First Init.
ERPImporta.exe: 000034A0: 15:17:23 [TUniServerModule]:Start Path = C:\Projetos_WEB\ERP_Importa\
ERPImporta.exe: 000034A0: 15:17:23 [TUniServerModule]:Debug Mode = ON
ERPImporta.exe: 000034A0: 15:17:23 [TUniGUISessionManager]:Cache erase job created, Folder count: [1]
ERPImporta.exe: 000034A0: 15:17:23 [TUniServerModule]:Starting HTTP Server on Port: 8077...
ERPImporta.exe: 000034A0: 15:17:23 [TUniServerModule]:HTTP Server Started on Port: 8077
ERPImporta.exe: 000037F8: 15:18:30 []:>--------------------------------------------------------------<
ERPImporta.exe: 000037F8: 15:18:30 [TUniServerModule]:Server First Init.
ERPImporta.exe: 000037F8: 15:18:30 [TUniServerModule]:Start Path = C:\Projetos_WEB\ERP_Importa\
ERPImporta.exe: 000037F8: 15:18:30 [TUniServerModule]:Debug Mode = ON
ERPImporta.exe: 000037F8: 15:18:30 [TUniGUISessionManager]:Cache erase job created, Folder count: [1]
ERPImporta.exe: 000037F8: 15:18:31 [TUniServerModule]:Starting HTTP Server on Port: 8077...
ERPImporta.exe: 000037F8: 15:18:31 [TUniServerModule]:HTTP Server Started on Port: 8077
ERPImporta.exe: 00000D78: 15:20:39 []:>--------------------------------------------------------------<
ERPImporta.exe: 00000D78: 15:20:39 [TUniServerModule]:Server First Init.
ERPImporta.exe: 00000D78: 15:20:39 [TUniServerModule]:Start Path = C:\Projetos_WEB\ERP_Importa\
ERPImporta.exe: 00000D78: 15:20:39 [TUniServerModule]:Debug Mode = ON
ERPImporta.exe: 00000D78: 15:20:40 [TUniServerModule]:Starting HTTP Server on Port: 8077...
ERPImporta.exe: 00000D78: 15:20:40 [TUniServerModule]:HTTP Server Started on Port: 8077
ERPImporta.exe: 00001264: 15:22:41 []:>--------------------------------------------------------------<
ERPImporta.exe: 00001264: 15:22:41 [TUniServerModule]:Server First Init.
ERPImporta.exe: 00001264: 15:22:41 [TUniServerModule]:Start Path = C:\Projetos_WEB\ERP_Importa\
ERPImporta.exe: 00001264: 15:22:41 [TUniServerModule]:Debug Mode = ON
ERPImporta.exe: 00001264: 15:22:42 [TUniServerModule]:Starting HTTP Server on Port: 8077...
ERPImporta.exe: 00001264: 15:22:42 [TUniServerModule]:HTTP Server Started on Port: 8077
ERPImporta.exe: 000038FC: 15:23:21 []:>--------------------------------------------------------------<
ERPImporta.exe: 000038FC: 15:23:21 [TUniServerModule]:Server First Init.
ERPImporta.exe: 000038FC: 15:23:21 [TUniServerModule]:Start Path = C:\Projetos_WEB\ERP_Importa\
ERPImporta.exe: 000038FC: 15:23:21 [TUniServerModule]:Debug Mode = ON
ERPImporta.exe: 000038FC: 15:23:21 [TUniGUISessionManager]:Cache erase job created, Folder count: [1]
ERPImporta.exe: 000038FC: 15:23:22 [TUniServerModule]:Starting HTTP Server on Port: 8077...
ERPImporta.exe: 000038FC: 15:23:22 [TUniServerModule]:HTTP Server Started on Port: 8077
ERPImporta.exe: 00000780: 15:23:53 []:>--------------------------------------------------------------<
ERPImporta.exe: 00000780: 15:23:53 [TUniServerModule]:Server First Init.
ERPImporta.exe: 00000780: 15:23:53 [TUniServerModule]:Start Path = C:\Projetos_WEB\ERP_Importa\
ERPImporta.exe: 00000780: 15:23:53 [TUniServerModule]:Debug Mode = ON
ERPImporta.exe: 00000780: 15:23:53 [TUniGUISessionManager]:Cache erase job created, Folder count: [1]
ERPImporta.exe: 00000780: 15:23:54 [TUniServerModule]:Starting HTTP Server on Port: 8077...
ERPImporta.exe: 00000780: 15:23:54 [TUniServerModule]:HTTP Server Started on Port: 8077
ERPImporta.exe: 00003638: 15:24:31 []:>--------------------------------------------------------------<
ERPImporta.exe: 00003638: 15:24:31 [TUniServerModule]:Server First Init.
ERPImporta.exe: 00003638: 15:24:31 [TUniServerModule]:Start Path = C:\Projetos_WEB\ERP_Importa\
ERPImporta.exe: 00003638: 15:24:31 [TUniServerModule]:Debug Mode = ON
ERPImporta.exe: 00003638: 15:24:31 [TUniServerModule]:Starting HTTP Server on Port: 8077...
ERPImporta.exe: 00003638: 15:24:31 [TUniServerModule]:HTTP Server Started on Port: 8077
ERPImporta.exe: 00003434: 15:25:19 []:>--------------------------------------------------------------<
ERPImporta.exe: 00003434: 15:25:19 [TUniServerModule]:Server First Init.
ERPImporta.exe: 00003434: 15:25:19 [TUniServerModule]:Start Path = C:\Projetos_WEB\ERP_Importa\
ERPImporta.exe: 00003434: 15:25:19 [TUniServerModule]:Debug Mode = ON
ERPImporta.exe: 00003434: 15:25:19 [TUniServerModule]:Starting HTTP Server on Port: 8077...
ERPImporta.exe: 00003434: 15:25:20 [TUniServerModule]:HTTP Server Started on Port: 8077
ERPImporta.exe: 00001FDC: 15:25:49 []:>--------------------------------------------------------------<
ERPImporta.exe: 00001FDC: 15:25:49 [TUniServerModule]:Server First Init.
ERPImporta.exe: 00001FDC: 15:25:49 [TUniServerModule]:Start Path = C:\Projetos_WEB\ERP_Importa\
ERPImporta.exe: 00001FDC: 15:25:49 [TUniServerModule]:Debug Mode = ON
ERPImporta.exe: 00001FDC: 15:25:50 [TUniServerModule]:Starting HTTP Server on Port: 8077...
ERPImporta.exe: 00001FDC: 15:25:50 [TUniServerModule]:HTTP Server Started on Port: 8077
ERPImporta.exe: 00000F14: 15:26:37 []:>--------------------------------------------------------------<
ERPImporta.exe: 00000F14: 15:26:37 [TUniServerModule]:Server First Init.
ERPImporta.exe: 00000F14: 15:26:37 [TUniServerModule]:Start Path = C:\Projetos_WEB\ERP_Importa\
ERPImporta.exe: 00000F14: 15:26:37 [TUniServerModule]:Debug Mode = ON
ERPImporta.exe: 00000F14: 15:26:37 [TUniGUISessionManager]:Cache erase job created, Folder count: [1]
ERPImporta.exe: 00000F14: 15:26:37 [TUniServerModule]:Starting HTTP Server on Port: 8077...
ERPImporta.exe: 00000F14: 15:26:37 [TUniServerModule]:HTTP Server Started on Port: 8077
ERPImporta.exe: 0000083C: 15:27:27 []:>--------------------------------------------------------------<
ERPImporta.exe: 0000083C: 15:27:27 [TUniServerModule]:Server First Init.
ERPImporta.exe: 0000083C: 15:27:27 [TUniServerModule]:Start Path = C:\Projetos_WEB\ERP_Importa\
ERPImporta.exe: 0000083C: 15:27:27 [TUniServerModule]:Debug Mode = ON
ERPImporta.exe: 0000083C: 15:27:27 [TUniGUISessionManager]:Cache erase job created, Folder count: [1]
ERPImporta.exe: 0000083C: 15:27:28 [TUniServerModule]:Starting HTTP Server on Port: 8077...
ERPImporta.exe: 0000083C: 15:27:28 [TUniServerModule]:HTTP Server Started on Port: 8077
ERPImporta.exe: 00001B74: 15:27:59 []:>--------------------------------------------------------------<
ERPImporta.exe: 00001B74: 15:27:59 [TUniServerModule]:Server First Init.
ERPImporta.exe: 00001B74: 15:27:59 [TUniServerModule]:Start Path = C:\Projetos_WEB\ERP_Importa\
ERPImporta.exe: 00001B74: 15:27:59 [TUniServerModule]:Debug Mode = ON
ERPImporta.exe: 00001B74: 15:27:59 [TUniServerModule]:Starting HTTP Server on Port: 8077...
ERPImporta.exe: 00001B74: 15:27:59 [TUniServerModule]:HTTP Server Started on Port: 8077
ERPImporta.exe: 000012DC: 15:28:43 []:>--------------------------------------------------------------<
ERPImporta.exe: 000012DC: 15:28:43 [TUniServerModule]:Server First Init.
ERPImporta.exe: 000012DC: 15:28:43 [TUniServerModule]:Start Path = C:\Projetos_WEB\ERP_Importa\
ERPImporta.exe: 000012DC: 15:28:43 [TUniServerModule]:Debug Mode = ON
ERPImporta.exe: 000012DC: 15:28:44 [TUniServerModule]:Starting HTTP Server on Port: 8077...
ERPImporta.exe: 000012DC: 15:28:44 [TUniServerModule]:HTTP Server Started on Port: 8077
ERPImporta.exe: 00002060: 15:29:13 []:>--------------------------------------------------------------<
ERPImporta.exe: 00002060: 15:29:13 [TUniServerModule]:Server First Init.
ERPImporta.exe: 00002060: 15:29:13 [TUniServerModule]:Start Path = C:\Projetos_WEB\ERP_Importa\
ERPImporta.exe: 00002060: 15:29:13 [TUniServerModule]:Debug Mode = ON
ERPImporta.exe: 00002060: 15:29:13 [TUniGUISessionManager]:Cache erase job created, Folder count: [1]
ERPImporta.exe: 00002060: 15:29:14 [TUniServerModule]:Starting HTTP Server on Port: 8077...
ERPImporta.exe: 00002060: 15:29:14 [TUniServerModule]:HTTP Server Started on Port: 8077
ERPImporta.exe: 00000E18: 15:34:38 []:>--------------------------------------------------------------<
ERPImporta.exe: 00000E18: 15:34:38 [TUniServerModule]:Server First Init.
ERPImporta.exe: 00000E18: 15:34:38 [TUniServerModule]:Start Path = C:\Projetos_WEB\ERP_Importa\
ERPImporta.exe: 00000E18: 15:34:38 [TUniServerModule]:Debug Mode = ON
ERPImporta.exe: 00000E18: 15:34:38 [TUniServerModule]:Starting HTTP Server on Port: 8077...
ERPImporta.exe: 00000E18: 15:34:38 [TUniServerModule]:HTTP Server Started on Port: 8077
ERPImporta.exe: 00003538: 15:35:26 []:>--------------------------------------------------------------<
ERPImporta.exe: 00003538: 15:35:26 [TUniServerModule]:Server First Init.
ERPImporta.exe: 00003538: 15:35:26 [TUniServerModule]:Start Path = C:\Projetos_WEB\ERP_Importa\
ERPImporta.exe: 00003538: 15:35:26 [TUniServerModule]:Debug Mode = ON
ERPImporta.exe: 00003538: 15:35:26 [TUniGUISessionManager]:Cache erase job created, Folder count: [1]
ERPImporta.exe: 00003538: 15:35:27 [TUniServerModule]:Starting HTTP Server on Port: 8077...
ERPImporta.exe: 00003538: 15:35:27 [TUniServerModule]:HTTP Server Started on Port: 8077
ERPImporta.exe: 000029D0: 15:36:27 []:>--------------------------------------------------------------<
ERPImporta.exe: 000029D0: 15:36:27 [TUniServerModule]:Server First Init.
ERPImporta.exe: 000029D0: 15:36:27 [TUniServerModule]:Start Path = C:\Projetos_WEB\ERP_Importa\
ERPImporta.exe: 000029D0: 15:36:27 [TUniServerModule]:Debug Mode = ON
ERPImporta.exe: 000029D0: 15:36:27 [TUniServerModule]:Starting HTTP Server on Port: 8077...
ERPImporta.exe: 000029D0: 15:36:27 [TUniServerModule]:HTTP Server Started on Port: 8077
ERPImporta.exe: 00003650: 15:37:53 []:>--------------------------------------------------------------<
ERPImporta.exe: 00003650: 15:37:53 [TUniServerModule]:Server First Init.
ERPImporta.exe: 00003650: 15:37:53 [TUniServerModule]:Start Path = C:\Projetos_WEB\ERP_Importa\
ERPImporta.exe: 00003650: 15:37:53 [TUniServerModule]:Debug Mode = ON
ERPImporta.exe: 00003650: 15:37:54 [TUniServerModule]:Starting HTTP Server on Port: 8077...
ERPImporta.exe: 00003650: 15:37:54 [TUniServerModule]:HTTP Server Started on Port: 8077
ERPImporta.exe: 00001478: 15:40:07 []:>--------------------------------------------------------------<
ERPImporta.exe: 00001478: 15:40:07 [TUniServerModule]:Server First Init.
ERPImporta.exe: 00001478: 15:40:07 [TUniServerModule]:Start Path = C:\Projetos_WEB\ERP_Importa\
ERPImporta.exe: 00001478: 15:40:07 [TUniServerModule]:Debug Mode = ON
ERPImporta.exe: 00001478: 15:40:08 [TUniServerModule]:Starting HTTP Server on Port: 8077...
ERPImporta.exe: 00001478: 15:40:08 [TUniServerModule]:HTTP Server Started on Port: 8077
ERPImporta.exe: 00003404: 15:41:49 []:>--------------------------------------------------------------<
ERPImporta.exe: 00003404: 15:41:49 [TUniServerModule]:Server First Init.
ERPImporta.exe: 00003404: 15:41:49 [TUniServerModule]:Start Path = C:\Projetos_WEB\ERP_Importa\
ERPImporta.exe: 00003404: 15:41:49 [TUniServerModule]:Debug Mode = ON
ERPImporta.exe: 00003404: 15:41:49 [TUniGUISessionManager]:Cache erase job created, Folder count: [1]
ERPImporta.exe: 00003404: 15:41:50 [TUniServerModule]:Starting HTTP Server on Port: 8077...
ERPImporta.exe: 00003404: 15:41:50 [TUniServerModule]:HTTP Server Started on Port: 8077
ERPImporta.exe: 000038D4: 15:42:55 []:>--------------------------------------------------------------<
ERPImporta.exe: 000038D4: 15:42:55 [TUniServerModule]:Server First Init.
ERPImporta.exe: 000038D4: 15:42:55 [TUniServerModule]:Start Path = C:\Projetos_WEB\ERP_Importa\
ERPImporta.exe: 000038D4: 15:42:55 [TUniServerModule]:Debug Mode = ON
ERPImporta.exe: 000038D4: 15:42:55 [TUniGUISessionManager]:Cache erase job created, Folder count: [1]
ERPImporta.exe: 000038D4: 15:42:56 [TUniServerModule]:Starting HTTP Server on Port: 8077...
ERPImporta.exe: 000038D4: 15:42:56 [TUniServerModule]:HTTP Server Started on Port: 8077
ERPImporta.exe: 00001EF8: 15:43:31 []:>--------------------------------------------------------------<
ERPImporta.exe: 00001EF8: 15:43:31 [TUniServerModule]:Server First Init.
ERPImporta.exe: 00001EF8: 15:43:31 [TUniServerModule]:Start Path = C:\Projetos_WEB\ERP_Importa\
ERPImporta.exe: 00001EF8: 15:43:31 [TUniServerModule]:Debug Mode = ON
ERPImporta.exe: 00001EF8: 15:43:32 [TUniServerModule]:Starting HTTP Server on Port: 8077...
ERPImporta.exe: 00001EF8: 15:43:32 [TUniServerModule]:HTTP Server Started on Port: 8077
ERPImporta.exe: 00001384: 15:45:33 []:>--------------------------------------------------------------<
ERPImporta.exe: 00001384: 15:45:33 [TUniServerModule]:Server First Init.
ERPImporta.exe: 00001384: 15:45:33 [TUniServerModule]:Start Path = C:\Projetos_WEB\ERP_Importa\
ERPImporta.exe: 00001384: 15:45:33 [TUniServerModule]:Debug Mode = ON
ERPImporta.exe: 00001384: 15:45:33 [TUniServerModule]:Starting HTTP Server on Port: 8077...
ERPImporta.exe: 00001384: 15:45:33 [TUniServerModule]:HTTP Server Started on Port: 8077
ERPImporta.exe: 000006B8: 15:45:48 [127.0.0.1]:EUniSessionException : Sessão inváilda ou tempo da sessão expirado. (Session not found: dumCohsoLj10D4187A0 ) : Addr: $007CEC46
ERPImporta.exe: 00001534: 15:46:06 []:>--------------------------------------------------------------<
ERPImporta.exe: 00001534: 15:46:06 [TUniServerModule]:Server First Init.
ERPImporta.exe: 00001534: 15:46:06 [TUniServerModule]:Start Path = C:\Projetos_WEB\ERP_Importa\
ERPImporta.exe: 00001534: 15:46:06 [TUniServerModule]:Debug Mode = ON
ERPImporta.exe: 00001534: 15:46:06 [TUniServerModule]:Starting HTTP Server on Port: 8077...
ERPImporta.exe: 00001534: 15:46:07 [TUniServerModule]:HTTP Server Started on Port: 8077
ERPImporta.exe: 00000224: 15:47:30 []:>--------------------------------------------------------------<
ERPImporta.exe: 00000224: 15:47:30 [TUniServerModule]:Server First Init.
ERPImporta.exe: 00000224: 15:47:30 [TUniServerModule]:Start Path = C:\Projetos_WEB\ERP_Importa\
ERPImporta.exe: 00000224: 15:47:30 [TUniServerModule]:Debug Mode = ON
ERPImporta.exe: 00000224: 15:47:30 [TUniGUISessionManager]:Cache erase job created, Folder count: [1]
ERPImporta.exe: 00000224: 15:47:31 [TUniServerModule]:Starting HTTP Server on Port: 8077...
ERPImporta.exe: 00000224: 15:47:31 [TUniServerModule]:HTTP Server Started on Port: 8077
ERPImporta.exe: 00001E5C: 15:47:50 [127.0.0.1]:EUniSessionException : Sessão inváilda ou tempo da sessão expirado. (Session not found: LDtoRG2l9v10D418828 ) : Addr: $007CEC46
ERPImporta.exe: 000018A0: 15:47:50 [127.0.0.1]:EUniSessionException : Sessão inváilda ou tempo da sessão expirado. (Session not found: LDtoRG2l9v10D418828 ) : Addr: $007CEC46
ERPImporta.exe: 00001A74: 15:48:17 []:>--------------------------------------------------------------<
ERPImporta.exe: 00001A74: 15:48:17 [TUniServerModule]:Server First Init.
ERPImporta.exe: 00001A74: 15:48:17 [TUniServerModule]:Start Path = C:\Projetos_WEB\ERP_Importa\
ERPImporta.exe: 00001A74: 15:48:17 [TUniServerModule]:Debug Mode = ON
ERPImporta.exe: 00001A74: 15:48:17 [TUniServerModule]:Starting HTTP Server on Port: 8077...
ERPImporta.exe: 00001A74: 15:48:18 [TUniServerModule]:HTTP Server Started on Port: 8077
ERPImporta.exe: 00002504: 15:48:57 []:>--------------------------------------------------------------<
ERPImporta.exe: 00002504: 15:48:57 [TUniServerModule]:Server First Init.
ERPImporta.exe: 00002504: 15:48:57 [TUniServerModule]:Start Path = C:\Projetos_WEB\ERP_Importa\
ERPImporta.exe: 00002504: 15:48:57 [TUniServerModule]:Debug Mode = ON
ERPImporta.exe: 00002504: 15:48:57 [TUniServerModule]:Starting HTTP Server on Port: 8077...
ERPImporta.exe: 00002504: 15:48:57 [TUniServerModule]:HTTP Server Started on Port: 8077
ERPImporta.exe: 00003814: 15:49:34 []:>--------------------------------------------------------------<
ERPImporta.exe: 00003814: 15:49:34 [TUniServerModule]:Server First Init.
ERPImporta.exe: 00003814: 15:49:34 [TUniServerModule]:Start Path = C:\Projetos_WEB\ERP_Importa\
ERPImporta.exe: 00003814: 15:49:34 [TUniServerModule]:Debug Mode = ON
ERPImporta.exe: 00003814: 15:49:35 [TUniServerModule]:Starting HTTP Server on Port: 8077...
ERPImporta.exe: 00003814: 15:49:35 [TUniServerModule]:HTTP Server Started on Port: 8077
ERPImporta.exe: 00003474: 15:50:06 []:>--------------------------------------------------------------<
ERPImporta.exe: 00003474: 15:50:06 [TUniServerModule]:Server First Init.
ERPImporta.exe: 00003474: 15:50:06 [TUniServerModule]:Start Path = C:\Projetos_WEB\ERP_Importa\
ERPImporta.exe: 00003474: 15:50:06 [TUniServerModule]:Debug Mode = ON
ERPImporta.exe: 00003474: 15:50:06 [TUniGUISessionManager]:Cache erase job created, Folder count: [1]
ERPImporta.exe: 00003474: 15:50:07 [TUniServerModule]:Starting HTTP Server on Port: 8077...
ERPImporta.exe: 00003474: 15:50:07 [TUniServerModule]:HTTP Server Started on Port: 8077
ERPImporta.exe: 000006B8: 15:50:35 []:>--------------------------------------------------------------<
ERPImporta.exe: 000006B8: 15:50:35 [TUniServerModule]:Server First Init.
ERPImporta.exe: 000006B8: 15:50:35 [TUniServerModule]:Start Path = C:\Projetos_WEB\ERP_Importa\
ERPImporta.exe: 000006B8: 15:50:35 [TUniServerModule]:Debug Mode = ON
ERPImporta.exe: 000006B8: 15:50:35 [TUniServerModule]:Starting HTTP Server on Port: 8077...
ERPImporta.exe: 000006B8: 15:50:35 [TUniServerModule]:HTTP Server Started on Port: 8077
ERPImporta.exe: 00003854: 15:51:43 []:>--------------------------------------------------------------<
ERPImporta.exe: 00003854: 15:51:43 [TUniServerModule]:Server First Init.
ERPImporta.exe: 00003854: 15:51:43 [TUniServerModule]:Start Path = C:\Projetos_WEB\ERP_Importa\
ERPImporta.exe: 00003854: 15:51:43 [TUniServerModule]:Debug Mode = ON
ERPImporta.exe: 00003854: 15:51:43 [TUniGUISessionManager]:Cache erase job created, Folder count: [1]
ERPImporta.exe: 00003854: 15:51:43 [TUniServerModule]:Starting HTTP Server on Port: 8077...
ERPImporta.exe: 00003854: 15:51:43 [TUniServerModule]:HTTP Server Started on Port: 8077
ERPImporta.exe: 00003BD4: 15:52:39 []:>--------------------------------------------------------------<
ERPImporta.exe: 00003BD4: 15:52:39 [TUniServerModule]:Server First Init.
ERPImporta.exe: 00003BD4: 15:52:39 [TUniServerModule]:Start Path = C:\Projetos_WEB\ERP_Importa\
ERPImporta.exe: 00003BD4: 15:52:39 [TUniServerModule]:Debug Mode = ON
ERPImporta.exe: 00003BD4: 15:52:40 [TUniServerModule]:Starting HTTP Server on Port: 8077...
ERPImporta.exe: 00003BD4: 15:52:40 [TUniServerModule]:HTTP Server Started on Port: 8077
ERPImporta.exe: 00001780: 16:07:14 [127.0.0.1]:EUniSessionException : Sessão inváilda ou tempo da sessão expirado. (Session not found: CrRtOperqk10D41898E ) : Addr: $007CEC46
ERPImporta.exe: 00003EFC: 16:07:32 []:>--------------------------------------------------------------<
ERPImporta.exe: 00003EFC: 16:07:32 [TUniServerModule]:Server First Init.
ERPImporta.exe: 00003EFC: 16:07:32 [TUniServerModule]:Start Path = C:\Projetos_WEB\ERP_Importa\
ERPImporta.exe: 00003EFC: 16:07:32 [TUniServerModule]:Debug Mode = ON
ERPImporta.exe: 00003EFC: 16:07:33 [TUniServerModule]:Starting HTTP Server on Port: 8077...
ERPImporta.exe: 00003EFC: 16:07:33 [TUniServerModule]:HTTP Server Started on Port: 8077
ERPImporta.exe: 000011EC: 16:08:04 []:>--------------------------------------------------------------<
ERPImporta.exe: 000011EC: 16:08:04 [TUniServerModule]:Server First Init.
ERPImporta.exe: 000011EC: 16:08:04 [TUniServerModule]:Start Path = C:\Projetos_WEB\ERP_Importa\
ERPImporta.exe: 000011EC: 16:08:04 [TUniServerModule]:Debug Mode = ON
ERPImporta.exe: 000011EC: 16:08:04 [TUniGUISessionManager]:Cache erase job created, Folder count: [1]
ERPImporta.exe: 000011EC: 16:08:05 [TUniServerModule]:Starting HTTP Server on Port: 8077...
ERPImporta.exe: 000011EC: 16:08:05 [TUniServerModule]:HTTP Server Started on Port: 8077
ERPImporta.exe: 00003C38: 16:10:11 []:>--------------------------------------------------------------<
ERPImporta.exe: 00003C38: 16:10:11 [TUniServerModule]:Server First Init.
ERPImporta.exe: 00003C38: 16:10:11 [TUniServerModule]:Start Path = C:\Projetos_WEB\ERP_Importa\
ERPImporta.exe: 00003C38: 16:10:11 [TUniServerModule]:Debug Mode = ON
ERPImporta.exe: 00003C38: 16:10:11 [TUniServerModule]:Starting HTTP Server on Port: 8077...
ERPImporta.exe: 00003C38: 16:10:12 [TUniServerModule]:HTTP Server Started on Port: 8077
ERPImporta.exe: 000017BC: 16:12:35 []:>--------------------------------------------------------------<
ERPImporta.exe: 000017BC: 16:12:35 [TUniServerModule]:Server First Init.
ERPImporta.exe: 000017BC: 16:12:35 [TUniServerModule]:Start Path = C:\Projetos_WEB\ERP_Importa\
ERPImporta.exe: 000017BC: 16:12:35 [TUniServerModule]:Debug Mode = ON
ERPImporta.exe: 000017BC: 16:12:36 [TUniServerModule]:Starting HTTP Server on Port: 8077...
ERPImporta.exe: 000017BC: 16:12:36 [TUniServerModule]:HTTP Server Started on Port: 8077
ERPImporta.exe: 00003F78: 16:15:01 []:>--------------------------------------------------------------<
ERPImporta.exe: 00003F78: 16:15:01 [TUniServerModule]:Server First Init.
ERPImporta.exe: 00003F78: 16:15:01 [TUniServerModule]:Start Path = C:\Projetos_WEB\ERP_Importa\
ERPImporta.exe: 00003F78: 16:15:01 [TUniServerModule]:Debug Mode = ON
ERPImporta.exe: 00003F78: 16:15:01 [TUniServerModule]:Starting HTTP Server on Port: 8077...
ERPImporta.exe: 00003F78: 16:15:01 [TUniServerModule]:HTTP Server Started on Port: 8077
ERPImporta.exe: 0000079C: 16:18:37 []:>--------------------------------------------------------------<
ERPImporta.exe: 0000079C: 16:18:37 [TUniServerModule]:Server First Init.
ERPImporta.exe: 0000079C: 16:18:37 [TUniServerModule]:Start Path = C:\Projetos_WEB\ERP_Importa\
ERPImporta.exe: 0000079C: 16:18:37 [TUniServerModule]:Debug Mode = ON
ERPImporta.exe: 0000079C: 16:18:37 [TUniGUISessionManager]:Cache erase job created, Folder count: [1]
ERPImporta.exe: 0000079C: 16:18:37 [TUniServerModule]:Starting HTTP Server on Port: 8077...
ERPImporta.exe: 0000079C: 16:18:37 [TUniServerModule]:HTTP Server Started on Port: 8077
ERPImporta.exe: 00001DAC: 16:21:41 []:>--------------------------------------------------------------<
ERPImporta.exe: 00001DAC: 16:21:41 [TUniServerModule]:Server First Init.
ERPImporta.exe: 00001DAC: 16:21:41 [TUniServerModule]:Start Path = C:\Projetos_WEB\ERP_Importa\
ERPImporta.exe: 00001DAC: 16:21:41 [TUniServerModule]:Debug Mode = ON
ERPImporta.exe: 00001DAC: 16:21:42 [TUniServerModule]:Starting HTTP Server on Port: 8077...
ERPImporta.exe: 00001DAC: 16:21:42 [TUniServerModule]:HTTP Server Started on Port: 8077
ERPImporta.exe: 00001E58: 16:22:37 []:>--------------------------------------------------------------<
ERPImporta.exe: 00001E58: 16:22:37 [TUniServerModule]:Server First Init.
ERPImporta.exe: 00001E58: 16:22:37 [TUniServerModule]:Start Path = C:\Projetos_WEB\ERP_Importa\
ERPImporta.exe: 00001E58: 16:22:37 [TUniServerModule]:Debug Mode = ON
ERPImporta.exe: 00001E58: 16:22:37 [TUniServerModule]:Starting HTTP Server on Port: 8077...
ERPImporta.exe: 00001E58: 16:22:37 [TUniServerModule]:HTTP Server Started on Port: 8077
ERPImporta.exe: 000027B4: 16:23:32 []:>--------------------------------------------------------------<
ERPImporta.exe: 000027B4: 16:23:32 [TUniServerModule]:Server First Init.
ERPImporta.exe: 000027B4: 16:23:32 [TUniServerModule]:Start Path = C:\Projetos_WEB\ERP_Importa\
ERPImporta.exe: 000027B4: 16:23:32 [TUniServerModule]:Debug Mode = ON
ERPImporta.exe: 000027B4: 16:23:32 [TUniServerModule]:Starting HTTP Server on Port: 8077...
ERPImporta.exe: 000027B4: 16:23:32 [TUniServerModule]:HTTP Server Started on Port: 8077
ERPImporta.exe: 00003FFC: 16:24:58 []:>--------------------------------------------------------------<
ERPImporta.exe: 00003FFC: 16:24:58 [TUniServerModule]:Server First Init.
ERPImporta.exe: 00003FFC: 16:24:58 [TUniServerModule]:Start Path = C:\Projetos_WEB\ERP_Importa\
ERPImporta.exe: 00003FFC: 16:24:58 [TUniServerModule]:Debug Mode = ON
ERPImporta.exe: 00003FFC: 16:24:59 [TUniServerModule]:Starting HTTP Server on Port: 8077...
ERPImporta.exe: 00003FFC: 16:24:59 [TUniServerModule]:HTTP Server Started on Port: 8077
ERPImporta.exe: 00002798: 16:25:43 []:>--------------------------------------------------------------<
ERPImporta.exe: 00002798: 16:25:43 [TUniServerModule]:Server First Init.
ERPImporta.exe: 00002798: 16:25:43 [TUniServerModule]:Start Path = C:\Projetos_WEB\ERP_Importa\
ERPImporta.exe: 00002798: 16:25:43 [TUniServerModule]:Debug Mode = ON
ERPImporta.exe: 00002798: 16:25:43 [TUniServerModule]:Starting HTTP Server on Port: 8077...
ERPImporta.exe: 00002798: 16:25:43 [TUniServerModule]:HTTP Server Started on Port: 8077
ERPImporta.exe: 00002E74: 16:26:07 []:>--------------------------------------------------------------<
ERPImporta.exe: 00002E74: 16:26:07 [TUniServerModule]:Server First Init.
ERPImporta.exe: 00002E74: 16:26:07 [TUniServerModule]:Start Path = C:\Projetos_WEB\ERP_Importa\
ERPImporta.exe: 00002E74: 16:26:07 [TUniServerModule]:Debug Mode = ON
ERPImporta.exe: 00002E74: 16:26:07 [TUniGUISessionManager]:Cache erase job created, Folder count: [1]
ERPImporta.exe: 00002E74: 16:26:07 [TUniServerModule]:Starting HTTP Server on Port: 8077...
ERPImporta.exe: 00002E74: 16:26:07 [TUniServerModule]:HTTP Server Started on Port: 8077
ERPImporta.exe: 000020F4: 16:27:25 []:>--------------------------------------------------------------<
ERPImporta.exe: 000020F4: 16:27:25 [TUniServerModule]:Server First Init.
ERPImporta.exe: 000020F4: 16:27:25 [TUniServerModule]:Start Path = C:\Projetos_WEB\ERP_Importa\
ERPImporta.exe: 000020F4: 16:27:25 [TUniServerModule]:Debug Mode = ON
ERPImporta.exe: 000020F4: 16:27:25 [TUniGUISessionManager]:Cache erase job created, Folder count: [1]
ERPImporta.exe: 000020F4: 16:27:26 [TUniServerModule]:Starting HTTP Server on Port: 8077...
ERPImporta.exe: 000020F4: 16:27:26 [TUniServerModule]:HTTP Server Started on Port: 8077
ERPImporta.exe: 00003F34: 16:27:43 [127.0.0.1]:EUniSessionException : Sessão inváilda ou tempo da sessão expirado. (Session not found: ziv3fPtWMG10D4192A2 ) : Addr: $007CEC46
ERPImporta.exe: 0000092C: 16:27:43 [127.0.0.1]:EUniSessionException : Sessão inváilda ou tempo da sessão expirado. (Session not found: ziv3fPtWMG10D4192A2 ) : Addr: $007CEC46
ERPImporta.exe: 00003EDC: 16:27:44 [127.0.0.1]:EUniSessionException : Sessão inváilda ou tempo da sessão expirado. (Session not found: ziv3fPtWMG10D4192A2 ) : Addr: $007CEC46
ERPImporta.exe: 00000460: 16:27:44 [127.0.0.1]:EUniSessionException : Sessão inváilda ou tempo da sessão expirado. (Session not found: ziv3fPtWMG10D4192A2 ) : Addr: $007CEC46
ERPImporta.exe: 00003B80: 16:27:52 []:>--------------------------------------------------------------<
ERPImporta.exe: 00003B80: 16:27:52 [TUniServerModule]:Server First Init.
ERPImporta.exe: 00003B80: 16:27:52 [TUniServerModule]:Start Path = C:\Projetos_WEB\ERP_Importa\
ERPImporta.exe: 00003B80: 16:27:52 [TUniServerModule]:Debug Mode = ON
ERPImporta.exe: 00003B80: 16:27:53 [TUniServerModule]:Starting HTTP Server on Port: 8077...
ERPImporta.exe: 00003B80: 16:27:53 [TUniServerModule]:HTTP Server Started on Port: 8077
ERPImporta.exe: 00001E1C: 16:29:35 []:>--------------------------------------------------------------<
ERPImporta.exe: 00001E1C: 16:29:35 [TUniServerModule]:Server First Init.
ERPImporta.exe: 00001E1C: 16:29:35 [TUniServerModule]:Start Path = C:\Projetos_WEB\ERP_Importa\
ERPImporta.exe: 00001E1C: 16:29:35 [TUniServerModule]:Debug Mode = ON
ERPImporta.exe: 00001E1C: 16:29:35 [TUniGUISessionManager]:Cache erase job created, Folder count: [1]
ERPImporta.exe: 00001E1C: 16:29:36 [TUniServerModule]:Starting HTTP Server on Port: 8077...
ERPImporta.exe: 00001E1C: 16:29:36 [TUniServerModule]:HTTP Server Started on Port: 8077
ERPImporta.exe: 0000380C: 16:30:20 []:>--------------------------------------------------------------<
ERPImporta.exe: 0000380C: 16:30:20 [TUniServerModule]:Server First Init.
ERPImporta.exe: 0000380C: 16:30:20 [TUniServerModule]:Start Path = C:\Projetos_WEB\ERP_Importa\
ERPImporta.exe: 0000380C: 16:30:20 [TUniServerModule]:Debug Mode = ON
ERPImporta.exe: 0000380C: 16:30:20 [TUniGUISessionManager]:Cache erase job created, Folder count: [1]
ERPImporta.exe: 0000380C: 16:30:21 [TUniServerModule]:Starting HTTP Server on Port: 8077...
ERPImporta.exe: 0000380C: 16:30:21 [TUniServerModule]:HTTP Server Started on Port: 8077
ERPImporta.exe: 00003240: 16:31:21 []:>--------------------------------------------------------------<
ERPImporta.exe: 00003240: 16:31:21 [TUniServerModule]:Server First Init.
ERPImporta.exe: 00003240: 16:31:21 [TUniServerModule]:Start Path = C:\Projetos_WEB\ERP_Importa\
ERPImporta.exe: 00003240: 16:31:21 [TUniServerModule]:Debug Mode = ON
ERPImporta.exe: 00003240: 16:31:21 [TUniGUISessionManager]:Cache erase job created, Folder count: [1]
ERPImporta.exe: 00003240: 16:31:22 [TUniServerModule]:Starting HTTP Server on Port: 8077...
ERPImporta.exe: 00003240: 16:31:22 [TUniServerModule]:HTTP Server Started on Port: 8077
ERPImporta.exe: 000015E8: 16:32:01 []:>--------------------------------------------------------------<
ERPImporta.exe: 000015E8: 16:32:01 [TUniServerModule]:Server First Init.
ERPImporta.exe: 000015E8: 16:32:01 [TUniServerModule]:Start Path = C:\Projetos_WEB\ERP_Importa\
ERPImporta.exe: 000015E8: 16:32:01 [TUniServerModule]:Debug Mode = ON
ERPImporta.exe: 000015E8: 16:32:01 [TUniGUISessionManager]:Cache erase job created, Folder count: [1]
ERPImporta.exe: 000015E8: 16:32:01 [TUniServerModule]:Starting HTTP Server on Port: 8077...
ERPImporta.exe: 000015E8: 16:32:01 [TUniServerModule]:HTTP Server Started on Port: 8077
ERPImporta.exe: 00003854: 16:32:46 []:>--------------------------------------------------------------<
ERPImporta.exe: 00003854: 16:32:46 [TUniServerModule]:Server First Init.
ERPImporta.exe: 00003854: 16:32:46 [TUniServerModule]:Start Path = C:\Projetos_WEB\ERP_Importa\
ERPImporta.exe: 00003854: 16:32:46 [TUniServerModule]:Debug Mode = ON
ERPImporta.exe: 00003854: 16:32:47 [TUniServerModule]:Starting HTTP Server on Port: 8077...
ERPImporta.exe: 00003854: 16:32:47 [TUniServerModule]:HTTP Server Started on Port: 8077
ERPImporta.exe: 00000C4C: 16:33:12 []:>--------------------------------------------------------------<
ERPImporta.exe: 00000C4C: 16:33:12 [TUniServerModule]:Server First Init.
ERPImporta.exe: 00000C4C: 16:33:12 [TUniServerModule]:Start Path = C:\Projetos_WEB\ERP_Importa\
ERPImporta.exe: 00000C4C: 16:33:12 [TUniServerModule]:Debug Mode = ON
ERPImporta.exe: 00000C4C: 16:33:12 [TUniGUISessionManager]:Cache erase job created, Folder count: [1]
ERPImporta.exe: 00000C4C: 16:33:13 [TUniServerModule]:Starting HTTP Server on Port: 8077...
ERPImporta.exe: 00000C4C: 16:33:13 [TUniServerModule]:HTTP Server Started on Port: 8077
ERPImporta.exe: 00003B90: 16:33:43 []:>--------------------------------------------------------------<
ERPImporta.exe: 00003B90: 16:33:43 [TUniServerModule]:Server First Init.
ERPImporta.exe: 00003B90: 16:33:43 [TUniServerModule]:Start Path = C:\Projetos_WEB\ERP_Importa\
ERPImporta.exe: 00003B90: 16:33:43 [TUniServerModule]:Debug Mode = ON
ERPImporta.exe: 00003B90: 16:33:43 [TUniServerModule]:Starting HTTP Server on Port: 8077...
ERPImporta.exe: 00003B90: 16:33:44 [TUniServerModule]:HTTP Server Started on Port: 8077
ERPImporta.exe: 00003F00: 16:34:09 []:>--------------------------------------------------------------<
ERPImporta.exe: 00003F00: 16:34:09 [TUniServerModule]:Server First Init.
ERPImporta.exe: 00003F00: 16:34:09 [TUniServerModule]:Start Path = C:\Projetos_WEB\ERP_Importa\
ERPImporta.exe: 00003F00: 16:34:09 [TUniServerModule]:Debug Mode = ON
ERPImporta.exe: 00003F00: 16:34:10 [TUniServerModule]:Starting HTTP Server on Port: 8077...
ERPImporta.exe: 00003F00: 16:34:10 [TUniServerModule]:HTTP Server Started on Port: 8077
ERPImporta.exe: 00000174: 16:35:12 []:>--------------------------------------------------------------<
ERPImporta.exe: 00000174: 16:35:12 [TUniServerModule]:Server First Init.
ERPImporta.exe: 00000174: 16:35:12 [TUniServerModule]:Start Path = C:\Projetos_WEB\ERP_Importa\
ERPImporta.exe: 00000174: 16:35:12 [TUniServerModule]:Debug Mode = ON
ERPImporta.exe: 00000174: 16:35:12 [TUniGUISessionManager]:Cache erase job created, Folder count: [1]
ERPImporta.exe: 00000174: 16:35:13 [TUniServerModule]:Starting HTTP Server on Port: 8077...
ERPImporta.exe: 00000174: 16:35:13 [TUniServerModule]:HTTP Server Started on Port: 8077
ERPImporta.exe: 000033FC: 16:35:51 []:>--------------------------------------------------------------<
ERPImporta.exe: 000033FC: 16:35:51 [TUniServerModule]:Server First Init.
ERPImporta.exe: 000033FC: 16:35:51 [TUniServerModule]:Start Path = C:\Projetos_WEB\ERP_Importa\
ERPImporta.exe: 000033FC: 16:35:51 [TUniServerModule]:Debug Mode = ON
ERPImporta.exe: 000033FC: 16:35:52 [TUniServerModule]:Starting HTTP Server on Port: 8077...
ERPImporta.exe: 000033FC: 16:35:52 [TUniServerModule]:HTTP Server Started on Port: 8077
ERPImporta.exe: 00003684: 16:40:31 []:>--------------------------------------------------------------<
ERPImporta.exe: 00003684: 16:40:31 [TUniServerModule]:Server First Init.
ERPImporta.exe: 00003684: 16:40:31 [TUniServerModule]:Start Path = C:\Projetos_WEB\ERP_Importa\
ERPImporta.exe: 00003684: 16:40:31 [TUniServerModule]:Debug Mode = ON
ERPImporta.exe: 00003684: 16:40:31 [TUniGUISessionManager]:Cache erase job created, Folder count: [1]
ERPImporta.exe: 00003684: 16:40:32 [TUniServerModule]:Starting HTTP Server on Port: 8077...
ERPImporta.exe: 00003684: 16:40:32 [TUniServerModule]:HTTP Server Started on Port: 8077
ERPImporta.exe: 00000B0C: 16:42:08 []:>--------------------------------------------------------------<
ERPImporta.exe: 00000B0C: 16:42:08 [TUniServerModule]:Server First Init.
ERPImporta.exe: 00000B0C: 16:42:08 [TUniServerModule]:Start Path = C:\Projetos_WEB\ERP_Importa\
ERPImporta.exe: 00000B0C: 16:42:08 [TUniServerModule]:Debug Mode = ON
ERPImporta.exe: 00000B0C: 16:42:08 [TUniServerModule]:Starting HTTP Server on Port: 8077...
ERPImporta.exe: 00000B0C: 16:42:08 [TUniServerModule]:HTTP Server Started on Port: 8077
ERPImporta.exe: 000011EC: 16:43:02 []:>--------------------------------------------------------------<
ERPImporta.exe: 000011EC: 16:43:02 [TUniServerModule]:Server First Init.
ERPImporta.exe: 000011EC: 16:43:02 [TUniServerModule]:Start Path = C:\Projetos_WEB\ERP_Importa\
ERPImporta.exe: 000011EC: 16:43:02 [TUniServerModule]:Debug Mode = ON
ERPImporta.exe: 000011EC: 16:43:03 [TUniServerModule]:Starting HTTP Server on Port: 8077...
ERPImporta.exe: 000011EC: 16:43:03 [TUniServerModule]:HTTP Server Started on Port: 8077
ERPImporta.exe: 00000F18: 16:43:25 []:>--------------------------------------------------------------<
ERPImporta.exe: 00000F18: 16:43:25 [TUniServerModule]:Server First Init.
ERPImporta.exe: 00000F18: 16:43:25 [TUniServerModule]:Start Path = C:\Projetos_WEB\ERP_Importa\
ERPImporta.exe: 00000F18: 16:43:25 [TUniServerModule]:Debug Mode = ON
ERPImporta.exe: 00000F18: 16:43:26 [TUniServerModule]:Starting HTTP Server on Port: 8077...
ERPImporta.exe: 00000F18: 16:43:26 [TUniServerModule]:HTTP Server Started on Port: 8077
ERPImporta.exe: 00003C64: 16:44:25 []:>--------------------------------------------------------------<
ERPImporta.exe: 00003C64: 16:44:25 [TUniServerModule]:Server First Init.
ERPImporta.exe: 00003C64: 16:44:25 [TUniServerModule]:Start Path = C:\Projetos_WEB\ERP_Importa\
ERPImporta.exe: 00003C64: 16:44:25 [TUniServerModule]:Debug Mode = ON
ERPImporta.exe: 00003C64: 16:44:25 [TUniServerModule]:Starting HTTP Server on Port: 8077...
ERPImporta.exe: 00003C64: 16:44:25 [TUniServerModule]:HTTP Server Started on Port: 8077
ERPImporta.exe: 00003144: 16:48:08 []:>--------------------------------------------------------------<
ERPImporta.exe: 00003144: 16:48:08 [TUniServerModule]:Server First Init.
ERPImporta.exe: 00003144: 16:48:08 [TUniServerModule]:Start Path = C:\Projetos_WEB\ERP_Importa\
ERPImporta.exe: 00003144: 16:48:08 [TUniServerModule]:Debug Mode = ON
ERPImporta.exe: 00003144: 16:48:08 [TUniGUISessionManager]:Cache erase job created, Folder count: [1]
ERPImporta.exe: 00003144: 16:48:08 [TUniServerModule]:Starting HTTP Server on Port: 8077...
ERPImporta.exe: 00003144: 16:48:08 [TUniServerModule]:HTTP Server Started on Port: 8077
ERPImporta.exe: 00001AD4: 16:48:46 []:>--------------------------------------------------------------<
ERPImporta.exe: 00001AD4: 16:48:46 [TUniServerModule]:Server First Init.
ERPImporta.exe: 00001AD4: 16:48:46 [TUniServerModule]:Start Path = C:\Projetos_WEB\ERP_Importa\
ERPImporta.exe: 00001AD4: 16:48:46 [TUniServerModule]:Debug Mode = ON
ERPImporta.exe: 00001AD4: 16:48:47 [TUniServerModule]:Starting HTTP Server on Port: 8077...
ERPImporta.exe: 00001AD4: 16:48:47 [TUniServerModule]:HTTP Server Started on Port: 8077
ERPImporta.exe: 00003BFC: 16:49:28 []:>--------------------------------------------------------------<
ERPImporta.exe: 00003BFC: 16:49:28 [TUniServerModule]:Server First Init.
ERPImporta.exe: 00003BFC: 16:49:28 [TUniServerModule]:Start Path = C:\Projetos_WEB\ERP_Importa\
ERPImporta.exe: 00003BFC: 16:49:28 [TUniServerModule]:Debug Mode = ON
ERPImporta.exe: 00003BFC: 16:49:28 [TUniServerModule]:Starting HTTP Server on Port: 8077...
ERPImporta.exe: 00003BFC: 16:49:28 [TUniServerModule]:HTTP Server Started on Port: 8077
ERPImporta.exe: 00003484: 16:50:10 []:>--------------------------------------------------------------<
ERPImporta.exe: 00003484: 16:50:10 [TUniServerModule]:Server First Init.
ERPImporta.exe: 00003484: 16:50:10 [TUniServerModule]:Start Path = C:\Projetos_WEB\ERP_Importa\
ERPImporta.exe: 00003484: 16:50:10 [TUniServerModule]:Debug Mode = ON
ERPImporta.exe: 00003484: 16:50:10 [TUniServerModule]:Starting HTTP Server on Port: 8077...
ERPImporta.exe: 00003484: 16:50:10 [TUniServerModule]:HTTP Server Started on Port: 8077
ERPImporta.exe: 00002B4C: 16:51:18 []:>--------------------------------------------------------------<
ERPImporta.exe: 00002B4C: 16:51:18 [TUniServerModule]:Server First Init.
ERPImporta.exe: 00002B4C: 16:51:18 [TUniServerModule]:Start Path = C:\Projetos_WEB\ERP_Importa\
ERPImporta.exe: 00002B4C: 16:51:18 [TUniServerModule]:Debug Mode = ON
ERPImporta.exe: 00002B4C: 16:51:18 [TUniGUISessionManager]:Cache erase job created, Folder count: [1]
ERPImporta.exe: 00002B4C: 16:51:19 [TUniServerModule]:Starting HTTP Server on Port: 8077...
ERPImporta.exe: 00002B4C: 16:51:19 [TUniServerModule]:HTTP Server Started on Port: 8077
ERPImporta.exe: 00000E14: 16:52:32 []:>--------------------------------------------------------------<
ERPImporta.exe: 00000E14: 16:52:32 [TUniServerModule]:Server First Init.
ERPImporta.exe: 00000E14: 16:52:32 [TUniServerModule]:Start Path = C:\Projetos_WEB\ERP_Importa\
ERPImporta.exe: 00000E14: 16:52:32 [TUniServerModule]:Debug Mode = ON
ERPImporta.exe: 00000E14: 16:52:32 [TUniGUISessionManager]:Cache erase job created, Folder count: [1]
ERPImporta.exe: 00000E14: 16:52:32 [TUniServerModule]:Starting HTTP Server on Port: 8077...
ERPImporta.exe: 00000E14: 16:52:33 [TUniServerModule]:HTTP Server Started on Port: 8077
ERPImporta.exe: 00003898: 16:53:47 []:>--------------------------------------------------------------<
ERPImporta.exe: 00003898: 16:53:47 [TUniServerModule]:Server First Init.
ERPImporta.exe: 00003898: 16:53:47 [TUniServerModule]:Start Path = C:\Projetos_WEB\ERP_Importa\
ERPImporta.exe: 00003898: 16:53:47 [TUniServerModule]:Debug Mode = ON
ERPImporta.exe: 00003898: 16:53:47 [TUniGUISessionManager]:Cache erase job created, Folder count: [1]
ERPImporta.exe: 00003898: 16:53:47 [TUniServerModule]:Starting HTTP Server on Port: 8077...
ERPImporta.exe: 00003898: 16:53:48 [TUniServerModule]:HTTP Server Started on Port: 8077
ERPImporta.exe: 00001F68: 17:08:06 [127.0.0.1]:EUniSessionException : Sessão inváilda ou tempo da sessão expirado. (Session not found: krY55CP9jX10D419A23 ) : Addr: $007CEC46
ERPImporta.exe: 0000078C: 17:08:33 []:>--------------------------------------------------------------<
ERPImporta.exe: 0000078C: 17:08:33 [TUniServerModule]:Server First Init.
ERPImporta.exe: 0000078C: 17:08:33 [TUniServerModule]:Start Path = C:\Projetos_WEB\ERP_Importa\
ERPImporta.exe: 0000078C: 17:08:33 [TUniServerModule]:Debug Mode = ON
ERPImporta.exe: 0000078C: 17:08:33 [TUniServerModule]:Starting HTTP Server on Port: 8077...
ERPImporta.exe: 0000078C: 17:08:33 [TUniServerModule]:HTTP Server Started on Port: 8077
ERPImporta.exe: 00001268: 17:09:44 []:>--------------------------------------------------------------<
ERPImporta.exe: 00001268: 17:09:44 [TUniServerModule]:Server First Init.
ERPImporta.exe: 00001268: 17:09:44 [TUniServerModule]:Start Path = C:\Projetos_WEB\ERP_Importa\
ERPImporta.exe: 00001268: 17:09:44 [TUniServerModule]:Debug Mode = ON
ERPImporta.exe: 00001268: 17:09:44 [TUniGUISessionManager]:Cache erase job created, Folder count: [1]
ERPImporta.exe: 00001268: 17:09:44 [TUniServerModule]:Starting HTTP Server on Port: 8077...
ERPImporta.exe: 00001268: 17:09:44 [TUniServerModule]:HTTP Server Started on Port: 8077
ERPImporta.exe: 0000260C: 17:14:37 []:>--------------------------------------------------------------<
ERPImporta.exe: 0000260C: 17:14:37 [TUniServerModule]:Server First Init.
ERPImporta.exe: 0000260C: 17:14:37 [TUniServerModule]:Start Path = C:\Projetos_WEB\ERP_Importa\
ERPImporta.exe: 0000260C: 17:14:37 [TUniServerModule]:Debug Mode = ON
ERPImporta.exe: 0000260C: 17:14:38 [TUniServerModule]:Starting HTTP Server on Port: 8077...
ERPImporta.exe: 0000260C: 17:14:38 [TUniServerModule]:HTTP Server Started on Port: 8077
ERPImporta.exe: 000029D0: 17:15:27 []:>--------------------------------------------------------------<
ERPImporta.exe: 000029D0: 17:15:27 [TUniServerModule]:Server First Init.
ERPImporta.exe: 000029D0: 17:15:27 [TUniServerModule]:Start Path = C:\Projetos_WEB\ERP_Importa\
ERPImporta.exe: 000029D0: 17:15:27 [TUniServerModule]:Debug Mode = ON
ERPImporta.exe: 000029D0: 17:15:27 [TUniServerModule]:Starting HTTP Server on Port: 8077...
ERPImporta.exe: 000029D0: 17:15:27 [TUniServerModule]:HTTP Server Started on Port: 8077
ERPImporta.exe: 00002510: 17:16:27 []:>--------------------------------------------------------------<
ERPImporta.exe: 00002510: 17:16:27 [TUniServerModule]:Server First Init.
ERPImporta.exe: 00002510: 17:16:27 [TUniServerModule]:Start Path = C:\Projetos_WEB\ERP_Importa\
ERPImporta.exe: 00002510: 17:16:27 [TUniServerModule]:Debug Mode = ON
ERPImporta.exe: 00002510: 17:16:28 [TUniServerModule]:Starting HTTP Server on Port: 8077...
ERPImporta.exe: 00002510: 17:16:28 [TUniServerModule]:HTTP Server Started on Port: 8077
ERPImporta.exe: 00000D8C: 17:17:05 []:>--------------------------------------------------------------<
ERPImporta.exe: 00000D8C: 17:17:05 [TUniServerModule]:Server First Init.
ERPImporta.exe: 00000D8C: 17:17:05 [TUniServerModule]:Start Path = C:\Projetos_WEB\ERP_Importa\
ERPImporta.exe: 00000D8C: 17:17:05 [TUniServerModule]:Debug Mode = ON
ERPImporta.exe: 00000D8C: 17:17:05 [TUniServerModule]:Starting HTTP Server on Port: 8077...
ERPImporta.exe: 00000D8C: 17:17:05 [TUniServerModule]:HTTP Server Started on Port: 8077
ERPImporta.exe: 00003A84: 17:17:42 []:>--------------------------------------------------------------<
ERPImporta.exe: 00003A84: 17:17:42 [TUniServerModule]:Server First Init.
ERPImporta.exe: 00003A84: 17:17:42 [TUniServerModule]:Start Path = C:\Projetos_WEB\ERP_Importa\
ERPImporta.exe: 00003A84: 17:17:42 [TUniServerModule]:Debug Mode = ON
ERPImporta.exe: 00003A84: 17:17:43 [TUniServerModule]:Starting HTTP Server on Port: 8077...
ERPImporta.exe: 00003A84: 17:17:43 [TUniServerModule]:HTTP Server Started on Port: 8077
ERPImporta.exe: 00001A68: 17:18:08 []:>--------------------------------------------------------------<
ERPImporta.exe: 00001A68: 17:18:08 [TUniServerModule]:Server First Init.
ERPImporta.exe: 00001A68: 17:18:08 [TUniServerModule]:Start Path = C:\Projetos_WEB\ERP_Importa\
ERPImporta.exe: 00001A68: 17:18:08 [TUniServerModule]:Debug Mode = ON
ERPImporta.exe: 00001A68: 17:18:08 [TUniServerModule]:Starting HTTP Server on Port: 8077...
ERPImporta.exe: 00001A68: 17:18:08 [TUniServerModule]:HTTP Server Started on Port: 8077
ERPImporta.exe: 000013E0: 17:18:43 []:>--------------------------------------------------------------<
ERPImporta.exe: 000013E0: 17:18:43 [TUniServerModule]:Server First Init.
ERPImporta.exe: 000013E0: 17:18:43 [TUniServerModule]:Start Path = C:\Projetos_WEB\ERP_Importa\
ERPImporta.exe: 000013E0: 17:18:43 [TUniServerModule]:Debug Mode = ON
ERPImporta.exe: 000013E0: 17:18:43 [TUniServerModule]:Starting HTTP Server on Port: 8077...
ERPImporta.exe: 000013E0: 17:18:43 [TUniServerModule]:HTTP Server Started on Port: 8077
ERPImporta.exe: 00002404: 17:19:26 []:>--------------------------------------------------------------<
ERPImporta.exe: 00002404: 17:19:26 [TUniServerModule]:Server First Init.
ERPImporta.exe: 00002404: 17:19:26 [TUniServerModule]:Start Path = C:\Projetos_WEB\ERP_Importa\
ERPImporta.exe: 00002404: 17:19:26 [TUniServerModule]:Debug Mode = ON
ERPImporta.exe: 00002404: 17:19:27 [TUniServerModule]:Starting HTTP Server on Port: 8077...
ERPImporta.exe: 00002404: 17:19:27 [TUniServerModule]:HTTP Server Started on Port: 8077
ERPImporta.exe: 00003AFC: 17:20:10 []:>--------------------------------------------------------------<
ERPImporta.exe: 00003AFC: 17:20:10 [TUniServerModule]:Server First Init.
ERPImporta.exe: 00003AFC: 17:20:10 [TUniServerModule]:Start Path = C:\Projetos_WEB\ERP_Importa\
ERPImporta.exe: 00003AFC: 17:20:10 [TUniServerModule]:Debug Mode = ON
ERPImporta.exe: 00003AFC: 17:20:10 [TUniServerModule]:Starting HTTP Server on Port: 8077...
ERPImporta.exe: 00003AFC: 17:20:10 [TUniServerModule]:HTTP Server Started on Port: 8077
ERPImporta.exe: 00003468: 17:22:32 []:>--------------------------------------------------------------<
ERPImporta.exe: 00003468: 17:22:32 [TUniServerModule]:Server First Init.
ERPImporta.exe: 00003468: 17:22:32 [TUniServerModule]:Start Path = C:\Projetos_WEB\ERP_Importa\
ERPImporta.exe: 00003468: 17:22:32 [TUniServerModule]:Debug Mode = ON
ERPImporta.exe: 00003468: 17:22:32 [TUniServerModule]:Starting HTTP Server on Port: 8077...
ERPImporta.exe: 00003468: 17:22:32 [TUniServerModule]:HTTP Server Started on Port: 8077
ERPImporta.exe: 00002A00: 17:23:01 []:>--------------------------------------------------------------<
ERPImporta.exe: 00002A00: 17:23:01 [TUniServerModule]:Server First Init.
ERPImporta.exe: 00002A00: 17:23:01 [TUniServerModule]:Start Path = C:\Projetos_WEB\ERP_Importa\
ERPImporta.exe: 00002A00: 17:23:01 [TUniServerModule]:Debug Mode = ON
ERPImporta.exe: 00002A00: 17:23:01 [TUniServerModule]:Starting HTTP Server on Port: 8077...
ERPImporta.exe: 00002A00: 17:23:01 [TUniServerModule]:HTTP Server Started on Port: 8077
ERPImporta.exe: 00003628: 17:23:53 []:>--------------------------------------------------------------<
ERPImporta.exe: 00003628: 17:23:53 [TUniServerModule]:Server First Init.
ERPImporta.exe: 00003628: 17:23:53 [TUniServerModule]:Start Path = C:\Projetos_WEB\ERP_Importa\
ERPImporta.exe: 00003628: 17:23:53 [TUniServerModule]:Debug Mode = ON
ERPImporta.exe: 00003628: 17:23:53 [TUniServerModule]:Starting HTTP Server on Port: 8077...
ERPImporta.exe: 00003628: 17:23:53 [TUniServerModule]:HTTP Server Started on Port: 8077
