ERPImporta.exe: 0000361C: 00:45:17 []:>--------------------------------------------------------------<
ERPImporta.exe: 0000361C: 00:45:17 [TUniServerModule]:Server First Init.
ERPImporta.exe: 0000361C: 00:45:17 [TUniServerModule]:Start Path = D:\Projetos_WEB\ERP_Importa\
ERPImporta.exe: 0000361C: 00:45:17 [TUniServerModule]:Debug Mode = ON
ERPImporta.exe: 0000361C: 00:45:17 [TUniGUISessionManager]:Cache erase job created, Folder count: [1]
ERPImporta.exe: 0000361C: 00:45:17 [TUniServerModule]:Starting HTTP Server on Port: 8077...
ERPImporta.exe: 0000361C: 00:45:17 [TUniServerModule]:HTTP Server Started on Port: 8077
ERPImporta.exe: 00000B94: 00:46:34 []:>--------------------------------------------------------------<
ERPImporta.exe: 00000B94: 00:46:34 [TUniServerModule]:Server First Init.
ERPImporta.exe: 00000B94: 00:46:34 [TUniServerModule]:Start Path = D:\Projetos_WEB\ERP_Importa\
ERPImporta.exe: 00000B94: 00:46:34 [TUniServerModule]:Debug Mode = ON
ERPImporta.exe: 00000B94: 00:46:34 [TUniGUISessionManager]:Cache erase job created, Folder count: [1]
ERPImporta.exe: 00000B94: 00:46:34 [TUniServerModule]:Starting HTTP Server on Port: 8077...
ERPImporta.exe: 00000B94: 00:46:34 [TUniServerModule]:HTTP Server Started on Port: 8077
ERPImporta.exe: 00001904: 00:50:00 []:>--------------------------------------------------------------<
ERPImporta.exe: 00001904: 00:50:00 [TUniServerModule]:Server First Init.
ERPImporta.exe: 00001904: 00:50:00 [TUniServerModule]:Start Path = D:\Projetos_WEB\ERP_Importa\
ERPImporta.exe: 00001904: 00:50:00 [TUniServerModule]:Debug Mode = ON
ERPImporta.exe: 00001904: 00:50:00 [TUniGUISessionManager]:Cache erase job created, Folder count: [1]
ERPImporta.exe: 00001904: 00:50:01 [TUniServerModule]:Starting HTTP Server on Port: 8077...
ERPImporta.exe: 00001904: 00:50:01 [TUniServerModule]:HTTP Server Started on Port: 8077
ERPImporta.exe: 00003434: 00:52:29 []:>--------------------------------------------------------------<
ERPImporta.exe: 00003434: 00:52:29 [TUniServerModule]:Server First Init.
ERPImporta.exe: 00003434: 00:52:29 [TUniServerModule]:Start Path = D:\Projetos_WEB\ERP_Importa\
ERPImporta.exe: 00003434: 00:52:29 [TUniServerModule]:Debug Mode = ON
ERPImporta.exe: 00003434: 00:52:29 [TUniServerModule]:Starting HTTP Server on Port: 8077...
ERPImporta.exe: 00003434: 00:52:29 [TUniServerModule]:HTTP Server Started on Port: 8077
ERPImporta.exe: 00000218: 00:55:17 []:>--------------------------------------------------------------<
ERPImporta.exe: 00000218: 00:55:17 [TUniServerModule]:Server First Init.
ERPImporta.exe: 00000218: 00:55:17 [TUniServerModule]:Start Path = D:\Projetos_WEB\ERP_Importa\
ERPImporta.exe: 00000218: 00:55:17 [TUniServerModule]:Debug Mode = ON
ERPImporta.exe: 00000218: 00:55:17 [TUniGUISessionManager]:Cache erase job created, Folder count: [1]
ERPImporta.exe: 00000218: 00:55:17 [TUniServerModule]:Starting HTTP Server on Port: 8077...
ERPImporta.exe: 00000218: 00:55:17 [TUniServerModule]:HTTP Server Started on Port: 8077
ERPImporta.exe: 0000413C: 00:55:57 []:>--------------------------------------------------------------<
ERPImporta.exe: 0000413C: 00:55:57 [TUniServerModule]:Server First Init.
ERPImporta.exe: 0000413C: 00:55:57 [TUniServerModule]:Start Path = D:\Projetos_WEB\ERP_Importa\
ERPImporta.exe: 0000413C: 00:55:57 [TUniServerModule]:Debug Mode = ON
ERPImporta.exe: 0000413C: 00:55:58 [TUniServerModule]:Starting HTTP Server on Port: 8077...
ERPImporta.exe: 0000413C: 00:55:58 [TUniServerModule]:HTTP Server Started on Port: 8077
ERPImporta.exe: 00004128: 00:57:06 []:>--------------------------------------------------------------<
ERPImporta.exe: 00004128: 00:57:06 [TUniServerModule]:Server First Init.
ERPImporta.exe: 00004128: 00:57:06 [TUniServerModule]:Start Path = D:\Projetos_WEB\ERP_Importa\
ERPImporta.exe: 00004128: 00:57:06 [TUniServerModule]:Debug Mode = ON
ERPImporta.exe: 00004128: 00:57:06 [TUniGUISessionManager]:Cache erase job created, Folder count: [1]
ERPImporta.exe: 00004128: 00:57:06 [TUniServerModule]:Starting HTTP Server on Port: 8077...
ERPImporta.exe: 00004128: 00:57:06 [TUniServerModule]:HTTP Server Started on Port: 8077
ERPImporta.exe: 00002C9C: 00:57:45 []:>--------------------------------------------------------------<
ERPImporta.exe: 00002C9C: 00:57:45 [TUniServerModule]:Server First Init.
ERPImporta.exe: 00002C9C: 00:57:45 [TUniServerModule]:Start Path = D:\Projetos_WEB\ERP_Importa\
ERPImporta.exe: 00002C9C: 00:57:45 [TUniServerModule]:Debug Mode = ON
ERPImporta.exe: 00002C9C: 00:57:45 [TUniGUISessionManager]:Cache erase job created, Folder count: [1]
ERPImporta.exe: 00002C9C: 00:57:45 [TUniServerModule]:Starting HTTP Server on Port: 8077...
ERPImporta.exe: 00002C9C: 00:57:45 [TUniServerModule]:HTTP Server Started on Port: 8077
ERPImporta.exe: 00000388: 01:03:45 []:>--------------------------------------------------------------<
ERPImporta.exe: 00000388: 01:03:45 [TUniServerModule]:Server First Init.
ERPImporta.exe: 00000388: 01:03:45 [TUniServerModule]:Start Path = D:\Projetos_WEB\ERP_Importa\
ERPImporta.exe: 00000388: 01:03:45 [TUniServerModule]:Debug Mode = ON
ERPImporta.exe: 00000388: 01:03:45 [TUniGUISessionManager]:Cache erase job created, Folder count: [1]
ERPImporta.exe: 00000388: 01:03:46 [TUniServerModule]:Starting HTTP Server on Port: 8077...
ERPImporta.exe: 00000388: 01:03:46 [TUniServerModule]:HTTP Server Started on Port: 8077
ERPImporta.exe: 00002224: 01:06:47 []:>--------------------------------------------------------------<
ERPImporta.exe: 00002224: 01:06:47 [TUniServerModule]:Server First Init.
ERPImporta.exe: 00002224: 01:06:47 [TUniServerModule]:Start Path = D:\Projetos_WEB\ERP_Importa\
ERPImporta.exe: 00002224: 01:06:47 [TUniServerModule]:Debug Mode = ON
ERPImporta.exe: 00002224: 01:06:47 [TUniGUISessionManager]:Cache erase job created, Folder count: [1]
ERPImporta.exe: 00002224: 01:06:47 [TUniServerModule]:Starting HTTP Server on Port: 8077...
ERPImporta.exe: 00002224: 01:06:47 [TUniServerModule]:HTTP Server Started on Port: 8077
ERPImporta.exe: 00002A48: 01:11:29 []:>--------------------------------------------------------------<
ERPImporta.exe: 00002A48: 01:11:29 [TUniServerModule]:Server First Init.
ERPImporta.exe: 00002A48: 01:11:29 [TUniServerModule]:Start Path = D:\Projetos_WEB\ERP_Importa\
ERPImporta.exe: 00002A48: 01:11:29 [TUniServerModule]:Debug Mode = ON
ERPImporta.exe: 00002A48: 01:11:30 [TUniServerModule]:Starting HTTP Server on Port: 8077...
ERPImporta.exe: 00002A48: 01:11:30 [TUniServerModule]:HTTP Server Started on Port: 8077
ERPImporta.exe: 00002E04: 01:14:32 []:>--------------------------------------------------------------<
ERPImporta.exe: 00002E04: 01:14:32 [TUniServerModule]:Server First Init.
ERPImporta.exe: 00002E04: 01:14:32 [TUniServerModule]:Start Path = D:\Projetos_WEB\ERP_Importa\
ERPImporta.exe: 00002E04: 01:14:32 [TUniServerModule]:Debug Mode = ON
ERPImporta.exe: 00002E04: 01:14:32 [TUniGUISessionManager]:Cache erase job created, Folder count: [1]
ERPImporta.exe: 00002E04: 01:14:32 [TUniServerModule]:Starting HTTP Server on Port: 8077...
ERPImporta.exe: 00002E04: 01:14:32 [TUniServerModule]:HTTP Server Started on Port: 8077
ERPImporta.exe: 00002B10: 01:14:44 [127.0.0.1]:EUniSessionException : Sessão inváilda ou tempo da sessão expirado. (Session not found: ILYeD3d4RJ1106F6C47 ) : Addr: $007D0ED0
ERPImporta.exe: 00003B64: 01:14:45 [127.0.0.1]:EUniSessionException : Sessão inváilda ou tempo da sessão expirado. (Session not found: ILYeD3d4RJ1106F6C47 ) : Addr: $007D0ED0
ERPImporta.exe: 00003A54: 01:18:57 []:>--------------------------------------------------------------<
ERPImporta.exe: 00003A54: 01:18:57 [TUniServerModule]:Server First Init.
ERPImporta.exe: 00003A54: 01:18:57 [TUniServerModule]:Start Path = D:\Projetos_WEB\ERP_Importa\
ERPImporta.exe: 00003A54: 01:18:57 [TUniServerModule]:Debug Mode = ON
ERPImporta.exe: 00003A54: 01:18:57 [TUniServerModule]:Starting HTTP Server on Port: 8077...
ERPImporta.exe: 00003A54: 01:18:57 [TUniServerModule]:HTTP Server Started on Port: 8077
ERPImporta.exe: 00004010: 01:19:57 []:>--------------------------------------------------------------<
ERPImporta.exe: 00004010: 01:19:57 [TUniServerModule]:Server First Init.
ERPImporta.exe: 00004010: 01:19:57 [TUniServerModule]:Start Path = D:\Projetos_WEB\ERP_Importa\
ERPImporta.exe: 00004010: 01:19:57 [TUniServerModule]:Debug Mode = ON
ERPImporta.exe: 00004010: 01:19:57 [TUniGUISessionManager]:Cache erase job created, Folder count: [1]
ERPImporta.exe: 00004010: 01:19:57 [TUniServerModule]:Starting HTTP Server on Port: 8077...
ERPImporta.exe: 00004010: 01:19:57 [TUniServerModule]:HTTP Server Started on Port: 8077
ERPImporta.exe: 00000EDC: 01:20:50 []:>--------------------------------------------------------------<
ERPImporta.exe: 00000EDC: 01:20:50 [TUniServerModule]:Server First Init.
ERPImporta.exe: 00000EDC: 01:20:50 [TUniServerModule]:Start Path = D:\Projetos_WEB\ERP_Importa\
ERPImporta.exe: 00000EDC: 01:20:50 [TUniServerModule]:Debug Mode = ON
ERPImporta.exe: 00000EDC: 01:20:50 [TUniServerModule]:Starting HTTP Server on Port: 8077...
ERPImporta.exe: 00000EDC: 01:20:50 [TUniServerModule]:HTTP Server Started on Port: 8077
ERPImporta.exe: 00002C1C: 01:24:52 []:>--------------------------------------------------------------<
ERPImporta.exe: 00002C1C: 01:24:52 [TUniServerModule]:Server First Init.
ERPImporta.exe: 00002C1C: 01:24:52 [TUniServerModule]:Start Path = D:\Projetos_WEB\ERP_Importa\
ERPImporta.exe: 00002C1C: 01:24:52 [TUniServerModule]:Debug Mode = ON
ERPImporta.exe: 00002C1C: 01:24:52 [TUniGUISessionManager]:Cache erase job created, Folder count: [1]
ERPImporta.exe: 00002C1C: 01:24:52 [TUniServerModule]:Starting HTTP Server on Port: 8077...
ERPImporta.exe: 00002C1C: 01:24:52 [TUniServerModule]:HTTP Server Started on Port: 8077
ERPImporta.exe: 00003828: 01:26:23 []:>--------------------------------------------------------------<
ERPImporta.exe: 00003828: 01:26:23 [TUniServerModule]:Server First Init.
ERPImporta.exe: 00003828: 01:26:23 [TUniServerModule]:Start Path = D:\Projetos_WEB\ERP_Importa\
ERPImporta.exe: 00003828: 01:26:23 [TUniServerModule]:Debug Mode = ON
ERPImporta.exe: 00003828: 01:26:23 [TUniGUISessionManager]:Cache erase job created, Folder count: [1]
ERPImporta.exe: 00003828: 01:26:24 [TUniServerModule]:Starting HTTP Server on Port: 8077...
ERPImporta.exe: 00003828: 01:26:24 [TUniServerModule]:HTTP Server Started on Port: 8077
ERPImporta.exe: 00004330: 01:27:44 []:>--------------------------------------------------------------<
ERPImporta.exe: 00004330: 01:27:44 [TUniServerModule]:Server First Init.
ERPImporta.exe: 00004330: 01:27:44 [TUniServerModule]:Start Path = D:\Projetos_WEB\ERP_Importa\
ERPImporta.exe: 00004330: 01:27:44 [TUniServerModule]:Debug Mode = ON
ERPImporta.exe: 00004330: 01:27:44 [TUniGUISessionManager]:Cache erase job created, Folder count: [1]
ERPImporta.exe: 00004330: 01:27:44 [TUniServerModule]:Starting HTTP Server on Port: 8077...
ERPImporta.exe: 00004330: 01:27:44 [TUniServerModule]:HTTP Server Started on Port: 8077
ERPImporta.exe: 00002D38: 01:28:26 []:>--------------------------------------------------------------<
ERPImporta.exe: 00002D38: 01:28:26 [TUniServerModule]:Server First Init.
ERPImporta.exe: 00002D38: 01:28:26 [TUniServerModule]:Start Path = D:\Projetos_WEB\ERP_Importa\
ERPImporta.exe: 00002D38: 01:28:26 [TUniServerModule]:Debug Mode = ON
ERPImporta.exe: 00002D38: 01:28:26 [TUniGUISessionManager]:Cache erase job created, Folder count: [1]
ERPImporta.exe: 00002D38: 01:28:26 [TUniServerModule]:Starting HTTP Server on Port: 8077...
ERPImporta.exe: 00002D38: 01:28:26 [TUniServerModule]:HTTP Server Started on Port: 8077
ERPImporta.exe: 00000CC0: 01:29:12 []:>--------------------------------------------------------------<
ERPImporta.exe: 00000CC0: 01:29:12 [TUniServerModule]:Server First Init.
ERPImporta.exe: 00000CC0: 01:29:12 [TUniServerModule]:Start Path = D:\Projetos_WEB\ERP_Importa\
ERPImporta.exe: 00000CC0: 01:29:12 [TUniServerModule]:Debug Mode = ON
ERPImporta.exe: 00000CC0: 01:29:12 [TUniGUISessionManager]:Cache erase job created, Folder count: [1]
ERPImporta.exe: 00000CC0: 01:29:12 [TUniServerModule]:Starting HTTP Server on Port: 8077...
ERPImporta.exe: 00000CC0: 01:29:12 [TUniServerModule]:HTTP Server Started on Port: 8077
ERPImporta.exe: 00000D50: 01:29:43 []:>--------------------------------------------------------------<
ERPImporta.exe: 00000D50: 01:29:43 [TUniServerModule]:Server First Init.
ERPImporta.exe: 00000D50: 01:29:43 [TUniServerModule]:Start Path = D:\Projetos_WEB\ERP_Importa\
ERPImporta.exe: 00000D50: 01:29:43 [TUniServerModule]:Debug Mode = ON
ERPImporta.exe: 00000D50: 01:29:44 [TUniServerModule]:Starting HTTP Server on Port: 8077...
ERPImporta.exe: 00000D50: 01:29:44 [TUniServerModule]:HTTP Server Started on Port: 8077
ERPImporta.exe: 00004260: 01:30:21 []:>--------------------------------------------------------------<
ERPImporta.exe: 00004260: 01:30:21 [TUniServerModule]:Server First Init.
ERPImporta.exe: 00004260: 01:30:21 [TUniServerModule]:Start Path = D:\Projetos_WEB\ERP_Importa\
ERPImporta.exe: 00004260: 01:30:21 [TUniServerModule]:Debug Mode = ON
ERPImporta.exe: 00004260: 01:30:22 [TUniServerModule]:Starting HTTP Server on Port: 8077...
ERPImporta.exe: 00004260: 01:30:22 [TUniServerModule]:HTTP Server Started on Port: 8077
ERPImporta.exe: 000022FC: 01:32:00 []:>--------------------------------------------------------------<
ERPImporta.exe: 000022FC: 01:32:00 [TUniServerModule]:Server First Init.
ERPImporta.exe: 000022FC: 01:32:00 [TUniServerModule]:Start Path = D:\Projetos_WEB\ERP_Importa\
ERPImporta.exe: 000022FC: 01:32:00 [TUniServerModule]:Debug Mode = ON
ERPImporta.exe: 000022FC: 01:32:00 [TUniGUISessionManager]:Cache erase job created, Folder count: [1]
ERPImporta.exe: 000022FC: 01:32:00 [TUniServerModule]:Starting HTTP Server on Port: 8077...
ERPImporta.exe: 000022FC: 01:32:00 [TUniServerModule]:HTTP Server Started on Port: 8077
ERPImporta.exe: 0000192C: 01:32:45 []:>--------------------------------------------------------------<
ERPImporta.exe: 0000192C: 01:32:45 [TUniServerModule]:Server First Init.
ERPImporta.exe: 0000192C: 01:32:45 [TUniServerModule]:Start Path = D:\Projetos_WEB\ERP_Importa\
ERPImporta.exe: 0000192C: 01:32:45 [TUniServerModule]:Debug Mode = ON
ERPImporta.exe: 0000192C: 01:32:45 [TUniGUISessionManager]:Cache erase job created, Folder count: [1]
ERPImporta.exe: 0000192C: 01:32:45 [TUniServerModule]:Starting HTTP Server on Port: 8077...
ERPImporta.exe: 0000192C: 01:32:45 [TUniServerModule]:HTTP Server Started on Port: 8077
ERPImporta.exe: 00004028: 01:35:45 []:>--------------------------------------------------------------<
ERPImporta.exe: 00004028: 01:35:45 [TUniServerModule]:Server First Init.
ERPImporta.exe: 00004028: 01:35:45 [TUniServerModule]:Start Path = D:\Projetos_WEB\ERP_Importa\
ERPImporta.exe: 00004028: 01:35:45 [TUniServerModule]:Debug Mode = ON
ERPImporta.exe: 00004028: 01:35:45 [TUniServerModule]:Starting HTTP Server on Port: 8077...
ERPImporta.exe: 00004028: 01:35:45 [TUniServerModule]:HTTP Server Started on Port: 8077
ERPImporta.exe: 00002C9C: 01:37:03 []:>--------------------------------------------------------------<
ERPImporta.exe: 00002C9C: 01:37:03 [TUniServerModule]:Server First Init.
ERPImporta.exe: 00002C9C: 01:37:03 [TUniServerModule]:Start Path = D:\Projetos_WEB\ERP_Importa\
ERPImporta.exe: 00002C9C: 01:37:03 [TUniServerModule]:Debug Mode = ON
ERPImporta.exe: 00002C9C: 01:37:03 [TUniServerModule]:Starting HTTP Server on Port: 8077...
ERPImporta.exe: 00002C9C: 01:37:03 [TUniServerModule]:HTTP Server Started on Port: 8077
ERPImporta.exe: 00003BD4: 01:37:37 []:>--------------------------------------------------------------<
ERPImporta.exe: 00003BD4: 01:37:37 [TUniServerModule]:Server First Init.
ERPImporta.exe: 00003BD4: 01:37:37 [TUniServerModule]:Start Path = D:\Projetos_WEB\ERP_Importa\
ERPImporta.exe: 00003BD4: 01:37:37 [TUniServerModule]:Debug Mode = ON
ERPImporta.exe: 00003BD4: 01:37:37 [TUniGUISessionManager]:Cache erase job created, Folder count: [1]
ERPImporta.exe: 00003BD4: 01:37:37 [TUniServerModule]:Starting HTTP Server on Port: 8077...
ERPImporta.exe: 00003BD4: 01:37:37 [TUniServerModule]:HTTP Server Started on Port: 8077
ERPImporta.exe: 00003AF4: 01:38:33 []:>--------------------------------------------------------------<
ERPImporta.exe: 00003AF4: 01:38:33 [TUniServerModule]:Server First Init.
ERPImporta.exe: 00003AF4: 01:38:33 [TUniServerModule]:Start Path = D:\Projetos_WEB\ERP_Importa\
ERPImporta.exe: 00003AF4: 01:38:33 [TUniServerModule]:Debug Mode = ON
ERPImporta.exe: 00003AF4: 01:38:33 [TUniGUISessionManager]:Cache erase job created, Folder count: [1]
ERPImporta.exe: 00003AF4: 01:38:34 [TUniServerModule]:Starting HTTP Server on Port: 8077...
ERPImporta.exe: 00003AF4: 01:38:34 [TUniServerModule]:HTTP Server Started on Port: 8077
ERPImporta.exe: 000042BC: 01:39:30 []:>--------------------------------------------------------------<
ERPImporta.exe: 000042BC: 01:39:30 [TUniServerModule]:Server First Init.
ERPImporta.exe: 000042BC: 01:39:30 [TUniServerModule]:Start Path = D:\Projetos_WEB\ERP_Importa\
ERPImporta.exe: 000042BC: 01:39:30 [TUniServerModule]:Debug Mode = ON
ERPImporta.exe: 000042BC: 01:39:30 [TUniGUISessionManager]:Cache erase job created, Folder count: [1]
ERPImporta.exe: 000042BC: 01:39:30 [TUniServerModule]:Starting HTTP Server on Port: 8077...
ERPImporta.exe: 000042BC: 01:39:30 [TUniServerModule]:HTTP Server Started on Port: 8077
ERPImporta.exe: 00003D70: 01:40:25 []:>--------------------------------------------------------------<
ERPImporta.exe: 00003D70: 01:40:25 [TUniServerModule]:Server First Init.
ERPImporta.exe: 00003D70: 01:40:25 [TUniServerModule]:Start Path = D:\Projetos_WEB\ERP_Importa\
ERPImporta.exe: 00003D70: 01:40:25 [TUniServerModule]:Debug Mode = ON
ERPImporta.exe: 00003D70: 01:40:25 [TUniGUISessionManager]:Cache erase job created, Folder count: [1]
ERPImporta.exe: 00003D70: 01:40:26 [TUniServerModule]:Starting HTTP Server on Port: 8077...
ERPImporta.exe: 00003D70: 01:40:26 [TUniServerModule]:HTTP Server Started on Port: 8077
ERPImporta.exe: 00000740: 01:40:57 []:>--------------------------------------------------------------<
ERPImporta.exe: 00000740: 01:40:57 [TUniServerModule]:Server First Init.
ERPImporta.exe: 00000740: 01:40:57 [TUniServerModule]:Start Path = D:\Projetos_WEB\ERP_Importa\
ERPImporta.exe: 00000740: 01:40:57 [TUniServerModule]:Debug Mode = ON
ERPImporta.exe: 00000740: 01:40:57 [TUniGUISessionManager]:Cache erase job created, Folder count: [1]
ERPImporta.exe: 00000740: 01:40:57 [TUniServerModule]:Starting HTTP Server on Port: 8077...
ERPImporta.exe: 00000740: 01:40:57 [TUniServerModule]:HTTP Server Started on Port: 8077
ERPImporta.exe: 000040B4: 01:41:26 []:>--------------------------------------------------------------<
ERPImporta.exe: 000040B4: 01:41:26 [TUniServerModule]:Server First Init.
ERPImporta.exe: 000040B4: 01:41:26 [TUniServerModule]:Start Path = D:\Projetos_WEB\ERP_Importa\
ERPImporta.exe: 000040B4: 01:41:26 [TUniServerModule]:Debug Mode = ON
ERPImporta.exe: 000040B4: 01:41:26 [TUniServerModule]:Starting HTTP Server on Port: 8077...
ERPImporta.exe: 000040B4: 01:41:26 [TUniServerModule]:HTTP Server Started on Port: 8077
ERPImporta.exe: 00003454: 01:49:19 []:>--------------------------------------------------------------<
ERPImporta.exe: 00003454: 01:49:19 [TUniServerModule]:Server First Init.
ERPImporta.exe: 00003454: 01:49:19 [TUniServerModule]:Start Path = D:\Projetos_WEB\ERP_Importa\
ERPImporta.exe: 00003454: 01:49:19 [TUniServerModule]:Debug Mode = ON
ERPImporta.exe: 00003454: 01:49:19 [TUniServerModule]:Starting HTTP Server on Port: 8077...
ERPImporta.exe: 00003454: 01:49:19 [TUniServerModule]:HTTP Server Started on Port: 8077
ERPImporta.exe: 00001814: 01:49:45 []:>--------------------------------------------------------------<
ERPImporta.exe: 00001814: 01:49:45 [TUniServerModule]:Server First Init.
ERPImporta.exe: 00001814: 01:49:45 [TUniServerModule]:Start Path = D:\Projetos_WEB\ERP_Importa\
ERPImporta.exe: 00001814: 01:49:45 [TUniServerModule]:Debug Mode = ON
ERPImporta.exe: 00001814: 01:49:45 [TUniGUISessionManager]:Cache erase job created, Folder count: [1]
ERPImporta.exe: 00001814: 01:49:45 [TUniServerModule]:Starting HTTP Server on Port: 8077...
ERPImporta.exe: 00001814: 01:49:45 [TUniServerModule]:HTTP Server Started on Port: 8077
ERPImporta.exe: 00003EEC: 01:51:26 []:>--------------------------------------------------------------<
ERPImporta.exe: 00003EEC: 01:51:26 [TUniServerModule]:Server First Init.
ERPImporta.exe: 00003EEC: 01:51:26 [TUniServerModule]:Start Path = D:\Projetos_WEB\ERP_Importa\
ERPImporta.exe: 00003EEC: 01:51:26 [TUniServerModule]:Debug Mode = ON
ERPImporta.exe: 00003EEC: 01:51:26 [TUniGUISessionManager]:Cache erase job created, Folder count: [1]
ERPImporta.exe: 00003EEC: 01:51:26 [TUniServerModule]:Starting HTTP Server on Port: 8077...
ERPImporta.exe: 00003EEC: 01:51:26 [TUniServerModule]:HTTP Server Started on Port: 8077
ERPImporta.exe: 000023F8: 01:53:29 []:>--------------------------------------------------------------<
ERPImporta.exe: 000023F8: 01:53:29 [TUniServerModule]:Server First Init.
ERPImporta.exe: 000023F8: 01:53:30 [TUniServerModule]:Start Path = D:\Projetos_WEB\ERP_Importa\
ERPImporta.exe: 000023F8: 01:53:30 [TUniServerModule]:Debug Mode = ON
ERPImporta.exe: 000023F8: 01:53:30 [TUniServerModule]:Starting HTTP Server on Port: 8077...
ERPImporta.exe: 000023F8: 01:53:30 [TUniServerModule]:HTTP Server Started on Port: 8077
ERPImporta.exe: 0000402C: 01:54:21 []:>--------------------------------------------------------------<
ERPImporta.exe: 0000402C: 01:54:21 [TUniServerModule]:Server First Init.
ERPImporta.exe: 0000402C: 01:54:21 [TUniServerModule]:Start Path = D:\Projetos_WEB\ERP_Importa\
ERPImporta.exe: 0000402C: 01:54:22 [TUniServerModule]:Debug Mode = ON
ERPImporta.exe: 0000402C: 01:54:22 [TUniServerModule]:Starting HTTP Server on Port: 8077...
ERPImporta.exe: 0000402C: 01:54:22 [TUniServerModule]:HTTP Server Started on Port: 8077
ERPImporta.exe: 00002DA8: 01:55:04 []:>--------------------------------------------------------------<
ERPImporta.exe: 00002DA8: 01:55:04 [TUniServerModule]:Server First Init.
ERPImporta.exe: 00002DA8: 01:55:04 [TUniServerModule]:Start Path = D:\Projetos_WEB\ERP_Importa\
ERPImporta.exe: 00002DA8: 01:55:04 [TUniServerModule]:Debug Mode = ON
ERPImporta.exe: 00002DA8: 01:55:04 [TUniServerModule]:Starting HTTP Server on Port: 8077...
ERPImporta.exe: 00002DA8: 01:55:04 [TUniServerModule]:HTTP Server Started on Port: 8077
ERPImporta.exe: 000041D0: 01:55:50 []:>--------------------------------------------------------------<
ERPImporta.exe: 000041D0: 01:55:50 [TUniServerModule]:Server First Init.
ERPImporta.exe: 000041D0: 01:55:50 [TUniServerModule]:Start Path = D:\Projetos_WEB\ERP_Importa\
ERPImporta.exe: 000041D0: 01:55:50 [TUniServerModule]:Debug Mode = ON
ERPImporta.exe: 000041D0: 01:55:50 [TUniServerModule]:Starting HTTP Server on Port: 8077...
ERPImporta.exe: 000041D0: 01:55:50 [TUniServerModule]:HTTP Server Started on Port: 8077
ERPImporta.exe: 00000654: 01:56:48 []:>--------------------------------------------------------------<
ERPImporta.exe: 00000654: 01:56:48 [TUniServerModule]:Server First Init.
ERPImporta.exe: 00000654: 01:56:48 [TUniServerModule]:Start Path = D:\Projetos_WEB\ERP_Importa\
ERPImporta.exe: 00000654: 01:56:48 [TUniServerModule]:Debug Mode = ON
ERPImporta.exe: 00000654: 01:56:48 [TUniGUISessionManager]:Cache erase job created, Folder count: [1]
ERPImporta.exe: 00000654: 01:56:49 [TUniServerModule]:Starting HTTP Server on Port: 8077...
ERPImporta.exe: 00000654: 01:56:49 [TUniServerModule]:HTTP Server Started on Port: 8077
ERPImporta.exe: 000014A8: 01:57:33 []:>--------------------------------------------------------------<
ERPImporta.exe: 000014A8: 01:57:33 [TUniServerModule]:Server First Init.
ERPImporta.exe: 000014A8: 01:57:33 [TUniServerModule]:Start Path = D:\Projetos_WEB\ERP_Importa\
ERPImporta.exe: 000014A8: 01:57:33 [TUniServerModule]:Debug Mode = ON
ERPImporta.exe: 000014A8: 01:57:33 [TUniGUISessionManager]:Cache erase job created, Folder count: [1]
ERPImporta.exe: 000014A8: 01:57:33 [TUniServerModule]:Starting HTTP Server on Port: 8077...
ERPImporta.exe: 000014A8: 01:57:33 [TUniServerModule]:HTTP Server Started on Port: 8077
ERPImporta.exe: 0000421C: 01:58:11 []:>--------------------------------------------------------------<
ERPImporta.exe: 0000421C: 01:58:11 [TUniServerModule]:Server First Init.
ERPImporta.exe: 0000421C: 01:58:11 [TUniServerModule]:Start Path = D:\Projetos_WEB\ERP_Importa\
ERPImporta.exe: 0000421C: 01:58:11 [TUniServerModule]:Debug Mode = ON
ERPImporta.exe: 0000421C: 01:58:11 [TUniServerModule]:Starting HTTP Server on Port: 8077...
ERPImporta.exe: 0000421C: 01:58:11 [TUniServerModule]:HTTP Server Started on Port: 8077
ERPImporta.exe: 00003C7C: 02:00:46 []:>--------------------------------------------------------------<
ERPImporta.exe: 00003C7C: 02:00:46 [TUniServerModule]:Server First Init.
ERPImporta.exe: 00003C7C: 02:00:46 [TUniServerModule]:Start Path = D:\Projetos_WEB\ERP_Importa\
ERPImporta.exe: 00003C7C: 02:00:46 [TUniServerModule]:Debug Mode = ON
ERPImporta.exe: 00003C7C: 02:00:46 [TUniServerModule]:Starting HTTP Server on Port: 8077...
ERPImporta.exe: 00003C7C: 02:00:46 [TUniServerModule]:HTTP Server Started on Port: 8077
ERPImporta.exe: 00003F8C: 02:02:13 []:>--------------------------------------------------------------<
ERPImporta.exe: 00003F8C: 02:02:13 [TUniServerModule]:Server First Init.
ERPImporta.exe: 00003F8C: 02:02:13 [TUniServerModule]:Start Path = D:\Projetos_WEB\ERP_Importa\
ERPImporta.exe: 00003F8C: 02:02:13 [TUniServerModule]:Debug Mode = ON
ERPImporta.exe: 00003F8C: 02:02:14 [TUniServerModule]:Starting HTTP Server on Port: 8077...
ERPImporta.exe: 00003F8C: 02:02:14 [TUniServerModule]:HTTP Server Started on Port: 8077
ERPImporta.exe: 00000F04: 02:02:53 []:>--------------------------------------------------------------<
ERPImporta.exe: 00000F04: 02:02:53 [TUniServerModule]:Server First Init.
ERPImporta.exe: 00000F04: 02:02:53 [TUniServerModule]:Start Path = D:\Projetos_WEB\ERP_Importa\
ERPImporta.exe: 00000F04: 02:02:53 [TUniServerModule]:Debug Mode = ON
ERPImporta.exe: 00000F04: 02:02:53 [TUniGUISessionManager]:Cache erase job created, Folder count: [1]
ERPImporta.exe: 00000F04: 02:02:53 [TUniServerModule]:Starting HTTP Server on Port: 8077...
ERPImporta.exe: 00000F04: 02:02:53 [TUniServerModule]:HTTP Server Started on Port: 8077
ERPImporta.exe: 00000ACC: 02:03:16 []:>--------------------------------------------------------------<
ERPImporta.exe: 00000ACC: 02:03:16 [TUniServerModule]:Server First Init.
ERPImporta.exe: 00000ACC: 02:03:16 [TUniServerModule]:Start Path = D:\Projetos_WEB\ERP_Importa\
ERPImporta.exe: 00000ACC: 02:03:16 [TUniServerModule]:Debug Mode = ON
ERPImporta.exe: 00000ACC: 02:03:16 [TUniGUISessionManager]:Cache erase job created, Folder count: [1]
ERPImporta.exe: 00000ACC: 02:03:16 [TUniServerModule]:Starting HTTP Server on Port: 8077...
ERPImporta.exe: 00000ACC: 02:03:16 [TUniServerModule]:HTTP Server Started on Port: 8077
ERPImporta.exe: 000014D0: 02:05:58 []:>--------------------------------------------------------------<
ERPImporta.exe: 000014D0: 02:05:58 [TUniServerModule]:Server First Init.
ERPImporta.exe: 000014D0: 02:05:58 [TUniServerModule]:Start Path = D:\Projetos_WEB\ERP_Importa\
ERPImporta.exe: 000014D0: 02:05:58 [TUniServerModule]:Debug Mode = ON
ERPImporta.exe: 000014D0: 02:05:58 [TUniServerModule]:Starting HTTP Server on Port: 8077...
ERPImporta.exe: 000014D0: 02:05:58 [TUniServerModule]:HTTP Server Started on Port: 8077
ERPImporta.exe: 00004020: 02:06:41 []:>--------------------------------------------------------------<
ERPImporta.exe: 00004020: 02:06:41 [TUniServerModule]:Server First Init.
ERPImporta.exe: 00004020: 02:06:41 [TUniServerModule]:Start Path = D:\Projetos_WEB\ERP_Importa\
ERPImporta.exe: 00004020: 02:06:41 [TUniServerModule]:Debug Mode = ON
ERPImporta.exe: 00004020: 02:06:41 [TUniGUISessionManager]:Cache erase job created, Folder count: [1]
ERPImporta.exe: 00004020: 02:06:41 [TUniServerModule]:Starting HTTP Server on Port: 8077...
ERPImporta.exe: 00004020: 02:06:41 [TUniServerModule]:HTTP Server Started on Port: 8077
ERPImporta.exe: 000006EC: 02:07:31 []:>--------------------------------------------------------------<
ERPImporta.exe: 000006EC: 02:07:31 [TUniServerModule]:Server First Init.
ERPImporta.exe: 000006EC: 02:07:31 [TUniServerModule]:Start Path = D:\Projetos_WEB\ERP_Importa\
ERPImporta.exe: 000006EC: 02:07:31 [TUniServerModule]:Debug Mode = ON
ERPImporta.exe: 000006EC: 02:07:31 [TUniGUISessionManager]:Cache erase job created, Folder count: [1]
ERPImporta.exe: 000006EC: 02:07:31 [TUniServerModule]:Starting HTTP Server on Port: 8077...
ERPImporta.exe: 000006EC: 02:07:31 [TUniServerModule]:HTTP Server Started on Port: 8077
ERPImporta.exe: 00003F70: 02:08:13 []:>--------------------------------------------------------------<
ERPImporta.exe: 00003F70: 02:08:13 [TUniServerModule]:Server First Init.
ERPImporta.exe: 00003F70: 02:08:13 [TUniServerModule]:Start Path = D:\Projetos_WEB\ERP_Importa\
ERPImporta.exe: 00003F70: 02:08:13 [TUniServerModule]:Debug Mode = ON
ERPImporta.exe: 00003F70: 02:08:13 [TUniGUISessionManager]:Cache erase job created, Folder count: [1]
ERPImporta.exe: 00003F70: 02:08:13 [TUniServerModule]:Starting HTTP Server on Port: 8077...
ERPImporta.exe: 00003F70: 02:08:13 [TUniServerModule]:HTTP Server Started on Port: 8077
ERPImporta.exe: 000006D4: 02:08:52 []:>--------------------------------------------------------------<
ERPImporta.exe: 000006D4: 02:08:52 [TUniServerModule]:Server First Init.
ERPImporta.exe: 000006D4: 02:08:52 [TUniServerModule]:Start Path = D:\Projetos_WEB\ERP_Importa\
ERPImporta.exe: 000006D4: 02:08:52 [TUniServerModule]:Debug Mode = ON
ERPImporta.exe: 000006D4: 02:08:52 [TUniGUISessionManager]:Cache erase job created, Folder count: [1]
ERPImporta.exe: 000006D4: 02:08:53 [TUniServerModule]:Starting HTTP Server on Port: 8077...
ERPImporta.exe: 000006D4: 02:08:53 [TUniServerModule]:HTTP Server Started on Port: 8077
ERPImporta.exe: 00003B00: 02:15:41 []:>--------------------------------------------------------------<
ERPImporta.exe: 00003B00: 02:15:41 [TUniServerModule]:Server First Init.
ERPImporta.exe: 00003B00: 02:15:41 [TUniServerModule]:Start Path = D:\Projetos_WEB\ERP_Importa\
ERPImporta.exe: 00003B00: 02:15:41 [TUniServerModule]:Debug Mode = ON
ERPImporta.exe: 00003B00: 02:15:41 [TUniServerModule]:Starting HTTP Server on Port: 8077...
ERPImporta.exe: 00003B00: 02:15:41 [TUniServerModule]:HTTP Server Started on Port: 8077
ERPImporta.exe: 0000016C: 02:17:57 []:>--------------------------------------------------------------<
ERPImporta.exe: 0000016C: 02:17:57 [TUniServerModule]:Server First Init.
ERPImporta.exe: 0000016C: 02:17:57 [TUniServerModule]:Start Path = D:\Projetos_WEB\ERP_Importa\
ERPImporta.exe: 0000016C: 02:17:57 [TUniServerModule]:Debug Mode = ON
ERPImporta.exe: 0000016C: 02:17:57 [TUniGUISessionManager]:Cache erase job created, Folder count: [1]
ERPImporta.exe: 0000016C: 02:17:57 [TUniServerModule]:Starting HTTP Server on Port: 8077...
ERPImporta.exe: 0000016C: 02:17:57 [TUniServerModule]:HTTP Server Started on Port: 8077
ERPImporta.exe: 00000CEC: 02:22:49 []:>--------------------------------------------------------------<
ERPImporta.exe: 00000CEC: 02:22:49 [TUniServerModule]:Server First Init.
ERPImporta.exe: 00000CEC: 02:22:49 [TUniServerModule]:Start Path = D:\Projetos_WEB\ERP_Importa\
ERPImporta.exe: 00000CEC: 02:22:49 [TUniServerModule]:Debug Mode = ON
ERPImporta.exe: 00000CEC: 02:22:49 [TUniGUISessionManager]:Cache erase job created, Folder count: [1]
ERPImporta.exe: 00000CEC: 02:22:49 [TUniServerModule]:Starting HTTP Server on Port: 8077...
ERPImporta.exe: 00000CEC: 02:22:49 [TUniServerModule]:HTTP Server Started on Port: 8077
ERPImporta.exe: 00003C58: 02:23:25 []:>--------------------------------------------------------------<
ERPImporta.exe: 00003C58: 02:23:25 [TUniServerModule]:Server First Init.
ERPImporta.exe: 00003C58: 02:23:25 [TUniServerModule]:Start Path = D:\Projetos_WEB\ERP_Importa\
ERPImporta.exe: 00003C58: 02:23:25 [TUniServerModule]:Debug Mode = ON
ERPImporta.exe: 00003C58: 02:23:25 [TUniGUISessionManager]:Cache erase job created, Folder count: [1]
ERPImporta.exe: 00003C58: 02:23:26 [TUniServerModule]:Starting HTTP Server on Port: 8077...
ERPImporta.exe: 00003C58: 02:23:26 [TUniServerModule]:HTTP Server Started on Port: 8077
ERPImporta.exe: 00003F54: 02:23:47 [127.0.0.1]:EMSSQLNativeException : [FireDAC][Phys][ODBC][Microsoft][SQL Server Native Client 11.0][SQL Server]Invalid column name 'Calculave'. : Addr: $008E1C75
ERPImporta.exe: 000039D4: 02:24:09 []:>--------------------------------------------------------------<
ERPImporta.exe: 000039D4: 02:24:09 [TUniServerModule]:Server First Init.
ERPImporta.exe: 000039D4: 02:24:09 [TUniServerModule]:Start Path = D:\Projetos_WEB\ERP_Importa\
ERPImporta.exe: 000039D4: 02:24:09 [TUniServerModule]:Debug Mode = ON
ERPImporta.exe: 000039D4: 02:24:09 [TUniServerModule]:Starting HTTP Server on Port: 8077...
ERPImporta.exe: 000039D4: 02:24:09 [TUniServerModule]:HTTP Server Started on Port: 8077
ERPImporta.exe: 00001144: 02:26:32 []:>--------------------------------------------------------------<
ERPImporta.exe: 00001144: 02:26:32 [TUniServerModule]:Server First Init.
ERPImporta.exe: 00001144: 02:26:32 [TUniServerModule]:Start Path = D:\Projetos_WEB\ERP_Importa\
ERPImporta.exe: 00001144: 02:26:32 [TUniServerModule]:Debug Mode = ON
ERPImporta.exe: 00001144: 02:26:32 [TUniGUISessionManager]:Cache erase job created, Folder count: [1]
ERPImporta.exe: 00001144: 02:26:33 [TUniServerModule]:Starting HTTP Server on Port: 8077...
ERPImporta.exe: 00001144: 02:26:33 [TUniServerModule]:HTTP Server Started on Port: 8077
ERPImporta.exe: 000033DC: 02:27:27 []:>--------------------------------------------------------------<
ERPImporta.exe: 000033DC: 02:27:27 [TUniServerModule]:Server First Init.
ERPImporta.exe: 000033DC: 02:27:27 [TUniServerModule]:Start Path = D:\Projetos_WEB\ERP_Importa\
ERPImporta.exe: 000033DC: 02:27:27 [TUniServerModule]:Debug Mode = ON
ERPImporta.exe: 000033DC: 02:27:27 [TUniServerModule]:Starting HTTP Server on Port: 8077...
ERPImporta.exe: 000033DC: 02:27:27 [TUniServerModule]:HTTP Server Started on Port: 8077
ERPImporta.exe: 00003F14: 02:27:39 []:>--------------------------------------------------------------<
ERPImporta.exe: 00003F14: 02:27:39 [TUniServerModule]:Server First Init.
ERPImporta.exe: 00003F14: 02:27:39 [TUniServerModule]:Start Path = D:\Projetos_WEB\ERP_Importa\
ERPImporta.exe: 00003F14: 02:27:39 [TUniServerModule]:Debug Mode = ON
ERPImporta.exe: 00003F14: 02:27:39 [TUniGUISessionManager]:Cache erase job created, Folder count: [1]
ERPImporta.exe: 00003F14: 02:27:40 [TUniServerModule]:Starting HTTP Server on Port: 8077...
ERPImporta.exe: 00003F14: 02:27:40 [TUniServerModule]:HTTP Server Started on Port: 8077
ERPImporta.exe: 00003D14: 02:29:09 [127.0.0.1]:EUniSessionException : Sessão inváilda ou tempo da sessão expirado. (Session not found: wEnAMVyV3f1106F80E1 ) : Addr: $007D0ED0
ERPImporta.exe: 0000100C: 02:29:31 []:>--------------------------------------------------------------<
ERPImporta.exe: 0000100C: 02:29:31 [TUniServerModule]:Server First Init.
ERPImporta.exe: 0000100C: 02:29:31 [TUniServerModule]:Start Path = D:\Projetos_WEB\ERP_Importa\
ERPImporta.exe: 0000100C: 02:29:31 [TUniServerModule]:Debug Mode = ON
ERPImporta.exe: 0000100C: 02:29:31 [TUniServerModule]:Starting HTTP Server on Port: 8077...
ERPImporta.exe: 0000100C: 02:29:31 [TUniServerModule]:HTTP Server Started on Port: 8077
ERPImporta.exe: 00003C30: 02:29:54 []:>--------------------------------------------------------------<
ERPImporta.exe: 00003C30: 02:29:54 [TUniServerModule]:Server First Init.
ERPImporta.exe: 00003C30: 02:29:54 [TUniServerModule]:Start Path = D:\Projetos_WEB\ERP_Importa\
ERPImporta.exe: 00003C30: 02:29:54 [TUniServerModule]:Debug Mode = ON
ERPImporta.exe: 00003C30: 02:29:54 [TUniServerModule]:Starting HTTP Server on Port: 8077...
ERPImporta.exe: 00003C30: 02:29:54 [TUniServerModule]:HTTP Server Started on Port: 8077
ERPImporta.exe: 00001BB8: 02:30:29 []:>--------------------------------------------------------------<
ERPImporta.exe: 00001BB8: 02:30:29 [TUniServerModule]:Server First Init.
ERPImporta.exe: 00001BB8: 02:30:29 [TUniServerModule]:Start Path = D:\Projetos_WEB\ERP_Importa\
ERPImporta.exe: 00001BB8: 02:30:29 [TUniServerModule]:Debug Mode = ON
ERPImporta.exe: 00001BB8: 02:30:29 [TUniGUISessionManager]:Cache erase job created, Folder count: [1]
ERPImporta.exe: 00001BB8: 02:30:30 [TUniServerModule]:Starting HTTP Server on Port: 8077...
ERPImporta.exe: 00001BB8: 02:30:30 [TUniServerModule]:HTTP Server Started on Port: 8077
ERPImporta.exe: 00001B54: 02:31:39 []:>--------------------------------------------------------------<
ERPImporta.exe: 00001B54: 02:31:39 [TUniServerModule]:Server First Init.
ERPImporta.exe: 00001B54: 02:31:39 [TUniServerModule]:Start Path = D:\Projetos_WEB\ERP_Importa\
ERPImporta.exe: 00001B54: 02:31:39 [TUniServerModule]:Debug Mode = ON
ERPImporta.exe: 00001B54: 02:31:39 [TUniServerModule]:Starting HTTP Server on Port: 8077...
ERPImporta.exe: 00001B54: 02:31:39 [TUniServerModule]:HTTP Server Started on Port: 8077
ERPImporta.exe: 00003AF8: 02:32:35 []:>--------------------------------------------------------------<
ERPImporta.exe: 00003AF8: 02:32:35 [TUniServerModule]:Server First Init.
ERPImporta.exe: 00003AF8: 02:32:35 [TUniServerModule]:Start Path = D:\Projetos_WEB\ERP_Importa\
ERPImporta.exe: 00003AF8: 02:32:35 [TUniServerModule]:Debug Mode = ON
ERPImporta.exe: 00003AF8: 02:32:35 [TUniGUISessionManager]:Cache erase job created, Folder count: [1]
ERPImporta.exe: 00003AF8: 02:32:35 [TUniServerModule]:Starting HTTP Server on Port: 8077...
ERPImporta.exe: 00003AF8: 02:32:35 [TUniServerModule]:HTTP Server Started on Port: 8077
ERPImporta.exe: 000030D0: 02:34:11 []:>--------------------------------------------------------------<
ERPImporta.exe: 000030D0: 02:34:11 [TUniServerModule]:Server First Init.
ERPImporta.exe: 000030D0: 02:34:11 [TUniServerModule]:Start Path = D:\Projetos_WEB\ERP_Importa\
ERPImporta.exe: 000030D0: 02:34:11 [TUniServerModule]:Debug Mode = ON
ERPImporta.exe: 000030D0: 02:34:11 [TUniGUISessionManager]:Cache erase job created, Folder count: [1]
ERPImporta.exe: 000030D0: 02:34:11 [TUniServerModule]:Starting HTTP Server on Port: 8077...
ERPImporta.exe: 000030D0: 02:34:11 [TUniServerModule]:HTTP Server Started on Port: 8077
ERPImporta.exe: 000031D8: 02:34:50 []:>--------------------------------------------------------------<
ERPImporta.exe: 000031D8: 02:34:50 [TUniServerModule]:Server First Init.
ERPImporta.exe: 000031D8: 02:34:50 [TUniServerModule]:Start Path = D:\Projetos_WEB\ERP_Importa\
ERPImporta.exe: 000031D8: 02:34:50 [TUniServerModule]:Debug Mode = ON
ERPImporta.exe: 000031D8: 02:34:50 [TUniGUISessionManager]:Cache erase job created, Folder count: [1]
ERPImporta.exe: 000031D8: 02:34:50 [TUniServerModule]:Starting HTTP Server on Port: 8077...
ERPImporta.exe: 000031D8: 02:34:50 [TUniServerModule]:HTTP Server Started on Port: 8077
ERPImporta.exe: 000040EC: 02:36:53 []:>--------------------------------------------------------------<
ERPImporta.exe: 000040EC: 02:36:53 [TUniServerModule]:Server First Init.
ERPImporta.exe: 000040EC: 02:36:53 [TUniServerModule]:Start Path = D:\Projetos_WEB\ERP_Importa\
ERPImporta.exe: 000040EC: 02:36:53 [TUniServerModule]:Debug Mode = ON
ERPImporta.exe: 000040EC: 02:36:53 [TUniServerModule]:Starting HTTP Server on Port: 8077...
ERPImporta.exe: 000040EC: 02:36:53 [TUniServerModule]:HTTP Server Started on Port: 8077
ERPImporta.exe: 00003910: 02:37:46 []:>--------------------------------------------------------------<
ERPImporta.exe: 00003910: 02:37:46 [TUniServerModule]:Server First Init.
ERPImporta.exe: 00003910: 02:37:46 [TUniServerModule]:Start Path = D:\Projetos_WEB\ERP_Importa\
ERPImporta.exe: 00003910: 02:37:46 [TUniServerModule]:Debug Mode = ON
ERPImporta.exe: 00003910: 02:37:46 [TUniGUISessionManager]:Cache erase job created, Folder count: [1]
ERPImporta.exe: 00003910: 02:37:46 [TUniServerModule]:Starting HTTP Server on Port: 8077...
ERPImporta.exe: 00003910: 02:37:46 [TUniServerModule]:HTTP Server Started on Port: 8077
ERPImporta.exe: 00004128: 02:43:03 []:>--------------------------------------------------------------<
ERPImporta.exe: 00004128: 02:43:03 [TUniServerModule]:Server First Init.
ERPImporta.exe: 00004128: 02:43:03 [TUniServerModule]:Start Path = D:\Projetos_WEB\ERP_Importa\
ERPImporta.exe: 00004128: 02:43:03 [TUniServerModule]:Debug Mode = ON
ERPImporta.exe: 00004128: 02:43:03 [TUniGUISessionManager]:Cache erase job created, Folder count: [1]
ERPImporta.exe: 00004128: 02:43:03 [TUniServerModule]:Starting HTTP Server on Port: 8077...
ERPImporta.exe: 00004128: 02:43:03 [TUniServerModule]:HTTP Server Started on Port: 8077
ERPImporta.exe: 00000CA0: 12:16:59 []:>--------------------------------------------------------------<
ERPImporta.exe: 00000CA0: 12:16:59 [TUniServerModule]:Server First Init.
ERPImporta.exe: 00000CA0: 12:16:59 [TUniServerModule]:Start Path = D:\Projetos_WEB\ERP_Importa\
ERPImporta.exe: 00000CA0: 12:16:59 [TUniServerModule]:Debug Mode = ON
ERPImporta.exe: 00000CA0: 12:16:59 [TUniGUISessionManager]:Cache erase job created, Folder count: [1]
ERPImporta.exe: 00000CA0: 12:16:59 [TUniServerModule]:Starting HTTP Server on Port: 8077...
ERPImporta.exe: 00000CA0: 12:16:59 [TUniServerModule]:HTTP Server Started on Port: 8077
ERPImporta.exe: 00003878: 12:20:47 []:>--------------------------------------------------------------<
ERPImporta.exe: 00003878: 12:20:47 [TUniServerModule]:Server First Init.
ERPImporta.exe: 00003878: 12:20:47 [TUniServerModule]:Start Path = D:\Projetos_WEB\ERP_Importa\
ERPImporta.exe: 00003878: 12:20:47 [TUniServerModule]:Debug Mode = ON
ERPImporta.exe: 00003878: 12:20:47 [TUniGUISessionManager]:Cache erase job created, Folder count: [1]
ERPImporta.exe: 00003878: 12:20:47 [TUniServerModule]:Starting HTTP Server on Port: 8077...
ERPImporta.exe: 00003878: 12:20:47 [TUniServerModule]:HTTP Server Started on Port: 8077
ERPImporta.exe: 00003708: 12:22:34 [127.0.0.1]:EDatabaseError : tCampos: Dataset not in edit or insert mode : Addr: $00657A3A
ERPImporta.exe: 00001CA4: 12:23:35 []:>--------------------------------------------------------------<
ERPImporta.exe: 00001CA4: 12:23:35 [TUniServerModule]:Server First Init.
ERPImporta.exe: 00001CA4: 12:23:35 [TUniServerModule]:Start Path = D:\Projetos_WEB\ERP_Importa\
ERPImporta.exe: 00001CA4: 12:23:35 [TUniServerModule]:Debug Mode = ON
ERPImporta.exe: 00001CA4: 12:23:35 [TUniServerModule]:Starting HTTP Server on Port: 8077...
ERPImporta.exe: 00001CA4: 12:23:36 [TUniServerModule]:HTTP Server Started on Port: 8077
ERPImporta.exe: 000025AC: 12:28:06 []:>--------------------------------------------------------------<
ERPImporta.exe: 000025AC: 12:28:06 [TUniServerModule]:Server First Init.
ERPImporta.exe: 000025AC: 12:28:06 [TUniServerModule]:Start Path = D:\Projetos_WEB\ERP_Importa\
ERPImporta.exe: 000025AC: 12:28:06 [TUniServerModule]:Debug Mode = ON
ERPImporta.exe: 000025AC: 12:28:06 [TUniServerModule]:Starting HTTP Server on Port: 8077...
ERPImporta.exe: 000025AC: 12:28:06 [TUniServerModule]:HTTP Server Started on Port: 8077
ERPImporta.exe: 00002E24: 12:28:47 [127.0.0.1]:EDatabaseError : tCampos: Dataset not in edit or insert mode : Addr: $00657A3A
ERPImporta.exe: 00002E24: 12:29:57 [127.0.0.1]:EDatabaseError : tCampos: Dataset not in edit or insert mode : Addr: $00657A3A
ERPImporta.exe: 00003948: 12:30:30 []:>--------------------------------------------------------------<
ERPImporta.exe: 00003948: 12:30:30 [TUniServerModule]:Server First Init.
ERPImporta.exe: 00003948: 12:30:30 [TUniServerModule]:Start Path = D:\Projetos_WEB\ERP_Importa\
ERPImporta.exe: 00003948: 12:30:30 [TUniServerModule]:Debug Mode = ON
ERPImporta.exe: 00003948: 12:30:30 [TUniGUISessionManager]:Cache erase job created, Folder count: [1]
ERPImporta.exe: 00003948: 12:30:30 [TUniServerModule]:Starting HTTP Server on Port: 8077...
ERPImporta.exe: 00003948: 12:30:30 [TUniServerModule]:HTTP Server Started on Port: 8077
ERPImporta.exe: 00003160: 12:31:27 [127.0.0.1]:EUniSessionException : Sessão inváilda ou tempo da sessão expirado. (Session not found: 4lNX5ttV4B1107023D1 ) : Addr: $007D0ED0
ERPImporta.exe: 0000303C: 12:33:32 []:>--------------------------------------------------------------<
ERPImporta.exe: 0000303C: 12:33:32 [TUniServerModule]:Server First Init.
ERPImporta.exe: 0000303C: 12:33:32 [TUniServerModule]:Start Path = D:\Projetos_WEB\ERP_Importa\
ERPImporta.exe: 0000303C: 12:33:33 [TUniServerModule]:Debug Mode = ON
ERPImporta.exe: 0000303C: 12:33:33 [TUniServerModule]:Starting HTTP Server on Port: 8077...
ERPImporta.exe: 0000303C: 12:33:33 [TUniServerModule]:HTTP Server Started on Port: 8077
ERPImporta.exe: 0000299C: 14:00:35 []:>--------------------------------------------------------------<
ERPImporta.exe: 0000299C: 14:00:35 [TUniServerModule]:Server First Init.
ERPImporta.exe: 0000299C: 14:00:35 [TUniServerModule]:Start Path = D:\Projetos_WEB\ERP_Importa\
ERPImporta.exe: 0000299C: 14:00:35 [TUniServerModule]:Debug Mode = ON
ERPImporta.exe: 0000299C: 14:00:35 [TUniServerModule]:Starting HTTP Server on Port: 8077...
ERPImporta.exe: 0000299C: 14:00:35 [TUniServerModule]:HTTP Server Started on Port: 8077
ERPImporta.exe: 00002B04: 14:06:25 []:>--------------------------------------------------------------<
ERPImporta.exe: 00002B04: 14:06:25 [TUniServerModule]:Server First Init.
ERPImporta.exe: 00002B04: 14:06:25 [TUniServerModule]:Start Path = D:\Projetos_WEB\ERP_Importa\
ERPImporta.exe: 00002B04: 14:06:25 [TUniServerModule]:Debug Mode = ON
ERPImporta.exe: 00002B04: 14:06:25 [TUniGUISessionManager]:Cache erase job created, Folder count: [1]
ERPImporta.exe: 00002B04: 14:06:26 [TUniServerModule]:Starting HTTP Server on Port: 8077...
ERPImporta.exe: 00002B04: 14:06:26 [TUniServerModule]:HTTP Server Started on Port: 8077
ERPImporta.exe: 00003CF8: 14:10:41 []:>--------------------------------------------------------------<
ERPImporta.exe: 00003CF8: 14:10:41 [TUniServerModule]:Server First Init.
ERPImporta.exe: 00003CF8: 14:10:41 [TUniServerModule]:Start Path = D:\Projetos_WEB\ERP_Importa\
ERPImporta.exe: 00003CF8: 14:10:41 [TUniServerModule]:Debug Mode = ON
ERPImporta.exe: 00003CF8: 14:10:41 [TUniServerModule]:Starting HTTP Server on Port: 8077...
ERPImporta.exe: 00003CF8: 14:10:41 [TUniServerModule]:HTTP Server Started on Port: 8077
ERPImporta.exe: 0000256C: 14:12:16 []:>--------------------------------------------------------------<
ERPImporta.exe: 0000256C: 14:12:16 [TUniServerModule]:Server First Init.
ERPImporta.exe: 0000256C: 14:12:16 [TUniServerModule]:Start Path = D:\Projetos_WEB\ERP_Importa\
ERPImporta.exe: 0000256C: 14:12:16 [TUniServerModule]:Debug Mode = ON
ERPImporta.exe: 0000256C: 14:12:17 [TUniServerModule]:Starting HTTP Server on Port: 8077...
ERPImporta.exe: 0000256C: 14:12:17 [TUniServerModule]:HTTP Server Started on Port: 8077
ERPImporta.exe: 00003F7C: 14:13:27 []:>--------------------------------------------------------------<
ERPImporta.exe: 00003F7C: 14:13:27 [TUniServerModule]:Server First Init.
ERPImporta.exe: 00003F7C: 14:13:28 [TUniServerModule]:Start Path = D:\Projetos_WEB\ERP_Importa\
ERPImporta.exe: 00003F7C: 14:13:28 [TUniServerModule]:Debug Mode = ON
ERPImporta.exe: 00003F7C: 14:13:28 [TUniServerModule]:Starting HTTP Server on Port: 8077...
ERPImporta.exe: 00003F7C: 14:13:28 [TUniServerModule]:HTTP Server Started on Port: 8077
ERPImporta.exe: 00002A30: 14:17:59 []:>--------------------------------------------------------------<
ERPImporta.exe: 00002A30: 14:17:59 [TUniServerModule]:Server First Init.
ERPImporta.exe: 00002A30: 14:17:59 [TUniServerModule]:Start Path = D:\Projetos_WEB\ERP_Importa\
ERPImporta.exe: 00002A30: 14:17:59 [TUniServerModule]:Debug Mode = ON
ERPImporta.exe: 00002A30: 14:17:59 [TUniGUISessionManager]:Cache erase job created, Folder count: [1]
ERPImporta.exe: 00002A30: 14:17:59 [TUniServerModule]:Starting HTTP Server on Port: 8077...
ERPImporta.exe: 00002A30: 14:17:59 [TUniServerModule]:HTTP Server Started on Port: 8077
ERPImporta.exe: 000030F8: 14:19:50 [127.0.0.1]:EUniSessionException : Sessão inváilda ou tempo da sessão expirado. (Session not found: R87LMZYvNg110704066 ) : Addr: $007D0ED0
ERPImporta.exe: 00003590: 14:21:15 []:>--------------------------------------------------------------<
ERPImporta.exe: 00003590: 14:21:15 [TUniServerModule]:Server First Init.
ERPImporta.exe: 00003590: 14:21:15 [TUniServerModule]:Start Path = D:\Projetos_WEB\ERP_Importa\
ERPImporta.exe: 00003590: 14:21:15 [TUniServerModule]:Debug Mode = ON
ERPImporta.exe: 00003590: 14:21:15 [TUniGUISessionManager]:Cache erase job created, Folder count: [1]
ERPImporta.exe: 00003590: 14:21:15 [TUniServerModule]:Starting HTTP Server on Port: 8077...
ERPImporta.exe: 00003590: 14:21:15 [TUniServerModule]:HTTP Server Started on Port: 8077
ERPImporta.exe: 00000538: 14:23:13 []:>--------------------------------------------------------------<
ERPImporta.exe: 00000538: 14:23:13 [TUniServerModule]:Server First Init.
ERPImporta.exe: 00000538: 14:23:13 [TUniServerModule]:Start Path = D:\Projetos_WEB\ERP_Importa\
ERPImporta.exe: 00000538: 14:23:13 [TUniServerModule]:Debug Mode = ON
ERPImporta.exe: 00000538: 14:23:13 [TUniGUISessionManager]:Cache erase job created, Folder count: [1]
ERPImporta.exe: 00000538: 14:23:13 [TUniServerModule]:Starting HTTP Server on Port: 8077...
ERPImporta.exe: 00000538: 14:23:13 [TUniServerModule]:HTTP Server Started on Port: 8077
ERPImporta.exe: 000027C0: 14:23:19 [127.0.0.1]:EUniSessionException : Sessão inváilda ou tempo da sessão expirado. (Session not found: tW382jtW4M110704282 ) : Addr: $007D0ED0
ERPImporta.exe: 00003080: 14:24:05 [127.0.0.1]:EDatabaseError : tFormulas: Field 'Formla' not found : Addr: $00657A3A
ERPImporta.exe: 0000370C: 14:24:25 []:>--------------------------------------------------------------<
ERPImporta.exe: 0000370C: 14:24:25 [TUniServerModule]:Server First Init.
ERPImporta.exe: 0000370C: 14:24:25 [TUniServerModule]:Start Path = D:\Projetos_WEB\ERP_Importa\
ERPImporta.exe: 0000370C: 14:24:25 [TUniServerModule]:Debug Mode = ON
ERPImporta.exe: 0000370C: 14:24:25 [TUniGUISessionManager]:Cache erase job created, Folder count: [1]
ERPImporta.exe: 0000370C: 14:24:25 [TUniServerModule]:Starting HTTP Server on Port: 8077...
ERPImporta.exe: 0000370C: 14:24:25 [TUniServerModule]:HTTP Server Started on Port: 8077
ERPImporta.exe: 000017CC: 14:24:26 [127.0.0.1]:EUniSessionException : Sessão inváilda ou tempo da sessão expirado. (Session not found: IQIrtbMs5E11070430B ) : Addr: $007D0ED0
ERPImporta.exe: 00003FB8: 14:24:27 [127.0.0.1]:EUniSessionException : Sessão inváilda ou tempo da sessão expirado. (Session not found: IQIrtbMs5E11070430B ) : Addr: $007D0ED0
ERPImporta.exe: 00003D74: 14:24:27 [127.0.0.1]:EUniSessionException : Sessão inváilda ou tempo da sessão expirado. (Session not found: IQIrtbMs5E11070430B ) : Addr: $007D0ED0
ERPImporta.exe: 000038D4: 14:24:27 [127.0.0.1]:EUniSessionException : Sessão inváilda ou tempo da sessão expirado. (Session not found: IQIrtbMs5E11070430B ) : Addr: $007D0ED0
ERPImporta.exe: 0000164C: 14:24:27 [127.0.0.1]:EUniSessionException : Sessão inváilda ou tempo da sessão expirado. (Session not found: IQIrtbMs5E11070430B ) : Addr: $007D0ED0
ERPImporta.exe: 00001134: 14:24:27 [127.0.0.1]:EUniSessionException : Sessão inváilda ou tempo da sessão expirado. (Session not found: IQIrtbMs5E11070430B ) : Addr: $007D0ED0
ERPImporta.exe: 000018EC: 14:24:27 [127.0.0.1]:EUniSessionException : Sessão inváilda ou tempo da sessão expirado. (Session not found: IQIrtbMs5E11070430B ) : Addr: $007D0ED0
ERPImporta.exe: 00000D68: 14:24:28 [127.0.0.1]:EUniSessionException : Sessão inváilda ou tempo da sessão expirado. (Session not found: IQIrtbMs5E11070430B ) : Addr: $007D0ED0
ERPImporta.exe: 000033B4: 14:26:38 []:>--------------------------------------------------------------<
ERPImporta.exe: 000033B4: 14:26:38 [TUniServerModule]:Server First Init.
ERPImporta.exe: 000033B4: 14:26:38 [TUniServerModule]:Start Path = D:\Projetos_WEB\ERP_Importa\
ERPImporta.exe: 000033B4: 14:26:38 [TUniServerModule]:Debug Mode = ON
ERPImporta.exe: 000033B4: 14:26:38 [TUniGUISessionManager]:Cache erase job created, Folder count: [1]
ERPImporta.exe: 000033B4: 14:26:38 [TUniServerModule]:Starting HTTP Server on Port: 8077...
ERPImporta.exe: 000033B4: 14:26:38 [TUniServerModule]:HTTP Server Started on Port: 8077
ERPImporta.exe: 000038B4: 14:27:55 []:>--------------------------------------------------------------<
ERPImporta.exe: 000038B4: 14:27:55 [TUniServerModule]:Server First Init.
ERPImporta.exe: 000038B4: 14:27:55 [TUniServerModule]:Start Path = D:\Projetos_WEB\ERP_Importa\
ERPImporta.exe: 000038B4: 14:27:55 [TUniServerModule]:Debug Mode = ON
ERPImporta.exe: 000038B4: 14:27:55 [TUniGUISessionManager]:Cache erase job created, Folder count: [1]
ERPImporta.exe: 000038B4: 14:27:55 [TUniServerModule]:Starting HTTP Server on Port: 8077...
ERPImporta.exe: 000038B4: 14:27:55 [TUniServerModule]:HTTP Server Started on Port: 8077
ERPImporta.exe: 000008B8: 14:29:43 []:>--------------------------------------------------------------<
ERPImporta.exe: 000008B8: 14:29:43 [TUniServerModule]:Server First Init.
ERPImporta.exe: 000008B8: 14:29:43 [TUniServerModule]:Start Path = D:\Projetos_WEB\ERP_Importa\
ERPImporta.exe: 000008B8: 14:29:43 [TUniServerModule]:Debug Mode = ON
ERPImporta.exe: 000008B8: 14:29:43 [TUniGUISessionManager]:Cache erase job created, Folder count: [1]
ERPImporta.exe: 000008B8: 14:29:43 [TUniServerModule]:Starting HTTP Server on Port: 8077...
ERPImporta.exe: 000008B8: 14:29:43 [TUniServerModule]:HTTP Server Started on Port: 8077
ERPImporta.exe: 00003230: 14:30:55 []:>--------------------------------------------------------------<
ERPImporta.exe: 00003230: 14:30:55 [TUniServerModule]:Server First Init.
ERPImporta.exe: 00003230: 14:30:55 [TUniServerModule]:Start Path = D:\Projetos_WEB\ERP_Importa\
ERPImporta.exe: 00003230: 14:30:55 [TUniServerModule]:Debug Mode = ON
ERPImporta.exe: 00003230: 14:30:55 [TUniGUISessionManager]:Cache erase job created, Folder count: [1]
ERPImporta.exe: 00003230: 14:30:55 [TUniServerModule]:Starting HTTP Server on Port: 8077...
ERPImporta.exe: 00003230: 14:30:55 [TUniServerModule]:HTTP Server Started on Port: 8077
ERPImporta.exe: 000026E4: 14:31:13 []:>--------------------------------------------------------------<
ERPImporta.exe: 000026E4: 14:31:13 [TUniServerModule]:Server First Init.
ERPImporta.exe: 000026E4: 14:31:13 [TUniServerModule]:Start Path = D:\Projetos_WEB\ERP_Importa\
ERPImporta.exe: 000026E4: 14:31:13 [TUniServerModule]:Debug Mode = ON
ERPImporta.exe: 000026E4: 14:31:13 [TUniGUISessionManager]:Cache erase job created, Folder count: [1]
ERPImporta.exe: 000026E4: 14:31:14 [TUniServerModule]:Starting HTTP Server on Port: 8077...
ERPImporta.exe: 000026E4: 14:31:14 [TUniServerModule]:HTTP Server Started on Port: 8077
ERPImporta.exe: 000017BC: 14:31:20 [127.0.0.1]:EUniSessionException : Sessão inváilda ou tempo da sessão expirado. (Session not found: ob8HzRsyCb1107044CE ) : Addr: $007D0ED0
ERPImporta.exe: 00003104: 14:31:21 [127.0.0.1]:EUniSessionException : Sessão inváilda ou tempo da sessão expirado. (Session not found: ieYFTFCZ4G110704521 ) : Addr: $007D0ED0
ERPImporta.exe: 00003E4C: 14:32:23 [127.0.0.1]:UniErrorException : Event:click, Object: O197 not found in session list. It could be timed out, refresh page and try again : Addr: $00000000
ERPImporta.exe: 00000974: 14:37:21 []:>--------------------------------------------------------------<
ERPImporta.exe: 00000974: 14:37:21 [TUniServerModule]:Server First Init.
ERPImporta.exe: 00000974: 14:37:21 [TUniServerModule]:Start Path = D:\Projetos_WEB\ERP_Importa\
ERPImporta.exe: 00000974: 14:37:21 [TUniServerModule]:Debug Mode = ON
ERPImporta.exe: 00000974: 14:37:21 [TUniGUISessionManager]:Cache erase job created, Folder count: [1]
ERPImporta.exe: 00000974: 14:37:21 [TUniServerModule]:Starting HTTP Server on Port: 8077...
ERPImporta.exe: 00000974: 14:37:21 [TUniServerModule]:HTTP Server Started on Port: 8077
ERPImporta.exe: 00001D58: 14:38:38 []:>--------------------------------------------------------------<
ERPImporta.exe: 00001D58: 14:38:38 [TUniServerModule]:Server First Init.
ERPImporta.exe: 00001D58: 14:38:38 [TUniServerModule]:Start Path = D:\Projetos_WEB\ERP_Importa\
ERPImporta.exe: 00001D58: 14:38:38 [TUniServerModule]:Debug Mode = ON
ERPImporta.exe: 00001D58: 14:38:38 [TUniGUISessionManager]:Cache erase job created, Folder count: [1]
ERPImporta.exe: 00001D58: 14:38:38 [TUniServerModule]:Starting HTTP Server on Port: 8077...
ERPImporta.exe: 00001D58: 14:38:38 [TUniServerModule]:HTTP Server Started on Port: 8077
ERPImporta.exe: 000028B4: 14:38:40 [127.0.0.1]:EUniSessionException : Sessão inváilda ou tempo da sessão expirado. (Session not found: d7asndY2HU1107046E1 ) : Addr: $007D0ED0
ERPImporta.exe: 00000BE4: 14:40:35 []:>--------------------------------------------------------------<
ERPImporta.exe: 00000BE4: 14:40:35 [TUniServerModule]:Server First Init.
ERPImporta.exe: 00000BE4: 14:40:35 [TUniServerModule]:Start Path = D:\Projetos_WEB\ERP_Importa\
ERPImporta.exe: 00000BE4: 14:40:35 [TUniServerModule]:Debug Mode = ON
ERPImporta.exe: 00000BE4: 14:40:35 [TUniGUISessionManager]:Cache erase job created, Folder count: [1]
ERPImporta.exe: 00000BE4: 14:40:35 [TUniServerModule]:Starting HTTP Server on Port: 8077...
ERPImporta.exe: 00000BE4: 14:40:35 [TUniServerModule]:HTTP Server Started on Port: 8077
ERPImporta.exe: 00003DD4: 15:00:28 []:>--------------------------------------------------------------<
ERPImporta.exe: 00003DD4: 15:00:28 [TUniServerModule]:Server First Init.
ERPImporta.exe: 00003DD4: 15:00:28 [TUniServerModule]:Start Path = D:\Projetos_WEB\ERP_Importa\
ERPImporta.exe: 00003DD4: 15:00:28 [TUniServerModule]:Debug Mode = ON
ERPImporta.exe: 00003DD4: 15:00:28 [TUniGUISessionManager]:Cache erase job created, Folder count: [1]
ERPImporta.exe: 00003DD4: 15:00:28 [TUniServerModule]:Starting HTTP Server on Port: 8077...
ERPImporta.exe: 00003DD4: 15:00:28 [TUniServerModule]:HTTP Server Started on Port: 8077
ERPImporta.exe: 00003FAC: 15:04:11 []:>--------------------------------------------------------------<
ERPImporta.exe: 00003FAC: 15:04:11 [TUniServerModule]:Server First Init.
ERPImporta.exe: 00003FAC: 15:04:11 [TUniServerModule]:Start Path = D:\Projetos_WEB\ERP_Importa\
ERPImporta.exe: 00003FAC: 15:04:11 [TUniServerModule]:Debug Mode = ON
ERPImporta.exe: 00003FAC: 15:04:11 [TUniGUISessionManager]:Cache erase job created, Folder count: [1]
ERPImporta.exe: 00003FAC: 15:04:11 [TUniServerModule]:Starting HTTP Server on Port: 8077...
ERPImporta.exe: 00003FAC: 15:04:11 [TUniServerModule]:HTTP Server Started on Port: 8077
ERPImporta.exe: 0000368C: 15:09:51 []:>--------------------------------------------------------------<
ERPImporta.exe: 0000368C: 15:09:51 [TUniServerModule]:Server First Init.
ERPImporta.exe: 0000368C: 15:09:51 [TUniServerModule]:Start Path = D:\Projetos_WEB\ERP_Importa\
ERPImporta.exe: 0000368C: 15:09:51 [TUniServerModule]:Debug Mode = ON
ERPImporta.exe: 0000368C: 15:09:51 [TUniServerModule]:Starting HTTP Server on Port: 8077...
ERPImporta.exe: 0000368C: 15:09:51 [TUniServerModule]:HTTP Server Started on Port: 8077
ERPImporta.exe: 00001F6C: 15:10:14 [127.0.0.1]:UniErrorException : Event:click, Object: O197 not found in session list. It could be timed out, refresh page and try again : Addr: $00000000
ERPImporta.exe: 0000298C: 15:11:07 []:>--------------------------------------------------------------<
ERPImporta.exe: 0000298C: 15:11:07 [TUniServerModule]:Server First Init.
ERPImporta.exe: 0000298C: 15:11:07 [TUniServerModule]:Start Path = D:\Projetos_WEB\ERP_Importa\
ERPImporta.exe: 0000298C: 15:11:07 [TUniServerModule]:Debug Mode = ON
ERPImporta.exe: 0000298C: 15:11:07 [TUniServerModule]:Starting HTTP Server on Port: 8077...
ERPImporta.exe: 0000298C: 15:11:07 [TUniServerModule]:HTTP Server Started on Port: 8077
ERPImporta.exe: 00003B64: 15:11:33 [127.0.0.1]:UniErrorException : Event:click, Object: O197 not found in session list. It could be timed out, refresh page and try again : Addr: $00000000
ERPImporta.exe: 00001850: 15:12:31 []:>--------------------------------------------------------------<
ERPImporta.exe: 00001850: 15:12:31 [TUniServerModule]:Server First Init.
ERPImporta.exe: 00001850: 15:12:31 [TUniServerModule]:Start Path = D:\Projetos_WEB\ERP_Importa\
ERPImporta.exe: 00001850: 15:12:31 [TUniServerModule]:Debug Mode = ON
ERPImporta.exe: 00001850: 15:12:32 [TUniServerModule]:Starting HTTP Server on Port: 8077...
ERPImporta.exe: 00001850: 15:12:32 [TUniServerModule]:HTTP Server Started on Port: 8077
ERPImporta.exe: 00002BA0: 15:13:50 []:>--------------------------------------------------------------<
ERPImporta.exe: 00002BA0: 15:13:50 [TUniServerModule]:Server First Init.
ERPImporta.exe: 00002BA0: 15:13:50 [TUniServerModule]:Start Path = D:\Projetos_WEB\ERP_Importa\
ERPImporta.exe: 00002BA0: 15:13:50 [TUniServerModule]:Debug Mode = ON
ERPImporta.exe: 00002BA0: 15:13:50 [TUniServerModule]:Starting HTTP Server on Port: 8077...
ERPImporta.exe: 00002BA0: 15:13:50 [TUniServerModule]:HTTP Server Started on Port: 8077
ERPImporta.exe: 00000724: 15:16:38 []:>--------------------------------------------------------------<
ERPImporta.exe: 00000724: 15:16:38 [TUniServerModule]:Server First Init.
ERPImporta.exe: 00000724: 15:16:38 [TUniServerModule]:Start Path = D:\Projetos_WEB\ERP_Importa\
ERPImporta.exe: 00000724: 15:16:38 [TUniServerModule]:Debug Mode = ON
ERPImporta.exe: 00000724: 15:16:38 [TUniServerModule]:Starting HTTP Server on Port: 8077...
ERPImporta.exe: 00000724: 15:16:38 [TUniServerModule]:HTTP Server Started on Port: 8077
ERPImporta.exe: 0000159C: 15:17:13 []:>--------------------------------------------------------------<
ERPImporta.exe: 0000159C: 15:17:13 [TUniServerModule]:Server First Init.
ERPImporta.exe: 0000159C: 15:17:13 [TUniServerModule]:Start Path = D:\Projetos_WEB\ERP_Importa\
ERPImporta.exe: 0000159C: 15:17:13 [TUniServerModule]:Debug Mode = ON
ERPImporta.exe: 0000159C: 15:17:13 [TUniGUISessionManager]:Cache erase job created, Folder count: [1]
ERPImporta.exe: 0000159C: 15:17:13 [TUniServerModule]:Starting HTTP Server on Port: 8077...
ERPImporta.exe: 0000159C: 15:17:13 [TUniServerModule]:HTTP Server Started on Port: 8077
ERPImporta.exe: 00003AD8: 15:18:17 []:>--------------------------------------------------------------<
ERPImporta.exe: 00003AD8: 15:18:17 [TUniServerModule]:Server First Init.
ERPImporta.exe: 00003AD8: 15:18:17 [TUniServerModule]:Start Path = D:\Projetos_WEB\ERP_Importa\
ERPImporta.exe: 00003AD8: 15:18:17 [TUniServerModule]:Debug Mode = ON
ERPImporta.exe: 00003AD8: 15:18:17 [TUniServerModule]:Starting HTTP Server on Port: 8077...
ERPImporta.exe: 00003AD8: 15:18:17 [TUniServerModule]:HTTP Server Started on Port: 8077
ERPImporta.exe: 00002C24: 15:21:27 []:>--------------------------------------------------------------<
ERPImporta.exe: 00002C24: 15:21:27 [TUniServerModule]:Server First Init.
ERPImporta.exe: 00002C24: 15:21:27 [TUniServerModule]:Start Path = D:\Projetos_WEB\ERP_Importa\
ERPImporta.exe: 00002C24: 15:21:27 [TUniServerModule]:Debug Mode = ON
ERPImporta.exe: 00002C24: 15:21:27 [TUniServerModule]:Starting HTTP Server on Port: 8077...
ERPImporta.exe: 00002C24: 15:21:27 [TUniServerModule]:HTTP Server Started on Port: 8077
ERPImporta.exe: 00001D90: 15:22:19 []:>--------------------------------------------------------------<
ERPImporta.exe: 00001D90: 15:22:19 [TUniServerModule]:Server First Init.
ERPImporta.exe: 00001D90: 15:22:19 [TUniServerModule]:Start Path = D:\Projetos_WEB\ERP_Importa\
ERPImporta.exe: 00001D90: 15:22:19 [TUniServerModule]:Debug Mode = ON
ERPImporta.exe: 00001D90: 15:22:19 [TUniServerModule]:Starting HTTP Server on Port: 8077...
ERPImporta.exe: 00001D90: 15:22:19 [TUniServerModule]:HTTP Server Started on Port: 8077
ERPImporta.exe: 00003BE0: 15:23:14 []:>--------------------------------------------------------------<
ERPImporta.exe: 00003BE0: 15:23:14 [TUniServerModule]:Server First Init.
ERPImporta.exe: 00003BE0: 15:23:14 [TUniServerModule]:Start Path = D:\Projetos_WEB\ERP_Importa\
ERPImporta.exe: 00003BE0: 15:23:14 [TUniServerModule]:Debug Mode = ON
ERPImporta.exe: 00003BE0: 15:23:14 [TUniServerModule]:Starting HTTP Server on Port: 8077...
ERPImporta.exe: 00003BE0: 15:23:14 [TUniServerModule]:HTTP Server Started on Port: 8077
ERPImporta.exe: 00003890: 15:36:01 []:>--------------------------------------------------------------<
ERPImporta.exe: 00003890: 15:36:01 [TUniServerModule]:Server First Init.
ERPImporta.exe: 00003890: 15:36:01 [TUniServerModule]:Start Path = D:\Projetos_WEB\ERP_Importa\
ERPImporta.exe: 00003890: 15:36:01 [TUniServerModule]:Debug Mode = ON
ERPImporta.exe: 00003890: 15:36:02 [TUniServerModule]:Starting HTTP Server on Port: 8077...
ERPImporta.exe: 00003890: 15:36:02 [TUniServerModule]:HTTP Server Started on Port: 8077
ERPImporta.exe: 000042E0: 15:44:56 []:>--------------------------------------------------------------<
ERPImporta.exe: 000042E0: 15:44:56 [TUniServerModule]:Server First Init.
ERPImporta.exe: 000042E0: 15:44:56 [TUniServerModule]:Start Path = D:\Projetos_WEB\ERP_Importa\
ERPImporta.exe: 000042E0: 15:44:56 [TUniServerModule]:Debug Mode = ON
ERPImporta.exe: 000042E0: 15:44:57 [TUniServerModule]:Starting HTTP Server on Port: 8077...
ERPImporta.exe: 000042E0: 15:44:57 [TUniServerModule]:HTTP Server Started on Port: 8077
ERPImporta.exe: 00000850: 16:13:00 []:>--------------------------------------------------------------<
ERPImporta.exe: 00000850: 16:13:00 [TUniServerModule]:Server First Init.
ERPImporta.exe: 00000850: 16:13:00 [TUniServerModule]:Start Path = D:\Projetos_WEB\ERP_Importa\
ERPImporta.exe: 00000850: 16:13:00 [TUniServerModule]:Debug Mode = ON
ERPImporta.exe: 00000850: 16:13:00 [TUniServerModule]:Starting HTTP Server on Port: 8077...
ERPImporta.exe: 00000850: 16:13:00 [TUniServerModule]:HTTP Server Started on Port: 8077
ERPImporta.exe: 00001F54: 16:14:45 []:>--------------------------------------------------------------<
ERPImporta.exe: 00001F54: 16:14:45 [TUniServerModule]:Server First Init.
ERPImporta.exe: 00001F54: 16:14:45 [TUniServerModule]:Start Path = D:\Projetos_WEB\ERP_Importa\
ERPImporta.exe: 00001F54: 16:14:45 [TUniServerModule]:Debug Mode = ON
ERPImporta.exe: 00001F54: 16:14:45 [TUniServerModule]:Starting HTTP Server on Port: 8077...
ERPImporta.exe: 00001F54: 16:14:45 [TUniServerModule]:HTTP Server Started on Port: 8077
ERPImporta.exe: 00000708: 19:40:01 []:>--------------------------------------------------------------<
ERPImporta.exe: 00000708: 19:40:01 [TUniServerModule]:Server First Init.
ERPImporta.exe: 00000708: 19:40:01 [TUniServerModule]:Start Path = D:\Projetos_WEB\ERP_Importa\
ERPImporta.exe: 00000708: 19:40:01 [TUniServerModule]:Debug Mode = ON
ERPImporta.exe: 00000708: 19:40:01 [TUniGUISessionManager]:Cache erase job created, Folder count: [1]
ERPImporta.exe: 00000708: 19:40:01 [TUniServerModule]:Starting HTTP Server on Port: 8077...
ERPImporta.exe: 00000708: 19:40:01 [TUniServerModule]:HTTP Server Started on Port: 8077
ERPImporta.exe: 00001DFC: 19:45:16 []:>--------------------------------------------------------------<
ERPImporta.exe: 00001DFC: 19:45:16 [TUniServerModule]:Server First Init.
ERPImporta.exe: 00001DFC: 19:45:16 [TUniServerModule]:Start Path = D:\Projetos_WEB\ERP_Importa\
ERPImporta.exe: 00001DFC: 19:45:16 [TUniServerModule]:Debug Mode = ON
ERPImporta.exe: 00001DFC: 19:45:16 [TUniGUISessionManager]:Cache erase job created, Folder count: [1]
ERPImporta.exe: 00001DFC: 19:45:17 [TUniServerModule]:Starting HTTP Server on Port: 8077...
ERPImporta.exe: 00001DFC: 19:45:17 [TUniServerModule]:HTTP Server Started on Port: 8077
ERPImporta.exe: 00000AD8: 19:46:26 []:>--------------------------------------------------------------<
ERPImporta.exe: 00000AD8: 19:46:26 [TUniServerModule]:Server First Init.
ERPImporta.exe: 00000AD8: 19:46:26 [TUniServerModule]:Start Path = D:\Projetos_WEB\ERP_Importa\
ERPImporta.exe: 00000AD8: 19:46:26 [TUniServerModule]:Debug Mode = ON
ERPImporta.exe: 00000AD8: 19:46:26 [TUniServerModule]:Starting HTTP Server on Port: 8077...
ERPImporta.exe: 00000AD8: 19:46:26 [TUniServerModule]:HTTP Server Started on Port: 8077
ERPImporta.exe: 00001CC4: 19:47:09 []:>--------------------------------------------------------------<
ERPImporta.exe: 00001CC4: 19:47:09 [TUniServerModule]:Server First Init.
ERPImporta.exe: 00001CC4: 19:47:09 [TUniServerModule]:Start Path = D:\Projetos_WEB\ERP_Importa\
ERPImporta.exe: 00001CC4: 19:47:09 [TUniServerModule]:Debug Mode = ON
ERPImporta.exe: 00001CC4: 19:47:09 [TUniGUISessionManager]:Cache erase job created, Folder count: [1]
ERPImporta.exe: 00001CC4: 19:47:09 [TUniServerModule]:Starting HTTP Server on Port: 8077...
ERPImporta.exe: 00001CC4: 19:47:10 [TUniServerModule]:HTTP Server Started on Port: 8077
ERPImporta.exe: 000013F4: 19:48:14 []:>--------------------------------------------------------------<
ERPImporta.exe: 000013F4: 19:48:14 [TUniServerModule]:Server First Init.
ERPImporta.exe: 000013F4: 19:48:14 [TUniServerModule]:Start Path = D:\Projetos_WEB\ERP_Importa\
ERPImporta.exe: 000013F4: 19:48:14 [TUniServerModule]:Debug Mode = ON
ERPImporta.exe: 000013F4: 19:48:14 [TUniGUISessionManager]:Cache erase job created, Folder count: [1]
ERPImporta.exe: 000013F4: 19:48:15 [TUniServerModule]:Starting HTTP Server on Port: 8077...
ERPImporta.exe: 000013F4: 19:48:15 [TUniServerModule]:HTTP Server Started on Port: 8077
ERPImporta.exe: 00001C38: 19:49:11 [127.0.0.1]:EUniSessionException : Sessão inváilda ou tempo da sessão expirado. (Session not found: 45V1iXaWnO110709AEB ) : Addr: $007D0ED0
ERPImporta.exe: 00002468: 19:50:41 []:>--------------------------------------------------------------<
ERPImporta.exe: 00002468: 19:50:41 [TUniServerModule]:Server First Init.
ERPImporta.exe: 00002468: 19:50:41 [TUniServerModule]:Start Path = D:\Projetos_WEB\ERP_Importa\
ERPImporta.exe: 00002468: 19:50:41 [TUniServerModule]:Debug Mode = ON
ERPImporta.exe: 00002468: 19:50:42 [TUniServerModule]:Starting HTTP Server on Port: 8077...
ERPImporta.exe: 00002468: 19:50:42 [TUniServerModule]:HTTP Server Started on Port: 8077
ERPImporta.exe: 00000A64: 19:52:40 []:>--------------------------------------------------------------<
ERPImporta.exe: 00000A64: 19:52:40 [TUniServerModule]:Server First Init.
ERPImporta.exe: 00000A64: 19:52:40 [TUniServerModule]:Start Path = D:\Projetos_WEB\ERP_Importa\
ERPImporta.exe: 00000A64: 19:52:40 [TUniServerModule]:Debug Mode = ON
ERPImporta.exe: 00000A64: 19:52:40 [TUniGUISessionManager]:Cache erase job created, Folder count: [1]
ERPImporta.exe: 00000A64: 19:52:40 [TUniServerModule]:Starting HTTP Server on Port: 8077...
ERPImporta.exe: 00000A64: 19:52:40 [TUniServerModule]:HTTP Server Started on Port: 8077
ERPImporta.exe: 00002538: 19:55:05 []:>--------------------------------------------------------------<
ERPImporta.exe: 00002538: 19:55:05 [TUniServerModule]:Server First Init.
ERPImporta.exe: 00002538: 19:55:05 [TUniServerModule]:Start Path = D:\Projetos_WEB\ERP_Importa\
ERPImporta.exe: 00002538: 19:55:05 [TUniServerModule]:Debug Mode = ON
ERPImporta.exe: 00002538: 19:55:05 [TUniServerModule]:Starting HTTP Server on Port: 8077...
ERPImporta.exe: 00002538: 19:55:05 [TUniServerModule]:HTTP Server Started on Port: 8077
ERPImporta.exe: 00000B20: 19:56:06 []:>--------------------------------------------------------------<
ERPImporta.exe: 00000B20: 19:56:06 [TUniServerModule]:Server First Init.
ERPImporta.exe: 00000B20: 19:56:06 [TUniServerModule]:Start Path = D:\Projetos_WEB\ERP_Importa\
ERPImporta.exe: 00000B20: 19:56:06 [TUniServerModule]:Debug Mode = ON
ERPImporta.exe: 00000B20: 19:56:06 [TUniServerModule]:Starting HTTP Server on Port: 8077...
ERPImporta.exe: 00000B20: 19:56:06 [TUniServerModule]:HTTP Server Started on Port: 8077
ERPImporta.exe: 00000A0C: 19:56:48 []:>--------------------------------------------------------------<
ERPImporta.exe: 00000A0C: 19:56:48 [TUniServerModule]:Server First Init.
ERPImporta.exe: 00000A0C: 19:56:48 [TUniServerModule]:Start Path = D:\Projetos_WEB\ERP_Importa\
ERPImporta.exe: 00000A0C: 19:56:48 [TUniServerModule]:Debug Mode = ON
ERPImporta.exe: 00000A0C: 19:56:48 [TUniServerModule]:Starting HTTP Server on Port: 8077...
ERPImporta.exe: 00000A0C: 19:56:48 [TUniServerModule]:HTTP Server Started on Port: 8077
ERPImporta.exe: 000036A4: 20:23:19 []:>--------------------------------------------------------------<
ERPImporta.exe: 000036A4: 20:23:19 [TUniServerModule]:Server First Init.
ERPImporta.exe: 000036A4: 20:23:19 [TUniServerModule]:Start Path = D:\Projetos_WEB\ERP_Importa\
ERPImporta.exe: 000036A4: 20:23:19 [TUniServerModule]:Debug Mode = ON
ERPImporta.exe: 000036A4: 20:23:20 [TUniServerModule]:Starting HTTP Server on Port: 8077...
ERPImporta.exe: 000036A4: 20:23:20 [TUniServerModule]:HTTP Server Started on Port: 8077
ERPImporta.exe: 000036C4: 20:28:14 []:>--------------------------------------------------------------<
ERPImporta.exe: 000036C4: 20:28:14 [TUniServerModule]:Server First Init.
ERPImporta.exe: 000036C4: 20:28:14 [TUniServerModule]:Start Path = D:\Projetos_WEB\ERP_Importa\
ERPImporta.exe: 000036C4: 20:28:14 [TUniServerModule]:Debug Mode = ON
ERPImporta.exe: 000036C4: 20:28:14 [TUniServerModule]:Starting HTTP Server on Port: 8077...
ERPImporta.exe: 000036C4: 20:28:14 [TUniServerModule]:HTTP Server Started on Port: 8077
ERPImporta.exe: 000032B4: 20:31:12 []:>--------------------------------------------------------------<
ERPImporta.exe: 000032B4: 20:31:12 [TUniServerModule]:Server First Init.
ERPImporta.exe: 000032B4: 20:31:12 [TUniServerModule]:Start Path = D:\Projetos_WEB\ERP_Importa\
ERPImporta.exe: 000032B4: 20:31:12 [TUniServerModule]:Debug Mode = ON
ERPImporta.exe: 000032B4: 20:31:12 [TUniServerModule]:Starting HTTP Server on Port: 8077...
ERPImporta.exe: 000032B4: 20:31:12 [TUniServerModule]:HTTP Server Started on Port: 8077
ERPImporta.exe: 00003508: 20:33:12 []:>--------------------------------------------------------------<
ERPImporta.exe: 00003508: 20:33:12 [TUniServerModule]:Server First Init.
ERPImporta.exe: 00003508: 20:33:12 [TUniServerModule]:Start Path = D:\Projetos_WEB\ERP_Importa\
ERPImporta.exe: 00003508: 20:33:12 [TUniServerModule]:Debug Mode = ON
ERPImporta.exe: 00003508: 20:33:12 [TUniGUISessionManager]:Cache erase job created, Folder count: [1]
ERPImporta.exe: 00003508: 20:33:13 [TUniServerModule]:Starting HTTP Server on Port: 8077...
ERPImporta.exe: 00003508: 20:33:13 [TUniServerModule]:HTTP Server Started on Port: 8077
ERPImporta.exe: 00001E70: 20:34:38 []:>--------------------------------------------------------------<
ERPImporta.exe: 00001E70: 20:34:38 [TUniServerModule]:Server First Init.
ERPImporta.exe: 00001E70: 20:34:38 [TUniServerModule]:Start Path = D:\Projetos_WEB\ERP_Importa\
ERPImporta.exe: 00001E70: 20:34:38 [TUniServerModule]:Debug Mode = ON
ERPImporta.exe: 00001E70: 20:34:38 [TUniGUISessionManager]:Cache erase job created, Folder count: [1]
ERPImporta.exe: 00001E70: 20:34:38 [TUniServerModule]:Starting HTTP Server on Port: 8077...
ERPImporta.exe: 00001E70: 20:34:38 [TUniServerModule]:HTTP Server Started on Port: 8077
ERPImporta.exe: 00002AC4: 20:36:04 []:>--------------------------------------------------------------<
ERPImporta.exe: 00002AC4: 20:36:04 [TUniServerModule]:Server First Init.
ERPImporta.exe: 00002AC4: 20:36:04 [TUniServerModule]:Start Path = D:\Projetos_WEB\ERP_Importa\
ERPImporta.exe: 00002AC4: 20:36:04 [TUniServerModule]:Debug Mode = ON
ERPImporta.exe: 00002AC4: 20:36:05 [TUniServerModule]:Starting HTTP Server on Port: 8077...
ERPImporta.exe: 00002AC4: 20:36:05 [TUniServerModule]:HTTP Server Started on Port: 8077
ERPImporta.exe: 00001654: 20:37:12 []:>--------------------------------------------------------------<
ERPImporta.exe: 00001654: 20:37:12 [TUniServerModule]:Server First Init.
ERPImporta.exe: 00001654: 20:37:12 [TUniServerModule]:Start Path = D:\Projetos_WEB\ERP_Importa\
ERPImporta.exe: 00001654: 20:37:12 [TUniServerModule]:Debug Mode = ON
ERPImporta.exe: 00001654: 20:37:12 [TUniServerModule]:Starting HTTP Server on Port: 8077...
ERPImporta.exe: 00001654: 20:37:12 [TUniServerModule]:HTTP Server Started on Port: 8077
ERPImporta.exe: 00000C9C: 20:38:38 []:>--------------------------------------------------------------<
ERPImporta.exe: 00000C9C: 20:38:38 [TUniServerModule]:Server First Init.
ERPImporta.exe: 00000C9C: 20:38:38 [TUniServerModule]:Start Path = D:\Projetos_WEB\ERP_Importa\
ERPImporta.exe: 00000C9C: 20:38:38 [TUniServerModule]:Debug Mode = ON
ERPImporta.exe: 00000C9C: 20:38:38 [TUniServerModule]:Starting HTTP Server on Port: 8077...
ERPImporta.exe: 00000C9C: 20:38:38 [TUniServerModule]:HTTP Server Started on Port: 8077
ERPImporta.exe: 0000133C: 20:40:12 []:>--------------------------------------------------------------<
ERPImporta.exe: 0000133C: 20:40:12 [TUniServerModule]:Server First Init.
ERPImporta.exe: 0000133C: 20:40:12 [TUniServerModule]:Start Path = D:\Projetos_WEB\ERP_Importa\
ERPImporta.exe: 0000133C: 20:40:12 [TUniServerModule]:Debug Mode = ON
ERPImporta.exe: 0000133C: 20:40:12 [TUniGUISessionManager]:Cache erase job created, Folder count: [1]
ERPImporta.exe: 0000133C: 20:40:12 [TUniServerModule]:Starting HTTP Server on Port: 8077...
ERPImporta.exe: 0000133C: 20:40:12 [TUniServerModule]:HTTP Server Started on Port: 8077
ERPImporta.exe: 0000339C: 20:43:00 []:>--------------------------------------------------------------<
ERPImporta.exe: 0000339C: 20:43:00 [TUniServerModule]:Server First Init.
ERPImporta.exe: 0000339C: 20:43:00 [TUniServerModule]:Start Path = D:\Projetos_WEB\ERP_Importa\
ERPImporta.exe: 0000339C: 20:43:00 [TUniServerModule]:Debug Mode = ON
ERPImporta.exe: 0000339C: 20:43:01 [TUniServerModule]:Starting HTTP Server on Port: 8077...
ERPImporta.exe: 0000339C: 20:43:01 [TUniServerModule]:HTTP Server Started on Port: 8077
ERPImporta.exe: 000009EC: 20:44:58 []:>--------------------------------------------------------------<
ERPImporta.exe: 000009EC: 20:44:58 [TUniServerModule]:Server First Init.
ERPImporta.exe: 000009EC: 20:44:58 [TUniServerModule]:Start Path = D:\Projetos_WEB\ERP_Importa\
ERPImporta.exe: 000009EC: 20:44:58 [TUniServerModule]:Debug Mode = ON
ERPImporta.exe: 000009EC: 20:44:58 [TUniServerModule]:Starting HTTP Server on Port: 8077...
ERPImporta.exe: 000009EC: 20:44:58 [TUniServerModule]:HTTP Server Started on Port: 8077
ERPImporta.exe: 000037B0: 20:46:04 []:>--------------------------------------------------------------<
ERPImporta.exe: 000037B0: 20:46:04 [TUniServerModule]:Server First Init.
ERPImporta.exe: 000037B0: 20:46:04 [TUniServerModule]:Start Path = D:\Projetos_WEB\ERP_Importa\
ERPImporta.exe: 000037B0: 20:46:04 [TUniServerModule]:Debug Mode = ON
ERPImporta.exe: 000037B0: 20:46:04 [TUniGUISessionManager]:Cache erase job created, Folder count: [1]
ERPImporta.exe: 000037B0: 20:46:05 [TUniServerModule]:Starting HTTP Server on Port: 8077...
ERPImporta.exe: 000037B0: 20:46:05 [TUniServerModule]:HTTP Server Started on Port: 8077
ERPImporta.exe: 000037A0: 20:56:09 []:>--------------------------------------------------------------<
ERPImporta.exe: 000037A0: 20:56:09 [TUniServerModule]:Server First Init.
ERPImporta.exe: 000037A0: 20:56:09 [TUniServerModule]:Start Path = D:\Projetos_WEB\ERP_Importa\
ERPImporta.exe: 000037A0: 20:56:09 [TUniServerModule]:Debug Mode = ON
ERPImporta.exe: 000037A0: 20:56:10 [TUniServerModule]:Starting HTTP Server on Port: 8077...
ERPImporta.exe: 000037A0: 20:56:10 [TUniServerModule]:HTTP Server Started on Port: 8077
ERPImporta.exe: 000006B0: 20:57:17 []:>--------------------------------------------------------------<
ERPImporta.exe: 000006B0: 20:57:17 [TUniServerModule]:Server First Init.
ERPImporta.exe: 000006B0: 20:57:17 [TUniServerModule]:Start Path = D:\Projetos_WEB\ERP_Importa\
ERPImporta.exe: 000006B0: 20:57:17 [TUniServerModule]:Debug Mode = ON
ERPImporta.exe: 000006B0: 20:57:17 [TUniServerModule]:Starting HTTP Server on Port: 8077...
ERPImporta.exe: 000006B0: 20:57:17 [TUniServerModule]:HTTP Server Started on Port: 8077
ERPImporta.exe: 000022A4: 20:59:08 []:>--------------------------------------------------------------<
ERPImporta.exe: 000022A4: 20:59:08 [TUniServerModule]:Server First Init.
ERPImporta.exe: 000022A4: 20:59:08 [TUniServerModule]:Start Path = D:\Projetos_WEB\ERP_Importa\
ERPImporta.exe: 000022A4: 20:59:08 [TUniServerModule]:Debug Mode = ON
ERPImporta.exe: 000022A4: 20:59:08 [TUniServerModule]:Starting HTTP Server on Port: 8077...
ERPImporta.exe: 000022A4: 20:59:08 [TUniServerModule]:HTTP Server Started on Port: 8077
ERPImporta.exe: 00001FC8: 21:01:18 []:>--------------------------------------------------------------<
ERPImporta.exe: 00001FC8: 21:01:18 [TUniServerModule]:Server First Init.
ERPImporta.exe: 00001FC8: 21:01:18 [TUniServerModule]:Start Path = D:\Projetos_WEB\ERP_Importa\
ERPImporta.exe: 00001FC8: 21:01:18 [TUniServerModule]:Debug Mode = ON
ERPImporta.exe: 00001FC8: 21:01:18 [TUniGUISessionManager]:Cache erase job created, Folder count: [1]
ERPImporta.exe: 00001FC8: 21:01:19 [TUniServerModule]:Starting HTTP Server on Port: 8077...
ERPImporta.exe: 00001FC8: 21:01:19 [TUniServerModule]:HTTP Server Started on Port: 8077
ERPImporta.exe: 00002094: 21:01:53 []:>--------------------------------------------------------------<
ERPImporta.exe: 00002094: 21:01:53 [TUniServerModule]:Server First Init.
ERPImporta.exe: 00002094: 21:01:53 [TUniServerModule]:Start Path = D:\Projetos_WEB\ERP_Importa\
ERPImporta.exe: 00002094: 21:01:53 [TUniServerModule]:Debug Mode = ON
ERPImporta.exe: 00002094: 21:01:53 [TUniServerModule]:Starting HTTP Server on Port: 8077...
ERPImporta.exe: 00002094: 21:01:53 [TUniServerModule]:HTTP Server Started on Port: 8077
ERPImporta.exe: 0000379C: 21:03:08 []:>--------------------------------------------------------------<
ERPImporta.exe: 0000379C: 21:03:08 [TUniServerModule]:Server First Init.
ERPImporta.exe: 0000379C: 21:03:08 [TUniServerModule]:Start Path = D:\Projetos_WEB\ERP_Importa\
ERPImporta.exe: 0000379C: 21:03:08 [TUniServerModule]:Debug Mode = ON
ERPImporta.exe: 0000379C: 21:03:09 [TUniServerModule]:Starting HTTP Server on Port: 8077...
ERPImporta.exe: 0000379C: 21:03:09 [TUniServerModule]:HTTP Server Started on Port: 8077
ERPImporta.exe: 000020E8: 21:07:34 []:>--------------------------------------------------------------<
ERPImporta.exe: 000020E8: 21:07:34 [TUniServerModule]:Server First Init.
ERPImporta.exe: 000020E8: 21:07:34 [TUniServerModule]:Start Path = D:\Projetos_WEB\ERP_Importa\
ERPImporta.exe: 000020E8: 21:07:34 [TUniServerModule]:Debug Mode = ON
ERPImporta.exe: 000020E8: 21:07:34 [TUniServerModule]:Starting HTTP Server on Port: 8077...
ERPImporta.exe: 000020E8: 21:07:34 [TUniServerModule]:HTTP Server Started on Port: 8077
