ERPImporta.exe: 000009E0: 09:00:32 []:>--------------------------------------------------------------<
ERPImporta.exe: 000009E0: 09:00:32 [TUniServerModule]:Server First Init.
ERPImporta.exe: 000009E0: 09:00:32 [TUniServerModule]:Start Path = C:\Projetos_WEB\ERP_Importa\
ERPImporta.exe: 000009E0: 09:00:32 [TUniServerModule]:Debug Mode = ON
ERPImporta.exe: 000009E0: 09:00:32 [TUniGUISessionManager]:Cache erase job created, Folder count: [1]
ERPImporta.exe: 000009E0: 09:00:33 [TUniServerModule]:Starting HTTP Server on Port: 8077...
ERPImporta.exe: 000009E0: 09:00:33 [TUniServerModule]:HTTP Server Started on Port: 8077
ERPImporta.exe: 00002A5C: 09:01:06 []:>--------------------------------------------------------------<
ERPImporta.exe: 00002A5C: 09:01:06 [TUniServerModule]:Server First Init.
ERPImporta.exe: 00002A5C: 09:01:06 [TUniServerModule]:Start Path = C:\Projetos_WEB\ERP_Importa\
ERPImporta.exe: 00002A5C: 09:01:06 [TUniServerModule]:Debug Mode = ON
ERPImporta.exe: 00002A5C: 09:01:06 [TUniGUISessionManager]:Cache erase job created, Folder count: [1]
ERPImporta.exe: 00002A5C: 09:01:06 [TUniServerModule]:Starting HTTP Server on Port: 8077...
ERPImporta.exe: 00002A5C: 09:01:06 [TUniServerModule]:HTTP Server Started on Port: 8077
ERPImporta.exe: 0000093C: 09:09:36 []:>--------------------------------------------------------------<
ERPImporta.exe: 0000093C: 09:09:36 [TUniServerModule]:Server First Init.
ERPImporta.exe: 0000093C: 09:09:36 [TUniServerModule]:Start Path = C:\Projetos_WEB\ERP_Importa\
ERPImporta.exe: 0000093C: 09:09:36 [TUniServerModule]:Debug Mode = ON
ERPImporta.exe: 0000093C: 09:09:37 [TUniServerModule]:Starting HTTP Server on Port: 8077...
ERPImporta.exe: 0000093C: 09:09:37 [TUniServerModule]:HTTP Server Started on Port: 8077
ERPImporta.exe: 00002C70: 09:11:21 []:>--------------------------------------------------------------<
ERPImporta.exe: 00002C70: 09:11:21 [TUniServerModule]:Server First Init.
ERPImporta.exe: 00002C70: 09:11:21 [TUniServerModule]:Start Path = C:\Projetos_WEB\ERP_Importa\
ERPImporta.exe: 00002C70: 09:11:21 [TUniServerModule]:Debug Mode = ON
ERPImporta.exe: 00002C70: 09:11:22 [TUniServerModule]:Starting HTTP Server on Port: 8077...
ERPImporta.exe: 00002C70: 09:11:22 [TUniServerModule]:HTTP Server Started on Port: 8077
ERPImporta.exe: 00003038: 09:12:06 []:>--------------------------------------------------------------<
ERPImporta.exe: 00003038: 09:12:06 [TUniServerModule]:Server First Init.
ERPImporta.exe: 00003038: 09:12:06 [TUniServerModule]:Start Path = C:\Projetos_WEB\ERP_Importa\
ERPImporta.exe: 00003038: 09:12:06 [TUniServerModule]:Debug Mode = ON
ERPImporta.exe: 00003038: 09:12:06 [TUniServerModule]:Starting HTTP Server on Port: 8077...
ERPImporta.exe: 00003038: 09:12:06 [TUniServerModule]:HTTP Server Started on Port: 8077
ERPImporta.exe: 00001FA8: 09:14:00 []:>--------------------------------------------------------------<
ERPImporta.exe: 00001FA8: 09:14:00 [TUniServerModule]:Server First Init.
ERPImporta.exe: 00001FA8: 09:14:00 [TUniServerModule]:Start Path = C:\Projetos_WEB\ERP_Importa\
ERPImporta.exe: 00001FA8: 09:14:00 [TUniServerModule]:Debug Mode = ON
ERPImporta.exe: 00001FA8: 09:14:01 [TUniServerModule]:Starting HTTP Server on Port: 8077...
ERPImporta.exe: 00001FA8: 09:14:01 [TUniServerModule]:HTTP Server Started on Port: 8077
ERPImporta.exe: 00001BC4: 14:52:05 []:>--------------------------------------------------------------<
ERPImporta.exe: 00001BC4: 14:52:05 [TUniServerModule]:Server First Init.
ERPImporta.exe: 00001BC4: 14:52:05 [TUniServerModule]:Start Path = C:\Projetos_WEB\ERP_Importa\
ERPImporta.exe: 00001BC4: 14:52:05 [TUniServerModule]:Debug Mode = ON
ERPImporta.exe: 00001BC4: 14:52:05 [TUniGUISessionManager]:Cache erase job created, Folder count: [1]
ERPImporta.exe: 00001BC4: 14:52:06 [TUniServerModule]:Starting HTTP Server on Port: 8077...
ERPImporta.exe: 00001BC4: 14:52:06 [TUniServerModule]:HTTP Server Started on Port: 8077
ERPImporta.exe: 00003258: 14:52:36 []:>--------------------------------------------------------------<
ERPImporta.exe: 00003258: 14:52:36 [TUniServerModule]:Server First Init.
ERPImporta.exe: 00003258: 14:52:36 [TUniServerModule]:Start Path = C:\Projetos_WEB\ERP_Importa\
ERPImporta.exe: 00003258: 14:52:36 [TUniServerModule]:Debug Mode = ON
ERPImporta.exe: 00003258: 14:52:37 [TUniServerModule]:Starting HTTP Server on Port: 8077...
ERPImporta.exe: 00003258: 14:52:37 [TUniServerModule]:HTTP Server Started on Port: 8077
ERPImporta.exe: 000008FC: 14:52:49 []:>--------------------------------------------------------------<
ERPImporta.exe: 000008FC: 14:52:49 [TUniServerModule]:Server First Init.
ERPImporta.exe: 000008FC: 14:52:49 [TUniServerModule]:Start Path = C:\Projetos_WEB\ERP_Importa\
ERPImporta.exe: 000008FC: 14:52:49 [TUniServerModule]:Debug Mode = ON
ERPImporta.exe: 000008FC: 14:52:49 [TUniServerModule]:Starting HTTP Server on Port: 8077...
ERPImporta.exe: 000008FC: 14:52:50 [TUniServerModule]:HTTP Server Started on Port: 8077
ERPImporta.exe: 00002648: 14:53:56 []:>--------------------------------------------------------------<
ERPImporta.exe: 00002648: 14:53:56 [TUniServerModule]:Server First Init.
ERPImporta.exe: 00002648: 14:53:56 [TUniServerModule]:Start Path = C:\Projetos_WEB\ERP_Importa\
ERPImporta.exe: 00002648: 14:53:56 [TUniServerModule]:Debug Mode = ON
ERPImporta.exe: 00002648: 14:53:56 [TUniGUISessionManager]:Cache erase job created, Folder count: [2]
ERPImporta.exe: 00002648: 14:53:56 [TUniServerModule]:Starting HTTP Server on Port: 8077...
ERPImporta.exe: 00002648: 14:53:56 [TUniServerModule]:HTTP Server Started on Port: 8077
ERPImporta.exe: 00003874: 14:54:23 []:>--------------------------------------------------------------<
ERPImporta.exe: 00003874: 14:54:23 [TUniServerModule]:Server First Init.
ERPImporta.exe: 00003874: 14:54:23 [TUniServerModule]:Start Path = C:\Projetos_WEB\ERP_Importa\
ERPImporta.exe: 00003874: 14:54:23 [TUniServerModule]:Debug Mode = ON
ERPImporta.exe: 00003874: 14:54:23 [TUniGUISessionManager]:Cache erase job created, Folder count: [1]
ERPImporta.exe: 00003874: 14:54:23 [TUniServerModule]:Starting HTTP Server on Port: 8077...
ERPImporta.exe: 00003874: 14:54:23 [TUniServerModule]:HTTP Server Started on Port: 8077
ERPImporta.exe: 00003B94: 14:54:59 []:>--------------------------------------------------------------<
ERPImporta.exe: 00003B94: 14:54:59 [TUniServerModule]:Server First Init.
ERPImporta.exe: 00003B94: 14:54:59 [TUniServerModule]:Start Path = C:\Projetos_WEB\ERP_Importa\
ERPImporta.exe: 00003B94: 14:54:59 [TUniServerModule]:Debug Mode = ON
ERPImporta.exe: 00003B94: 14:54:59 [TUniGUISessionManager]:Cache erase job created, Folder count: [1]
ERPImporta.exe: 00003B94: 14:54:59 [TUniServerModule]:Starting HTTP Server on Port: 8077...
ERPImporta.exe: 00003B94: 14:54:59 [TUniServerModule]:HTTP Server Started on Port: 8077
ERPImporta.exe: 00003368: 14:59:44 []:>--------------------------------------------------------------<
ERPImporta.exe: 00003368: 14:59:44 [TUniServerModule]:Server First Init.
ERPImporta.exe: 00003368: 14:59:44 [TUniServerModule]:Start Path = C:\Projetos_WEB\ERP_Importa\
ERPImporta.exe: 00003368: 14:59:44 [TUniServerModule]:Debug Mode = ON
ERPImporta.exe: 00003368: 14:59:44 [TUniGUISessionManager]:Cache erase job created, Folder count: [1]
ERPImporta.exe: 00003368: 14:59:45 [TUniServerModule]:Starting HTTP Server on Port: 8077...
ERPImporta.exe: 00003368: 14:59:45 [TUniServerModule]:HTTP Server Started on Port: 8077
ERPImporta.exe: 00001600: 15:00:07 []:>--------------------------------------------------------------<
ERPImporta.exe: 00001600: 15:00:07 [TUniServerModule]:Server First Init.
ERPImporta.exe: 00001600: 15:00:07 [TUniServerModule]:Start Path = C:\Projetos_WEB\ERP_Importa\
ERPImporta.exe: 00001600: 15:00:07 [TUniServerModule]:Debug Mode = ON
ERPImporta.exe: 00001600: 15:00:07 [TUniGUISessionManager]:Cache erase job created, Folder count: [1]
ERPImporta.exe: 00001600: 15:00:07 [TUniServerModule]:Starting HTTP Server on Port: 8077...
ERPImporta.exe: 00001600: 15:00:07 [TUniServerModule]:HTTP Server Started on Port: 8077
ERPImporta.exe: 00002BA8: 15:01:01 []:>--------------------------------------------------------------<
ERPImporta.exe: 00002BA8: 15:01:01 [TUniServerModule]:Server First Init.
ERPImporta.exe: 00002BA8: 15:01:01 [TUniServerModule]:Start Path = C:\Projetos_WEB\ERP_Importa\
ERPImporta.exe: 00002BA8: 15:01:01 [TUniServerModule]:Debug Mode = ON
ERPImporta.exe: 00002BA8: 15:01:01 [TUniGUISessionManager]:Cache erase job created, Folder count: [1]
ERPImporta.exe: 00002BA8: 15:01:01 [TUniServerModule]:Starting HTTP Server on Port: 8077...
ERPImporta.exe: 00002BA8: 15:01:01 [TUniServerModule]:HTTP Server Started on Port: 8077
ERPImporta.exe: 0000100C: 15:07:16 []:>--------------------------------------------------------------<
ERPImporta.exe: 0000100C: 15:07:16 [TUniServerModule]:Server First Init.
ERPImporta.exe: 0000100C: 15:07:16 [TUniServerModule]:Start Path = C:\Projetos_WEB\ERP_Importa\
ERPImporta.exe: 0000100C: 15:07:16 [TUniServerModule]:Debug Mode = ON
ERPImporta.exe: 0000100C: 15:07:16 [TUniGUISessionManager]:Cache erase job created, Folder count: [1]
ERPImporta.exe: 0000100C: 15:07:16 [TUniServerModule]:Starting HTTP Server on Port: 8077...
ERPImporta.exe: 0000100C: 15:07:17 [TUniServerModule]:HTTP Server Started on Port: 8077
ERPImporta.exe: 00003958: 15:07:49 []:>--------------------------------------------------------------<
ERPImporta.exe: 00003958: 15:07:49 [TUniServerModule]:Server First Init.
ERPImporta.exe: 00003958: 15:07:49 [TUniServerModule]:Start Path = C:\Projetos_WEB\ERP_Importa\
ERPImporta.exe: 00003958: 15:07:49 [TUniServerModule]:Debug Mode = ON
ERPImporta.exe: 00003958: 15:07:49 [TUniGUISessionManager]:Cache erase job created, Folder count: [1]
ERPImporta.exe: 00003958: 15:07:49 [TUniServerModule]:Starting HTTP Server on Port: 8077...
ERPImporta.exe: 00003958: 15:07:49 [TUniServerModule]:HTTP Server Started on Port: 8077
ERPImporta.exe: 00002ED0: 15:09:29 []:>--------------------------------------------------------------<
ERPImporta.exe: 00002ED0: 15:09:29 [TUniServerModule]:Server First Init.
ERPImporta.exe: 00002ED0: 15:09:29 [TUniServerModule]:Start Path = C:\Projetos_WEB\ERP_Importa\
ERPImporta.exe: 00002ED0: 15:09:29 [TUniServerModule]:Debug Mode = ON
ERPImporta.exe: 00002ED0: 15:09:29 [TUniGUISessionManager]:Cache erase job created, Folder count: [1]
ERPImporta.exe: 00002ED0: 15:09:30 [TUniServerModule]:Starting HTTP Server on Port: 8077...
ERPImporta.exe: 00002ED0: 15:09:30 [TUniServerModule]:HTTP Server Started on Port: 8077
ERPImporta.exe: 000009F8: 15:11:18 []:>--------------------------------------------------------------<
ERPImporta.exe: 000009F8: 15:11:18 [TUniServerModule]:Server First Init.
ERPImporta.exe: 000009F8: 15:11:18 [TUniServerModule]:Start Path = C:\Projetos_WEB\ERP_Importa\
ERPImporta.exe: 000009F8: 15:11:18 [TUniServerModule]:Debug Mode = ON
ERPImporta.exe: 000009F8: 15:11:18 [TUniGUISessionManager]:Cache erase job created, Folder count: [1]
ERPImporta.exe: 000009F8: 15:11:18 [TUniServerModule]:Starting HTTP Server on Port: 8077...
ERPImporta.exe: 000009F8: 15:11:18 [TUniServerModule]:HTTP Server Started on Port: 8077
ERPImporta.exe: 0000393C: 15:12:33 []:>--------------------------------------------------------------<
ERPImporta.exe: 0000393C: 15:12:33 [TUniServerModule]:Server First Init.
ERPImporta.exe: 0000393C: 15:12:33 [TUniServerModule]:Start Path = C:\Projetos_WEB\ERP_Importa\
ERPImporta.exe: 0000393C: 15:12:33 [TUniServerModule]:Debug Mode = ON
ERPImporta.exe: 0000393C: 15:12:33 [TUniGUISessionManager]:Cache erase job created, Folder count: [1]
ERPImporta.exe: 0000393C: 15:12:33 [TUniServerModule]:Starting HTTP Server on Port: 8077...
ERPImporta.exe: 0000393C: 15:12:34 [TUniServerModule]:HTTP Server Started on Port: 8077
ERPImporta.exe: 00001F5C: 15:14:30 []:>--------------------------------------------------------------<
ERPImporta.exe: 00001F5C: 15:14:30 [TUniServerModule]:Server First Init.
ERPImporta.exe: 00001F5C: 15:14:30 [TUniServerModule]:Start Path = C:\Projetos_WEB\ERP_Importa\
ERPImporta.exe: 00001F5C: 15:14:30 [TUniServerModule]:Debug Mode = ON
ERPImporta.exe: 00001F5C: 15:14:30 [TUniGUISessionManager]:Cache erase job created, Folder count: [1]
ERPImporta.exe: 00001F5C: 15:14:30 [TUniServerModule]:Starting HTTP Server on Port: 8077...
ERPImporta.exe: 00001F5C: 15:14:30 [TUniServerModule]:HTTP Server Started on Port: 8077
ERPImporta.exe: 00000A08: 15:15:18 []:>--------------------------------------------------------------<
ERPImporta.exe: 00000A08: 15:15:18 [TUniServerModule]:Server First Init.
ERPImporta.exe: 00000A08: 15:15:18 [TUniServerModule]:Start Path = C:\Projetos_WEB\ERP_Importa\
ERPImporta.exe: 00000A08: 15:15:18 [TUniServerModule]:Debug Mode = ON
ERPImporta.exe: 00000A08: 15:15:18 [TUniServerModule]:Starting HTTP Server on Port: 8077...
ERPImporta.exe: 00000A08: 15:15:18 [TUniServerModule]:HTTP Server Started on Port: 8077
ERPImporta.exe: 0000071C: 15:16:12 []:>--------------------------------------------------------------<
ERPImporta.exe: 0000071C: 15:16:12 [TUniServerModule]:Server First Init.
ERPImporta.exe: 0000071C: 15:16:12 [TUniServerModule]:Start Path = C:\Projetos_WEB\ERP_Importa\
ERPImporta.exe: 0000071C: 15:16:12 [TUniServerModule]:Debug Mode = ON
ERPImporta.exe: 0000071C: 15:16:12 [TUniGUISessionManager]:Cache erase job created, Folder count: [1]
ERPImporta.exe: 0000071C: 15:16:12 [TUniServerModule]:Starting HTTP Server on Port: 8077...
ERPImporta.exe: 0000071C: 15:16:12 [TUniServerModule]:HTTP Server Started on Port: 8077
ERPImporta.exe: 00001114: 15:18:02 []:>--------------------------------------------------------------<
ERPImporta.exe: 00001114: 15:18:02 [TUniServerModule]:Server First Init.
ERPImporta.exe: 00001114: 15:18:02 [TUniServerModule]:Start Path = C:\Projetos_WEB\ERP_Importa\
ERPImporta.exe: 00001114: 15:18:02 [TUniServerModule]:Debug Mode = ON
ERPImporta.exe: 00001114: 15:18:03 [TUniServerModule]:Starting HTTP Server on Port: 8077...
ERPImporta.exe: 00001114: 15:18:03 [TUniServerModule]:HTTP Server Started on Port: 8077
ERPImporta.exe: 000039D4: 15:18:07 [A component named mnCadastros already exists-127.0.0.1]:EComponentError : A component named mnCadastros already exists : Addr: $004D57D6
ERPImporta.exe: 00002530: 15:19:17 []:>--------------------------------------------------------------<
ERPImporta.exe: 00002530: 15:19:17 [TUniServerModule]:Server First Init.
ERPImporta.exe: 00002530: 15:19:17 [TUniServerModule]:Start Path = C:\Projetos_WEB\ERP_Importa\
ERPImporta.exe: 00002530: 15:19:17 [TUniServerModule]:Debug Mode = ON
ERPImporta.exe: 00002530: 15:19:17 [TUniServerModule]:Starting HTTP Server on Port: 8077...
ERPImporta.exe: 00002530: 15:19:17 [TUniServerModule]:HTTP Server Started on Port: 8077
ERPImporta.exe: 00002218: 15:19:21 [A component named mnCadastros already exists-127.0.0.1]:EComponentError : A component named mnCadastros already exists : Addr: $004D57D6
ERPImporta.exe: 00003B98: 15:20:41 []:>--------------------------------------------------------------<
ERPImporta.exe: 00003B98: 15:20:41 [TUniServerModule]:Server First Init.
ERPImporta.exe: 00003B98: 15:20:41 [TUniServerModule]:Start Path = C:\Projetos_WEB\ERP_Importa\
ERPImporta.exe: 00003B98: 15:20:41 [TUniServerModule]:Debug Mode = ON
ERPImporta.exe: 00003B98: 15:20:41 [TUniGUISessionManager]:Cache erase job created, Folder count: [1]
ERPImporta.exe: 00003B98: 15:20:41 [TUniServerModule]:Starting HTTP Server on Port: 8077...
ERPImporta.exe: 00003B98: 15:20:41 [TUniServerModule]:HTTP Server Started on Port: 8077
ERPImporta.exe: 00003B7C: 15:20:48 [127.0.0.1]:EUniSessionException : Sessão inváilda ou tempo da sessão expirado. (Session not found: bP5R2FqgTl110289AE0 ) : Addr: $007CFC94
ERPImporta.exe: 00001538: 15:21:20 []:>--------------------------------------------------------------<
ERPImporta.exe: 00001538: 15:21:20 [TUniServerModule]:Server First Init.
ERPImporta.exe: 00001538: 15:21:20 [TUniServerModule]:Start Path = C:\Projetos_WEB\ERP_Importa\
ERPImporta.exe: 00001538: 15:21:20 [TUniServerModule]:Debug Mode = ON
ERPImporta.exe: 00001538: 15:21:20 [TUniGUISessionManager]:Cache erase job created, Folder count: [1]
ERPImporta.exe: 00001538: 15:21:20 [TUniServerModule]:Starting HTTP Server on Port: 8077...
ERPImporta.exe: 00001538: 15:21:20 [TUniServerModule]:HTTP Server Started on Port: 8077
ERPImporta.exe: 00001618: 15:22:14 []:>--------------------------------------------------------------<
ERPImporta.exe: 00001618: 15:22:14 [TUniServerModule]:Server First Init.
ERPImporta.exe: 00001618: 15:22:14 [TUniServerModule]:Start Path = C:\Projetos_WEB\ERP_Importa\
ERPImporta.exe: 00001618: 15:22:14 [TUniServerModule]:Debug Mode = ON
ERPImporta.exe: 00001618: 15:22:14 [TUniGUISessionManager]:Cache erase job created, Folder count: [1]
ERPImporta.exe: 00001618: 15:22:14 [TUniServerModule]:Starting HTTP Server on Port: 8077...
ERPImporta.exe: 00001618: 15:22:14 [TUniServerModule]:HTTP Server Started on Port: 8077
ERPImporta.exe: 00001DBC: 15:24:35 []:>--------------------------------------------------------------<
ERPImporta.exe: 00001DBC: 15:24:35 [TUniServerModule]:Server First Init.
ERPImporta.exe: 00001DBC: 15:24:35 [TUniServerModule]:Start Path = C:\Projetos_WEB\ERP_Importa\
ERPImporta.exe: 00001DBC: 15:24:35 [TUniServerModule]:Debug Mode = ON
ERPImporta.exe: 00001DBC: 15:24:35 [TUniGUISessionManager]:Cache erase job created, Folder count: [1]
ERPImporta.exe: 00001DBC: 15:24:36 [TUniServerModule]:Starting HTTP Server on Port: 8077...
ERPImporta.exe: 00001DBC: 15:24:36 [TUniServerModule]:HTTP Server Started on Port: 8077
ERPImporta.exe: 00000E4C: 15:27:20 []:>--------------------------------------------------------------<
ERPImporta.exe: 00000E4C: 15:27:20 [TUniServerModule]:Server First Init.
ERPImporta.exe: 00000E4C: 15:27:20 [TUniServerModule]:Start Path = C:\Projetos_WEB\ERP_Importa\
ERPImporta.exe: 00000E4C: 15:27:20 [TUniServerModule]:Debug Mode = ON
ERPImporta.exe: 00000E4C: 15:27:20 [TUniGUISessionManager]:Cache erase job created, Folder count: [1]
ERPImporta.exe: 00000E4C: 15:27:20 [TUniServerModule]:Starting HTTP Server on Port: 8077...
ERPImporta.exe: 00000E4C: 15:27:20 [TUniServerModule]:HTTP Server Started on Port: 8077
ERPImporta.exe: 000025D8: 15:28:06 []:>--------------------------------------------------------------<
ERPImporta.exe: 000025D8: 15:28:06 [TUniServerModule]:Server First Init.
ERPImporta.exe: 000025D8: 15:28:06 [TUniServerModule]:Start Path = C:\Projetos_WEB\ERP_Importa\
ERPImporta.exe: 000025D8: 15:28:07 [TUniServerModule]:Debug Mode = ON
ERPImporta.exe: 000025D8: 15:28:07 [TUniGUISessionManager]:Cache erase job created, Folder count: [1]
ERPImporta.exe: 000025D8: 15:28:07 [TUniServerModule]:Starting HTTP Server on Port: 8077...
ERPImporta.exe: 000025D8: 15:28:07 [TUniServerModule]:HTTP Server Started on Port: 8077
ERPImporta.exe: 000021AC: 15:32:47 []:>--------------------------------------------------------------<
ERPImporta.exe: 000021AC: 15:32:47 [TUniServerModule]:Server First Init.
ERPImporta.exe: 000021AC: 15:32:47 [TUniServerModule]:Start Path = C:\Projetos_WEB\ERP_Importa\
ERPImporta.exe: 000021AC: 15:32:47 [TUniServerModule]:Debug Mode = ON
ERPImporta.exe: 000021AC: 15:32:47 [TUniGUISessionManager]:Cache erase job created, Folder count: [1]
ERPImporta.exe: 000021AC: 15:32:47 [TUniServerModule]:Starting HTTP Server on Port: 8077...
ERPImporta.exe: 000021AC: 15:32:47 [TUniServerModule]:HTTP Server Started on Port: 8077
ERPImporta.exe: 000007EC: 15:35:54 []:>--------------------------------------------------------------<
ERPImporta.exe: 000007EC: 15:35:54 [TUniServerModule]:Server First Init.
ERPImporta.exe: 000007EC: 15:35:54 [TUniServerModule]:Start Path = C:\Projetos_WEB\ERP_Importa\
ERPImporta.exe: 000007EC: 15:35:54 [TUniServerModule]:Debug Mode = ON
ERPImporta.exe: 000007EC: 15:35:54 [TUniGUISessionManager]:Cache erase job created, Folder count: [1]
ERPImporta.exe: 000007EC: 15:35:55 [TUniServerModule]:Starting HTTP Server on Port: 8077...
ERPImporta.exe: 000007EC: 15:35:55 [TUniServerModule]:HTTP Server Started on Port: 8077
ERPImporta.exe: 00002FA4: 15:36:35 []:>--------------------------------------------------------------<
ERPImporta.exe: 00002FA4: 15:36:35 [TUniServerModule]:Server First Init.
ERPImporta.exe: 00002FA4: 15:36:35 [TUniServerModule]:Start Path = C:\Projetos_WEB\ERP_Importa\
ERPImporta.exe: 00002FA4: 15:36:35 [TUniServerModule]:Debug Mode = ON
ERPImporta.exe: 00002FA4: 15:36:35 [TUniGUISessionManager]:Cache erase job created, Folder count: [1]
ERPImporta.exe: 00002FA4: 15:36:36 [TUniServerModule]:Starting HTTP Server on Port: 8077...
ERPImporta.exe: 00002FA4: 15:36:36 [TUniServerModule]:HTTP Server Started on Port: 8077
ERPImporta.exe: 00000510: 15:50:34 []:>--------------------------------------------------------------<
ERPImporta.exe: 00000510: 15:50:34 [TUniServerModule]:Server First Init.
ERPImporta.exe: 00000510: 15:50:34 [TUniServerModule]:Start Path = C:\Projetos_WEB\ERP_Importa\
ERPImporta.exe: 00000510: 15:50:34 [TUniServerModule]:Debug Mode = ON
ERPImporta.exe: 00000510: 15:50:34 [TUniServerModule]:Starting HTTP Server on Port: 8077...
ERPImporta.exe: 00000510: 15:50:34 [TUniServerModule]:HTTP Server Started on Port: 8077
ERPImporta.exe: 00003894: 15:50:37 [127.0.0.1]:EUniSessionException : Sessão inváilda ou tempo da sessão expirado. (Session not found: EJ8UPrcGSc110289F92 ) : Addr: $007CFC94
ERPImporta.exe: 00002934: 15:55:44 []:>--------------------------------------------------------------<
ERPImporta.exe: 00002934: 15:55:44 [TUniServerModule]:Server First Init.
ERPImporta.exe: 00002934: 15:55:44 [TUniServerModule]:Start Path = C:\Projetos_WEB\ERP_Importa\
ERPImporta.exe: 00002934: 15:55:44 [TUniServerModule]:Debug Mode = ON
ERPImporta.exe: 00002934: 15:55:44 [TUniGUISessionManager]:Cache erase job created, Folder count: [1]
ERPImporta.exe: 00002934: 15:55:45 [TUniServerModule]:Starting HTTP Server on Port: 8077...
ERPImporta.exe: 00002934: 15:55:45 [TUniServerModule]:HTTP Server Started on Port: 8077
ERPImporta.exe: 0000126C: 16:09:31 []:>--------------------------------------------------------------<
ERPImporta.exe: 0000126C: 16:09:31 [TUniServerModule]:Server First Init.
ERPImporta.exe: 0000126C: 16:09:31 [TUniServerModule]:Start Path = C:\Projetos_WEB\ERP_Importa\
ERPImporta.exe: 0000126C: 16:09:31 [TUniServerModule]:Debug Mode = ON
ERPImporta.exe: 0000126C: 16:09:31 [TUniServerModule]:Starting HTTP Server on Port: 8077...
ERPImporta.exe: 0000126C: 16:09:31 [TUniServerModule]:HTTP Server Started on Port: 8077
