ERPImporta.exe: 0000272C: 13:36:57 []:>--------------------------------------------------------------<
ERPImporta.exe: 0000272C: 13:36:57 [TUniServerModule]:Server First Init.
ERPImporta.exe: 0000272C: 13:36:57 [TUniServerModule]:Start Path = C:\Projetos_WEB\ERP_Importa\
ERPImporta.exe: 0000272C: 13:36:57 [TUniServerModule]:Debug Mode = ON
ERPImporta.exe: 0000272C: 13:36:57 [TUniServerModule]:Starting HTTP Server on Port: 8077...
ERPImporta.exe: 0000272C: 13:36:57 [TUniServerModule]:HTTP Server Started on Port: 8077
ERPImporta.exe: 0000245C: 13:37:20 [HandleFileRequest[127.0.0.1]]:File not found: C:\Projetos_WEB\ERP_Importa\files\images\fundo8.jpg
ERPImporta.exe: 00000B8C: 14:44:55 []:>--------------------------------------------------------------<
ERPImporta.exe: 00000B8C: 14:44:55 [TUniServerModule]:Server First Init.
ERPImporta.exe: 00000B8C: 14:44:55 [TUniServerModule]:Start Path = C:\Projetos_WEB\ERP_Importa\
ERPImporta.exe: 00000B8C: 14:44:55 [TUniServerModule]:Debug Mode = ON
ERPImporta.exe: 00000B8C: 14:44:56 [TUniServerModule]:Starting HTTP Server on Port: 8077...
ERPImporta.exe: 00000B8C: 14:44:56 [TUniServerModule]:HTTP Server Started on Port: 8077
ERPImporta.exe: 00002294: 14:45:04 [HandleFileRequest[127.0.0.1]]:File not found: C:\Projetos_WEB\ERP_Importa\files\images\fundo8.jpg
ERPImporta.exe: 00002A5C: 14:46:22 [HandleFileRequest[127.0.0.1]]:File not found: C:\Projetos_WEB\ERP_Importa\files\images\fundo8.jpg
ERPImporta.exe: 00000F34: 14:46:24 [HandleFileRequest[127.0.0.1]]:File not found: C:\Projetos_WEB\ERP_Importa\files\images\fundo8.jpg
ERPImporta.exe: 00001EE4: 14:46:39 [HandleFileRequest[127.0.0.1]]:File not found: C:\Projetos_WEB\ERP_Importa\files\images\fundo8.jpg
ERPImporta.exe: 00003A9C: 14:46:40 [HandleFileRequest[127.0.0.1]]:File not found: C:\Projetos_WEB\ERP_Importa\files\images\fundo8.jpg
ERPImporta.exe: 00001244: 14:46:41 [HandleFileRequest[127.0.0.1]]:File not found: C:\Projetos_WEB\ERP_Importa\files\images\fundo8.jpg
ERPImporta.exe: 0000315C: 14:46:41 [HandleFileRequest[127.0.0.1]]:File not found: C:\Projetos_WEB\ERP_Importa\files\images\fundo8.jpg
ERPImporta.exe: 00002A7C: 14:46:54 [HandleFileRequest[127.0.0.1]]:File not found: C:\Projetos_WEB\ERP_Importa\files\images\fundo8.jpg
ERPImporta.exe: 00002EA4: 14:49:27 [HandleFileRequest[127.0.0.1]]:File not found: C:\Projetos_WEB\ERP_Importa\files\images\fundo8.jpg
ERPImporta.exe: 00001B24: 14:52:19 []:>--------------------------------------------------------------<
ERPImporta.exe: 00001B24: 14:52:19 [TUniServerModule]:Server First Init.
ERPImporta.exe: 00001B24: 14:52:19 [TUniServerModule]:Start Path = C:\Projetos_WEB\ERP_Importa\
ERPImporta.exe: 00001B24: 14:52:19 [TUniServerModule]:Debug Mode = ON
ERPImporta.exe: 00001B24: 14:52:19 [TUniServerModule]:Starting HTTP Server on Port: 8077...
ERPImporta.exe: 00001B24: 14:52:19 [TUniServerModule]:HTTP Server Started on Port: 8077
ERPImporta.exe: 00000BD4: 14:52:27 [HandleFileRequest[127.0.0.1]]:File not found: C:\Projetos_WEB\ERP_Importa\files\images\fundo8.jpg
ERPImporta.exe: 00002758: 14:53:25 []:>--------------------------------------------------------------<
ERPImporta.exe: 00002758: 14:53:25 [TUniServerModule]:Server First Init.
ERPImporta.exe: 00002758: 14:53:25 [TUniServerModule]:Start Path = C:\Projetos_WEB\ERP_Importa\
ERPImporta.exe: 00002758: 14:53:25 [TUniServerModule]:Debug Mode = ON
ERPImporta.exe: 00002758: 14:53:25 [TUniGUISessionManager]:Cache erase job created, Folder count: [1]
ERPImporta.exe: 00002758: 14:53:25 [TUniServerModule]:Starting HTTP Server on Port: 8077...
ERPImporta.exe: 00002758: 14:53:25 [TUniServerModule]:HTTP Server Started on Port: 8077
ERPImporta.exe: 00003430: 14:53:38 []:>--------------------------------------------------------------<
ERPImporta.exe: 00003430: 14:53:38 [TUniServerModule]:Server First Init.
ERPImporta.exe: 00003430: 14:53:38 [TUniServerModule]:Start Path = C:\Projetos_WEB\ERP_Importa\
ERPImporta.exe: 00003430: 14:53:38 [TUniServerModule]:Debug Mode = ON
ERPImporta.exe: 00003430: 14:53:39 [TUniServerModule]:Starting HTTP Server on Port: 8077...
ERPImporta.exe: 00003430: 14:53:39 [TUniServerModule]:HTTP Server Started on Port: 8077
ERPImporta.exe: 00003A04: 14:53:46 [HandleFileRequest[127.0.0.1]]:File not found: C:\Projetos_WEB\ERP_Importa\files\images\fundo8.jpg
ERPImporta.exe: 00001168: 14:55:37 []:>--------------------------------------------------------------<
ERPImporta.exe: 00001168: 14:55:37 [TUniServerModule]:Server First Init.
ERPImporta.exe: 00001168: 14:55:37 [TUniServerModule]:Start Path = C:\Projetos_WEB\ERP_Importa\
ERPImporta.exe: 00001168: 14:55:37 [TUniServerModule]:Debug Mode = ON
ERPImporta.exe: 00001168: 14:55:37 [TUniGUISessionManager]:Cache erase job created, Folder count: [1]
ERPImporta.exe: 00001168: 14:55:37 [TUniServerModule]:Starting HTTP Server on Port: 8077...
ERPImporta.exe: 00001168: 14:55:37 [TUniServerModule]:HTTP Server Started on Port: 8077
ERPImporta.exe: 0000070C: 14:55:41 [127.0.0.1]:EUniSessionException : Sessão inváilda ou tempo da sessão expirado. (Session not found: n9iosY77VX10BB7CC4C ) : Addr: $007AD8FA
ERPImporta.exe: 000035D8: 14:55:45 [HandleFileRequest[127.0.0.1]]:File not found: C:\Projetos_WEB\ERP_Importa\files\images\fundo8.jpg
ERPImporta.exe: 00003C48: 14:56:32 []:>--------------------------------------------------------------<
ERPImporta.exe: 00003C48: 14:56:32 [TUniServerModule]:Server First Init.
ERPImporta.exe: 00003C48: 14:56:32 [TUniServerModule]:Start Path = C:\Projetos_WEB\ERP_Importa\
ERPImporta.exe: 00003C48: 14:56:32 [TUniServerModule]:Debug Mode = ON
ERPImporta.exe: 00003C48: 14:56:32 [TUniGUISessionManager]:Cache erase job created, Folder count: [1]
ERPImporta.exe: 00003C48: 14:56:33 [TUniServerModule]:Starting HTTP Server on Port: 8077...
ERPImporta.exe: 00003C48: 14:56:33 [TUniServerModule]:HTTP Server Started on Port: 8077
ERPImporta.exe: 00000ECC: 14:56:51 []:>--------------------------------------------------------------<
ERPImporta.exe: 00000ECC: 14:56:51 [TUniServerModule]:Server First Init.
ERPImporta.exe: 00000ECC: 14:56:51 [TUniServerModule]:Start Path = C:\Projetos_WEB\ERP_Importa\
ERPImporta.exe: 00000ECC: 14:56:51 [TUniServerModule]:Debug Mode = ON
ERPImporta.exe: 00000ECC: 14:56:51 [TUniServerModule]:Starting HTTP Server on Port: 8077...
ERPImporta.exe: 00000ECC: 14:56:51 [TUniServerModule]:HTTP Server Started on Port: 8077
ERPImporta.exe: 000015E4: 14:56:59 [HandleFileRequest[127.0.0.1]]:File not found: C:\Projetos_WEB\ERP_Importa\files\images\fundo8.jpg
ERPImporta.exe: 00003C74: 15:10:35 []:>--------------------------------------------------------------<
ERPImporta.exe: 00003C74: 15:10:35 [TUniServerModule]:Server First Init.
ERPImporta.exe: 00003C74: 15:10:35 [TUniServerModule]:Start Path = C:\Projetos_WEB\ERP_Importa\
ERPImporta.exe: 00003C74: 15:10:35 [TUniServerModule]:Debug Mode = ON
ERPImporta.exe: 00003C74: 15:10:35 [TUniServerModule]:Starting HTTP Server on Port: 8077...
ERPImporta.exe: 00003C74: 15:10:35 [TUniServerModule]:HTTP Server Started on Port: 8077
ERPImporta.exe: 00000894: 15:10:55 [[FireDAC][Phys][ODBC][Microsoft][SQL Server Native Client 11.0][SQL Server]Invalid object name 'PlanoFinanceiro'.-127.0.0.1]:EMSSQLNativeException : [FireDAC][Phys][ODBC][Microsoft][SQL Server Native Client 11.0][SQL Server]Invalid object name 'PlanoFinanceiro'. : Addr: $008BB2F5
ERPImporta.exe: 000011B0: 15:11:02 [HandleFileRequest[127.0.0.1]]:File not found: C:\Projetos_WEB\ERP_Importa\files\images\fundo8.jpg
ERPImporta.exe: 00002940: 15:23:57 []:>--------------------------------------------------------------<
ERPImporta.exe: 00002940: 15:23:57 [TUniServerModule]:Server First Init.
ERPImporta.exe: 00002940: 15:23:57 [TUniServerModule]:Start Path = C:\Projetos_WEB\ERP_Importa\
ERPImporta.exe: 00002940: 15:23:57 [TUniServerModule]:Debug Mode = ON
ERPImporta.exe: 00002940: 15:23:58 [TUniServerModule]:Starting HTTP Server on Port: 8077...
ERPImporta.exe: 00002940: 15:23:58 [TUniServerModule]:HTTP Server Started on Port: 8077
ERPImporta.exe: 0000050C: 15:24:06 [[FireDAC][Phys][ODBC][Microsoft][SQL Server Native Client 11.0][SQL Server]Invalid object name 'PlanoFinanceiro'.-127.0.0.1]:EMSSQLNativeException : [FireDAC][Phys][ODBC][Microsoft][SQL Server Native Client 11.0][SQL Server]Invalid object name 'PlanoFinanceiro'. : Addr: $008BB2F5
ERPImporta.exe: 000036B0: 15:32:48 []:>--------------------------------------------------------------<
ERPImporta.exe: 000036B0: 15:32:48 [TUniServerModule]:Server First Init.
ERPImporta.exe: 000036B0: 15:32:48 [TUniServerModule]:Start Path = C:\Projetos_WEB\ERP_Importa\
ERPImporta.exe: 000036B0: 15:32:48 [TUniServerModule]:Debug Mode = ON
ERPImporta.exe: 000036B0: 15:32:49 [TUniServerModule]:Starting HTTP Server on Port: 8077...
ERPImporta.exe: 000036B0: 15:32:49 [TUniServerModule]:HTTP Server Started on Port: 8077
ERPImporta.exe: 00003460: 15:33:57 []:>--------------------------------------------------------------<
ERPImporta.exe: 00003460: 15:33:57 [TUniServerModule]:Server First Init.
ERPImporta.exe: 00003460: 15:33:57 [TUniServerModule]:Start Path = C:\Projetos_WEB\ERP_Importa\
ERPImporta.exe: 00003460: 15:33:57 [TUniServerModule]:Debug Mode = ON
ERPImporta.exe: 00003460: 15:33:57 [TUniGUISessionManager]:Cache erase job created, Folder count: [1]
ERPImporta.exe: 00003460: 15:33:57 [TUniServerModule]:Starting HTTP Server on Port: 8077...
ERPImporta.exe: 00003460: 15:33:57 [TUniServerModule]:HTTP Server Started on Port: 8077
ERPImporta.exe: 00000268: 15:34:05 []:>--------------------------------------------------------------<
ERPImporta.exe: 00000268: 15:34:05 [TUniServerModule]:Server First Init.
ERPImporta.exe: 00000268: 15:34:05 [TUniServerModule]:Start Path = C:\Projetos_WEB\ERP_Importa\
ERPImporta.exe: 00000268: 15:34:05 [TUniServerModule]:Debug Mode = ON
ERPImporta.exe: 00000268: 15:34:05 [TUniServerModule]:Starting HTTP Server on Port: 8077...
ERPImporta.exe: 00000268: 15:34:05 [TUniServerModule]:HTTP Server Started on Port: 8077
ERPImporta.exe: 0000245C: 15:34:51 []:>--------------------------------------------------------------<
ERPImporta.exe: 0000245C: 15:34:51 [TUniServerModule]:Server First Init.
ERPImporta.exe: 0000245C: 15:34:51 [TUniServerModule]:Start Path = C:\Projetos_WEB\ERP_Importa\
ERPImporta.exe: 0000245C: 15:34:51 [TUniServerModule]:Debug Mode = ON
ERPImporta.exe: 0000245C: 15:34:51 [TUniGUISessionManager]:Cache erase job created, Folder count: [1]
ERPImporta.exe: 0000245C: 15:34:51 [TUniServerModule]:Starting HTTP Server on Port: 8077...
ERPImporta.exe: 0000245C: 15:34:51 [TUniServerModule]:HTTP Server Started on Port: 8077
ERPImporta.exe: 00003B5C: 15:35:08 [[FireDAC][Phys][ODBC][Microsoft][SQL Server Native Client 11.0][SQL Server]Invalid column name 'Nome'.-127.0.0.1]:EMSSQLNativeException : [FireDAC][Phys][ODBC][Microsoft][SQL Server Native Client 11.0][SQL Server]Invalid column name 'Nome'. : Addr: $008BB2F5
ERPImporta.exe: 000039FC: 15:35:53 []:>--------------------------------------------------------------<
ERPImporta.exe: 000039FC: 15:35:53 [TUniServerModule]:Server First Init.
ERPImporta.exe: 000039FC: 15:35:53 [TUniServerModule]:Start Path = C:\Projetos_WEB\ERP_Importa\
ERPImporta.exe: 000039FC: 15:35:53 [TUniServerModule]:Debug Mode = ON
ERPImporta.exe: 000039FC: 15:35:53 [TUniGUISessionManager]:Cache erase job created, Folder count: [1]
ERPImporta.exe: 000039FC: 15:35:53 [TUniServerModule]:Starting HTTP Server on Port: 8077...
ERPImporta.exe: 000039FC: 15:35:54 [TUniServerModule]:HTTP Server Started on Port: 8077
ERPImporta.exe: 000029EC: 15:36:34 []:>--------------------------------------------------------------<
ERPImporta.exe: 000029EC: 15:36:34 [TUniServerModule]:Server First Init.
ERPImporta.exe: 000029EC: 15:36:34 [TUniServerModule]:Start Path = C:\Projetos_WEB\ERP_Importa\
ERPImporta.exe: 000029EC: 15:36:34 [TUniServerModule]:Debug Mode = ON
ERPImporta.exe: 000029EC: 15:36:34 [TUniGUISessionManager]:Cache erase job created, Folder count: [1]
ERPImporta.exe: 000029EC: 15:36:34 [TUniServerModule]:Starting HTTP Server on Port: 8077...
ERPImporta.exe: 000029EC: 15:36:34 [TUniServerModule]:HTTP Server Started on Port: 8077
ERPImporta.exe: 00000A84: 15:36:36 [127.0.0.1]:EUniSessionException : Sessão inváilda ou tempo da sessão expirado. (Session not found: wCcbEuh4yt10BB7D7C2 ) : Addr: $007AD8FA
ERPImporta.exe: 00003B40: 15:36:38 [127.0.0.1]:EUniSessionException : Sessão inváilda ou tempo da sessão expirado. (Session not found: wCcbEuh4yt10BB7D7C2 ) : Addr: $007AD8FA
ERPImporta.exe: 00002244: 15:39:41 []:>--------------------------------------------------------------<
ERPImporta.exe: 00002244: 15:39:41 [TUniServerModule]:Server First Init.
ERPImporta.exe: 00002244: 15:39:41 [TUniServerModule]:Start Path = C:\Projetos_WEB\ERP_Importa\
ERPImporta.exe: 00002244: 15:39:41 [TUniServerModule]:Debug Mode = ON
ERPImporta.exe: 00002244: 15:39:41 [TUniGUISessionManager]:Cache erase job created, Folder count: [1]
ERPImporta.exe: 00002244: 15:39:42 [TUniServerModule]:Starting HTTP Server on Port: 8077...
ERPImporta.exe: 00002244: 15:39:42 [TUniServerModule]:HTTP Server Started on Port: 8077
ERPImporta.exe: 000035DC: 15:39:55 []:>--------------------------------------------------------------<
ERPImporta.exe: 000035DC: 15:39:55 [TUniServerModule]:Server First Init.
ERPImporta.exe: 000035DC: 15:39:55 [TUniServerModule]:Start Path = C:\Projetos_WEB\ERP_Importa\
ERPImporta.exe: 000035DC: 15:39:55 [TUniServerModule]:Debug Mode = ON
ERPImporta.exe: 000035DC: 15:39:55 [TUniGUISessionManager]:Cache erase job created, Folder count: [1]
ERPImporta.exe: 000035DC: 15:39:55 [TUniServerModule]:Starting HTTP Server on Port: 8077...
ERPImporta.exe: 000035DC: 15:39:55 [TUniServerModule]:HTTP Server Started on Port: 8077
ERPImporta.exe: 00002E90: 15:40:33 []:>--------------------------------------------------------------<
ERPImporta.exe: 00002E90: 15:40:33 [TUniServerModule]:Server First Init.
ERPImporta.exe: 00002E90: 15:40:33 [TUniServerModule]:Start Path = C:\Projetos_WEB\ERP_Importa\
ERPImporta.exe: 00002E90: 15:40:33 [TUniServerModule]:Debug Mode = ON
ERPImporta.exe: 00002E90: 15:40:33 [TUniGUISessionManager]:Cache erase job created, Folder count: [1]
ERPImporta.exe: 00002E90: 15:40:33 [TUniServerModule]:Starting HTTP Server on Port: 8077...
ERPImporta.exe: 00002E90: 15:40:33 [TUniServerModule]:HTTP Server Started on Port: 8077
ERPImporta.exe: 00003970: 15:40:47 []:>--------------------------------------------------------------<
ERPImporta.exe: 00003970: 15:40:47 [TUniServerModule]:Server First Init.
ERPImporta.exe: 00003970: 15:40:47 [TUniServerModule]:Start Path = C:\Projetos_WEB\ERP_Importa\
ERPImporta.exe: 00003970: 15:40:47 [TUniServerModule]:Debug Mode = ON
ERPImporta.exe: 00003970: 15:40:48 [TUniServerModule]:Starting HTTP Server on Port: 8077...
ERPImporta.exe: 00003970: 15:40:48 [TUniServerModule]:HTTP Server Started on Port: 8077
ERPImporta.exe: 000017C8: 15:44:20 []:>--------------------------------------------------------------<
ERPImporta.exe: 000017C8: 15:44:20 [TUniServerModule]:Server First Init.
ERPImporta.exe: 000017C8: 15:44:20 [TUniServerModule]:Start Path = C:\Projetos_WEB\ERP_Importa\
ERPImporta.exe: 000017C8: 15:44:20 [TUniServerModule]:Debug Mode = ON
ERPImporta.exe: 000017C8: 15:44:20 [TUniGUISessionManager]:Cache erase job created, Folder count: [1]
ERPImporta.exe: 000017C8: 15:44:21 [TUniServerModule]:Starting HTTP Server on Port: 8077...
ERPImporta.exe: 000017C8: 15:44:21 [TUniServerModule]:HTTP Server Started on Port: 8077
ERPImporta.exe: 00003D84: 15:44:32 []:>--------------------------------------------------------------<
ERPImporta.exe: 00003D84: 15:44:32 [TUniServerModule]:Server First Init.
ERPImporta.exe: 00003D84: 15:44:32 [TUniServerModule]:Start Path = C:\Projetos_WEB\ERP_Importa\
ERPImporta.exe: 00003D84: 15:44:32 [TUniServerModule]:Debug Mode = ON
ERPImporta.exe: 00003D84: 15:44:33 [TUniServerModule]:Starting HTTP Server on Port: 8077...
ERPImporta.exe: 00003D84: 15:44:33 [TUniServerModule]:HTTP Server Started on Port: 8077
ERPImporta.exe: 00003EB0: 15:45:15 [HandleFileRequest[127.0.0.1]]:File not found: C:\Projetos_WEB\ERP_Importa\files\images\fundo8.jpg
ERPImporta.exe: 000038D4: 15:47:12 []:>--------------------------------------------------------------<
ERPImporta.exe: 000038D4: 15:47:12 [TUniServerModule]:Server First Init.
ERPImporta.exe: 000038D4: 15:47:12 [TUniServerModule]:Start Path = C:\Projetos_WEB\ERP_Importa\
ERPImporta.exe: 000038D4: 15:47:12 [TUniServerModule]:Debug Mode = ON
ERPImporta.exe: 000038D4: 15:47:12 [TUniGUISessionManager]:Cache erase job created, Folder count: [1]
ERPImporta.exe: 000038D4: 15:47:12 [TUniServerModule]:Starting HTTP Server on Port: 8077...
ERPImporta.exe: 000038D4: 15:47:12 [TUniServerModule]:HTTP Server Started on Port: 8077
ERPImporta.exe: 00003EFC: 15:49:53 [HandleFileRequest[127.0.0.1]]:File not found: C:\Projetos_WEB\ERP_Importa\files\images\fundo8.jpg
ERPImporta.exe: 0000278C: 15:57:29 []:>--------------------------------------------------------------<
ERPImporta.exe: 0000278C: 15:57:29 [TUniServerModule]:Server First Init.
ERPImporta.exe: 0000278C: 15:57:29 [TUniServerModule]:Start Path = C:\Projetos_WEB\ERP_Importa\
ERPImporta.exe: 0000278C: 15:57:29 [TUniServerModule]:Debug Mode = ON
ERPImporta.exe: 0000278C: 15:57:29 [TUniGUISessionManager]:Cache erase job created, Folder count: [1]
ERPImporta.exe: 0000278C: 15:57:29 [TUniServerModule]:Starting HTTP Server on Port: 8077...
ERPImporta.exe: 0000278C: 15:57:29 [TUniServerModule]:HTTP Server Started on Port: 8077
ERPImporta.exe: 00002444: 15:57:43 []:>--------------------------------------------------------------<
ERPImporta.exe: 00002444: 15:57:43 [TUniServerModule]:Server First Init.
ERPImporta.exe: 00002444: 15:57:43 [TUniServerModule]:Start Path = C:\Projetos_WEB\ERP_Importa\
ERPImporta.exe: 00002444: 15:57:43 [TUniServerModule]:Debug Mode = ON
ERPImporta.exe: 00002444: 15:57:43 [TUniServerModule]:Starting HTTP Server on Port: 8077...
ERPImporta.exe: 00002444: 15:57:43 [TUniServerModule]:HTTP Server Started on Port: 8077
ERPImporta.exe: 000004EC: 15:57:51 [HandleFileRequest[127.0.0.1]]:File not found: C:\Projetos_WEB\ERP_Importa\files\images\fundo8.jpg
ERPImporta.exe: 00000474: 16:04:17 []:>--------------------------------------------------------------<
ERPImporta.exe: 00000474: 16:04:17 [TUniServerModule]:Server First Init.
ERPImporta.exe: 00000474: 16:04:17 [TUniServerModule]:Start Path = C:\Projetos_WEB\ERP_Importa\
ERPImporta.exe: 00000474: 16:04:17 [TUniServerModule]:Debug Mode = ON
ERPImporta.exe: 00000474: 16:04:17 [TUniGUISessionManager]:Cache erase job created, Folder count: [1]
ERPImporta.exe: 00000474: 16:04:17 [TUniServerModule]:Starting HTTP Server on Port: 8077...
ERPImporta.exe: 00000474: 16:04:17 [TUniServerModule]:HTTP Server Started on Port: 8077
ERPImporta.exe: 00002E04: 16:04:21 [127.0.0.1]:EUniSessionException : Sessão inváilda ou tempo da sessão expirado. (Session not found: ZW9mN9un4n10BB7DDAE ) : Addr: $007AD8FA
ERPImporta.exe: 00001F80: 16:04:22 [127.0.0.1]:EUniSessionException : Sessão inváilda ou tempo da sessão expirado. (Session not found: ZW9mN9un4n10BB7DDAE ) : Addr: $007AD8FA
ERPImporta.exe: 00003550: 16:04:34 []:>--------------------------------------------------------------<
ERPImporta.exe: 00003550: 16:04:34 [TUniServerModule]:Server First Init.
ERPImporta.exe: 00003550: 16:04:34 [TUniServerModule]:Start Path = C:\Projetos_WEB\ERP_Importa\
ERPImporta.exe: 00003550: 16:04:34 [TUniServerModule]:Debug Mode = ON
ERPImporta.exe: 00003550: 16:04:34 [TUniServerModule]:Starting HTTP Server on Port: 8077...
ERPImporta.exe: 00003550: 16:04:34 [TUniServerModule]:HTTP Server Started on Port: 8077
ERPImporta.exe: 000011CC: 16:04:49 [HandleFileRequest[127.0.0.1]]:File not found: C:\Projetos_WEB\ERP_Importa\files\images\fundo8.jpg
ERPImporta.exe: 000018F0: 16:04:57 [127.0.0.1]:EDatabaseError : Plano: Field 'Nome' not found : Addr: $0065727A
ERPImporta.exe: 000018F0: 16:05:01 [127.0.0.1]:EDatabaseError : Plano: Field 'Nome' not found : Addr: $0065727A
ERPImporta.exe: 000018F0: 16:05:03 [127.0.0.1]:EDatabaseError : Plano: Field 'Nome' not found : Addr: $0065727A
ERPImporta.exe: 000018F0: 16:05:05 [127.0.0.1]:EDatabaseError : Plano: Field 'Nome' not found : Addr: $0065727A
ERPImporta.exe: 000018F0: 16:05:06 [127.0.0.1]:EDatabaseError : Plano: Field 'Nome' not found : Addr: $0065727A
ERPImporta.exe: 000027D4: 16:08:29 []:>--------------------------------------------------------------<
ERPImporta.exe: 000027D4: 16:08:29 [TUniServerModule]:Server First Init.
ERPImporta.exe: 000027D4: 16:08:29 [TUniServerModule]:Start Path = C:\Projetos_WEB\ERP_Importa\
ERPImporta.exe: 000027D4: 16:08:29 [TUniServerModule]:Debug Mode = ON
ERPImporta.exe: 000027D4: 16:08:29 [TUniGUISessionManager]:Cache erase job created, Folder count: [1]
ERPImporta.exe: 000027D4: 16:08:29 [TUniServerModule]:Starting HTTP Server on Port: 8077...
ERPImporta.exe: 000027D4: 16:08:29 [TUniServerModule]:HTTP Server Started on Port: 8077
ERPImporta.exe: 000017E8: 16:08:47 []:>--------------------------------------------------------------<
ERPImporta.exe: 000017E8: 16:08:47 [TUniServerModule]:Server First Init.
ERPImporta.exe: 000017E8: 16:08:47 [TUniServerModule]:Start Path = C:\Projetos_WEB\ERP_Importa\
ERPImporta.exe: 000017E8: 16:08:47 [TUniServerModule]:Debug Mode = ON
ERPImporta.exe: 000017E8: 16:08:48 [TUniServerModule]:Starting HTTP Server on Port: 8077...
ERPImporta.exe: 000017E8: 16:08:48 [TUniServerModule]:HTTP Server Started on Port: 8077
ERPImporta.exe: 00000C20: 16:12:45 []:>--------------------------------------------------------------<
ERPImporta.exe: 00000C20: 16:12:45 [TUniServerModule]:Server First Init.
ERPImporta.exe: 00000C20: 16:12:45 [TUniServerModule]:Start Path = C:\Projetos_WEB\ERP_Importa\
ERPImporta.exe: 00000C20: 16:12:45 [TUniServerModule]:Debug Mode = ON
ERPImporta.exe: 00000C20: 16:12:45 [TUniServerModule]:Starting HTTP Server on Port: 8077...
ERPImporta.exe: 00000C20: 16:12:45 [TUniServerModule]:HTTP Server Started on Port: 8077
