ERPImporta.exe: 000026E0: 09:00:31 []:>--------------------------------------------------------------<
ERPImporta.exe: 000026E0: 09:00:31 [TUniServerModule]:Server First Init.
ERPImporta.exe: 000026E0: 09:00:31 [TUniServerModule]:Start Path = C:\Projetos_WEB\ERP_Importa\
ERPImporta.exe: 000026E0: 09:00:31 [TUniServerModule]:Debug Mode = ON
ERPImporta.exe: 000026E0: 09:00:31 [TUniGUISessionManager]:Cache erase job created, Folder count: [1]
ERPImporta.exe: 000026E0: 09:00:31 [TUniServerModule]:Starting HTTP Server on Port: 8077...
ERPImporta.exe: 000026E0: 09:00:31 [TUniServerModule]:HTTP Server Started on Port: 8077
ERPImporta.exe: 00003984: 09:06:38 []:>--------------------------------------------------------------<
ERPImporta.exe: 00003984: 09:06:38 [TUniServerModule]:Server First Init.
ERPImporta.exe: 00003984: 09:06:38 [TUniServerModule]:Start Path = C:\Projetos_WEB\ERP_Importa\
ERPImporta.exe: 00003984: 09:06:38 [TUniServerModule]:Debug Mode = ON
ERPImporta.exe: 00003984: 09:06:38 [TUniGUISessionManager]:Cache erase job created, Folder count: [1]
ERPImporta.exe: 00003984: 09:06:38 [TUniServerModule]:Starting HTTP Server on Port: 8077...
ERPImporta.exe: 00003984: 09:06:38 [TUniServerModule]:HTTP Server Started on Port: 8077
ERPImporta.exe: 00002130: 09:06:52 []:>--------------------------------------------------------------<
ERPImporta.exe: 00002130: 09:06:52 [TUniServerModule]:Server First Init.
ERPImporta.exe: 00002130: 09:06:52 [TUniServerModule]:Start Path = C:\Projetos_WEB\ERP_Importa\
ERPImporta.exe: 00002130: 09:06:52 [TUniServerModule]:Debug Mode = ON
ERPImporta.exe: 00002130: 09:06:52 [TUniServerModule]:Starting HTTP Server on Port: 8077...
ERPImporta.exe: 00002130: 09:06:52 [TUniServerModule]:HTTP Server Started on Port: 8077
ERPImporta.exe: 00003B8C: 09:09:04 []:>--------------------------------------------------------------<
ERPImporta.exe: 00003B8C: 09:09:04 [TUniServerModule]:Server First Init.
ERPImporta.exe: 00003B8C: 09:09:04 [TUniServerModule]:Start Path = C:\Projetos_WEB\ERP_Importa\
ERPImporta.exe: 00003B8C: 09:09:04 [TUniServerModule]:Debug Mode = ON
ERPImporta.exe: 00003B8C: 09:09:04 [TUniGUISessionManager]:Cache erase job created, Folder count: [1]
ERPImporta.exe: 00003B8C: 09:09:04 [TUniServerModule]:Starting HTTP Server on Port: 8077...
ERPImporta.exe: 00003B8C: 09:09:04 [TUniServerModule]:HTTP Server Started on Port: 8077
ERPImporta.exe: 00003A18: 09:10:54 []:>--------------------------------------------------------------<
ERPImporta.exe: 00003A18: 09:10:54 [TUniServerModule]:Server First Init.
ERPImporta.exe: 00003A18: 09:10:54 [TUniServerModule]:Start Path = C:\Projetos_WEB\ERP_Importa\
ERPImporta.exe: 00003A18: 09:10:54 [TUniServerModule]:Debug Mode = ON
ERPImporta.exe: 00003A18: 09:10:54 [TUniGUISessionManager]:Cache erase job created, Folder count: [1]
ERPImporta.exe: 00003A18: 09:10:54 [TUniServerModule]:Starting HTTP Server on Port: 8077...
ERPImporta.exe: 00003A18: 09:10:54 [TUniServerModule]:HTTP Server Started on Port: 8077
ERPImporta.exe: 00001354: 09:19:07 []:>--------------------------------------------------------------<
ERPImporta.exe: 00001354: 09:19:07 [TUniServerModule]:Server First Init.
ERPImporta.exe: 00001354: 09:19:07 [TUniServerModule]:Start Path = C:\Projetos_WEB\ERP_Importa\
ERPImporta.exe: 00001354: 09:19:07 [TUniServerModule]:Debug Mode = ON
ERPImporta.exe: 00001354: 09:19:07 [TUniServerModule]:Starting HTTP Server on Port: 8077...
ERPImporta.exe: 00001354: 09:19:07 [TUniServerModule]:HTTP Server Started on Port: 8077
ERPImporta.exe: 00002380: 09:20:09 []:>--------------------------------------------------------------<
ERPImporta.exe: 00002380: 09:20:09 [TUniServerModule]:Server First Init.
ERPImporta.exe: 00002380: 09:20:09 [TUniServerModule]:Start Path = C:\Projetos_WEB\ERP_Importa\
ERPImporta.exe: 00002380: 09:20:09 [TUniServerModule]:Debug Mode = ON
ERPImporta.exe: 00002380: 09:20:09 [TUniServerModule]:Starting HTTP Server on Port: 8077...
ERPImporta.exe: 00002380: 09:20:09 [TUniServerModule]:HTTP Server Started on Port: 8077
ERPImporta.exe: 00002840: 10:00:57 []:>--------------------------------------------------------------<
ERPImporta.exe: 00002840: 10:00:57 [TUniServerModule]:Server First Init.
ERPImporta.exe: 00002840: 10:00:57 [TUniServerModule]:Start Path = C:\Projetos_WEB\ERP_Importa\
ERPImporta.exe: 00002840: 10:00:57 [TUniServerModule]:Debug Mode = ON
ERPImporta.exe: 00002840: 10:00:57 [TUniGUISessionManager]:Cache erase job created, Folder count: [1]
ERPImporta.exe: 00002840: 10:00:57 [TUniServerModule]:Starting HTTP Server on Port: 8077...
ERPImporta.exe: 00002840: 10:00:57 [TUniServerModule]:HTTP Server Started on Port: 8077
ERPImporta.exe: 00001E58: 10:02:09 []:>--------------------------------------------------------------<
ERPImporta.exe: 00001E58: 10:02:09 [TUniServerModule]:Server First Init.
ERPImporta.exe: 00001E58: 10:02:09 [TUniServerModule]:Start Path = C:\Projetos_WEB\ERP_Importa\
ERPImporta.exe: 00001E58: 10:02:09 [TUniServerModule]:Debug Mode = ON
ERPImporta.exe: 00001E58: 10:02:09 [TUniGUISessionManager]:Cache erase job created, Folder count: [1]
ERPImporta.exe: 00001E58: 10:02:09 [TUniServerModule]:Starting HTTP Server on Port: 8077...
ERPImporta.exe: 00001E58: 10:02:09 [TUniServerModule]:HTTP Server Started on Port: 8077
ERPImporta.exe: 000009AC: 10:04:53 []:>--------------------------------------------------------------<
ERPImporta.exe: 000009AC: 10:04:53 [TUniServerModule]:Server First Init.
ERPImporta.exe: 000009AC: 10:04:53 [TUniServerModule]:Start Path = C:\Projetos_WEB\ERP_Importa\
ERPImporta.exe: 000009AC: 10:04:53 [TUniServerModule]:Debug Mode = ON
ERPImporta.exe: 000009AC: 10:04:53 [TUniGUISessionManager]:Cache erase job created, Folder count: [1]
ERPImporta.exe: 000009AC: 10:04:54 [TUniServerModule]:Starting HTTP Server on Port: 8077...
ERPImporta.exe: 000009AC: 10:04:54 [TUniServerModule]:HTTP Server Started on Port: 8077
ERPImporta.exe: 00003C9C: 10:06:08 []:>--------------------------------------------------------------<
ERPImporta.exe: 00003C9C: 10:06:08 [TUniServerModule]:Server First Init.
ERPImporta.exe: 00003C9C: 10:06:08 [TUniServerModule]:Start Path = C:\Projetos_WEB\ERP_Importa\
ERPImporta.exe: 00003C9C: 10:06:08 [TUniServerModule]:Debug Mode = ON
ERPImporta.exe: 00003C9C: 10:06:08 [TUniGUISessionManager]:Cache erase job created, Folder count: [1]
ERPImporta.exe: 00003C9C: 10:06:08 [TUniServerModule]:Starting HTTP Server on Port: 8077...
ERPImporta.exe: 00003C9C: 10:06:08 [TUniServerModule]:HTTP Server Started on Port: 8077
ERPImporta.exe: 00003EDC: 10:11:48 []:>--------------------------------------------------------------<
ERPImporta.exe: 00003EDC: 10:11:48 [TUniServerModule]:Server First Init.
ERPImporta.exe: 00003EDC: 10:11:48 [TUniServerModule]:Start Path = C:\Projetos_WEB\ERP_Importa\
ERPImporta.exe: 00003EDC: 10:11:48 [TUniServerModule]:Debug Mode = ON
ERPImporta.exe: 00003EDC: 10:11:48 [TUniGUISessionManager]:Cache erase job created, Folder count: [1]
ERPImporta.exe: 00003EDC: 10:11:48 [TUniServerModule]:Starting HTTP Server on Port: 8077...
ERPImporta.exe: 00003EDC: 10:11:48 [TUniServerModule]:HTTP Server Started on Port: 8077
ERPImporta.exe: 00000DC0: 10:15:18 []:>--------------------------------------------------------------<
ERPImporta.exe: 00000DC0: 10:15:18 [TUniServerModule]:Server First Init.
ERPImporta.exe: 00000DC0: 10:15:18 [TUniServerModule]:Start Path = C:\Projetos_WEB\ERP_Importa\
ERPImporta.exe: 00000DC0: 10:15:18 [TUniServerModule]:Debug Mode = ON
ERPImporta.exe: 00000DC0: 10:15:18 [TUniGUISessionManager]:Cache erase job created, Folder count: [1]
ERPImporta.exe: 00000DC0: 10:15:18 [TUniServerModule]:Starting HTTP Server on Port: 8077...
ERPImporta.exe: 00000DC0: 10:15:18 [TUniServerModule]:HTTP Server Started on Port: 8077
ERPImporta.exe: 00003FE0: 10:15:23 [cFilial: Field 'Empresa' not found-127.0.0.1]:EDatabaseError : cFilial: Field 'Empresa' not found : Addr: $006576F6
ERPImporta.exe: 000028F8: 10:15:23 [127.0.0.1]:EDatabaseError : tFiliais: Field 'CNPJ' not found : Addr: $006576F6
ERPImporta.exe: 00003B54: 10:18:02 []:>--------------------------------------------------------------<
ERPImporta.exe: 00003B54: 10:18:02 [TUniServerModule]:Server First Init.
ERPImporta.exe: 00003B54: 10:18:02 [TUniServerModule]:Start Path = C:\Projetos_WEB\ERP_Importa\
ERPImporta.exe: 00003B54: 10:18:02 [TUniServerModule]:Debug Mode = ON
ERPImporta.exe: 00003B54: 10:18:03 [TUniServerModule]:Starting HTTP Server on Port: 8077...
ERPImporta.exe: 00003B54: 10:18:03 [TUniServerModule]:HTTP Server Started on Port: 8077
ERPImporta.exe: 00002A90: 10:18:08 [127.0.0.1]:EDatabaseError : cFilial: Field 'Empresa' not found : Addr: $006576F6
ERPImporta.exe: 0000355C: 10:20:57 []:>--------------------------------------------------------------<
ERPImporta.exe: 0000355C: 10:20:57 [TUniServerModule]:Server First Init.
ERPImporta.exe: 0000355C: 10:20:57 [TUniServerModule]:Start Path = C:\Projetos_WEB\ERP_Importa\
ERPImporta.exe: 0000355C: 10:20:57 [TUniServerModule]:Debug Mode = ON
ERPImporta.exe: 0000355C: 10:20:57 [TUniGUISessionManager]:Cache erase job created, Folder count: [1]
ERPImporta.exe: 0000355C: 10:20:57 [TUniServerModule]:Starting HTTP Server on Port: 8077...
ERPImporta.exe: 0000355C: 10:20:57 [TUniServerModule]:HTTP Server Started on Port: 8077
ERPImporta.exe: 00002AEC: 10:21:04 [cFilial: Field 'Empresa' not found-127.0.0.1]:EDatabaseError : cFilial: Field 'Empresa' not found : Addr: $006576F6
ERPImporta.exe: 00000B24: 10:21:04 [127.0.0.1]:EDatabaseError : cFiltroFilial: Field 'Numero' not found : Addr: $006576F6
ERPImporta.exe: 00000AD4: 10:24:08 []:>--------------------------------------------------------------<
ERPImporta.exe: 00000AD4: 10:24:08 [TUniServerModule]:Server First Init.
ERPImporta.exe: 00000AD4: 10:24:08 [TUniServerModule]:Start Path = C:\Projetos_WEB\ERP_Importa\
ERPImporta.exe: 00000AD4: 10:24:08 [TUniServerModule]:Debug Mode = ON
ERPImporta.exe: 00000AD4: 10:24:08 [TUniServerModule]:Starting HTTP Server on Port: 8077...
ERPImporta.exe: 00000AD4: 10:24:09 [TUniServerModule]:HTTP Server Started on Port: 8077
ERPImporta.exe: 00003F70: 10:24:20 [127.0.0.1]:EDatabaseError : cFiltroFilial: Field 'Numero' not found : Addr: $006576F6
ERPImporta.exe: 00000F2C: 10:25:26 []:>--------------------------------------------------------------<
ERPImporta.exe: 00000F2C: 10:25:26 [TUniServerModule]:Server First Init.
ERPImporta.exe: 00000F2C: 10:25:26 [TUniServerModule]:Start Path = C:\Projetos_WEB\ERP_Importa\
ERPImporta.exe: 00000F2C: 10:25:26 [TUniServerModule]:Debug Mode = ON
ERPImporta.exe: 00000F2C: 10:25:26 [TUniGUISessionManager]:Cache erase job created, Folder count: [1]
ERPImporta.exe: 00000F2C: 10:25:26 [TUniServerModule]:Starting HTTP Server on Port: 8077...
ERPImporta.exe: 00000F2C: 10:25:26 [TUniServerModule]:HTTP Server Started on Port: 8077
ERPImporta.exe: 00002828: 10:25:32 [127.0.0.1]:EDatabaseError : cFiltroFilial: Field 'Numero' not found : Addr: $006576F6
ERPImporta.exe: 00002554: 10:27:20 []:>--------------------------------------------------------------<
ERPImporta.exe: 00002554: 10:27:20 [TUniServerModule]:Server First Init.
ERPImporta.exe: 00002554: 10:27:20 [TUniServerModule]:Start Path = C:\Projetos_WEB\ERP_Importa\
ERPImporta.exe: 00002554: 10:27:20 [TUniServerModule]:Debug Mode = ON
ERPImporta.exe: 00002554: 10:27:20 [TUniGUISessionManager]:Cache erase job created, Folder count: [1]
ERPImporta.exe: 00002554: 10:27:21 [TUniServerModule]:Starting HTTP Server on Port: 8077...
ERPImporta.exe: 00002554: 10:27:21 [TUniServerModule]:HTTP Server Started on Port: 8077
ERPImporta.exe: 00003534: 10:27:29 [127.0.0.1]:EDatabaseError : cFiltroFilial: Field 'Numero' not found : Addr: $006576F6
ERPImporta.exe: 00003098: 10:28:46 []:>--------------------------------------------------------------<
ERPImporta.exe: 00003098: 10:28:46 [TUniServerModule]:Server First Init.
ERPImporta.exe: 00003098: 10:28:46 [TUniServerModule]:Start Path = C:\Projetos_WEB\ERP_Importa\
ERPImporta.exe: 00003098: 10:28:47 [TUniServerModule]:Debug Mode = ON
ERPImporta.exe: 00003098: 10:28:47 [TUniGUISessionManager]:Cache erase job created, Folder count: [1]
ERPImporta.exe: 00003098: 10:28:47 [TUniServerModule]:Starting HTTP Server on Port: 8077...
ERPImporta.exe: 00003098: 10:28:47 [TUniServerModule]:HTTP Server Started on Port: 8077
ERPImporta.exe: 00003654: 10:28:52 [127.0.0.1]:EDatabaseError : cFiltroFilial: Field 'Numero' not found : Addr: $006576F6
ERPImporta.exe: 000024AC: 10:30:21 []:>--------------------------------------------------------------<
ERPImporta.exe: 000024AC: 10:30:21 [TUniServerModule]:Server First Init.
ERPImporta.exe: 000024AC: 10:30:21 [TUniServerModule]:Start Path = C:\Projetos_WEB\ERP_Importa\
ERPImporta.exe: 000024AC: 10:30:21 [TUniServerModule]:Debug Mode = ON
ERPImporta.exe: 000024AC: 10:30:21 [TUniGUISessionManager]:Cache erase job created, Folder count: [1]
ERPImporta.exe: 000024AC: 10:30:21 [TUniServerModule]:Starting HTTP Server on Port: 8077...
ERPImporta.exe: 000024AC: 10:30:21 [TUniServerModule]:HTTP Server Started on Port: 8077
ERPImporta.exe: 00000264: 10:31:01 []:>--------------------------------------------------------------<
ERPImporta.exe: 00000264: 10:31:01 [TUniServerModule]:Server First Init.
ERPImporta.exe: 00000264: 10:31:01 [TUniServerModule]:Start Path = C:\Projetos_WEB\ERP_Importa\
ERPImporta.exe: 00000264: 10:31:01 [TUniServerModule]:Debug Mode = ON
ERPImporta.exe: 00000264: 10:31:01 [TUniServerModule]:Starting HTTP Server on Port: 8077...
ERPImporta.exe: 00000264: 10:31:01 [TUniServerModule]:HTTP Server Started on Port: 8077
ERPImporta.exe: 00002FEC: 10:31:33 []:>--------------------------------------------------------------<
ERPImporta.exe: 00002FEC: 10:31:33 [TUniServerModule]:Server First Init.
ERPImporta.exe: 00002FEC: 10:31:33 [TUniServerModule]:Start Path = C:\Projetos_WEB\ERP_Importa\
ERPImporta.exe: 00002FEC: 10:31:33 [TUniServerModule]:Debug Mode = ON
ERPImporta.exe: 00002FEC: 10:31:34 [TUniServerModule]:Starting HTTP Server on Port: 8077...
ERPImporta.exe: 00002FEC: 10:31:34 [TUniServerModule]:HTTP Server Started on Port: 8077
ERPImporta.exe: 00002BF0: 10:33:42 []:>--------------------------------------------------------------<
ERPImporta.exe: 00002BF0: 10:33:42 [TUniServerModule]:Server First Init.
ERPImporta.exe: 00002BF0: 10:33:42 [TUniServerModule]:Start Path = C:\Projetos_WEB\ERP_Importa\
ERPImporta.exe: 00002BF0: 10:33:42 [TUniServerModule]:Debug Mode = ON
ERPImporta.exe: 00002BF0: 10:33:42 [TUniGUISessionManager]:Cache erase job created, Folder count: [1]
ERPImporta.exe: 00002BF0: 10:33:42 [TUniServerModule]:Starting HTTP Server on Port: 8077...
ERPImporta.exe: 00002BF0: 10:33:42 [TUniServerModule]:HTTP Server Started on Port: 8077
ERPImporta.exe: 00000268: 10:37:51 []:>--------------------------------------------------------------<
ERPImporta.exe: 00000268: 10:37:51 [TUniServerModule]:Server First Init.
ERPImporta.exe: 00000268: 10:37:51 [TUniServerModule]:Start Path = C:\Projetos_WEB\ERP_Importa\
ERPImporta.exe: 00000268: 10:37:51 [TUniServerModule]:Debug Mode = ON
ERPImporta.exe: 00000268: 10:37:51 [TUniGUISessionManager]:Cache erase job created, Folder count: [1]
ERPImporta.exe: 00000268: 10:37:51 [TUniServerModule]:Starting HTTP Server on Port: 8077...
ERPImporta.exe: 00000268: 10:37:51 [TUniServerModule]:HTTP Server Started on Port: 8077
ERPImporta.exe: 00001710: 10:39:41 []:>--------------------------------------------------------------<
ERPImporta.exe: 00001710: 10:39:41 [TUniServerModule]:Server First Init.
ERPImporta.exe: 00001710: 10:39:41 [TUniServerModule]:Start Path = C:\Projetos_WEB\ERP_Importa\
ERPImporta.exe: 00001710: 10:39:41 [TUniServerModule]:Debug Mode = ON
ERPImporta.exe: 00001710: 10:39:41 [TUniServerModule]:Starting HTTP Server on Port: 8077...
ERPImporta.exe: 00001710: 10:39:41 [TUniServerModule]:HTTP Server Started on Port: 8077
ERPImporta.exe: 00003620: 10:40:07 []:>--------------------------------------------------------------<
ERPImporta.exe: 00003620: 10:40:07 [TUniServerModule]:Server First Init.
ERPImporta.exe: 00003620: 10:40:07 [TUniServerModule]:Start Path = C:\Projetos_WEB\ERP_Importa\
ERPImporta.exe: 00003620: 10:40:07 [TUniServerModule]:Debug Mode = ON
ERPImporta.exe: 00003620: 10:40:07 [TUniServerModule]:Starting HTTP Server on Port: 8077...
ERPImporta.exe: 00003620: 10:40:07 [TUniServerModule]:HTTP Server Started on Port: 8077
ERPImporta.exe: 00000080: 10:42:00 []:>--------------------------------------------------------------<
ERPImporta.exe: 00000080: 10:42:00 [TUniServerModule]:Server First Init.
ERPImporta.exe: 00000080: 10:42:00 [TUniServerModule]:Start Path = C:\Projetos_WEB\ERP_Importa\
ERPImporta.exe: 00000080: 10:42:00 [TUniServerModule]:Debug Mode = ON
ERPImporta.exe: 00000080: 10:42:01 [TUniServerModule]:Starting HTTP Server on Port: 8077...
ERPImporta.exe: 00000080: 10:42:01 [TUniServerModule]:HTTP Server Started on Port: 8077
ERPImporta.exe: 000036C0: 10:42:20 []:>--------------------------------------------------------------<
ERPImporta.exe: 000036C0: 10:42:20 [TUniServerModule]:Server First Init.
ERPImporta.exe: 000036C0: 10:42:20 [TUniServerModule]:Start Path = C:\Projetos_WEB\ERP_Importa\
ERPImporta.exe: 000036C0: 10:42:20 [TUniServerModule]:Debug Mode = ON
ERPImporta.exe: 000036C0: 10:42:20 [TUniGUISessionManager]:Cache erase job created, Folder count: [1]
ERPImporta.exe: 000036C0: 10:42:20 [TUniServerModule]:Starting HTTP Server on Port: 8077...
ERPImporta.exe: 000036C0: 10:42:20 [TUniServerModule]:HTTP Server Started on Port: 8077
ERPImporta.exe: 00002054: 10:42:51 [127.0.0.1]:EUniSessionException : Sessão inváilda ou tempo da sessão expirado. (Session not found: B2nMfyHh4G110454D89 ) : Addr: $007CFC94
ERPImporta.exe: 000038F8: 10:43:36 []:>--------------------------------------------------------------<
ERPImporta.exe: 000038F8: 10:43:36 [TUniServerModule]:Server First Init.
ERPImporta.exe: 000038F8: 10:43:36 [TUniServerModule]:Start Path = C:\Projetos_WEB\ERP_Importa\
ERPImporta.exe: 000038F8: 10:43:36 [TUniServerModule]:Debug Mode = ON
ERPImporta.exe: 000038F8: 10:43:36 [TUniServerModule]:Starting HTTP Server on Port: 8077...
ERPImporta.exe: 000038F8: 10:43:36 [TUniServerModule]:HTTP Server Started on Port: 8077
ERPImporta.exe: 00001D10: 10:45:47 []:>--------------------------------------------------------------<
ERPImporta.exe: 00001D10: 10:45:47 [TUniServerModule]:Server First Init.
ERPImporta.exe: 00001D10: 10:45:47 [TUniServerModule]:Start Path = C:\Projetos_WEB\ERP_Importa\
ERPImporta.exe: 00001D10: 10:45:47 [TUniServerModule]:Debug Mode = ON
ERPImporta.exe: 00001D10: 10:45:47 [TUniServerModule]:Starting HTTP Server on Port: 8077...
ERPImporta.exe: 00001D10: 10:45:47 [TUniServerModule]:HTTP Server Started on Port: 8077
ERPImporta.exe: 000035F4: 10:46:30 []:>--------------------------------------------------------------<
ERPImporta.exe: 000035F4: 10:46:30 [TUniServerModule]:Server First Init.
ERPImporta.exe: 000035F4: 10:46:30 [TUniServerModule]:Start Path = C:\Projetos_WEB\ERP_Importa\
ERPImporta.exe: 000035F4: 10:46:30 [TUniServerModule]:Debug Mode = ON
ERPImporta.exe: 000035F4: 10:46:30 [TUniServerModule]:Starting HTTP Server on Port: 8077...
ERPImporta.exe: 000035F4: 10:46:31 [TUniServerModule]:HTTP Server Started on Port: 8077
ERPImporta.exe: 00002A8C: 10:48:06 []:>--------------------------------------------------------------<
ERPImporta.exe: 00002A8C: 10:48:06 [TUniServerModule]:Server First Init.
ERPImporta.exe: 00002A8C: 10:48:06 [TUniServerModule]:Start Path = C:\Projetos_WEB\ERP_Importa\
ERPImporta.exe: 00002A8C: 10:48:06 [TUniServerModule]:Debug Mode = ON
ERPImporta.exe: 00002A8C: 10:48:07 [TUniServerModule]:Starting HTTP Server on Port: 8077...
ERPImporta.exe: 00002A8C: 10:48:07 [TUniServerModule]:HTTP Server Started on Port: 8077
ERPImporta.exe: 00003DCC: 10:50:03 [HandleFileRequest[127.0.0.1]]:File not found: C:\Projetos_WEB\ERP_Importa\files\images\fundo8.jpg
ERPImporta.exe: 00001918: 10:51:31 []:>--------------------------------------------------------------<
ERPImporta.exe: 00001918: 10:51:31 [TUniServerModule]:Server First Init.
ERPImporta.exe: 00001918: 10:51:31 [TUniServerModule]:Start Path = C:\Projetos_WEB\ERP_Importa\
ERPImporta.exe: 00001918: 10:51:31 [TUniServerModule]:Debug Mode = ON
ERPImporta.exe: 00001918: 10:51:32 [TUniServerModule]:Starting HTTP Server on Port: 8077...
ERPImporta.exe: 00001918: 10:51:32 [TUniServerModule]:HTTP Server Started on Port: 8077
ERPImporta.exe: 000034E8: 10:52:25 []:>--------------------------------------------------------------<
ERPImporta.exe: 000034E8: 10:52:25 [TUniServerModule]:Server First Init.
ERPImporta.exe: 000034E8: 10:52:25 [TUniServerModule]:Start Path = C:\Projetos_WEB\ERP_Importa\
ERPImporta.exe: 000034E8: 10:52:25 [TUniServerModule]:Debug Mode = ON
ERPImporta.exe: 000034E8: 10:52:25 [TUniGUISessionManager]:Cache erase job created, Folder count: [1]
ERPImporta.exe: 000034E8: 10:52:26 [TUniServerModule]:Starting HTTP Server on Port: 8077...
ERPImporta.exe: 000034E8: 10:52:26 [TUniServerModule]:HTTP Server Started on Port: 8077
ERPImporta.exe: 00002358: 10:53:57 []:>--------------------------------------------------------------<
ERPImporta.exe: 00002358: 10:53:57 [TUniServerModule]:Server First Init.
ERPImporta.exe: 00002358: 10:53:57 [TUniServerModule]:Start Path = C:\Projetos_WEB\ERP_Importa\
ERPImporta.exe: 00002358: 10:53:57 [TUniServerModule]:Debug Mode = ON
ERPImporta.exe: 00002358: 10:53:57 [TUniGUISessionManager]:Cache erase job created, Folder count: [1]
ERPImporta.exe: 00002358: 10:53:57 [TUniServerModule]:Starting HTTP Server on Port: 8077...
ERPImporta.exe: 00002358: 10:53:58 [TUniServerModule]:HTTP Server Started on Port: 8077
ERPImporta.exe: 000021EC: 10:55:13 []:>--------------------------------------------------------------<
ERPImporta.exe: 000021EC: 10:55:13 [TUniServerModule]:Server First Init.
ERPImporta.exe: 000021EC: 10:55:13 [TUniServerModule]:Start Path = C:\Projetos_WEB\ERP_Importa\
ERPImporta.exe: 000021EC: 10:55:13 [TUniServerModule]:Debug Mode = ON
ERPImporta.exe: 000021EC: 10:55:13 [TUniServerModule]:Starting HTTP Server on Port: 8077...
ERPImporta.exe: 000021EC: 10:55:13 [TUniServerModule]:HTTP Server Started on Port: 8077
ERPImporta.exe: 00002BC0: 10:57:59 []:>--------------------------------------------------------------<
ERPImporta.exe: 00002BC0: 10:57:59 [TUniServerModule]:Server First Init.
ERPImporta.exe: 00002BC0: 10:57:59 [TUniServerModule]:Start Path = C:\Projetos_WEB\ERP_Importa\
ERPImporta.exe: 00002BC0: 10:57:59 [TUniServerModule]:Debug Mode = ON
ERPImporta.exe: 00002BC0: 10:58:00 [TUniServerModule]:Starting HTTP Server on Port: 8077...
ERPImporta.exe: 00002BC0: 10:58:00 [TUniServerModule]:HTTP Server Started on Port: 8077
ERPImporta.exe: 00003A80: 10:59:33 []:>--------------------------------------------------------------<
ERPImporta.exe: 00003A80: 10:59:33 [TUniServerModule]:Server First Init.
ERPImporta.exe: 00003A80: 10:59:33 [TUniServerModule]:Start Path = C:\Projetos_WEB\ERP_Importa\
ERPImporta.exe: 00003A80: 10:59:33 [TUniServerModule]:Debug Mode = ON
ERPImporta.exe: 00003A80: 10:59:33 [TUniServerModule]:Starting HTTP Server on Port: 8077...
ERPImporta.exe: 00003A80: 10:59:33 [TUniServerModule]:HTTP Server Started on Port: 8077
ERPImporta.exe: 00000938: 11:01:46 []:>--------------------------------------------------------------<
ERPImporta.exe: 00000938: 11:01:46 [TUniServerModule]:Server First Init.
ERPImporta.exe: 00000938: 11:01:46 [TUniServerModule]:Start Path = C:\Projetos_WEB\ERP_Importa\
ERPImporta.exe: 00000938: 11:01:46 [TUniServerModule]:Debug Mode = ON
ERPImporta.exe: 00000938: 11:01:46 [TUniGUISessionManager]:Cache erase job created, Folder count: [1]
ERPImporta.exe: 00000938: 11:01:47 [TUniServerModule]:Starting HTTP Server on Port: 8077...
ERPImporta.exe: 00000938: 11:01:47 [TUniServerModule]:HTTP Server Started on Port: 8077
ERPImporta.exe: 00003DD0: 11:04:24 []:>--------------------------------------------------------------<
ERPImporta.exe: 00003DD0: 11:04:24 [TUniServerModule]:Server First Init.
ERPImporta.exe: 00003DD0: 11:04:24 [TUniServerModule]:Start Path = C:\Projetos_WEB\ERP_Importa\
ERPImporta.exe: 00003DD0: 11:04:24 [TUniServerModule]:Debug Mode = ON
ERPImporta.exe: 00003DD0: 11:04:24 [TUniGUISessionManager]:Cache erase job created, Folder count: [1]
ERPImporta.exe: 00003DD0: 11:04:24 [TUniServerModule]:Starting HTTP Server on Port: 8077...
ERPImporta.exe: 00003DD0: 11:04:24 [TUniServerModule]:HTTP Server Started on Port: 8077
ERPImporta.exe: 00001B00: 11:05:14 []:>--------------------------------------------------------------<
ERPImporta.exe: 00001B00: 11:05:14 [TUniServerModule]:Server First Init.
ERPImporta.exe: 00001B00: 11:05:14 [TUniServerModule]:Start Path = C:\Projetos_WEB\ERP_Importa\
ERPImporta.exe: 00001B00: 11:05:14 [TUniServerModule]:Debug Mode = ON
ERPImporta.exe: 00001B00: 11:05:14 [TUniGUISessionManager]:Cache erase job created, Folder count: [1]
ERPImporta.exe: 00001B00: 11:05:14 [TUniServerModule]:Starting HTTP Server on Port: 8077...
ERPImporta.exe: 00001B00: 11:05:14 [TUniServerModule]:HTTP Server Started on Port: 8077
