ERPImporta.exe: 00001434: 09:50:42 []:>--------------------------------------------------------------<
ERPImporta.exe: 00001434: 09:50:42 [TUniServerModule]:Server First Init.
ERPImporta.exe: 00001434: 09:50:42 [TUniServerModule]:Start Path = C:\Projetos_WEB\ERP_Importa\
ERPImporta.exe: 00001434: 09:50:42 [TUniServerModule]:Debug Mode = ON
ERPImporta.exe: 00001434: 09:50:42 [TUniServerModule]:Starting HTTP Server on Port: 8077...
ERPImporta.exe: 00001434: 09:50:42 [TUniServerModule]:HTTP Server Started on Port: 8077
ERPImporta.exe: 000012D8: 09:53:19 []:>--------------------------------------------------------------<
ERPImporta.exe: 000012D8: 09:53:19 [TUniServerModule]:Server First Init.
ERPImporta.exe: 000012D8: 09:53:19 [TUniServerModule]:Start Path = C:\Projetos_WEB\ERP_Importa\
ERPImporta.exe: 000012D8: 09:53:19 [TUniServerModule]:Debug Mode = ON
ERPImporta.exe: 000012D8: 09:53:19 [TUniGUISessionManager]:Cache erase job created, Folder count: [1]
ERPImporta.exe: 000012D8: 09:53:19 [TUniServerModule]:Starting HTTP Server on Port: 8077...
ERPImporta.exe: 000012D8: 09:53:19 [TUniServerModule]:HTTP Server Started on Port: 8077
ERPImporta.exe: 00001224: 09:53:39 [TUniGUIServerModule.AppHandleException-127.0.0.1]:EAbort : Operation aborted : Addr: $00BD76A7
ERPImporta.exe: 00002FD4: 09:54:07 []:>--------------------------------------------------------------<
ERPImporta.exe: 00002FD4: 09:54:07 [TUniServerModule]:Server First Init.
ERPImporta.exe: 00002FD4: 09:54:07 [TUniServerModule]:Start Path = C:\Projetos_WEB\ERP_Importa\
ERPImporta.exe: 00002FD4: 09:54:07 [TUniServerModule]:Debug Mode = ON
ERPImporta.exe: 00002FD4: 09:54:07 [TUniGUISessionManager]:Cache erase job created, Folder count: [1]
ERPImporta.exe: 00002FD4: 09:54:07 [TUniServerModule]:Starting HTTP Server on Port: 8077...
ERPImporta.exe: 00002FD4: 09:54:07 [TUniServerModule]:HTTP Server Started on Port: 8077
ERPImporta.exe: 000010A8: 11:43:27 []:>--------------------------------------------------------------<
ERPImporta.exe: 000010A8: 11:43:27 [TUniServerModule]:Server First Init.
ERPImporta.exe: 000010A8: 11:43:27 [TUniServerModule]:Start Path = C:\Projetos_WEB\ERP_Importa\
ERPImporta.exe: 000010A8: 11:43:27 [TUniServerModule]:Debug Mode = ON
ERPImporta.exe: 000010A8: 11:43:27 [TUniServerModule]:Starting HTTP Server on Port: 8077...
ERPImporta.exe: 000010A8: 11:43:27 [TUniServerModule]:HTTP Server Started on Port: 8077
ERPImporta.exe: 00000D10: 11:47:33 []:>--------------------------------------------------------------<
ERPImporta.exe: 00000D10: 11:47:33 [TUniServerModule]:Server First Init.
ERPImporta.exe: 00000D10: 11:47:33 [TUniServerModule]:Start Path = C:\Projetos_WEB\ERP_Importa\
ERPImporta.exe: 00000D10: 11:47:33 [TUniServerModule]:Debug Mode = ON
ERPImporta.exe: 00000D10: 11:47:33 [TUniGUISessionManager]:Cache erase job created, Folder count: [1]
ERPImporta.exe: 00000D10: 11:47:33 [TUniServerModule]:Starting HTTP Server on Port: 8077...
ERPImporta.exe: 00000D10: 11:47:33 [TUniServerModule]:HTTP Server Started on Port: 8077
ERPImporta.exe: 00002100: 11:49:28 []:>--------------------------------------------------------------<
ERPImporta.exe: 00002100: 11:49:28 [TUniServerModule]:Server First Init.
ERPImporta.exe: 00002100: 11:49:28 [TUniServerModule]:Start Path = C:\Projetos_WEB\ERP_Importa\
ERPImporta.exe: 00002100: 11:49:28 [TUniServerModule]:Debug Mode = ON
ERPImporta.exe: 00002100: 11:49:28 [TUniServerModule]:Starting HTTP Server on Port: 8077...
ERPImporta.exe: 00002100: 11:49:28 [TUniServerModule]:HTTP Server Started on Port: 8077
ERPImporta.exe: 00000E6C: 11:49:43 [127.0.0.1]:EDatabaseError : PedidosNFItens: Dataset not in edit or insert mode : Addr: $00657AAE
ERPImporta.exe: 000031A8: 11:50:37 []:>--------------------------------------------------------------<
ERPImporta.exe: 000031A8: 11:50:37 [TUniServerModule]:Server First Init.
ERPImporta.exe: 000031A8: 11:50:37 [TUniServerModule]:Start Path = C:\Projetos_WEB\ERP_Importa\
ERPImporta.exe: 000031A8: 11:50:37 [TUniServerModule]:Debug Mode = ON
ERPImporta.exe: 000031A8: 11:50:37 [TUniServerModule]:Starting HTTP Server on Port: 8077...
ERPImporta.exe: 000031A8: 11:50:37 [TUniServerModule]:HTTP Server Started on Port: 8077
ERPImporta.exe: 0000238C: 11:50:49 [127.0.0.1]:EDatabaseError : PedidosNFItens: Dataset not in edit or insert mode : Addr: $00657AAE
ERPImporta.exe: 00002CAC: 11:55:54 []:>--------------------------------------------------------------<
ERPImporta.exe: 00002CAC: 11:55:54 [TUniServerModule]:Server First Init.
ERPImporta.exe: 00002CAC: 11:55:54 [TUniServerModule]:Start Path = C:\Projetos_WEB\ERP_Importa\
ERPImporta.exe: 00002CAC: 11:55:54 [TUniServerModule]:Debug Mode = ON
ERPImporta.exe: 00002CAC: 11:55:54 [TUniServerModule]:Starting HTTP Server on Port: 8077...
ERPImporta.exe: 00002CAC: 11:55:54 [TUniServerModule]:HTTP Server Started on Port: 8077
ERPImporta.exe: 00000ACC: 14:40:27 []:>--------------------------------------------------------------<
ERPImporta.exe: 00000ACC: 14:40:27 [TUniServerModule]:Server First Init.
ERPImporta.exe: 00000ACC: 14:40:27 [TUniServerModule]:Start Path = C:\Projetos_WEB\ERP_Importa\
ERPImporta.exe: 00000ACC: 14:40:27 [TUniServerModule]:Debug Mode = ON
ERPImporta.exe: 00000ACC: 14:40:27 [TUniServerModule]:Starting HTTP Server on Port: 8077...
ERPImporta.exe: 00000ACC: 14:40:27 [TUniServerModule]:HTTP Server Started on Port: 8077
ERPImporta.exe: 000010AC: 14:40:41 [127.0.0.1]:EDatabaseError : PedidosNFItens: Dataset not in edit or insert mode : Addr: $00657AAE
ERPImporta.exe: 000015C8: 14:45:11 []:>--------------------------------------------------------------<
ERPImporta.exe: 000015C8: 14:45:11 [TUniServerModule]:Server First Init.
ERPImporta.exe: 000015C8: 14:45:11 [TUniServerModule]:Start Path = C:\Projetos_WEB\ERP_Importa\
ERPImporta.exe: 000015C8: 14:45:11 [TUniServerModule]:Debug Mode = ON
ERPImporta.exe: 000015C8: 14:45:11 [TUniGUISessionManager]:Cache erase job created, Folder count: [1]
ERPImporta.exe: 000015C8: 14:45:11 [TUniServerModule]:Starting HTTP Server on Port: 8077...
ERPImporta.exe: 000015C8: 14:45:11 [TUniServerModule]:HTTP Server Started on Port: 8077
ERPImporta.exe: 000031A4: 14:45:30 [127.0.0.1]:EConvertError : '0Red' is not a valid floating point value : Addr: $00427B9E
ERPImporta.exe: 000031A4: 14:45:32 [127.0.0.1]:EDatabaseError : PedidosNFItens: Dataset not in edit or insert mode : Addr: $00657AAE
ERPImporta.exe: 00002448: 14:48:24 []:>--------------------------------------------------------------<
ERPImporta.exe: 00002448: 14:48:24 [TUniServerModule]:Server First Init.
ERPImporta.exe: 00002448: 14:48:24 [TUniServerModule]:Start Path = C:\Projetos_WEB\ERP_Importa\
ERPImporta.exe: 00002448: 14:48:24 [TUniServerModule]:Debug Mode = ON
ERPImporta.exe: 00002448: 14:48:24 [TUniServerModule]:Starting HTTP Server on Port: 8077...
ERPImporta.exe: 00002448: 14:48:24 [TUniServerModule]:HTTP Server Started on Port: 8077
ERPImporta.exe: 00000284: 14:48:43 [127.0.0.1]:EConvertError : '0Red' is not a valid floating point value : Addr: $00427B9E
ERPImporta.exe: 00001F50: 14:49:11 []:>--------------------------------------------------------------<
ERPImporta.exe: 00001F50: 14:49:11 [TUniServerModule]:Server First Init.
ERPImporta.exe: 00001F50: 14:49:11 [TUniServerModule]:Start Path = C:\Projetos_WEB\ERP_Importa\
ERPImporta.exe: 00001F50: 14:49:11 [TUniServerModule]:Debug Mode = ON
ERPImporta.exe: 00001F50: 14:49:11 [TUniServerModule]:Starting HTTP Server on Port: 8077...
ERPImporta.exe: 00001F50: 14:49:11 [TUniServerModule]:HTTP Server Started on Port: 8077
ERPImporta.exe: 00001120: 14:49:25 [127.0.0.1]:EConvertError : '0Red' is not a valid floating point value : Addr: $00427B9E
ERPImporta.exe: 00001120: 14:49:34 [127.0.0.1]:EConvertError : '0Red' is not a valid floating point value : Addr: $00427B9E
