ERPImporta.exe: 00002A68: 09:15:39 []:>--------------------------------------------------------------<
ERPImporta.exe: 00002A68: 09:15:39 [TUniServerModule]:Server First Init.
ERPImporta.exe: 00002A68: 09:15:39 [TUniServerModule]:Start Path = C:\Projetos_WEB\ERP_Importa\
ERPImporta.exe: 00002A68: 09:15:39 [TUniServerModule]:Debug Mode = ON
ERPImporta.exe: 00002A68: 09:15:39 [TUniServerModule]:Starting HTTP Server on Port: 8077...
ERPImporta.exe: 00002A68: 09:15:39 [TUniServerModule]:HTTP Server Started on Port: 8077
ERPImporta.exe: 00003450: 09:16:42 []:>--------------------------------------------------------------<
ERPImporta.exe: 00003450: 09:16:42 [TUniServerModule]:Server First Init.
ERPImporta.exe: 00003450: 09:16:42 [TUniServerModule]:Start Path = C:\Projetos_WEB\ERP_Importa\
ERPImporta.exe: 00003450: 09:16:42 [TUniServerModule]:Debug Mode = ON
ERPImporta.exe: 00003450: 09:16:43 [TUniServerModule]:Starting HTTP Server on Port: 8077...
ERPImporta.exe: 00003450: 09:16:43 [TUniServerModule]:HTTP Server Started on Port: 8077
ERPImporta.exe: 000019CC: 09:17:59 []:>--------------------------------------------------------------<
ERPImporta.exe: 000019CC: 09:17:59 [TUniServerModule]:Server First Init.
ERPImporta.exe: 000019CC: 09:17:59 [TUniServerModule]:Start Path = C:\Projetos_WEB\ERP_Importa\
ERPImporta.exe: 000019CC: 09:17:59 [TUniServerModule]:Debug Mode = ON
ERPImporta.exe: 000019CC: 09:17:59 [TUniGUISessionManager]:Cache erase job created, Folder count: [1]
ERPImporta.exe: 000019CC: 09:17:59 [TUniServerModule]:Starting HTTP Server on Port: 8077...
ERPImporta.exe: 000019CC: 09:17:59 [TUniServerModule]:HTTP Server Started on Port: 8077
ERPImporta.exe: 00002454: 09:18:09 []:>--------------------------------------------------------------<
ERPImporta.exe: 00002454: 09:18:09 [TUniServerModule]:Server First Init.
ERPImporta.exe: 00002454: 09:18:09 [TUniServerModule]:Start Path = C:\Projetos_WEB\ERP_Importa\
ERPImporta.exe: 00002454: 09:18:09 [TUniServerModule]:Debug Mode = ON
ERPImporta.exe: 00002454: 09:18:10 [TUniServerModule]:Starting HTTP Server on Port: 8077...
ERPImporta.exe: 00002454: 09:18:10 [TUniServerModule]:HTTP Server Started on Port: 8077
ERPImporta.exe: 00002B78: 09:18:25 []:>--------------------------------------------------------------<
ERPImporta.exe: 00002B78: 09:18:25 [TUniServerModule]:Server First Init.
ERPImporta.exe: 00002B78: 09:18:25 [TUniServerModule]:Start Path = C:\Projetos_WEB\ERP_Importa\
ERPImporta.exe: 00002B78: 09:18:25 [TUniServerModule]:Debug Mode = ON
ERPImporta.exe: 00002B78: 09:18:25 [TUniGUISessionManager]:Cache erase job created, Folder count: [1]
ERPImporta.exe: 00002B78: 09:18:26 [TUniServerModule]:Starting HTTP Server on Port: 8077...
ERPImporta.exe: 00002B78: 09:18:26 [TUniServerModule]:HTTP Server Started on Port: 8077
ERPImporta.exe: 00002D28: 09:18:37 []:>--------------------------------------------------------------<
ERPImporta.exe: 00002D28: 09:18:37 [TUniServerModule]:Server First Init.
ERPImporta.exe: 00002D28: 09:18:37 [TUniServerModule]:Start Path = C:\Projetos_WEB\ERP_Importa\
ERPImporta.exe: 00002D28: 09:18:37 [TUniServerModule]:Debug Mode = ON
ERPImporta.exe: 00002D28: 09:18:38 [TUniServerModule]:Starting HTTP Server on Port: 8077...
ERPImporta.exe: 00002D28: 09:18:38 [TUniServerModule]:HTTP Server Started on Port: 8077
ERPImporta.exe: 00002EF0: 09:36:31 []:>--------------------------------------------------------------<
ERPImporta.exe: 00002EF0: 09:36:31 [TUniServerModule]:Server First Init.
ERPImporta.exe: 00002EF0: 09:36:31 [TUniServerModule]:Start Path = C:\Projetos_WEB\ERP_Importa\
ERPImporta.exe: 00002EF0: 09:36:31 [TUniServerModule]:Debug Mode = ON
ERPImporta.exe: 00002EF0: 09:36:31 [TUniServerModule]:Starting HTTP Server on Port: 8077...
ERPImporta.exe: 00002EF0: 09:36:31 [TUniServerModule]:HTTP Server Started on Port: 8077
ERPImporta.exe: 0000346C: 09:40:56 []:>--------------------------------------------------------------<
ERPImporta.exe: 0000346C: 09:40:56 [TUniServerModule]:Server First Init.
ERPImporta.exe: 0000346C: 09:40:56 [TUniServerModule]:Start Path = C:\Projetos_WEB\ERP_Importa\
ERPImporta.exe: 0000346C: 09:40:56 [TUniServerModule]:Debug Mode = ON
ERPImporta.exe: 0000346C: 09:40:56 [TUniGUISessionManager]:Cache erase job created, Folder count: [1]
ERPImporta.exe: 0000346C: 09:40:57 [TUniServerModule]:Starting HTTP Server on Port: 8077...
ERPImporta.exe: 0000346C: 09:40:57 [TUniServerModule]:HTTP Server Started on Port: 8077
ERPImporta.exe: 00001DB8: 09:46:20 []:>--------------------------------------------------------------<
ERPImporta.exe: 00001DB8: 09:46:20 [TUniServerModule]:Server First Init.
ERPImporta.exe: 00001DB8: 09:46:20 [TUniServerModule]:Start Path = C:\Projetos_WEB\ERP_Importa\
ERPImporta.exe: 00001DB8: 09:46:20 [TUniServerModule]:Debug Mode = ON
ERPImporta.exe: 00001DB8: 09:46:20 [TUniGUISessionManager]:Cache erase job created, Folder count: [1]
ERPImporta.exe: 00001DB8: 09:46:21 [TUniServerModule]:Starting HTTP Server on Port: 8077...
ERPImporta.exe: 00001DB8: 09:46:21 [TUniServerModule]:HTTP Server Started on Port: 8077
ERPImporta.exe: 000036E0: 09:55:31 []:>--------------------------------------------------------------<
ERPImporta.exe: 000036E0: 09:55:31 [TUniServerModule]:Server First Init.
ERPImporta.exe: 000036E0: 09:55:31 [TUniServerModule]:Start Path = C:\Projetos_WEB\ERP_Importa\
ERPImporta.exe: 000036E0: 09:55:31 [TUniServerModule]:Debug Mode = ON
ERPImporta.exe: 000036E0: 09:55:31 [TUniServerModule]:Starting HTTP Server on Port: 8077...
ERPImporta.exe: 000036E0: 09:55:31 [TUniServerModule]:HTTP Server Started on Port: 8077
ERPImporta.exe: 00001124: 09:55:39 [Fechamento: Field 'Cadeado' cannot be a calculated or lookup field-127.0.0.1]:EDatabaseError : Fechamento: Field 'Cadeado' cannot be a calculated or lookup field : Addr: $0065727A
ERPImporta.exe: 00002EE8: 09:56:34 []:>--------------------------------------------------------------<
ERPImporta.exe: 00002EE8: 09:56:34 [TUniServerModule]:Server First Init.
ERPImporta.exe: 00002EE8: 09:56:34 [TUniServerModule]:Start Path = C:\Projetos_WEB\ERP_Importa\
ERPImporta.exe: 00002EE8: 09:56:34 [TUniServerModule]:Debug Mode = ON
ERPImporta.exe: 00002EE8: 09:56:34 [TUniGUISessionManager]:Cache erase job created, Folder count: [1]
ERPImporta.exe: 00002EE8: 09:56:34 [TUniServerModule]:Starting HTTP Server on Port: 8077...
ERPImporta.exe: 00002EE8: 09:56:34 [TUniServerModule]:HTTP Server Started on Port: 8077
ERPImporta.exe: 0000339C: 09:57:13 []:>--------------------------------------------------------------<
ERPImporta.exe: 0000339C: 09:57:13 [TUniServerModule]:Server First Init.
ERPImporta.exe: 0000339C: 09:57:13 [TUniServerModule]:Start Path = C:\Projetos_WEB\ERP_Importa\
ERPImporta.exe: 0000339C: 09:57:13 [TUniServerModule]:Debug Mode = ON
ERPImporta.exe: 0000339C: 09:57:13 [TUniGUISessionManager]:Cache erase job created, Folder count: [1]
ERPImporta.exe: 0000339C: 09:57:13 [TUniServerModule]:Starting HTTP Server on Port: 8077...
ERPImporta.exe: 0000339C: 09:57:13 [TUniServerModule]:HTTP Server Started on Port: 8077
ERPImporta.exe: 00000C34: 09:58:04 []:>--------------------------------------------------------------<
ERPImporta.exe: 00000C34: 09:58:04 [TUniServerModule]:Server First Init.
ERPImporta.exe: 00000C34: 09:58:04 [TUniServerModule]:Start Path = C:\Projetos_WEB\ERP_Importa\
ERPImporta.exe: 00000C34: 09:58:04 [TUniServerModule]:Debug Mode = ON
ERPImporta.exe: 00000C34: 09:58:04 [TUniGUISessionManager]:Cache erase job created, Folder count: [1]
ERPImporta.exe: 00000C34: 09:58:05 [TUniServerModule]:Starting HTTP Server on Port: 8077...
ERPImporta.exe: 00000C34: 09:58:05 [TUniServerModule]:HTTP Server Started on Port: 8077
ERPImporta.exe: 00003BA4: 09:58:23 []:>--------------------------------------------------------------<
ERPImporta.exe: 00003BA4: 09:58:23 [TUniServerModule]:Server First Init.
ERPImporta.exe: 00003BA4: 09:58:23 [TUniServerModule]:Start Path = C:\Projetos_WEB\ERP_Importa\
ERPImporta.exe: 00003BA4: 09:58:23 [TUniServerModule]:Debug Mode = ON
ERPImporta.exe: 00003BA4: 09:58:24 [TUniServerModule]:Starting HTTP Server on Port: 8077...
ERPImporta.exe: 00003BA4: 09:58:24 [TUniServerModule]:HTTP Server Started on Port: 8077
ERPImporta.exe: 00000F14: 10:16:32 []:>--------------------------------------------------------------<
ERPImporta.exe: 00000F14: 10:16:32 [TUniServerModule]:Server First Init.
ERPImporta.exe: 00000F14: 10:16:32 [TUniServerModule]:Start Path = C:\Projetos_WEB\ERP_Importa\
ERPImporta.exe: 00000F14: 10:16:32 [TUniServerModule]:Debug Mode = ON
ERPImporta.exe: 00000F14: 10:16:32 [TUniGUISessionManager]:Cache erase job created, Folder count: [1]
ERPImporta.exe: 00000F14: 10:16:32 [TUniServerModule]:Starting HTTP Server on Port: 8077...
ERPImporta.exe: 00000F14: 10:16:33 [TUniServerModule]:HTTP Server Started on Port: 8077
ERPImporta.exe: 000004A8: 10:19:21 []:>--------------------------------------------------------------<
ERPImporta.exe: 000004A8: 10:19:21 [TUniServerModule]:Server First Init.
ERPImporta.exe: 000004A8: 10:19:21 [TUniServerModule]:Start Path = C:\Projetos_WEB\ERP_Importa\
ERPImporta.exe: 000004A8: 10:19:21 [TUniServerModule]:Debug Mode = ON
ERPImporta.exe: 000004A8: 10:19:21 [TUniServerModule]:Starting HTTP Server on Port: 8077...
ERPImporta.exe: 000004A8: 10:19:21 [TUniServerModule]:HTTP Server Started on Port: 8077
ERPImporta.exe: 00002FF4: 10:19:55 []:>--------------------------------------------------------------<
ERPImporta.exe: 00002FF4: 10:19:55 [TUniServerModule]:Server First Init.
ERPImporta.exe: 00002FF4: 10:19:55 [TUniServerModule]:Start Path = C:\Projetos_WEB\ERP_Importa\
ERPImporta.exe: 00002FF4: 10:19:55 [TUniServerModule]:Debug Mode = ON
ERPImporta.exe: 00002FF4: 10:19:55 [TUniServerModule]:Starting HTTP Server on Port: 8077...
ERPImporta.exe: 00002FF4: 10:19:55 [TUniServerModule]:HTTP Server Started on Port: 8077
ERPImporta.exe: 00003618: 10:20:27 []:>--------------------------------------------------------------<
ERPImporta.exe: 00003618: 10:20:27 [TUniServerModule]:Server First Init.
ERPImporta.exe: 00003618: 10:20:27 [TUniServerModule]:Start Path = C:\Projetos_WEB\ERP_Importa\
ERPImporta.exe: 00003618: 10:20:27 [TUniServerModule]:Debug Mode = ON
ERPImporta.exe: 00003618: 10:20:28 [TUniServerModule]:Starting HTTP Server on Port: 8077...
ERPImporta.exe: 00003618: 10:20:28 [TUniServerModule]:HTTP Server Started on Port: 8077
ERPImporta.exe: 00000C54: 10:21:25 []:>--------------------------------------------------------------<
ERPImporta.exe: 00000C54: 10:21:25 [TUniServerModule]:Server First Init.
ERPImporta.exe: 00000C54: 10:21:25 [TUniServerModule]:Start Path = C:\Projetos_WEB\ERP_Importa\
ERPImporta.exe: 00000C54: 10:21:25 [TUniServerModule]:Debug Mode = ON
ERPImporta.exe: 00000C54: 10:21:25 [TUniGUISessionManager]:Cache erase job created, Folder count: [1]
ERPImporta.exe: 00000C54: 10:21:25 [TUniServerModule]:Starting HTTP Server on Port: 8077...
ERPImporta.exe: 00000C54: 10:21:25 [TUniServerModule]:HTTP Server Started on Port: 8077
ERPImporta.exe: 00001CD4: 10:21:41 []:>--------------------------------------------------------------<
ERPImporta.exe: 00001CD4: 10:21:41 [TUniServerModule]:Server First Init.
ERPImporta.exe: 00001CD4: 10:21:41 [TUniServerModule]:Start Path = C:\Projetos_WEB\ERP_Importa\
ERPImporta.exe: 00001CD4: 10:21:41 [TUniServerModule]:Debug Mode = ON
ERPImporta.exe: 00001CD4: 10:21:42 [TUniServerModule]:Starting HTTP Server on Port: 8077...
ERPImporta.exe: 00001CD4: 10:21:42 [TUniServerModule]:HTTP Server Started on Port: 8077
ERPImporta.exe: 00001D74: 10:21:56 []:>--------------------------------------------------------------<
ERPImporta.exe: 00001D74: 10:21:56 [TUniServerModule]:Server First Init.
ERPImporta.exe: 00001D74: 10:21:56 [TUniServerModule]:Start Path = C:\Projetos_WEB\ERP_Importa\
ERPImporta.exe: 00001D74: 10:21:56 [TUniServerModule]:Debug Mode = ON
ERPImporta.exe: 00001D74: 10:21:57 [TUniServerModule]:Starting HTTP Server on Port: 8077...
ERPImporta.exe: 00001D74: 10:21:57 [TUniServerModule]:HTTP Server Started on Port: 8077
ERPImporta.exe: 00003160: 10:22:47 []:>--------------------------------------------------------------<
ERPImporta.exe: 00003160: 10:22:47 [TUniServerModule]:Server First Init.
ERPImporta.exe: 00003160: 10:22:47 [TUniServerModule]:Start Path = C:\Projetos_WEB\ERP_Importa\
ERPImporta.exe: 00003160: 10:22:47 [TUniServerModule]:Debug Mode = ON
ERPImporta.exe: 00003160: 10:22:47 [TUniGUISessionManager]:Cache erase job created, Folder count: [1]
ERPImporta.exe: 00003160: 10:22:47 [TUniServerModule]:Starting HTTP Server on Port: 8077...
ERPImporta.exe: 00003160: 10:22:47 [TUniServerModule]:HTTP Server Started on Port: 8077
ERPImporta.exe: 00003AC8: 10:23:03 []:>--------------------------------------------------------------<
ERPImporta.exe: 00003AC8: 10:23:03 [TUniServerModule]:Server First Init.
ERPImporta.exe: 00003AC8: 10:23:03 [TUniServerModule]:Start Path = C:\Projetos_WEB\ERP_Importa\
ERPImporta.exe: 00003AC8: 10:23:03 [TUniServerModule]:Debug Mode = ON
ERPImporta.exe: 00003AC8: 10:23:03 [TUniGUISessionManager]:Cache erase job created, Folder count: [1]
ERPImporta.exe: 00003AC8: 10:23:03 [TUniServerModule]:Starting HTTP Server on Port: 8077...
ERPImporta.exe: 00003AC8: 10:23:03 [TUniServerModule]:HTTP Server Started on Port: 8077
ERPImporta.exe: 00001EBC: 10:23:28 []:>--------------------------------------------------------------<
ERPImporta.exe: 00001EBC: 10:23:28 [TUniServerModule]:Server First Init.
ERPImporta.exe: 00001EBC: 10:23:28 [TUniServerModule]:Start Path = C:\Projetos_WEB\ERP_Importa\
ERPImporta.exe: 00001EBC: 10:23:28 [TUniServerModule]:Debug Mode = ON
ERPImporta.exe: 00001EBC: 10:23:29 [TUniServerModule]:Starting HTTP Server on Port: 8077...
ERPImporta.exe: 00001EBC: 10:23:29 [TUniServerModule]:HTTP Server Started on Port: 8077
ERPImporta.exe: 00000FE0: 10:24:12 []:>--------------------------------------------------------------<
ERPImporta.exe: 00000FE0: 10:24:12 [TUniServerModule]:Server First Init.
ERPImporta.exe: 00000FE0: 10:24:12 [TUniServerModule]:Start Path = C:\Projetos_WEB\ERP_Importa\
ERPImporta.exe: 00000FE0: 10:24:12 [TUniServerModule]:Debug Mode = ON
ERPImporta.exe: 00000FE0: 10:24:12 [TUniServerModule]:Starting HTTP Server on Port: 8077...
ERPImporta.exe: 00000FE0: 10:24:12 [TUniServerModule]:HTTP Server Started on Port: 8077
ERPImporta.exe: 00000C64: 10:25:28 []:>--------------------------------------------------------------<
ERPImporta.exe: 00000C64: 10:25:28 [TUniServerModule]:Server First Init.
ERPImporta.exe: 00000C64: 10:25:28 [TUniServerModule]:Start Path = C:\Projetos_WEB\ERP_Importa\
ERPImporta.exe: 00000C64: 10:25:28 [TUniServerModule]:Debug Mode = ON
ERPImporta.exe: 00000C64: 10:25:28 [TUniServerModule]:Starting HTTP Server on Port: 8077...
ERPImporta.exe: 00000C64: 10:25:28 [TUniServerModule]:HTTP Server Started on Port: 8077
ERPImporta.exe: 000033D4: 10:25:50 []:>--------------------------------------------------------------<
ERPImporta.exe: 000033D4: 10:25:50 [TUniServerModule]:Server First Init.
ERPImporta.exe: 000033D4: 10:25:50 [TUniServerModule]:Start Path = C:\Projetos_WEB\ERP_Importa\
ERPImporta.exe: 000033D4: 10:25:50 [TUniServerModule]:Debug Mode = ON
ERPImporta.exe: 000033D4: 10:25:50 [TUniGUISessionManager]:Cache erase job created, Folder count: [1]
ERPImporta.exe: 000033D4: 10:25:51 [TUniServerModule]:Starting HTTP Server on Port: 8077...
ERPImporta.exe: 000033D4: 10:25:51 [TUniServerModule]:HTTP Server Started on Port: 8077
ERPImporta.exe: 0000337C: 10:31:39 []:>--------------------------------------------------------------<
ERPImporta.exe: 0000337C: 10:31:39 [TUniServerModule]:Server First Init.
ERPImporta.exe: 0000337C: 10:31:39 [TUniServerModule]:Start Path = C:\Projetos_WEB\ERP_Importa\
ERPImporta.exe: 0000337C: 10:31:39 [TUniServerModule]:Debug Mode = ON
ERPImporta.exe: 0000337C: 10:31:39 [TUniGUISessionManager]:Cache erase job created, Folder count: [1]
ERPImporta.exe: 0000337C: 10:31:39 [TUniServerModule]:Starting HTTP Server on Port: 8077...
ERPImporta.exe: 0000337C: 10:31:39 [TUniServerModule]:HTTP Server Started on Port: 8077
ERPImporta.exe: 00000258: 10:31:57 []:>--------------------------------------------------------------<
ERPImporta.exe: 00000258: 10:31:57 [TUniServerModule]:Server First Init.
ERPImporta.exe: 00000258: 10:31:57 [TUniServerModule]:Start Path = C:\Projetos_WEB\ERP_Importa\
ERPImporta.exe: 00000258: 10:31:57 [TUniServerModule]:Debug Mode = ON
ERPImporta.exe: 00000258: 10:31:57 [TUniGUISessionManager]:Cache erase job created, Folder count: [1]
ERPImporta.exe: 00000258: 10:31:58 [TUniServerModule]:Starting HTTP Server on Port: 8077...
ERPImporta.exe: 00000258: 10:31:58 [TUniServerModule]:HTTP Server Started on Port: 8077
ERPImporta.exe: 00002AA0: 10:44:12 []:>--------------------------------------------------------------<
ERPImporta.exe: 00002AA0: 10:44:12 [TUniServerModule]:Server First Init.
ERPImporta.exe: 00002AA0: 10:44:12 [TUniServerModule]:Start Path = C:\Projetos_WEB\ERP_Importa\
ERPImporta.exe: 00002AA0: 10:44:12 [TUniServerModule]:Debug Mode = ON
ERPImporta.exe: 00002AA0: 10:44:12 [TUniGUISessionManager]:Cache erase job created, Folder count: [1]
ERPImporta.exe: 00002AA0: 10:44:13 [TUniServerModule]:Starting HTTP Server on Port: 8077...
ERPImporta.exe: 00002AA0: 10:44:13 [TUniServerModule]:HTTP Server Started on Port: 8077
ERPImporta.exe: 0000098C: 10:45:17 []:>--------------------------------------------------------------<
ERPImporta.exe: 0000098C: 10:45:17 [TUniServerModule]:Server First Init.
ERPImporta.exe: 0000098C: 10:45:17 [TUniServerModule]:Start Path = C:\Projetos_WEB\ERP_Importa\
ERPImporta.exe: 0000098C: 10:45:17 [TUniServerModule]:Debug Mode = ON
ERPImporta.exe: 0000098C: 10:45:17 [TUniGUISessionManager]:Cache erase job created, Folder count: [1]
ERPImporta.exe: 0000098C: 10:45:17 [TUniServerModule]:Starting HTTP Server on Port: 8077...
ERPImporta.exe: 0000098C: 10:45:18 [TUniServerModule]:HTTP Server Started on Port: 8077
ERPImporta.exe: 000004D0: 10:46:46 []:>--------------------------------------------------------------<
ERPImporta.exe: 000004D0: 10:46:46 [TUniServerModule]:Server First Init.
ERPImporta.exe: 000004D0: 10:46:46 [TUniServerModule]:Start Path = C:\Projetos_WEB\ERP_Importa\
ERPImporta.exe: 000004D0: 10:46:46 [TUniServerModule]:Debug Mode = ON
ERPImporta.exe: 000004D0: 10:46:46 [TUniGUISessionManager]:Cache erase job created, Folder count: [1]
ERPImporta.exe: 000004D0: 10:46:46 [TUniServerModule]:Starting HTTP Server on Port: 8077...
ERPImporta.exe: 000004D0: 10:46:46 [TUniServerModule]:HTTP Server Started on Port: 8077
ERPImporta.exe: 00002808: 11:03:51 []:>--------------------------------------------------------------<
ERPImporta.exe: 00002808: 11:03:51 [TUniServerModule]:Server First Init.
ERPImporta.exe: 00002808: 11:03:51 [TUniServerModule]:Start Path = C:\Projetos_WEB\ERP_Importa\
ERPImporta.exe: 00002808: 11:03:51 [TUniServerModule]:Debug Mode = ON
ERPImporta.exe: 00002808: 11:03:51 [TUniServerModule]:Starting HTTP Server on Port: 8077...
ERPImporta.exe: 00002808: 11:03:52 [TUniServerModule]:HTTP Server Started on Port: 8077
ERPImporta.exe: 000035DC: 11:08:42 []:>--------------------------------------------------------------<
ERPImporta.exe: 000035DC: 11:08:42 [TUniServerModule]:Server First Init.
ERPImporta.exe: 000035DC: 11:08:42 [TUniServerModule]:Start Path = C:\Projetos_WEB\ERP_Importa\
ERPImporta.exe: 000035DC: 11:08:42 [TUniServerModule]:Debug Mode = ON
ERPImporta.exe: 000035DC: 11:08:42 [TUniServerModule]:Starting HTTP Server on Port: 8077...
ERPImporta.exe: 000035DC: 11:08:42 [TUniServerModule]:HTTP Server Started on Port: 8077
ERPImporta.exe: 0000214C: 11:22:21 []:>--------------------------------------------------------------<
ERPImporta.exe: 0000214C: 11:22:21 [TUniServerModule]:Server First Init.
ERPImporta.exe: 0000214C: 11:22:21 [TUniServerModule]:Start Path = C:\Projetos_WEB\ERP_Importa\
ERPImporta.exe: 0000214C: 11:22:21 [TUniServerModule]:Debug Mode = ON
ERPImporta.exe: 0000214C: 11:22:21 [TUniServerModule]:Starting HTTP Server on Port: 8077...
ERPImporta.exe: 0000214C: 11:22:22 [TUniServerModule]:HTTP Server Started on Port: 8077
ERPImporta.exe: 000003BC: 11:26:15 []:>--------------------------------------------------------------<
ERPImporta.exe: 000003BC: 11:26:15 [TUniServerModule]:Server First Init.
ERPImporta.exe: 000003BC: 11:26:15 [TUniServerModule]:Start Path = C:\Projetos_WEB\ERP_Importa\
ERPImporta.exe: 000003BC: 11:26:15 [TUniServerModule]:Debug Mode = ON
ERPImporta.exe: 000003BC: 11:26:15 [TUniGUISessionManager]:Cache erase job created, Folder count: [1]
ERPImporta.exe: 000003BC: 11:26:15 [TUniServerModule]:Starting HTTP Server on Port: 8077...
ERPImporta.exe: 000003BC: 11:26:15 [TUniServerModule]:HTTP Server Started on Port: 8077
ERPImporta.exe: 00003004: 11:27:04 []:>--------------------------------------------------------------<
ERPImporta.exe: 00003004: 11:27:04 [TUniServerModule]:Server First Init.
ERPImporta.exe: 00003004: 11:27:04 [TUniServerModule]:Start Path = C:\Projetos_WEB\ERP_Importa\
ERPImporta.exe: 00003004: 11:27:04 [TUniServerModule]:Debug Mode = ON
ERPImporta.exe: 00003004: 11:27:04 [TUniServerModule]:Starting HTTP Server on Port: 8077...
ERPImporta.exe: 00003004: 11:27:04 [TUniServerModule]:HTTP Server Started on Port: 8077
ERPImporta.exe: 000010D8: 11:28:11 []:>--------------------------------------------------------------<
ERPImporta.exe: 000010D8: 11:28:11 [TUniServerModule]:Server First Init.
ERPImporta.exe: 000010D8: 11:28:11 [TUniServerModule]:Start Path = C:\Projetos_WEB\ERP_Importa\
ERPImporta.exe: 000010D8: 11:28:11 [TUniServerModule]:Debug Mode = ON
ERPImporta.exe: 000010D8: 11:28:11 [TUniServerModule]:Starting HTTP Server on Port: 8077...
ERPImporta.exe: 000010D8: 11:28:12 [TUniServerModule]:HTTP Server Started on Port: 8077
ERPImporta.exe: 00000518: 11:36:13 []:>--------------------------------------------------------------<
ERPImporta.exe: 00000518: 11:36:13 [TUniServerModule]:Server First Init.
ERPImporta.exe: 00000518: 11:36:13 [TUniServerModule]:Start Path = C:\Projetos_WEB\ERP_Importa\
ERPImporta.exe: 00000518: 11:36:13 [TUniServerModule]:Debug Mode = ON
ERPImporta.exe: 00000518: 11:36:13 [TUniGUISessionManager]:Cache erase job created, Folder count: [1]
ERPImporta.exe: 00000518: 11:36:14 [TUniServerModule]:Starting HTTP Server on Port: 8077...
ERPImporta.exe: 00000518: 11:36:14 [TUniServerModule]:HTTP Server Started on Port: 8077
ERPImporta.exe: 00001034: 11:36:41 []:>--------------------------------------------------------------<
ERPImporta.exe: 00001034: 11:36:41 [TUniServerModule]:Server First Init.
ERPImporta.exe: 00001034: 11:36:41 [TUniServerModule]:Start Path = C:\Projetos_WEB\ERP_Importa\
ERPImporta.exe: 00001034: 11:36:41 [TUniServerModule]:Debug Mode = ON
ERPImporta.exe: 00001034: 11:36:42 [TUniServerModule]:Starting HTTP Server on Port: 8077...
ERPImporta.exe: 00001034: 11:36:42 [TUniServerModule]:HTTP Server Started on Port: 8077
ERPImporta.exe: 000032E0: 11:36:55 []:>--------------------------------------------------------------<
ERPImporta.exe: 000032E0: 11:36:55 [TUniServerModule]:Server First Init.
ERPImporta.exe: 000032E0: 11:36:55 [TUniServerModule]:Start Path = C:\Projetos_WEB\ERP_Importa\
ERPImporta.exe: 000032E0: 11:36:55 [TUniServerModule]:Debug Mode = ON
ERPImporta.exe: 000032E0: 11:36:55 [TUniGUISessionManager]:Cache erase job created, Folder count: [1]
ERPImporta.exe: 000032E0: 11:36:56 [TUniServerModule]:Starting HTTP Server on Port: 8077...
ERPImporta.exe: 000032E0: 11:36:56 [TUniServerModule]:HTTP Server Started on Port: 8077
ERPImporta.exe: 00002EC0: 11:38:09 []:>--------------------------------------------------------------<
ERPImporta.exe: 00002EC0: 11:38:09 [TUniServerModule]:Server First Init.
ERPImporta.exe: 00002EC0: 11:38:09 [TUniServerModule]:Start Path = C:\Projetos_WEB\ERP_Importa\
ERPImporta.exe: 00002EC0: 11:38:09 [TUniServerModule]:Debug Mode = ON
ERPImporta.exe: 00002EC0: 11:38:09 [TUniServerModule]:Starting HTTP Server on Port: 8077...
ERPImporta.exe: 00002EC0: 11:38:10 [TUniServerModule]:HTTP Server Started on Port: 8077
ERPImporta.exe: 00003B94: 11:38:19 [127.0.0.1]:EAccessViolation : Access violation at address 00000000 in module 'ERPImporta.exe'. Read of address 00000000 : Addr: $00000000
ERPImporta.exe: 00001924: 11:38:21 [127.0.0.1]:EAccessViolation : Access violation at address 00000000 in module 'ERPImporta.exe'. Read of address 00000000 : Addr: $00000000
ERPImporta.exe: 00000754: 11:38:42 []:>--------------------------------------------------------------<
ERPImporta.exe: 00000754: 11:38:42 [TUniServerModule]:Server First Init.
ERPImporta.exe: 00000754: 11:38:42 [TUniServerModule]:Start Path = C:\Projetos_WEB\ERP_Importa\
ERPImporta.exe: 00000754: 11:38:42 [TUniServerModule]:Debug Mode = ON
ERPImporta.exe: 00000754: 11:38:42 [TUniGUISessionManager]:Cache erase job created, Folder count: [1]
ERPImporta.exe: 00000754: 11:38:42 [TUniServerModule]:Starting HTTP Server on Port: 8077...
ERPImporta.exe: 00000754: 11:38:42 [TUniServerModule]:HTTP Server Started on Port: 8077
ERPImporta.exe: 000001EC: 11:46:15 []:>--------------------------------------------------------------<
ERPImporta.exe: 000001EC: 11:46:15 [TUniServerModule]:Server First Init.
ERPImporta.exe: 000001EC: 11:46:15 [TUniServerModule]:Start Path = C:\Projetos_WEB\ERP_Importa\
ERPImporta.exe: 000001EC: 11:46:15 [TUniServerModule]:Debug Mode = ON
ERPImporta.exe: 000001EC: 11:46:15 [TUniGUISessionManager]:Cache erase job created, Folder count: [1]
ERPImporta.exe: 000001EC: 11:46:15 [TUniServerModule]:Starting HTTP Server on Port: 8077...
ERPImporta.exe: 000001EC: 11:46:15 [TUniServerModule]:HTTP Server Started on Port: 8077
ERPImporta.exe: 00001D5C: 11:46:36 []:>--------------------------------------------------------------<
ERPImporta.exe: 00001D5C: 11:46:36 [TUniServerModule]:Server First Init.
ERPImporta.exe: 00001D5C: 11:46:36 [TUniServerModule]:Start Path = C:\Projetos_WEB\ERP_Importa\
ERPImporta.exe: 00001D5C: 11:46:36 [TUniServerModule]:Debug Mode = ON
ERPImporta.exe: 00001D5C: 11:46:36 [TUniGUISessionManager]:Cache erase job created, Folder count: [1]
ERPImporta.exe: 00001D5C: 11:46:36 [TUniServerModule]:Starting HTTP Server on Port: 8077...
ERPImporta.exe: 00001D5C: 11:46:37 [TUniServerModule]:HTTP Server Started on Port: 8077
ERPImporta.exe: 00002EBC: 11:47:00 []:>--------------------------------------------------------------<
ERPImporta.exe: 00002EBC: 11:47:00 [TUniServerModule]:Server First Init.
ERPImporta.exe: 00002EBC: 11:47:00 [TUniServerModule]:Start Path = C:\Projetos_WEB\ERP_Importa\
ERPImporta.exe: 00002EBC: 11:47:00 [TUniServerModule]:Debug Mode = ON
ERPImporta.exe: 00002EBC: 11:47:01 [TUniServerModule]:Starting HTTP Server on Port: 8077...
ERPImporta.exe: 00002EBC: 11:47:01 [TUniServerModule]:HTTP Server Started on Port: 8077
ERPImporta.exe: 000026D0: 11:49:27 []:>--------------------------------------------------------------<
ERPImporta.exe: 000026D0: 11:49:27 [TUniServerModule]:Server First Init.
ERPImporta.exe: 000026D0: 11:49:27 [TUniServerModule]:Start Path = C:\Projetos_WEB\ERP_Importa\
ERPImporta.exe: 000026D0: 11:49:27 [TUniServerModule]:Debug Mode = ON
ERPImporta.exe: 000026D0: 11:49:27 [TUniGUISessionManager]:Cache erase job created, Folder count: [1]
ERPImporta.exe: 000026D0: 11:49:27 [TUniServerModule]:Starting HTTP Server on Port: 8077...
ERPImporta.exe: 000026D0: 11:49:27 [TUniServerModule]:HTTP Server Started on Port: 8077
ERPImporta.exe: 00003B34: 11:49:46 []:>--------------------------------------------------------------<
ERPImporta.exe: 00003B34: 11:49:46 [TUniServerModule]:Server First Init.
ERPImporta.exe: 00003B34: 11:49:46 [TUniServerModule]:Start Path = C:\Projetos_WEB\ERP_Importa\
ERPImporta.exe: 00003B34: 11:49:46 [TUniServerModule]:Debug Mode = ON
ERPImporta.exe: 00003B34: 11:49:47 [TUniServerModule]:Starting HTTP Server on Port: 8077...
ERPImporta.exe: 00003B34: 11:49:47 [TUniServerModule]:HTTP Server Started on Port: 8077
ERPImporta.exe: 00002DAC: 11:50:53 []:>--------------------------------------------------------------<
ERPImporta.exe: 00002DAC: 11:50:53 [TUniServerModule]:Server First Init.
ERPImporta.exe: 00002DAC: 11:50:53 [TUniServerModule]:Start Path = C:\Projetos_WEB\ERP_Importa\
ERPImporta.exe: 00002DAC: 11:50:53 [TUniServerModule]:Debug Mode = ON
ERPImporta.exe: 00002DAC: 11:50:53 [TUniServerModule]:Starting HTTP Server on Port: 8077...
ERPImporta.exe: 00002DAC: 11:50:53 [TUniServerModule]:HTTP Server Started on Port: 8077
ERPImporta.exe: 00002E4C: 11:51:54 []:>--------------------------------------------------------------<
ERPImporta.exe: 00002E4C: 11:51:54 [TUniServerModule]:Server First Init.
ERPImporta.exe: 00002E4C: 11:51:54 [TUniServerModule]:Start Path = C:\Projetos_WEB\ERP_Importa\
ERPImporta.exe: 00002E4C: 11:51:54 [TUniServerModule]:Debug Mode = ON
ERPImporta.exe: 00002E4C: 11:51:54 [TUniGUISessionManager]:Cache erase job created, Folder count: [1]
ERPImporta.exe: 00002E4C: 11:51:54 [TUniServerModule]:Starting HTTP Server on Port: 8077...
ERPImporta.exe: 00002E4C: 11:51:54 [TUniServerModule]:HTTP Server Started on Port: 8077
ERPImporta.exe: 000020DC: 11:52:22 []:>--------------------------------------------------------------<
ERPImporta.exe: 000020DC: 11:52:22 [TUniServerModule]:Server First Init.
ERPImporta.exe: 000020DC: 11:52:22 [TUniServerModule]:Start Path = C:\Projetos_WEB\ERP_Importa\
ERPImporta.exe: 000020DC: 11:52:22 [TUniServerModule]:Debug Mode = ON
ERPImporta.exe: 000020DC: 11:52:22 [TUniServerModule]:Starting HTTP Server on Port: 8077...
ERPImporta.exe: 000020DC: 11:52:22 [TUniServerModule]:HTTP Server Started on Port: 8077
ERPImporta.exe: 00000774: 11:54:31 []:>--------------------------------------------------------------<
ERPImporta.exe: 00000774: 11:54:31 [TUniServerModule]:Server First Init.
ERPImporta.exe: 00000774: 11:54:31 [TUniServerModule]:Start Path = C:\Projetos_WEB\ERP_Importa\
ERPImporta.exe: 00000774: 11:54:31 [TUniServerModule]:Debug Mode = ON
ERPImporta.exe: 00000774: 11:54:31 [TUniServerModule]:Starting HTTP Server on Port: 8077...
ERPImporta.exe: 00000774: 11:54:32 [TUniServerModule]:HTTP Server Started on Port: 8077
ERPImporta.exe: 00002F84: 12:06:31 []:>--------------------------------------------------------------<
ERPImporta.exe: 00002F84: 12:06:31 [TUniServerModule]:Server First Init.
ERPImporta.exe: 00002F84: 12:06:31 [TUniServerModule]:Start Path = C:\Projetos_WEB\ERP_Importa\
ERPImporta.exe: 00002F84: 12:06:31 [TUniServerModule]:Debug Mode = ON
ERPImporta.exe: 00002F84: 12:06:32 [TUniServerModule]:Starting HTTP Server on Port: 8077...
ERPImporta.exe: 00002F84: 12:06:32 [TUniServerModule]:HTTP Server Started on Port: 8077
ERPImporta.exe: 00003594: 12:15:09 []:>--------------------------------------------------------------<
ERPImporta.exe: 00003594: 12:15:09 [TUniServerModule]:Server First Init.
ERPImporta.exe: 00003594: 12:15:09 [TUniServerModule]:Start Path = C:\Projetos_WEB\ERP_Importa\
ERPImporta.exe: 00003594: 12:15:09 [TUniServerModule]:Debug Mode = ON
ERPImporta.exe: 00003594: 12:15:09 [TUniServerModule]:Starting HTTP Server on Port: 8077...
ERPImporta.exe: 00003594: 12:15:09 [TUniServerModule]:HTTP Server Started on Port: 8077
ERPImporta.exe: 0000354C: 14:37:47 []:>--------------------------------------------------------------<
ERPImporta.exe: 0000354C: 14:37:47 [TUniServerModule]:Server First Init.
ERPImporta.exe: 0000354C: 14:37:47 [TUniServerModule]:Start Path = C:\Projetos_WEB\ERP_Importa\
ERPImporta.exe: 0000354C: 14:37:47 [TUniServerModule]:Debug Mode = ON
ERPImporta.exe: 0000354C: 14:37:47 [TUniGUISessionManager]:Cache erase job created, Folder count: [1]
ERPImporta.exe: 0000354C: 14:37:48 [TUniServerModule]:Starting HTTP Server on Port: 8077...
ERPImporta.exe: 0000354C: 14:37:48 [TUniServerModule]:HTTP Server Started on Port: 8077
ERPImporta.exe: 00002DC8: 14:38:46 []:>--------------------------------------------------------------<
ERPImporta.exe: 00002DC8: 14:38:46 [TUniServerModule]:Server First Init.
ERPImporta.exe: 00002DC8: 14:38:46 [TUniServerModule]:Start Path = C:\Projetos_WEB\ERP_Importa\
ERPImporta.exe: 00002DC8: 14:38:46 [TUniServerModule]:Debug Mode = ON
ERPImporta.exe: 00002DC8: 14:38:46 [TUniServerModule]:Starting HTTP Server on Port: 8077...
ERPImporta.exe: 00002DC8: 14:38:46 [TUniServerModule]:HTTP Server Started on Port: 8077
ERPImporta.exe: 000020D4: 14:45:24 []:>--------------------------------------------------------------<
ERPImporta.exe: 000020D4: 14:45:24 [TUniServerModule]:Server First Init.
ERPImporta.exe: 000020D4: 14:45:24 [TUniServerModule]:Start Path = C:\Projetos_WEB\ERP_Importa\
ERPImporta.exe: 000020D4: 14:45:24 [TUniServerModule]:Debug Mode = ON
ERPImporta.exe: 000020D4: 14:45:24 [TUniGUISessionManager]:Cache erase job created, Folder count: [1]
ERPImporta.exe: 000020D4: 14:45:24 [TUniServerModule]:Starting HTTP Server on Port: 8077...
ERPImporta.exe: 000020D4: 14:45:24 [TUniServerModule]:HTTP Server Started on Port: 8077
ERPImporta.exe: 00003700: 14:46:34 [HandleFileRequest[127.0.0.1]]:File not found: C:\Projetos_WEB\ERP_Importa\files\images\fundo8.jpg
ERPImporta.exe: 00002B34: 14:49:30 []:>--------------------------------------------------------------<
ERPImporta.exe: 00002B34: 14:49:30 [TUniServerModule]:Server First Init.
ERPImporta.exe: 00002B34: 14:49:30 [TUniServerModule]:Start Path = C:\Projetos_WEB\ERP_Importa\
ERPImporta.exe: 00002B34: 14:49:30 [TUniServerModule]:Debug Mode = ON
ERPImporta.exe: 00002B34: 14:49:30 [TUniServerModule]:Starting HTTP Server on Port: 8077...
ERPImporta.exe: 00002B34: 14:49:30 [TUniServerModule]:HTTP Server Started on Port: 8077
ERPImporta.exe: 00003510: 14:51:12 []:>--------------------------------------------------------------<
ERPImporta.exe: 00003510: 14:51:12 [TUniServerModule]:Server First Init.
ERPImporta.exe: 00003510: 14:51:12 [TUniServerModule]:Start Path = C:\Projetos_WEB\ERP_Importa\
ERPImporta.exe: 00003510: 14:51:12 [TUniServerModule]:Debug Mode = ON
ERPImporta.exe: 00003510: 14:51:12 [TUniServerModule]:Starting HTTP Server on Port: 8077...
ERPImporta.exe: 00003510: 14:51:12 [TUniServerModule]:HTTP Server Started on Port: 8077
ERPImporta.exe: 000013C0: 14:52:46 []:>--------------------------------------------------------------<
ERPImporta.exe: 000013C0: 14:52:46 [TUniServerModule]:Server First Init.
ERPImporta.exe: 000013C0: 14:52:46 [TUniServerModule]:Start Path = C:\Projetos_WEB\ERP_Importa\
ERPImporta.exe: 000013C0: 14:52:46 [TUniServerModule]:Debug Mode = ON
ERPImporta.exe: 000013C0: 14:52:46 [TUniGUISessionManager]:Cache erase job created, Folder count: [1]
ERPImporta.exe: 000013C0: 14:52:46 [TUniServerModule]:Starting HTTP Server on Port: 8077...
ERPImporta.exe: 000013C0: 14:52:46 [TUniServerModule]:HTTP Server Started on Port: 8077
ERPImporta.exe: 00001AB4: 14:59:11 []:>--------------------------------------------------------------<
ERPImporta.exe: 00001AB4: 14:59:11 [TUniServerModule]:Server First Init.
ERPImporta.exe: 00001AB4: 14:59:11 [TUniServerModule]:Start Path = C:\Projetos_WEB\ERP_Importa\
ERPImporta.exe: 00001AB4: 14:59:11 [TUniServerModule]:Debug Mode = ON
ERPImporta.exe: 00001AB4: 14:59:11 [TUniGUISessionManager]:Cache erase job created, Folder count: [1]
ERPImporta.exe: 00001AB4: 14:59:12 [TUniServerModule]:Starting HTTP Server on Port: 8077...
ERPImporta.exe: 00001AB4: 14:59:12 [TUniServerModule]:HTTP Server Started on Port: 8077
ERPImporta.exe: 000013FC: 15:02:55 []:>--------------------------------------------------------------<
ERPImporta.exe: 000013FC: 15:02:55 [TUniServerModule]:Server First Init.
ERPImporta.exe: 000013FC: 15:02:55 [TUniServerModule]:Start Path = C:\Projetos_WEB\ERP_Importa\
ERPImporta.exe: 000013FC: 15:02:55 [TUniServerModule]:Debug Mode = ON
ERPImporta.exe: 000013FC: 15:02:55 [TUniServerModule]:Starting HTTP Server on Port: 8077...
ERPImporta.exe: 000013FC: 15:02:55 [TUniServerModule]:HTTP Server Started on Port: 8077
ERPImporta.exe: 00003490: 15:03:50 []:>--------------------------------------------------------------<
ERPImporta.exe: 00003490: 15:03:50 [TUniServerModule]:Server First Init.
ERPImporta.exe: 00003490: 15:03:50 [TUniServerModule]:Start Path = C:\Projetos_WEB\ERP_Importa\
ERPImporta.exe: 00003490: 15:03:50 [TUniServerModule]:Debug Mode = ON
ERPImporta.exe: 00003490: 15:03:50 [TUniServerModule]:Starting HTTP Server on Port: 8077...
ERPImporta.exe: 00003490: 15:03:50 [TUniServerModule]:HTTP Server Started on Port: 8077
ERPImporta.exe: 00000F48: 15:52:27 []:>--------------------------------------------------------------<
ERPImporta.exe: 00000F48: 15:52:27 [TUniServerModule]:Server First Init.
ERPImporta.exe: 00000F48: 15:52:27 [TUniServerModule]:Start Path = C:\Projetos_WEB\ERP_Importa\
ERPImporta.exe: 00000F48: 15:52:27 [TUniServerModule]:Debug Mode = ON
ERPImporta.exe: 00000F48: 15:52:27 [TUniServerModule]:Starting HTTP Server on Port: 8077...
ERPImporta.exe: 00000F48: 15:52:27 [TUniServerModule]:HTTP Server Started on Port: 8077
ERPImporta.exe: 00002E88: 15:55:01 []:>--------------------------------------------------------------<
ERPImporta.exe: 00002E88: 15:55:01 [TUniServerModule]:Server First Init.
ERPImporta.exe: 00002E88: 15:55:01 [TUniServerModule]:Start Path = C:\Projetos_WEB\ERP_Importa\
ERPImporta.exe: 00002E88: 15:55:01 [TUniServerModule]:Debug Mode = ON
ERPImporta.exe: 00002E88: 15:55:01 [TUniServerModule]:Starting HTTP Server on Port: 8077...
ERPImporta.exe: 00002E88: 15:55:01 [TUniServerModule]:HTTP Server Started on Port: 8077
ERPImporta.exe: 000019A4: 15:56:31 []:>--------------------------------------------------------------<
ERPImporta.exe: 000019A4: 15:56:31 [TUniServerModule]:Server First Init.
ERPImporta.exe: 000019A4: 15:56:31 [TUniServerModule]:Start Path = C:\Projetos_WEB\ERP_Importa\
ERPImporta.exe: 000019A4: 15:56:31 [TUniServerModule]:Debug Mode = ON
ERPImporta.exe: 000019A4: 15:56:31 [TUniServerModule]:Starting HTTP Server on Port: 8077...
ERPImporta.exe: 000019A4: 15:56:31 [TUniServerModule]:HTTP Server Started on Port: 8077
ERPImporta.exe: 00001D94: 15:59:46 []:>--------------------------------------------------------------<
ERPImporta.exe: 00001D94: 15:59:46 [TUniServerModule]:Server First Init.
ERPImporta.exe: 00001D94: 15:59:46 [TUniServerModule]:Start Path = C:\Projetos_WEB\ERP_Importa\
ERPImporta.exe: 00001D94: 15:59:46 [TUniServerModule]:Debug Mode = ON
ERPImporta.exe: 00001D94: 15:59:46 [TUniServerModule]:Starting HTTP Server on Port: 8077...
ERPImporta.exe: 00001D94: 15:59:46 [TUniServerModule]:HTTP Server Started on Port: 8077
ERPImporta.exe: 00002344: 16:01:09 []:>--------------------------------------------------------------<
ERPImporta.exe: 00002344: 16:01:09 [TUniServerModule]:Server First Init.
ERPImporta.exe: 00002344: 16:01:09 [TUniServerModule]:Start Path = C:\Projetos_WEB\ERP_Importa\
ERPImporta.exe: 00002344: 16:01:09 [TUniServerModule]:Debug Mode = ON
ERPImporta.exe: 00002344: 16:01:09 [TUniGUISessionManager]:Cache erase job created, Folder count: [1]
ERPImporta.exe: 00002344: 16:01:09 [TUniServerModule]:Starting HTTP Server on Port: 8077...
ERPImporta.exe: 00002344: 16:01:09 [TUniServerModule]:HTTP Server Started on Port: 8077
ERPImporta.exe: 00001558: 16:08:20 []:>--------------------------------------------------------------<
ERPImporta.exe: 00001558: 16:08:20 [TUniServerModule]:Server First Init.
ERPImporta.exe: 00001558: 16:08:20 [TUniServerModule]:Start Path = C:\Projetos_WEB\ERP_Importa\
ERPImporta.exe: 00001558: 16:08:20 [TUniServerModule]:Debug Mode = ON
ERPImporta.exe: 00001558: 16:08:20 [TUniGUISessionManager]:Cache erase job created, Folder count: [1]
ERPImporta.exe: 00001558: 16:08:21 [TUniServerModule]:Starting HTTP Server on Port: 8077...
ERPImporta.exe: 00001558: 16:08:21 [TUniServerModule]:HTTP Server Started on Port: 8077
ERPImporta.exe: 0000172C: 16:10:01 []:>--------------------------------------------------------------<
ERPImporta.exe: 0000172C: 16:10:01 [TUniServerModule]:Server First Init.
ERPImporta.exe: 0000172C: 16:10:01 [TUniServerModule]:Start Path = C:\Projetos_WEB\ERP_Importa\
ERPImporta.exe: 0000172C: 16:10:01 [TUniServerModule]:Debug Mode = ON
ERPImporta.exe: 0000172C: 16:10:01 [TUniGUISessionManager]:Cache erase job created, Folder count: [1]
ERPImporta.exe: 0000172C: 16:10:01 [TUniServerModule]:Starting HTTP Server on Port: 8077...
ERPImporta.exe: 0000172C: 16:10:01 [TUniServerModule]:HTTP Server Started on Port: 8077
ERPImporta.exe: 000031F8: 16:11:07 []:>--------------------------------------------------------------<
ERPImporta.exe: 000031F8: 16:11:07 [TUniServerModule]:Server First Init.
ERPImporta.exe: 000031F8: 16:11:07 [TUniServerModule]:Start Path = C:\Projetos_WEB\ERP_Importa\
ERPImporta.exe: 000031F8: 16:11:07 [TUniServerModule]:Debug Mode = ON
ERPImporta.exe: 000031F8: 16:11:08 [TUniServerModule]:Starting HTTP Server on Port: 8077...
ERPImporta.exe: 000031F8: 16:11:08 [TUniServerModule]:HTTP Server Started on Port: 8077
ERPImporta.exe: 0000076C: 16:17:30 []:>--------------------------------------------------------------<
ERPImporta.exe: 0000076C: 16:17:30 [TUniServerModule]:Server First Init.
ERPImporta.exe: 0000076C: 16:17:30 [TUniServerModule]:Start Path = C:\Projetos_WEB\ERP_Importa\
ERPImporta.exe: 0000076C: 16:17:30 [TUniServerModule]:Debug Mode = ON
ERPImporta.exe: 0000076C: 16:17:30 [TUniServerModule]:Starting HTTP Server on Port: 8077...
ERPImporta.exe: 0000076C: 16:17:30 [TUniServerModule]:HTTP Server Started on Port: 8077
ERPImporta.exe: 00001C18: 16:18:35 []:>--------------------------------------------------------------<
ERPImporta.exe: 00001C18: 16:18:35 [TUniServerModule]:Server First Init.
ERPImporta.exe: 00001C18: 16:18:35 [TUniServerModule]:Start Path = C:\Projetos_WEB\ERP_Importa\
ERPImporta.exe: 00001C18: 16:18:35 [TUniServerModule]:Debug Mode = ON
ERPImporta.exe: 00001C18: 16:18:35 [TUniServerModule]:Starting HTTP Server on Port: 8077...
ERPImporta.exe: 00001C18: 16:18:36 [TUniServerModule]:HTTP Server Started on Port: 8077
ERPImporta.exe: 00000D40: 16:19:45 []:>--------------------------------------------------------------<
ERPImporta.exe: 00000D40: 16:19:45 [TUniServerModule]:Server First Init.
ERPImporta.exe: 00000D40: 16:19:45 [TUniServerModule]:Start Path = C:\Projetos_WEB\ERP_Importa\
ERPImporta.exe: 00000D40: 16:19:45 [TUniServerModule]:Debug Mode = ON
ERPImporta.exe: 00000D40: 16:19:45 [TUniServerModule]:Starting HTTP Server on Port: 8077...
ERPImporta.exe: 00000D40: 16:19:45 [TUniServerModule]:HTTP Server Started on Port: 8077
ERPImporta.exe: 0000010C: 16:23:44 []:>--------------------------------------------------------------<
ERPImporta.exe: 0000010C: 16:23:44 [TUniServerModule]:Server First Init.
ERPImporta.exe: 0000010C: 16:23:44 [TUniServerModule]:Start Path = C:\Projetos_WEB\ERP_Importa\
ERPImporta.exe: 0000010C: 16:23:44 [TUniServerModule]:Debug Mode = ON
ERPImporta.exe: 0000010C: 16:23:45 [TUniServerModule]:Starting HTTP Server on Port: 8077...
ERPImporta.exe: 0000010C: 16:23:45 [TUniServerModule]:HTTP Server Started on Port: 8077
ERPImporta.exe: 0000096C: 16:24:25 []:>--------------------------------------------------------------<
ERPImporta.exe: 0000096C: 16:24:25 [TUniServerModule]:Server First Init.
ERPImporta.exe: 0000096C: 16:24:25 [TUniServerModule]:Start Path = C:\Projetos_WEB\ERP_Importa\
ERPImporta.exe: 0000096C: 16:24:25 [TUniServerModule]:Debug Mode = ON
ERPImporta.exe: 0000096C: 16:24:26 [TUniServerModule]:Starting HTTP Server on Port: 8077...
ERPImporta.exe: 0000096C: 16:24:26 [TUniServerModule]:HTTP Server Started on Port: 8077
ERPImporta.exe: 00000AC8: 16:27:18 []:>--------------------------------------------------------------<
ERPImporta.exe: 00000AC8: 16:27:18 [TUniServerModule]:Server First Init.
ERPImporta.exe: 00000AC8: 16:27:18 [TUniServerModule]:Start Path = C:\Projetos_WEB\ERP_Importa\
ERPImporta.exe: 00000AC8: 16:27:18 [TUniServerModule]:Debug Mode = ON
ERPImporta.exe: 00000AC8: 16:27:19 [TUniServerModule]:Starting HTTP Server on Port: 8077...
ERPImporta.exe: 00000AC8: 16:27:19 [TUniServerModule]:HTTP Server Started on Port: 8077
ERPImporta.exe: 00003720: 16:28:00 []:>--------------------------------------------------------------<
ERPImporta.exe: 00003720: 16:28:00 [TUniServerModule]:Server First Init.
ERPImporta.exe: 00003720: 16:28:00 [TUniServerModule]:Start Path = C:\Projetos_WEB\ERP_Importa\
ERPImporta.exe: 00003720: 16:28:00 [TUniServerModule]:Debug Mode = ON
ERPImporta.exe: 00003720: 16:28:00 [TUniServerModule]:Starting HTTP Server on Port: 8077...
ERPImporta.exe: 00003720: 16:28:00 [TUniServerModule]:HTTP Server Started on Port: 8077
ERPImporta.exe: 00003434: 16:30:07 []:>--------------------------------------------------------------<
ERPImporta.exe: 00003434: 16:30:07 [TUniServerModule]:Server First Init.
ERPImporta.exe: 00003434: 16:30:07 [TUniServerModule]:Start Path = C:\Projetos_WEB\ERP_Importa\
ERPImporta.exe: 00003434: 16:30:07 [TUniServerModule]:Debug Mode = ON
ERPImporta.exe: 00003434: 16:30:07 [TUniGUISessionManager]:Cache erase job created, Folder count: [1]
ERPImporta.exe: 00003434: 16:30:08 [TUniServerModule]:Starting HTTP Server on Port: 8077...
ERPImporta.exe: 00003434: 16:30:08 [TUniServerModule]:HTTP Server Started on Port: 8077
ERPImporta.exe: 00002964: 16:30:46 []:>--------------------------------------------------------------<
ERPImporta.exe: 00002964: 16:30:46 [TUniServerModule]:Server First Init.
ERPImporta.exe: 00002964: 16:30:46 [TUniServerModule]:Start Path = C:\Projetos_WEB\ERP_Importa\
ERPImporta.exe: 00002964: 16:30:46 [TUniServerModule]:Debug Mode = ON
ERPImporta.exe: 00002964: 16:30:47 [TUniServerModule]:Starting HTTP Server on Port: 8077...
ERPImporta.exe: 00002964: 16:30:47 [TUniServerModule]:HTTP Server Started on Port: 8077
ERPImporta.exe: 00002CAC: 16:32:24 []:>--------------------------------------------------------------<
ERPImporta.exe: 00002CAC: 16:32:24 [TUniServerModule]:Server First Init.
ERPImporta.exe: 00002CAC: 16:32:24 [TUniServerModule]:Start Path = C:\Projetos_WEB\ERP_Importa\
ERPImporta.exe: 00002CAC: 16:32:24 [TUniServerModule]:Debug Mode = ON
ERPImporta.exe: 00002CAC: 16:32:24 [TUniServerModule]:Starting HTTP Server on Port: 8077...
ERPImporta.exe: 00002CAC: 16:32:24 [TUniServerModule]:HTTP Server Started on Port: 8077
ERPImporta.exe: 000011A0: 16:33:47 []:>--------------------------------------------------------------<
ERPImporta.exe: 000011A0: 16:33:47 [TUniServerModule]:Server First Init.
ERPImporta.exe: 000011A0: 16:33:47 [TUniServerModule]:Start Path = C:\Projetos_WEB\ERP_Importa\
ERPImporta.exe: 000011A0: 16:33:47 [TUniServerModule]:Debug Mode = ON
ERPImporta.exe: 000011A0: 16:33:47 [TUniGUISessionManager]:Cache erase job created, Folder count: [1]
ERPImporta.exe: 000011A0: 16:33:47 [TUniServerModule]:Starting HTTP Server on Port: 8077...
ERPImporta.exe: 000011A0: 16:33:47 [TUniServerModule]:HTTP Server Started on Port: 8077
ERPImporta.exe: 0000352C: 16:34:22 []:>--------------------------------------------------------------<
ERPImporta.exe: 0000352C: 16:34:22 [TUniServerModule]:Server First Init.
ERPImporta.exe: 0000352C: 16:34:22 [TUniServerModule]:Start Path = C:\Projetos_WEB\ERP_Importa\
ERPImporta.exe: 0000352C: 16:34:22 [TUniServerModule]:Debug Mode = ON
ERPImporta.exe: 0000352C: 16:34:22 [TUniServerModule]:Starting HTTP Server on Port: 8077...
ERPImporta.exe: 0000352C: 16:34:22 [TUniServerModule]:HTTP Server Started on Port: 8077
ERPImporta.exe: 000013C8: 16:34:50 []:>--------------------------------------------------------------<
ERPImporta.exe: 000013C8: 16:34:50 [TUniServerModule]:Server First Init.
ERPImporta.exe: 000013C8: 16:34:50 [TUniServerModule]:Start Path = C:\Projetos_WEB\ERP_Importa\
ERPImporta.exe: 000013C8: 16:34:50 [TUniServerModule]:Debug Mode = ON
ERPImporta.exe: 000013C8: 16:34:51 [TUniServerModule]:Starting HTTP Server on Port: 8077...
ERPImporta.exe: 000013C8: 16:34:51 [TUniServerModule]:HTTP Server Started on Port: 8077
ERPImporta.exe: 00001D68: 16:35:37 []:>--------------------------------------------------------------<
ERPImporta.exe: 00001D68: 16:35:37 [TUniServerModule]:Server First Init.
ERPImporta.exe: 00001D68: 16:35:37 [TUniServerModule]:Start Path = C:\Projetos_WEB\ERP_Importa\
ERPImporta.exe: 00001D68: 16:35:37 [TUniServerModule]:Debug Mode = ON
ERPImporta.exe: 00001D68: 16:35:37 [TUniGUISessionManager]:Cache erase job created, Folder count: [1]
ERPImporta.exe: 00001D68: 16:35:37 [TUniServerModule]:Starting HTTP Server on Port: 8077...
ERPImporta.exe: 00001D68: 16:35:37 [TUniServerModule]:HTTP Server Started on Port: 8077
ERPImporta.exe: 00002CA0: 16:45:44 []:>--------------------------------------------------------------<
ERPImporta.exe: 00002CA0: 16:45:44 [TUniServerModule]:Server First Init.
ERPImporta.exe: 00002CA0: 16:45:44 [TUniServerModule]:Start Path = C:\Projetos_WEB\ERP_Importa\
ERPImporta.exe: 00002CA0: 16:45:44 [TUniServerModule]:Debug Mode = ON
ERPImporta.exe: 00002CA0: 16:45:44 [TUniServerModule]:Starting HTTP Server on Port: 8077...
ERPImporta.exe: 00002CA0: 16:45:44 [TUniServerModule]:HTTP Server Started on Port: 8077
ERPImporta.exe: 00000F78: 16:48:40 []:>--------------------------------------------------------------<
ERPImporta.exe: 00000F78: 16:48:40 [TUniServerModule]:Server First Init.
ERPImporta.exe: 00000F78: 16:48:40 [TUniServerModule]:Start Path = C:\Projetos_WEB\ERP_Importa\
ERPImporta.exe: 00000F78: 16:48:40 [TUniServerModule]:Debug Mode = ON
ERPImporta.exe: 00000F78: 16:48:40 [TUniGUISessionManager]:Cache erase job created, Folder count: [1]
ERPImporta.exe: 00000F78: 16:48:41 [TUniServerModule]:Starting HTTP Server on Port: 8077...
ERPImporta.exe: 00000F78: 16:48:41 [TUniServerModule]:HTTP Server Started on Port: 8077
ERPImporta.exe: 000025C8: 16:49:04 []:>--------------------------------------------------------------<
ERPImporta.exe: 000025C8: 16:49:04 [TUniServerModule]:Server First Init.
ERPImporta.exe: 000025C8: 16:49:04 [TUniServerModule]:Start Path = C:\Projetos_WEB\ERP_Importa\
ERPImporta.exe: 000025C8: 16:49:04 [TUniServerModule]:Debug Mode = ON
ERPImporta.exe: 000025C8: 16:49:04 [TUniServerModule]:Starting HTTP Server on Port: 8077...
ERPImporta.exe: 000025C8: 16:49:04 [TUniServerModule]:HTTP Server Started on Port: 8077
ERPImporta.exe: 000013A4: 16:50:38 []:>--------------------------------------------------------------<
ERPImporta.exe: 000013A4: 16:50:38 [TUniServerModule]:Server First Init.
ERPImporta.exe: 000013A4: 16:50:38 [TUniServerModule]:Start Path = C:\Projetos_WEB\ERP_Importa\
ERPImporta.exe: 000013A4: 16:50:38 [TUniServerModule]:Debug Mode = ON
ERPImporta.exe: 000013A4: 16:50:38 [TUniServerModule]:Starting HTTP Server on Port: 8077...
ERPImporta.exe: 000013A4: 16:50:39 [TUniServerModule]:HTTP Server Started on Port: 8077
ERPImporta.exe: 00001728: 16:51:17 []:>--------------------------------------------------------------<
ERPImporta.exe: 00001728: 16:51:17 [TUniServerModule]:Server First Init.
ERPImporta.exe: 00001728: 16:51:17 [TUniServerModule]:Start Path = C:\Projetos_WEB\ERP_Importa\
ERPImporta.exe: 00001728: 16:51:17 [TUniServerModule]:Debug Mode = ON
ERPImporta.exe: 00001728: 16:51:17 [TUniGUISessionManager]:Cache erase job created, Folder count: [1]
ERPImporta.exe: 00001728: 16:51:18 [TUniServerModule]:Starting HTTP Server on Port: 8077...
ERPImporta.exe: 00001728: 16:51:18 [TUniServerModule]:HTTP Server Started on Port: 8077
ERPImporta.exe: 00002020: 16:52:23 []:>--------------------------------------------------------------<
ERPImporta.exe: 00002020: 16:52:23 [TUniServerModule]:Server First Init.
ERPImporta.exe: 00002020: 16:52:23 [TUniServerModule]:Start Path = C:\Projetos_WEB\ERP_Importa\
ERPImporta.exe: 00002020: 16:52:23 [TUniServerModule]:Debug Mode = ON
ERPImporta.exe: 00002020: 16:52:23 [TUniServerModule]:Starting HTTP Server on Port: 8077...
ERPImporta.exe: 00002020: 16:52:24 [TUniServerModule]:HTTP Server Started on Port: 8077
ERPImporta.exe: 000010AC: 16:59:10 []:>--------------------------------------------------------------<
ERPImporta.exe: 000010AC: 16:59:10 [TUniServerModule]:Server First Init.
ERPImporta.exe: 000010AC: 16:59:10 [TUniServerModule]:Start Path = C:\Projetos_WEB\ERP_Importa\
ERPImporta.exe: 000010AC: 16:59:10 [TUniServerModule]:Debug Mode = ON
ERPImporta.exe: 000010AC: 16:59:11 [TUniServerModule]:Starting HTTP Server on Port: 8077...
ERPImporta.exe: 000010AC: 16:59:11 [TUniServerModule]:HTTP Server Started on Port: 8077
ERPImporta.exe: 0000273C: 17:00:18 []:>--------------------------------------------------------------<
ERPImporta.exe: 0000273C: 17:00:18 [TUniServerModule]:Server First Init.
ERPImporta.exe: 0000273C: 17:00:18 [TUniServerModule]:Start Path = C:\Projetos_WEB\ERP_Importa\
ERPImporta.exe: 0000273C: 17:00:18 [TUniServerModule]:Debug Mode = ON
ERPImporta.exe: 0000273C: 17:00:18 [TUniServerModule]:Starting HTTP Server on Port: 8077...
ERPImporta.exe: 0000273C: 17:00:18 [TUniServerModule]:HTTP Server Started on Port: 8077
