ERPImporta.exe: 000029DC: 15:58:35 []:>--------------------------------------------------------------<
ERPImporta.exe: 000029DC: 15:58:35 [TUniServerModule]:Server First Init.
ERPImporta.exe: 000029DC: 15:58:35 [TUniServerModule]:Start Path = C:\Projetos_WEB\ERP_Importa\
ERPImporta.exe: 000029DC: 15:58:35 [TUniServerModule]:Debug Mode = ON
ERPImporta.exe: 000029DC: 15:58:35 [TUniServerModule]:Starting HTTP Server on Port: 8077...
ERPImporta.exe: 000029DC: 15:58:35 [TUniServerModule]:HTTP Server Started on Port: 8077
ERPImporta.exe: 00000724: 16:00:54 []:>--------------------------------------------------------------<
ERPImporta.exe: 00000724: 16:00:54 [TUniServerModule]:Server First Init.
ERPImporta.exe: 00000724: 16:00:54 [TUniServerModule]:Start Path = C:\Projetos_WEB\ERP_Importa\
ERPImporta.exe: 00000724: 16:00:54 [TUniServerModule]:Debug Mode = ON
ERPImporta.exe: 00000724: 16:00:54 [TUniGUISessionManager]:Cache erase job created, Folder count: [1]
ERPImporta.exe: 00000724: 16:00:54 [TUniServerModule]:Starting HTTP Server on Port: 8077...
ERPImporta.exe: 00000724: 16:00:54 [TUniServerModule]:HTTP Server Started on Port: 8077
ERPImporta.exe: 00003008: 16:02:03 []:>--------------------------------------------------------------<
ERPImporta.exe: 00003008: 16:02:03 [TUniServerModule]:Server First Init.
ERPImporta.exe: 00003008: 16:02:03 [TUniServerModule]:Start Path = C:\Projetos_WEB\ERP_Importa\
ERPImporta.exe: 00003008: 16:02:03 [TUniServerModule]:Debug Mode = ON
ERPImporta.exe: 00003008: 16:02:03 [TUniServerModule]:Starting HTTP Server on Port: 8077...
ERPImporta.exe: 00003008: 16:02:03 [TUniServerModule]:HTTP Server Started on Port: 8077
ERPImporta.exe: 00002610: 16:11:09 []:>--------------------------------------------------------------<
ERPImporta.exe: 00002610: 16:11:09 [TUniServerModule]:Server First Init.
ERPImporta.exe: 00002610: 16:11:09 [TUniServerModule]:Start Path = C:\Projetos_WEB\ERP_Importa\
ERPImporta.exe: 00002610: 16:11:09 [TUniServerModule]:Debug Mode = ON
ERPImporta.exe: 00002610: 16:11:10 [TUniServerModule]:Starting HTTP Server on Port: 8077...
ERPImporta.exe: 00002610: 16:11:10 [TUniServerModule]:HTTP Server Started on Port: 8077
ERPImporta.exe: 000005A0: 16:12:31 []:>--------------------------------------------------------------<
ERPImporta.exe: 000005A0: 16:12:31 [TUniServerModule]:Server First Init.
ERPImporta.exe: 000005A0: 16:12:31 [TUniServerModule]:Start Path = C:\Projetos_WEB\ERP_Importa\
ERPImporta.exe: 000005A0: 16:12:31 [TUniServerModule]:Debug Mode = ON
ERPImporta.exe: 000005A0: 16:12:31 [TUniServerModule]:Starting HTTP Server on Port: 8077...
ERPImporta.exe: 000005A0: 16:12:32 [TUniServerModule]:HTTP Server Started on Port: 8077
