ERPImporta.exe: 00001F18: 13:19:28 []:>--------------------------------------------------------------<
ERPImporta.exe: 00001F18: 13:19:28 [TUniServerModule]:Server First Init.
ERPImporta.exe: 00001F18: 13:19:28 [TUniServerModule]:Start Path = C:\Projetos_WEB\ERP_Importa\
ERPImporta.exe: 00001F18: 13:19:28 [TUniServerModule]:Debug Mode = ON
ERPImporta.exe: 00001F18: 13:19:28 [TUniServerModule]:Starting HTTP Server on Port: 8077...
ERPImporta.exe: 00001F18: 13:19:28 [TUniServerModule]:HTTP Server Started on Port: 8077
ERPImporta.exe: 00002AF0: 13:21:48 []:>--------------------------------------------------------------<
ERPImporta.exe: 00002AF0: 13:21:48 [TUniServerModule]:Server First Init.
ERPImporta.exe: 00002AF0: 13:21:48 [TUniServerModule]:Start Path = C:\Projetos_WEB\ERP_Importa\
ERPImporta.exe: 00002AF0: 13:21:48 [TUniServerModule]:Debug Mode = ON
ERPImporta.exe: 00002AF0: 13:21:48 [TUniGUISessionManager]:Cache erase job created, Folder count: [1]
ERPImporta.exe: 00002AF0: 13:21:48 [TUniServerModule]:Starting HTTP Server on Port: 8077...
ERPImporta.exe: 00002AF0: 13:21:48 [TUniServerModule]:HTTP Server Started on Port: 8077
ERPImporta.exe: 000035FC: 13:24:09 []:>--------------------------------------------------------------<
ERPImporta.exe: 000035FC: 13:24:09 [TUniServerModule]:Server First Init.
ERPImporta.exe: 000035FC: 13:24:09 [TUniServerModule]:Start Path = C:\Projetos_WEB\ERP_Importa\
ERPImporta.exe: 000035FC: 13:24:09 [TUniServerModule]:Debug Mode = ON
ERPImporta.exe: 000035FC: 13:24:09 [TUniServerModule]:Starting HTTP Server on Port: 8077...
ERPImporta.exe: 000035FC: 13:24:09 [TUniServerModule]:HTTP Server Started on Port: 8077
ERPImporta.exe: 00003890: 13:26:19 []:>--------------------------------------------------------------<
ERPImporta.exe: 00003890: 13:26:19 [TUniServerModule]:Server First Init.
ERPImporta.exe: 00003890: 13:26:19 [TUniServerModule]:Start Path = C:\Projetos_WEB\ERP_Importa\
ERPImporta.exe: 00003890: 13:26:19 [TUniServerModule]:Debug Mode = ON
ERPImporta.exe: 00003890: 13:26:19 [TUniServerModule]:Starting HTTP Server on Port: 8077...
ERPImporta.exe: 00003890: 13:26:20 [TUniServerModule]:HTTP Server Started on Port: 8077
ERPImporta.exe: 00000E08: 13:29:42 []:>--------------------------------------------------------------<
ERPImporta.exe: 00000E08: 13:29:42 [TUniServerModule]:Server First Init.
ERPImporta.exe: 00000E08: 13:29:42 [TUniServerModule]:Start Path = C:\Projetos_WEB\ERP_Importa\
ERPImporta.exe: 00000E08: 13:29:42 [TUniServerModule]:Debug Mode = ON
ERPImporta.exe: 00000E08: 13:29:42 [TUniServerModule]:Starting HTTP Server on Port: 8077...
ERPImporta.exe: 00000E08: 13:29:42 [TUniServerModule]:HTTP Server Started on Port: 8077
ERPImporta.exe: 00002CD4: 13:34:11 []:>--------------------------------------------------------------<
ERPImporta.exe: 00002CD4: 13:34:11 [TUniServerModule]:Server First Init.
ERPImporta.exe: 00002CD4: 13:34:11 [TUniServerModule]:Start Path = C:\Projetos_WEB\ERP_Importa\
ERPImporta.exe: 00002CD4: 13:34:11 [TUniServerModule]:Debug Mode = ON
ERPImporta.exe: 00002CD4: 13:34:11 [TUniGUISessionManager]:Cache erase job created, Folder count: [1]
ERPImporta.exe: 00002CD4: 13:34:12 [TUniServerModule]:Starting HTTP Server on Port: 8077...
ERPImporta.exe: 00002CD4: 13:34:12 [TUniServerModule]:HTTP Server Started on Port: 8077
ERPImporta.exe: 00002B9C: 13:36:47 [[FireDAC][Phys][ODBC][Microsoft][SQL Server Native Client 11.0][SQL Server]Invalid column name 'Registro'.-127.0.0.1]:EMSSQLNativeException : [FireDAC][Phys][ODBC][Microsoft][SQL Server Native Client 11.0][SQL Server]Invalid column name 'Registro'. : Addr: $008E1D71
ERPImporta.exe: 00001844: 13:36:49 [HandleFileRequest[127.0.0.1]]:File not found: C:\Projetos_WEB\ERP_Importa\files\images\fundo8.jpg
