ERPImporta.exe: 00002F64: 10:10:18 []:>--------------------------------------------------------------<
ERPImporta.exe: 00002F64: 10:10:18 [TUniServerModule]:Server First Init.
ERPImporta.exe: 00002F64: 10:10:18 [TUniServerModule]:Start Path = C:\Projetos_WEB\ERP_Importa\
ERPImporta.exe: 00002F64: 10:10:18 [TUniServerModule]:Debug Mode = ON
ERPImporta.exe: 00002F64: 10:10:19 [TUniServerModule]:Starting HTTP Server on Port: 8077...
ERPImporta.exe: 00002F64: 10:10:19 [TUniServerModule]:HTTP Server Started on Port: 8077
ERPImporta.exe: 0000311C: 10:12:14 []:>--------------------------------------------------------------<
ERPImporta.exe: 0000311C: 10:12:14 [TUniServerModule]:Server First Init.
ERPImporta.exe: 0000311C: 10:12:14 [TUniServerModule]:Start Path = C:\Projetos_WEB\ERP_Importa\
ERPImporta.exe: 0000311C: 10:12:14 [TUniServerModule]:Debug Mode = ON
ERPImporta.exe: 0000311C: 10:12:15 [TUniServerModule]:Starting HTTP Server on Port: 8077...
ERPImporta.exe: 0000311C: 10:12:15 [TUniServerModule]:HTTP Server Started on Port: 8077
ERPImporta.exe: 0000044C: 10:13:03 []:>--------------------------------------------------------------<
ERPImporta.exe: 0000044C: 10:13:03 [TUniServerModule]:Server First Init.
ERPImporta.exe: 0000044C: 10:13:03 [TUniServerModule]:Start Path = C:\Projetos_WEB\ERP_Importa\
ERPImporta.exe: 0000044C: 10:13:03 [TUniServerModule]:Debug Mode = ON
ERPImporta.exe: 0000044C: 10:13:04 [TUniServerModule]:Starting HTTP Server on Port: 8077...
ERPImporta.exe: 0000044C: 10:13:04 [TUniServerModule]:HTTP Server Started on Port: 8077
ERPImporta.exe: 00001FF8: 10:15:01 []:>--------------------------------------------------------------<
ERPImporta.exe: 00001FF8: 10:15:01 [TUniServerModule]:Server First Init.
ERPImporta.exe: 00001FF8: 10:15:01 [TUniServerModule]:Start Path = C:\Projetos_WEB\ERP_Importa\
ERPImporta.exe: 00001FF8: 10:15:01 [TUniServerModule]:Debug Mode = ON
ERPImporta.exe: 00001FF8: 10:15:01 [TUniServerModule]:Starting HTTP Server on Port: 8077...
ERPImporta.exe: 00001FF8: 10:15:01 [TUniServerModule]:HTTP Server Started on Port: 8077
ERPImporta.exe: 000036FC: 10:18:39 []:>--------------------------------------------------------------<
ERPImporta.exe: 000036FC: 10:18:39 [TUniServerModule]:Server First Init.
ERPImporta.exe: 000036FC: 10:18:39 [TUniServerModule]:Start Path = C:\Projetos_WEB\ERP_Importa\
ERPImporta.exe: 000036FC: 10:18:39 [TUniServerModule]:Debug Mode = ON
ERPImporta.exe: 000036FC: 10:18:39 [TUniGUISessionManager]:Cache erase job created, Folder count: [1]
ERPImporta.exe: 000036FC: 10:18:40 [TUniServerModule]:Starting HTTP Server on Port: 8077...
ERPImporta.exe: 000036FC: 10:18:40 [TUniServerModule]:HTTP Server Started on Port: 8077
ERPImporta.exe: 0000319C: 10:19:35 []:>--------------------------------------------------------------<
ERPImporta.exe: 0000319C: 10:19:35 [TUniServerModule]:Server First Init.
ERPImporta.exe: 0000319C: 10:19:35 [TUniServerModule]:Start Path = C:\Projetos_WEB\ERP_Importa\
ERPImporta.exe: 0000319C: 10:19:35 [TUniServerModule]:Debug Mode = ON
ERPImporta.exe: 0000319C: 10:19:35 [TUniServerModule]:Starting HTTP Server on Port: 8077...
ERPImporta.exe: 0000319C: 10:19:35 [TUniServerModule]:HTTP Server Started on Port: 8077
ERPImporta.exe: 00002F04: 10:20:20 []:>--------------------------------------------------------------<
ERPImporta.exe: 00002F04: 10:20:20 [TUniServerModule]:Server First Init.
ERPImporta.exe: 00002F04: 10:20:20 [TUniServerModule]:Start Path = C:\Projetos_WEB\ERP_Importa\
ERPImporta.exe: 00002F04: 10:20:20 [TUniServerModule]:Debug Mode = ON
ERPImporta.exe: 00002F04: 10:20:21 [TUniServerModule]:Starting HTTP Server on Port: 8077...
ERPImporta.exe: 00002F04: 10:20:21 [TUniServerModule]:HTTP Server Started on Port: 8077
ERPImporta.exe: 000030AC: 10:21:00 []:>--------------------------------------------------------------<
ERPImporta.exe: 000030AC: 10:21:00 [TUniServerModule]:Server First Init.
ERPImporta.exe: 000030AC: 10:21:00 [TUniServerModule]:Start Path = C:\Projetos_WEB\ERP_Importa\
ERPImporta.exe: 000030AC: 10:21:00 [TUniServerModule]:Debug Mode = ON
ERPImporta.exe: 000030AC: 10:21:00 [TUniServerModule]:Starting HTTP Server on Port: 8077...
ERPImporta.exe: 000030AC: 10:21:00 [TUniServerModule]:HTTP Server Started on Port: 8077
ERPImporta.exe: 0000364C: 10:21:44 []:>--------------------------------------------------------------<
ERPImporta.exe: 0000364C: 10:21:44 [TUniServerModule]:Server First Init.
ERPImporta.exe: 0000364C: 10:21:44 [TUniServerModule]:Start Path = C:\Projetos_WEB\ERP_Importa\
ERPImporta.exe: 0000364C: 10:21:44 [TUniServerModule]:Debug Mode = ON
ERPImporta.exe: 0000364C: 10:21:44 [TUniServerModule]:Starting HTTP Server on Port: 8077...
ERPImporta.exe: 0000364C: 10:21:44 [TUniServerModule]:HTTP Server Started on Port: 8077
ERPImporta.exe: 00000854: 10:23:35 []:>--------------------------------------------------------------<
ERPImporta.exe: 00000854: 10:23:35 [TUniServerModule]:Server First Init.
ERPImporta.exe: 00000854: 10:23:35 [TUniServerModule]:Start Path = C:\Projetos_WEB\ERP_Importa\
ERPImporta.exe: 00000854: 10:23:35 [TUniServerModule]:Debug Mode = ON
ERPImporta.exe: 00000854: 10:23:35 [TUniServerModule]:Starting HTTP Server on Port: 8077...
ERPImporta.exe: 00000854: 10:23:36 [TUniServerModule]:HTTP Server Started on Port: 8077
ERPImporta.exe: 00002F7C: 10:30:27 []:>--------------------------------------------------------------<
ERPImporta.exe: 00002F7C: 10:30:27 [TUniServerModule]:Server First Init.
ERPImporta.exe: 00002F7C: 10:30:27 [TUniServerModule]:Start Path = C:\Projetos_WEB\ERP_Importa\
ERPImporta.exe: 00002F7C: 10:30:27 [TUniServerModule]:Debug Mode = ON
ERPImporta.exe: 00002F7C: 10:30:27 [TUniGUISessionManager]:Cache erase job created, Folder count: [1]
ERPImporta.exe: 00002F7C: 10:30:27 [TUniServerModule]:Starting HTTP Server on Port: 8077...
ERPImporta.exe: 00002F7C: 10:30:27 [TUniServerModule]:HTTP Server Started on Port: 8077
ERPImporta.exe: 000035F4: 10:31:04 [127.0.0.1]:EUniSessionException : Sessão inváilda ou tempo da sessão expirado. (Session not found: WnuyTNFiek1115C84EB ) : Addr: $007D0FCC
ERPImporta.exe: 000031F8: 10:33:02 []:>--------------------------------------------------------------<
ERPImporta.exe: 000031F8: 10:33:02 [TUniServerModule]:Server First Init.
ERPImporta.exe: 000031F8: 10:33:02 [TUniServerModule]:Start Path = C:\Projetos_WEB\ERP_Importa\
ERPImporta.exe: 000031F8: 10:33:02 [TUniServerModule]:Debug Mode = ON
ERPImporta.exe: 000031F8: 10:33:02 [TUniServerModule]:Starting HTTP Server on Port: 8077...
ERPImporta.exe: 000031F8: 10:33:02 [TUniServerModule]:HTTP Server Started on Port: 8077
