ERPImporta.exe: 00002C58: 15:55:48 []:>--------------------------------------------------------------<
ERPImporta.exe: 00002C58: 15:55:48 [TUniServerModule]:Server First Init.
ERPImporta.exe: 00002C58: 15:55:48 [TUniServerModule]:Start Path = C:\Projetos_WEB\ERP_Importa\
ERPImporta.exe: 00002C58: 15:55:48 [TUniServerModule]:Debug Mode = ON
ERPImporta.exe: 00002C58: 15:55:48 [TUniServerModule]:Starting HTTP Server on Port: 8077...
ERPImporta.exe: 00002C58: 15:55:48 [TUniServerModule]:HTTP Server Started on Port: 8077
ERPImporta.exe: 0000124C: 15:57:00 []:>--------------------------------------------------------------<
ERPImporta.exe: 0000124C: 15:57:00 [TUniServerModule]:Server First Init.
ERPImporta.exe: 0000124C: 15:57:00 [TUniServerModule]:Start Path = C:\Projetos_WEB\ERP_Importa\
ERPImporta.exe: 0000124C: 15:57:00 [TUniServerModule]:Debug Mode = ON
ERPImporta.exe: 0000124C: 15:57:00 [TUniGUISessionManager]:Cache erase job created, Folder count: [1]
ERPImporta.exe: 0000124C: 15:57:00 [TUniServerModule]:Starting HTTP Server on Port: 8077...
ERPImporta.exe: 0000124C: 15:57:00 [TUniServerModule]:HTTP Server Started on Port: 8077
ERPImporta.exe: 000024FC: 15:57:25 []:>--------------------------------------------------------------<
ERPImporta.exe: 000024FC: 15:57:25 [TUniServerModule]:Server First Init.
ERPImporta.exe: 000024FC: 15:57:25 [TUniServerModule]:Start Path = C:\Projetos_WEB\ERP_Importa\
ERPImporta.exe: 000024FC: 15:57:25 [TUniServerModule]:Debug Mode = ON
ERPImporta.exe: 000024FC: 15:57:26 [TUniServerModule]:Starting HTTP Server on Port: 8077...
ERPImporta.exe: 000024FC: 15:57:26 [TUniServerModule]:HTTP Server Started on Port: 8077
ERPImporta.exe: 00003258: 15:57:34 [HandleFileRequest[127.0.0.1]]:File not found: C:\Projetos_WEB\ERP_Importa\files\images\fundo8.jpg
ERPImporta.exe: 00003FA0: 15:58:13 []:>--------------------------------------------------------------<
ERPImporta.exe: 00003FA0: 15:58:13 [TUniServerModule]:Server First Init.
ERPImporta.exe: 00003FA0: 15:58:13 [TUniServerModule]:Start Path = C:\Projetos_WEB\ERP_Importa\
ERPImporta.exe: 00003FA0: 15:58:13 [TUniServerModule]:Debug Mode = ON
ERPImporta.exe: 00003FA0: 15:58:14 [TUniServerModule]:Starting HTTP Server on Port: 8077...
ERPImporta.exe: 00003FA0: 15:58:14 [TUniServerModule]:HTTP Server Started on Port: 8077
ERPImporta.exe: 000029A8: 15:58:22 [HandleFileRequest[127.0.0.1]]:File not found: C:\Projetos_WEB\ERP_Importa\files\images\fundo8.jpg
ERPImporta.exe: 00003D20: 15:58:41 []:>--------------------------------------------------------------<
ERPImporta.exe: 00003D20: 15:58:41 [TUniServerModule]:Server First Init.
ERPImporta.exe: 00003D20: 15:58:41 [TUniServerModule]:Start Path = C:\Projetos_WEB\ERP_Importa\
ERPImporta.exe: 00003D20: 15:58:41 [TUniServerModule]:Debug Mode = ON
ERPImporta.exe: 00003D20: 15:58:41 [TUniServerModule]:Starting HTTP Server on Port: 8077...
ERPImporta.exe: 00003D20: 15:58:41 [TUniServerModule]:HTTP Server Started on Port: 8077
ERPImporta.exe: 00001CAC: 15:59:26 []:>--------------------------------------------------------------<
ERPImporta.exe: 00001CAC: 15:59:26 [TUniServerModule]:Server First Init.
ERPImporta.exe: 00001CAC: 15:59:26 [TUniServerModule]:Start Path = C:\Projetos_WEB\ERP_Importa\
ERPImporta.exe: 00001CAC: 15:59:26 [TUniServerModule]:Debug Mode = ON
ERPImporta.exe: 00001CAC: 15:59:27 [TUniServerModule]:Starting HTTP Server on Port: 8077...
ERPImporta.exe: 00001CAC: 15:59:27 [TUniServerModule]:HTTP Server Started on Port: 8077
ERPImporta.exe: 00002488: 16:12:02 []:>--------------------------------------------------------------<
ERPImporta.exe: 00002488: 16:12:02 [TUniServerModule]:Server First Init.
ERPImporta.exe: 00002488: 16:12:02 [TUniServerModule]:Start Path = C:\Projetos_WEB\ERP_Importa\
ERPImporta.exe: 00002488: 16:12:02 [TUniServerModule]:Debug Mode = ON
ERPImporta.exe: 00002488: 16:12:02 [TUniServerModule]:Starting HTTP Server on Port: 8077...
ERPImporta.exe: 00002488: 16:12:02 [TUniServerModule]:HTTP Server Started on Port: 8077
ERPImporta.exe: 000004A4: 16:14:58 []:>--------------------------------------------------------------<
ERPImporta.exe: 000004A4: 16:14:58 [TUniServerModule]:Server First Init.
ERPImporta.exe: 000004A4: 16:14:58 [TUniServerModule]:Start Path = C:\Projetos_WEB\ERP_Importa\
ERPImporta.exe: 000004A4: 16:14:58 [TUniServerModule]:Debug Mode = ON
ERPImporta.exe: 000004A4: 16:14:58 [TUniServerModule]:Starting HTTP Server on Port: 8077...
ERPImporta.exe: 000004A4: 16:14:58 [TUniServerModule]:HTTP Server Started on Port: 8077
ERPImporta.exe: 00003ABC: 16:16:43 []:>--------------------------------------------------------------<
ERPImporta.exe: 00003ABC: 16:16:43 [TUniServerModule]:Server First Init.
ERPImporta.exe: 00003ABC: 16:16:43 [TUniServerModule]:Start Path = C:\Projetos_WEB\ERP_Importa\
ERPImporta.exe: 00003ABC: 16:16:43 [TUniServerModule]:Debug Mode = ON
ERPImporta.exe: 00003ABC: 16:16:43 [TUniGUISessionManager]:Cache erase job created, Folder count: [1]
ERPImporta.exe: 00003ABC: 16:16:43 [TUniServerModule]:Starting HTTP Server on Port: 8077...
ERPImporta.exe: 00003ABC: 16:16:43 [TUniServerModule]:HTTP Server Started on Port: 8077
ERPImporta.exe: 00003B04: 16:19:57 []:>--------------------------------------------------------------<
ERPImporta.exe: 00003B04: 16:19:57 [TUniServerModule]:Server First Init.
ERPImporta.exe: 00003B04: 16:19:57 [TUniServerModule]:Start Path = C:\Projetos_WEB\ERP_Importa\
ERPImporta.exe: 00003B04: 16:19:57 [TUniServerModule]:Debug Mode = ON
ERPImporta.exe: 00003B04: 16:19:57 [TUniGUISessionManager]:Cache erase job created, Folder count: [1]
ERPImporta.exe: 00003B04: 16:19:58 [TUniServerModule]:Starting HTTP Server on Port: 8077...
ERPImporta.exe: 00003B04: 16:19:58 [TUniServerModule]:HTTP Server Started on Port: 8077
ERPImporta.exe: 00002440: 16:22:00 []:>--------------------------------------------------------------<
ERPImporta.exe: 00002440: 16:22:00 [TUniServerModule]:Server First Init.
ERPImporta.exe: 00002440: 16:22:00 [TUniServerModule]:Start Path = C:\Projetos_WEB\ERP_Importa\
ERPImporta.exe: 00002440: 16:22:00 [TUniServerModule]:Debug Mode = ON
ERPImporta.exe: 00002440: 16:22:00 [TUniServerModule]:Starting HTTP Server on Port: 8077...
ERPImporta.exe: 00002440: 16:22:00 [TUniServerModule]:HTTP Server Started on Port: 8077
ERPImporta.exe: 000033C0: 16:24:16 []:>--------------------------------------------------------------<
ERPImporta.exe: 000033C0: 16:24:16 [TUniServerModule]:Server First Init.
ERPImporta.exe: 000033C0: 16:24:16 [TUniServerModule]:Start Path = C:\Projetos_WEB\ERP_Importa\
ERPImporta.exe: 000033C0: 16:24:16 [TUniServerModule]:Debug Mode = ON
ERPImporta.exe: 000033C0: 16:24:16 [TUniGUISessionManager]:Cache erase job created, Folder count: [1]
ERPImporta.exe: 000033C0: 16:24:17 [TUniServerModule]:Starting HTTP Server on Port: 8077...
ERPImporta.exe: 000033C0: 16:24:17 [TUniServerModule]:HTTP Server Started on Port: 8077
ERPImporta.exe: 000004B8: 16:24:57 []:>--------------------------------------------------------------<
ERPImporta.exe: 000004B8: 16:24:57 [TUniServerModule]:Server First Init.
ERPImporta.exe: 000004B8: 16:24:57 [TUniServerModule]:Start Path = C:\Projetos_WEB\ERP_Importa\
ERPImporta.exe: 000004B8: 16:24:57 [TUniServerModule]:Debug Mode = ON
ERPImporta.exe: 000004B8: 16:24:57 [TUniServerModule]:Starting HTTP Server on Port: 8077...
ERPImporta.exe: 000004B8: 16:24:58 [TUniServerModule]:HTTP Server Started on Port: 8077
ERPImporta.exe: 00001B84: 16:25:39 []:>--------------------------------------------------------------<
ERPImporta.exe: 00001B84: 16:25:39 [TUniServerModule]:Server First Init.
ERPImporta.exe: 00001B84: 16:25:39 [TUniServerModule]:Start Path = C:\Projetos_WEB\ERP_Importa\
ERPImporta.exe: 00001B84: 16:25:39 [TUniServerModule]:Debug Mode = ON
ERPImporta.exe: 00001B84: 16:25:39 [TUniServerModule]:Starting HTTP Server on Port: 8077...
ERPImporta.exe: 00001B84: 16:25:39 [TUniServerModule]:HTTP Server Started on Port: 8077
ERPImporta.exe: 000019F0: 16:27:12 []:>--------------------------------------------------------------<
ERPImporta.exe: 000019F0: 16:27:12 [TUniServerModule]:Server First Init.
ERPImporta.exe: 000019F0: 16:27:12 [TUniServerModule]:Start Path = C:\Projetos_WEB\ERP_Importa\
ERPImporta.exe: 000019F0: 16:27:12 [TUniServerModule]:Debug Mode = ON
ERPImporta.exe: 000019F0: 16:27:12 [TUniServerModule]:Starting HTTP Server on Port: 8077...
ERPImporta.exe: 000019F0: 16:27:12 [TUniServerModule]:HTTP Server Started on Port: 8077
ERPImporta.exe: 00000EFC: 16:28:12 []:>--------------------------------------------------------------<
ERPImporta.exe: 00000EFC: 16:28:12 [TUniServerModule]:Server First Init.
ERPImporta.exe: 00000EFC: 16:28:12 [TUniServerModule]:Start Path = C:\Projetos_WEB\ERP_Importa\
ERPImporta.exe: 00000EFC: 16:28:12 [TUniServerModule]:Debug Mode = ON
ERPImporta.exe: 00000EFC: 16:28:12 [TUniServerModule]:Starting HTTP Server on Port: 8077...
ERPImporta.exe: 00000EFC: 16:28:12 [TUniServerModule]:HTTP Server Started on Port: 8077
ERPImporta.exe: 00003904: 16:31:02 []:>--------------------------------------------------------------<
ERPImporta.exe: 00003904: 16:31:02 [TUniServerModule]:Server First Init.
ERPImporta.exe: 00003904: 16:31:02 [TUniServerModule]:Start Path = C:\Projetos_WEB\ERP_Importa\
ERPImporta.exe: 00003904: 16:31:02 [TUniServerModule]:Debug Mode = ON
ERPImporta.exe: 00003904: 16:31:02 [TUniServerModule]:Starting HTTP Server on Port: 8077...
ERPImporta.exe: 00003904: 16:31:02 [TUniServerModule]:HTTP Server Started on Port: 8077
ERPImporta.exe: 000005E8: 16:32:34 []:>--------------------------------------------------------------<
ERPImporta.exe: 000005E8: 16:32:34 [TUniServerModule]:Server First Init.
ERPImporta.exe: 000005E8: 16:32:34 [TUniServerModule]:Start Path = C:\Projetos_WEB\ERP_Importa\
ERPImporta.exe: 000005E8: 16:32:34 [TUniServerModule]:Debug Mode = ON
ERPImporta.exe: 000005E8: 16:32:34 [TUniServerModule]:Starting HTTP Server on Port: 8077...
ERPImporta.exe: 000005E8: 16:32:34 [TUniServerModule]:HTTP Server Started on Port: 8077
ERPImporta.exe: 00002790: 16:33:03 []:>--------------------------------------------------------------<
ERPImporta.exe: 00002790: 16:33:03 [TUniServerModule]:Server First Init.
ERPImporta.exe: 00002790: 16:33:03 [TUniServerModule]:Start Path = C:\Projetos_WEB\ERP_Importa\
ERPImporta.exe: 00002790: 16:33:03 [TUniServerModule]:Debug Mode = ON
ERPImporta.exe: 00002790: 16:33:03 [TUniServerModule]:Starting HTTP Server on Port: 8077...
ERPImporta.exe: 00002790: 16:33:03 [TUniServerModule]:HTTP Server Started on Port: 8077
ERPImporta.exe: 00001064: 16:34:09 []:>--------------------------------------------------------------<
ERPImporta.exe: 00001064: 16:34:09 [TUniServerModule]:Server First Init.
ERPImporta.exe: 00001064: 16:34:09 [TUniServerModule]:Start Path = C:\Projetos_WEB\ERP_Importa\
ERPImporta.exe: 00001064: 16:34:09 [TUniServerModule]:Debug Mode = ON
ERPImporta.exe: 00001064: 16:34:10 [TUniServerModule]:Starting HTTP Server on Port: 8077...
ERPImporta.exe: 00001064: 16:34:10 [TUniServerModule]:HTTP Server Started on Port: 8077
ERPImporta.exe: 0000061C: 16:34:50 []:>--------------------------------------------------------------<
ERPImporta.exe: 0000061C: 16:34:50 [TUniServerModule]:Server First Init.
ERPImporta.exe: 0000061C: 16:34:50 [TUniServerModule]:Start Path = C:\Projetos_WEB\ERP_Importa\
ERPImporta.exe: 0000061C: 16:34:50 [TUniServerModule]:Debug Mode = ON
ERPImporta.exe: 0000061C: 16:34:51 [TUniServerModule]:Starting HTTP Server on Port: 8077...
ERPImporta.exe: 0000061C: 16:34:51 [TUniServerModule]:HTTP Server Started on Port: 8077
ERPImporta.exe: 000017F8: 16:36:43 []:>--------------------------------------------------------------<
ERPImporta.exe: 000017F8: 16:36:43 [TUniServerModule]:Server First Init.
ERPImporta.exe: 000017F8: 16:36:43 [TUniServerModule]:Start Path = C:\Projetos_WEB\ERP_Importa\
ERPImporta.exe: 000017F8: 16:36:43 [TUniServerModule]:Debug Mode = ON
ERPImporta.exe: 000017F8: 16:36:43 [TUniServerModule]:Starting HTTP Server on Port: 8077...
ERPImporta.exe: 000017F8: 16:36:43 [TUniServerModule]:HTTP Server Started on Port: 8077
ERPImporta.exe: 0000058C: 16:37:26 []:>--------------------------------------------------------------<
ERPImporta.exe: 0000058C: 16:37:26 [TUniServerModule]:Server First Init.
ERPImporta.exe: 0000058C: 16:37:26 [TUniServerModule]:Start Path = C:\Projetos_WEB\ERP_Importa\
ERPImporta.exe: 0000058C: 16:37:26 [TUniServerModule]:Debug Mode = ON
ERPImporta.exe: 0000058C: 16:37:26 [TUniServerModule]:Starting HTTP Server on Port: 8077...
ERPImporta.exe: 0000058C: 16:37:26 [TUniServerModule]:HTTP Server Started on Port: 8077
ERPImporta.exe: 0000098C: 16:37:33 [HandleFileRequest[127.0.0.1]]:File not found: C:\Projetos_WEB\ERP_Importa\files\images\fundo8.jpg
ERPImporta.exe: 00000B48: 16:38:43 []:>--------------------------------------------------------------<
ERPImporta.exe: 00000B48: 16:38:43 [TUniServerModule]:Server First Init.
ERPImporta.exe: 00000B48: 16:38:43 [TUniServerModule]:Start Path = C:\Projetos_WEB\ERP_Importa\
ERPImporta.exe: 00000B48: 16:38:43 [TUniServerModule]:Debug Mode = ON
ERPImporta.exe: 00000B48: 16:38:43 [TUniGUISessionManager]:Cache erase job created, Folder count: [1]
ERPImporta.exe: 00000B48: 16:38:43 [TUniServerModule]:Starting HTTP Server on Port: 8077...
ERPImporta.exe: 00000B48: 16:38:43 [TUniServerModule]:HTTP Server Started on Port: 8077
ERPImporta.exe: 000004F8: 16:39:56 []:>--------------------------------------------------------------<
ERPImporta.exe: 000004F8: 16:39:56 [TUniServerModule]:Server First Init.
ERPImporta.exe: 000004F8: 16:39:56 [TUniServerModule]:Start Path = C:\Projetos_WEB\ERP_Importa\
ERPImporta.exe: 000004F8: 16:39:56 [TUniServerModule]:Debug Mode = ON
ERPImporta.exe: 000004F8: 16:39:57 [TUniServerModule]:Starting HTTP Server on Port: 8077...
ERPImporta.exe: 000004F8: 16:39:57 [TUniServerModule]:HTTP Server Started on Port: 8077
ERPImporta.exe: 00001CFC: 16:40:23 []:>--------------------------------------------------------------<
ERPImporta.exe: 00001CFC: 16:40:23 [TUniServerModule]:Server First Init.
ERPImporta.exe: 00001CFC: 16:40:23 [TUniServerModule]:Start Path = C:\Projetos_WEB\ERP_Importa\
ERPImporta.exe: 00001CFC: 16:40:23 [TUniServerModule]:Debug Mode = ON
ERPImporta.exe: 00001CFC: 16:40:23 [TUniGUISessionManager]:Cache erase job created, Folder count: [1]
ERPImporta.exe: 00001CFC: 16:40:24 [TUniServerModule]:Starting HTTP Server on Port: 8077...
ERPImporta.exe: 00001CFC: 16:40:24 [TUniServerModule]:HTTP Server Started on Port: 8077
ERPImporta.exe: 00002950: 16:41:21 []:>--------------------------------------------------------------<
ERPImporta.exe: 00002950: 16:41:21 [TUniServerModule]:Server First Init.
ERPImporta.exe: 00002950: 16:41:21 [TUniServerModule]:Start Path = C:\Projetos_WEB\ERP_Importa\
ERPImporta.exe: 00002950: 16:41:21 [TUniServerModule]:Debug Mode = ON
ERPImporta.exe: 00002950: 16:41:21 [TUniServerModule]:Starting HTTP Server on Port: 8077...
ERPImporta.exe: 00002950: 16:41:21 [TUniServerModule]:HTTP Server Started on Port: 8077
ERPImporta.exe: 00002880: 16:42:16 []:>--------------------------------------------------------------<
ERPImporta.exe: 00002880: 16:42:16 [TUniServerModule]:Server First Init.
ERPImporta.exe: 00002880: 16:42:16 [TUniServerModule]:Start Path = C:\Projetos_WEB\ERP_Importa\
ERPImporta.exe: 00002880: 16:42:16 [TUniServerModule]:Debug Mode = ON
ERPImporta.exe: 00002880: 16:42:16 [TUniGUISessionManager]:Cache erase job created, Folder count: [1]
ERPImporta.exe: 00002880: 16:42:17 [TUniServerModule]:Starting HTTP Server on Port: 8077...
ERPImporta.exe: 00002880: 16:42:17 [TUniServerModule]:HTTP Server Started on Port: 8077
ERPImporta.exe: 000008E4: 16:45:07 []:>--------------------------------------------------------------<
ERPImporta.exe: 000008E4: 16:45:07 [TUniServerModule]:Server First Init.
ERPImporta.exe: 000008E4: 16:45:07 [TUniServerModule]:Start Path = C:\Projetos_WEB\ERP_Importa\
ERPImporta.exe: 000008E4: 16:45:07 [TUniServerModule]:Debug Mode = ON
ERPImporta.exe: 000008E4: 16:45:07 [TUniGUISessionManager]:Cache erase job created, Folder count: [1]
ERPImporta.exe: 000008E4: 16:45:08 [TUniServerModule]:Starting HTTP Server on Port: 8077...
ERPImporta.exe: 000008E4: 16:45:08 [TUniServerModule]:HTTP Server Started on Port: 8077
ERPImporta.exe: 000006D4: 16:45:50 []:>--------------------------------------------------------------<
ERPImporta.exe: 000006D4: 16:45:50 [TUniServerModule]:Server First Init.
ERPImporta.exe: 000006D4: 16:45:50 [TUniServerModule]:Start Path = C:\Projetos_WEB\ERP_Importa\
ERPImporta.exe: 000006D4: 16:45:50 [TUniServerModule]:Debug Mode = ON
ERPImporta.exe: 000006D4: 16:45:50 [TUniServerModule]:Starting HTTP Server on Port: 8077...
ERPImporta.exe: 000006D4: 16:45:50 [TUniServerModule]:HTTP Server Started on Port: 8077
ERPImporta.exe: 0000323C: 16:47:47 []:>--------------------------------------------------------------<
ERPImporta.exe: 0000323C: 16:47:47 [TUniServerModule]:Server First Init.
ERPImporta.exe: 0000323C: 16:47:47 [TUniServerModule]:Start Path = C:\Projetos_WEB\ERP_Importa\
ERPImporta.exe: 0000323C: 16:47:47 [TUniServerModule]:Debug Mode = ON
ERPImporta.exe: 0000323C: 16:47:48 [TUniServerModule]:Starting HTTP Server on Port: 8077...
ERPImporta.exe: 0000323C: 16:47:48 [TUniServerModule]:HTTP Server Started on Port: 8077
ERPImporta.exe: 00000F74: 16:48:45 []:>--------------------------------------------------------------<
ERPImporta.exe: 00000F74: 16:48:45 [TUniServerModule]:Server First Init.
ERPImporta.exe: 00000F74: 16:48:45 [TUniServerModule]:Start Path = C:\Projetos_WEB\ERP_Importa\
ERPImporta.exe: 00000F74: 16:48:45 [TUniServerModule]:Debug Mode = ON
ERPImporta.exe: 00000F74: 16:48:45 [TUniGUISessionManager]:Cache erase job created, Folder count: [1]
ERPImporta.exe: 00000F74: 16:48:46 [TUniServerModule]:Starting HTTP Server on Port: 8077...
ERPImporta.exe: 00000F74: 16:48:46 [TUniServerModule]:HTTP Server Started on Port: 8077
ERPImporta.exe: 00002980: 16:50:00 []:>--------------------------------------------------------------<
ERPImporta.exe: 00002980: 16:50:00 [TUniServerModule]:Server First Init.
ERPImporta.exe: 00002980: 16:50:00 [TUniServerModule]:Start Path = C:\Projetos_WEB\ERP_Importa\
ERPImporta.exe: 00002980: 16:50:00 [TUniServerModule]:Debug Mode = ON
ERPImporta.exe: 00002980: 16:50:00 [TUniServerModule]:Starting HTTP Server on Port: 8077...
ERPImporta.exe: 00002980: 16:50:00 [TUniServerModule]:HTTP Server Started on Port: 8077
ERPImporta.exe: 000039B0: 16:56:24 []:>--------------------------------------------------------------<
ERPImporta.exe: 000039B0: 16:56:24 [TUniServerModule]:Server First Init.
ERPImporta.exe: 000039B0: 16:56:24 [TUniServerModule]:Start Path = C:\Projetos_WEB\ERP_Importa\
ERPImporta.exe: 000039B0: 16:56:24 [TUniServerModule]:Debug Mode = ON
ERPImporta.exe: 000039B0: 16:56:24 [TUniGUISessionManager]:Cache erase job created, Folder count: [1]
ERPImporta.exe: 000039B0: 16:56:24 [TUniServerModule]:Starting HTTP Server on Port: 8077...
ERPImporta.exe: 000039B0: 16:56:24 [TUniServerModule]:HTTP Server Started on Port: 8077
ERPImporta.exe: 000028F0: 16:57:27 []:>--------------------------------------------------------------<
ERPImporta.exe: 000028F0: 16:57:27 [TUniServerModule]:Server First Init.
ERPImporta.exe: 000028F0: 16:57:27 [TUniServerModule]:Start Path = C:\Projetos_WEB\ERP_Importa\
ERPImporta.exe: 000028F0: 16:57:27 [TUniServerModule]:Debug Mode = ON
ERPImporta.exe: 000028F0: 16:57:28 [TUniServerModule]:Starting HTTP Server on Port: 8077...
ERPImporta.exe: 000028F0: 16:57:28 [TUniServerModule]:HTTP Server Started on Port: 8077
ERPImporta.exe: 00001E84: 17:00:33 []:>--------------------------------------------------------------<
ERPImporta.exe: 00001E84: 17:00:33 [TUniServerModule]:Server First Init.
ERPImporta.exe: 00001E84: 17:00:33 [TUniServerModule]:Start Path = C:\Projetos_WEB\ERP_Importa\
ERPImporta.exe: 00001E84: 17:00:33 [TUniServerModule]:Debug Mode = ON
ERPImporta.exe: 00001E84: 17:00:34 [TUniServerModule]:Starting HTTP Server on Port: 8077...
ERPImporta.exe: 00001E84: 17:00:34 [TUniServerModule]:HTTP Server Started on Port: 8077
ERPImporta.exe: 00003EEC: 17:07:11 []:>--------------------------------------------------------------<
ERPImporta.exe: 00003EEC: 17:07:11 [TUniServerModule]:Server First Init.
ERPImporta.exe: 00003EEC: 17:07:11 [TUniServerModule]:Start Path = C:\Projetos_WEB\ERP_Importa\
ERPImporta.exe: 00003EEC: 17:07:11 [TUniServerModule]:Debug Mode = ON
ERPImporta.exe: 00003EEC: 17:07:12 [TUniServerModule]:Starting HTTP Server on Port: 8077...
ERPImporta.exe: 00003EEC: 17:07:12 [TUniServerModule]:HTTP Server Started on Port: 8077
ERPImporta.exe: 00003F20: 17:08:24 []:>--------------------------------------------------------------<
ERPImporta.exe: 00003F20: 17:08:24 [TUniServerModule]:Server First Init.
ERPImporta.exe: 00003F20: 17:08:24 [TUniServerModule]:Start Path = C:\Projetos_WEB\ERP_Importa\
ERPImporta.exe: 00003F20: 17:08:24 [TUniServerModule]:Debug Mode = ON
ERPImporta.exe: 00003F20: 17:08:25 [TUniServerModule]:Starting HTTP Server on Port: 8077...
ERPImporta.exe: 00003F20: 17:08:25 [TUniServerModule]:HTTP Server Started on Port: 8077
ERPImporta.exe: 00001874: 17:09:53 []:>--------------------------------------------------------------<
ERPImporta.exe: 00001874: 17:09:53 [TUniServerModule]:Server First Init.
ERPImporta.exe: 00001874: 17:09:53 [TUniServerModule]:Start Path = C:\Projetos_WEB\ERP_Importa\
ERPImporta.exe: 00001874: 17:09:53 [TUniServerModule]:Debug Mode = ON
ERPImporta.exe: 00001874: 17:09:54 [TUniServerModule]:Starting HTTP Server on Port: 8077...
ERPImporta.exe: 00001874: 17:09:54 [TUniServerModule]:HTTP Server Started on Port: 8077
ERPImporta.exe: 00001C7C: 17:12:19 []:>--------------------------------------------------------------<
ERPImporta.exe: 00001C7C: 17:12:19 [TUniServerModule]:Server First Init.
ERPImporta.exe: 00001C7C: 17:12:19 [TUniServerModule]:Start Path = C:\Projetos_WEB\ERP_Importa\
ERPImporta.exe: 00001C7C: 17:12:19 [TUniServerModule]:Debug Mode = ON
ERPImporta.exe: 00001C7C: 17:12:19 [TUniServerModule]:Starting HTTP Server on Port: 8077...
ERPImporta.exe: 00001C7C: 17:12:19 [TUniServerModule]:HTTP Server Started on Port: 8077
ERPImporta.exe: 00000658: 17:14:22 []:>--------------------------------------------------------------<
ERPImporta.exe: 00000658: 17:14:22 [TUniServerModule]:Server First Init.
ERPImporta.exe: 00000658: 17:14:22 [TUniServerModule]:Start Path = C:\Projetos_WEB\ERP_Importa\
ERPImporta.exe: 00000658: 17:14:22 [TUniServerModule]:Debug Mode = ON
ERPImporta.exe: 00000658: 17:14:23 [TUniServerModule]:Starting HTTP Server on Port: 8077...
ERPImporta.exe: 00000658: 17:14:23 [TUniServerModule]:HTTP Server Started on Port: 8077
ERPImporta.exe: 00001100: 17:15:32 []:>--------------------------------------------------------------<
ERPImporta.exe: 00001100: 17:15:32 [TUniServerModule]:Server First Init.
ERPImporta.exe: 00001100: 17:15:32 [TUniServerModule]:Start Path = C:\Projetos_WEB\ERP_Importa\
ERPImporta.exe: 00001100: 17:15:32 [TUniServerModule]:Debug Mode = ON
ERPImporta.exe: 00001100: 17:15:32 [TUniServerModule]:Starting HTTP Server on Port: 8077...
ERPImporta.exe: 00001100: 17:15:32 [TUniServerModule]:HTTP Server Started on Port: 8077
ERPImporta.exe: 00002FB8: 17:16:26 []:>--------------------------------------------------------------<
ERPImporta.exe: 00002FB8: 17:16:26 [TUniServerModule]:Server First Init.
ERPImporta.exe: 00002FB8: 17:16:26 [TUniServerModule]:Start Path = C:\Projetos_WEB\ERP_Importa\
ERPImporta.exe: 00002FB8: 17:16:26 [TUniServerModule]:Debug Mode = ON
ERPImporta.exe: 00002FB8: 17:16:26 [TUniServerModule]:Starting HTTP Server on Port: 8077...
ERPImporta.exe: 00002FB8: 17:16:26 [TUniServerModule]:HTTP Server Started on Port: 8077
ERPImporta.exe: 00001838: 17:19:15 []:>--------------------------------------------------------------<
ERPImporta.exe: 00001838: 17:19:15 [TUniServerModule]:Server First Init.
ERPImporta.exe: 00001838: 17:19:15 [TUniServerModule]:Start Path = C:\Projetos_WEB\ERP_Importa\
ERPImporta.exe: 00001838: 17:19:15 [TUniServerModule]:Debug Mode = ON
ERPImporta.exe: 00001838: 17:19:15 [TUniGUISessionManager]:Cache erase job created, Folder count: [1]
ERPImporta.exe: 00001838: 17:19:16 [TUniServerModule]:Starting HTTP Server on Port: 8077...
ERPImporta.exe: 00001838: 17:19:16 [TUniServerModule]:HTTP Server Started on Port: 8077
ERPImporta.exe: 0000338C: 17:25:09 []:>--------------------------------------------------------------<
ERPImporta.exe: 0000338C: 17:25:09 [TUniServerModule]:Server First Init.
ERPImporta.exe: 0000338C: 17:25:09 [TUniServerModule]:Start Path = C:\Projetos_WEB\ERP_Importa\
ERPImporta.exe: 0000338C: 17:25:09 [TUniServerModule]:Debug Mode = ON
ERPImporta.exe: 0000338C: 17:25:09 [TUniServerModule]:Starting HTTP Server on Port: 8077...
ERPImporta.exe: 0000338C: 17:25:09 [TUniServerModule]:HTTP Server Started on Port: 8077
ERPImporta.exe: 00002348: 17:25:18 [[FireDAC][Comp][Clnt]-512. Connection is not defined for [tTotaliza]. Possible reason: Connection and ConnectionName property values are both empty-127.0.0.1]:EFDException : [FireDAC][Comp][Clnt]-512. Connection is not defined for [tTotaliza]. Possible reason: Connection and ConnectionName property values are both empty : Addr: $008139EC
ERPImporta.exe: 00001A68: 17:26:07 []:>--------------------------------------------------------------<
ERPImporta.exe: 00001A68: 17:26:07 [TUniServerModule]:Server First Init.
ERPImporta.exe: 00001A68: 17:26:07 [TUniServerModule]:Start Path = C:\Projetos_WEB\ERP_Importa\
ERPImporta.exe: 00001A68: 17:26:07 [TUniServerModule]:Debug Mode = ON
ERPImporta.exe: 00001A68: 17:26:07 [TUniGUISessionManager]:Cache erase job created, Folder count: [1]
ERPImporta.exe: 00001A68: 17:26:07 [TUniServerModule]:Starting HTTP Server on Port: 8077...
ERPImporta.exe: 00001A68: 17:26:07 [TUniServerModule]:HTTP Server Started on Port: 8077
ERPImporta.exe: 00000C54: 17:26:20 [UniDBEdit15: Field 'CredLan' not found-127.0.0.1]:EDatabaseError : UniDBEdit15: Field 'CredLan' not found : Addr: $0065727A
ERPImporta.exe: 000002A0: 17:27:07 []:>--------------------------------------------------------------<
ERPImporta.exe: 000002A0: 17:27:07 [TUniServerModule]:Server First Init.
ERPImporta.exe: 000002A0: 17:27:07 [TUniServerModule]:Start Path = C:\Projetos_WEB\ERP_Importa\
ERPImporta.exe: 000002A0: 17:27:07 [TUniServerModule]:Debug Mode = ON
ERPImporta.exe: 000002A0: 17:27:08 [TUniServerModule]:Starting HTTP Server on Port: 8077...
ERPImporta.exe: 000002A0: 17:27:08 [TUniServerModule]:HTTP Server Started on Port: 8077
ERPImporta.exe: 00002008: 17:27:41 []:>--------------------------------------------------------------<
ERPImporta.exe: 00002008: 17:27:41 [TUniServerModule]:Server First Init.
ERPImporta.exe: 00002008: 17:27:41 [TUniServerModule]:Start Path = C:\Projetos_WEB\ERP_Importa\
ERPImporta.exe: 00002008: 17:27:41 [TUniServerModule]:Debug Mode = ON
ERPImporta.exe: 00002008: 17:27:41 [TUniGUISessionManager]:Cache erase job created, Folder count: [1]
ERPImporta.exe: 00002008: 17:27:41 [TUniServerModule]:Starting HTTP Server on Port: 8077...
ERPImporta.exe: 00002008: 17:27:41 [TUniServerModule]:HTTP Server Started on Port: 8077
ERPImporta.exe: 00001C1C: 17:28:11 []:>--------------------------------------------------------------<
ERPImporta.exe: 00001C1C: 17:28:11 [TUniServerModule]:Server First Init.
ERPImporta.exe: 00001C1C: 17:28:11 [TUniServerModule]:Start Path = C:\Projetos_WEB\ERP_Importa\
ERPImporta.exe: 00001C1C: 17:28:11 [TUniServerModule]:Debug Mode = ON
ERPImporta.exe: 00001C1C: 17:28:11 [TUniServerModule]:Starting HTTP Server on Port: 8077...
ERPImporta.exe: 00001C1C: 17:28:11 [TUniServerModule]:HTTP Server Started on Port: 8077
ERPImporta.exe: 000000D8: 17:29:01 []:>--------------------------------------------------------------<
ERPImporta.exe: 000000D8: 17:29:01 [TUniServerModule]:Server First Init.
ERPImporta.exe: 000000D8: 17:29:01 [TUniServerModule]:Start Path = C:\Projetos_WEB\ERP_Importa\
ERPImporta.exe: 000000D8: 17:29:01 [TUniServerModule]:Debug Mode = ON
ERPImporta.exe: 000000D8: 17:29:01 [TUniGUISessionManager]:Cache erase job created, Folder count: [1]
ERPImporta.exe: 000000D8: 17:29:01 [TUniServerModule]:Starting HTTP Server on Port: 8077...
ERPImporta.exe: 000000D8: 17:29:01 [TUniServerModule]:HTTP Server Started on Port: 8077
ERPImporta.exe: 00001778: 17:30:07 []:>--------------------------------------------------------------<
ERPImporta.exe: 00001778: 17:30:07 [TUniServerModule]:Server First Init.
ERPImporta.exe: 00001778: 17:30:07 [TUniServerModule]:Start Path = C:\Projetos_WEB\ERP_Importa\
ERPImporta.exe: 00001778: 17:30:07 [TUniServerModule]:Debug Mode = ON
ERPImporta.exe: 00001778: 17:30:07 [TUniServerModule]:Starting HTTP Server on Port: 8077...
ERPImporta.exe: 00001778: 17:30:07 [TUniServerModule]:HTTP Server Started on Port: 8077
ERPImporta.exe: 00002DDC: 17:32:16 []:>--------------------------------------------------------------<
ERPImporta.exe: 00002DDC: 17:32:16 [TUniServerModule]:Server First Init.
ERPImporta.exe: 00002DDC: 17:32:16 [TUniServerModule]:Start Path = C:\Projetos_WEB\ERP_Importa\
ERPImporta.exe: 00002DDC: 17:32:16 [TUniServerModule]:Debug Mode = ON
ERPImporta.exe: 00002DDC: 17:32:16 [TUniGUISessionManager]:Cache erase job created, Folder count: [1]
ERPImporta.exe: 00002DDC: 17:32:17 [TUniServerModule]:Starting HTTP Server on Port: 8077...
ERPImporta.exe: 00002DDC: 17:32:17 [TUniServerModule]:HTTP Server Started on Port: 8077
ERPImporta.exe: 000006D4: 17:32:27 []:>--------------------------------------------------------------<
ERPImporta.exe: 000006D4: 17:32:27 [TUniServerModule]:Server First Init.
ERPImporta.exe: 000006D4: 17:32:27 [TUniServerModule]:Start Path = C:\Projetos_WEB\ERP_Importa\
ERPImporta.exe: 000006D4: 17:32:27 [TUniServerModule]:Debug Mode = ON
ERPImporta.exe: 000006D4: 17:32:27 [TUniServerModule]:Starting HTTP Server on Port: 8077...
ERPImporta.exe: 000006D4: 17:32:27 [TUniServerModule]:HTTP Server Started on Port: 8077
ERPImporta.exe: 00001E68: 17:32:59 []:>--------------------------------------------------------------<
ERPImporta.exe: 00001E68: 17:32:59 [TUniServerModule]:Server First Init.
ERPImporta.exe: 00001E68: 17:32:59 [TUniServerModule]:Start Path = C:\Projetos_WEB\ERP_Importa\
ERPImporta.exe: 00001E68: 17:32:59 [TUniServerModule]:Debug Mode = ON
ERPImporta.exe: 00001E68: 17:32:59 [TUniGUISessionManager]:Cache erase job created, Folder count: [1]
ERPImporta.exe: 00001E68: 17:32:59 [TUniServerModule]:Starting HTTP Server on Port: 8077...
ERPImporta.exe: 00001E68: 17:33:00 [TUniServerModule]:HTTP Server Started on Port: 8077
ERPImporta.exe: 00002CD4: 17:33:18 [HandleFileRequest[127.0.0.1]]:File not found: C:\Projetos_WEB\ERP_Importa\files\images\fundo8.jpg
ERPImporta.exe: 0000373C: 17:39:07 [[FireDAC][Phys][ODBC][Microsoft][SQL Server Native Client 11.0][SQL Server]Invalid object name 'PlanoFinanceiro'.-127.0.0.1]:EMSSQLNativeException : [FireDAC][Phys][ODBC][Microsoft][SQL Server Native Client 11.0][SQL Server]Invalid object name 'PlanoFinanceiro'. : Addr: $008BB2F5
