ERPImporta.exe: 00000984: 10:31:49 []:>--------------------------------------------------------------<
ERPImporta.exe: 00000984: 10:31:49 [TUniServerModule]:Server First Init.
ERPImporta.exe: 00000984: 10:31:49 [TUniServerModule]:Start Path = C:\Projetos_WEB\ERP_Importa\
ERPImporta.exe: 00000984: 10:31:49 [TUniServerModule]:Debug Mode = ON
ERPImporta.exe: 00000984: 10:31:49 [TUniServerModule]:Starting HTTP Server on Port: 8077...
ERPImporta.exe: 00000984: 10:31:49 [TUniServerModule]:HTTP Server Started on Port: 8077
ERPImporta.exe: 00001B1C: 10:32:20 [127.0.0.1]:EClassNotFound : Class TfCadNavios not found : Addr: $004B7292
ERPImporta.exe: 00003AAC: 10:37:12 []:>--------------------------------------------------------------<
ERPImporta.exe: 00003AAC: 10:37:12 [TUniServerModule]:Server First Init.
ERPImporta.exe: 00003AAC: 10:37:12 [TUniServerModule]:Start Path = C:\Projetos_WEB\ERP_Importa\
ERPImporta.exe: 00003AAC: 10:37:12 [TUniServerModule]:Debug Mode = ON
ERPImporta.exe: 00003AAC: 10:37:12 [TUniGUISessionManager]:Cache erase job created, Folder count: [2]
ERPImporta.exe: 00003AAC: 10:37:12 [TUniServerModule]:Starting HTTP Server on Port: 8077...
ERPImporta.exe: 00003AAC: 10:37:12 [TUniServerModule]:HTTP Server Started on Port: 8077
ERPImporta.exe: 0000336C: 11:28:16 []:>--------------------------------------------------------------<
ERPImporta.exe: 0000336C: 11:28:16 [TUniServerModule]:Server First Init.
ERPImporta.exe: 0000336C: 11:28:16 [TUniServerModule]:Start Path = C:\Projetos_WEB\ERP_Importa\
ERPImporta.exe: 0000336C: 11:28:16 [TUniServerModule]:Debug Mode = ON
ERPImporta.exe: 0000336C: 11:28:16 [TUniGUISessionManager]:Cache erase job created, Folder count: [1]
ERPImporta.exe: 0000336C: 11:28:16 [TUniServerModule]:Starting HTTP Server on Port: 8077...
ERPImporta.exe: 0000336C: 11:28:16 [TUniServerModule]:HTTP Server Started on Port: 8077
ERPImporta.exe: 00002740: 12:01:56 []:>--------------------------------------------------------------<
ERPImporta.exe: 00002740: 12:01:56 [TUniServerModule]:Server First Init.
ERPImporta.exe: 00002740: 12:01:56 [TUniServerModule]:Start Path = C:\Projetos_WEB\ERP_Importa\
ERPImporta.exe: 00002740: 12:01:56 [TUniServerModule]:Debug Mode = ON
ERPImporta.exe: 00002740: 12:01:56 [TUniServerModule]:Starting HTTP Server on Port: 8077...
ERPImporta.exe: 00002740: 12:01:57 [TUniServerModule]:HTTP Server Started on Port: 8077
ERPImporta.exe: 00001E74: 12:02:15 [cVariacao_DesPerc: Field 'Variacao_DesPerc' not found-127.0.0.1]:EDatabaseError : cVariacao_DesPerc: Field 'Variacao_DesPerc' not found : Addr: $006576F6
ERPImporta.exe: 00001E74: 12:02:46 [127.0.0.1]:EClassNotFound : Class TfCadNavios not found : Addr: $004B7292
ERPImporta.exe: 00002E40: 14:46:40 []:>--------------------------------------------------------------<
ERPImporta.exe: 00002E40: 14:46:40 [TUniServerModule]:Server First Init.
ERPImporta.exe: 00002E40: 14:46:40 [TUniServerModule]:Start Path = C:\Projetos_WEB\ERP_Importa\
ERPImporta.exe: 00002E40: 14:46:40 [TUniServerModule]:Debug Mode = ON
ERPImporta.exe: 00002E40: 14:46:41 [TUniServerModule]:Starting HTTP Server on Port: 8077...
ERPImporta.exe: 00002E40: 14:46:41 [TUniServerModule]:HTTP Server Started on Port: 8077
ERPImporta.exe: 00003BFC: 14:46:53 [cVariacao_DesPerc: Field 'Variacao_DesPerc' not found-127.0.0.1]:EDatabaseError : cVariacao_DesPerc: Field 'Variacao_DesPerc' not found : Addr: $006576F6
ERPImporta.exe: 0000295C: 14:49:50 []:>--------------------------------------------------------------<
ERPImporta.exe: 0000295C: 14:49:50 [TUniServerModule]:Server First Init.
ERPImporta.exe: 0000295C: 14:49:50 [TUniServerModule]:Start Path = C:\Projetos_WEB\ERP_Importa\
ERPImporta.exe: 0000295C: 14:49:50 [TUniServerModule]:Debug Mode = ON
ERPImporta.exe: 0000295C: 14:49:51 [TUniServerModule]:Starting HTTP Server on Port: 8077...
ERPImporta.exe: 0000295C: 14:49:51 [TUniServerModule]:HTTP Server Started on Port: 8077
ERPImporta.exe: 000002D4: 14:50:05 [cVariacao_DesPerc: Field 'Variacao_DesPerc' not found-127.0.0.1]:EDatabaseError : cVariacao_DesPerc: Field 'Variacao_DesPerc' not found : Addr: $006576F6
ERPImporta.exe: 00000C50: 14:55:28 []:>--------------------------------------------------------------<
ERPImporta.exe: 00000C50: 14:55:28 [TUniServerModule]:Server First Init.
ERPImporta.exe: 00000C50: 14:55:28 [TUniServerModule]:Start Path = C:\Projetos_WEB\ERP_Importa\
ERPImporta.exe: 00000C50: 14:55:29 [TUniServerModule]:Debug Mode = ON
ERPImporta.exe: 00000C50: 14:55:29 [TUniGUISessionManager]:Cache erase job created, Folder count: [1]
ERPImporta.exe: 00000C50: 14:55:29 [TUniServerModule]:Starting HTTP Server on Port: 8077...
ERPImporta.exe: 00000C50: 14:55:29 [TUniServerModule]:HTTP Server Started on Port: 8077
ERPImporta.exe: 00001B5C: 14:56:03 [cVariacao_DesPerc: Field 'Variacao_DesPerc' not found-127.0.0.1]:EDatabaseError : cVariacao_DesPerc: Field 'Variacao_DesPerc' not found : Addr: $006576F6
ERPImporta.exe: 0000183C: 15:08:13 []:>--------------------------------------------------------------<
ERPImporta.exe: 0000183C: 15:08:13 [TUniServerModule]:Server First Init.
ERPImporta.exe: 0000183C: 15:08:13 [TUniServerModule]:Start Path = C:\Projetos_WEB\ERP_Importa\
ERPImporta.exe: 0000183C: 15:08:13 [TUniServerModule]:Debug Mode = ON
ERPImporta.exe: 0000183C: 15:08:13 [TUniGUISessionManager]:Cache erase job created, Folder count: [1]
ERPImporta.exe: 0000183C: 15:08:14 [TUniServerModule]:Starting HTTP Server on Port: 8077...
ERPImporta.exe: 0000183C: 15:08:14 [TUniServerModule]:HTTP Server Started on Port: 8077
ERPImporta.exe: 000039CC: 15:08:39 [[FireDAC][Phys][ODBC][Microsoft][SQL Server Native Client 11.0][SQL Server]Invalid column name 'Navio_Nome'.-127.0.0.1]:EMSSQLNativeException : [FireDAC][Phys][ODBC][Microsoft][SQL Server Native Client 11.0][SQL Server]Invalid column name 'Navio_Nome'. : Addr: $008DFDA9
ERPImporta.exe: 00002E04: 15:08:39 [127.0.0.1]:EDatabaseError : tNavios: Cannot perform this operation on a closed dataset : Addr: $006576F6
ERPImporta.exe: 00003A4C: 15:09:25 []:>--------------------------------------------------------------<
ERPImporta.exe: 00003A4C: 15:09:25 [TUniServerModule]:Server First Init.
ERPImporta.exe: 00003A4C: 15:09:25 [TUniServerModule]:Start Path = C:\Projetos_WEB\ERP_Importa\
ERPImporta.exe: 00003A4C: 15:09:25 [TUniServerModule]:Debug Mode = ON
ERPImporta.exe: 00003A4C: 15:09:25 [TUniServerModule]:Starting HTTP Server on Port: 8077...
ERPImporta.exe: 00003A4C: 15:09:25 [TUniServerModule]:HTTP Server Started on Port: 8077
ERPImporta.exe: 000023C8: 15:09:35 [[FireDAC][Phys][ODBC][Microsoft][SQL Server Native Client 11.0][SQL Server]Invalid column name 'Navio_Nome'.-127.0.0.1]:EMSSQLNativeException : [FireDAC][Phys][ODBC][Microsoft][SQL Server Native Client 11.0][SQL Server]Invalid column name 'Navio_Nome'. : Addr: $008DFDA9
ERPImporta.exe: 00000948: 15:09:36 [127.0.0.1]:EDatabaseError : tNavios: Cannot perform this operation on a closed dataset : Addr: $006576F6
ERPImporta.exe: 00000638: 15:10:14 []:>--------------------------------------------------------------<
ERPImporta.exe: 00000638: 15:10:14 [TUniServerModule]:Server First Init.
ERPImporta.exe: 00000638: 15:10:14 [TUniServerModule]:Start Path = C:\Projetos_WEB\ERP_Importa\
ERPImporta.exe: 00000638: 15:10:14 [TUniServerModule]:Debug Mode = ON
ERPImporta.exe: 00000638: 15:10:14 [TUniServerModule]:Starting HTTP Server on Port: 8077...
ERPImporta.exe: 00000638: 15:10:14 [TUniServerModule]:HTTP Server Started on Port: 8077
ERPImporta.exe: 000025F0: 15:10:24 [cVariacao_DesPerc: Field 'Variacao_DesPerc' not found-127.0.0.1]:EDatabaseError : cVariacao_DesPerc: Field 'Variacao_DesPerc' not found : Addr: $006576F6
ERPImporta.exe: 000025F0: 15:11:24 [cVariacao_DesPerc: Field 'Variacao_DesPerc' not found-127.0.0.1]:EDatabaseError : cVariacao_DesPerc: Field 'Variacao_DesPerc' not found : Addr: $006576F6
ERPImporta.exe: 0000297C: 15:12:43 []:>--------------------------------------------------------------<
ERPImporta.exe: 0000297C: 15:12:43 [TUniServerModule]:Server First Init.
ERPImporta.exe: 0000297C: 15:12:43 [TUniServerModule]:Start Path = C:\Projetos_WEB\ERP_Importa\
ERPImporta.exe: 0000297C: 15:12:43 [TUniServerModule]:Debug Mode = ON
ERPImporta.exe: 0000297C: 15:12:43 [TUniServerModule]:Starting HTTP Server on Port: 8077...
ERPImporta.exe: 0000297C: 15:12:43 [TUniServerModule]:HTTP Server Started on Port: 8077
ERPImporta.exe: 0000171C: 15:12:58 [cVariacao_DesPerc: Field 'Variacao_DesPerc' not found-127.0.0.1]:EDatabaseError : cVariacao_DesPerc: Field 'Variacao_DesPerc' not found : Addr: $006576F6
ERPImporta.exe: 00001640: 15:14:53 []:>--------------------------------------------------------------<
ERPImporta.exe: 00001640: 15:14:53 [TUniServerModule]:Server First Init.
ERPImporta.exe: 00001640: 15:14:53 [TUniServerModule]:Start Path = C:\Projetos_WEB\ERP_Importa\
ERPImporta.exe: 00001640: 15:14:53 [TUniServerModule]:Debug Mode = ON
ERPImporta.exe: 00001640: 15:14:53 [TUniServerModule]:Starting HTTP Server on Port: 8077...
ERPImporta.exe: 00001640: 15:14:53 [TUniServerModule]:HTTP Server Started on Port: 8077
ERPImporta.exe: 00001BBC: 15:15:52 [127.0.0.1]:EClassNotFound : Class  not found : Addr: $004B7292
ERPImporta.exe: 00001BBC: 15:16:00 [127.0.0.1]:EClassNotFound : Class  not found : Addr: $004B7292
ERPImporta.exe: 00001490: 15:20:59 []:>--------------------------------------------------------------<
ERPImporta.exe: 00001490: 15:20:59 [TUniServerModule]:Server First Init.
ERPImporta.exe: 00001490: 15:20:59 [TUniServerModule]:Start Path = C:\Projetos_WEB\ERP_Importa\
ERPImporta.exe: 00001490: 15:20:59 [TUniServerModule]:Debug Mode = ON
ERPImporta.exe: 00001490: 15:20:59 [TUniGUISessionManager]:Cache erase job created, Folder count: [1]
ERPImporta.exe: 00001490: 15:20:59 [TUniServerModule]:Starting HTTP Server on Port: 8077...
ERPImporta.exe: 00001490: 15:20:59 [TUniServerModule]:HTTP Server Started on Port: 8077
ERPImporta.exe: 00001250: 15:21:07 [127.0.0.1]:EClassNotFound : Class  not found : Addr: $004B7292
ERPImporta.exe: 00001250: 15:22:12 [127.0.0.1]:EClassNotFound : Class  not found : Addr: $004B7292
ERPImporta.exe: 000038DC: 15:25:00 []:>--------------------------------------------------------------<
ERPImporta.exe: 000038DC: 15:25:00 [TUniServerModule]:Server First Init.
ERPImporta.exe: 000038DC: 15:25:00 [TUniServerModule]:Start Path = C:\Projetos_WEB\ERP_Importa\
ERPImporta.exe: 000038DC: 15:25:00 [TUniServerModule]:Debug Mode = ON
ERPImporta.exe: 000038DC: 15:25:00 [TUniGUISessionManager]:Cache erase job created, Folder count: [1]
ERPImporta.exe: 000038DC: 15:25:00 [TUniServerModule]:Starting HTTP Server on Port: 8077...
ERPImporta.exe: 000038DC: 15:25:00 [TUniServerModule]:HTTP Server Started on Port: 8077
ERPImporta.exe: 00000A28: 15:25:31 []:>--------------------------------------------------------------<
ERPImporta.exe: 00000A28: 15:25:31 [TUniServerModule]:Server First Init.
ERPImporta.exe: 00000A28: 15:25:31 [TUniServerModule]:Start Path = C:\Projetos_WEB\ERP_Importa\
ERPImporta.exe: 00000A28: 15:25:31 [TUniServerModule]:Debug Mode = ON
ERPImporta.exe: 00000A28: 15:25:31 [TUniGUISessionManager]:Cache erase job created, Folder count: [1]
ERPImporta.exe: 00000A28: 15:25:31 [TUniServerModule]:Starting HTTP Server on Port: 8077...
ERPImporta.exe: 00000A28: 15:25:31 [TUniServerModule]:HTTP Server Started on Port: 8077
ERPImporta.exe: 00001350: 15:25:34 [127.0.0.1]:EUniSessionException : Sessão inváilda ou tempo da sessão expirado. (Session not found: 9EZFzug3ul1102281ED ) : Addr: $007CFC94
ERPImporta.exe: 00003298: 15:25:38 [127.0.0.1]:EUniSessionException : Sessão inváilda ou tempo da sessão expirado. (Session not found: Dw39pCYrAF110228122 ) : Addr: $007CFC94
ERPImporta.exe: 000023E8: 15:26:27 [127.0.0.1]:EClassNotFound : Class  not found : Addr: $004B7292
ERPImporta.exe: 000010A8: 15:27:25 []:>--------------------------------------------------------------<
ERPImporta.exe: 000010A8: 15:27:25 [TUniServerModule]:Server First Init.
ERPImporta.exe: 000010A8: 15:27:25 [TUniServerModule]:Start Path = C:\Projetos_WEB\ERP_Importa\
ERPImporta.exe: 000010A8: 15:27:25 [TUniServerModule]:Debug Mode = ON
ERPImporta.exe: 000010A8: 15:27:25 [TUniGUISessionManager]:Cache erase job created, Folder count: [1]
ERPImporta.exe: 000010A8: 15:27:25 [TUniServerModule]:Starting HTTP Server on Port: 8077...
ERPImporta.exe: 000010A8: 15:27:25 [TUniServerModule]:HTTP Server Started on Port: 8077
ERPImporta.exe: 00001720: 15:29:03 [127.0.0.1]:EClassNotFound : Class  not found : Addr: $004B7292
ERPImporta.exe: 00001720: 15:29:20 [127.0.0.1]:EClassNotFound : Class  not found : Addr: $004B7292
ERPImporta.exe: 000007B4: 15:32:14 []:>--------------------------------------------------------------<
ERPImporta.exe: 000007B4: 15:32:14 [TUniServerModule]:Server First Init.
ERPImporta.exe: 000007B4: 15:32:14 [TUniServerModule]:Start Path = C:\Projetos_WEB\ERP_Importa\
ERPImporta.exe: 000007B4: 15:32:14 [TUniServerModule]:Debug Mode = ON
ERPImporta.exe: 000007B4: 15:32:14 [TUniGUISessionManager]:Cache erase job created, Folder count: [1]
ERPImporta.exe: 000007B4: 15:32:14 [TUniServerModule]:Starting HTTP Server on Port: 8077...
ERPImporta.exe: 000007B4: 15:32:14 [TUniServerModule]:HTTP Server Started on Port: 8077
ERPImporta.exe: 00000F10: 15:33:19 []:>--------------------------------------------------------------<
ERPImporta.exe: 00000F10: 15:33:19 [TUniServerModule]:Server First Init.
ERPImporta.exe: 00000F10: 15:33:19 [TUniServerModule]:Start Path = C:\Projetos_WEB\ERP_Importa\
ERPImporta.exe: 00000F10: 15:33:19 [TUniServerModule]:Debug Mode = ON
ERPImporta.exe: 00000F10: 15:33:20 [TUniServerModule]:Starting HTTP Server on Port: 8077...
ERPImporta.exe: 00000F10: 15:33:20 [TUniServerModule]:HTTP Server Started on Port: 8077
ERPImporta.exe: 0000206C: 15:35:39 []:>--------------------------------------------------------------<
ERPImporta.exe: 0000206C: 15:35:39 [TUniServerModule]:Server First Init.
ERPImporta.exe: 0000206C: 15:35:39 [TUniServerModule]:Start Path = C:\Projetos_WEB\ERP_Importa\
ERPImporta.exe: 0000206C: 15:35:39 [TUniServerModule]:Debug Mode = ON
ERPImporta.exe: 0000206C: 15:35:39 [TUniGUISessionManager]:Cache erase job created, Folder count: [1]
ERPImporta.exe: 0000206C: 15:35:39 [TUniServerModule]:Starting HTTP Server on Port: 8077...
ERPImporta.exe: 0000206C: 15:35:39 [TUniServerModule]:HTTP Server Started on Port: 8077
ERPImporta.exe: 00001E6C: 15:37:08 []:>--------------------------------------------------------------<
ERPImporta.exe: 00001E6C: 15:37:08 [TUniServerModule]:Server First Init.
ERPImporta.exe: 00001E6C: 15:37:08 [TUniServerModule]:Start Path = C:\Projetos_WEB\ERP_Importa\
ERPImporta.exe: 00001E6C: 15:37:08 [TUniServerModule]:Debug Mode = ON
ERPImporta.exe: 00001E6C: 15:37:08 [TUniGUISessionManager]:Cache erase job created, Folder count: [1]
ERPImporta.exe: 00001E6C: 15:37:08 [TUniServerModule]:Starting HTTP Server on Port: 8077...
ERPImporta.exe: 00001E6C: 15:37:08 [TUniServerModule]:HTTP Server Started on Port: 8077
ERPImporta.exe: 00000C1C: 15:45:00 []:>--------------------------------------------------------------<
ERPImporta.exe: 00000C1C: 15:45:00 [TUniServerModule]:Server First Init.
ERPImporta.exe: 00000C1C: 15:45:00 [TUniServerModule]:Start Path = C:\Projetos_WEB\ERP_Importa\
ERPImporta.exe: 00000C1C: 15:45:00 [TUniServerModule]:Debug Mode = ON
ERPImporta.exe: 00000C1C: 15:45:00 [TUniGUISessionManager]:Cache erase job created, Folder count: [1]
ERPImporta.exe: 00000C1C: 15:45:01 [TUniServerModule]:Starting HTTP Server on Port: 8077...
ERPImporta.exe: 00000C1C: 15:45:01 [TUniServerModule]:HTTP Server Started on Port: 8077
ERPImporta.exe: 00001DAC: 15:51:28 []:>--------------------------------------------------------------<
ERPImporta.exe: 00001DAC: 15:51:28 [TUniServerModule]:Server First Init.
ERPImporta.exe: 00001DAC: 15:51:28 [TUniServerModule]:Start Path = C:\Projetos_WEB\ERP_Importa\
ERPImporta.exe: 00001DAC: 15:51:28 [TUniServerModule]:Debug Mode = ON
ERPImporta.exe: 00001DAC: 15:51:28 [TUniServerModule]:Starting HTTP Server on Port: 8077...
ERPImporta.exe: 00001DAC: 15:51:28 [TUniServerModule]:HTTP Server Started on Port: 8077
