ERPImporta.exe: 00002F00: 09:58:43 []:>--------------------------------------------------------------<
ERPImporta.exe: 00002F00: 09:58:43 [TUniServerModule]:Server First Init.
ERPImporta.exe: 00002F00: 09:58:43 [TUniServerModule]:Start Path = C:\Projetos_WEB\ERP_Importa\
ERPImporta.exe: 00002F00: 09:58:43 [TUniServerModule]:Debug Mode = ON
ERPImporta.exe: 00002F00: 09:58:44 [TUniServerModule]:Starting HTTP Server on Port: 8077...
ERPImporta.exe: 00002F00: 09:58:44 [TUniServerModule]:HTTP Server Started on Port: 8077
ERPImporta.exe: 000029E8: 09:59:33 []:>--------------------------------------------------------------<
ERPImporta.exe: 000029E8: 09:59:33 [TUniServerModule]:Server First Init.
ERPImporta.exe: 000029E8: 09:59:33 [TUniServerModule]:Start Path = C:\Projetos_WEB\ERP_Importa\
ERPImporta.exe: 000029E8: 09:59:33 [TUniServerModule]:Debug Mode = ON
ERPImporta.exe: 000029E8: 09:59:33 [TUniGUISessionManager]:Cache erase job created, Folder count: [1]
ERPImporta.exe: 000029E8: 09:59:34 [TUniServerModule]:Starting HTTP Server on Port: 8077...
ERPImporta.exe: 000029E8: 09:59:34 [TUniServerModule]:HTTP Server Started on Port: 8077
ERPImporta.exe: 00001CE8: 09:59:42 [127.0.0.1]:EUniSessionException : Sessão inváilda ou tempo da sessão expirado. (Session not found: 72fPMTJaNm110654CEE ) : Addr: $007D0E38
ERPImporta.exe: 000005E0: 09:59:42 [127.0.0.1]:EUniSessionException : Sessão inváilda ou tempo da sessão expirado. (Session not found: 72fPMTJaNm110654CEE ) : Addr: $007D0E38
ERPImporta.exe: 00003070: 09:59:47 []:>--------------------------------------------------------------<
ERPImporta.exe: 00003070: 09:59:47 [TUniServerModule]:Server First Init.
ERPImporta.exe: 00003070: 09:59:47 [TUniServerModule]:Start Path = C:\Projetos_WEB\ERP_Importa\
ERPImporta.exe: 00003070: 09:59:47 [TUniServerModule]:Debug Mode = ON
ERPImporta.exe: 00003070: 09:59:47 [TUniGUISessionManager]:Cache erase job created, Folder count: [1]
ERPImporta.exe: 00003070: 09:59:47 [TUniServerModule]:Starting HTTP Server on Port: 8077...
ERPImporta.exe: 00003070: 09:59:47 [TUniServerModule]:HTTP Server Started on Port: 8077
ERPImporta.exe: 00001B7C: 10:00:00 [HandleFileRequest[127.0.0.1]]:File not found: C:\Projetos_WEB\ERP_Importa\files\images\fundo8.jpg
ERPImporta.exe: 000018B4: 10:01:58 []:>--------------------------------------------------------------<
ERPImporta.exe: 000018B4: 10:01:58 [TUniServerModule]:Server First Init.
ERPImporta.exe: 000018B4: 10:01:58 [TUniServerModule]:Start Path = C:\Projetos_WEB\ERP_Importa\
ERPImporta.exe: 000018B4: 10:01:58 [TUniServerModule]:Debug Mode = ON
ERPImporta.exe: 000018B4: 10:01:58 [TUniServerModule]:Starting HTTP Server on Port: 8077...
ERPImporta.exe: 000018B4: 10:01:58 [TUniServerModule]:HTTP Server Started on Port: 8077
ERPImporta.exe: 00001408: 10:02:46 []:>--------------------------------------------------------------<
ERPImporta.exe: 00001408: 10:02:46 [TUniServerModule]:Server First Init.
ERPImporta.exe: 00001408: 10:02:46 [TUniServerModule]:Start Path = C:\Projetos_WEB\ERP_Importa\
ERPImporta.exe: 00001408: 10:02:46 [TUniServerModule]:Debug Mode = ON
ERPImporta.exe: 00001408: 10:02:46 [TUniGUISessionManager]:Cache erase job created, Folder count: [1]
ERPImporta.exe: 00001408: 10:02:46 [TUniServerModule]:Starting HTTP Server on Port: 8077...
ERPImporta.exe: 00001408: 10:02:47 [TUniServerModule]:HTTP Server Started on Port: 8077
ERPImporta.exe: 0000214C: 10:02:53 [HandleFileRequest[127.0.0.1]]:File not found: C:\Program Files (x86)\FMSoft\Framework\unigui\unipackages-7.8.0\themes\ext-theme-uni_win11_polar_light_triton\resources\fonts\OpenSans-Light.ttf
ERPImporta.exe: 000028B4: 10:03:50 []:>--------------------------------------------------------------<
ERPImporta.exe: 000028B4: 10:03:50 [TUniServerModule]:Server First Init.
ERPImporta.exe: 000028B4: 10:03:50 [TUniServerModule]:Start Path = C:\Projetos_WEB\ERP_Importa\
ERPImporta.exe: 000028B4: 10:03:50 [TUniServerModule]:Debug Mode = ON
ERPImporta.exe: 000028B4: 10:03:51 [TUniServerModule]:Starting HTTP Server on Port: 8077...
ERPImporta.exe: 000028B4: 10:03:51 [TUniServerModule]:HTTP Server Started on Port: 8077
ERPImporta.exe: 00000CC4: 10:03:56 [HandleFileRequest[127.0.0.1]]:File not found: C:\Program Files (x86)\FMSoft\Framework\unigui\unipackages-7.8.0\themes\ext-theme-uni_win11_triton\resources\fonts\OpenSans-Light.ttf
ERPImporta.exe: 00002888: 10:04:52 []:>--------------------------------------------------------------<
ERPImporta.exe: 00002888: 10:04:52 [TUniServerModule]:Server First Init.
ERPImporta.exe: 00002888: 10:04:52 [TUniServerModule]:Start Path = C:\Projetos_WEB\ERP_Importa\
ERPImporta.exe: 00002888: 10:04:52 [TUniServerModule]:Debug Mode = ON
ERPImporta.exe: 00002888: 10:04:52 [TUniServerModule]:Starting HTTP Server on Port: 8077...
ERPImporta.exe: 00002888: 10:04:52 [TUniServerModule]:HTTP Server Started on Port: 8077
ERPImporta.exe: 00000838: 10:05:49 []:>--------------------------------------------------------------<
ERPImporta.exe: 00000838: 10:05:49 [TUniServerModule]:Server First Init.
ERPImporta.exe: 00000838: 10:05:49 [TUniServerModule]:Start Path = C:\Projetos_WEB\ERP_Importa\
ERPImporta.exe: 00000838: 10:05:49 [TUniServerModule]:Debug Mode = ON
ERPImporta.exe: 00000838: 10:05:49 [TUniServerModule]:Starting HTTP Server on Port: 8077...
ERPImporta.exe: 00000838: 10:05:50 [TUniServerModule]:HTTP Server Started on Port: 8077
ERPImporta.exe: 00003654: 10:06:44 []:>--------------------------------------------------------------<
ERPImporta.exe: 00003654: 10:06:44 [TUniServerModule]:Server First Init.
ERPImporta.exe: 00003654: 10:06:44 [TUniServerModule]:Start Path = C:\Projetos_WEB\ERP_Importa\
ERPImporta.exe: 00003654: 10:06:45 [TUniServerModule]:Debug Mode = ON
ERPImporta.exe: 00003654: 10:06:45 [TUniServerModule]:Starting HTTP Server on Port: 8077...
ERPImporta.exe: 00003654: 10:06:45 [TUniServerModule]:HTTP Server Started on Port: 8077
ERPImporta.exe: 00002FA0: 10:07:01 [HandleFileRequest[127.0.0.1]]:File not found: C:\Projetos_WEB\ERP_Importa\files\images\fundo8.jpg
ERPImporta.exe: 0000093C: 10:08:16 []:>--------------------------------------------------------------<
ERPImporta.exe: 0000093C: 10:08:16 [TUniServerModule]:Server First Init.
ERPImporta.exe: 0000093C: 10:08:16 [TUniServerModule]:Start Path = C:\Projetos_WEB\ERP_Importa\
ERPImporta.exe: 0000093C: 10:08:16 [TUniServerModule]:Debug Mode = ON
ERPImporta.exe: 0000093C: 10:08:16 [TUniServerModule]:Starting HTTP Server on Port: 8077...
ERPImporta.exe: 0000093C: 10:08:16 [TUniServerModule]:HTTP Server Started on Port: 8077
ERPImporta.exe: 00002C2C: 10:09:08 []:>--------------------------------------------------------------<
ERPImporta.exe: 00002C2C: 10:09:08 [TUniServerModule]:Server First Init.
ERPImporta.exe: 00002C2C: 10:09:08 [TUniServerModule]:Start Path = C:\Projetos_WEB\ERP_Importa\
ERPImporta.exe: 00002C2C: 10:09:08 [TUniServerModule]:Debug Mode = ON
ERPImporta.exe: 00002C2C: 10:09:08 [TUniGUISessionManager]:Cache erase job created, Folder count: [1]
ERPImporta.exe: 00002C2C: 10:09:09 [TUniServerModule]:Starting HTTP Server on Port: 8077...
ERPImporta.exe: 00002C2C: 10:09:09 [TUniServerModule]:HTTP Server Started on Port: 8077
ERPImporta.exe: 00003110: 10:09:51 []:>--------------------------------------------------------------<
ERPImporta.exe: 00003110: 10:09:51 [TUniServerModule]:Server First Init.
ERPImporta.exe: 00003110: 10:09:51 [TUniServerModule]:Start Path = C:\Projetos_WEB\ERP_Importa\
ERPImporta.exe: 00003110: 10:09:51 [TUniServerModule]:Debug Mode = ON
ERPImporta.exe: 00003110: 10:09:51 [TUniServerModule]:Starting HTTP Server on Port: 8077...
ERPImporta.exe: 00003110: 10:09:51 [TUniServerModule]:HTTP Server Started on Port: 8077
ERPImporta.exe: 00001474: 10:10:24 [HandleFileRequest[127.0.0.1]]:File not found: C:\Projetos_WEB\ERP_Importa\files\images\fundo8.jpg
ERPImporta.exe: 00003074: 10:10:53 []:>--------------------------------------------------------------<
ERPImporta.exe: 00003074: 10:10:53 [TUniServerModule]:Server First Init.
ERPImporta.exe: 00003074: 10:10:53 [TUniServerModule]:Start Path = C:\Projetos_WEB\ERP_Importa\
ERPImporta.exe: 00003074: 10:10:54 [TUniServerModule]:Debug Mode = ON
ERPImporta.exe: 00003074: 10:10:54 [TUniGUISessionManager]:Cache erase job created, Folder count: [1]
ERPImporta.exe: 00003074: 10:10:54 [TUniServerModule]:Starting HTTP Server on Port: 8077...
ERPImporta.exe: 00003074: 10:10:54 [TUniServerModule]:HTTP Server Started on Port: 8077
ERPImporta.exe: 00002998: 10:11:02 [HandleFileRequest[127.0.0.1]]:File not found: C:\Projetos_WEB\ERP_Importa\files\images\fundo8.jpg
ERPImporta.exe: 000023F0: 10:14:25 []:>--------------------------------------------------------------<
ERPImporta.exe: 000023F0: 10:14:25 [TUniServerModule]:Server First Init.
ERPImporta.exe: 000023F0: 10:14:25 [TUniServerModule]:Start Path = C:\Projetos_WEB\ERP_Importa\
ERPImporta.exe: 000023F0: 10:14:25 [TUniServerModule]:Debug Mode = ON
ERPImporta.exe: 000023F0: 10:14:25 [TUniServerModule]:Starting HTTP Server on Port: 8077...
ERPImporta.exe: 000023F0: 10:14:25 [TUniServerModule]:HTTP Server Started on Port: 8077
ERPImporta.exe: 0000189C: 10:15:40 []:>--------------------------------------------------------------<
ERPImporta.exe: 0000189C: 10:15:40 [TUniServerModule]:Server First Init.
ERPImporta.exe: 0000189C: 10:15:40 [TUniServerModule]:Start Path = C:\Projetos_WEB\ERP_Importa\
ERPImporta.exe: 0000189C: 10:15:40 [TUniServerModule]:Debug Mode = ON
ERPImporta.exe: 0000189C: 10:15:40 [TUniGUISessionManager]:Cache erase job created, Folder count: [1]
ERPImporta.exe: 0000189C: 10:15:40 [TUniServerModule]:Starting HTTP Server on Port: 8077...
ERPImporta.exe: 0000189C: 10:15:40 [TUniServerModule]:HTTP Server Started on Port: 8077
ERPImporta.exe: 00002EE8: 10:20:34 []:>--------------------------------------------------------------<
ERPImporta.exe: 00002EE8: 10:20:34 [TUniServerModule]:Server First Init.
ERPImporta.exe: 00002EE8: 10:20:34 [TUniServerModule]:Start Path = C:\Projetos_WEB\ERP_Importa\
ERPImporta.exe: 00002EE8: 10:20:34 [TUniServerModule]:Debug Mode = ON
ERPImporta.exe: 00002EE8: 10:20:34 [TUniGUISessionManager]:Cache erase job created, Folder count: [1]
ERPImporta.exe: 00002EE8: 10:20:34 [TUniServerModule]:Starting HTTP Server on Port: 8077...
ERPImporta.exe: 00002EE8: 10:20:35 [TUniServerModule]:HTTP Server Started on Port: 8077
ERPImporta.exe: 00002F24: 10:24:26 []:>--------------------------------------------------------------<
ERPImporta.exe: 00002F24: 10:24:26 [TUniServerModule]:Server First Init.
ERPImporta.exe: 00002F24: 10:24:26 [TUniServerModule]:Start Path = C:\Projetos_WEB\ERP_Importa\
ERPImporta.exe: 00002F24: 10:24:26 [TUniServerModule]:Debug Mode = ON
ERPImporta.exe: 00002F24: 10:24:26 [TUniGUISessionManager]:Cache erase job created, Folder count: [1]
ERPImporta.exe: 00002F24: 10:24:26 [TUniServerModule]:Starting HTTP Server on Port: 8077...
ERPImporta.exe: 00002F24: 10:24:27 [TUniServerModule]:HTTP Server Started on Port: 8077
ERPImporta.exe: 00002CF4: 10:27:09 []:>--------------------------------------------------------------<
ERPImporta.exe: 00002CF4: 10:27:09 [TUniServerModule]:Server First Init.
ERPImporta.exe: 00002CF4: 10:27:09 [TUniServerModule]:Start Path = C:\Projetos_WEB\ERP_Importa\
ERPImporta.exe: 00002CF4: 10:27:09 [TUniServerModule]:Debug Mode = ON
ERPImporta.exe: 00002CF4: 10:27:09 [TUniServerModule]:Starting HTTP Server on Port: 8077...
ERPImporta.exe: 00002CF4: 10:27:10 [TUniServerModule]:HTTP Server Started on Port: 8077
ERPImporta.exe: 00000A00: 10:27:19 [HandleFileRequest[127.0.0.1]]:File not found: C:\Projetos_WEB\ERP_Importa\files\images\fundo8.jpg
ERPImporta.exe: 00000B74: 10:28:30 []:>--------------------------------------------------------------<
ERPImporta.exe: 00000B74: 10:28:30 [TUniServerModule]:Server First Init.
ERPImporta.exe: 00000B74: 10:28:30 [TUniServerModule]:Start Path = C:\Projetos_WEB\ERP_Importa\
ERPImporta.exe: 00000B74: 10:28:30 [TUniServerModule]:Debug Mode = ON
ERPImporta.exe: 00000B74: 10:28:31 [TUniServerModule]:Starting HTTP Server on Port: 8077...
ERPImporta.exe: 00000B74: 10:28:31 [TUniServerModule]:HTTP Server Started on Port: 8077
ERPImporta.exe: 00001890: 10:29:40 []:>--------------------------------------------------------------<
ERPImporta.exe: 00001890: 10:29:40 [TUniServerModule]:Server First Init.
ERPImporta.exe: 00001890: 10:29:40 [TUniServerModule]:Start Path = C:\Projetos_WEB\ERP_Importa\
ERPImporta.exe: 00001890: 10:29:40 [TUniServerModule]:Debug Mode = ON
ERPImporta.exe: 00001890: 10:29:40 [TUniServerModule]:Starting HTTP Server on Port: 8077...
ERPImporta.exe: 00001890: 10:29:40 [TUniServerModule]:HTTP Server Started on Port: 8077
ERPImporta.exe: 00003060: 10:30:35 []:>--------------------------------------------------------------<
ERPImporta.exe: 00003060: 10:30:35 [TUniServerModule]:Server First Init.
ERPImporta.exe: 00003060: 10:30:35 [TUniServerModule]:Start Path = C:\Projetos_WEB\ERP_Importa\
ERPImporta.exe: 00003060: 10:30:35 [TUniServerModule]:Debug Mode = ON
ERPImporta.exe: 00003060: 10:30:35 [TUniServerModule]:Starting HTTP Server on Port: 8077...
ERPImporta.exe: 00003060: 10:30:35 [TUniServerModule]:HTTP Server Started on Port: 8077
ERPImporta.exe: 0000213C: 10:30:43 [HandleFileRequest[127.0.0.1]]:File not found: C:\Projetos_WEB\ERP_Importa\files\images\fundo8.jpg
ERPImporta.exe: 00001F70: 11:18:57 []:>--------------------------------------------------------------<
ERPImporta.exe: 00001F70: 11:18:57 [TUniServerModule]:Server First Init.
ERPImporta.exe: 00001F70: 11:18:57 [TUniServerModule]:Start Path = C:\Projetos_WEB\ERP_Importa\
ERPImporta.exe: 00001F70: 11:18:57 [TUniGUISessionManager]:Cache erase job created, Folder count: [1]
ERPImporta.exe: 00001F70: 11:18:57 [TUniServerModule]:Starting HTTP Server on Port: 8077...
ERPImporta.exe: 00001F70: 11:18:57 [TUniServerModule]:HTTP Server Started on Port: 8077
ERPImporta.exe: 00001FF4: 11:19:34 []:>--------------------------------------------------------------<
ERPImporta.exe: 00001FF4: 11:19:34 [TUniServerModule]:Server First Init.
ERPImporta.exe: 00001FF4: 11:19:34 [TUniServerModule]:Start Path = C:\Projetos_WEB\ERP_Importa\
ERPImporta.exe: 00001FF4: 11:19:34 [TUniServerModule]:Debug Mode = ON
ERPImporta.exe: 00001FF4: 11:19:34 [TUniServerModule]:Starting HTTP Server on Port: 8077...
ERPImporta.exe: 00001FF4: 11:19:34 [InitWebServer]:EIdCouldNotBindSocket : Could not bind socket. : Addr: $006BC3A7
ERPImporta.exe: 00001F34: 11:19:42 [HandleFileRequest[127.0.0.1]]:File not found: C:\Projetos_WEB\ERP_Importa\files\images\fundo8.jpg
ERPImporta.exe: 00002FA0: 11:23:14 []:>--------------------------------------------------------------<
ERPImporta.exe: 00002FA0: 11:23:14 [TUniServerModule]:Server First Init.
ERPImporta.exe: 00002FA0: 11:23:14 [TUniServerModule]:Start Path = C:\Projetos_WEB\ERP_Importa\
ERPImporta.exe: 00002FA0: 11:23:14 [TUniServerModule]:Debug Mode = ON
ERPImporta.exe: 00002FA0: 11:23:14 [TUniServerModule]:Starting HTTP Server on Port: 8077...
ERPImporta.exe: 00002FA0: 11:23:14 [TUniServerModule]:HTTP Server Started on Port: 8077
ERPImporta.exe: 000016DC: 11:27:39 []:>--------------------------------------------------------------<
ERPImporta.exe: 000016DC: 11:27:39 [TUniServerModule]:Server First Init.
ERPImporta.exe: 000016DC: 11:27:39 [TUniServerModule]:Start Path = C:\Projetos_WEB\ERP_Importa\
ERPImporta.exe: 000016DC: 11:27:39 [TUniServerModule]:Debug Mode = ON
ERPImporta.exe: 000016DC: 11:27:39 [TUniServerModule]:Starting HTTP Server on Port: 8077...
ERPImporta.exe: 000016DC: 11:27:40 [TUniServerModule]:HTTP Server Started on Port: 8077
ERPImporta.exe: 000010A0: 11:32:18 []:>--------------------------------------------------------------<
ERPImporta.exe: 000010A0: 11:32:18 [TUniServerModule]:Server First Init.
ERPImporta.exe: 000010A0: 11:32:18 [TUniServerModule]:Start Path = C:\Projetos_WEB\ERP_Importa\
ERPImporta.exe: 000010A0: 11:32:18 [TUniServerModule]:Debug Mode = ON
ERPImporta.exe: 000010A0: 11:32:18 [TUniServerModule]:Starting HTTP Server on Port: 8077...
ERPImporta.exe: 000010A0: 11:32:18 [TUniServerModule]:HTTP Server Started on Port: 8077
ERPImporta.exe: 00001D90: 11:55:32 []:>--------------------------------------------------------------<
ERPImporta.exe: 00001D90: 11:55:32 [TUniServerModule]:Server First Init.
ERPImporta.exe: 00001D90: 11:55:32 [TUniServerModule]:Start Path = C:\Projetos_WEB\ERP_Importa\
ERPImporta.exe: 00001D90: 11:55:32 [TUniServerModule]:Debug Mode = ON
ERPImporta.exe: 00001D90: 11:55:33 [TUniServerModule]:Starting HTTP Server on Port: 8077...
ERPImporta.exe: 00001D90: 11:55:33 [TUniServerModule]:HTTP Server Started on Port: 8077
ERPImporta.exe: 000004B0: 11:56:41 []:>--------------------------------------------------------------<
ERPImporta.exe: 000004B0: 11:56:41 [TUniServerModule]:Server First Init.
ERPImporta.exe: 000004B0: 11:56:41 [TUniServerModule]:Start Path = C:\Projetos_WEB\ERP_Importa\
ERPImporta.exe: 000004B0: 11:56:41 [TUniServerModule]:Debug Mode = ON
ERPImporta.exe: 000004B0: 11:56:41 [TUniServerModule]:Starting HTTP Server on Port: 8077...
ERPImporta.exe: 000004B0: 11:56:41 [TUniServerModule]:HTTP Server Started on Port: 8077
ERPImporta.exe: 000016EC: 11:58:32 []:>--------------------------------------------------------------<
ERPImporta.exe: 000016EC: 11:58:32 [TUniServerModule]:Server First Init.
ERPImporta.exe: 000016EC: 11:58:32 [TUniServerModule]:Start Path = C:\Projetos_WEB\ERP_Importa\
ERPImporta.exe: 000016EC: 11:58:32 [TUniServerModule]:Debug Mode = ON
ERPImporta.exe: 000016EC: 11:58:33 [TUniServerModule]:Starting HTTP Server on Port: 8077...
ERPImporta.exe: 000016EC: 11:58:33 [TUniServerModule]:HTTP Server Started on Port: 8077
ERPImporta.exe: 00003560: 11:59:35 []:>--------------------------------------------------------------<
ERPImporta.exe: 00003560: 11:59:35 [TUniServerModule]:Server First Init.
ERPImporta.exe: 00003560: 11:59:35 [TUniServerModule]:Start Path = C:\Projetos_WEB\ERP_Importa\
ERPImporta.exe: 00003560: 11:59:35 [TUniServerModule]:Debug Mode = ON
ERPImporta.exe: 00003560: 11:59:36 [TUniServerModule]:Starting HTTP Server on Port: 8077...
ERPImporta.exe: 00003560: 11:59:36 [TUniServerModule]:HTTP Server Started on Port: 8077
ERPImporta.exe: 000021DC: 17:18:15 []:>--------------------------------------------------------------<
ERPImporta.exe: 000021DC: 17:18:15 [TUniServerModule]:Server First Init.
ERPImporta.exe: 000021DC: 17:18:15 [TUniServerModule]:Start Path = C:\Projetos_WEB\ERP_Importa\
ERPImporta.exe: 000021DC: 17:18:15 [TUniServerModule]:Debug Mode = ON
ERPImporta.exe: 000021DC: 17:18:15 [TUniServerModule]:Starting HTTP Server on Port: 8077...
ERPImporta.exe: 000021DC: 17:18:15 [TUniServerModule]:HTTP Server Started on Port: 8077
ERPImporta.exe: 00003304: 17:18:32 [TUniGUIServerModule.AppHandleException-127.0.0.1]:EAbort : Operation aborted : Addr: $00BB2F05
ERPImporta.exe: 00002CD4: 17:18:52 []:>--------------------------------------------------------------<
ERPImporta.exe: 00002CD4: 17:18:52 [TUniServerModule]:Server First Init.
ERPImporta.exe: 00002CD4: 17:18:52 [TUniServerModule]:Start Path = C:\Projetos_WEB\ERP_Importa\
ERPImporta.exe: 00002CD4: 17:18:52 [TUniServerModule]:Debug Mode = ON
ERPImporta.exe: 00002CD4: 17:18:52 [TUniGUISessionManager]:Cache erase job created, Folder count: [1]
ERPImporta.exe: 00002CD4: 17:18:52 [TUniServerModule]:Starting HTTP Server on Port: 8077...
ERPImporta.exe: 00002CD4: 17:18:53 [TUniServerModule]:HTTP Server Started on Port: 8077
ERPImporta.exe: 00001D90: 17:19:12 [TUniGUIServerModule.AppHandleException-127.0.0.1]:EAbort : Operation aborted : Addr: $00BB2F05
ERPImporta.exe: 00003F44: 17:20:25 []:>--------------------------------------------------------------<
ERPImporta.exe: 00003F44: 17:20:25 [TUniServerModule]:Server First Init.
ERPImporta.exe: 00003F44: 17:20:25 [TUniServerModule]:Start Path = C:\Projetos_WEB\ERP_Importa\
ERPImporta.exe: 00003F44: 17:20:25 [TUniServerModule]:Debug Mode = ON
ERPImporta.exe: 00003F44: 17:20:25 [TUniGUISessionManager]:Cache erase job created, Folder count: [1]
ERPImporta.exe: 00003F44: 17:20:25 [TUniServerModule]:Starting HTTP Server on Port: 8077...
ERPImporta.exe: 00003F44: 17:20:25 [TUniServerModule]:HTTP Server Started on Port: 8077
ERPImporta.exe: 00003F80: 17:24:37 []:>--------------------------------------------------------------<
ERPImporta.exe: 00003F80: 17:24:37 [TUniServerModule]:Server First Init.
ERPImporta.exe: 00003F80: 17:24:37 [TUniServerModule]:Start Path = C:\Projetos_WEB\ERP_Importa\
ERPImporta.exe: 00003F80: 17:24:38 [TUniServerModule]:Debug Mode = ON
ERPImporta.exe: 00003F80: 17:24:38 [TUniServerModule]:Starting HTTP Server on Port: 8077...
ERPImporta.exe: 00003F80: 17:24:38 [TUniServerModule]:HTTP Server Started on Port: 8077
ERPImporta.exe: 00001098: 17:26:35 []:>--------------------------------------------------------------<
ERPImporta.exe: 00001098: 17:26:35 [TUniServerModule]:Server First Init.
ERPImporta.exe: 00001098: 17:26:35 [TUniServerModule]:Start Path = C:\Projetos_WEB\ERP_Importa\
ERPImporta.exe: 00001098: 17:26:35 [TUniServerModule]:Debug Mode = ON
ERPImporta.exe: 00001098: 17:26:36 [TUniServerModule]:Starting HTTP Server on Port: 8077...
ERPImporta.exe: 00001098: 17:26:36 [TUniServerModule]:HTTP Server Started on Port: 8077
ERPImporta.exe: 000040C8: 17:27:30 []:>--------------------------------------------------------------<
ERPImporta.exe: 000040C8: 17:27:30 [TUniServerModule]:Server First Init.
ERPImporta.exe: 000040C8: 17:27:30 [TUniServerModule]:Start Path = C:\Projetos_WEB\ERP_Importa\
ERPImporta.exe: 000040C8: 17:27:30 [TUniServerModule]:Debug Mode = ON
ERPImporta.exe: 000040C8: 17:27:30 [TUniServerModule]:Starting HTTP Server on Port: 8077...
ERPImporta.exe: 000040C8: 17:27:30 [TUniServerModule]:HTTP Server Started on Port: 8077
ERPImporta.exe: 00002D34: 17:28:59 []:>--------------------------------------------------------------<
ERPImporta.exe: 00002D34: 17:28:59 [TUniServerModule]:Server First Init.
ERPImporta.exe: 00002D34: 17:28:59 [TUniServerModule]:Start Path = C:\Projetos_WEB\ERP_Importa\
ERPImporta.exe: 00002D34: 17:28:59 [TUniServerModule]:Debug Mode = ON
ERPImporta.exe: 00002D34: 17:28:59 [TUniServerModule]:Starting HTTP Server on Port: 8077...
ERPImporta.exe: 00002D34: 17:28:59 [TUniServerModule]:HTTP Server Started on Port: 8077
ERPImporta.exe: 00002A04: 17:29:47 []:>--------------------------------------------------------------<
ERPImporta.exe: 00002A04: 17:29:47 [TUniServerModule]:Server First Init.
ERPImporta.exe: 00002A04: 17:29:47 [TUniServerModule]:Start Path = C:\Projetos_WEB\ERP_Importa\
ERPImporta.exe: 00002A04: 17:29:47 [TUniServerModule]:Debug Mode = ON
ERPImporta.exe: 00002A04: 17:29:47 [TUniServerModule]:Starting HTTP Server on Port: 8077...
ERPImporta.exe: 00002A04: 17:29:47 [TUniServerModule]:HTTP Server Started on Port: 8077
ERPImporta.exe: 000040C0: 17:30:18 []:>--------------------------------------------------------------<
ERPImporta.exe: 000040C0: 17:30:18 [TUniServerModule]:Server First Init.
ERPImporta.exe: 000040C0: 17:30:18 [TUniServerModule]:Start Path = C:\Projetos_WEB\ERP_Importa\
ERPImporta.exe: 000040C0: 17:30:18 [TUniServerModule]:Debug Mode = ON
ERPImporta.exe: 000040C0: 17:30:18 [TUniServerModule]:Starting HTTP Server on Port: 8077...
ERPImporta.exe: 000040C0: 17:30:18 [TUniServerModule]:HTTP Server Started on Port: 8077
ERPImporta.exe: 00000E70: 17:32:51 []:>--------------------------------------------------------------<
ERPImporta.exe: 00000E70: 17:32:51 [TUniServerModule]:Server First Init.
ERPImporta.exe: 00000E70: 17:32:51 [TUniServerModule]:Start Path = C:\Projetos_WEB\ERP_Importa\
ERPImporta.exe: 00000E70: 17:32:51 [TUniServerModule]:Debug Mode = ON
ERPImporta.exe: 00000E70: 17:32:51 [TUniServerModule]:Starting HTTP Server on Port: 8077...
ERPImporta.exe: 00000E70: 17:32:51 [TUniServerModule]:HTTP Server Started on Port: 8077
ERPImporta.exe: 00004208: 17:34:53 []:>--------------------------------------------------------------<
ERPImporta.exe: 00004208: 17:34:53 [TUniServerModule]:Server First Init.
ERPImporta.exe: 00004208: 17:34:53 [TUniServerModule]:Start Path = C:\Projetos_WEB\ERP_Importa\
ERPImporta.exe: 00004208: 17:34:53 [TUniServerModule]:Debug Mode = ON
ERPImporta.exe: 00004208: 17:34:53 [TUniServerModule]:Starting HTTP Server on Port: 8077...
ERPImporta.exe: 00004208: 17:34:53 [TUniServerModule]:HTTP Server Started on Port: 8077
ERPImporta.exe: 00002AF4: 17:36:04 []:>--------------------------------------------------------------<
ERPImporta.exe: 00002AF4: 17:36:04 [TUniServerModule]:Server First Init.
ERPImporta.exe: 00002AF4: 17:36:04 [TUniServerModule]:Start Path = C:\Projetos_WEB\ERP_Importa\
ERPImporta.exe: 00002AF4: 17:36:04 [TUniServerModule]:Debug Mode = ON
ERPImporta.exe: 00002AF4: 17:36:04 [TUniServerModule]:Starting HTTP Server on Port: 8077...
ERPImporta.exe: 00002AF4: 17:36:04 [TUniServerModule]:HTTP Server Started on Port: 8077
ERPImporta.exe: 00002710: 17:37:41 []:>--------------------------------------------------------------<
ERPImporta.exe: 00002710: 17:37:41 [TUniServerModule]:Server First Init.
ERPImporta.exe: 00002710: 17:37:41 [TUniServerModule]:Start Path = C:\Projetos_WEB\ERP_Importa\
ERPImporta.exe: 00002710: 17:37:41 [TUniServerModule]:Debug Mode = ON
ERPImporta.exe: 00002710: 17:37:41 [TUniServerModule]:Starting HTTP Server on Port: 8077...
ERPImporta.exe: 00002710: 17:37:41 [TUniServerModule]:HTTP Server Started on Port: 8077
ERPImporta.exe: 00002324: 17:37:48 [HandleFileRequest[127.0.0.1]]:File not found: C:\Projetos_WEB\ERP_Importa\files\images\fundo8.jpg
ERPImporta.exe: 000022D8: 17:38:19 []:>--------------------------------------------------------------<
ERPImporta.exe: 000022D8: 17:38:19 [TUniServerModule]:Server First Init.
ERPImporta.exe: 000022D8: 17:38:19 [TUniServerModule]:Start Path = C:\Projetos_WEB\ERP_Importa\
ERPImporta.exe: 000022D8: 17:38:19 [TUniServerModule]:Debug Mode = ON
ERPImporta.exe: 000022D8: 17:38:19 [TUniServerModule]:Starting HTTP Server on Port: 8077...
ERPImporta.exe: 000022D8: 17:38:19 [TUniServerModule]:HTTP Server Started on Port: 8077
ERPImporta.exe: 00003FF4: 17:41:15 []:>--------------------------------------------------------------<
ERPImporta.exe: 00003FF4: 17:41:15 [TUniServerModule]:Server First Init.
ERPImporta.exe: 00003FF4: 17:41:15 [TUniServerModule]:Start Path = C:\Projetos_WEB\ERP_Importa\
ERPImporta.exe: 00003FF4: 17:41:15 [TUniServerModule]:Debug Mode = ON
ERPImporta.exe: 00003FF4: 17:41:15 [TUniServerModule]:Starting HTTP Server on Port: 8077...
ERPImporta.exe: 00003FF4: 17:41:15 [TUniServerModule]:HTTP Server Started on Port: 8077
ERPImporta.exe: 00003DB8: 17:41:25 [HandleFileRequest[127.0.0.1]]:File not found: C:\Projetos_WEB\ERP_Importa\files\images\fundo8.jpg
ERPImporta.exe: 00001460: 17:42:14 []:>--------------------------------------------------------------<
ERPImporta.exe: 00001460: 17:42:14 [TUniServerModule]:Server First Init.
ERPImporta.exe: 00001460: 17:42:14 [TUniServerModule]:Start Path = C:\Projetos_WEB\ERP_Importa\
ERPImporta.exe: 00001460: 17:42:14 [TUniServerModule]:Debug Mode = ON
ERPImporta.exe: 00001460: 17:42:14 [TUniServerModule]:Starting HTTP Server on Port: 8077...
ERPImporta.exe: 00001460: 17:42:14 [TUniServerModule]:HTTP Server Started on Port: 8077
ERPImporta.exe: 000027DC: 17:42:24 [HandleFileRequest[127.0.0.1]]:File not found: C:\Projetos_WEB\ERP_Importa\files\images\fundo8.jpg
ERPImporta.exe: 00003B70: 17:42:54 []:>--------------------------------------------------------------<
ERPImporta.exe: 00003B70: 17:42:54 [TUniServerModule]:Server First Init.
ERPImporta.exe: 00003B70: 17:42:54 [TUniServerModule]:Start Path = C:\Projetos_WEB\ERP_Importa\
ERPImporta.exe: 00003B70: 17:42:54 [TUniServerModule]:Debug Mode = ON
ERPImporta.exe: 00003B70: 17:42:54 [TUniGUISessionManager]:Cache erase job created, Folder count: [1]
ERPImporta.exe: 00003B70: 17:42:54 [TUniServerModule]:Starting HTTP Server on Port: 8077...
ERPImporta.exe: 00003B70: 17:42:54 [TUniServerModule]:HTTP Server Started on Port: 8077
ERPImporta.exe: 00004204: 17:43:01 [HandleFileRequest[127.0.0.1]]:File not found: C:\Projetos_WEB\ERP_Importa\files\images\fundo8.jpg
ERPImporta.exe: 00001B68: 17:43:42 []:>--------------------------------------------------------------<
ERPImporta.exe: 00001B68: 17:43:42 [TUniServerModule]:Server First Init.
ERPImporta.exe: 00001B68: 17:43:42 [TUniServerModule]:Start Path = C:\Projetos_WEB\ERP_Importa\
ERPImporta.exe: 00001B68: 17:43:42 [TUniServerModule]:Debug Mode = ON
ERPImporta.exe: 00001B68: 17:43:42 [TUniGUISessionManager]:Cache erase job created, Folder count: [1]
ERPImporta.exe: 00001B68: 17:43:43 [TUniServerModule]:Starting HTTP Server on Port: 8077...
ERPImporta.exe: 00001B68: 17:43:43 [TUniServerModule]:HTTP Server Started on Port: 8077
ERPImporta.exe: 00002074: 17:43:53 [HandleFileRequest[127.0.0.1]]:File not found: C:\Projetos_WEB\ERP_Importa\files\images\fundo8.jpg
ERPImporta.exe: 00003E58: 17:44:35 []:>--------------------------------------------------------------<
ERPImporta.exe: 00003E58: 17:44:35 [TUniServerModule]:Server First Init.
ERPImporta.exe: 00003E58: 17:44:35 [TUniServerModule]:Start Path = C:\Projetos_WEB\ERP_Importa\
ERPImporta.exe: 00003E58: 17:44:35 [TUniServerModule]:Debug Mode = ON
ERPImporta.exe: 00003E58: 17:44:35 [TUniGUISessionManager]:Cache erase job created, Folder count: [1]
ERPImporta.exe: 00003E58: 17:44:35 [TUniServerModule]:Starting HTTP Server on Port: 8077...
ERPImporta.exe: 00003E58: 17:44:35 [TUniServerModule]:HTTP Server Started on Port: 8077
ERPImporta.exe: 00003FDC: 17:46:08 []:>--------------------------------------------------------------<
ERPImporta.exe: 00003FDC: 17:46:08 [TUniServerModule]:Server First Init.
ERPImporta.exe: 00003FDC: 17:46:08 [TUniServerModule]:Start Path = C:\Projetos_WEB\ERP_Importa\
ERPImporta.exe: 00003FDC: 17:46:08 [TUniServerModule]:Debug Mode = ON
ERPImporta.exe: 00003FDC: 17:46:09 [TUniServerModule]:Starting HTTP Server on Port: 8077...
ERPImporta.exe: 00003FDC: 17:46:09 [TUniServerModule]:HTTP Server Started on Port: 8077
ERPImporta.exe: 00003F5C: 17:46:36 []:>--------------------------------------------------------------<
ERPImporta.exe: 00003F5C: 17:46:36 [TUniServerModule]:Server First Init.
ERPImporta.exe: 00003F5C: 17:46:36 [TUniServerModule]:Start Path = C:\Projetos_WEB\ERP_Importa\
ERPImporta.exe: 00003F5C: 17:46:36 [TUniServerModule]:Debug Mode = ON
ERPImporta.exe: 00003F5C: 17:46:36 [TUniGUISessionManager]:Cache erase job created, Folder count: [1]
ERPImporta.exe: 00003F5C: 17:46:36 [TUniServerModule]:Starting HTTP Server on Port: 8077...
ERPImporta.exe: 00003F5C: 17:46:36 [TUniServerModule]:HTTP Server Started on Port: 8077
ERPImporta.exe: 00003CCC: 17:47:22 []:>--------------------------------------------------------------<
ERPImporta.exe: 00003CCC: 17:47:22 [TUniServerModule]:Server First Init.
ERPImporta.exe: 00003CCC: 17:47:22 [TUniServerModule]:Start Path = C:\Projetos_WEB\ERP_Importa\
ERPImporta.exe: 00003CCC: 17:47:22 [TUniServerModule]:Debug Mode = ON
ERPImporta.exe: 00003CCC: 17:47:22 [TUniGUISessionManager]:Cache erase job created, Folder count: [1]
ERPImporta.exe: 00003CCC: 17:47:22 [TUniServerModule]:Starting HTTP Server on Port: 8077...
ERPImporta.exe: 00003CCC: 17:47:22 [TUniServerModule]:HTTP Server Started on Port: 8077
ERPImporta.exe: 00003D18: 17:49:07 []:>--------------------------------------------------------------<
ERPImporta.exe: 00003D18: 17:49:07 [TUniServerModule]:Server First Init.
ERPImporta.exe: 00003D18: 17:49:07 [TUniServerModule]:Start Path = C:\Projetos_WEB\ERP_Importa\
ERPImporta.exe: 00003D18: 17:49:07 [TUniServerModule]:Debug Mode = ON
ERPImporta.exe: 00003D18: 17:49:07 [TUniGUISessionManager]:Cache erase job created, Folder count: [1]
ERPImporta.exe: 00003D18: 17:49:07 [TUniServerModule]:Starting HTTP Server on Port: 8077...
ERPImporta.exe: 00003D18: 17:49:07 [TUniServerModule]:HTTP Server Started on Port: 8077
ERPImporta.exe: 00001B30: 17:50:31 []:>--------------------------------------------------------------<
ERPImporta.exe: 00001B30: 17:50:31 [TUniServerModule]:Server First Init.
ERPImporta.exe: 00001B30: 17:50:31 [TUniServerModule]:Start Path = C:\Projetos_WEB\ERP_Importa\
ERPImporta.exe: 00001B30: 17:50:31 [TUniServerModule]:Debug Mode = ON
ERPImporta.exe: 00001B30: 17:50:31 [TUniServerModule]:Starting HTTP Server on Port: 8077...
ERPImporta.exe: 00001B30: 17:50:31 [TUniServerModule]:HTTP Server Started on Port: 8077
ERPImporta.exe: 000033D0: 17:51:24 []:>--------------------------------------------------------------<
ERPImporta.exe: 000033D0: 17:51:24 [TUniServerModule]:Server First Init.
ERPImporta.exe: 000033D0: 17:51:24 [TUniServerModule]:Start Path = C:\Projetos_WEB\ERP_Importa\
ERPImporta.exe: 000033D0: 17:51:24 [TUniServerModule]:Debug Mode = ON
ERPImporta.exe: 000033D0: 17:51:24 [TUniGUISessionManager]:Cache erase job created, Folder count: [1]
ERPImporta.exe: 000033D0: 17:51:25 [TUniServerModule]:Starting HTTP Server on Port: 8077...
ERPImporta.exe: 000033D0: 17:51:25 [TUniServerModule]:HTTP Server Started on Port: 8077
ERPImporta.exe: 0000021C: 17:52:38 []:>--------------------------------------------------------------<
ERPImporta.exe: 0000021C: 17:52:38 [TUniServerModule]:Server First Init.
ERPImporta.exe: 0000021C: 17:52:38 [TUniServerModule]:Start Path = C:\Projetos_WEB\ERP_Importa\
ERPImporta.exe: 0000021C: 17:52:38 [TUniServerModule]:Debug Mode = ON
ERPImporta.exe: 0000021C: 17:52:38 [TUniServerModule]:Starting HTTP Server on Port: 8077...
ERPImporta.exe: 0000021C: 17:52:38 [TUniServerModule]:HTTP Server Started on Port: 8077
ERPImporta.exe: 0000195C: 17:53:43 []:>--------------------------------------------------------------<
ERPImporta.exe: 0000195C: 17:53:43 [TUniServerModule]:Server First Init.
ERPImporta.exe: 0000195C: 17:53:43 [TUniServerModule]:Start Path = C:\Projetos_WEB\ERP_Importa\
ERPImporta.exe: 0000195C: 17:53:43 [TUniServerModule]:Debug Mode = ON
ERPImporta.exe: 0000195C: 17:53:43 [TUniServerModule]:Starting HTTP Server on Port: 8077...
ERPImporta.exe: 0000195C: 17:53:43 [TUniServerModule]:HTTP Server Started on Port: 8077
ERPImporta.exe: 0000128C: 17:54:43 []:>--------------------------------------------------------------<
ERPImporta.exe: 0000128C: 17:54:43 [TUniServerModule]:Server First Init.
ERPImporta.exe: 0000128C: 17:54:43 [TUniServerModule]:Start Path = C:\Projetos_WEB\ERP_Importa\
ERPImporta.exe: 0000128C: 17:54:43 [TUniServerModule]:Debug Mode = ON
ERPImporta.exe: 0000128C: 17:54:44 [TUniServerModule]:Starting HTTP Server on Port: 8077...
ERPImporta.exe: 0000128C: 17:54:44 [TUniServerModule]:HTTP Server Started on Port: 8077
ERPImporta.exe: 000008F4: 17:56:07 []:>--------------------------------------------------------------<
ERPImporta.exe: 000008F4: 17:56:07 [TUniServerModule]:Server First Init.
ERPImporta.exe: 000008F4: 17:56:07 [TUniServerModule]:Start Path = C:\Projetos_WEB\ERP_Importa\
ERPImporta.exe: 000008F4: 17:56:07 [TUniServerModule]:Debug Mode = ON
ERPImporta.exe: 000008F4: 17:56:07 [TUniGUISessionManager]:Cache erase job created, Folder count: [1]
ERPImporta.exe: 000008F4: 17:56:07 [TUniServerModule]:Starting HTTP Server on Port: 8077...
ERPImporta.exe: 000008F4: 17:56:07 [TUniServerModule]:HTTP Server Started on Port: 8077
ERPImporta.exe: 00003758: 17:56:57 []:>--------------------------------------------------------------<
ERPImporta.exe: 00003758: 17:56:57 [TUniServerModule]:Server First Init.
ERPImporta.exe: 00003758: 17:56:57 [TUniServerModule]:Start Path = C:\Projetos_WEB\ERP_Importa\
ERPImporta.exe: 00003758: 17:56:57 [TUniServerModule]:Debug Mode = ON
ERPImporta.exe: 00003758: 17:56:57 [TUniServerModule]:Starting HTTP Server on Port: 8077...
ERPImporta.exe: 00003758: 17:56:57 [TUniServerModule]:HTTP Server Started on Port: 8077
ERPImporta.exe: 00003D8C: 17:58:35 []:>--------------------------------------------------------------<
ERPImporta.exe: 00003D8C: 17:58:35 [TUniServerModule]:Server First Init.
ERPImporta.exe: 00003D8C: 17:58:35 [TUniServerModule]:Start Path = C:\Projetos_WEB\ERP_Importa\
ERPImporta.exe: 00003D8C: 17:58:35 [TUniServerModule]:Debug Mode = ON
ERPImporta.exe: 00003D8C: 17:58:36 [TUniServerModule]:Starting HTTP Server on Port: 8077...
ERPImporta.exe: 00003D8C: 17:58:36 [TUniServerModule]:HTTP Server Started on Port: 8077
ERPImporta.exe: 0000324C: 18:00:26 []:>--------------------------------------------------------------<
ERPImporta.exe: 0000324C: 18:00:26 [TUniServerModule]:Server First Init.
ERPImporta.exe: 0000324C: 18:00:26 [TUniServerModule]:Start Path = C:\Projetos_WEB\ERP_Importa\
ERPImporta.exe: 0000324C: 18:00:26 [TUniServerModule]:Debug Mode = ON
ERPImporta.exe: 0000324C: 18:00:26 [TUniGUISessionManager]:Cache erase job created, Folder count: [1]
ERPImporta.exe: 0000324C: 18:00:26 [TUniServerModule]:Starting HTTP Server on Port: 8077...
ERPImporta.exe: 0000324C: 18:00:26 [TUniServerModule]:HTTP Server Started on Port: 8077
ERPImporta.exe: 00001418: 18:00:54 []:>--------------------------------------------------------------<
ERPImporta.exe: 00001418: 18:00:54 [TUniServerModule]:Server First Init.
ERPImporta.exe: 00001418: 18:00:54 [TUniServerModule]:Start Path = C:\Projetos_WEB\ERP_Importa\
ERPImporta.exe: 00001418: 18:00:54 [TUniServerModule]:Debug Mode = ON
ERPImporta.exe: 00001418: 18:00:54 [TUniServerModule]:Starting HTTP Server on Port: 8077...
ERPImporta.exe: 00001418: 18:00:54 [TUniServerModule]:HTTP Server Started on Port: 8077
ERPImporta.exe: 000026A0: 18:01:41 []:>--------------------------------------------------------------<
ERPImporta.exe: 000026A0: 18:01:41 [TUniServerModule]:Server First Init.
ERPImporta.exe: 000026A0: 18:01:41 [TUniServerModule]:Start Path = C:\Projetos_WEB\ERP_Importa\
ERPImporta.exe: 000026A0: 18:01:41 [TUniServerModule]:Debug Mode = ON
ERPImporta.exe: 000026A0: 18:01:41 [TUniServerModule]:Starting HTTP Server on Port: 8077...
ERPImporta.exe: 000026A0: 18:01:41 [TUniServerModule]:HTTP Server Started on Port: 8077
ERPImporta.exe: 00003F08: 18:02:33 []:>--------------------------------------------------------------<
ERPImporta.exe: 00003F08: 18:02:33 [TUniServerModule]:Server First Init.
ERPImporta.exe: 00003F08: 18:02:33 [TUniServerModule]:Start Path = C:\Projetos_WEB\ERP_Importa\
ERPImporta.exe: 00003F08: 18:02:33 [TUniServerModule]:Debug Mode = ON
ERPImporta.exe: 00003F08: 18:02:34 [TUniServerModule]:Starting HTTP Server on Port: 8077...
ERPImporta.exe: 00003F08: 18:02:34 [TUniServerModule]:HTTP Server Started on Port: 8077
ERPImporta.exe: 00000218: 18:03:06 []:>--------------------------------------------------------------<
ERPImporta.exe: 00000218: 18:03:06 [TUniServerModule]:Server First Init.
ERPImporta.exe: 00000218: 18:03:06 [TUniServerModule]:Start Path = C:\Projetos_WEB\ERP_Importa\
ERPImporta.exe: 00000218: 18:03:06 [TUniServerModule]:Debug Mode = ON
ERPImporta.exe: 00000218: 18:03:06 [TUniServerModule]:Starting HTTP Server on Port: 8077...
ERPImporta.exe: 00000218: 18:03:06 [TUniServerModule]:HTTP Server Started on Port: 8077
ERPImporta.exe: 0000280C: 18:09:13 []:>--------------------------------------------------------------<
ERPImporta.exe: 0000280C: 18:09:13 [TUniServerModule]:Server First Init.
ERPImporta.exe: 0000280C: 18:09:13 [TUniServerModule]:Start Path = C:\Projetos_WEB\ERP_Importa\
ERPImporta.exe: 0000280C: 18:09:13 [TUniServerModule]:Debug Mode = ON
ERPImporta.exe: 0000280C: 18:09:13 [TUniGUISessionManager]:Cache erase job created, Folder count: [1]
ERPImporta.exe: 0000280C: 18:09:13 [TUniServerModule]:Starting HTTP Server on Port: 8077...
ERPImporta.exe: 0000280C: 18:09:14 [TUniServerModule]:HTTP Server Started on Port: 8077
ERPImporta.exe: 00003F3C: 18:09:54 []:>--------------------------------------------------------------<
ERPImporta.exe: 00003F3C: 18:09:54 [TUniServerModule]:Server First Init.
ERPImporta.exe: 00003F3C: 18:09:54 [TUniServerModule]:Start Path = C:\Projetos_WEB\ERP_Importa\
ERPImporta.exe: 00003F3C: 18:09:54 [TUniServerModule]:Debug Mode = ON
ERPImporta.exe: 00003F3C: 18:09:54 [TUniServerModule]:Starting HTTP Server on Port: 8077...
ERPImporta.exe: 00003F3C: 18:09:54 [TUniServerModule]:HTTP Server Started on Port: 8077
ERPImporta.exe: 00003D4C: 18:12:02 []:>--------------------------------------------------------------<
ERPImporta.exe: 00003D4C: 18:12:02 [TUniServerModule]:Server First Init.
ERPImporta.exe: 00003D4C: 18:12:02 [TUniServerModule]:Start Path = C:\Projetos_WEB\ERP_Importa\
ERPImporta.exe: 00003D4C: 18:12:02 [TUniServerModule]:Debug Mode = ON
ERPImporta.exe: 00003D4C: 18:12:02 [TUniServerModule]:Starting HTTP Server on Port: 8077...
ERPImporta.exe: 00003D4C: 18:12:02 [TUniServerModule]:HTTP Server Started on Port: 8077
ERPImporta.exe: 00000C34: 18:14:24 []:>--------------------------------------------------------------<
ERPImporta.exe: 00000C34: 18:14:24 [TUniServerModule]:Server First Init.
ERPImporta.exe: 00000C34: 18:14:24 [TUniServerModule]:Start Path = C:\Projetos_WEB\ERP_Importa\
ERPImporta.exe: 00000C34: 18:14:24 [TUniServerModule]:Debug Mode = ON
ERPImporta.exe: 00000C34: 18:14:24 [TUniServerModule]:Starting HTTP Server on Port: 8077...
ERPImporta.exe: 00000C34: 18:14:24 [TUniServerModule]:HTTP Server Started on Port: 8077
ERPImporta.exe: 00003EE8: 18:17:20 []:>--------------------------------------------------------------<
ERPImporta.exe: 00003EE8: 18:17:20 [TUniServerModule]:Server First Init.
ERPImporta.exe: 00003EE8: 18:17:20 [TUniServerModule]:Start Path = C:\Projetos_WEB\ERP_Importa\
ERPImporta.exe: 00003EE8: 18:17:20 [TUniServerModule]:Debug Mode = ON
ERPImporta.exe: 00003EE8: 18:17:20 [TUniGUISessionManager]:Cache erase job created, Folder count: [1]
ERPImporta.exe: 00003EE8: 18:17:21 [TUniServerModule]:Starting HTTP Server on Port: 8077...
ERPImporta.exe: 00003EE8: 18:17:21 [TUniServerModule]:HTTP Server Started on Port: 8077
ERPImporta.exe: 00001C8C: 18:18:02 []:>--------------------------------------------------------------<
ERPImporta.exe: 00001C8C: 18:18:02 [TUniServerModule]:Server First Init.
ERPImporta.exe: 00001C8C: 18:18:02 [TUniServerModule]:Start Path = C:\Projetos_WEB\ERP_Importa\
ERPImporta.exe: 00001C8C: 18:18:02 [TUniServerModule]:Debug Mode = ON
ERPImporta.exe: 00001C8C: 18:18:02 [TUniGUISessionManager]:Cache erase job created, Folder count: [1]
ERPImporta.exe: 00001C8C: 18:18:02 [TUniServerModule]:Starting HTTP Server on Port: 8077...
ERPImporta.exe: 00001C8C: 18:18:02 [TUniServerModule]:HTTP Server Started on Port: 8077
ERPImporta.exe: 0000439C: 18:18:26 []:>--------------------------------------------------------------<
ERPImporta.exe: 0000439C: 18:18:26 [TUniServerModule]:Server First Init.
ERPImporta.exe: 0000439C: 18:18:26 [TUniServerModule]:Start Path = C:\Projetos_WEB\ERP_Importa\
ERPImporta.exe: 0000439C: 18:18:26 [TUniServerModule]:Debug Mode = ON
ERPImporta.exe: 0000439C: 18:18:26 [TUniGUISessionManager]:Cache erase job created, Folder count: [1]
ERPImporta.exe: 0000439C: 18:18:27 [TUniServerModule]:Starting HTTP Server on Port: 8077...
ERPImporta.exe: 0000439C: 18:18:27 [TUniServerModule]:HTTP Server Started on Port: 8077
ERPImporta.exe: 00004030: 18:19:12 []:>--------------------------------------------------------------<
ERPImporta.exe: 00004030: 18:19:12 [TUniServerModule]:Server First Init.
ERPImporta.exe: 00004030: 18:19:12 [TUniServerModule]:Start Path = C:\Projetos_WEB\ERP_Importa\
ERPImporta.exe: 00004030: 18:19:12 [TUniServerModule]:Debug Mode = ON
ERPImporta.exe: 00004030: 18:19:12 [TUniGUISessionManager]:Cache erase job created, Folder count: [1]
ERPImporta.exe: 00004030: 18:19:12 [TUniServerModule]:Starting HTTP Server on Port: 8077...
ERPImporta.exe: 00004030: 18:19:12 [TUniServerModule]:HTTP Server Started on Port: 8077
ERPImporta.exe: 00002688: 18:20:29 []:>--------------------------------------------------------------<
ERPImporta.exe: 00002688: 18:20:29 [TUniServerModule]:Server First Init.
ERPImporta.exe: 00002688: 18:20:29 [TUniServerModule]:Start Path = C:\Projetos_WEB\ERP_Importa\
ERPImporta.exe: 00002688: 18:20:29 [TUniServerModule]:Debug Mode = ON
ERPImporta.exe: 00002688: 18:20:29 [TUniGUISessionManager]:Cache erase job created, Folder count: [1]
ERPImporta.exe: 00002688: 18:20:29 [TUniServerModule]:Starting HTTP Server on Port: 8077...
ERPImporta.exe: 00002688: 18:20:29 [TUniServerModule]:HTTP Server Started on Port: 8077
ERPImporta.exe: 00003424: 18:20:59 [127.0.0.1]:EMSSQLNativeException : [FireDAC][Phys][ODBC][Microsoft][SQL Server Native Client 11.0][SQL Server]Invalid column name 'Navio_Nome'. : Addr: $008E1C35
ERPImporta.exe: 00003424: 18:21:02 [127.0.0.1]:EMSSQLNativeException : [FireDAC][Phys][ODBC][Microsoft][SQL Server Native Client 11.0][SQL Server]Invalid column name 'Navio_Nome'. : Addr: $008E1C35
ERPImporta.exe: 00004270: 18:34:08 []:>--------------------------------------------------------------<
ERPImporta.exe: 00004270: 18:34:08 [TUniServerModule]:Server First Init.
ERPImporta.exe: 00004270: 18:34:08 [TUniServerModule]:Start Path = C:\Projetos_WEB\ERP_Importa\
ERPImporta.exe: 00004270: 18:34:08 [TUniServerModule]:Debug Mode = ON
ERPImporta.exe: 00004270: 18:34:09 [TUniServerModule]:Starting HTTP Server on Port: 8077...
ERPImporta.exe: 00004270: 18:34:09 [TUniServerModule]:HTTP Server Started on Port: 8077
ERPImporta.exe: 000033D4: 18:35:29 []:>--------------------------------------------------------------<
ERPImporta.exe: 000033D4: 18:35:29 [TUniServerModule]:Server First Init.
ERPImporta.exe: 000033D4: 18:35:29 [TUniServerModule]:Start Path = C:\Projetos_WEB\ERP_Importa\
ERPImporta.exe: 000033D4: 18:35:29 [TUniServerModule]:Debug Mode = ON
ERPImporta.exe: 000033D4: 18:35:29 [TUniServerModule]:Starting HTTP Server on Port: 8077...
ERPImporta.exe: 000033D4: 18:35:29 [TUniServerModule]:HTTP Server Started on Port: 8077
ERPImporta.exe: 000031E4: 18:36:08 []:>--------------------------------------------------------------<
ERPImporta.exe: 000031E4: 18:36:08 [TUniServerModule]:Server First Init.
ERPImporta.exe: 000031E4: 18:36:08 [TUniServerModule]:Start Path = C:\Projetos_WEB\ERP_Importa\
ERPImporta.exe: 000031E4: 18:36:08 [TUniServerModule]:Debug Mode = ON
ERPImporta.exe: 000031E4: 18:36:09 [TUniServerModule]:Starting HTTP Server on Port: 8077...
ERPImporta.exe: 000031E4: 18:36:09 [TUniServerModule]:HTTP Server Started on Port: 8077
ERPImporta.exe: 0000258C: 18:37:13 []:>--------------------------------------------------------------<
ERPImporta.exe: 0000258C: 18:37:13 [TUniServerModule]:Server First Init.
ERPImporta.exe: 0000258C: 18:37:13 [TUniServerModule]:Start Path = C:\Projetos_WEB\ERP_Importa\
ERPImporta.exe: 0000258C: 18:37:13 [TUniServerModule]:Debug Mode = ON
ERPImporta.exe: 0000258C: 18:37:13 [TUniServerModule]:Starting HTTP Server on Port: 8077...
ERPImporta.exe: 0000258C: 18:37:13 [TUniServerModule]:HTTP Server Started on Port: 8077
ERPImporta.exe: 00000C34: 18:37:47 []:>--------------------------------------------------------------<
ERPImporta.exe: 00000C34: 18:37:47 [TUniServerModule]:Server First Init.
ERPImporta.exe: 00000C34: 18:37:47 [TUniServerModule]:Start Path = C:\Projetos_WEB\ERP_Importa\
ERPImporta.exe: 00000C34: 18:37:47 [TUniServerModule]:Debug Mode = ON
ERPImporta.exe: 00000C34: 18:37:47 [TUniGUISessionManager]:Cache erase job created, Folder count: [1]
ERPImporta.exe: 00000C34: 18:37:47 [TUniServerModule]:Starting HTTP Server on Port: 8077...
ERPImporta.exe: 00000C34: 18:37:47 [TUniServerModule]:HTTP Server Started on Port: 8077
ERPImporta.exe: 00003F04: 18:39:11 []:>--------------------------------------------------------------<
ERPImporta.exe: 00003F04: 18:39:11 [TUniServerModule]:Server First Init.
ERPImporta.exe: 00003F04: 18:39:11 [TUniServerModule]:Start Path = C:\Projetos_WEB\ERP_Importa\
ERPImporta.exe: 00003F04: 18:39:11 [TUniServerModule]:Debug Mode = ON
ERPImporta.exe: 00003F04: 18:39:11 [TUniServerModule]:Starting HTTP Server on Port: 8077...
ERPImporta.exe: 00003F04: 18:39:11 [TUniServerModule]:HTTP Server Started on Port: 8077
ERPImporta.exe: 00002830: 18:41:57 []:>--------------------------------------------------------------<
ERPImporta.exe: 00002830: 18:41:57 [TUniServerModule]:Server First Init.
ERPImporta.exe: 00002830: 18:41:57 [TUniServerModule]:Start Path = C:\Projetos_WEB\ERP_Importa\
ERPImporta.exe: 00002830: 18:41:57 [TUniServerModule]:Debug Mode = ON
ERPImporta.exe: 00002830: 18:41:57 [TUniGUISessionManager]:Cache erase job created, Folder count: [1]
ERPImporta.exe: 00002830: 18:41:57 [TUniServerModule]:Starting HTTP Server on Port: 8077...
ERPImporta.exe: 00002830: 18:41:57 [TUniServerModule]:HTTP Server Started on Port: 8077
ERPImporta.exe: 000043FC: 18:42:12 []:>--------------------------------------------------------------<
ERPImporta.exe: 000043FC: 18:42:12 [TUniServerModule]:Server First Init.
ERPImporta.exe: 000043FC: 18:42:12 [TUniServerModule]:Start Path = C:\Projetos_WEB\ERP_Importa\
ERPImporta.exe: 000043FC: 18:42:12 [TUniServerModule]:Debug Mode = ON
ERPImporta.exe: 000043FC: 18:42:12 [TUniGUISessionManager]:Cache erase job created, Folder count: [1]
ERPImporta.exe: 000043FC: 18:42:12 [TUniServerModule]:Starting HTTP Server on Port: 8077...
ERPImporta.exe: 000043FC: 18:42:12 [TUniServerModule]:HTTP Server Started on Port: 8077
ERPImporta.exe: 0000292C: 18:43:06 []:>--------------------------------------------------------------<
ERPImporta.exe: 0000292C: 18:43:06 [TUniServerModule]:Server First Init.
ERPImporta.exe: 0000292C: 18:43:06 [TUniServerModule]:Start Path = C:\Projetos_WEB\ERP_Importa\
ERPImporta.exe: 0000292C: 18:43:06 [TUniServerModule]:Debug Mode = ON
ERPImporta.exe: 0000292C: 18:43:06 [TUniGUISessionManager]:Cache erase job created, Folder count: [1]
ERPImporta.exe: 0000292C: 18:43:06 [TUniServerModule]:Starting HTTP Server on Port: 8077...
ERPImporta.exe: 0000292C: 18:43:06 [TUniServerModule]:HTTP Server Started on Port: 8077
