ERPImporta.exe: 00000494: 11:46:00 []:>--------------------------------------------------------------<
ERPImporta.exe: 00000494: 11:46:00 [TUniServerModule]:Server First Init.
ERPImporta.exe: 00000494: 11:46:00 [TUniServerModule]:Start Path = C:\Projetos_WEB\ERP_Importa\
ERPImporta.exe: 00000494: 11:46:00 [TUniServerModule]:Debug Mode = ON
ERPImporta.exe: 00000494: 11:46:00 [TUniServerModule]:Starting HTTP Server on Port: 8077...
ERPImporta.exe: 00000494: 11:46:00 [TUniServerModule]:HTTP Server Started on Port: 8077
ERPImporta.exe: 00002594: 11:48:31 []:>--------------------------------------------------------------<
ERPImporta.exe: 00002594: 11:48:31 [TUniServerModule]:Server First Init.
ERPImporta.exe: 00002594: 11:48:31 [TUniServerModule]:Start Path = C:\Projetos_WEB\ERP_Importa\
ERPImporta.exe: 00002594: 11:48:31 [TUniServerModule]:Debug Mode = ON
ERPImporta.exe: 00002594: 11:48:32 [TUniServerModule]:Starting HTTP Server on Port: 8077...
ERPImporta.exe: 00002594: 11:48:32 [TUniServerModule]:HTTP Server Started on Port: 8077
ERPImporta.exe: 00003758: 12:02:04 []:>--------------------------------------------------------------<
ERPImporta.exe: 00003758: 12:02:04 [TUniServerModule]:Server First Init.
ERPImporta.exe: 00003758: 12:02:04 [TUniServerModule]:Start Path = C:\Projetos_WEB\ERP_Importa\
ERPImporta.exe: 00003758: 12:02:04 [TUniServerModule]:Debug Mode = ON
ERPImporta.exe: 00003758: 12:02:04 [TUniServerModule]:Starting HTTP Server on Port: 8077...
ERPImporta.exe: 00003758: 12:02:04 [TUniServerModule]:HTTP Server Started on Port: 8077
ERPImporta.exe: 00001B40: 12:02:56 []:>--------------------------------------------------------------<
ERPImporta.exe: 00001B40: 12:02:56 [TUniServerModule]:Server First Init.
ERPImporta.exe: 00001B40: 12:02:56 [TUniServerModule]:Start Path = C:\Projetos_WEB\ERP_Importa\
ERPImporta.exe: 00001B40: 12:02:56 [TUniServerModule]:Debug Mode = ON
ERPImporta.exe: 00001B40: 12:02:56 [TUniServerModule]:Starting HTTP Server on Port: 8077...
ERPImporta.exe: 00001B40: 12:02:56 [TUniServerModule]:HTTP Server Started on Port: 8077
