ERPImporta.exe: 0000011C: 08:11:18 []:>--------------------------------------------------------------<
ERPImporta.exe: 0000011C: 08:11:18 [TUniServerModule]:Server First Init.
ERPImporta.exe: 0000011C: 08:11:18 [TUniServerModule]:Start Path = C:\Projetos_WEB\ERP_Importa\
ERPImporta.exe: 0000011C: 08:11:18 [TUniServerModule]:Debug Mode = ON
ERPImporta.exe: 0000011C: 08:11:18 [TUniGUISessionManager]:Cache erase job created, Folder count: [1]
ERPImporta.exe: 0000011C: 08:11:19 [TUniServerModule]:Starting HTTP Server on Port: 8077...
ERPImporta.exe: 0000011C: 08:11:19 [TUniServerModule]:HTTP Server Started on Port: 8077
ERPImporta.exe: 000033F0: 08:11:51 [[FireDAC][Phys][MSSQL]-306. Command [tItem] text must be not empty-127.0.0.1]:EFDException : [FireDAC][Phys][MSSQL]-306. Command [tItem] text must be not empty : Addr: $0083A468
ERPImporta.exe: 00002908: 08:12:14 [[FireDAC][Phys][MSSQL]-306. Command [tItem] text must be not empty-127.0.0.1]:EFDException : [FireDAC][Phys][MSSQL]-306. Command [tItem] text must be not empty : Addr: $0083A468
ERPImporta.exe: 00000E98: 08:19:04 []:>--------------------------------------------------------------<
ERPImporta.exe: 00000E98: 08:19:04 [TUniServerModule]:Server First Init.
ERPImporta.exe: 00000E98: 08:19:04 [TUniServerModule]:Start Path = C:\Projetos_WEB\ERP_Importa\
ERPImporta.exe: 00000E98: 08:19:04 [TUniServerModule]:Debug Mode = ON
ERPImporta.exe: 00000E98: 08:19:04 [TUniServerModule]:Starting HTTP Server on Port: 8077...
ERPImporta.exe: 00000E98: 08:19:05 [TUniServerModule]:HTTP Server Started on Port: 8077
ERPImporta.exe: 00003754: 08:22:35 []:>--------------------------------------------------------------<
ERPImporta.exe: 00003754: 08:22:35 [TUniServerModule]:Server First Init.
ERPImporta.exe: 00003754: 08:22:35 [TUniServerModule]:Start Path = C:\Projetos_WEB\ERP_Importa\
ERPImporta.exe: 00003754: 08:22:35 [TUniServerModule]:Debug Mode = ON
ERPImporta.exe: 00003754: 08:22:35 [TUniServerModule]:Starting HTTP Server on Port: 8077...
ERPImporta.exe: 00003754: 08:22:35 [TUniServerModule]:HTTP Server Started on Port: 8077
ERPImporta.exe: 00003B40: 08:51:43 []:>--------------------------------------------------------------<
ERPImporta.exe: 00003B40: 08:51:43 [TUniServerModule]:Server First Init.
ERPImporta.exe: 00003B40: 08:51:43 [TUniServerModule]:Start Path = C:\Projetos_WEB\ERP_Importa\
ERPImporta.exe: 00003B40: 08:51:43 [TUniServerModule]:Debug Mode = ON
ERPImporta.exe: 00003B40: 08:51:43 [TUniServerModule]:Starting HTTP Server on Port: 8077...
ERPImporta.exe: 00003B40: 08:51:43 [TUniServerModule]:HTTP Server Started on Port: 8077
ERPImporta.exe: 000015DC: 08:52:03 [127.0.0.1]:EConvertError : '' is not a valid integer value : Addr: $00427B9E
ERPImporta.exe: 00003634: 08:52:08 [[FireDAC][Phys][ODBC][Microsoft][SQL Server Native Client 11.0][SQL Server]Incorrect syntax near '='.-127.0.0.1]:EMSSQLNativeException : [FireDAC][Phys][ODBC][Microsoft][SQL Server Native Client 11.0][SQL Server]Incorrect syntax near '='. : Addr: $008E1D71
ERPImporta.exe: 00002784: 08:53:18 []:>--------------------------------------------------------------<
ERPImporta.exe: 00002784: 08:53:18 [TUniServerModule]:Server First Init.
ERPImporta.exe: 00002784: 08:53:18 [TUniServerModule]:Start Path = C:\Projetos_WEB\ERP_Importa\
ERPImporta.exe: 00002784: 08:53:18 [TUniServerModule]:Debug Mode = ON
ERPImporta.exe: 00002784: 08:53:18 [TUniGUISessionManager]:Cache erase job created, Folder count: [1]
ERPImporta.exe: 00002784: 08:53:18 [TUniServerModule]:Starting HTTP Server on Port: 8077...
ERPImporta.exe: 00002784: 08:53:18 [TUniServerModule]:HTTP Server Started on Port: 8077
ERPImporta.exe: 00000B98: 08:54:13 []:>--------------------------------------------------------------<
ERPImporta.exe: 00000B98: 08:54:13 [TUniServerModule]:Server First Init.
ERPImporta.exe: 00000B98: 08:54:13 [TUniServerModule]:Start Path = C:\Projetos_WEB\ERP_Importa\
ERPImporta.exe: 00000B98: 08:54:13 [TUniServerModule]:Debug Mode = ON
ERPImporta.exe: 00000B98: 08:54:13 [TUniGUISessionManager]:Cache erase job created, Folder count: [1]
ERPImporta.exe: 00000B98: 08:54:13 [TUniServerModule]:Starting HTTP Server on Port: 8077...
ERPImporta.exe: 00000B98: 08:54:13 [TUniServerModule]:HTTP Server Started on Port: 8077
ERPImporta.exe: 00001A90: 08:57:37 []:>--------------------------------------------------------------<
ERPImporta.exe: 00001A90: 08:57:37 [TUniServerModule]:Server First Init.
ERPImporta.exe: 00001A90: 08:57:37 [TUniServerModule]:Start Path = C:\Projetos_WEB\ERP_Importa\
ERPImporta.exe: 00001A90: 08:57:37 [TUniServerModule]:Debug Mode = ON
ERPImporta.exe: 00001A90: 08:57:37 [TUniGUISessionManager]:Cache erase job created, Folder count: [1]
ERPImporta.exe: 00001A90: 08:57:38 [TUniServerModule]:Starting HTTP Server on Port: 8077...
ERPImporta.exe: 00001A90: 08:57:38 [TUniServerModule]:HTTP Server Started on Port: 8077
ERPImporta.exe: 00000138: 09:19:29 []:>--------------------------------------------------------------<
ERPImporta.exe: 00000138: 09:19:29 [TUniServerModule]:Server First Init.
ERPImporta.exe: 00000138: 09:19:29 [TUniServerModule]:Start Path = C:\Projetos_WEB\ERP_Importa\
ERPImporta.exe: 00000138: 09:19:29 [TUniServerModule]:Debug Mode = ON
ERPImporta.exe: 00000138: 09:19:30 [TUniServerModule]:Starting HTTP Server on Port: 8077...
ERPImporta.exe: 00000138: 09:19:30 [TUniServerModule]:HTTP Server Started on Port: 8077
ERPImporta.exe: 00003250: 09:23:48 []:>--------------------------------------------------------------<
ERPImporta.exe: 00003250: 09:23:48 [TUniServerModule]:Server First Init.
ERPImporta.exe: 00003250: 09:23:48 [TUniServerModule]:Start Path = C:\Projetos_WEB\ERP_Importa\
ERPImporta.exe: 00003250: 09:23:48 [TUniServerModule]:Debug Mode = ON
ERPImporta.exe: 00003250: 09:23:48 [TUniServerModule]:Starting HTTP Server on Port: 8077...
ERPImporta.exe: 00003250: 09:23:48 [TUniServerModule]:HTTP Server Started on Port: 8077
ERPImporta.exe: 00002EA4: 09:24:08 [[FireDAC][Phys][MSSQL]-306. Command [tItem] text must be not empty-127.0.0.1]:EFDException : [FireDAC][Phys][MSSQL]-306. Command [tItem] text must be not empty : Addr: $0083A468
ERPImporta.exe: 00002C04: 09:27:49 []:>--------------------------------------------------------------<
ERPImporta.exe: 00002C04: 09:27:49 [TUniServerModule]:Server First Init.
ERPImporta.exe: 00002C04: 09:27:49 [TUniServerModule]:Start Path = C:\Projetos_WEB\ERP_Importa\
ERPImporta.exe: 00002C04: 09:27:49 [TUniServerModule]:Debug Mode = ON
ERPImporta.exe: 00002C04: 09:27:49 [TUniGUISessionManager]:Cache erase job created, Folder count: [1]
ERPImporta.exe: 00002C04: 09:27:49 [TUniServerModule]:Starting HTTP Server on Port: 8077...
ERPImporta.exe: 00002C04: 09:27:49 [TUniServerModule]:HTTP Server Started on Port: 8077
ERPImporta.exe: 00001558: 09:28:03 [127.0.0.1]:EDatabaseError : tItem: Cannot perform this operation on a closed dataset : Addr: $00657B36
ERPImporta.exe: 00002C8C: 09:36:04 []:>--------------------------------------------------------------<
ERPImporta.exe: 00002C8C: 09:36:04 [TUniServerModule]:Server First Init.
ERPImporta.exe: 00002C8C: 09:36:04 [TUniServerModule]:Start Path = C:\Projetos_WEB\ERP_Importa\
ERPImporta.exe: 00002C8C: 09:36:04 [TUniServerModule]:Debug Mode = ON
ERPImporta.exe: 00002C8C: 09:36:04 [TUniServerModule]:Starting HTTP Server on Port: 8077...
ERPImporta.exe: 00002C8C: 09:36:04 [TUniServerModule]:HTTP Server Started on Port: 8077
ERPImporta.exe: 00002D54: 09:37:39 []:>--------------------------------------------------------------<
ERPImporta.exe: 00002D54: 09:37:39 [TUniServerModule]:Server First Init.
ERPImporta.exe: 00002D54: 09:37:39 [TUniServerModule]:Start Path = C:\Projetos_WEB\ERP_Importa\
ERPImporta.exe: 00002D54: 09:37:39 [TUniServerModule]:Debug Mode = ON
ERPImporta.exe: 00002D54: 09:37:39 [TUniGUISessionManager]:Cache erase job created, Folder count: [1]
ERPImporta.exe: 00002D54: 09:37:39 [TUniServerModule]:Starting HTTP Server on Port: 8077...
ERPImporta.exe: 00002D54: 09:37:39 [TUniServerModule]:HTTP Server Started on Port: 8077
ERPImporta.exe: 00001810: 09:40:39 []:>--------------------------------------------------------------<
ERPImporta.exe: 00001810: 09:40:39 [TUniServerModule]:Server First Init.
ERPImporta.exe: 00001810: 09:40:39 [TUniServerModule]:Start Path = C:\Projetos_WEB\ERP_Importa\
ERPImporta.exe: 00001810: 09:40:39 [TUniServerModule]:Debug Mode = ON
ERPImporta.exe: 00001810: 09:40:39 [TUniGUISessionManager]:Cache erase job created, Folder count: [1]
ERPImporta.exe: 00001810: 09:40:39 [TUniServerModule]:Starting HTTP Server on Port: 8077...
ERPImporta.exe: 00001810: 09:40:39 [TUniServerModule]:HTTP Server Started on Port: 8077
ERPImporta.exe: 00001558: 10:11:22 []:>--------------------------------------------------------------<
ERPImporta.exe: 00001558: 10:11:22 [TUniServerModule]:Server First Init.
ERPImporta.exe: 00001558: 10:11:22 [TUniServerModule]:Start Path = C:\Projetos_WEB\ERP_Importa\
ERPImporta.exe: 00001558: 10:11:22 [TUniServerModule]:Debug Mode = ON
ERPImporta.exe: 00001558: 10:11:22 [TUniGUISessionManager]:Cache erase job created, Folder count: [1]
ERPImporta.exe: 00001558: 10:11:23 [TUniServerModule]:Starting HTTP Server on Port: 8077...
ERPImporta.exe: 00001558: 10:11:23 [TUniServerModule]:HTTP Server Started on Port: 8077
ERPImporta.exe: 00003E20: 10:14:07 []:>--------------------------------------------------------------<
ERPImporta.exe: 00003E20: 10:14:07 [TUniServerModule]:Server First Init.
ERPImporta.exe: 00003E20: 10:14:07 [TUniServerModule]:Start Path = C:\Projetos_WEB\ERP_Importa\
ERPImporta.exe: 00003E20: 10:14:07 [TUniServerModule]:Debug Mode = ON
ERPImporta.exe: 00003E20: 10:14:07 [TUniGUISessionManager]:Cache erase job created, Folder count: [1]
ERPImporta.exe: 00003E20: 10:14:07 [TUniServerModule]:Starting HTTP Server on Port: 8077...
ERPImporta.exe: 00003E20: 10:14:07 [TUniServerModule]:HTTP Server Started on Port: 8077
ERPImporta.exe: 00003294: 11:02:48 []:>--------------------------------------------------------------<
ERPImporta.exe: 00003294: 11:02:48 [TUniServerModule]:Server First Init.
ERPImporta.exe: 00003294: 11:02:48 [TUniServerModule]:Start Path = C:\Projetos_WEB\ERP_Importa\
ERPImporta.exe: 00003294: 11:02:48 [TUniServerModule]:Debug Mode = ON
ERPImporta.exe: 00003294: 11:02:48 [TUniServerModule]:Starting HTTP Server on Port: 8077...
ERPImporta.exe: 00003294: 11:02:48 [TUniServerModule]:HTTP Server Started on Port: 8077
ERPImporta.exe: 000016B0: 11:03:00 [Pedido: Parameter 'pPed' not found-127.0.0.1]:EDatabaseError : Pedido: Parameter 'pPed' not found : Addr: $00657B36
ERPImporta.exe: 000011BC: 11:03:26 []:>--------------------------------------------------------------<
ERPImporta.exe: 000011BC: 11:03:26 [TUniServerModule]:Server First Init.
ERPImporta.exe: 000011BC: 11:03:26 [TUniServerModule]:Start Path = C:\Projetos_WEB\ERP_Importa\
ERPImporta.exe: 000011BC: 11:03:26 [TUniServerModule]:Debug Mode = ON
ERPImporta.exe: 000011BC: 11:03:26 [TUniGUISessionManager]:Cache erase job created, Folder count: [1]
ERPImporta.exe: 000011BC: 11:03:26 [TUniServerModule]:Starting HTTP Server on Port: 8077...
ERPImporta.exe: 000011BC: 11:03:26 [TUniServerModule]:HTTP Server Started on Port: 8077
ERPImporta.exe: 00001CC0: 11:03:39 [OpFiscal: Field 'Apura_PISCOFINS' not found-127.0.0.1]:EDatabaseError : OpFiscal: Field 'Apura_PISCOFINS' not found : Addr: $00657B36
ERPImporta.exe: 00003FB4: 11:04:01 []:>--------------------------------------------------------------<
ERPImporta.exe: 00003FB4: 11:04:01 [TUniServerModule]:Server First Init.
ERPImporta.exe: 00003FB4: 11:04:01 [TUniServerModule]:Start Path = C:\Projetos_WEB\ERP_Importa\
ERPImporta.exe: 00003FB4: 11:04:01 [TUniServerModule]:Debug Mode = ON
ERPImporta.exe: 00003FB4: 11:04:01 [TUniGUISessionManager]:Cache erase job created, Folder count: [1]
ERPImporta.exe: 00003FB4: 11:04:02 [TUniServerModule]:Starting HTTP Server on Port: 8077...
ERPImporta.exe: 00003FB4: 11:04:02 [TUniServerModule]:HTTP Server Started on Port: 8077
ERPImporta.exe: 00001260: 11:18:53 []:>--------------------------------------------------------------<
ERPImporta.exe: 00001260: 11:18:53 [TUniServerModule]:Server First Init.
ERPImporta.exe: 00001260: 11:18:53 [TUniServerModule]:Start Path = C:\Projetos_WEB\ERP_Importa\
ERPImporta.exe: 00001260: 11:18:53 [TUniServerModule]:Debug Mode = ON
ERPImporta.exe: 00001260: 11:18:53 [TUniGUISessionManager]:Cache erase job created, Folder count: [1]
ERPImporta.exe: 00001260: 11:18:53 [TUniServerModule]:Starting HTTP Server on Port: 8077...
ERPImporta.exe: 00001260: 11:18:53 [TUniServerModule]:HTTP Server Started on Port: 8077
ERPImporta.exe: 00001358: 11:20:56 []:>--------------------------------------------------------------<
ERPImporta.exe: 00001358: 11:20:56 [TUniServerModule]:Server First Init.
ERPImporta.exe: 00001358: 11:20:56 [TUniServerModule]:Start Path = C:\Projetos_WEB\ERP_Importa\
ERPImporta.exe: 00001358: 11:20:56 [TUniServerModule]:Debug Mode = ON
ERPImporta.exe: 00001358: 11:20:57 [TUniServerModule]:Starting HTTP Server on Port: 8077...
ERPImporta.exe: 00001358: 11:20:57 [TUniServerModule]:HTTP Server Started on Port: 8077
ERPImporta.exe: 000038BC: 11:21:30 [[FireDAC][Phys][ODBC][Microsoft][SQL Server Native Client 11.0][SQL Server]Invalid column name 'Saida_Entrada'.-127.0.0.1]:EMSSQLNativeException : [FireDAC][Phys][ODBC][Microsoft][SQL Server Native Client 11.0][SQL Server]Invalid column name 'Saida_Entrada'. : Addr: $008E1D71
ERPImporta.exe: 00002914: 11:22:51 []:>--------------------------------------------------------------<
ERPImporta.exe: 00002914: 11:22:51 [TUniServerModule]:Server First Init.
ERPImporta.exe: 00002914: 11:22:51 [TUniServerModule]:Start Path = C:\Projetos_WEB\ERP_Importa\
ERPImporta.exe: 00002914: 11:22:51 [TUniServerModule]:Debug Mode = ON
ERPImporta.exe: 00002914: 11:22:51 [TUniServerModule]:Starting HTTP Server on Port: 8077...
ERPImporta.exe: 00002914: 11:22:51 [TUniServerModule]:HTTP Server Started on Port: 8077
ERPImporta.exe: 000016F0: 11:25:52 []:>--------------------------------------------------------------<
ERPImporta.exe: 000016F0: 11:25:52 [TUniServerModule]:Server First Init.
ERPImporta.exe: 000016F0: 11:25:52 [TUniServerModule]:Start Path = C:\Projetos_WEB\ERP_Importa\
ERPImporta.exe: 000016F0: 11:25:52 [TUniServerModule]:Debug Mode = ON
ERPImporta.exe: 000016F0: 11:25:52 [TUniGUISessionManager]:Cache erase job created, Folder count: [1]
ERPImporta.exe: 000016F0: 11:25:53 [TUniServerModule]:Starting HTTP Server on Port: 8077...
ERPImporta.exe: 000016F0: 11:25:53 [TUniServerModule]:HTTP Server Started on Port: 8077
ERPImporta.exe: 0000079C: 11:27:08 []:>--------------------------------------------------------------<
ERPImporta.exe: 0000079C: 11:27:08 [TUniServerModule]:Server First Init.
ERPImporta.exe: 0000079C: 11:27:08 [TUniServerModule]:Start Path = C:\Projetos_WEB\ERP_Importa\
ERPImporta.exe: 0000079C: 11:27:08 [TUniServerModule]:Debug Mode = ON
ERPImporta.exe: 0000079C: 11:27:09 [TUniServerModule]:Starting HTTP Server on Port: 8077...
ERPImporta.exe: 0000079C: 11:27:09 [TUniServerModule]:HTTP Server Started on Port: 8077
ERPImporta.exe: 00003DCC: 11:27:36 []:>--------------------------------------------------------------<
ERPImporta.exe: 00003DCC: 11:27:36 [TUniServerModule]:Server First Init.
ERPImporta.exe: 00003DCC: 11:27:36 [TUniServerModule]:Start Path = C:\Projetos_WEB\ERP_Importa\
ERPImporta.exe: 00003DCC: 11:27:36 [TUniServerModule]:Debug Mode = ON
ERPImporta.exe: 00003DCC: 11:27:36 [TUniServerModule]:Starting HTTP Server on Port: 8077...
ERPImporta.exe: 00003DCC: 11:27:36 [TUniServerModule]:HTTP Server Started on Port: 8077
ERPImporta.exe: 00001F0C: 11:28:35 []:>--------------------------------------------------------------<
ERPImporta.exe: 00001F0C: 11:28:35 [TUniServerModule]:Server First Init.
ERPImporta.exe: 00001F0C: 11:28:35 [TUniServerModule]:Start Path = C:\Projetos_WEB\ERP_Importa\
ERPImporta.exe: 00001F0C: 11:28:35 [TUniServerModule]:Debug Mode = ON
ERPImporta.exe: 00001F0C: 11:28:35 [TUniServerModule]:Starting HTTP Server on Port: 8077...
ERPImporta.exe: 00001F0C: 11:28:35 [TUniServerModule]:HTTP Server Started on Port: 8077
ERPImporta.exe: 0000073C: 11:29:29 []:>--------------------------------------------------------------<
ERPImporta.exe: 0000073C: 11:29:29 [TUniServerModule]:Server First Init.
ERPImporta.exe: 0000073C: 11:29:29 [TUniServerModule]:Start Path = C:\Projetos_WEB\ERP_Importa\
ERPImporta.exe: 0000073C: 11:29:29 [TUniServerModule]:Debug Mode = ON
ERPImporta.exe: 0000073C: 11:29:29 [TUniGUISessionManager]:Cache erase job created, Folder count: [1]
ERPImporta.exe: 0000073C: 11:29:29 [TUniServerModule]:Starting HTTP Server on Port: 8077...
ERPImporta.exe: 0000073C: 11:29:29 [TUniServerModule]:HTTP Server Started on Port: 8077
ERPImporta.exe: 00002E20: 11:29:59 []:>--------------------------------------------------------------<
ERPImporta.exe: 00002E20: 11:29:59 [TUniServerModule]:Server First Init.
ERPImporta.exe: 00002E20: 11:29:59 [TUniServerModule]:Start Path = C:\Projetos_WEB\ERP_Importa\
ERPImporta.exe: 00002E20: 11:29:59 [TUniServerModule]:Debug Mode = ON
ERPImporta.exe: 00002E20: 11:29:59 [TUniGUISessionManager]:Cache erase job created, Folder count: [1]
ERPImporta.exe: 00002E20: 11:29:59 [TUniServerModule]:Starting HTTP Server on Port: 8077...
ERPImporta.exe: 00002E20: 11:29:59 [TUniServerModule]:HTTP Server Started on Port: 8077
ERPImporta.exe: 00003660: 11:30:36 []:>--------------------------------------------------------------<
ERPImporta.exe: 00003660: 11:30:36 [TUniServerModule]:Server First Init.
ERPImporta.exe: 00003660: 11:30:36 [TUniServerModule]:Start Path = C:\Projetos_WEB\ERP_Importa\
ERPImporta.exe: 00003660: 11:30:36 [TUniServerModule]:Debug Mode = ON
ERPImporta.exe: 00003660: 11:30:36 [TUniServerModule]:Starting HTTP Server on Port: 8077...
ERPImporta.exe: 00003660: 11:30:36 [TUniServerModule]:HTTP Server Started on Port: 8077
ERPImporta.exe: 00003810: 11:34:38 []:>--------------------------------------------------------------<
ERPImporta.exe: 00003810: 11:34:38 [TUniServerModule]:Server First Init.
ERPImporta.exe: 00003810: 11:34:38 [TUniServerModule]:Start Path = C:\Projetos_WEB\ERP_Importa\
ERPImporta.exe: 00003810: 11:34:38 [TUniServerModule]:Debug Mode = ON
ERPImporta.exe: 00003810: 11:34:39 [TUniServerModule]:Starting HTTP Server on Port: 8077...
ERPImporta.exe: 00003810: 11:34:39 [TUniServerModule]:HTTP Server Started on Port: 8077
ERPImporta.exe: 00003D28: 11:38:12 []:>--------------------------------------------------------------<
ERPImporta.exe: 00003D28: 11:38:13 [TUniServerModule]:Server First Init.
ERPImporta.exe: 00003D28: 11:38:13 [TUniServerModule]:Start Path = C:\Projetos_WEB\ERP_Importa\
ERPImporta.exe: 00003D28: 11:38:13 [TUniServerModule]:Debug Mode = ON
ERPImporta.exe: 00003D28: 11:38:13 [TUniGUISessionManager]:Cache erase job created, Folder count: [1]
ERPImporta.exe: 00003D28: 11:38:13 [TUniServerModule]:Starting HTTP Server on Port: 8077...
ERPImporta.exe: 00003D28: 11:38:13 [TUniServerModule]:HTTP Server Started on Port: 8077
ERPImporta.exe: 00003D94: 15:02:22 []:>--------------------------------------------------------------<
ERPImporta.exe: 00003D94: 15:02:22 [TUniServerModule]:Server First Init.
ERPImporta.exe: 00003D94: 15:02:22 [TUniServerModule]:Start Path = C:\Projetos_WEB\ERP_Importa\
ERPImporta.exe: 00003D94: 15:02:22 [TUniServerModule]:Debug Mode = ON
ERPImporta.exe: 00003D94: 15:02:22 [TUniGUISessionManager]:Cache erase job created, Folder count: [1]
ERPImporta.exe: 00003D94: 15:02:22 [TUniServerModule]:Starting HTTP Server on Port: 8077...
ERPImporta.exe: 00003D94: 15:02:22 [TUniServerModule]:HTTP Server Started on Port: 8077
ERPImporta.exe: 00000120: 15:20:41 []:>--------------------------------------------------------------<
ERPImporta.exe: 00000120: 15:20:41 [TUniServerModule]:Server First Init.
ERPImporta.exe: 00000120: 15:20:41 [TUniServerModule]:Start Path = C:\Projetos_WEB\ERP_Importa\
ERPImporta.exe: 00000120: 15:20:41 [TUniServerModule]:Debug Mode = ON
ERPImporta.exe: 00000120: 15:20:42 [TUniServerModule]:Starting HTTP Server on Port: 8077...
ERPImporta.exe: 00000120: 15:20:42 [TUniServerModule]:HTTP Server Started on Port: 8077
ERPImporta.exe: 00001DA0: 15:22:40 []:>--------------------------------------------------------------<
ERPImporta.exe: 00001DA0: 15:22:40 [TUniServerModule]:Server First Init.
ERPImporta.exe: 00001DA0: 15:22:40 [TUniServerModule]:Start Path = C:\Projetos_WEB\ERP_Importa\
ERPImporta.exe: 00001DA0: 15:22:40 [TUniServerModule]:Debug Mode = ON
ERPImporta.exe: 00001DA0: 15:22:40 [TUniGUISessionManager]:Cache erase job created, Folder count: [1]
ERPImporta.exe: 00001DA0: 15:22:40 [TUniServerModule]:Starting HTTP Server on Port: 8077...
ERPImporta.exe: 00001DA0: 15:22:40 [TUniServerModule]:HTTP Server Started on Port: 8077
ERPImporta.exe: 000007B4: 15:23:07 [127.0.0.1]:EDatabaseError : tFormulas: Cannot perform this operation on a closed dataset : Addr: $00657B36
ERPImporta.exe: 000007B4: 15:23:14 [127.0.0.1]:EDatabaseError : tFormulas: Cannot perform this operation on a closed dataset : Addr: $00657B36
ERPImporta.exe: 00002D18: 15:23:29 []:>--------------------------------------------------------------<
ERPImporta.exe: 00002D18: 15:23:29 [TUniServerModule]:Server First Init.
ERPImporta.exe: 00002D18: 15:23:29 [TUniServerModule]:Start Path = C:\Projetos_WEB\ERP_Importa\
ERPImporta.exe: 00002D18: 15:23:29 [TUniServerModule]:Debug Mode = ON
ERPImporta.exe: 00002D18: 15:23:29 [TUniServerModule]:Starting HTTP Server on Port: 8077...
ERPImporta.exe: 00002D18: 15:23:29 [TUniServerModule]:HTTP Server Started on Port: 8077
ERPImporta.exe: 00001878: 15:23:47 [127.0.0.1]:EDatabaseError : tFormulas: Cannot perform this operation on a closed dataset : Addr: $00657B36
ERPImporta.exe: 00001878: 15:23:58 [127.0.0.1]:EDatabaseError : tFormulas: Cannot perform this operation on a closed dataset : Addr: $00657B36
ERPImporta.exe: 00002D88: 15:25:25 []:>--------------------------------------------------------------<
ERPImporta.exe: 00002D88: 15:25:25 [TUniServerModule]:Server First Init.
ERPImporta.exe: 00002D88: 15:25:25 [TUniServerModule]:Start Path = C:\Projetos_WEB\ERP_Importa\
ERPImporta.exe: 00002D88: 15:25:25 [TUniServerModule]:Debug Mode = ON
ERPImporta.exe: 00002D88: 15:25:25 [TUniGUISessionManager]:Cache erase job created, Folder count: [1]
ERPImporta.exe: 00002D88: 15:25:26 [TUniServerModule]:Starting HTTP Server on Port: 8077...
ERPImporta.exe: 00002D88: 15:25:26 [TUniServerModule]:HTTP Server Started on Port: 8077
ERPImporta.exe: 00003C0C: 15:25:29 [127.0.0.1]:EUniSessionException : Sessão inváilda ou tempo da sessão expirado. (Session not found: k1hZdlMHeF111E62A85 ) : Addr: $007D0FCC
ERPImporta.exe: 00003034: 15:25:29 [127.0.0.1]:EUniSessionException : Sessão inváilda ou tempo da sessão expirado. (Session not found: k1hZdlMHeF111E62A85 ) : Addr: $007D0FCC
ERPImporta.exe: 00003FF8: 15:25:58 []:>--------------------------------------------------------------<
ERPImporta.exe: 00003FF8: 15:25:58 [TUniServerModule]:Server First Init.
ERPImporta.exe: 00003FF8: 15:25:58 [TUniServerModule]:Start Path = C:\Projetos_WEB\ERP_Importa\
ERPImporta.exe: 00003FF8: 15:25:58 [TUniServerModule]:Debug Mode = ON
ERPImporta.exe: 00003FF8: 15:25:58 [TUniGUISessionManager]:Cache erase job created, Folder count: [1]
ERPImporta.exe: 00003FF8: 15:25:59 [TUniServerModule]:Starting HTTP Server on Port: 8077...
ERPImporta.exe: 00003FF8: 15:25:59 [TUniServerModule]:HTTP Server Started on Port: 8077
ERPImporta.exe: 00001460: 15:26:26 [127.0.0.1]:EAccessViolation : Access violation at address 0066D10C in module 'ERPImporta.exe'. Read of address 000000A9 : Addr: $0066D10C
ERPImporta.exe: 00001460: 15:26:32 [127.0.0.1]:EAccessViolation : Access violation at address 0066D10C in module 'ERPImporta.exe'. Read of address 000000A9 : Addr: $0066D10C
ERPImporta.exe: 000035C8: 15:26:52 []:>--------------------------------------------------------------<
ERPImporta.exe: 000035C8: 15:26:52 [TUniServerModule]:Server First Init.
ERPImporta.exe: 000035C8: 15:26:52 [TUniServerModule]:Start Path = C:\Projetos_WEB\ERP_Importa\
ERPImporta.exe: 000035C8: 15:26:52 [TUniServerModule]:Debug Mode = ON
ERPImporta.exe: 000035C8: 15:26:52 [TUniServerModule]:Starting HTTP Server on Port: 8077...
ERPImporta.exe: 000035C8: 15:26:53 [TUniServerModule]:HTTP Server Started on Port: 8077
ERPImporta.exe: 000038A4: 15:27:38 []:>--------------------------------------------------------------<
ERPImporta.exe: 000038A4: 15:27:38 [TUniServerModule]:Server First Init.
ERPImporta.exe: 000038A4: 15:27:38 [TUniServerModule]:Start Path = C:\Projetos_WEB\ERP_Importa\
ERPImporta.exe: 000038A4: 15:27:38 [TUniServerModule]:Debug Mode = ON
ERPImporta.exe: 000038A4: 15:27:38 [TUniGUISessionManager]:Cache erase job created, Folder count: [1]
ERPImporta.exe: 000038A4: 15:27:38 [TUniServerModule]:Starting HTTP Server on Port: 8077...
ERPImporta.exe: 000038A4: 15:27:39 [TUniServerModule]:HTTP Server Started on Port: 8077
ERPImporta.exe: 000009E4: 15:27:39 [127.0.0.1]:EUniSessionException : Sessão inváilda ou tempo da sessão expirado. (Session not found: 6t6otLBRhb111E62B70 ) : Addr: $007D0FCC
ERPImporta.exe: 00000F90: 15:27:39 [127.0.0.1]:EUniSessionException : Sessão inváilda ou tempo da sessão expirado. (Session not found: 6t6otLBRhb111E62B70 ) : Addr: $007D0FCC
ERPImporta.exe: 00000DD0: 15:28:11 [127.0.0.1]:EAccessViolation : Access violation at address 0066D10C in module 'ERPImporta.exe'. Read of address 000000A9 : Addr: $0066D10C
ERPImporta.exe: 00002124: 15:30:48 []:>--------------------------------------------------------------<
ERPImporta.exe: 00002124: 15:30:48 [TUniServerModule]:Server First Init.
ERPImporta.exe: 00002124: 15:30:48 [TUniServerModule]:Start Path = C:\Projetos_WEB\ERP_Importa\
ERPImporta.exe: 00002124: 15:30:48 [TUniServerModule]:Debug Mode = ON
ERPImporta.exe: 00002124: 15:30:48 [TUniGUISessionManager]:Cache erase job created, Folder count: [1]
ERPImporta.exe: 00002124: 15:30:49 [TUniServerModule]:Starting HTTP Server on Port: 8077...
ERPImporta.exe: 00002124: 15:30:49 [TUniServerModule]:HTTP Server Started on Port: 8077
ERPImporta.exe: 00002A2C: 15:32:11 []:>--------------------------------------------------------------<
ERPImporta.exe: 00002A2C: 15:32:11 [TUniServerModule]:Server First Init.
ERPImporta.exe: 00002A2C: 15:32:11 [TUniServerModule]:Start Path = C:\Projetos_WEB\ERP_Importa\
ERPImporta.exe: 00002A2C: 15:32:11 [TUniServerModule]:Debug Mode = ON
ERPImporta.exe: 00002A2C: 15:32:11 [TUniGUISessionManager]:Cache erase job created, Folder count: [1]
ERPImporta.exe: 00002A2C: 15:32:11 [TUniServerModule]:Starting HTTP Server on Port: 8077...
ERPImporta.exe: 00002A2C: 15:32:11 [TUniServerModule]:HTTP Server Started on Port: 8077
ERPImporta.exe: 00002AA8: 15:32:30 [127.0.0.1]:EAccessViolation : Access violation at address 0066D10C in module 'ERPImporta.exe'. Read of address 000000A9 : Addr: $0066D10C
ERPImporta.exe: 00002E0C: 15:32:37 [127.0.0.1]:EUniSessionException : Sessão inváilda ou tempo da sessão expirado. (Session not found: QDRIOGdbTF111E62C81 ) : Addr: $007D0FCC
ERPImporta.exe: 00002C7C: 15:32:37 [127.0.0.1]:EUniSessionException : Sessão inváilda ou tempo da sessão expirado. (Session not found: QDRIOGdbTF111E62C81 ) : Addr: $007D0FCC
ERPImporta.exe: 000016D0: 15:33:20 []:>--------------------------------------------------------------<
ERPImporta.exe: 000016D0: 15:33:20 [TUniServerModule]:Server First Init.
ERPImporta.exe: 000016D0: 15:33:20 [TUniServerModule]:Start Path = C:\Projetos_WEB\ERP_Importa\
ERPImporta.exe: 000016D0: 15:33:20 [TUniServerModule]:Debug Mode = ON
ERPImporta.exe: 000016D0: 15:33:20 [TUniServerModule]:Starting HTTP Server on Port: 8077...
ERPImporta.exe: 000016D0: 15:33:20 [TUniServerModule]:HTTP Server Started on Port: 8077
ERPImporta.exe: 000017B4: 15:34:40 []:>--------------------------------------------------------------<
ERPImporta.exe: 000017B4: 15:34:40 [TUniServerModule]:Server First Init.
ERPImporta.exe: 000017B4: 15:34:40 [TUniServerModule]:Start Path = C:\Projetos_WEB\ERP_Importa\
ERPImporta.exe: 000017B4: 15:34:40 [TUniServerModule]:Debug Mode = ON
ERPImporta.exe: 000017B4: 15:34:40 [TUniServerModule]:Starting HTTP Server on Port: 8077...
ERPImporta.exe: 000017B4: 15:34:40 [TUniServerModule]:HTTP Server Started on Port: 8077
ERPImporta.exe: 00003BEC: 15:37:27 []:>--------------------------------------------------------------<
ERPImporta.exe: 00003BEC: 15:37:27 [TUniServerModule]:Server First Init.
ERPImporta.exe: 00003BEC: 15:37:27 [TUniServerModule]:Start Path = C:\Projetos_WEB\ERP_Importa\
ERPImporta.exe: 00003BEC: 15:37:27 [TUniServerModule]:Debug Mode = ON
ERPImporta.exe: 00003BEC: 15:37:27 [TUniGUISessionManager]:Cache erase job created, Folder count: [1]
ERPImporta.exe: 00003BEC: 15:37:27 [TUniServerModule]:Starting HTTP Server on Port: 8077...
ERPImporta.exe: 00003BEC: 15:37:27 [TUniServerModule]:HTTP Server Started on Port: 8077
ERPImporta.exe: 00003A84: 15:38:42 []:>--------------------------------------------------------------<
ERPImporta.exe: 00003A84: 15:38:42 [TUniServerModule]:Server First Init.
ERPImporta.exe: 00003A84: 15:38:42 [TUniServerModule]:Start Path = C:\Projetos_WEB\ERP_Importa\
ERPImporta.exe: 00003A84: 15:38:42 [TUniServerModule]:Debug Mode = ON
ERPImporta.exe: 00003A84: 15:38:42 [TUniGUISessionManager]:Cache erase job created, Folder count: [1]
ERPImporta.exe: 00003A84: 15:38:42 [TUniServerModule]:Starting HTTP Server on Port: 8077...
ERPImporta.exe: 00003A84: 15:38:42 [TUniServerModule]:HTTP Server Started on Port: 8077
ERPImporta.exe: 00000FBC: 15:39:17 [127.0.0.1]:EAccessViolation : Access violation at address 0066D10C in module 'ERPImporta.exe'. Read of address 000000A9 : Addr: $0066D10C
ERPImporta.exe: 00002DE8: 15:41:18 []:>--------------------------------------------------------------<
ERPImporta.exe: 00002DE8: 15:41:18 [TUniServerModule]:Server First Init.
ERPImporta.exe: 00002DE8: 15:41:18 [TUniServerModule]:Start Path = C:\Projetos_WEB\ERP_Importa\
ERPImporta.exe: 00002DE8: 15:41:18 [TUniServerModule]:Debug Mode = ON
ERPImporta.exe: 00002DE8: 15:41:18 [TUniServerModule]:Starting HTTP Server on Port: 8077...
ERPImporta.exe: 00002DE8: 15:41:18 [TUniServerModule]:HTTP Server Started on Port: 8077
ERPImporta.exe: 00001404: 15:41:33 [127.0.0.1]:EAccessViolation : Access violation at address 0066D10C in module 'ERPImporta.exe'. Read of address 000000A9 : Addr: $0066D10C
ERPImporta.exe: 00003A4C: 15:42:33 []:>--------------------------------------------------------------<
ERPImporta.exe: 00003A4C: 15:42:33 [TUniServerModule]:Server First Init.
ERPImporta.exe: 00003A4C: 15:42:33 [TUniServerModule]:Start Path = C:\Projetos_WEB\ERP_Importa\
ERPImporta.exe: 00003A4C: 15:42:33 [TUniServerModule]:Debug Mode = ON
ERPImporta.exe: 00003A4C: 15:42:33 [TUniServerModule]:Starting HTTP Server on Port: 8077...
ERPImporta.exe: 00003A4C: 15:42:33 [TUniServerModule]:HTTP Server Started on Port: 8077
ERPImporta.exe: 00003A1C: 15:44:42 []:>--------------------------------------------------------------<
ERPImporta.exe: 00003A1C: 15:44:42 [TUniServerModule]:Server First Init.
ERPImporta.exe: 00003A1C: 15:44:42 [TUniServerModule]:Start Path = C:\Projetos_WEB\ERP_Importa\
ERPImporta.exe: 00003A1C: 15:44:42 [TUniServerModule]:Debug Mode = ON
ERPImporta.exe: 00003A1C: 15:44:42 [TUniGUISessionManager]:Cache erase job created, Folder count: [1]
ERPImporta.exe: 00003A1C: 15:44:42 [TUniServerModule]:Starting HTTP Server on Port: 8077...
ERPImporta.exe: 00003A1C: 15:44:42 [TUniServerModule]:HTTP Server Started on Port: 8077
ERPImporta.exe: 00003E6C: 15:44:57 [127.0.0.1]:EAccessViolation : Access violation at address 0066D10C in module 'ERPImporta.exe'. Read of address 000000A9 : Addr: $0066D10C
ERPImporta.exe: 00003C98: 15:47:29 []:>--------------------------------------------------------------<
ERPImporta.exe: 00003C98: 15:47:29 [TUniServerModule]:Server First Init.
ERPImporta.exe: 00003C98: 15:47:29 [TUniServerModule]:Start Path = C:\Projetos_WEB\ERP_Importa\
ERPImporta.exe: 00003C98: 15:47:29 [TUniServerModule]:Debug Mode = ON
ERPImporta.exe: 00003C98: 15:47:29 [TUniGUISessionManager]:Cache erase job created, Folder count: [1]
ERPImporta.exe: 00003C98: 15:47:29 [TUniServerModule]:Starting HTTP Server on Port: 8077...
ERPImporta.exe: 00003C98: 15:47:29 [TUniServerModule]:HTTP Server Started on Port: 8077
ERPImporta.exe: 00002ED0: 15:48:44 []:>--------------------------------------------------------------<
ERPImporta.exe: 00002ED0: 15:48:44 [TUniServerModule]:Server First Init.
ERPImporta.exe: 00002ED0: 15:48:44 [TUniServerModule]:Start Path = C:\Projetos_WEB\ERP_Importa\
ERPImporta.exe: 00002ED0: 15:48:44 [TUniServerModule]:Debug Mode = ON
ERPImporta.exe: 00002ED0: 15:48:45 [TUniServerModule]:Starting HTTP Server on Port: 8077...
ERPImporta.exe: 00002ED0: 15:48:45 [TUniServerModule]:HTTP Server Started on Port: 8077
ERPImporta.exe: 00000980: 15:54:05 []:>--------------------------------------------------------------<
ERPImporta.exe: 00000980: 15:54:05 [TUniServerModule]:Server First Init.
ERPImporta.exe: 00000980: 15:54:05 [TUniServerModule]:Start Path = C:\Projetos_WEB\ERP_Importa\
ERPImporta.exe: 00000980: 15:54:05 [TUniServerModule]:Debug Mode = ON
ERPImporta.exe: 00000980: 15:54:05 [TUniServerModule]:Starting HTTP Server on Port: 8077...
ERPImporta.exe: 00000980: 15:54:05 [TUniServerModule]:HTTP Server Started on Port: 8077
ERPImporta.exe: 00002868: 15:56:38 []:>--------------------------------------------------------------<
ERPImporta.exe: 00002868: 15:56:38 [TUniServerModule]:Server First Init.
ERPImporta.exe: 00002868: 15:56:38 [TUniServerModule]:Start Path = C:\Projetos_WEB\ERP_Importa\
ERPImporta.exe: 00002868: 15:56:38 [TUniServerModule]:Debug Mode = ON
ERPImporta.exe: 00002868: 15:56:39 [TUniServerModule]:Starting HTTP Server on Port: 8077...
ERPImporta.exe: 00002868: 15:56:39 [TUniServerModule]:HTTP Server Started on Port: 8077
ERPImporta.exe: 00001470: 15:59:40 []:>--------------------------------------------------------------<
ERPImporta.exe: 00001470: 15:59:40 [TUniServerModule]:Server First Init.
ERPImporta.exe: 00001470: 15:59:40 [TUniServerModule]:Start Path = C:\Projetos_WEB\ERP_Importa\
ERPImporta.exe: 00001470: 15:59:40 [TUniServerModule]:Debug Mode = ON
ERPImporta.exe: 00001470: 15:59:40 [TUniServerModule]:Starting HTTP Server on Port: 8077...
ERPImporta.exe: 00001470: 15:59:40 [TUniServerModule]:HTTP Server Started on Port: 8077
ERPImporta.exe: 00000618: 16:01:14 []:>--------------------------------------------------------------<
ERPImporta.exe: 00000618: 16:01:14 [TUniServerModule]:Server First Init.
ERPImporta.exe: 00000618: 16:01:14 [TUniServerModule]:Start Path = C:\Projetos_WEB\ERP_Importa\
ERPImporta.exe: 00000618: 16:01:14 [TUniServerModule]:Debug Mode = ON
ERPImporta.exe: 00000618: 16:01:14 [TUniServerModule]:Starting HTTP Server on Port: 8077...
ERPImporta.exe: 00000618: 16:01:14 [TUniServerModule]:HTTP Server Started on Port: 8077
ERPImporta.exe: 00001A28: 16:05:19 []:>--------------------------------------------------------------<
ERPImporta.exe: 00001A28: 16:05:19 [TUniServerModule]:Server First Init.
ERPImporta.exe: 00001A28: 16:05:19 [TUniServerModule]:Start Path = C:\Projetos_WEB\ERP_Importa\
ERPImporta.exe: 00001A28: 16:05:19 [TUniServerModule]:Debug Mode = ON
ERPImporta.exe: 00001A28: 16:05:19 [TUniGUISessionManager]:Cache erase job created, Folder count: [1]
ERPImporta.exe: 00001A28: 16:05:19 [TUniServerModule]:Starting HTTP Server on Port: 8077...
ERPImporta.exe: 00001A28: 16:05:19 [TUniServerModule]:HTTP Server Started on Port: 8077
ERPImporta.exe: 00001020: 16:09:23 []:>--------------------------------------------------------------<
ERPImporta.exe: 00001020: 16:09:23 [TUniServerModule]:Server First Init.
ERPImporta.exe: 00001020: 16:09:23 [TUniServerModule]:Start Path = C:\Projetos_WEB\ERP_Importa\
ERPImporta.exe: 00001020: 16:09:23 [TUniServerModule]:Debug Mode = ON
ERPImporta.exe: 00001020: 16:09:23 [TUniGUISessionManager]:Cache erase job created, Folder count: [1]
ERPImporta.exe: 00001020: 16:09:23 [TUniServerModule]:Starting HTTP Server on Port: 8077...
ERPImporta.exe: 00001020: 16:09:23 [TUniServerModule]:HTTP Server Started on Port: 8077
ERPImporta.exe: 000008B4: 16:11:09 []:>--------------------------------------------------------------<
ERPImporta.exe: 000008B4: 16:11:09 [TUniServerModule]:Server First Init.
ERPImporta.exe: 000008B4: 16:11:09 [TUniServerModule]:Start Path = C:\Projetos_WEB\ERP_Importa\
ERPImporta.exe: 000008B4: 16:11:09 [TUniServerModule]:Debug Mode = ON
ERPImporta.exe: 000008B4: 16:11:09 [TUniServerModule]:Starting HTTP Server on Port: 8077...
ERPImporta.exe: 000008B4: 16:11:09 [TUniServerModule]:HTTP Server Started on Port: 8077
ERPImporta.exe: 000021E8: 16:11:57 []:>--------------------------------------------------------------<
ERPImporta.exe: 000021E8: 16:11:57 [TUniServerModule]:Server First Init.
ERPImporta.exe: 000021E8: 16:11:57 [TUniServerModule]:Start Path = C:\Projetos_WEB\ERP_Importa\
ERPImporta.exe: 000021E8: 16:11:57 [TUniServerModule]:Debug Mode = ON
ERPImporta.exe: 000021E8: 16:11:57 [TUniServerModule]:Starting HTTP Server on Port: 8077...
ERPImporta.exe: 000021E8: 16:11:57 [TUniServerModule]:HTTP Server Started on Port: 8077
ERPImporta.exe: 00003C50: 16:13:28 []:>--------------------------------------------------------------<
ERPImporta.exe: 00003C50: 16:13:28 [TUniServerModule]:Server First Init.
ERPImporta.exe: 00003C50: 16:13:28 [TUniServerModule]:Start Path = C:\Projetos_WEB\ERP_Importa\
ERPImporta.exe: 00003C50: 16:13:28 [TUniServerModule]:Debug Mode = ON
ERPImporta.exe: 00003C50: 16:13:28 [TUniGUISessionManager]:Cache erase job created, Folder count: [1]
ERPImporta.exe: 00003C50: 16:13:28 [TUniServerModule]:Starting HTTP Server on Port: 8077...
ERPImporta.exe: 00003C50: 16:13:28 [TUniServerModule]:HTTP Server Started on Port: 8077
ERPImporta.exe: 00000EBC: 16:18:22 []:>--------------------------------------------------------------<
ERPImporta.exe: 00000EBC: 16:18:22 [TUniServerModule]:Server First Init.
ERPImporta.exe: 00000EBC: 16:18:22 [TUniServerModule]:Start Path = C:\Projetos_WEB\ERP_Importa\
ERPImporta.exe: 00000EBC: 16:18:22 [TUniServerModule]:Debug Mode = ON
ERPImporta.exe: 00000EBC: 16:18:22 [TUniGUISessionManager]:Cache erase job created, Folder count: [1]
ERPImporta.exe: 00000EBC: 16:18:22 [TUniServerModule]:Starting HTTP Server on Port: 8077...
ERPImporta.exe: 00000EBC: 16:18:22 [TUniServerModule]:HTTP Server Started on Port: 8077
ERPImporta.exe: 00001630: 16:19:20 []:>--------------------------------------------------------------<
ERPImporta.exe: 00001630: 16:19:20 [TUniServerModule]:Server First Init.
ERPImporta.exe: 00001630: 16:19:21 [TUniServerModule]:Start Path = C:\Projetos_WEB\ERP_Importa\
ERPImporta.exe: 00001630: 16:19:21 [TUniServerModule]:Debug Mode = ON
ERPImporta.exe: 00001630: 16:19:21 [TUniGUISessionManager]:Cache erase job created, Folder count: [1]
ERPImporta.exe: 00001630: 16:19:21 [TUniServerModule]:Starting HTTP Server on Port: 8077...
ERPImporta.exe: 00001630: 16:19:21 [TUniServerModule]:HTTP Server Started on Port: 8077
ERPImporta.exe: 00002034: 16:23:30 []:>--------------------------------------------------------------<
ERPImporta.exe: 00002034: 16:23:30 [TUniServerModule]:Server First Init.
ERPImporta.exe: 00002034: 16:23:30 [TUniServerModule]:Start Path = C:\Projetos_WEB\ERP_Importa\
ERPImporta.exe: 00002034: 16:23:30 [TUniServerModule]:Debug Mode = ON
ERPImporta.exe: 00002034: 16:23:30 [TUniGUISessionManager]:Cache erase job created, Folder count: [1]
ERPImporta.exe: 00002034: 16:23:31 [TUniServerModule]:Starting HTTP Server on Port: 8077...
ERPImporta.exe: 00002034: 16:23:31 [TUniServerModule]:HTTP Server Started on Port: 8077
ERPImporta.exe: 00003E28: 16:26:31 []:>--------------------------------------------------------------<
ERPImporta.exe: 00003E28: 16:26:31 [TUniServerModule]:Server First Init.
ERPImporta.exe: 00003E28: 16:26:31 [TUniServerModule]:Start Path = C:\Projetos_WEB\ERP_Importa\
ERPImporta.exe: 00003E28: 16:26:31 [TUniServerModule]:Debug Mode = ON
ERPImporta.exe: 00003E28: 16:26:31 [TUniGUISessionManager]:Cache erase job created, Folder count: [1]
ERPImporta.exe: 00003E28: 16:26:31 [TUniServerModule]:Starting HTTP Server on Port: 8077...
ERPImporta.exe: 00003E28: 16:26:31 [TUniServerModule]:HTTP Server Started on Port: 8077
ERPImporta.exe: 000022E0: 16:27:49 []:>--------------------------------------------------------------<
ERPImporta.exe: 000022E0: 16:27:49 [TUniServerModule]:Server First Init.
ERPImporta.exe: 000022E0: 16:27:49 [TUniServerModule]:Start Path = C:\Projetos_WEB\ERP_Importa\
ERPImporta.exe: 000022E0: 16:27:49 [TUniServerModule]:Debug Mode = ON
ERPImporta.exe: 000022E0: 16:27:49 [TUniServerModule]:Starting HTTP Server on Port: 8077...
ERPImporta.exe: 000022E0: 16:27:49 [TUniServerModule]:HTTP Server Started on Port: 8077
ERPImporta.exe: 000002A8: 16:28:53 []:>--------------------------------------------------------------<
ERPImporta.exe: 000002A8: 16:28:53 [TUniServerModule]:Server First Init.
ERPImporta.exe: 000002A8: 16:28:53 [TUniServerModule]:Start Path = C:\Projetos_WEB\ERP_Importa\
ERPImporta.exe: 000002A8: 16:28:53 [TUniServerModule]:Debug Mode = ON
ERPImporta.exe: 000002A8: 16:28:54 [TUniServerModule]:Starting HTTP Server on Port: 8077...
ERPImporta.exe: 000002A8: 16:28:54 [TUniServerModule]:HTTP Server Started on Port: 8077
ERPImporta.exe: 00002340: 16:29:48 []:>--------------------------------------------------------------<
ERPImporta.exe: 00002340: 16:29:48 [TUniServerModule]:Server First Init.
ERPImporta.exe: 00002340: 16:29:48 [TUniServerModule]:Start Path = C:\Projetos_WEB\ERP_Importa\
ERPImporta.exe: 00002340: 16:29:48 [TUniServerModule]:Debug Mode = ON
ERPImporta.exe: 00002340: 16:29:48 [TUniServerModule]:Starting HTTP Server on Port: 8077...
ERPImporta.exe: 00002340: 16:29:48 [TUniServerModule]:HTTP Server Started on Port: 8077
ERPImporta.exe: 00002D68: 16:32:49 []:>--------------------------------------------------------------<
ERPImporta.exe: 00002D68: 16:32:49 [TUniServerModule]:Server First Init.
ERPImporta.exe: 00002D68: 16:32:49 [TUniServerModule]:Start Path = C:\Projetos_WEB\ERP_Importa\
ERPImporta.exe: 00002D68: 16:32:49 [TUniServerModule]:Debug Mode = ON
ERPImporta.exe: 00002D68: 16:32:49 [TUniServerModule]:Starting HTTP Server on Port: 8077...
ERPImporta.exe: 00002D68: 16:32:49 [TUniServerModule]:HTTP Server Started on Port: 8077
ERPImporta.exe: 0000386C: 16:34:25 []:>--------------------------------------------------------------<
ERPImporta.exe: 0000386C: 16:34:25 [TUniServerModule]:Server First Init.
ERPImporta.exe: 0000386C: 16:34:25 [TUniServerModule]:Start Path = C:\Projetos_WEB\ERP_Importa\
ERPImporta.exe: 0000386C: 16:34:25 [TUniServerModule]:Debug Mode = ON
ERPImporta.exe: 0000386C: 16:34:25 [TUniServerModule]:Starting HTTP Server on Port: 8077...
ERPImporta.exe: 0000386C: 16:34:25 [TUniServerModule]:HTTP Server Started on Port: 8077
ERPImporta.exe: 00003FF4: 16:39:55 []:>--------------------------------------------------------------<
ERPImporta.exe: 00003FF4: 16:39:55 [TUniServerModule]:Server First Init.
ERPImporta.exe: 00003FF4: 16:39:55 [TUniServerModule]:Start Path = C:\Projetos_WEB\ERP_Importa\
ERPImporta.exe: 00003FF4: 16:39:56 [TUniServerModule]:Debug Mode = ON
ERPImporta.exe: 00003FF4: 16:39:56 [TUniGUISessionManager]:Cache erase job created, Folder count: [1]
ERPImporta.exe: 00003FF4: 16:39:56 [TUniServerModule]:Starting HTTP Server on Port: 8077...
ERPImporta.exe: 00003FF4: 16:39:56 [TUniServerModule]:HTTP Server Started on Port: 8077
ERPImporta.exe: 00000A08: 16:40:08 [127.0.0.1]:EConvertError : '' is not a valid integer value : Addr: $00427B9E
ERPImporta.exe: 00000A08: 16:40:19 [127.0.0.1]:EConvertError : '' is not a valid integer value : Addr: $00427B9E
ERPImporta.exe: 00000A08: 16:40:30 [127.0.0.1]:EConvertError : '' is not a valid integer value : Addr: $00427B9E
ERPImporta.exe: 00002B78: 17:14:53 []:>--------------------------------------------------------------<
ERPImporta.exe: 00002B78: 17:14:53 [TUniServerModule]:Server First Init.
ERPImporta.exe: 00002B78: 17:14:53 [TUniServerModule]:Start Path = C:\Projetos_WEB\ERP_Importa\
ERPImporta.exe: 00002B78: 17:14:53 [TUniServerModule]:Debug Mode = ON
ERPImporta.exe: 00002B78: 17:14:53 [TUniGUISessionManager]:Cache erase job created, Folder count: [1]
ERPImporta.exe: 00002B78: 17:14:54 [TUniServerModule]:Starting HTTP Server on Port: 8077...
ERPImporta.exe: 00002B78: 17:14:54 [TUniServerModule]:HTTP Server Started on Port: 8077
ERPImporta.exe: 00003E94: 17:15:05 [PedidosNF: Field 'Destinatario' not found-127.0.0.1]:EDatabaseError : PedidosNF: Field 'Destinatario' not found : Addr: $00657B36
ERPImporta.exe: 00003E50: 17:15:34 []:>--------------------------------------------------------------<
ERPImporta.exe: 00003E50: 17:15:34 [TUniServerModule]:Server First Init.
ERPImporta.exe: 00003E50: 17:15:34 [TUniServerModule]:Start Path = C:\Projetos_WEB\ERP_Importa\
ERPImporta.exe: 00003E50: 17:15:34 [TUniServerModule]:Debug Mode = ON
ERPImporta.exe: 00003E50: 17:15:34 [TUniGUISessionManager]:Cache erase job created, Folder count: [1]
ERPImporta.exe: 00003E50: 17:15:35 [TUniServerModule]:Starting HTTP Server on Port: 8077...
ERPImporta.exe: 00003E50: 17:15:35 [TUniServerModule]:HTTP Server Started on Port: 8077
ERPImporta.exe: 00001660: 17:16:05 [127.0.0.1]:EDatabaseError : PedidosNF: Field 'Estado' not found : Addr: $00657B36
