ERPImporta.exe: 00001AF0: 10:16:16 []:>--------------------------------------------------------------<
ERPImporta.exe: 00001AF0: 10:16:16 [TUniServerModule]:Server First Init.
ERPImporta.exe: 00001AF0: 10:16:16 [TUniServerModule]:Start Path = C:\Projetos_WEB\ERP_Importa\
ERPImporta.exe: 00001AF0: 10:16:16 [TUniServerModule]:Debug Mode = ON
ERPImporta.exe: 00001AF0: 10:16:16 [TUniGUISessionManager]:Cache erase job created, Folder count: [1]
ERPImporta.exe: 00001AF0: 10:16:16 [TUniServerModule]:Starting HTTP Server on Port: 8077...
ERPImporta.exe: 00001AF0: 10:16:16 [TUniServerModule]:HTTP Server Started on Port: 8077
ERPImporta.exe: 00000ADC: 10:18:50 []:>--------------------------------------------------------------<
ERPImporta.exe: 00000ADC: 10:18:50 [TUniServerModule]:Server First Init.
ERPImporta.exe: 00000ADC: 10:18:50 [TUniServerModule]:Start Path = C:\Projetos_WEB\ERP_Importa\
ERPImporta.exe: 00000ADC: 10:18:50 [TUniServerModule]:Debug Mode = ON
ERPImporta.exe: 00000ADC: 10:18:50 [TUniServerModule]:Starting HTTP Server on Port: 8077...
ERPImporta.exe: 00000ADC: 10:18:50 [TUniServerModule]:HTTP Server Started on Port: 8077
ERPImporta.exe: 0000223C: 10:22:33 []:>--------------------------------------------------------------<
ERPImporta.exe: 0000223C: 10:22:33 [TUniServerModule]:Server First Init.
ERPImporta.exe: 0000223C: 10:22:33 [TUniServerModule]:Start Path = C:\Projetos_WEB\ERP_Importa\
ERPImporta.exe: 0000223C: 10:22:33 [TUniServerModule]:Debug Mode = ON
ERPImporta.exe: 0000223C: 10:22:33 [TUniServerModule]:Starting HTTP Server on Port: 8077...
ERPImporta.exe: 0000223C: 10:22:33 [TUniServerModule]:HTTP Server Started on Port: 8077
ERPImporta.exe: 00000290: 10:23:42 []:>--------------------------------------------------------------<
ERPImporta.exe: 00000290: 10:23:42 [TUniServerModule]:Server First Init.
ERPImporta.exe: 00000290: 10:23:42 [TUniServerModule]:Start Path = C:\Projetos_WEB\ERP_Importa\
ERPImporta.exe: 00000290: 10:23:42 [TUniServerModule]:Debug Mode = ON
ERPImporta.exe: 00000290: 10:23:43 [TUniServerModule]:Starting HTTP Server on Port: 8077...
ERPImporta.exe: 00000290: 10:23:43 [TUniServerModule]:HTTP Server Started on Port: 8077
ERPImporta.exe: 00002994: 10:25:47 []:>--------------------------------------------------------------<
ERPImporta.exe: 00002994: 10:25:47 [TUniServerModule]:Server First Init.
ERPImporta.exe: 00002994: 10:25:47 [TUniServerModule]:Start Path = C:\Projetos_WEB\ERP_Importa\
ERPImporta.exe: 00002994: 10:25:47 [TUniServerModule]:Debug Mode = ON
ERPImporta.exe: 00002994: 10:25:48 [TUniServerModule]:Starting HTTP Server on Port: 8077...
ERPImporta.exe: 00002994: 10:25:48 [TUniServerModule]:HTTP Server Started on Port: 8077
ERPImporta.exe: 00002144: 10:26:33 []:>--------------------------------------------------------------<
ERPImporta.exe: 00002144: 10:26:33 [TUniServerModule]:Server First Init.
ERPImporta.exe: 00002144: 10:26:33 [TUniServerModule]:Start Path = C:\Projetos_WEB\ERP_Importa\
ERPImporta.exe: 00002144: 10:26:33 [TUniServerModule]:Debug Mode = ON
ERPImporta.exe: 00002144: 10:26:33 [TUniServerModule]:Starting HTTP Server on Port: 8077...
ERPImporta.exe: 00002144: 10:26:33 [TUniServerModule]:HTTP Server Started on Port: 8077
ERPImporta.exe: 000007D0: 10:32:04 []:>--------------------------------------------------------------<
ERPImporta.exe: 000007D0: 10:32:04 [TUniServerModule]:Server First Init.
ERPImporta.exe: 000007D0: 10:32:04 [TUniServerModule]:Start Path = C:\Projetos_WEB\ERP_Importa\
ERPImporta.exe: 000007D0: 10:32:04 [TUniServerModule]:Debug Mode = ON
ERPImporta.exe: 000007D0: 10:32:04 [TUniServerModule]:Starting HTTP Server on Port: 8077...
ERPImporta.exe: 000007D0: 10:32:04 [TUniServerModule]:HTTP Server Started on Port: 8077
ERPImporta.exe: 00001F18: 10:32:28 []:>--------------------------------------------------------------<
ERPImporta.exe: 00001F18: 10:32:28 [TUniServerModule]:Server First Init.
ERPImporta.exe: 00001F18: 10:32:28 [TUniServerModule]:Start Path = C:\Projetos_WEB\ERP_Importa\
ERPImporta.exe: 00001F18: 10:32:28 [TUniServerModule]:Debug Mode = ON
ERPImporta.exe: 00001F18: 10:32:28 [TUniGUISessionManager]:Cache erase job created, Folder count: [1]
ERPImporta.exe: 00001F18: 10:32:29 [TUniServerModule]:Starting HTTP Server on Port: 8077...
ERPImporta.exe: 00001F18: 10:32:29 [TUniServerModule]:HTTP Server Started on Port: 8077
ERPImporta.exe: 00000EE4: 10:35:02 []:>--------------------------------------------------------------<
ERPImporta.exe: 00000EE4: 10:35:02 [TUniServerModule]:Server First Init.
ERPImporta.exe: 00000EE4: 10:35:02 [TUniServerModule]:Start Path = C:\Projetos_WEB\ERP_Importa\
ERPImporta.exe: 00000EE4: 10:35:02 [TUniServerModule]:Debug Mode = ON
ERPImporta.exe: 00000EE4: 10:35:02 [TUniGUISessionManager]:Cache erase job created, Folder count: [1]
ERPImporta.exe: 00000EE4: 10:35:02 [TUniServerModule]:Starting HTTP Server on Port: 8077...
ERPImporta.exe: 00000EE4: 10:35:02 [TUniServerModule]:HTTP Server Started on Port: 8077
ERPImporta.exe: 0000206C: 10:37:09 []:>--------------------------------------------------------------<
ERPImporta.exe: 0000206C: 10:37:09 [TUniServerModule]:Server First Init.
ERPImporta.exe: 0000206C: 10:37:09 [TUniServerModule]:Start Path = C:\Projetos_WEB\ERP_Importa\
ERPImporta.exe: 0000206C: 10:37:09 [TUniServerModule]:Debug Mode = ON
ERPImporta.exe: 0000206C: 10:37:10 [TUniServerModule]:Starting HTTP Server on Port: 8077...
ERPImporta.exe: 0000206C: 10:37:10 [TUniServerModule]:HTTP Server Started on Port: 8077
ERPImporta.exe: 0000133C: 10:38:27 []:>--------------------------------------------------------------<
ERPImporta.exe: 0000133C: 10:38:27 [TUniServerModule]:Server First Init.
ERPImporta.exe: 0000133C: 10:38:27 [TUniServerModule]:Start Path = C:\Projetos_WEB\ERP_Importa\
ERPImporta.exe: 0000133C: 10:38:27 [TUniServerModule]:Debug Mode = ON
ERPImporta.exe: 0000133C: 10:38:27 [TUniServerModule]:Starting HTTP Server on Port: 8077...
ERPImporta.exe: 0000133C: 10:38:27 [TUniServerModule]:HTTP Server Started on Port: 8077
ERPImporta.exe: 000039A0: 10:39:10 []:>--------------------------------------------------------------<
ERPImporta.exe: 000039A0: 10:39:10 [TUniServerModule]:Server First Init.
ERPImporta.exe: 000039A0: 10:39:10 [TUniServerModule]:Start Path = C:\Projetos_WEB\ERP_Importa\
ERPImporta.exe: 000039A0: 10:39:10 [TUniServerModule]:Debug Mode = ON
ERPImporta.exe: 000039A0: 10:39:11 [TUniServerModule]:Starting HTTP Server on Port: 8077...
ERPImporta.exe: 000039A0: 10:39:11 [TUniServerModule]:HTTP Server Started on Port: 8077
ERPImporta.exe: 00000E6C: 10:40:42 []:>--------------------------------------------------------------<
ERPImporta.exe: 00000E6C: 10:40:42 [TUniServerModule]:Server First Init.
ERPImporta.exe: 00000E6C: 10:40:42 [TUniServerModule]:Start Path = C:\Projetos_WEB\ERP_Importa\
ERPImporta.exe: 00000E6C: 10:40:42 [TUniServerModule]:Debug Mode = ON
ERPImporta.exe: 00000E6C: 10:40:42 [TUniGUISessionManager]:Cache erase job created, Folder count: [1]
ERPImporta.exe: 00000E6C: 10:40:42 [TUniServerModule]:Starting HTTP Server on Port: 8077...
ERPImporta.exe: 00000E6C: 10:40:43 [TUniServerModule]:HTTP Server Started on Port: 8077
ERPImporta.exe: 00000BE0: 10:40:56 [cValor_Real: Field 'Valor_Real' not found-127.0.0.1]:EDatabaseError : cValor_Real: Field 'Valor_Real' not found : Addr: $0065756A
ERPImporta.exe: 000034B4: 10:40:57 [127.0.0.1]:EAccessViolation : Access violation at address 0067121E in module 'ERPImporta.exe'. Read of address 00000000 : Addr: $0067121E
ERPImporta.exe: 00002A34: 10:42:07 []:>--------------------------------------------------------------<
ERPImporta.exe: 00002A34: 10:42:07 [TUniServerModule]:Server First Init.
ERPImporta.exe: 00002A34: 10:42:07 [TUniServerModule]:Start Path = C:\Projetos_WEB\ERP_Importa\
ERPImporta.exe: 00002A34: 10:42:07 [TUniServerModule]:Debug Mode = ON
ERPImporta.exe: 00002A34: 10:42:07 [TUniGUISessionManager]:Cache erase job created, Folder count: [1]
ERPImporta.exe: 00002A34: 10:42:08 [TUniServerModule]:Starting HTTP Server on Port: 8077...
ERPImporta.exe: 00002A34: 10:42:08 [TUniServerModule]:HTTP Server Started on Port: 8077
