ERPImporta.exe: 00001EA0: 13:53:17 []:>--------------------------------------------------------------<
ERPImporta.exe: 00001EA0: 13:53:17 [TUniServerModule]:Server First Init.
ERPImporta.exe: 00001EA0: 13:53:17 [TUniServerModule]:Start Path = C:\Projetos_WEB\ERP_Importa\
ERPImporta.exe: 00001EA0: 13:53:17 [TUniServerModule]:Debug Mode = ON
ERPImporta.exe: 00001EA0: 13:53:18 [TUniServerModule]:Starting HTTP Server on Port: 8077...
ERPImporta.exe: 00001EA0: 13:53:18 [TUniServerModule]:HTTP Server Started on Port: 8077
ERPImporta.exe: 00000C1C: 13:53:33 []:>--------------------------------------------------------------<
ERPImporta.exe: 00000C1C: 13:53:33 [TUniServerModule]:Server First Init.
ERPImporta.exe: 00000C1C: 13:53:33 [TUniServerModule]:Start Path = C:\Projetos_WEB\ERP_Importa\
ERPImporta.exe: 00000C1C: 13:53:33 [TUniServerModule]:Debug Mode = ON
ERPImporta.exe: 00000C1C: 13:53:33 [TUniGUISessionManager]:Cache erase job created, Folder count: [1]
ERPImporta.exe: 00000C1C: 13:53:33 [TUniServerModule]:Starting HTTP Server on Port: 8077...
ERPImporta.exe: 00000C1C: 13:53:33 [TUniServerModule]:HTTP Server Started on Port: 8077
ERPImporta.exe: 00002284: 13:58:28 []:>--------------------------------------------------------------<
ERPImporta.exe: 00002284: 13:58:28 [TUniServerModule]:Server First Init.
ERPImporta.exe: 00002284: 13:58:28 [TUniServerModule]:Start Path = C:\Projetos_WEB\ERP_Importa\
ERPImporta.exe: 00002284: 13:58:28 [TUniServerModule]:Debug Mode = ON
ERPImporta.exe: 00002284: 13:58:28 [TUniServerModule]:Starting HTTP Server on Port: 8077...
ERPImporta.exe: 00002284: 13:58:28 [TUniServerModule]:HTTP Server Started on Port: 8077
ERPImporta.exe: 00002734: 13:58:57 [HandleFileRequest[127.0.0.1]]:File not found: C:\Projetos_WEB\ERP_Importa\files\images\fundo8.jpg
ERPImporta.exe: 00002C50: 14:00:10 []:>--------------------------------------------------------------<
ERPImporta.exe: 00002C50: 14:00:10 [TUniServerModule]:Server First Init.
ERPImporta.exe: 00002C50: 14:00:10 [TUniServerModule]:Start Path = C:\Projetos_WEB\ERP_Importa\
ERPImporta.exe: 00002C50: 14:00:10 [TUniServerModule]:Debug Mode = ON
ERPImporta.exe: 00002C50: 14:00:10 [TUniServerModule]:Starting HTTP Server on Port: 8077...
ERPImporta.exe: 00002C50: 14:00:10 [TUniServerModule]:HTTP Server Started on Port: 8077
ERPImporta.exe: 00001454: 14:00:55 []:>--------------------------------------------------------------<
ERPImporta.exe: 00001454: 14:00:55 [TUniServerModule]:Server First Init.
ERPImporta.exe: 00001454: 14:00:55 [TUniServerModule]:Start Path = C:\Projetos_WEB\ERP_Importa\
ERPImporta.exe: 00001454: 14:00:55 [TUniServerModule]:Debug Mode = ON
ERPImporta.exe: 00001454: 14:00:56 [TUniServerModule]:Starting HTTP Server on Port: 8077...
ERPImporta.exe: 00001454: 14:00:56 [TUniServerModule]:HTTP Server Started on Port: 8077
ERPImporta.exe: 00002B0C: 14:01:37 []:>--------------------------------------------------------------<
ERPImporta.exe: 00002B0C: 14:01:37 [TUniServerModule]:Server First Init.
ERPImporta.exe: 00002B0C: 14:01:37 [TUniServerModule]:Start Path = C:\Projetos_WEB\ERP_Importa\
ERPImporta.exe: 00002B0C: 14:01:37 [TUniServerModule]:Debug Mode = ON
ERPImporta.exe: 00002B0C: 14:01:37 [TUniGUISessionManager]:Cache erase job created, Folder count: [1]
ERPImporta.exe: 00002B0C: 14:01:38 [TUniServerModule]:Starting HTTP Server on Port: 8077...
ERPImporta.exe: 00002B0C: 14:01:38 [TUniServerModule]:HTTP Server Started on Port: 8077
ERPImporta.exe: 00001220: 14:03:58 []:>--------------------------------------------------------------<
ERPImporta.exe: 00001220: 14:03:58 [TUniServerModule]:Server First Init.
ERPImporta.exe: 00001220: 14:03:58 [TUniServerModule]:Start Path = C:\Projetos_WEB\ERP_Importa\
ERPImporta.exe: 00001220: 14:03:58 [TUniServerModule]:Debug Mode = ON
ERPImporta.exe: 00001220: 14:03:58 [TUniServerModule]:Starting HTTP Server on Port: 8077...
ERPImporta.exe: 00001220: 14:03:58 [TUniServerModule]:HTTP Server Started on Port: 8077
ERPImporta.exe: 00002D8C: 14:04:37 []:>--------------------------------------------------------------<
ERPImporta.exe: 00002D8C: 14:04:37 [TUniServerModule]:Server First Init.
ERPImporta.exe: 00002D8C: 14:04:37 [TUniServerModule]:Start Path = C:\Projetos_WEB\ERP_Importa\
ERPImporta.exe: 00002D8C: 14:04:37 [TUniServerModule]:Debug Mode = ON
ERPImporta.exe: 00002D8C: 14:04:37 [TUniServerModule]:Starting HTTP Server on Port: 8077...
ERPImporta.exe: 00002D8C: 14:04:37 [TUniServerModule]:HTTP Server Started on Port: 8077
ERPImporta.exe: 00003BE4: 14:05:34 []:>--------------------------------------------------------------<
ERPImporta.exe: 00003BE4: 14:05:34 [TUniServerModule]:Server First Init.
ERPImporta.exe: 00003BE4: 14:05:34 [TUniServerModule]:Start Path = C:\Projetos_WEB\ERP_Importa\
ERPImporta.exe: 00003BE4: 14:05:34 [TUniServerModule]:Debug Mode = ON
ERPImporta.exe: 00003BE4: 14:05:34 [TUniServerModule]:Starting HTTP Server on Port: 8077...
ERPImporta.exe: 00003BE4: 14:05:34 [TUniServerModule]:HTTP Server Started on Port: 8077
ERPImporta.exe: 000039F0: 14:06:42 []:>--------------------------------------------------------------<
ERPImporta.exe: 000039F0: 14:06:42 [TUniServerModule]:Server First Init.
ERPImporta.exe: 000039F0: 14:06:42 [TUniServerModule]:Start Path = C:\Projetos_WEB\ERP_Importa\
ERPImporta.exe: 000039F0: 14:06:42 [TUniServerModule]:Debug Mode = ON
ERPImporta.exe: 000039F0: 14:06:43 [TUniServerModule]:Starting HTTP Server on Port: 8077...
ERPImporta.exe: 000039F0: 14:06:43 [TUniServerModule]:HTTP Server Started on Port: 8077
ERPImporta.exe: 00001EA0: 14:06:51 [HandleFileRequest[127.0.0.1]]:File not found: C:\Projetos_WEB\ERP_Importa\files\images\fundo8.jpg
ERPImporta.exe: 00001284: 14:09:51 []:>--------------------------------------------------------------<
ERPImporta.exe: 00001284: 14:09:51 [TUniServerModule]:Server First Init.
ERPImporta.exe: 00001284: 14:09:51 [TUniServerModule]:Start Path = C:\Projetos_WEB\ERP_Importa\
ERPImporta.exe: 00001284: 14:09:51 [TUniServerModule]:Debug Mode = ON
ERPImporta.exe: 00001284: 14:09:51 [TUniServerModule]:Starting HTTP Server on Port: 8077...
ERPImporta.exe: 00001284: 14:09:51 [TUniServerModule]:HTTP Server Started on Port: 8077
ERPImporta.exe: 00002A40: 14:10:35 []:>--------------------------------------------------------------<
ERPImporta.exe: 00002A40: 14:10:35 [TUniServerModule]:Server First Init.
ERPImporta.exe: 00002A40: 14:10:35 [TUniServerModule]:Start Path = C:\Projetos_WEB\ERP_Importa\
ERPImporta.exe: 00002A40: 14:10:35 [TUniServerModule]:Debug Mode = ON
ERPImporta.exe: 00002A40: 14:10:35 [TUniGUISessionManager]:Cache erase job created, Folder count: [1]
ERPImporta.exe: 00002A40: 14:10:35 [TUniServerModule]:Starting HTTP Server on Port: 8077...
ERPImporta.exe: 00002A40: 14:10:36 [TUniServerModule]:HTTP Server Started on Port: 8077
ERPImporta.exe: 00003954: 14:11:56 []:>--------------------------------------------------------------<
ERPImporta.exe: 00003954: 14:11:56 [TUniServerModule]:Server First Init.
ERPImporta.exe: 00003954: 14:11:56 [TUniServerModule]:Start Path = C:\Projetos_WEB\ERP_Importa\
ERPImporta.exe: 00003954: 14:11:56 [TUniServerModule]:Debug Mode = ON
ERPImporta.exe: 00003954: 14:11:57 [TUniServerModule]:Starting HTTP Server on Port: 8077...
ERPImporta.exe: 00003954: 14:11:57 [TUniServerModule]:HTTP Server Started on Port: 8077
ERPImporta.exe: 000031A8: 14:12:30 []:>--------------------------------------------------------------<
ERPImporta.exe: 000031A8: 14:12:30 [TUniServerModule]:Server First Init.
ERPImporta.exe: 000031A8: 14:12:30 [TUniServerModule]:Start Path = C:\Projetos_WEB\ERP_Importa\
ERPImporta.exe: 000031A8: 14:12:30 [TUniServerModule]:Debug Mode = ON
ERPImporta.exe: 000031A8: 14:12:30 [TUniGUISessionManager]:Cache erase job created, Folder count: [1]
ERPImporta.exe: 000031A8: 14:12:30 [TUniServerModule]:Starting HTTP Server on Port: 8077...
ERPImporta.exe: 000031A8: 14:12:31 [TUniServerModule]:HTTP Server Started on Port: 8077
ERPImporta.exe: 00001C64: 14:13:13 []:>--------------------------------------------------------------<
ERPImporta.exe: 00001C64: 14:13:13 [TUniServerModule]:Server First Init.
ERPImporta.exe: 00001C64: 14:13:13 [TUniServerModule]:Start Path = C:\Projetos_WEB\ERP_Importa\
ERPImporta.exe: 00001C64: 14:13:13 [TUniServerModule]:Debug Mode = ON
ERPImporta.exe: 00001C64: 14:13:13 [TUniGUISessionManager]:Cache erase job created, Folder count: [1]
ERPImporta.exe: 00001C64: 14:13:14 [TUniServerModule]:Starting HTTP Server on Port: 8077...
ERPImporta.exe: 00001C64: 14:13:14 [TUniServerModule]:HTTP Server Started on Port: 8077
ERPImporta.exe: 00002DDC: 14:14:48 []:>--------------------------------------------------------------<
ERPImporta.exe: 00002DDC: 14:14:48 [TUniServerModule]:Server First Init.
ERPImporta.exe: 00002DDC: 14:14:48 [TUniServerModule]:Start Path = C:\Projetos_WEB\ERP_Importa\
ERPImporta.exe: 00002DDC: 14:14:48 [TUniServerModule]:Debug Mode = ON
ERPImporta.exe: 00002DDC: 14:14:48 [TUniServerModule]:Starting HTTP Server on Port: 8077...
ERPImporta.exe: 00002DDC: 14:14:48 [TUniServerModule]:HTTP Server Started on Port: 8077
ERPImporta.exe: 00000F70: 14:17:32 []:>--------------------------------------------------------------<
ERPImporta.exe: 00000F70: 14:17:32 [TUniServerModule]:Server First Init.
ERPImporta.exe: 00000F70: 14:17:32 [TUniServerModule]:Start Path = C:\Projetos_WEB\ERP_Importa\
ERPImporta.exe: 00000F70: 14:17:32 [TUniServerModule]:Debug Mode = ON
ERPImporta.exe: 00000F70: 14:17:32 [TUniServerModule]:Starting HTTP Server on Port: 8077...
ERPImporta.exe: 00000F70: 14:17:32 [TUniServerModule]:HTTP Server Started on Port: 8077
ERPImporta.exe: 00003F6C: 14:19:09 []:>--------------------------------------------------------------<
ERPImporta.exe: 00003F6C: 14:19:09 [TUniServerModule]:Server First Init.
ERPImporta.exe: 00003F6C: 14:19:09 [TUniServerModule]:Start Path = C:\Projetos_WEB\ERP_Importa\
ERPImporta.exe: 00003F6C: 14:19:09 [TUniServerModule]:Debug Mode = ON
ERPImporta.exe: 00003F6C: 14:19:09 [TUniServerModule]:Starting HTTP Server on Port: 8077...
ERPImporta.exe: 00003F6C: 14:19:09 [TUniServerModule]:HTTP Server Started on Port: 8077
ERPImporta.exe: 000023BC: 14:20:05 []:>--------------------------------------------------------------<
ERPImporta.exe: 000023BC: 14:20:05 [TUniServerModule]:Server First Init.
ERPImporta.exe: 000023BC: 14:20:05 [TUniServerModule]:Start Path = C:\Projetos_WEB\ERP_Importa\
ERPImporta.exe: 000023BC: 14:20:05 [TUniServerModule]:Debug Mode = ON
ERPImporta.exe: 000023BC: 14:20:05 [TUniGUISessionManager]:Cache erase job created, Folder count: [1]
ERPImporta.exe: 000023BC: 14:20:05 [TUniServerModule]:Starting HTTP Server on Port: 8077...
ERPImporta.exe: 000023BC: 14:20:05 [TUniServerModule]:HTTP Server Started on Port: 8077
ERPImporta.exe: 00001E7C: 14:20:42 []:>--------------------------------------------------------------<
ERPImporta.exe: 00001E7C: 14:20:42 [TUniServerModule]:Server First Init.
ERPImporta.exe: 00001E7C: 14:20:42 [TUniServerModule]:Start Path = C:\Projetos_WEB\ERP_Importa\
ERPImporta.exe: 00001E7C: 14:20:42 [TUniServerModule]:Debug Mode = ON
ERPImporta.exe: 00001E7C: 14:20:42 [TUniGUISessionManager]:Cache erase job created, Folder count: [1]
ERPImporta.exe: 00001E7C: 14:20:42 [TUniServerModule]:Starting HTTP Server on Port: 8077...
ERPImporta.exe: 00001E7C: 14:20:42 [TUniServerModule]:HTTP Server Started on Port: 8077
ERPImporta.exe: 00002D24: 14:23:21 []:>--------------------------------------------------------------<
ERPImporta.exe: 00002D24: 14:23:21 [TUniServerModule]:Server First Init.
ERPImporta.exe: 00002D24: 14:23:21 [TUniServerModule]:Start Path = C:\Projetos_WEB\ERP_Importa\
ERPImporta.exe: 00002D24: 14:23:21 [TUniServerModule]:Debug Mode = ON
ERPImporta.exe: 00002D24: 14:23:21 [TUniServerModule]:Starting HTTP Server on Port: 8077...
ERPImporta.exe: 00002D24: 14:23:21 [TUniServerModule]:HTTP Server Started on Port: 8077
ERPImporta.exe: 0000069C: 14:24:03 []:>--------------------------------------------------------------<
ERPImporta.exe: 0000069C: 14:24:03 [TUniServerModule]:Server First Init.
ERPImporta.exe: 0000069C: 14:24:03 [TUniServerModule]:Start Path = C:\Projetos_WEB\ERP_Importa\
ERPImporta.exe: 0000069C: 14:24:03 [TUniServerModule]:Debug Mode = ON
ERPImporta.exe: 0000069C: 14:24:04 [TUniServerModule]:Starting HTTP Server on Port: 8077...
ERPImporta.exe: 0000069C: 14:24:04 [TUniServerModule]:HTTP Server Started on Port: 8077
ERPImporta.exe: 00001198: 14:24:16 [HandleFileRequest[127.0.0.1]]:File not found: C:\Projetos_WEB\ERP_Importa\files\images\fundo8.jpg
ERPImporta.exe: 00003CD0: 14:24:43 []:>--------------------------------------------------------------<
ERPImporta.exe: 00003CD0: 14:24:43 [TUniServerModule]:Server First Init.
ERPImporta.exe: 00003CD0: 14:24:43 [TUniServerModule]:Start Path = C:\Projetos_WEB\ERP_Importa\
ERPImporta.exe: 00003CD0: 14:24:43 [TUniServerModule]:Debug Mode = ON
ERPImporta.exe: 00003CD0: 14:24:43 [TUniGUISessionManager]:Cache erase job created, Folder count: [1]
ERPImporta.exe: 00003CD0: 14:24:44 [TUniServerModule]:Starting HTTP Server on Port: 8077...
ERPImporta.exe: 00003CD0: 14:24:44 [TUniServerModule]:HTTP Server Started on Port: 8077
ERPImporta.exe: 00000D20: 14:25:17 []:>--------------------------------------------------------------<
ERPImporta.exe: 00000D20: 14:25:17 [TUniServerModule]:Server First Init.
ERPImporta.exe: 00000D20: 14:25:17 [TUniServerModule]:Start Path = C:\Projetos_WEB\ERP_Importa\
ERPImporta.exe: 00000D20: 14:25:17 [TUniServerModule]:Debug Mode = ON
ERPImporta.exe: 00000D20: 14:25:17 [TUniGUISessionManager]:Cache erase job created, Folder count: [1]
ERPImporta.exe: 00000D20: 14:25:17 [TUniServerModule]:Starting HTTP Server on Port: 8077...
ERPImporta.exe: 00000D20: 14:25:17 [TUniServerModule]:HTTP Server Started on Port: 8077
ERPImporta.exe: 0000115C: 14:26:38 []:>--------------------------------------------------------------<
ERPImporta.exe: 0000115C: 14:26:38 [TUniServerModule]:Server First Init.
ERPImporta.exe: 0000115C: 14:26:38 [TUniServerModule]:Start Path = C:\Projetos_WEB\ERP_Importa\
ERPImporta.exe: 0000115C: 14:26:38 [TUniServerModule]:Debug Mode = ON
ERPImporta.exe: 0000115C: 14:26:38 [TUniServerModule]:Starting HTTP Server on Port: 8077...
ERPImporta.exe: 0000115C: 14:26:38 [TUniServerModule]:HTTP Server Started on Port: 8077
ERPImporta.exe: 00001F88: 14:26:46 [HandleFileRequest[127.0.0.1]]:File not found: C:\Projetos_WEB\ERP_Importa\files\images\fundo8.jpg
ERPImporta.exe: 0000397C: 14:28:48 []:>--------------------------------------------------------------<
ERPImporta.exe: 0000397C: 14:28:48 [TUniServerModule]:Server First Init.
ERPImporta.exe: 0000397C: 14:28:48 [TUniServerModule]:Start Path = C:\Projetos_WEB\ERP_Importa\
ERPImporta.exe: 0000397C: 14:28:48 [TUniServerModule]:Debug Mode = ON
ERPImporta.exe: 0000397C: 14:28:48 [TUniGUISessionManager]:Cache erase job created, Folder count: [1]
ERPImporta.exe: 0000397C: 14:28:48 [TUniServerModule]:Starting HTTP Server on Port: 8077...
ERPImporta.exe: 0000397C: 14:28:48 [TUniServerModule]:HTTP Server Started on Port: 8077
ERPImporta.exe: 0000289C: 14:30:10 []:>--------------------------------------------------------------<
ERPImporta.exe: 0000289C: 14:30:10 [TUniServerModule]:Server First Init.
ERPImporta.exe: 0000289C: 14:30:10 [TUniServerModule]:Start Path = C:\Projetos_WEB\ERP_Importa\
ERPImporta.exe: 0000289C: 14:30:10 [TUniServerModule]:Debug Mode = ON
ERPImporta.exe: 0000289C: 14:30:10 [TUniGUISessionManager]:Cache erase job created, Folder count: [1]
ERPImporta.exe: 0000289C: 14:30:10 [TUniServerModule]:Starting HTTP Server on Port: 8077...
ERPImporta.exe: 0000289C: 14:30:10 [TUniServerModule]:HTTP Server Started on Port: 8077
ERPImporta.exe: 00003E58: 14:30:53 []:>--------------------------------------------------------------<
ERPImporta.exe: 00003E58: 14:30:53 [TUniServerModule]:Server First Init.
ERPImporta.exe: 00003E58: 14:30:53 [TUniServerModule]:Start Path = C:\Projetos_WEB\ERP_Importa\
ERPImporta.exe: 00003E58: 14:30:53 [TUniServerModule]:Debug Mode = ON
ERPImporta.exe: 00003E58: 14:30:53 [TUniServerModule]:Starting HTTP Server on Port: 8077...
ERPImporta.exe: 00003E58: 14:30:53 [TUniServerModule]:HTTP Server Started on Port: 8077
ERPImporta.exe: 00001188: 14:32:31 []:>--------------------------------------------------------------<
ERPImporta.exe: 00001188: 14:32:31 [TUniServerModule]:Server First Init.
ERPImporta.exe: 00001188: 14:32:31 [TUniServerModule]:Start Path = C:\Projetos_WEB\ERP_Importa\
ERPImporta.exe: 00001188: 14:32:31 [TUniServerModule]:Debug Mode = ON
ERPImporta.exe: 00001188: 14:32:31 [TUniServerModule]:Starting HTTP Server on Port: 8077...
ERPImporta.exe: 00001188: 14:32:31 [TUniServerModule]:HTTP Server Started on Port: 8077
ERPImporta.exe: 00003D88: 14:33:40 []:>--------------------------------------------------------------<
ERPImporta.exe: 00003D88: 14:33:40 [TUniServerModule]:Server First Init.
ERPImporta.exe: 00003D88: 14:33:40 [TUniServerModule]:Start Path = C:\Projetos_WEB\ERP_Importa\
ERPImporta.exe: 00003D88: 14:33:40 [TUniServerModule]:Debug Mode = ON
ERPImporta.exe: 00003D88: 14:33:41 [TUniServerModule]:Starting HTTP Server on Port: 8077...
ERPImporta.exe: 00003D88: 14:33:41 [TUniServerModule]:HTTP Server Started on Port: 8077
ERPImporta.exe: 00001060: 14:36:27 []:>--------------------------------------------------------------<
ERPImporta.exe: 00001060: 14:36:27 [TUniServerModule]:Server First Init.
ERPImporta.exe: 00001060: 14:36:27 [TUniServerModule]:Start Path = C:\Projetos_WEB\ERP_Importa\
ERPImporta.exe: 00001060: 14:36:27 [TUniServerModule]:Debug Mode = ON
ERPImporta.exe: 00001060: 14:36:28 [TUniServerModule]:Starting HTTP Server on Port: 8077...
ERPImporta.exe: 00001060: 14:36:28 [TUniServerModule]:HTTP Server Started on Port: 8077
ERPImporta.exe: 00000C2C: 14:38:34 []:>--------------------------------------------------------------<
ERPImporta.exe: 00000C2C: 14:38:34 [TUniServerModule]:Server First Init.
ERPImporta.exe: 00000C2C: 14:38:34 [TUniServerModule]:Start Path = C:\Projetos_WEB\ERP_Importa\
ERPImporta.exe: 00000C2C: 14:38:34 [TUniServerModule]:Debug Mode = ON
ERPImporta.exe: 00000C2C: 14:38:35 [TUniServerModule]:Starting HTTP Server on Port: 8077...
ERPImporta.exe: 00000C2C: 14:38:35 [TUniServerModule]:HTTP Server Started on Port: 8077
ERPImporta.exe: 00002B04: 14:55:00 []:>--------------------------------------------------------------<
ERPImporta.exe: 00002B04: 14:55:00 [TUniServerModule]:Server First Init.
ERPImporta.exe: 00002B04: 14:55:00 [TUniServerModule]:Start Path = C:\Projetos_WEB\ERP_Importa\
ERPImporta.exe: 00002B04: 14:55:00 [TUniServerModule]:Debug Mode = ON
ERPImporta.exe: 00002B04: 14:55:00 [TUniServerModule]:Starting HTTP Server on Port: 8077...
ERPImporta.exe: 00002B04: 14:55:00 [TUniServerModule]:HTTP Server Started on Port: 8077
ERPImporta.exe: 00001140: 14:56:28 []:>--------------------------------------------------------------<
ERPImporta.exe: 00001140: 14:56:28 [TUniServerModule]:Server First Init.
ERPImporta.exe: 00001140: 14:56:28 [TUniServerModule]:Start Path = C:\Projetos_WEB\ERP_Importa\
ERPImporta.exe: 00001140: 14:56:28 [TUniServerModule]:Debug Mode = ON
ERPImporta.exe: 00001140: 14:56:28 [TUniServerModule]:Starting HTTP Server on Port: 8077...
ERPImporta.exe: 00001140: 14:56:28 [TUniServerModule]:HTTP Server Started on Port: 8077
ERPImporta.exe: 00003AE0: 14:58:51 []:>--------------------------------------------------------------<
ERPImporta.exe: 00003AE0: 14:58:51 [TUniServerModule]:Server First Init.
ERPImporta.exe: 00003AE0: 14:58:51 [TUniServerModule]:Start Path = C:\Projetos_WEB\ERP_Importa\
ERPImporta.exe: 00003AE0: 14:58:51 [TUniServerModule]:Debug Mode = ON
ERPImporta.exe: 00003AE0: 14:58:51 [TUniServerModule]:Starting HTTP Server on Port: 8077...
ERPImporta.exe: 00003AE0: 14:58:51 [TUniServerModule]:HTTP Server Started on Port: 8077
ERPImporta.exe: 00002730: 14:59:38 []:>--------------------------------------------------------------<
ERPImporta.exe: 00002730: 14:59:38 [TUniServerModule]:Server First Init.
ERPImporta.exe: 00002730: 14:59:38 [TUniServerModule]:Start Path = C:\Projetos_WEB\ERP_Importa\
ERPImporta.exe: 00002730: 14:59:38 [TUniServerModule]:Debug Mode = ON
ERPImporta.exe: 00002730: 14:59:38 [TUniGUISessionManager]:Cache erase job created, Folder count: [1]
ERPImporta.exe: 00002730: 14:59:38 [TUniServerModule]:Starting HTTP Server on Port: 8077...
ERPImporta.exe: 00002730: 14:59:39 [TUniServerModule]:HTTP Server Started on Port: 8077
ERPImporta.exe: 00003874: 15:00:07 []:>--------------------------------------------------------------<
ERPImporta.exe: 00003874: 15:00:07 [TUniServerModule]:Server First Init.
ERPImporta.exe: 00003874: 15:00:07 [TUniServerModule]:Start Path = C:\Projetos_WEB\ERP_Importa\
ERPImporta.exe: 00003874: 15:00:07 [TUniServerModule]:Debug Mode = ON
ERPImporta.exe: 00003874: 15:00:07 [TUniGUISessionManager]:Cache erase job created, Folder count: [1]
ERPImporta.exe: 00003874: 15:00:07 [TUniServerModule]:Starting HTTP Server on Port: 8077...
ERPImporta.exe: 00003874: 15:00:07 [TUniServerModule]:HTTP Server Started on Port: 8077
ERPImporta.exe: 0000300C: 15:00:51 []:>--------------------------------------------------------------<
ERPImporta.exe: 0000300C: 15:00:51 [TUniServerModule]:Server First Init.
ERPImporta.exe: 0000300C: 15:00:51 [TUniServerModule]:Start Path = C:\Projetos_WEB\ERP_Importa\
ERPImporta.exe: 0000300C: 15:00:51 [TUniServerModule]:Debug Mode = ON
ERPImporta.exe: 0000300C: 15:00:51 [TUniServerModule]:Starting HTTP Server on Port: 8077...
ERPImporta.exe: 0000300C: 15:00:52 [TUniServerModule]:HTTP Server Started on Port: 8077
ERPImporta.exe: 00003468: 15:01:44 []:>--------------------------------------------------------------<
ERPImporta.exe: 00003468: 15:01:44 [TUniServerModule]:Server First Init.
ERPImporta.exe: 00003468: 15:01:44 [TUniServerModule]:Start Path = C:\Projetos_WEB\ERP_Importa\
ERPImporta.exe: 00003468: 15:01:44 [TUniServerModule]:Debug Mode = ON
ERPImporta.exe: 00003468: 15:01:44 [TUniGUISessionManager]:Cache erase job created, Folder count: [1]
ERPImporta.exe: 00003468: 15:01:44 [TUniServerModule]:Starting HTTP Server on Port: 8077...
ERPImporta.exe: 00003468: 15:01:44 [TUniServerModule]:HTTP Server Started on Port: 8077
ERPImporta.exe: 00003910: 15:02:22 []:>--------------------------------------------------------------<
ERPImporta.exe: 00003910: 15:02:22 [TUniServerModule]:Server First Init.
ERPImporta.exe: 00003910: 15:02:22 [TUniServerModule]:Start Path = C:\Projetos_WEB\ERP_Importa\
ERPImporta.exe: 00003910: 15:02:22 [TUniServerModule]:Debug Mode = ON
ERPImporta.exe: 00003910: 15:02:22 [TUniGUISessionManager]:Cache erase job created, Folder count: [1]
ERPImporta.exe: 00003910: 15:02:23 [TUniServerModule]:Starting HTTP Server on Port: 8077...
ERPImporta.exe: 00003910: 15:02:23 [TUniServerModule]:HTTP Server Started on Port: 8077
ERPImporta.exe: 00001E7C: 15:02:58 []:>--------------------------------------------------------------<
ERPImporta.exe: 00001E7C: 15:02:58 [TUniServerModule]:Server First Init.
ERPImporta.exe: 00001E7C: 15:02:58 [TUniServerModule]:Start Path = C:\Projetos_WEB\ERP_Importa\
ERPImporta.exe: 00001E7C: 15:02:58 [TUniServerModule]:Debug Mode = ON
ERPImporta.exe: 00001E7C: 15:02:58 [TUniServerModule]:Starting HTTP Server on Port: 8077...
ERPImporta.exe: 00001E7C: 15:02:58 [TUniServerModule]:HTTP Server Started on Port: 8077
ERPImporta.exe: 00003F04: 15:04:39 []:>--------------------------------------------------------------<
ERPImporta.exe: 00003F04: 15:04:39 [TUniServerModule]:Server First Init.
ERPImporta.exe: 00003F04: 15:04:39 [TUniServerModule]:Start Path = C:\Projetos_WEB\ERP_Importa\
ERPImporta.exe: 00003F04: 15:04:39 [TUniServerModule]:Debug Mode = ON
ERPImporta.exe: 00003F04: 15:04:40 [TUniServerModule]:Starting HTTP Server on Port: 8077...
ERPImporta.exe: 00003F04: 15:04:40 [TUniServerModule]:HTTP Server Started on Port: 8077
ERPImporta.exe: 00000674: 15:05:18 []:>--------------------------------------------------------------<
ERPImporta.exe: 00000674: 15:05:18 [TUniServerModule]:Server First Init.
ERPImporta.exe: 00000674: 15:05:18 [TUniServerModule]:Start Path = C:\Projetos_WEB\ERP_Importa\
ERPImporta.exe: 00000674: 15:05:18 [TUniServerModule]:Debug Mode = ON
ERPImporta.exe: 00000674: 15:05:18 [TUniGUISessionManager]:Cache erase job created, Folder count: [1]
ERPImporta.exe: 00000674: 15:05:19 [TUniServerModule]:Starting HTTP Server on Port: 8077...
ERPImporta.exe: 00000674: 15:05:19 [TUniServerModule]:HTTP Server Started on Port: 8077
ERPImporta.exe: 0000270C: 15:05:59 []:>--------------------------------------------------------------<
ERPImporta.exe: 0000270C: 15:05:59 [TUniServerModule]:Server First Init.
ERPImporta.exe: 0000270C: 15:05:59 [TUniServerModule]:Start Path = C:\Projetos_WEB\ERP_Importa\
ERPImporta.exe: 0000270C: 15:05:59 [TUniServerModule]:Debug Mode = ON
ERPImporta.exe: 0000270C: 15:06:00 [TUniServerModule]:Starting HTTP Server on Port: 8077...
ERPImporta.exe: 0000270C: 15:06:00 [TUniServerModule]:HTTP Server Started on Port: 8077
ERPImporta.exe: 00001088: 15:06:52 []:>--------------------------------------------------------------<
ERPImporta.exe: 00001088: 15:06:52 [TUniServerModule]:Server First Init.
ERPImporta.exe: 00001088: 15:06:52 [TUniServerModule]:Start Path = C:\Projetos_WEB\ERP_Importa\
ERPImporta.exe: 00001088: 15:06:52 [TUniServerModule]:Debug Mode = ON
ERPImporta.exe: 00001088: 15:06:52 [TUniServerModule]:Starting HTTP Server on Port: 8077...
ERPImporta.exe: 00001088: 15:06:52 [TUniServerModule]:HTTP Server Started on Port: 8077
ERPImporta.exe: 000027EC: 15:38:05 []:>--------------------------------------------------------------<
ERPImporta.exe: 000027EC: 15:38:05 [TUniServerModule]:Server First Init.
ERPImporta.exe: 000027EC: 15:38:05 [TUniServerModule]:Start Path = C:\Projetos_WEB\ERP_Importa\
ERPImporta.exe: 000027EC: 15:38:05 [TUniServerModule]:Debug Mode = ON
ERPImporta.exe: 000027EC: 15:38:05 [TUniServerModule]:Starting HTTP Server on Port: 8077...
ERPImporta.exe: 000027EC: 15:38:05 [TUniServerModule]:HTTP Server Started on Port: 8077
ERPImporta.exe: 00002D8C: 15:39:46 []:>--------------------------------------------------------------<
ERPImporta.exe: 00002D8C: 15:39:46 [TUniServerModule]:Server First Init.
ERPImporta.exe: 00002D8C: 15:39:46 [TUniServerModule]:Start Path = C:\Projetos_WEB\ERP_Importa\
ERPImporta.exe: 00002D8C: 15:39:46 [TUniServerModule]:Debug Mode = ON
ERPImporta.exe: 00002D8C: 15:39:47 [TUniServerModule]:Starting HTTP Server on Port: 8077...
ERPImporta.exe: 00002D8C: 15:39:47 [TUniServerModule]:HTTP Server Started on Port: 8077
ERPImporta.exe: 00000DF0: 15:49:54 []:>--------------------------------------------------------------<
ERPImporta.exe: 00000DF0: 15:49:54 [TUniServerModule]:Server First Init.
ERPImporta.exe: 00000DF0: 15:49:54 [TUniServerModule]:Start Path = C:\Projetos_WEB\ERP_Importa\
ERPImporta.exe: 00000DF0: 15:49:54 [TUniServerModule]:Debug Mode = ON
ERPImporta.exe: 00000DF0: 15:49:55 [TUniServerModule]:Starting HTTP Server on Port: 8077...
ERPImporta.exe: 00000DF0: 15:49:55 [TUniServerModule]:HTTP Server Started on Port: 8077
ERPImporta.exe: 00002A80: 15:50:01 [[FireDAC][Comp][Clnt]-512. Connection is not defined for [tTmp]. Possible reason: Connection and ConnectionName property values are both empty-127.0.0.1]:EFDException : [FireDAC][Comp][Clnt]-512. Connection is not defined for [tTmp]. Possible reason: Connection and ConnectionName property values are both empty : Addr: $008139EC
ERPImporta.exe: 00000E80: 15:52:07 []:>--------------------------------------------------------------<
ERPImporta.exe: 00000E80: 15:52:07 [TUniServerModule]:Server First Init.
ERPImporta.exe: 00000E80: 15:52:07 [TUniServerModule]:Start Path = C:\Projetos_WEB\ERP_Importa\
ERPImporta.exe: 00000E80: 15:52:07 [TUniServerModule]:Debug Mode = ON
ERPImporta.exe: 00000E80: 15:52:07 [TUniGUISessionManager]:Cache erase job created, Folder count: [1]
ERPImporta.exe: 00000E80: 15:52:07 [TUniServerModule]:Starting HTTP Server on Port: 8077...
ERPImporta.exe: 00000E80: 15:52:07 [TUniServerModule]:HTTP Server Started on Port: 8077
ERPImporta.exe: 00001550: 15:52:14 [[FireDAC][Comp][Clnt]-512. Connection is not defined for [tTmp]. Possible reason: Connection and ConnectionName property values are both empty-127.0.0.1]:EFDException : [FireDAC][Comp][Clnt]-512. Connection is not defined for [tTmp]. Possible reason: Connection and ConnectionName property values are both empty : Addr: $008139EC
ERPImporta.exe: 00001584: 15:53:03 []:>--------------------------------------------------------------<
ERPImporta.exe: 00001584: 15:53:03 [TUniServerModule]:Server First Init.
ERPImporta.exe: 00001584: 15:53:03 [TUniServerModule]:Start Path = C:\Projetos_WEB\ERP_Importa\
ERPImporta.exe: 00001584: 15:53:03 [TUniServerModule]:Debug Mode = ON
ERPImporta.exe: 00001584: 15:53:03 [TUniGUISessionManager]:Cache erase job created, Folder count: [1]
ERPImporta.exe: 00001584: 15:53:03 [TUniServerModule]:Starting HTTP Server on Port: 8077...
ERPImporta.exe: 00001584: 15:53:03 [TUniServerModule]:HTTP Server Started on Port: 8077
ERPImporta.exe: 00000F50: 15:53:13 [[FireDAC][Phys][ODBC][Microsoft][SQL Server Native Client 11.0][SQL Server]Conversion failed when converting date and/or time from character string.-127.0.0.1]:EMSSQLNativeException : [FireDAC][Phys][ODBC][Microsoft][SQL Server Native Client 11.0][SQL Server]Conversion failed when converting date and/or time from character string. : Addr: $008BB2F5
ERPImporta.exe: 00003284: 15:53:46 []:>--------------------------------------------------------------<
ERPImporta.exe: 00003284: 15:53:46 [TUniServerModule]:Server First Init.
ERPImporta.exe: 00003284: 15:53:46 [TUniServerModule]:Start Path = C:\Projetos_WEB\ERP_Importa\
ERPImporta.exe: 00003284: 15:53:46 [TUniServerModule]:Debug Mode = ON
ERPImporta.exe: 00003284: 15:53:46 [TUniGUISessionManager]:Cache erase job created, Folder count: [1]
ERPImporta.exe: 00003284: 15:53:46 [TUniServerModule]:Starting HTTP Server on Port: 8077...
ERPImporta.exe: 00003284: 15:53:46 [TUniServerModule]:HTTP Server Started on Port: 8077
ERPImporta.exe: 000015F4: 15:54:06 [[FireDAC][Phys][ODBC][Microsoft][SQL Server Native Client 11.0][SQL Server]Conversion failed when converting date and/or time from character string.-127.0.0.1]:EMSSQLNativeException : [FireDAC][Phys][ODBC][Microsoft][SQL Server Native Client 11.0][SQL Server]Conversion failed when converting date and/or time from character string. : Addr: $008BB2F5
ERPImporta.exe: 00002BF4: 15:55:03 []:>--------------------------------------------------------------<
ERPImporta.exe: 00002BF4: 15:55:03 [TUniServerModule]:Server First Init.
ERPImporta.exe: 00002BF4: 15:55:03 [TUniServerModule]:Start Path = C:\Projetos_WEB\ERP_Importa\
ERPImporta.exe: 00002BF4: 15:55:03 [TUniServerModule]:Debug Mode = ON
ERPImporta.exe: 00002BF4: 15:55:03 [TUniServerModule]:Starting HTTP Server on Port: 8077...
ERPImporta.exe: 00002BF4: 15:55:03 [TUniServerModule]:HTTP Server Started on Port: 8077
ERPImporta.exe: 00003670: 15:55:45 []:>--------------------------------------------------------------<
ERPImporta.exe: 00003670: 15:55:45 [TUniServerModule]:Server First Init.
ERPImporta.exe: 00003670: 15:55:45 [TUniServerModule]:Start Path = C:\Projetos_WEB\ERP_Importa\
ERPImporta.exe: 00003670: 15:55:45 [TUniServerModule]:Debug Mode = ON
ERPImporta.exe: 00003670: 15:55:46 [TUniServerModule]:Starting HTTP Server on Port: 8077...
ERPImporta.exe: 00003670: 15:55:46 [TUniServerModule]:HTTP Server Started on Port: 8077
ERPImporta.exe: 00000D0C: 15:56:18 []:>--------------------------------------------------------------<
ERPImporta.exe: 00000D0C: 15:56:18 [TUniServerModule]:Server First Init.
ERPImporta.exe: 00000D0C: 15:56:18 [TUniServerModule]:Start Path = C:\Projetos_WEB\ERP_Importa\
ERPImporta.exe: 00000D0C: 15:56:18 [TUniServerModule]:Debug Mode = ON
ERPImporta.exe: 00000D0C: 15:56:18 [TUniServerModule]:Starting HTTP Server on Port: 8077...
ERPImporta.exe: 00000D0C: 15:56:18 [TUniServerModule]:HTTP Server Started on Port: 8077
ERPImporta.exe: 00000670: 15:58:38 []:>--------------------------------------------------------------<
ERPImporta.exe: 00000670: 15:58:38 [TUniServerModule]:Server First Init.
ERPImporta.exe: 00000670: 15:58:38 [TUniServerModule]:Start Path = C:\Projetos_WEB\ERP_Importa\
ERPImporta.exe: 00000670: 15:58:38 [TUniServerModule]:Debug Mode = ON
ERPImporta.exe: 00000670: 15:58:38 [TUniServerModule]:Starting HTTP Server on Port: 8077...
ERPImporta.exe: 00000670: 15:58:38 [TUniServerModule]:HTTP Server Started on Port: 8077
ERPImporta.exe: 00002A60: 16:11:37 []:>--------------------------------------------------------------<
ERPImporta.exe: 00002A60: 16:11:37 [TUniServerModule]:Server First Init.
ERPImporta.exe: 00002A60: 16:11:37 [TUniServerModule]:Start Path = C:\Projetos_WEB\ERP_Importa\
ERPImporta.exe: 00002A60: 16:11:37 [TUniServerModule]:Debug Mode = ON
ERPImporta.exe: 00002A60: 16:11:37 [TUniGUISessionManager]:Cache erase job created, Folder count: [1]
ERPImporta.exe: 00002A60: 16:11:37 [TUniServerModule]:Starting HTTP Server on Port: 8077...
ERPImporta.exe: 00002A60: 16:11:37 [TUniServerModule]:HTTP Server Started on Port: 8077
ERPImporta.exe: 00001C48: 16:11:42 [[FireDAC][Phys][ODBC][Microsoft][SQL Server Native Client 11.0][SQL Server]Incorrect syntax near the keyword 'from'.-127.0.0.1]:EMSSQLNativeException : [FireDAC][Phys][ODBC][Microsoft][SQL Server Native Client 11.0][SQL Server]Incorrect syntax near the keyword 'from'. : Addr: $008BB2F5
ERPImporta.exe: 00000B80: 16:12:02 []:>--------------------------------------------------------------<
ERPImporta.exe: 00000B80: 16:12:02 [TUniServerModule]:Server First Init.
ERPImporta.exe: 00000B80: 16:12:02 [TUniServerModule]:Start Path = C:\Projetos_WEB\ERP_Importa\
ERPImporta.exe: 00000B80: 16:12:02 [TUniServerModule]:Debug Mode = ON
ERPImporta.exe: 00000B80: 16:12:02 [TUniGUISessionManager]:Cache erase job created, Folder count: [1]
ERPImporta.exe: 00000B80: 16:12:03 [TUniServerModule]:Starting HTTP Server on Port: 8077...
ERPImporta.exe: 00000B80: 16:12:03 [TUniServerModule]:HTTP Server Started on Port: 8077
ERPImporta.exe: 0000061C: 16:12:23 [HandleFileRequest[127.0.0.1]]:File not found: C:\Projetos_WEB\ERP_Importa\files\images\fundo8.jpg
ERPImporta.exe: 0000069C: 16:15:26 []:>--------------------------------------------------------------<
ERPImporta.exe: 0000069C: 16:15:26 [TUniServerModule]:Server First Init.
ERPImporta.exe: 0000069C: 16:15:26 [TUniServerModule]:Start Path = C:\Projetos_WEB\ERP_Importa\
ERPImporta.exe: 0000069C: 16:15:26 [TUniServerModule]:Debug Mode = ON
ERPImporta.exe: 0000069C: 16:15:26 [TUniGUISessionManager]:Cache erase job created, Folder count: [1]
ERPImporta.exe: 0000069C: 16:15:26 [TUniServerModule]:Starting HTTP Server on Port: 8077...
ERPImporta.exe: 0000069C: 16:15:26 [TUniServerModule]:HTTP Server Started on Port: 8077
ERPImporta.exe: 00002374: 16:15:33 [HandleFileRequest[127.0.0.1]]:File not found: C:\Projetos_WEB\ERP_Importa\files\images\fundo8.jpg
ERPImporta.exe: 00000954: 16:23:20 []:>--------------------------------------------------------------<
ERPImporta.exe: 00000954: 16:23:20 [TUniServerModule]:Server First Init.
ERPImporta.exe: 00000954: 16:23:20 [TUniServerModule]:Start Path = C:\Projetos_WEB\ERP_Importa\
ERPImporta.exe: 00000954: 16:23:20 [TUniServerModule]:Debug Mode = ON
ERPImporta.exe: 00000954: 16:23:20 [TUniGUISessionManager]:Cache erase job created, Folder count: [1]
ERPImporta.exe: 00000954: 16:23:21 [TUniServerModule]:Starting HTTP Server on Port: 8077...
ERPImporta.exe: 00000954: 16:23:21 [TUniServerModule]:HTTP Server Started on Port: 8077
ERPImporta.exe: 00003B38: 16:23:31 [HandleFileRequest[127.0.0.1]]:File not found: C:\Projetos_WEB\ERP_Importa\files\images\fundo8.jpg
ERPImporta.exe: 00002790: 16:27:03 []:>--------------------------------------------------------------<
ERPImporta.exe: 00002790: 16:27:03 [TUniServerModule]:Server First Init.
ERPImporta.exe: 00002790: 16:27:03 [TUniServerModule]:Start Path = C:\Projetos_WEB\ERP_Importa\
ERPImporta.exe: 00002790: 16:27:03 [TUniServerModule]:Debug Mode = ON
ERPImporta.exe: 00002790: 16:27:03 [TUniGUISessionManager]:Cache erase job created, Folder count: [1]
ERPImporta.exe: 00002790: 16:27:04 [TUniServerModule]:Starting HTTP Server on Port: 8077...
ERPImporta.exe: 00002790: 16:27:04 [TUniServerModule]:HTTP Server Started on Port: 8077
ERPImporta.exe: 00000710: 16:27:14 [HandleFileRequest[127.0.0.1]]:File not found: C:\Projetos_WEB\ERP_Importa\files\images\fundo8.jpg
ERPImporta.exe: 000019F0: 16:28:13 []:>--------------------------------------------------------------<
ERPImporta.exe: 000019F0: 16:28:13 [TUniServerModule]:Server First Init.
ERPImporta.exe: 000019F0: 16:28:13 [TUniServerModule]:Start Path = C:\Projetos_WEB\ERP_Importa\
ERPImporta.exe: 000019F0: 16:28:13 [TUniServerModule]:Debug Mode = ON
ERPImporta.exe: 000019F0: 16:28:13 [TUniGUISessionManager]:Cache erase job created, Folder count: [1]
ERPImporta.exe: 000019F0: 16:28:14 [TUniServerModule]:Starting HTTP Server on Port: 8077...
ERPImporta.exe: 000019F0: 16:28:14 [TUniServerModule]:HTTP Server Started on Port: 8077
ERPImporta.exe: 00002B04: 16:28:30 []:>--------------------------------------------------------------<
ERPImporta.exe: 00002B04: 16:28:30 [TUniServerModule]:Server First Init.
ERPImporta.exe: 00002B04: 16:28:30 [TUniServerModule]:Start Path = C:\Projetos_WEB\ERP_Importa\
ERPImporta.exe: 00002B04: 16:28:30 [TUniServerModule]:Debug Mode = ON
ERPImporta.exe: 00002B04: 16:28:30 [TUniServerModule]:Starting HTTP Server on Port: 8077...
ERPImporta.exe: 00002B04: 16:28:30 [TUniServerModule]:HTTP Server Started on Port: 8077
ERPImporta.exe: 00002BC8: 16:28:41 [HandleFileRequest[127.0.0.1]]:File not found: C:\Projetos_WEB\ERP_Importa\files\images\fundo8.jpg
ERPImporta.exe: 00003A7C: 16:29:53 []:>--------------------------------------------------------------<
ERPImporta.exe: 00003A7C: 16:29:53 [TUniServerModule]:Server First Init.
ERPImporta.exe: 00003A7C: 16:29:53 [TUniServerModule]:Start Path = C:\Projetos_WEB\ERP_Importa\
ERPImporta.exe: 00003A7C: 16:29:53 [TUniServerModule]:Debug Mode = ON
ERPImporta.exe: 00003A7C: 16:29:53 [TUniGUISessionManager]:Cache erase job created, Folder count: [1]
ERPImporta.exe: 00003A7C: 16:29:53 [TUniServerModule]:Starting HTTP Server on Port: 8077...
ERPImporta.exe: 00003A7C: 16:29:53 [TUniServerModule]:HTTP Server Started on Port: 8077
ERPImporta.exe: 00003118: 16:30:30 []:>--------------------------------------------------------------<
ERPImporta.exe: 00003118: 16:30:30 [TUniServerModule]:Server First Init.
ERPImporta.exe: 00003118: 16:30:30 [TUniServerModule]:Start Path = C:\Projetos_WEB\ERP_Importa\
ERPImporta.exe: 00003118: 16:30:30 [TUniServerModule]:Debug Mode = ON
ERPImporta.exe: 00003118: 16:30:30 [TUniGUISessionManager]:Cache erase job created, Folder count: [1]
ERPImporta.exe: 00003118: 16:30:31 [TUniServerModule]:Starting HTTP Server on Port: 8077...
ERPImporta.exe: 00003118: 16:30:31 [TUniServerModule]:HTTP Server Started on Port: 8077
ERPImporta.exe: 00000854: 16:30:39 [HandleFileRequest[127.0.0.1]]:File not found: C:\Projetos_WEB\ERP_Importa\files\images\fundo8.jpg
ERPImporta.exe: 00002FA4: 16:34:17 []:>--------------------------------------------------------------<
ERPImporta.exe: 00002FA4: 16:34:17 [TUniServerModule]:Server First Init.
ERPImporta.exe: 00002FA4: 16:34:17 [TUniServerModule]:Start Path = C:\Projetos_WEB\ERP_Importa\
ERPImporta.exe: 00002FA4: 16:34:17 [TUniServerModule]:Debug Mode = ON
ERPImporta.exe: 00002FA4: 16:34:17 [TUniGUISessionManager]:Cache erase job created, Folder count: [1]
ERPImporta.exe: 00002FA4: 16:34:17 [TUniServerModule]:Starting HTTP Server on Port: 8077...
ERPImporta.exe: 00002FA4: 16:34:17 [TUniServerModule]:HTTP Server Started on Port: 8077
ERPImporta.exe: 00002C0C: 16:34:27 [HandleFileRequest[127.0.0.1]]:File not found: C:\Projetos_WEB\ERP_Importa\files\images\fundo8.jpg
ERPImporta.exe: 000009A4: 16:40:12 []:>--------------------------------------------------------------<
ERPImporta.exe: 000009A4: 16:40:12 [TUniServerModule]:Server First Init.
ERPImporta.exe: 000009A4: 16:40:12 [TUniServerModule]:Start Path = C:\Projetos_WEB\ERP_Importa\
ERPImporta.exe: 000009A4: 16:40:12 [TUniServerModule]:Debug Mode = ON
ERPImporta.exe: 000009A4: 16:40:12 [TUniGUISessionManager]:Cache erase job created, Folder count: [1]
ERPImporta.exe: 000009A4: 16:40:13 [TUniServerModule]:Starting HTTP Server on Port: 8077...
ERPImporta.exe: 000009A4: 16:40:13 [TUniServerModule]:HTTP Server Started on Port: 8077
ERPImporta.exe: 00002808: 16:40:23 [HandleFileRequest[127.0.0.1]]:File not found: C:\Projetos_WEB\ERP_Importa\files\images\fundo8.jpg
ERPImporta.exe: 000028FC: 16:47:56 []:>--------------------------------------------------------------<
ERPImporta.exe: 000028FC: 16:47:56 [TUniServerModule]:Server First Init.
ERPImporta.exe: 000028FC: 16:47:56 [TUniServerModule]:Start Path = C:\Projetos_WEB\ERP_Importa\
ERPImporta.exe: 000028FC: 16:47:56 [TUniServerModule]:Debug Mode = ON
ERPImporta.exe: 000028FC: 16:47:56 [TUniGUISessionManager]:Cache erase job created, Folder count: [1]
ERPImporta.exe: 000028FC: 16:47:56 [TUniServerModule]:Starting HTTP Server on Port: 8077...
ERPImporta.exe: 000028FC: 16:47:56 [TUniServerModule]:HTTP Server Started on Port: 8077
ERPImporta.exe: 00000BC8: 16:49:58 []:>--------------------------------------------------------------<
ERPImporta.exe: 00000BC8: 16:49:58 [TUniServerModule]:Server First Init.
ERPImporta.exe: 00000BC8: 16:49:58 [TUniServerModule]:Start Path = C:\Projetos_WEB\ERP_Importa\
ERPImporta.exe: 00000BC8: 16:49:58 [TUniServerModule]:Debug Mode = ON
ERPImporta.exe: 00000BC8: 16:49:59 [TUniServerModule]:Starting HTTP Server on Port: 8077...
ERPImporta.exe: 00000BC8: 16:49:59 [TUniServerModule]:HTTP Server Started on Port: 8077
ERPImporta.exe: 00000B40: 16:50:43 []:>--------------------------------------------------------------<
ERPImporta.exe: 00000B40: 16:50:43 [TUniServerModule]:Server First Init.
ERPImporta.exe: 00000B40: 16:50:43 [TUniServerModule]:Start Path = C:\Projetos_WEB\ERP_Importa\
ERPImporta.exe: 00000B40: 16:50:43 [TUniServerModule]:Debug Mode = ON
ERPImporta.exe: 00000B40: 16:50:43 [TUniServerModule]:Starting HTTP Server on Port: 8077...
ERPImporta.exe: 00000B40: 16:50:43 [TUniServerModule]:HTTP Server Started on Port: 8077
ERPImporta.exe: 00000EF0: 16:50:56 [HandleFileRequest[127.0.0.1]]:File not found: C:\Projetos_WEB\ERP_Importa\files\images\fundo8.jpg
ERPImporta.exe: 00003E90: 16:51:10 [127.0.0.1]:EVariantTypeCastError : Could not convert variant of type (Null) into type (Double) : Addr: $0043B8C8
ERPImporta.exe: 00003E90: 16:51:15 [127.0.0.1]:EVariantTypeCastError : Could not convert variant of type (Null) into type (Double) : Addr: $0043B8C8
ERPImporta.exe: 000033C4: 16:52:26 []:>--------------------------------------------------------------<
ERPImporta.exe: 000033C4: 16:52:26 [TUniServerModule]:Server First Init.
ERPImporta.exe: 000033C4: 16:52:26 [TUniServerModule]:Start Path = C:\Projetos_WEB\ERP_Importa\
ERPImporta.exe: 000033C4: 16:52:26 [TUniServerModule]:Debug Mode = ON
ERPImporta.exe: 000033C4: 16:52:26 [TUniGUISessionManager]:Cache erase job created, Folder count: [1]
ERPImporta.exe: 000033C4: 16:52:26 [TUniServerModule]:Starting HTTP Server on Port: 8077...
ERPImporta.exe: 000033C4: 16:52:27 [TUniServerModule]:HTTP Server Started on Port: 8077
ERPImporta.exe: 00001C04: 16:53:10 [127.0.0.1]:EVariantTypeCastError : Could not convert variant of type (Null) into type (Double) : Addr: $0043B8C8
ERPImporta.exe: 00001C04: 16:53:14 [127.0.0.1]:EVariantTypeCastError : Could not convert variant of type (Null) into type (Double) : Addr: $0043B8C8
ERPImporta.exe: 00003BAC: 16:54:02 []:>--------------------------------------------------------------<
ERPImporta.exe: 00003BAC: 16:54:02 [TUniServerModule]:Server First Init.
ERPImporta.exe: 00003BAC: 16:54:02 [TUniServerModule]:Start Path = C:\Projetos_WEB\ERP_Importa\
ERPImporta.exe: 00003BAC: 16:54:02 [TUniServerModule]:Debug Mode = ON
ERPImporta.exe: 00003BAC: 16:54:02 [TUniServerModule]:Starting HTTP Server on Port: 8077...
ERPImporta.exe: 00003BAC: 16:54:02 [TUniServerModule]:HTTP Server Started on Port: 8077
ERPImporta.exe: 00003E14: 16:54:24 [127.0.0.1]:EVariantTypeCastError : Could not convert variant of type (Null) into type (Double) : Addr: $0043B8C8
ERPImporta.exe: 00001138: 16:55:16 []:>--------------------------------------------------------------<
ERPImporta.exe: 00001138: 16:55:16 [TUniServerModule]:Server First Init.
ERPImporta.exe: 00001138: 16:55:16 [TUniServerModule]:Start Path = C:\Projetos_WEB\ERP_Importa\
ERPImporta.exe: 00001138: 16:55:16 [TUniServerModule]:Debug Mode = ON
ERPImporta.exe: 00001138: 16:55:16 [TUniGUISessionManager]:Cache erase job created, Folder count: [1]
ERPImporta.exe: 00001138: 16:55:16 [TUniServerModule]:Starting HTTP Server on Port: 8077...
ERPImporta.exe: 00001138: 16:55:16 [TUniServerModule]:HTTP Server Started on Port: 8077
ERPImporta.exe: 00001730: 16:56:25 []:>--------------------------------------------------------------<
ERPImporta.exe: 00001730: 16:56:25 [TUniServerModule]:Server First Init.
ERPImporta.exe: 00001730: 16:56:25 [TUniServerModule]:Start Path = C:\Projetos_WEB\ERP_Importa\
ERPImporta.exe: 00001730: 16:56:25 [TUniServerModule]:Debug Mode = ON
ERPImporta.exe: 00001730: 16:56:25 [TUniGUISessionManager]:Cache erase job created, Folder count: [1]
ERPImporta.exe: 00001730: 16:56:25 [TUniServerModule]:Starting HTTP Server on Port: 8077...
ERPImporta.exe: 00001730: 16:56:25 [TUniServerModule]:HTTP Server Started on Port: 8077
ERPImporta.exe: 00003FEC: 16:56:38 []:>--------------------------------------------------------------<
ERPImporta.exe: 00003FEC: 16:56:38 [TUniServerModule]:Server First Init.
ERPImporta.exe: 00003FEC: 16:56:38 [TUniServerModule]:Start Path = C:\Projetos_WEB\ERP_Importa\
ERPImporta.exe: 00003FEC: 16:56:38 [TUniServerModule]:Debug Mode = ON
ERPImporta.exe: 00003FEC: 16:56:38 [TUniGUISessionManager]:Cache erase job created, Folder count: [1]
ERPImporta.exe: 00003FEC: 16:56:38 [TUniServerModule]:Starting HTTP Server on Port: 8077...
ERPImporta.exe: 00003FEC: 16:56:38 [TUniServerModule]:HTTP Server Started on Port: 8077
ERPImporta.exe: 00000A68: 16:57:04 [127.0.0.1]:EConvertError : '31/11/2021' is not a valid date : Addr: $00427A02
ERPImporta.exe: 00003D98: 17:00:25 []:>--------------------------------------------------------------<
ERPImporta.exe: 00003D98: 17:00:25 [TUniServerModule]:Server First Init.
ERPImporta.exe: 00003D98: 17:00:25 [TUniServerModule]:Start Path = C:\Projetos_WEB\ERP_Importa\
ERPImporta.exe: 00003D98: 17:00:25 [TUniServerModule]:Debug Mode = ON
ERPImporta.exe: 00003D98: 17:00:25 [TUniServerModule]:Starting HTTP Server on Port: 8077...
ERPImporta.exe: 00003D98: 17:00:26 [TUniServerModule]:HTTP Server Started on Port: 8077
ERPImporta.exe: 00002F70: 17:01:09 []:>--------------------------------------------------------------<
ERPImporta.exe: 00002F70: 17:01:09 [TUniServerModule]:Server First Init.
ERPImporta.exe: 00002F70: 17:01:09 [TUniServerModule]:Start Path = C:\Projetos_WEB\ERP_Importa\
ERPImporta.exe: 00002F70: 17:01:09 [TUniServerModule]:Starting HTTP Server on Port: 8077...
ERPImporta.exe: 00002F70: 17:01:09 [TUniServerModule]:HTTP Server Started on Port: 8077
ERPImporta.exe: 00002F70: 17:02:27 [TUniServerModule]:Shutting Down Server.
ERPImporta.exe: 00002F70: 17:02:27 [TUniServerModule]:Stopping HTTP Server.
ERPImporta.exe: 00002F70: 17:02:27 [TUniServerModule]:HTTP Server Stopped.
ERPImporta.exe: 00002F70: 17:02:27 [TUniGUISessionManager]:Terminating Session manager.
ERPImporta.exe: 00002F70: 17:02:27 [TUniGUISessionManager]:Stopping Cache Eraser...
ERPImporta.exe: 00002F70: 17:02:27 [TUniGUISessionManager]:Cache Eraser Stopped.
ERPImporta.exe: 00002F70: 17:02:27 [TUniGUISessionManager]:Destroying Worker Threads.
ERPImporta.exe: 00002F70: 17:02:27 [TUniGUISessionManager]:Session manager terminated.
ERPImporta.exe: 00002F70: 17:02:27 [TUniServerModule]:Server Shutdown Completed.
ERPImporta.exe: 00002F70: 17:02:27 []:<-------------------------------------------------------------->
ERPImporta.exe: 00002F70: 17:02:27 [Terminated]:Exit Code: 0
ERPImporta.exe: 00002954: 17:02:31 []:>--------------------------------------------------------------<
ERPImporta.exe: 00002954: 17:02:31 [TUniServerModule]:Server First Init.
ERPImporta.exe: 00002954: 17:02:31 [TUniServerModule]:Start Path = C:\Projetos_WEB\ERP_Importa\
ERPImporta.exe: 00002954: 17:02:31 [TUniServerModule]:Debug Mode = ON
ERPImporta.exe: 00002954: 17:02:31 [TUniServerModule]:Starting HTTP Server on Port: 8077...
ERPImporta.exe: 00002954: 17:02:31 [TUniServerModule]:HTTP Server Started on Port: 8077
ERPImporta.exe: 00002EE8: 17:08:11 []:>--------------------------------------------------------------<
ERPImporta.exe: 00002EE8: 17:08:11 [TUniServerModule]:Server First Init.
ERPImporta.exe: 00002EE8: 17:08:11 [TUniServerModule]:Start Path = C:\Projetos_WEB\ERP_Importa\
ERPImporta.exe: 00002EE8: 17:08:11 [TUniServerModule]:Debug Mode = ON
ERPImporta.exe: 00002EE8: 17:08:12 [TUniServerModule]:Starting HTTP Server on Port: 8077...
ERPImporta.exe: 00002EE8: 17:08:12 [TUniServerModule]:HTTP Server Started on Port: 8077
ERPImporta.exe: 00003130: 17:09:37 []:>--------------------------------------------------------------<
ERPImporta.exe: 00003130: 17:09:37 [TUniServerModule]:Server First Init.
ERPImporta.exe: 00003130: 17:09:37 [TUniServerModule]:Start Path = C:\Projetos_WEB\ERP_Importa\
ERPImporta.exe: 00003130: 17:09:37 [TUniGUISessionManager]:Cache erase job created, Folder count: [1]
ERPImporta.exe: 00003130: 17:09:37 [TUniServerModule]:Starting HTTP Server on Port: 8077...
ERPImporta.exe: 00003130: 17:09:37 [TUniServerModule]:HTTP Server Started on Port: 8077
ERPImporta.exe: 00003130: 17:11:36 [TUniServerModule]:Shutting Down Server.
ERPImporta.exe: 00003130: 17:11:36 [TUniServerModule]:Stopping HTTP Server.
ERPImporta.exe: 00003130: 17:11:37 [TUniServerModule]:HTTP Server Stopped.
ERPImporta.exe: 00003130: 17:11:37 [TUniGUISessionManager]:Terminating Session manager.
ERPImporta.exe: 00003130: 17:11:37 [TUniGUISessionManager]:Stopping Cache Eraser...
ERPImporta.exe: 00003130: 17:11:37 [TUniGUISessionManager]:Cache Eraser Stopped.
ERPImporta.exe: 00003130: 17:11:37 [TUniGUISessionManager]:Destroying Worker Threads.
ERPImporta.exe: 00003130: 17:11:37 [TUniGUISessionManager]:Session manager terminated.
ERPImporta.exe: 00003130: 17:11:37 [TUniServerModule]:Server Shutdown Completed.
ERPImporta.exe: 00003130: 17:11:37 []:<-------------------------------------------------------------->
ERPImporta.exe: 00003130: 17:11:37 [Terminated]:Exit Code: 0
ERPImporta.exe: 0000270C: 17:11:43 []:>--------------------------------------------------------------<
ERPImporta.exe: 0000270C: 17:11:43 [TUniServerModule]:Server First Init.
ERPImporta.exe: 0000270C: 17:11:43 [TUniServerModule]:Start Path = C:\Projetos_WEB\ERP_Importa\
ERPImporta.exe: 0000270C: 17:11:43 [TUniServerModule]:Debug Mode = ON
ERPImporta.exe: 0000270C: 17:11:44 [TUniServerModule]:Starting HTTP Server on Port: 8077...
ERPImporta.exe: 0000270C: 17:11:44 [TUniServerModule]:HTTP Server Started on Port: 8077
ERPImporta.exe: 00003D18: 17:12:00 [127.0.0.1]:Exception : Blocking method Execute() could not be called. : Addr: $0080F318
ERPImporta.exe: 00003D18: 17:12:15 [127.0.0.1]:Exception : Blocking method Execute() could not be called. : Addr: $0080F318
ERPImporta.exe: 0000270C: 17:12:22 [TUniServerModule]:Shutting Down Server.
ERPImporta.exe: 0000270C: 17:12:22 [TUniServerModule]:Stopping HTTP Server.
ERPImporta.exe: 0000270C: 17:12:22 [TUniServerModule]:HTTP Server Stopped.
ERPImporta.exe: 0000270C: 17:12:23 [TUniGUISessionManager]:Terminating Session manager.
ERPImporta.exe: 0000270C: 17:12:23 [TUniGUISessionManager]:Stopping Cache Eraser...
ERPImporta.exe: 0000270C: 17:12:23 [TUniGUISessionManager]:Cache Eraser Stopped.
ERPImporta.exe: 0000270C: 17:12:23 [TUniGUISessionManager]:Destroying Worker Threads.
ERPImporta.exe: 0000270C: 17:12:23 [TUniGUISessionManager]:Session manager terminated.
ERPImporta.exe: 0000270C: 17:12:23 [TUniServerModule]:Server Shutdown Completed.
ERPImporta.exe: 0000270C: 17:12:23 []:<-------------------------------------------------------------->
ERPImporta.exe: 0000270C: 17:12:23 [Terminated]:Exit Code: 0
ERPImporta.exe: 000017D0: 17:12:56 []:>--------------------------------------------------------------<
ERPImporta.exe: 000017D0: 17:12:56 [TUniServerModule]:Server First Init.
ERPImporta.exe: 000017D0: 17:12:56 [TUniServerModule]:Start Path = C:\Projetos_WEB\ERP_Importa\
ERPImporta.exe: 000017D0: 17:12:56 [TUniServerModule]:Debug Mode = ON
ERPImporta.exe: 000017D0: 17:12:57 [TUniServerModule]:Starting HTTP Server on Port: 8077...
ERPImporta.exe: 000017D0: 17:12:57 [TUniServerModule]:HTTP Server Started on Port: 8077
ERPImporta.exe: 00002EEC: 17:13:11 [127.0.0.1]:Exception : Blocking method Execute() could not be called. : Addr: $0080F318
ERPImporta.exe: 00003304: 17:14:38 []:>--------------------------------------------------------------<
ERPImporta.exe: 00003304: 17:14:38 [TUniServerModule]:Server First Init.
ERPImporta.exe: 00003304: 17:14:38 [TUniServerModule]:Start Path = C:\Projetos_WEB\ERP_Importa\
ERPImporta.exe: 00003304: 17:14:38 [TUniServerModule]:Debug Mode = ON
ERPImporta.exe: 00003304: 17:14:38 [TUniServerModule]:Starting HTTP Server on Port: 8077...
ERPImporta.exe: 00003304: 17:14:38 [TUniServerModule]:HTTP Server Started on Port: 8077
ERPImporta.exe: 00003AC4: 17:14:56 [127.0.0.1]:Exception : Blocking method Execute() could not be called. : Addr: $0080F318
ERPImporta.exe: 000037A8: 17:15:11 []:>--------------------------------------------------------------<
ERPImporta.exe: 000037A8: 17:15:11 [TUniServerModule]:Server First Init.
ERPImporta.exe: 000037A8: 17:15:11 [TUniServerModule]:Start Path = C:\Projetos_WEB\ERP_Importa\
ERPImporta.exe: 000037A8: 17:15:11 [TUniServerModule]:Debug Mode = ON
ERPImporta.exe: 000037A8: 17:15:11 [TUniServerModule]:Starting HTTP Server on Port: 8077...
ERPImporta.exe: 000037A8: 17:15:12 [TUniServerModule]:HTTP Server Started on Port: 8077
ERPImporta.exe: 000032BC: 17:15:27 [127.0.0.1]:Exception : Blocking method Execute() could not be called. : Addr: $0080F318
ERPImporta.exe: 00001FA0: 17:17:56 []:>--------------------------------------------------------------<
ERPImporta.exe: 00001FA0: 17:17:56 [TUniServerModule]:Server First Init.
ERPImporta.exe: 00001FA0: 17:17:56 [TUniServerModule]:Start Path = C:\Projetos_WEB\ERP_Importa\
ERPImporta.exe: 00001FA0: 17:17:56 [TUniServerModule]:Debug Mode = ON
ERPImporta.exe: 00001FA0: 17:17:57 [TUniServerModule]:Starting HTTP Server on Port: 8077...
ERPImporta.exe: 00001FA0: 17:17:57 [TUniServerModule]:HTTP Server Started on Port: 8077
ERPImporta.exe: 00003BC8: 17:18:17 [127.0.0.1]:EAccessViolation : Access violation at address 00947E30 in module 'ERPImporta.exe'. Read of address 00000300 : Addr: $00947E30
ERPImporta.exe: 000002B8: 17:20:21 []:>--------------------------------------------------------------<
ERPImporta.exe: 000002B8: 17:20:21 [TUniServerModule]:Server First Init.
ERPImporta.exe: 000002B8: 17:20:21 [TUniServerModule]:Start Path = C:\Projetos_WEB\ERP_Importa\
ERPImporta.exe: 000002B8: 17:20:21 [TUniServerModule]:Debug Mode = ON
ERPImporta.exe: 000002B8: 17:20:22 [TUniServerModule]:Starting HTTP Server on Port: 8077...
ERPImporta.exe: 000002B8: 17:20:22 [TUniServerModule]:HTTP Server Started on Port: 8077
ERPImporta.exe: 00001BAC: 17:20:34 [127.0.0.1]:Exception : Blocking method Execute() could not be called. : Addr: $0080F318
ERPImporta.exe: 000021FC: 17:22:01 []:>--------------------------------------------------------------<
ERPImporta.exe: 000021FC: 17:22:01 [TUniServerModule]:Server First Init.
ERPImporta.exe: 000021FC: 17:22:01 [TUniServerModule]:Start Path = C:\Projetos_WEB\ERP_Importa\
ERPImporta.exe: 000021FC: 17:22:01 [TUniServerModule]:Debug Mode = ON
ERPImporta.exe: 000021FC: 17:22:01 [TUniGUISessionManager]:Cache erase job created, Folder count: [1]
ERPImporta.exe: 000021FC: 17:22:02 [TUniServerModule]:Starting HTTP Server on Port: 8077...
ERPImporta.exe: 000021FC: 17:22:02 [TUniServerModule]:HTTP Server Started on Port: 8077
ERPImporta.exe: 00000B70: 17:22:19 [127.0.0.1]:Exception : Blocking method Execute() could not be called. : Addr: $0080F318
ERPImporta.exe: 000006D0: 17:28:55 []:>--------------------------------------------------------------<
ERPImporta.exe: 000006D0: 17:28:55 [TUniServerModule]:Server First Init.
ERPImporta.exe: 000006D0: 17:28:55 [TUniServerModule]:Start Path = C:\Projetos_WEB\ERP_Importa\
ERPImporta.exe: 000006D0: 17:28:55 [TUniServerModule]:Debug Mode = ON
ERPImporta.exe: 000006D0: 17:28:55 [TUniGUISessionManager]:Cache erase job created, Folder count: [1]
ERPImporta.exe: 000006D0: 17:28:55 [TUniServerModule]:Starting HTTP Server on Port: 8077...
ERPImporta.exe: 000006D0: 17:28:55 [TUniServerModule]:HTTP Server Started on Port: 8077
ERPImporta.exe: 00003C44: 17:29:29 [127.0.0.1]:EUniSessionException : Sesso invilda ou tempo da sesso expirado. (Session not found: ZnfPuxU8ES10BC5B02C ) : Addr: $007AD8FA
ERPImporta.exe: 00003284: 17:31:39 []:>--------------------------------------------------------------<
ERPImporta.exe: 00003284: 17:31:39 [TUniServerModule]:Server First Init.
ERPImporta.exe: 00003284: 17:31:39 [TUniServerModule]:Start Path = C:\Projetos_WEB\ERP_Importa\
ERPImporta.exe: 00003284: 17:31:39 [TUniServerModule]:Debug Mode = ON
ERPImporta.exe: 00003284: 17:31:39 [TUniGUISessionManager]:Cache erase job created, Folder count: [1]
ERPImporta.exe: 00003284: 17:31:40 [TUniServerModule]:Starting HTTP Server on Port: 8077...
ERPImporta.exe: 00003284: 17:31:40 [TUniServerModule]:HTTP Server Started on Port: 8077
ERPImporta.exe: 00001074: 17:31:55 [127.0.0.1]:Exception : Blocking method Execute() could not be called. : Addr: $0080F318
ERPImporta.exe: 00001EB4: 17:32:37 []:>--------------------------------------------------------------<
ERPImporta.exe: 00001EB4: 17:32:37 [TUniServerModule]:Server First Init.
ERPImporta.exe: 00001EB4: 17:32:37 [TUniServerModule]:Start Path = C:\Projetos_WEB\ERP_Importa\
ERPImporta.exe: 00001EB4: 17:32:37 [TUniServerModule]:Debug Mode = ON
ERPImporta.exe: 00001EB4: 17:32:38 [TUniServerModule]:Starting HTTP Server on Port: 8077...
ERPImporta.exe: 00001EB4: 17:32:38 [TUniServerModule]:HTTP Server Started on Port: 8077
ERPImporta.exe: 00002588: 17:34:24 []:>--------------------------------------------------------------<
ERPImporta.exe: 00002588: 17:34:24 [TUniServerModule]:Server First Init.
ERPImporta.exe: 00002588: 17:34:24 [TUniServerModule]:Start Path = C:\Projetos_WEB\ERP_Importa\
ERPImporta.exe: 00002588: 17:34:24 [TUniServerModule]:Debug Mode = ON
ERPImporta.exe: 00002588: 17:34:24 [TUniServerModule]:Starting HTTP Server on Port: 8077...
ERPImporta.exe: 00002588: 17:34:24 [TUniServerModule]:HTTP Server Started on Port: 8077
ERPImporta.exe: 00002D6C: 17:34:38 [127.0.0.1]:Exception : Blocking method Execute() could not be called. : Addr: $0080F318
ERPImporta.exe: 00002C04: 17:37:48 []:>--------------------------------------------------------------<
ERPImporta.exe: 00002C04: 17:37:48 [TUniServerModule]:Server First Init.
ERPImporta.exe: 00002C04: 17:37:48 [TUniServerModule]:Start Path = C:\Projetos_WEB\ERP_Importa\
ERPImporta.exe: 00002C04: 17:37:48 [TUniServerModule]:Debug Mode = ON
ERPImporta.exe: 00002C04: 17:37:49 [TUniServerModule]:Starting HTTP Server on Port: 8077...
ERPImporta.exe: 00002C04: 17:37:49 [TUniServerModule]:HTTP Server Started on Port: 8077
ERPImporta.exe: 00003398: 17:38:06 [127.0.0.1]:EConvertError : '31/11/2021' is not a valid date : Addr: $00427A02
ERPImporta.exe: 000018AC: 17:38:58 []:>--------------------------------------------------------------<
ERPImporta.exe: 000018AC: 17:38:58 [TUniServerModule]:Server First Init.
ERPImporta.exe: 000018AC: 17:38:58 [TUniServerModule]:Start Path = C:\Projetos_WEB\ERP_Importa\
ERPImporta.exe: 000018AC: 17:38:58 [TUniServerModule]:Debug Mode = ON
ERPImporta.exe: 000018AC: 17:38:59 [TUniServerModule]:Starting HTTP Server on Port: 8077...
ERPImporta.exe: 000018AC: 17:38:59 [TUniServerModule]:HTTP Server Started on Port: 8077
ERPImporta.exe: 00002CB8: 17:39:07 [HandleFileRequest[127.0.0.1]]:File not found: C:\Projetos_WEB\ERP_Importa\files\images\fundo8.jpg
ERPImporta.exe: 0000258C: 17:39:48 []:>--------------------------------------------------------------<
ERPImporta.exe: 0000258C: 17:39:48 [TUniServerModule]:Server First Init.
ERPImporta.exe: 0000258C: 17:39:48 [TUniServerModule]:Start Path = C:\Projetos_WEB\ERP_Importa\
ERPImporta.exe: 0000258C: 17:39:48 [TUniServerModule]:Debug Mode = ON
ERPImporta.exe: 0000258C: 17:39:49 [TUniServerModule]:Starting HTTP Server on Port: 8077...
ERPImporta.exe: 0000258C: 17:39:49 [TUniServerModule]:HTTP Server Started on Port: 8077
ERPImporta.exe: 00002CBC: 17:40:43 []:>--------------------------------------------------------------<
ERPImporta.exe: 00002CBC: 17:40:43 [TUniServerModule]:Server First Init.
ERPImporta.exe: 00002CBC: 17:40:43 [TUniServerModule]:Start Path = C:\Projetos_WEB\ERP_Importa\
ERPImporta.exe: 00002CBC: 17:40:43 [TUniServerModule]:Debug Mode = ON
ERPImporta.exe: 00002CBC: 17:40:43 [TUniGUISessionManager]:Cache erase job created, Folder count: [1]
ERPImporta.exe: 00002CBC: 17:40:43 [TUniServerModule]:Starting HTTP Server on Port: 8077...
ERPImporta.exe: 00002CBC: 17:40:43 [TUniServerModule]:HTTP Server Started on Port: 8077
ERPImporta.exe: 00003DCC: 17:42:28 []:>--------------------------------------------------------------<
ERPImporta.exe: 00003DCC: 17:42:28 [TUniServerModule]:Server First Init.
ERPImporta.exe: 00003DCC: 17:42:28 [TUniServerModule]:Start Path = C:\Projetos_WEB\ERP_Importa\
ERPImporta.exe: 00003DCC: 17:42:28 [TUniServerModule]:Debug Mode = ON
ERPImporta.exe: 00003DCC: 17:42:28 [TUniServerModule]:Starting HTTP Server on Port: 8077...
ERPImporta.exe: 00003DCC: 17:42:28 [TUniServerModule]:HTTP Server Started on Port: 8077
ERPImporta.exe: 000012E0: 17:43:44 []:>--------------------------------------------------------------<
ERPImporta.exe: 000012E0: 17:43:44 [TUniServerModule]:Server First Init.
ERPImporta.exe: 000012E0: 17:43:44 [TUniServerModule]:Start Path = C:\Projetos_WEB\ERP_Importa\
ERPImporta.exe: 000012E0: 17:43:44 [TUniServerModule]:Debug Mode = ON
ERPImporta.exe: 000012E0: 17:43:44 [TUniServerModule]:Starting HTTP Server on Port: 8077...
ERPImporta.exe: 000012E0: 17:43:44 [TUniServerModule]:HTTP Server Started on Port: 8077
ERPImporta.exe: 00003870: 17:44:20 []:>--------------------------------------------------------------<
ERPImporta.exe: 00003870: 17:44:20 [TUniServerModule]:Server First Init.
ERPImporta.exe: 00003870: 17:44:20 [TUniServerModule]:Start Path = C:\Projetos_WEB\ERP_Importa\
ERPImporta.exe: 00003870: 17:44:20 [TUniServerModule]:Debug Mode = ON
ERPImporta.exe: 00003870: 17:44:21 [TUniServerModule]:Starting HTTP Server on Port: 8077...
ERPImporta.exe: 00003870: 17:44:21 [TUniServerModule]:HTTP Server Started on Port: 8077
ERPImporta.exe: 000008C0: 17:45:41 []:>--------------------------------------------------------------<
ERPImporta.exe: 000008C0: 17:45:41 [TUniServerModule]:Server First Init.
ERPImporta.exe: 000008C0: 17:45:41 [TUniServerModule]:Start Path = C:\Projetos_WEB\ERP_Importa\
ERPImporta.exe: 000008C0: 17:45:41 [TUniServerModule]:Debug Mode = ON
ERPImporta.exe: 000008C0: 17:45:41 [TUniGUISessionManager]:Cache erase job created, Folder count: [1]
ERPImporta.exe: 000008C0: 17:45:41 [TUniServerModule]:Starting HTTP Server on Port: 8077...
ERPImporta.exe: 000008C0: 17:45:41 [TUniServerModule]:HTTP Server Started on Port: 8077
ERPImporta.exe: 000004F0: 17:46:22 [HandleFileRequest[127.0.0.1]]:File not found: C:\Projetos_WEB\ERP_Importa\files\images\fundo8.jpg
ERPImporta.exe: 00003E68: 17:49:26 []:>--------------------------------------------------------------<
ERPImporta.exe: 00003E68: 17:49:26 [TUniServerModule]:Server First Init.
ERPImporta.exe: 00003E68: 17:49:26 [TUniServerModule]:Start Path = C:\Projetos_WEB\ERP_Importa\
ERPImporta.exe: 00003E68: 17:49:26 [TUniServerModule]:Debug Mode = ON
ERPImporta.exe: 00003E68: 17:49:27 [TUniServerModule]:Starting HTTP Server on Port: 8077...
ERPImporta.exe: 00003E68: 17:49:27 [TUniServerModule]:HTTP Server Started on Port: 8077
ERPImporta.exe: 00001568: 17:50:20 []:>--------------------------------------------------------------<
ERPImporta.exe: 00001568: 17:50:20 [TUniServerModule]:Server First Init.
ERPImporta.exe: 00001568: 17:50:20 [TUniServerModule]:Start Path = C:\Projetos_WEB\ERP_Importa\
ERPImporta.exe: 00001568: 17:50:20 [TUniServerModule]:Debug Mode = ON
ERPImporta.exe: 00001568: 17:50:21 [TUniServerModule]:Starting HTTP Server on Port: 8077...
ERPImporta.exe: 00001568: 17:50:21 [TUniServerModule]:HTTP Server Started on Port: 8077
ERPImporta.exe: 000003E0: 17:52:33 []:>--------------------------------------------------------------<
ERPImporta.exe: 000003E0: 17:52:33 [TUniServerModule]:Server First Init.
ERPImporta.exe: 000003E0: 17:52:33 [TUniServerModule]:Start Path = C:\Projetos_WEB\ERP_Importa\
ERPImporta.exe: 000003E0: 17:52:33 [TUniServerModule]:Debug Mode = ON
ERPImporta.exe: 000003E0: 17:52:33 [TUniGUISessionManager]:Cache erase job created, Folder count: [1]
ERPImporta.exe: 000003E0: 17:52:33 [TUniServerModule]:Starting HTTP Server on Port: 8077...
ERPImporta.exe: 000003E0: 17:52:33 [TUniServerModule]:HTTP Server Started on Port: 8077
