ERPImporta.exe: 000031BC: 07:22:35 []:>--------------------------------------------------------------<
ERPImporta.exe: 000031BC: 07:22:35 [TUniServerModule]:Server First Init.
ERPImporta.exe: 000031BC: 07:22:35 [TUniServerModule]:Start Path = C:\Projetos_WEB\ERP_Importa\
ERPImporta.exe: 000031BC: 07:22:35 [TUniServerModule]:Debug Mode = ON
ERPImporta.exe: 000031BC: 07:22:35 [TUniServerModule]:Starting HTTP Server on Port: 8077...
ERPImporta.exe: 000031BC: 07:22:35 [TUniServerModule]:HTTP Server Started on Port: 8077
ERPImporta.exe: 00002DA4: 07:28:19 []:>--------------------------------------------------------------<
ERPImporta.exe: 00002DA4: 07:28:19 [TUniServerModule]:Server First Init.
ERPImporta.exe: 00002DA4: 07:28:19 [TUniServerModule]:Start Path = C:\Projetos_WEB\ERP_Importa\
ERPImporta.exe: 00002DA4: 07:28:19 [TUniServerModule]:Debug Mode = ON
ERPImporta.exe: 00002DA4: 07:28:19 [TUniGUISessionManager]:Cache erase job created, Folder count: [1]
ERPImporta.exe: 00002DA4: 07:28:20 [TUniServerModule]:Starting HTTP Server on Port: 8077...
ERPImporta.exe: 00002DA4: 07:28:20 [TUniServerModule]:HTTP Server Started on Port: 8077
ERPImporta.exe: 000032B8: 07:32:33 []:>--------------------------------------------------------------<
ERPImporta.exe: 000032B8: 07:32:33 [TUniServerModule]:Server First Init.
ERPImporta.exe: 000032B8: 07:32:33 [TUniServerModule]:Start Path = C:\Projetos_WEB\ERP_Importa\
ERPImporta.exe: 000032B8: 07:32:33 [TUniServerModule]:Debug Mode = ON
ERPImporta.exe: 000032B8: 07:32:33 [TUniServerModule]:Starting HTTP Server on Port: 8077...
ERPImporta.exe: 000032B8: 07:32:33 [TUniServerModule]:HTTP Server Started on Port: 8077
ERPImporta.exe: 000006C8: 07:34:34 []:>--------------------------------------------------------------<
ERPImporta.exe: 000006C8: 07:34:34 [TUniServerModule]:Server First Init.
ERPImporta.exe: 000006C8: 07:34:34 [TUniServerModule]:Start Path = C:\Projetos_WEB\ERP_Importa\
ERPImporta.exe: 000006C8: 07:34:34 [TUniServerModule]:Debug Mode = ON
ERPImporta.exe: 000006C8: 07:34:35 [TUniServerModule]:Starting HTTP Server on Port: 8077...
ERPImporta.exe: 000006C8: 07:34:35 [TUniServerModule]:HTTP Server Started on Port: 8077
ERPImporta.exe: 000002CC: 07:40:30 []:>--------------------------------------------------------------<
ERPImporta.exe: 000002CC: 07:40:30 [TUniServerModule]:Server First Init.
ERPImporta.exe: 000002CC: 07:40:30 [TUniServerModule]:Start Path = C:\Projetos_WEB\ERP_Importa\
ERPImporta.exe: 000002CC: 07:40:30 [TUniServerModule]:Debug Mode = ON
ERPImporta.exe: 000002CC: 07:40:30 [TUniGUISessionManager]:Cache erase job created, Folder count: [1]
ERPImporta.exe: 000002CC: 07:40:30 [TUniServerModule]:Starting HTTP Server on Port: 8077...
ERPImporta.exe: 000002CC: 07:40:30 [TUniServerModule]:HTTP Server Started on Port: 8077
ERPImporta.exe: 00001814: 07:41:16 []:>--------------------------------------------------------------<
ERPImporta.exe: 00001814: 07:41:16 [TUniServerModule]:Server First Init.
ERPImporta.exe: 00001814: 07:41:16 [TUniServerModule]:Start Path = C:\Projetos_WEB\ERP_Importa\
ERPImporta.exe: 00001814: 07:41:16 [TUniServerModule]:Debug Mode = ON
ERPImporta.exe: 00001814: 07:41:16 [TUniGUISessionManager]:Cache erase job created, Folder count: [1]
ERPImporta.exe: 00001814: 07:41:16 [TUniServerModule]:Starting HTTP Server on Port: 8077...
ERPImporta.exe: 00001814: 07:41:16 [TUniServerModule]:HTTP Server Started on Port: 8077
ERPImporta.exe: 00000764: 07:41:58 []:>--------------------------------------------------------------<
ERPImporta.exe: 00000764: 07:41:58 [TUniServerModule]:Server First Init.
ERPImporta.exe: 00000764: 07:41:58 [TUniServerModule]:Start Path = C:\Projetos_WEB\ERP_Importa\
ERPImporta.exe: 00000764: 07:41:58 [TUniServerModule]:Debug Mode = ON
ERPImporta.exe: 00000764: 07:41:58 [TUniGUISessionManager]:Cache erase job created, Folder count: [1]
ERPImporta.exe: 00000764: 07:41:59 [TUniServerModule]:Starting HTTP Server on Port: 8077...
ERPImporta.exe: 00000764: 07:41:59 [TUniServerModule]:HTTP Server Started on Port: 8077
ERPImporta.exe: 00002418: 07:42:34 []:>--------------------------------------------------------------<
ERPImporta.exe: 00002418: 07:42:34 [TUniServerModule]:Server First Init.
ERPImporta.exe: 00002418: 07:42:34 [TUniServerModule]:Start Path = C:\Projetos_WEB\ERP_Importa\
ERPImporta.exe: 00002418: 07:42:34 [TUniServerModule]:Debug Mode = ON
ERPImporta.exe: 00002418: 07:42:34 [TUniServerModule]:Starting HTTP Server on Port: 8077...
ERPImporta.exe: 00002418: 07:42:34 [TUniServerModule]:HTTP Server Started on Port: 8077
ERPImporta.exe: 0000101C: 07:47:16 []:>--------------------------------------------------------------<
ERPImporta.exe: 0000101C: 07:47:16 [TUniServerModule]:Server First Init.
ERPImporta.exe: 0000101C: 07:47:16 [TUniServerModule]:Start Path = C:\Projetos_WEB\ERP_Importa\
ERPImporta.exe: 0000101C: 07:47:16 [TUniServerModule]:Debug Mode = ON
ERPImporta.exe: 0000101C: 07:47:17 [TUniServerModule]:Starting HTTP Server on Port: 8077...
ERPImporta.exe: 0000101C: 07:47:17 [TUniServerModule]:HTTP Server Started on Port: 8077
ERPImporta.exe: 0000055C: 07:48:36 []:>--------------------------------------------------------------<
ERPImporta.exe: 0000055C: 07:48:36 [TUniServerModule]:Server First Init.
ERPImporta.exe: 0000055C: 07:48:36 [TUniServerModule]:Start Path = C:\Projetos_WEB\ERP_Importa\
ERPImporta.exe: 0000055C: 07:48:36 [TUniServerModule]:Debug Mode = ON
ERPImporta.exe: 0000055C: 07:48:36 [TUniGUISessionManager]:Cache erase job created, Folder count: [1]
ERPImporta.exe: 0000055C: 07:48:37 [TUniServerModule]:Starting HTTP Server on Port: 8077...
ERPImporta.exe: 0000055C: 07:48:37 [TUniServerModule]:HTTP Server Started on Port: 8077
ERPImporta.exe: 00002164: 07:52:18 []:>--------------------------------------------------------------<
ERPImporta.exe: 00002164: 07:52:18 [TUniServerModule]:Server First Init.
ERPImporta.exe: 00002164: 07:52:18 [TUniServerModule]:Start Path = C:\Projetos_WEB\ERP_Importa\
ERPImporta.exe: 00002164: 07:52:18 [TUniServerModule]:Debug Mode = ON
ERPImporta.exe: 00002164: 07:52:19 [TUniServerModule]:Starting HTTP Server on Port: 8077...
ERPImporta.exe: 00002164: 07:52:19 [TUniServerModule]:HTTP Server Started on Port: 8077
ERPImporta.exe: 0000366C: 07:53:33 []:>--------------------------------------------------------------<
ERPImporta.exe: 0000366C: 07:53:33 [TUniServerModule]:Server First Init.
ERPImporta.exe: 0000366C: 07:53:33 [TUniServerModule]:Start Path = C:\Projetos_WEB\ERP_Importa\
ERPImporta.exe: 0000366C: 07:53:33 [TUniServerModule]:Debug Mode = ON
ERPImporta.exe: 0000366C: 07:53:33 [TUniGUISessionManager]:Cache erase job created, Folder count: [1]
ERPImporta.exe: 0000366C: 07:53:34 [TUniServerModule]:Starting HTTP Server on Port: 8077...
ERPImporta.exe: 0000366C: 07:53:34 [TUniServerModule]:HTTP Server Started on Port: 8077
ERPImporta.exe: 00003478: 07:55:19 []:>--------------------------------------------------------------<
ERPImporta.exe: 00003478: 07:55:19 [TUniServerModule]:Server First Init.
ERPImporta.exe: 00003478: 07:55:19 [TUniServerModule]:Start Path = C:\Projetos_WEB\ERP_Importa\
ERPImporta.exe: 00003478: 07:55:19 [TUniServerModule]:Debug Mode = ON
ERPImporta.exe: 00003478: 07:55:19 [TUniServerModule]:Starting HTTP Server on Port: 8077...
ERPImporta.exe: 00003478: 07:55:19 [TUniServerModule]:HTTP Server Started on Port: 8077
ERPImporta.exe: 00002050: 07:58:06 []:>--------------------------------------------------------------<
ERPImporta.exe: 00002050: 07:58:06 [TUniServerModule]:Server First Init.
ERPImporta.exe: 00002050: 07:58:06 [TUniServerModule]:Start Path = C:\Projetos_WEB\ERP_Importa\
ERPImporta.exe: 00002050: 07:58:06 [TUniServerModule]:Debug Mode = ON
ERPImporta.exe: 00002050: 07:58:06 [TUniServerModule]:Starting HTTP Server on Port: 8077...
ERPImporta.exe: 00002050: 07:58:06 [TUniServerModule]:HTTP Server Started on Port: 8077
ERPImporta.exe: 00002BA0: 08:02:06 []:>--------------------------------------------------------------<
ERPImporta.exe: 00002BA0: 08:02:06 [TUniServerModule]:Server First Init.
ERPImporta.exe: 00002BA0: 08:02:06 [TUniServerModule]:Start Path = C:\Projetos_WEB\ERP_Importa\
ERPImporta.exe: 00002BA0: 08:02:06 [TUniServerModule]:Debug Mode = ON
ERPImporta.exe: 00002BA0: 08:02:06 [TUniServerModule]:Starting HTTP Server on Port: 8077...
ERPImporta.exe: 00002BA0: 08:02:06 [TUniServerModule]:HTTP Server Started on Port: 8077
ERPImporta.exe: 00002208: 08:02:32 [127.0.0.1]:EVariantTypeCastError : Could not convert variant of type (Null) into type (OleStr) : Addr: $0043B8C8
ERPImporta.exe: 00000C2C: 08:04:43 []:>--------------------------------------------------------------<
ERPImporta.exe: 00000C2C: 08:04:43 [TUniServerModule]:Server First Init.
ERPImporta.exe: 00000C2C: 08:04:43 [TUniServerModule]:Start Path = C:\Projetos_WEB\ERP_Importa\
ERPImporta.exe: 00000C2C: 08:04:43 [TUniServerModule]:Debug Mode = ON
ERPImporta.exe: 00000C2C: 08:04:43 [TUniGUISessionManager]:Cache erase job created, Folder count: [1]
ERPImporta.exe: 00000C2C: 08:04:43 [TUniServerModule]:Starting HTTP Server on Port: 8077...
ERPImporta.exe: 00000C2C: 08:04:43 [TUniServerModule]:HTTP Server Started on Port: 8077
ERPImporta.exe: 00000AB8: 08:05:22 [127.0.0.1]:Exception : TUniCustomDBGrid.MoveToRow(): Unexpected Row number: -1, 6 : Addr: $009914A2
ERPImporta.exe: 000029D4: 08:06:01 []:>--------------------------------------------------------------<
ERPImporta.exe: 000029D4: 08:06:01 [TUniServerModule]:Server First Init.
ERPImporta.exe: 000029D4: 08:06:01 [TUniServerModule]:Start Path = C:\Projetos_WEB\ERP_Importa\
ERPImporta.exe: 000029D4: 08:06:01 [TUniServerModule]:Debug Mode = ON
ERPImporta.exe: 000029D4: 08:06:01 [TUniGUISessionManager]:Cache erase job created, Folder count: [1]
ERPImporta.exe: 000029D4: 08:06:01 [TUniServerModule]:Starting HTTP Server on Port: 8077...
ERPImporta.exe: 000029D4: 08:06:01 [TUniServerModule]:HTTP Server Started on Port: 8077
ERPImporta.exe: 00000784: 08:06:35 []:>--------------------------------------------------------------<
ERPImporta.exe: 00000784: 08:06:35 [TUniServerModule]:Server First Init.
ERPImporta.exe: 00000784: 08:06:35 [TUniServerModule]:Start Path = C:\Projetos_WEB\ERP_Importa\
ERPImporta.exe: 00000784: 08:06:35 [TUniServerModule]:Debug Mode = ON
ERPImporta.exe: 00000784: 08:06:35 [TUniGUISessionManager]:Cache erase job created, Folder count: [1]
ERPImporta.exe: 00000784: 08:06:35 [TUniServerModule]:Starting HTTP Server on Port: 8077...
ERPImporta.exe: 00000784: 08:06:35 [TUniServerModule]:HTTP Server Started on Port: 8077
ERPImporta.exe: 00001168: 08:07:09 []:>--------------------------------------------------------------<
ERPImporta.exe: 00001168: 08:07:09 [TUniServerModule]:Server First Init.
ERPImporta.exe: 00001168: 08:07:09 [TUniServerModule]:Start Path = C:\Projetos_WEB\ERP_Importa\
ERPImporta.exe: 00001168: 08:07:09 [TUniServerModule]:Debug Mode = ON
ERPImporta.exe: 00001168: 08:07:09 [TUniGUISessionManager]:Cache erase job created, Folder count: [1]
ERPImporta.exe: 00001168: 08:07:10 [TUniServerModule]:Starting HTTP Server on Port: 8077...
ERPImporta.exe: 00001168: 08:07:10 [TUniServerModule]:HTTP Server Started on Port: 8077
ERPImporta.exe: 00002C40: 08:07:26 []:>--------------------------------------------------------------<
ERPImporta.exe: 00002C40: 08:07:26 [TUniServerModule]:Server First Init.
ERPImporta.exe: 00002C40: 08:07:26 [TUniServerModule]:Start Path = C:\Projetos_WEB\ERP_Importa\
ERPImporta.exe: 00002C40: 08:07:26 [TUniServerModule]:Debug Mode = ON
ERPImporta.exe: 00002C40: 08:07:26 [TUniGUISessionManager]:Cache erase job created, Folder count: [1]
ERPImporta.exe: 00002C40: 08:07:26 [TUniServerModule]:Starting HTTP Server on Port: 8077...
ERPImporta.exe: 00002C40: 08:07:26 [TUniServerModule]:HTTP Server Started on Port: 8077
ERPImporta.exe: 00001864: 08:08:23 []:>--------------------------------------------------------------<
ERPImporta.exe: 00001864: 08:08:23 [TUniServerModule]:Server First Init.
ERPImporta.exe: 00001864: 08:08:23 [TUniServerModule]:Start Path = C:\Projetos_WEB\ERP_Importa\
ERPImporta.exe: 00001864: 08:08:23 [TUniServerModule]:Debug Mode = ON
ERPImporta.exe: 00001864: 08:08:23 [TUniGUISessionManager]:Cache erase job created, Folder count: [1]
ERPImporta.exe: 00001864: 08:08:23 [TUniServerModule]:Starting HTTP Server on Port: 8077...
ERPImporta.exe: 00001864: 08:08:23 [TUniServerModule]:HTTP Server Started on Port: 8077
ERPImporta.exe: 00000EDC: 08:09:11 []:>--------------------------------------------------------------<
ERPImporta.exe: 00000EDC: 08:09:11 [TUniServerModule]:Server First Init.
ERPImporta.exe: 00000EDC: 08:09:11 [TUniServerModule]:Start Path = C:\Projetos_WEB\ERP_Importa\
ERPImporta.exe: 00000EDC: 08:09:11 [TUniServerModule]:Debug Mode = ON
ERPImporta.exe: 00000EDC: 08:09:11 [TUniGUISessionManager]:Cache erase job created, Folder count: [1]
ERPImporta.exe: 00000EDC: 08:09:11 [TUniServerModule]:Starting HTTP Server on Port: 8077...
ERPImporta.exe: 00000EDC: 08:09:11 [TUniServerModule]:HTTP Server Started on Port: 8077
ERPImporta.exe: 00002AA8: 08:09:48 []:>--------------------------------------------------------------<
ERPImporta.exe: 00002AA8: 08:09:48 [TUniServerModule]:Server First Init.
ERPImporta.exe: 00002AA8: 08:09:48 [TUniServerModule]:Start Path = C:\Projetos_WEB\ERP_Importa\
ERPImporta.exe: 00002AA8: 08:09:48 [TUniServerModule]:Debug Mode = ON
ERPImporta.exe: 00002AA8: 08:09:48 [TUniGUISessionManager]:Cache erase job created, Folder count: [1]
ERPImporta.exe: 00002AA8: 08:09:49 [TUniServerModule]:Starting HTTP Server on Port: 8077...
ERPImporta.exe: 00002AA8: 08:09:49 [TUniServerModule]:HTTP Server Started on Port: 8077
ERPImporta.exe: 00003720: 08:11:05 []:>--------------------------------------------------------------<
ERPImporta.exe: 00003720: 08:11:05 [TUniServerModule]:Server First Init.
ERPImporta.exe: 00003720: 08:11:05 [TUniServerModule]:Start Path = C:\Projetos_WEB\ERP_Importa\
ERPImporta.exe: 00003720: 08:11:05 [TUniServerModule]:Debug Mode = ON
ERPImporta.exe: 00003720: 08:11:05 [TUniServerModule]:Starting HTTP Server on Port: 8077...
ERPImporta.exe: 00003720: 08:11:05 [TUniServerModule]:HTTP Server Started on Port: 8077
ERPImporta.exe: 00001F9C: 08:12:15 []:>--------------------------------------------------------------<
ERPImporta.exe: 00001F9C: 08:12:15 [TUniServerModule]:Server First Init.
ERPImporta.exe: 00001F9C: 08:12:15 [TUniServerModule]:Start Path = C:\Projetos_WEB\ERP_Importa\
ERPImporta.exe: 00001F9C: 08:12:15 [TUniServerModule]:Debug Mode = ON
ERPImporta.exe: 00001F9C: 08:12:15 [TUniServerModule]:Starting HTTP Server on Port: 8077...
ERPImporta.exe: 00001F9C: 08:12:15 [TUniServerModule]:HTTP Server Started on Port: 8077
ERPImporta.exe: 00003104: 08:13:50 []:>--------------------------------------------------------------<
ERPImporta.exe: 00003104: 08:13:50 [TUniServerModule]:Server First Init.
ERPImporta.exe: 00003104: 08:13:50 [TUniServerModule]:Start Path = C:\Projetos_WEB\ERP_Importa\
ERPImporta.exe: 00003104: 08:13:50 [TUniServerModule]:Debug Mode = ON
ERPImporta.exe: 00003104: 08:13:50 [TUniServerModule]:Starting HTTP Server on Port: 8077...
ERPImporta.exe: 00003104: 08:13:50 [TUniServerModule]:HTTP Server Started on Port: 8077
ERPImporta.exe: 000032B4: 08:15:36 []:>--------------------------------------------------------------<
ERPImporta.exe: 000032B4: 08:15:36 [TUniServerModule]:Server First Init.
ERPImporta.exe: 000032B4: 08:15:36 [TUniServerModule]:Start Path = C:\Projetos_WEB\ERP_Importa\
ERPImporta.exe: 000032B4: 08:15:36 [TUniServerModule]:Debug Mode = ON
ERPImporta.exe: 000032B4: 08:15:36 [TUniGUISessionManager]:Cache erase job created, Folder count: [1]
ERPImporta.exe: 000032B4: 08:15:36 [TUniServerModule]:Starting HTTP Server on Port: 8077...
ERPImporta.exe: 000032B4: 08:15:36 [TUniServerModule]:HTTP Server Started on Port: 8077
ERPImporta.exe: 00000644: 08:18:47 []:>--------------------------------------------------------------<
ERPImporta.exe: 00000644: 08:18:47 [TUniServerModule]:Server First Init.
ERPImporta.exe: 00000644: 08:18:47 [TUniServerModule]:Start Path = C:\Projetos_WEB\ERP_Importa\
ERPImporta.exe: 00000644: 08:18:47 [TUniServerModule]:Debug Mode = ON
ERPImporta.exe: 00000644: 08:18:47 [TUniGUISessionManager]:Cache erase job created, Folder count: [1]
ERPImporta.exe: 00000644: 08:18:48 [TUniServerModule]:Starting HTTP Server on Port: 8077...
ERPImporta.exe: 00000644: 08:18:48 [TUniServerModule]:HTTP Server Started on Port: 8077
ERPImporta.exe: 00001820: 08:34:02 []:>--------------------------------------------------------------<
ERPImporta.exe: 00001820: 08:34:02 [TUniServerModule]:Server First Init.
ERPImporta.exe: 00001820: 08:34:02 [TUniServerModule]:Start Path = C:\Projetos_WEB\ERP_Importa\
ERPImporta.exe: 00001820: 08:34:02 [TUniServerModule]:Debug Mode = ON
ERPImporta.exe: 00001820: 08:34:02 [TUniGUISessionManager]:Cache erase job created, Folder count: [1]
ERPImporta.exe: 00001820: 08:34:02 [TUniServerModule]:Starting HTTP Server on Port: 8077...
ERPImporta.exe: 00001820: 08:34:02 [TUniServerModule]:HTTP Server Started on Port: 8077
ERPImporta.exe: 000028F4: 09:02:39 []:>--------------------------------------------------------------<
ERPImporta.exe: 000028F4: 09:02:39 [TUniServerModule]:Server First Init.
ERPImporta.exe: 000028F4: 09:02:39 [TUniServerModule]:Start Path = C:\Projetos_WEB\ERP_Importa\
ERPImporta.exe: 000028F4: 09:02:39 [TUniServerModule]:Debug Mode = ON
ERPImporta.exe: 000028F4: 09:02:39 [TUniServerModule]:Starting HTTP Server on Port: 8077...
ERPImporta.exe: 000028F4: 09:02:39 [TUniServerModule]:HTTP Server Started on Port: 8077
ERPImporta.exe: 00000AB8: 09:05:14 []:>--------------------------------------------------------------<
ERPImporta.exe: 00000AB8: 09:05:14 [TUniServerModule]:Server First Init.
ERPImporta.exe: 00000AB8: 09:05:14 [TUniServerModule]:Start Path = C:\Projetos_WEB\ERP_Importa\
ERPImporta.exe: 00000AB8: 09:05:14 [TUniServerModule]:Debug Mode = ON
ERPImporta.exe: 00000AB8: 09:05:15 [TUniServerModule]:Starting HTTP Server on Port: 8077...
ERPImporta.exe: 00000AB8: 09:05:15 [TUniServerModule]:HTTP Server Started on Port: 8077
ERPImporta.exe: 00003824: 09:07:18 []:>--------------------------------------------------------------<
ERPImporta.exe: 00003824: 09:07:18 [TUniServerModule]:Server First Init.
ERPImporta.exe: 00003824: 09:07:18 [TUniServerModule]:Start Path = C:\Projetos_WEB\ERP_Importa\
ERPImporta.exe: 00003824: 09:07:18 [TUniServerModule]:Debug Mode = ON
ERPImporta.exe: 00003824: 09:07:18 [TUniGUISessionManager]:Cache erase job created, Folder count: [1]
ERPImporta.exe: 00003824: 09:07:18 [TUniServerModule]:Starting HTTP Server on Port: 8077...
ERPImporta.exe: 00003824: 09:07:18 [TUniServerModule]:HTTP Server Started on Port: 8077
ERPImporta.exe: 000030F4: 09:08:50 []:>--------------------------------------------------------------<
ERPImporta.exe: 000030F4: 09:08:50 [TUniServerModule]:Server First Init.
ERPImporta.exe: 000030F4: 09:08:50 [TUniServerModule]:Start Path = C:\Projetos_WEB\ERP_Importa\
ERPImporta.exe: 000030F4: 09:08:50 [TUniServerModule]:Debug Mode = ON
ERPImporta.exe: 000030F4: 09:08:51 [TUniServerModule]:Starting HTTP Server on Port: 8077...
ERPImporta.exe: 000030F4: 09:08:51 [TUniServerModule]:HTTP Server Started on Port: 8077
ERPImporta.exe: 000009E0: 09:11:06 []:>--------------------------------------------------------------<
ERPImporta.exe: 000009E0: 09:11:06 [TUniServerModule]:Server First Init.
ERPImporta.exe: 000009E0: 09:11:06 [TUniServerModule]:Start Path = C:\Projetos_WEB\ERP_Importa\
ERPImporta.exe: 000009E0: 09:11:06 [TUniServerModule]:Debug Mode = ON
ERPImporta.exe: 000009E0: 09:11:06 [TUniServerModule]:Starting HTTP Server on Port: 8077...
ERPImporta.exe: 000009E0: 09:11:06 [TUniServerModule]:HTTP Server Started on Port: 8077
ERPImporta.exe: 000033DC: 09:16:51 []:>--------------------------------------------------------------<
ERPImporta.exe: 000033DC: 09:16:51 [TUniServerModule]:Server First Init.
ERPImporta.exe: 000033DC: 09:16:51 [TUniServerModule]:Start Path = C:\Projetos_WEB\ERP_Importa\
ERPImporta.exe: 000033DC: 09:16:51 [TUniServerModule]:Debug Mode = ON
ERPImporta.exe: 000033DC: 09:16:51 [TUniGUISessionManager]:Cache erase job created, Folder count: [1]
ERPImporta.exe: 000033DC: 09:16:52 [TUniServerModule]:Starting HTTP Server on Port: 8077...
ERPImporta.exe: 000033DC: 09:16:52 [TUniServerModule]:HTTP Server Started on Port: 8077
ERPImporta.exe: 000032AC: 09:17:40 []:>--------------------------------------------------------------<
ERPImporta.exe: 000032AC: 09:17:40 [TUniServerModule]:Server First Init.
ERPImporta.exe: 000032AC: 09:17:40 [TUniServerModule]:Start Path = C:\Projetos_WEB\ERP_Importa\
ERPImporta.exe: 000032AC: 09:17:40 [TUniServerModule]:Debug Mode = ON
ERPImporta.exe: 000032AC: 09:17:40 [TUniGUISessionManager]:Cache erase job created, Folder count: [1]
ERPImporta.exe: 000032AC: 09:17:40 [TUniServerModule]:Starting HTTP Server on Port: 8077...
ERPImporta.exe: 000032AC: 09:17:40 [TUniServerModule]:HTTP Server Started on Port: 8077
ERPImporta.exe: 00000D00: 09:17:52 []:>--------------------------------------------------------------<
ERPImporta.exe: 00000D00: 09:17:52 [TUniServerModule]:Server First Init.
ERPImporta.exe: 00000D00: 09:17:52 [TUniServerModule]:Start Path = C:\Projetos_WEB\ERP_Importa\
ERPImporta.exe: 00000D00: 09:17:52 [TUniServerModule]:Debug Mode = ON
ERPImporta.exe: 00000D00: 09:17:52 [TUniServerModule]:Starting HTTP Server on Port: 8077...
ERPImporta.exe: 00000D00: 09:17:52 [TUniServerModule]:HTTP Server Started on Port: 8077
ERPImporta.exe: 00000B5C: 09:18:58 []:>--------------------------------------------------------------<
ERPImporta.exe: 00000B5C: 09:18:58 [TUniServerModule]:Server First Init.
ERPImporta.exe: 00000B5C: 09:18:58 [TUniServerModule]:Start Path = C:\Projetos_WEB\ERP_Importa\
ERPImporta.exe: 00000B5C: 09:18:58 [TUniServerModule]:Debug Mode = ON
ERPImporta.exe: 00000B5C: 09:18:58 [TUniServerModule]:Starting HTTP Server on Port: 8077...
ERPImporta.exe: 00000B5C: 09:18:58 [TUniServerModule]:HTTP Server Started on Port: 8077
ERPImporta.exe: 00002364: 09:20:14 []:>--------------------------------------------------------------<
ERPImporta.exe: 00002364: 09:20:14 [TUniServerModule]:Server First Init.
ERPImporta.exe: 00002364: 09:20:14 [TUniServerModule]:Start Path = C:\Projetos_WEB\ERP_Importa\
ERPImporta.exe: 00002364: 09:20:14 [TUniServerModule]:Debug Mode = ON
ERPImporta.exe: 00002364: 09:20:14 [TUniGUISessionManager]:Cache erase job created, Folder count: [1]
ERPImporta.exe: 00002364: 09:20:14 [TUniServerModule]:Starting HTTP Server on Port: 8077...
ERPImporta.exe: 00002364: 09:20:14 [TUniServerModule]:HTTP Server Started on Port: 8077
ERPImporta.exe: 00001BEC: 09:24:08 [127.0.0.1]:EAccessViolation : Access violation at address 0040CA62 in module 'ERPImporta.exe'. Read of address A6D1102D : Addr: $0040CA62
ERPImporta.exe: 00001BEC: 09:24:10 [127.0.0.1]:EAccessViolation : Access violation at address 0040CA62 in module 'ERPImporta.exe'. Read of address A6D1102D : Addr: $0040CA62
ERPImporta.exe: 00001BEC: 09:24:16 [127.0.0.1]:EAccessViolation : Access violation at address 0040CA62 in module 'ERPImporta.exe'. Read of address A6D1102D : Addr: $0040CA62
ERPImporta.exe: 000027DC: 09:27:13 []:>--------------------------------------------------------------<
ERPImporta.exe: 000027DC: 09:27:13 [TUniServerModule]:Server First Init.
ERPImporta.exe: 000027DC: 09:27:13 [TUniServerModule]:Start Path = C:\Projetos_WEB\ERP_Importa\
ERPImporta.exe: 000027DC: 09:27:13 [TUniServerModule]:Debug Mode = ON
ERPImporta.exe: 000027DC: 09:27:13 [TUniGUISessionManager]:Cache erase job created, Folder count: [1]
ERPImporta.exe: 000027DC: 09:27:14 [TUniServerModule]:Starting HTTP Server on Port: 8077...
ERPImporta.exe: 000027DC: 09:27:14 [TUniServerModule]:HTTP Server Started on Port: 8077
ERPImporta.exe: 00003B70: 09:28:34 []:>--------------------------------------------------------------<
ERPImporta.exe: 00003B70: 09:28:34 [TUniServerModule]:Server First Init.
ERPImporta.exe: 00003B70: 09:28:34 [TUniServerModule]:Start Path = C:\Projetos_WEB\ERP_Importa\
ERPImporta.exe: 00003B70: 09:28:34 [TUniServerModule]:Debug Mode = ON
ERPImporta.exe: 00003B70: 09:28:34 [TUniGUISessionManager]:Cache erase job created, Folder count: [1]
ERPImporta.exe: 00003B70: 09:28:35 [TUniServerModule]:Starting HTTP Server on Port: 8077...
ERPImporta.exe: 00003B70: 09:28:35 [TUniServerModule]:HTTP Server Started on Port: 8077
ERPImporta.exe: 00003AE4: 09:29:46 []:>--------------------------------------------------------------<
ERPImporta.exe: 00003AE4: 09:29:46 [TUniServerModule]:Server First Init.
ERPImporta.exe: 00003AE4: 09:29:46 [TUniServerModule]:Start Path = C:\Projetos_WEB\ERP_Importa\
ERPImporta.exe: 00003AE4: 09:29:46 [TUniServerModule]:Debug Mode = ON
ERPImporta.exe: 00003AE4: 09:29:46 [TUniGUISessionManager]:Cache erase job created, Folder count: [1]
ERPImporta.exe: 00003AE4: 09:29:46 [TUniServerModule]:Starting HTTP Server on Port: 8077...
ERPImporta.exe: 00003AE4: 09:29:47 [TUniServerModule]:HTTP Server Started on Port: 8077
ERPImporta.exe: 00002EF0: 09:34:43 []:>--------------------------------------------------------------<
ERPImporta.exe: 00002EF0: 09:34:43 [TUniServerModule]:Server First Init.
ERPImporta.exe: 00002EF0: 09:34:43 [TUniServerModule]:Start Path = C:\Projetos_WEB\ERP_Importa\
ERPImporta.exe: 00002EF0: 09:34:43 [TUniServerModule]:Debug Mode = ON
ERPImporta.exe: 00002EF0: 09:34:43 [TUniGUISessionManager]:Cache erase job created, Folder count: [1]
ERPImporta.exe: 00002EF0: 09:34:44 [TUniServerModule]:Starting HTTP Server on Port: 8077...
ERPImporta.exe: 00002EF0: 09:34:44 [TUniServerModule]:HTTP Server Started on Port: 8077
ERPImporta.exe: 00003384: 09:40:15 []:>--------------------------------------------------------------<
ERPImporta.exe: 00003384: 09:40:15 [TUniServerModule]:Server First Init.
ERPImporta.exe: 00003384: 09:40:15 [TUniServerModule]:Start Path = C:\Projetos_WEB\ERP_Importa\
ERPImporta.exe: 00003384: 09:40:15 [TUniServerModule]:Debug Mode = ON
ERPImporta.exe: 00003384: 09:40:15 [TUniServerModule]:Starting HTTP Server on Port: 8077...
ERPImporta.exe: 00003384: 09:40:16 [TUniServerModule]:HTTP Server Started on Port: 8077
ERPImporta.exe: 000010C4: 09:41:35 []:>--------------------------------------------------------------<
ERPImporta.exe: 000010C4: 09:41:35 [TUniServerModule]:Server First Init.
ERPImporta.exe: 000010C4: 09:41:35 [TUniServerModule]:Start Path = C:\Projetos_WEB\ERP_Importa\
ERPImporta.exe: 000010C4: 09:41:35 [TUniServerModule]:Debug Mode = ON
ERPImporta.exe: 000010C4: 09:41:36 [TUniServerModule]:Starting HTTP Server on Port: 8077...
ERPImporta.exe: 000010C4: 09:41:36 [TUniServerModule]:HTTP Server Started on Port: 8077
ERPImporta.exe: 0000228C: 09:43:15 []:>--------------------------------------------------------------<
ERPImporta.exe: 0000228C: 09:43:15 [TUniServerModule]:Server First Init.
ERPImporta.exe: 0000228C: 09:43:15 [TUniServerModule]:Start Path = C:\Projetos_WEB\ERP_Importa\
ERPImporta.exe: 0000228C: 09:43:15 [TUniServerModule]:Debug Mode = ON
ERPImporta.exe: 0000228C: 09:43:16 [TUniServerModule]:Starting HTTP Server on Port: 8077...
ERPImporta.exe: 0000228C: 09:43:16 [TUniServerModule]:HTTP Server Started on Port: 8077
ERPImporta.exe: 00003958: 09:45:28 []:>--------------------------------------------------------------<
ERPImporta.exe: 00003958: 09:45:28 [TUniServerModule]:Server First Init.
ERPImporta.exe: 00003958: 09:45:28 [TUniServerModule]:Start Path = C:\Projetos_WEB\ERP_Importa\
ERPImporta.exe: 00003958: 09:45:28 [TUniServerModule]:Debug Mode = ON
ERPImporta.exe: 00003958: 09:45:28 [TUniServerModule]:Starting HTTP Server on Port: 8077...
ERPImporta.exe: 00003958: 09:45:28 [TUniServerModule]:HTTP Server Started on Port: 8077
ERPImporta.exe: 000027F4: 09:54:05 []:>--------------------------------------------------------------<
ERPImporta.exe: 000027F4: 09:54:05 [TUniServerModule]:Server First Init.
ERPImporta.exe: 000027F4: 09:54:05 [TUniServerModule]:Start Path = C:\Projetos_WEB\ERP_Importa\
ERPImporta.exe: 000027F4: 09:54:05 [TUniServerModule]:Debug Mode = ON
ERPImporta.exe: 000027F4: 09:54:05 [TUniServerModule]:Starting HTTP Server on Port: 8077...
ERPImporta.exe: 000027F4: 09:54:05 [TUniServerModule]:HTTP Server Started on Port: 8077
ERPImporta.exe: 0000168C: 09:55:41 []:>--------------------------------------------------------------<
ERPImporta.exe: 0000168C: 09:55:41 [TUniServerModule]:Server First Init.
ERPImporta.exe: 0000168C: 09:55:41 [TUniServerModule]:Start Path = C:\Projetos_WEB\ERP_Importa\
ERPImporta.exe: 0000168C: 09:55:41 [TUniServerModule]:Debug Mode = ON
ERPImporta.exe: 0000168C: 09:55:42 [TUniServerModule]:Starting HTTP Server on Port: 8077...
ERPImporta.exe: 0000168C: 09:55:42 [TUniServerModule]:HTTP Server Started on Port: 8077
ERPImporta.exe: 00001708: 09:58:18 []:>--------------------------------------------------------------<
ERPImporta.exe: 00001708: 09:58:18 [TUniServerModule]:Server First Init.
ERPImporta.exe: 00001708: 09:58:18 [TUniServerModule]:Start Path = C:\Projetos_WEB\ERP_Importa\
ERPImporta.exe: 00001708: 09:58:18 [TUniServerModule]:Debug Mode = ON
ERPImporta.exe: 00001708: 09:58:19 [TUniServerModule]:Starting HTTP Server on Port: 8077...
ERPImporta.exe: 00001708: 09:58:19 [TUniServerModule]:HTTP Server Started on Port: 8077
ERPImporta.exe: 000013B8: 09:59:37 []:>--------------------------------------------------------------<
ERPImporta.exe: 000013B8: 09:59:37 [TUniServerModule]:Server First Init.
ERPImporta.exe: 000013B8: 09:59:37 [TUniServerModule]:Start Path = C:\Projetos_WEB\ERP_Importa\
ERPImporta.exe: 000013B8: 09:59:37 [TUniServerModule]:Debug Mode = ON
ERPImporta.exe: 000013B8: 09:59:37 [TUniServerModule]:Starting HTTP Server on Port: 8077...
ERPImporta.exe: 000013B8: 09:59:37 [TUniServerModule]:HTTP Server Started on Port: 8077
ERPImporta.exe: 00000BE0: 10:01:15 []:>--------------------------------------------------------------<
ERPImporta.exe: 00000BE0: 10:01:15 [TUniServerModule]:Server First Init.
ERPImporta.exe: 00000BE0: 10:01:15 [TUniServerModule]:Start Path = C:\Projetos_WEB\ERP_Importa\
ERPImporta.exe: 00000BE0: 10:01:15 [TUniServerModule]:Debug Mode = ON
ERPImporta.exe: 00000BE0: 10:01:15 [TUniServerModule]:Starting HTTP Server on Port: 8077...
ERPImporta.exe: 00000BE0: 10:01:15 [TUniServerModule]:HTTP Server Started on Port: 8077
ERPImporta.exe: 00001ECC: 10:03:00 []:>--------------------------------------------------------------<
ERPImporta.exe: 00001ECC: 10:03:00 [TUniServerModule]:Server First Init.
ERPImporta.exe: 00001ECC: 10:03:00 [TUniServerModule]:Start Path = C:\Projetos_WEB\ERP_Importa\
ERPImporta.exe: 00001ECC: 10:03:00 [TUniServerModule]:Debug Mode = ON
ERPImporta.exe: 00001ECC: 10:03:00 [TUniServerModule]:Starting HTTP Server on Port: 8077...
ERPImporta.exe: 00001ECC: 10:03:00 [TUniServerModule]:HTTP Server Started on Port: 8077
ERPImporta.exe: 000036F8: 10:04:13 []:>--------------------------------------------------------------<
ERPImporta.exe: 000036F8: 10:04:13 [TUniServerModule]:Server First Init.
ERPImporta.exe: 000036F8: 10:04:13 [TUniServerModule]:Start Path = C:\Projetos_WEB\ERP_Importa\
ERPImporta.exe: 000036F8: 10:04:13 [TUniServerModule]:Debug Mode = ON
ERPImporta.exe: 000036F8: 10:04:13 [TUniServerModule]:Starting HTTP Server on Port: 8077...
ERPImporta.exe: 000036F8: 10:04:14 [TUniServerModule]:HTTP Server Started on Port: 8077
ERPImporta.exe: 00002D24: 10:05:13 []:>--------------------------------------------------------------<
ERPImporta.exe: 00002D24: 10:05:13 [TUniServerModule]:Server First Init.
ERPImporta.exe: 00002D24: 10:05:13 [TUniServerModule]:Start Path = C:\Projetos_WEB\ERP_Importa\
ERPImporta.exe: 00002D24: 10:05:13 [TUniServerModule]:Debug Mode = ON
ERPImporta.exe: 00002D24: 10:05:14 [TUniServerModule]:Starting HTTP Server on Port: 8077...
ERPImporta.exe: 00002D24: 10:05:14 [TUniServerModule]:HTTP Server Started on Port: 8077
ERPImporta.exe: 00003B60: 10:05:54 []:>--------------------------------------------------------------<
ERPImporta.exe: 00003B60: 10:05:54 [TUniServerModule]:Server First Init.
ERPImporta.exe: 00003B60: 10:05:54 [TUniServerModule]:Start Path = C:\Projetos_WEB\ERP_Importa\
ERPImporta.exe: 00003B60: 10:05:54 [TUniServerModule]:Debug Mode = ON
ERPImporta.exe: 00003B60: 10:05:55 [TUniServerModule]:Starting HTTP Server on Port: 8077...
ERPImporta.exe: 00003B60: 10:05:55 [TUniServerModule]:HTTP Server Started on Port: 8077
ERPImporta.exe: 000033A8: 10:07:00 []:>--------------------------------------------------------------<
ERPImporta.exe: 000033A8: 10:07:00 [TUniServerModule]:Server First Init.
ERPImporta.exe: 000033A8: 10:07:00 [TUniServerModule]:Start Path = C:\Projetos_WEB\ERP_Importa\
ERPImporta.exe: 000033A8: 10:07:00 [TUniServerModule]:Debug Mode = ON
ERPImporta.exe: 000033A8: 10:07:00 [TUniServerModule]:Starting HTTP Server on Port: 8077...
ERPImporta.exe: 000033A8: 10:07:00 [TUniServerModule]:HTTP Server Started on Port: 8077
ERPImporta.exe: 00002D4C: 10:07:35 [127.0.0.1]:EAccessViolation : Access violation at address 00B5819B in module 'ERPImporta.exe'. Write of address 000000D8 : Addr: $00B5819B
ERPImporta.exe: 00002D4C: 10:07:43 [127.0.0.1]:EAccessViolation : Access violation at address 00B5819B in module 'ERPImporta.exe'. Write of address 000000D8 : Addr: $00B5819B
ERPImporta.exe: 00002D4C: 10:08:07 [127.0.0.1]:EAccessViolation : Access violation at address 00B5819B in module 'ERPImporta.exe'. Write of address 000000D8 : Addr: $00B5819B
ERPImporta.exe: 00002D4C: 10:08:23 [127.0.0.1]:EAccessViolation : Access violation at address 00B5819B in module 'ERPImporta.exe'. Write of address 000000D8 : Addr: $00B5819B
ERPImporta.exe: 0000225C: 10:13:17 []:>--------------------------------------------------------------<
ERPImporta.exe: 0000225C: 10:13:17 [TUniServerModule]:Server First Init.
ERPImporta.exe: 0000225C: 10:13:17 [TUniServerModule]:Start Path = C:\Projetos_WEB\ERP_Importa\
ERPImporta.exe: 0000225C: 10:13:17 [TUniServerModule]:Debug Mode = ON
ERPImporta.exe: 0000225C: 10:13:17 [TUniServerModule]:Starting HTTP Server on Port: 8077...
ERPImporta.exe: 0000225C: 10:13:18 [TUniServerModule]:HTTP Server Started on Port: 8077
ERPImporta.exe: 000025AC: 10:14:03 []:>--------------------------------------------------------------<
ERPImporta.exe: 000025AC: 10:14:03 [TUniServerModule]:Server First Init.
ERPImporta.exe: 000025AC: 10:14:03 [TUniServerModule]:Start Path = C:\Projetos_WEB\ERP_Importa\
ERPImporta.exe: 000025AC: 10:14:03 [TUniServerModule]:Debug Mode = ON
ERPImporta.exe: 000025AC: 10:14:03 [TUniServerModule]:Starting HTTP Server on Port: 8077...
ERPImporta.exe: 000025AC: 10:14:04 [TUniServerModule]:HTTP Server Started on Port: 8077
ERPImporta.exe: 00000B5C: 10:16:33 []:>--------------------------------------------------------------<
ERPImporta.exe: 00000B5C: 10:16:33 [TUniServerModule]:Server First Init.
ERPImporta.exe: 00000B5C: 10:16:33 [TUniServerModule]:Start Path = C:\Projetos_WEB\ERP_Importa\
ERPImporta.exe: 00000B5C: 10:16:33 [TUniServerModule]:Debug Mode = ON
ERPImporta.exe: 00000B5C: 10:16:34 [TUniServerModule]:Starting HTTP Server on Port: 8077...
ERPImporta.exe: 00000B5C: 10:16:34 [TUniServerModule]:HTTP Server Started on Port: 8077
ERPImporta.exe: 00001148: 10:16:57 [127.0.0.1]:EAccessViolation : Access violation at address 00B582E0 in module 'ERPImporta.exe'. Write of address 000000D8 : Addr: $00B582E0
ERPImporta.exe: 00003144: 10:17:50 []:>--------------------------------------------------------------<
ERPImporta.exe: 00003144: 10:17:50 [TUniServerModule]:Server First Init.
ERPImporta.exe: 00003144: 10:17:50 [TUniServerModule]:Start Path = C:\Projetos_WEB\ERP_Importa\
ERPImporta.exe: 00003144: 10:17:50 [TUniServerModule]:Debug Mode = ON
ERPImporta.exe: 00003144: 10:17:51 [TUniServerModule]:Starting HTTP Server on Port: 8077...
ERPImporta.exe: 00003144: 10:17:51 [TUniServerModule]:HTTP Server Started on Port: 8077
ERPImporta.exe: 00002244: 10:18:30 [127.0.0.1]:EAccessViolation : Access violation at address 00B582E0 in module 'ERPImporta.exe'. Write of address 000000D8 : Addr: $00B582E0
ERPImporta.exe: 00002244: 10:18:47 [127.0.0.1]:EAccessViolation : Access violation at address 00B582E0 in module 'ERPImporta.exe'. Write of address 000000D8 : Addr: $00B582E0
ERPImporta.exe: 00003A34: 10:20:27 []:>--------------------------------------------------------------<
ERPImporta.exe: 00003A34: 10:20:27 [TUniServerModule]:Server First Init.
ERPImporta.exe: 00003A34: 10:20:27 [TUniServerModule]:Start Path = C:\Projetos_WEB\ERP_Importa\
ERPImporta.exe: 00003A34: 10:20:27 [TUniServerModule]:Debug Mode = ON
ERPImporta.exe: 00003A34: 10:20:27 [TUniServerModule]:Starting HTTP Server on Port: 8077...
ERPImporta.exe: 00003A34: 10:20:27 [TUniServerModule]:HTTP Server Started on Port: 8077
ERPImporta.exe: 00002164: 10:20:46 []:>--------------------------------------------------------------<
ERPImporta.exe: 00002164: 10:20:46 [TUniServerModule]:Server First Init.
ERPImporta.exe: 00002164: 10:20:46 [TUniServerModule]:Start Path = C:\Projetos_WEB\ERP_Importa\
ERPImporta.exe: 00002164: 10:20:46 [TUniServerModule]:Debug Mode = ON
ERPImporta.exe: 00002164: 10:20:46 [TUniGUISessionManager]:Cache erase job created, Folder count: [1]
ERPImporta.exe: 00002164: 10:20:47 [TUniServerModule]:Starting HTTP Server on Port: 8077...
ERPImporta.exe: 00002164: 10:20:47 [TUniServerModule]:HTTP Server Started on Port: 8077
ERPImporta.exe: 0000091C: 10:21:16 [127.0.0.1]:EAccessViolation : Access violation at address 00B582F4 in module 'ERPImporta.exe'. Write of address 000000D8 : Addr: $00B582F4
ERPImporta.exe: 0000091C: 10:21:27 [127.0.0.1]:EAccessViolation : Access violation at address 00B582F4 in module 'ERPImporta.exe'. Write of address 000000D8 : Addr: $00B582F4
ERPImporta.exe: 00001B64: 10:22:05 []:>--------------------------------------------------------------<
ERPImporta.exe: 00001B64: 10:22:05 [TUniServerModule]:Server First Init.
ERPImporta.exe: 00001B64: 10:22:05 [TUniServerModule]:Start Path = C:\Projetos_WEB\ERP_Importa\
ERPImporta.exe: 00001B64: 10:22:05 [TUniServerModule]:Debug Mode = ON
ERPImporta.exe: 00001B64: 10:22:05 [TUniServerModule]:Starting HTTP Server on Port: 8077...
ERPImporta.exe: 00001B64: 10:22:05 [TUniServerModule]:HTTP Server Started on Port: 8077
ERPImporta.exe: 00001040: 10:22:46 [127.0.0.1]:EAccessViolation : Access violation at address 00B582F4 in module 'ERPImporta.exe'. Write of address 000000D8 : Addr: $00B582F4
ERPImporta.exe: 00000BE4: 10:23:11 []:>--------------------------------------------------------------<
ERPImporta.exe: 00000BE4: 10:23:11 [TUniServerModule]:Server First Init.
ERPImporta.exe: 00000BE4: 10:23:11 [TUniServerModule]:Start Path = C:\Projetos_WEB\ERP_Importa\
ERPImporta.exe: 00000BE4: 10:23:11 [TUniServerModule]:Debug Mode = ON
ERPImporta.exe: 00000BE4: 10:23:11 [TUniServerModule]:Starting HTTP Server on Port: 8077...
ERPImporta.exe: 00000BE4: 10:23:11 [TUniServerModule]:HTTP Server Started on Port: 8077
ERPImporta.exe: 00000270: 15:33:39 []:>--------------------------------------------------------------<
ERPImporta.exe: 00000270: 15:33:39 [TUniServerModule]:Server First Init.
ERPImporta.exe: 00000270: 15:33:39 [TUniServerModule]:Start Path = C:\Projetos_WEB\ERP_Importa\
ERPImporta.exe: 00000270: 15:33:39 [TUniServerModule]:Debug Mode = ON
ERPImporta.exe: 00000270: 15:33:39 [TUniServerModule]:Starting HTTP Server on Port: 8077...
ERPImporta.exe: 00000270: 15:33:39 [TUniServerModule]:HTTP Server Started on Port: 8077
ERPImporta.exe: 00003598: 15:43:01 []:>--------------------------------------------------------------<
ERPImporta.exe: 00003598: 15:43:01 [TUniServerModule]:Server First Init.
ERPImporta.exe: 00003598: 15:43:01 [TUniServerModule]:Start Path = C:\Projetos_WEB\ERP_Importa\
ERPImporta.exe: 00003598: 15:43:01 [TUniServerModule]:Debug Mode = ON
ERPImporta.exe: 00003598: 15:43:01 [TUniServerModule]:Starting HTTP Server on Port: 8077...
ERPImporta.exe: 00003598: 15:43:01 [TUniServerModule]:HTTP Server Started on Port: 8077
ERPImporta.exe: 000026C0: 15:46:27 []:>--------------------------------------------------------------<
ERPImporta.exe: 000026C0: 15:46:27 [TUniServerModule]:Server First Init.
ERPImporta.exe: 000026C0: 15:46:27 [TUniServerModule]:Start Path = C:\Projetos_WEB\ERP_Importa\
ERPImporta.exe: 000026C0: 15:46:27 [TUniServerModule]:Debug Mode = ON
ERPImporta.exe: 000026C0: 15:46:27 [TUniGUISessionManager]:Cache erase job created, Folder count: [1]
ERPImporta.exe: 000026C0: 15:46:27 [TUniServerModule]:Starting HTTP Server on Port: 8077...
ERPImporta.exe: 000026C0: 15:46:27 [TUniServerModule]:HTTP Server Started on Port: 8077
ERPImporta.exe: 00003B10: 15:46:59 []:>--------------------------------------------------------------<
ERPImporta.exe: 00003B10: 15:46:59 [TUniServerModule]:Server First Init.
ERPImporta.exe: 00003B10: 15:46:59 [TUniServerModule]:Start Path = C:\Projetos_WEB\ERP_Importa\
ERPImporta.exe: 00003B10: 15:46:59 [TUniServerModule]:Debug Mode = ON
ERPImporta.exe: 00003B10: 15:47:00 [TUniServerModule]:Starting HTTP Server on Port: 8077...
ERPImporta.exe: 00003B10: 15:47:00 [TUniServerModule]:HTTP Server Started on Port: 8077
ERPImporta.exe: 00003AF0: 15:53:22 []:>--------------------------------------------------------------<
ERPImporta.exe: 00003AF0: 15:53:22 [TUniServerModule]:Server First Init.
ERPImporta.exe: 00003AF0: 15:53:22 [TUniServerModule]:Start Path = C:\Projetos_WEB\ERP_Importa\
ERPImporta.exe: 00003AF0: 15:53:22 [TUniServerModule]:Debug Mode = ON
ERPImporta.exe: 00003AF0: 15:53:23 [TUniServerModule]:Starting HTTP Server on Port: 8077...
ERPImporta.exe: 00003AF0: 15:53:23 [TUniServerModule]:HTTP Server Started on Port: 8077
ERPImporta.exe: 000019D8: 16:02:14 []:>--------------------------------------------------------------<
ERPImporta.exe: 000019D8: 16:02:14 [TUniServerModule]:Server First Init.
ERPImporta.exe: 000019D8: 16:02:14 [TUniServerModule]:Start Path = C:\Projetos_WEB\ERP_Importa\
ERPImporta.exe: 000019D8: 16:02:14 [TUniServerModule]:Debug Mode = ON
ERPImporta.exe: 000019D8: 16:02:15 [TUniServerModule]:Starting HTTP Server on Port: 8077...
ERPImporta.exe: 000019D8: 16:02:15 [TUniServerModule]:HTTP Server Started on Port: 8077
ERPImporta.exe: 00003644: 16:06:01 []:>--------------------------------------------------------------<
ERPImporta.exe: 00003644: 16:06:01 [TUniServerModule]:Server First Init.
ERPImporta.exe: 00003644: 16:06:01 [TUniServerModule]:Start Path = C:\Projetos_WEB\ERP_Importa\
ERPImporta.exe: 00003644: 16:06:01 [TUniServerModule]:Debug Mode = ON
ERPImporta.exe: 00003644: 16:06:01 [TUniServerModule]:Starting HTTP Server on Port: 8077...
ERPImporta.exe: 00003644: 16:06:01 [TUniServerModule]:HTTP Server Started on Port: 8077
ERPImporta.exe: 00000604: 16:36:27 []:>--------------------------------------------------------------<
ERPImporta.exe: 00000604: 16:36:27 [TUniServerModule]:Server First Init.
ERPImporta.exe: 00000604: 16:36:27 [TUniServerModule]:Start Path = C:\Projetos_WEB\ERP_Importa\
ERPImporta.exe: 00000604: 16:36:27 [TUniServerModule]:Debug Mode = ON
ERPImporta.exe: 00000604: 16:36:27 [TUniServerModule]:Starting HTTP Server on Port: 8077...
ERPImporta.exe: 00000604: 16:36:27 [TUniServerModule]:HTTP Server Started on Port: 8077
ERPImporta.exe: 000031A0: 16:37:46 []:>--------------------------------------------------------------<
ERPImporta.exe: 000031A0: 16:37:46 [TUniServerModule]:Server First Init.
ERPImporta.exe: 000031A0: 16:37:46 [TUniServerModule]:Start Path = C:\Projetos_WEB\ERP_Importa\
ERPImporta.exe: 000031A0: 16:37:46 [TUniServerModule]:Debug Mode = ON
ERPImporta.exe: 000031A0: 16:37:46 [TUniServerModule]:Starting HTTP Server on Port: 8077...
ERPImporta.exe: 000031A0: 16:37:47 [TUniServerModule]:HTTP Server Started on Port: 8077
ERPImporta.exe: 00001064: 16:46:27 []:>--------------------------------------------------------------<
ERPImporta.exe: 00001064: 16:46:27 [TUniServerModule]:Server First Init.
ERPImporta.exe: 00001064: 16:46:27 [TUniServerModule]:Start Path = C:\Projetos_WEB\ERP_Importa\
ERPImporta.exe: 00001064: 16:46:27 [TUniServerModule]:Debug Mode = ON
ERPImporta.exe: 00001064: 16:46:27 [TUniServerModule]:Starting HTTP Server on Port: 8077...
ERPImporta.exe: 00001064: 16:46:28 [TUniServerModule]:HTTP Server Started on Port: 8077
ERPImporta.exe: 00003718: 16:48:18 []:>--------------------------------------------------------------<
ERPImporta.exe: 00003718: 16:48:18 [TUniServerModule]:Server First Init.
ERPImporta.exe: 00003718: 16:48:18 [TUniServerModule]:Start Path = C:\Projetos_WEB\ERP_Importa\
ERPImporta.exe: 00003718: 16:48:18 [TUniServerModule]:Debug Mode = ON
ERPImporta.exe: 00003718: 16:48:19 [TUniServerModule]:Starting HTTP Server on Port: 8077...
ERPImporta.exe: 00003718: 16:48:19 [TUniServerModule]:HTTP Server Started on Port: 8077
ERPImporta.exe: 00000960: 16:49:42 []:>--------------------------------------------------------------<
ERPImporta.exe: 00000960: 16:49:42 [TUniServerModule]:Server First Init.
ERPImporta.exe: 00000960: 16:49:42 [TUniServerModule]:Start Path = C:\Projetos_WEB\ERP_Importa\
ERPImporta.exe: 00000960: 16:49:42 [TUniServerModule]:Debug Mode = ON
ERPImporta.exe: 00000960: 16:49:42 [TUniServerModule]:Starting HTTP Server on Port: 8077...
ERPImporta.exe: 00000960: 16:49:42 [TUniServerModule]:HTTP Server Started on Port: 8077
ERPImporta.exe: 00001428: 16:50:32 []:>--------------------------------------------------------------<
ERPImporta.exe: 00001428: 16:50:32 [TUniServerModule]:Server First Init.
ERPImporta.exe: 00001428: 16:50:32 [TUniServerModule]:Start Path = C:\Projetos_WEB\ERP_Importa\
ERPImporta.exe: 00001428: 16:50:32 [TUniServerModule]:Debug Mode = ON
ERPImporta.exe: 00001428: 16:50:32 [TUniGUISessionManager]:Cache erase job created, Folder count: [1]
ERPImporta.exe: 00001428: 16:50:32 [TUniServerModule]:Starting HTTP Server on Port: 8077...
ERPImporta.exe: 00001428: 16:50:32 [TUniServerModule]:HTTP Server Started on Port: 8077
ERPImporta.exe: 0000033C: 16:50:50 [127.0.0.1]:EAccessViolation : Access violation at address 00B58D92 in module 'ERPImporta.exe'. Read of address 00000000 : Addr: $00B58D92
ERPImporta.exe: 00003A48: 16:51:28 []:>--------------------------------------------------------------<
ERPImporta.exe: 00003A48: 16:51:28 [TUniServerModule]:Server First Init.
ERPImporta.exe: 00003A48: 16:51:28 [TUniServerModule]:Start Path = C:\Projetos_WEB\ERP_Importa\
ERPImporta.exe: 00003A48: 16:51:28 [TUniServerModule]:Debug Mode = ON
ERPImporta.exe: 00003A48: 16:51:29 [TUniServerModule]:Starting HTTP Server on Port: 8077...
ERPImporta.exe: 00003A48: 16:51:29 [TUniServerModule]:HTTP Server Started on Port: 8077
ERPImporta.exe: 000012C4: 16:51:47 [127.0.0.1]:EAccessViolation : Access violation at address 00B58D91 in module 'ERPImporta.exe'. Read of address 00000000 : Addr: $00B58D91
ERPImporta.exe: 00002D00: 16:52:37 []:>--------------------------------------------------------------<
ERPImporta.exe: 00002D00: 16:52:37 [TUniServerModule]:Server First Init.
ERPImporta.exe: 00002D00: 16:52:37 [TUniServerModule]:Start Path = C:\Projetos_WEB\ERP_Importa\
ERPImporta.exe: 00002D00: 16:52:37 [TUniServerModule]:Debug Mode = ON
ERPImporta.exe: 00002D00: 16:52:37 [TUniServerModule]:Starting HTTP Server on Port: 8077...
ERPImporta.exe: 00002D00: 16:52:38 [TUniServerModule]:HTTP Server Started on Port: 8077
ERPImporta.exe: 00001DB8: 16:52:53 [127.0.0.1]:EAccessViolation : Access violation at address 00B58D93 in module 'ERPImporta.exe'. Read of address 00000000 : Addr: $00B58D93
ERPImporta.exe: 0000207C: 16:53:15 []:>--------------------------------------------------------------<
ERPImporta.exe: 0000207C: 16:53:15 [TUniServerModule]:Server First Init.
ERPImporta.exe: 0000207C: 16:53:15 [TUniServerModule]:Start Path = C:\Projetos_WEB\ERP_Importa\
ERPImporta.exe: 0000207C: 16:53:15 [TUniServerModule]:Debug Mode = ON
ERPImporta.exe: 0000207C: 16:53:15 [TUniGUISessionManager]:Cache erase job created, Folder count: [1]
ERPImporta.exe: 0000207C: 16:53:15 [TUniServerModule]:Starting HTTP Server on Port: 8077...
ERPImporta.exe: 0000207C: 16:53:15 [TUniServerModule]:HTTP Server Started on Port: 8077
ERPImporta.exe: 00000D80: 16:53:45 []:>--------------------------------------------------------------<
ERPImporta.exe: 00000D80: 16:53:45 [TUniServerModule]:Server First Init.
ERPImporta.exe: 00000D80: 16:53:45 [TUniServerModule]:Start Path = C:\Projetos_WEB\ERP_Importa\
ERPImporta.exe: 00000D80: 16:53:45 [TUniServerModule]:Debug Mode = ON
ERPImporta.exe: 00000D80: 16:53:45 [TUniGUISessionManager]:Cache erase job created, Folder count: [1]
ERPImporta.exe: 00000D80: 16:53:45 [TUniServerModule]:Starting HTTP Server on Port: 8077...
ERPImporta.exe: 00000D80: 16:53:45 [TUniServerModule]:HTTP Server Started on Port: 8077
ERPImporta.exe: 000019D4: 16:53:54 [127.0.0.1]:EUniSessionException : Sessão inváilda ou tempo da sessão expirado. (Session not found: VvyoIcQeBk10C0EE65F ) : Addr: $007AD962
ERPImporta.exe: 000038F8: 16:54:16 []:>--------------------------------------------------------------<
ERPImporta.exe: 000038F8: 16:54:16 [TUniServerModule]:Server First Init.
ERPImporta.exe: 000038F8: 16:54:16 [TUniServerModule]:Start Path = C:\Projetos_WEB\ERP_Importa\
ERPImporta.exe: 000038F8: 16:54:16 [TUniServerModule]:Debug Mode = ON
ERPImporta.exe: 000038F8: 16:54:16 [TUniGUISessionManager]:Cache erase job created, Folder count: [1]
ERPImporta.exe: 000038F8: 16:54:16 [TUniServerModule]:Starting HTTP Server on Port: 8077...
ERPImporta.exe: 000038F8: 16:54:16 [TUniServerModule]:HTTP Server Started on Port: 8077
ERPImporta.exe: 000032D8: 16:54:30 []:>--------------------------------------------------------------<
ERPImporta.exe: 000032D8: 16:54:30 [TUniServerModule]:Server First Init.
ERPImporta.exe: 000032D8: 16:54:30 [TUniServerModule]:Start Path = C:\Projetos_WEB\ERP_Importa\
ERPImporta.exe: 000032D8: 16:54:30 [TUniServerModule]:Debug Mode = ON
ERPImporta.exe: 000032D8: 16:54:30 [TUniGUISessionManager]:Cache erase job created, Folder count: [1]
ERPImporta.exe: 000032D8: 16:54:30 [TUniServerModule]:Starting HTTP Server on Port: 8077...
ERPImporta.exe: 000032D8: 16:54:30 [TUniServerModule]:HTTP Server Started on Port: 8077
ERPImporta.exe: 000005EC: 16:55:48 []:>--------------------------------------------------------------<
ERPImporta.exe: 000005EC: 16:55:48 [TUniServerModule]:Server First Init.
ERPImporta.exe: 000005EC: 16:55:48 [TUniServerModule]:Start Path = C:\Projetos_WEB\ERP_Importa\
ERPImporta.exe: 000005EC: 16:55:48 [TUniServerModule]:Debug Mode = ON
ERPImporta.exe: 000005EC: 16:55:48 [TUniGUISessionManager]:Cache erase job created, Folder count: [1]
ERPImporta.exe: 000005EC: 16:55:49 [TUniServerModule]:Starting HTTP Server on Port: 8077...
ERPImporta.exe: 000005EC: 16:55:49 [TUniServerModule]:HTTP Server Started on Port: 8077
ERPImporta.exe: 000026D4: 16:56:01 [127.0.0.1]:EAccessViolation : Access violation at address 00B58DC5 in module 'ERPImporta.exe'. Read of address 00000000 : Addr: $00B58DC5
ERPImporta.exe: 00000BE0: 16:57:08 []:>--------------------------------------------------------------<
ERPImporta.exe: 00000BE0: 16:57:08 [TUniServerModule]:Server First Init.
ERPImporta.exe: 00000BE0: 16:57:08 [TUniServerModule]:Start Path = C:\Projetos_WEB\ERP_Importa\
ERPImporta.exe: 00000BE0: 16:57:08 [TUniServerModule]:Debug Mode = ON
ERPImporta.exe: 00000BE0: 16:57:08 [TUniServerModule]:Starting HTTP Server on Port: 8077...
ERPImporta.exe: 00000BE0: 16:57:08 [TUniServerModule]:HTTP Server Started on Port: 8077
ERPImporta.exe: 00002E58: 16:57:46 []:>--------------------------------------------------------------<
ERPImporta.exe: 00002E58: 16:57:46 [TUniServerModule]:Server First Init.
ERPImporta.exe: 00002E58: 16:57:46 [TUniServerModule]:Start Path = C:\Projetos_WEB\ERP_Importa\
ERPImporta.exe: 00002E58: 16:57:46 [TUniServerModule]:Debug Mode = ON
ERPImporta.exe: 00002E58: 16:57:46 [TUniServerModule]:Starting HTTP Server on Port: 8077...
ERPImporta.exe: 00002E58: 16:57:46 [TUniServerModule]:HTTP Server Started on Port: 8077
ERPImporta.exe: 000022F8: 17:00:01 []:>--------------------------------------------------------------<
ERPImporta.exe: 000022F8: 17:00:01 [TUniServerModule]:Server First Init.
ERPImporta.exe: 000022F8: 17:00:01 [TUniServerModule]:Start Path = C:\Projetos_WEB\ERP_Importa\
ERPImporta.exe: 000022F8: 17:00:01 [TUniServerModule]:Debug Mode = ON
ERPImporta.exe: 000022F8: 17:00:01 [TUniServerModule]:Starting HTTP Server on Port: 8077...
ERPImporta.exe: 000022F8: 17:00:01 [TUniServerModule]:HTTP Server Started on Port: 8077
ERPImporta.exe: 00002910: 17:02:41 []:>--------------------------------------------------------------<
ERPImporta.exe: 00002910: 17:02:41 [TUniServerModule]:Server First Init.
ERPImporta.exe: 00002910: 17:02:41 [TUniServerModule]:Start Path = C:\Projetos_WEB\ERP_Importa\
ERPImporta.exe: 00002910: 17:02:41 [TUniServerModule]:Debug Mode = ON
ERPImporta.exe: 00002910: 17:02:41 [TUniServerModule]:Starting HTTP Server on Port: 8077...
ERPImporta.exe: 00002910: 17:02:41 [TUniServerModule]:HTTP Server Started on Port: 8077
ERPImporta.exe: 00002910: 17:13:05 [TUniServerModule]:Shutting Down Server.
ERPImporta.exe: 00002910: 17:13:05 [TUniServerModule]:Stopping HTTP Server.
ERPImporta.exe: 00002910: 17:13:05 [TUniServerModule]:HTTP Server Stopped.
ERPImporta.exe: 00002910: 17:13:05 [TUniGUISessionManager]:Terminating Session manager.
ERPImporta.exe: 00002910: 17:13:05 [TUniGUISessionManager]:Stopping Cache Eraser...
ERPImporta.exe: 00002910: 17:13:05 [TUniGUISessionManager]:Cache Eraser Stopped.
ERPImporta.exe: 00002910: 17:13:05 [TUniGUISessionManager]:Destroying Worker Threads.
ERPImporta.exe: 00002910: 17:13:05 [TUniGUISessionManager]:Session manager terminated.
ERPImporta.exe: 00002910: 17:13:05 [TUniServerModule]:Server Shutdown Completed.
ERPImporta.exe: 00002910: 17:13:05 []:<-------------------------------------------------------------->
ERPImporta.exe: 00002910: 17:13:05 [Terminated]:Exit Code: 0
ERPImporta.exe: 00002BAC: 17:13:14 []:>--------------------------------------------------------------<
ERPImporta.exe: 00002BAC: 17:13:14 [TUniServerModule]:Server First Init.
ERPImporta.exe: 00002BAC: 17:13:14 [TUniServerModule]:Start Path = C:\Projetos_WEB\ERP_Importa\
ERPImporta.exe: 00002BAC: 17:13:14 [TUniServerModule]:Debug Mode = ON
ERPImporta.exe: 00002BAC: 17:13:14 [TUniGUISessionManager]:Cache erase job created, Folder count: [1]
ERPImporta.exe: 00002BAC: 17:13:14 [TUniServerModule]:Starting HTTP Server on Port: 8077...
ERPImporta.exe: 00002BAC: 17:13:14 [TUniServerModule]:HTTP Server Started on Port: 8077
ERPImporta.exe: 000029E4: 17:21:31 []:>--------------------------------------------------------------<
ERPImporta.exe: 000029E4: 17:21:31 [TUniServerModule]:Server First Init.
ERPImporta.exe: 000029E4: 17:21:31 [TUniServerModule]:Start Path = C:\Projetos_WEB\ERP_Importa\
ERPImporta.exe: 000029E4: 17:21:31 [TUniServerModule]:Debug Mode = ON
ERPImporta.exe: 000029E4: 17:21:32 [TUniServerModule]:Starting HTTP Server on Port: 8077...
ERPImporta.exe: 000029E4: 17:21:32 [TUniServerModule]:HTTP Server Started on Port: 8077
ERPImporta.exe: 00000824: 17:25:48 []:>--------------------------------------------------------------<
ERPImporta.exe: 00000824: 17:25:48 [TUniServerModule]:Server First Init.
ERPImporta.exe: 00000824: 17:25:48 [TUniServerModule]:Start Path = C:\Projetos_WEB\ERP_Importa\
ERPImporta.exe: 00000824: 17:25:48 [TUniServerModule]:Debug Mode = ON
ERPImporta.exe: 00000824: 17:25:48 [TUniGUISessionManager]:Cache erase job created, Folder count: [1]
ERPImporta.exe: 00000824: 17:25:48 [TUniServerModule]:Starting HTTP Server on Port: 8077...
ERPImporta.exe: 00000824: 17:25:48 [TUniServerModule]:HTTP Server Started on Port: 8077
ERPImporta.exe: 00000AAC: 17:32:50 []:>--------------------------------------------------------------<
ERPImporta.exe: 00000AAC: 17:32:50 [TUniServerModule]:Server First Init.
ERPImporta.exe: 00000AAC: 17:32:50 [TUniServerModule]:Start Path = C:\Projetos_WEB\ERP_Importa\
ERPImporta.exe: 00000AAC: 17:32:50 [TUniServerModule]:Debug Mode = ON
ERPImporta.exe: 00000AAC: 17:32:50 [TUniGUISessionManager]:Cache erase job created, Folder count: [1]
ERPImporta.exe: 00000AAC: 17:32:50 [TUniServerModule]:Starting HTTP Server on Port: 8077...
ERPImporta.exe: 00000AAC: 17:32:50 [TUniServerModule]:HTTP Server Started on Port: 8077
ERPImporta.exe: 00000DB4: 17:34:41 []:>--------------------------------------------------------------<
ERPImporta.exe: 00000DB4: 17:34:41 [TUniServerModule]:Server First Init.
ERPImporta.exe: 00000DB4: 17:34:41 [TUniServerModule]:Start Path = C:\Projetos_WEB\ERP_Importa\
ERPImporta.exe: 00000DB4: 17:34:41 [TUniServerModule]:Debug Mode = ON
ERPImporta.exe: 00000DB4: 17:34:41 [TUniGUISessionManager]:Cache erase job created, Folder count: [1]
ERPImporta.exe: 00000DB4: 17:34:42 [TUniServerModule]:Starting HTTP Server on Port: 8077...
ERPImporta.exe: 00000DB4: 17:34:42 [TUniServerModule]:HTTP Server Started on Port: 8077
ERPImporta.exe: 000006D0: 17:38:45 []:>--------------------------------------------------------------<
ERPImporta.exe: 000006D0: 17:38:45 [TUniServerModule]:Server First Init.
ERPImporta.exe: 000006D0: 17:38:45 [TUniServerModule]:Start Path = C:\Projetos_WEB\ERP_Importa\
ERPImporta.exe: 000006D0: 17:38:45 [TUniServerModule]:Debug Mode = ON
ERPImporta.exe: 000006D0: 17:38:46 [TUniServerModule]:Starting HTTP Server on Port: 8077...
ERPImporta.exe: 000006D0: 17:38:46 [TUniServerModule]:HTTP Server Started on Port: 8077
ERPImporta.exe: 00003274: 17:41:49 []:>--------------------------------------------------------------<
ERPImporta.exe: 00003274: 17:41:49 [TUniServerModule]:Server First Init.
ERPImporta.exe: 00003274: 17:41:49 [TUniServerModule]:Start Path = C:\Projetos_WEB\ERP_Importa\
ERPImporta.exe: 00003274: 17:41:49 [TUniServerModule]:Debug Mode = ON
ERPImporta.exe: 00003274: 17:41:49 [TUniServerModule]:Starting HTTP Server on Port: 8077...
ERPImporta.exe: 00003274: 17:41:49 [TUniServerModule]:HTTP Server Started on Port: 8077
ERPImporta.exe: 00000094: 17:47:44 []:>--------------------------------------------------------------<
ERPImporta.exe: 00000094: 17:47:44 [TUniServerModule]:Server First Init.
ERPImporta.exe: 00000094: 17:47:44 [TUniServerModule]:Start Path = C:\Projetos_WEB\ERP_Importa\
ERPImporta.exe: 00000094: 17:47:44 [TUniServerModule]:Debug Mode = ON
ERPImporta.exe: 00000094: 17:47:44 [TUniServerModule]:Starting HTTP Server on Port: 8077...
ERPImporta.exe: 00000094: 17:47:44 [TUniServerModule]:HTTP Server Started on Port: 8077
ERPImporta.exe: 000029D8: 17:51:21 []:>--------------------------------------------------------------<
ERPImporta.exe: 000029D8: 17:51:21 [TUniServerModule]:Server First Init.
ERPImporta.exe: 000029D8: 17:51:21 [TUniServerModule]:Start Path = C:\Projetos_WEB\ERP_Importa\
ERPImporta.exe: 000029D8: 17:51:21 [TUniServerModule]:Debug Mode = ON
ERPImporta.exe: 000029D8: 17:51:21 [TUniGUISessionManager]:Cache erase job created, Folder count: [1]
ERPImporta.exe: 000029D8: 17:51:21 [TUniServerModule]:Starting HTTP Server on Port: 8077...
ERPImporta.exe: 000029D8: 17:51:21 [TUniServerModule]:HTTP Server Started on Port: 8077
ERPImporta.exe: 000027BC: 17:55:24 []:>--------------------------------------------------------------<
ERPImporta.exe: 000027BC: 17:55:24 [TUniServerModule]:Server First Init.
ERPImporta.exe: 000027BC: 17:55:24 [TUniServerModule]:Start Path = C:\Projetos_WEB\ERP_Importa\
ERPImporta.exe: 000027BC: 17:55:24 [TUniServerModule]:Debug Mode = ON
ERPImporta.exe: 000027BC: 17:55:24 [TUniGUISessionManager]:Cache erase job created, Folder count: [1]
ERPImporta.exe: 000027BC: 17:55:24 [TUniServerModule]:Starting HTTP Server on Port: 8077...
ERPImporta.exe: 000027BC: 17:55:25 [TUniServerModule]:HTTP Server Started on Port: 8077
ERPImporta.exe: 00000960: 17:56:40 []:>--------------------------------------------------------------<
ERPImporta.exe: 00000960: 17:56:40 [TUniServerModule]:Server First Init.
ERPImporta.exe: 00000960: 17:56:40 [TUniServerModule]:Start Path = C:\Projetos_WEB\ERP_Importa\
ERPImporta.exe: 00000960: 17:56:40 [TUniServerModule]:Debug Mode = ON
ERPImporta.exe: 00000960: 17:56:40 [TUniGUISessionManager]:Cache erase job created, Folder count: [1]
ERPImporta.exe: 00000960: 17:56:40 [TUniServerModule]:Starting HTTP Server on Port: 8077...
ERPImporta.exe: 00000960: 17:56:40 [TUniServerModule]:HTTP Server Started on Port: 8077
ERPImporta.exe: 00001634: 17:58:13 []:>--------------------------------------------------------------<
ERPImporta.exe: 00001634: 17:58:13 [TUniServerModule]:Server First Init.
ERPImporta.exe: 00001634: 17:58:13 [TUniServerModule]:Start Path = C:\Projetos_WEB\ERP_Importa\
ERPImporta.exe: 00001634: 17:58:13 [TUniServerModule]:Debug Mode = ON
ERPImporta.exe: 00001634: 17:58:13 [TUniGUISessionManager]:Cache erase job created, Folder count: [1]
ERPImporta.exe: 00001634: 17:58:13 [TUniServerModule]:Starting HTTP Server on Port: 8077...
ERPImporta.exe: 00001634: 17:58:13 [TUniServerModule]:HTTP Server Started on Port: 8077
ERPImporta.exe: 00000934: 18:00:49 []:>--------------------------------------------------------------<
ERPImporta.exe: 00000934: 18:00:49 [TUniServerModule]:Server First Init.
ERPImporta.exe: 00000934: 18:00:49 [TUniServerModule]:Start Path = C:\Projetos_WEB\ERP_Importa\
ERPImporta.exe: 00000934: 18:00:49 [TUniServerModule]:Debug Mode = ON
ERPImporta.exe: 00000934: 18:00:49 [TUniServerModule]:Starting HTTP Server on Port: 8077...
ERPImporta.exe: 00000934: 18:00:49 [TUniServerModule]:HTTP Server Started on Port: 8077
ERPImporta.exe: 00002340: 18:02:12 []:>--------------------------------------------------------------<
ERPImporta.exe: 00002340: 18:02:12 [TUniServerModule]:Server First Init.
ERPImporta.exe: 00002340: 18:02:12 [TUniServerModule]:Start Path = C:\Projetos_WEB\ERP_Importa\
ERPImporta.exe: 00002340: 18:02:12 [TUniServerModule]:Debug Mode = ON
ERPImporta.exe: 00002340: 18:02:12 [TUniGUISessionManager]:Cache erase job created, Folder count: [1]
ERPImporta.exe: 00002340: 18:02:13 [TUniServerModule]:Starting HTTP Server on Port: 8077...
ERPImporta.exe: 00002340: 18:02:13 [TUniServerModule]:HTTP Server Started on Port: 8077
ERPImporta.exe: 00002B40: 18:04:10 []:>--------------------------------------------------------------<
ERPImporta.exe: 00002B40: 18:04:10 [TUniServerModule]:Server First Init.
ERPImporta.exe: 00002B40: 18:04:10 [TUniServerModule]:Start Path = C:\Projetos_WEB\ERP_Importa\
ERPImporta.exe: 00002B40: 18:04:10 [TUniServerModule]:Debug Mode = ON
ERPImporta.exe: 00002B40: 18:04:11 [TUniServerModule]:Starting HTTP Server on Port: 8077...
ERPImporta.exe: 00002B40: 18:04:11 [TUniServerModule]:HTTP Server Started on Port: 8077
