ERPImporta.exe: 00000D58: 10:12:46 []:>--------------------------------------------------------------<
ERPImporta.exe: 00000D58: 10:12:46 [TUniServerModule]:Server First Init.
ERPImporta.exe: 00000D58: 10:12:46 [TUniServerModule]:Start Path = C:\Projetos_WEB\ERP_Importa\
ERPImporta.exe: 00000D58: 10:12:46 [TUniServerModule]:Debug Mode = ON
ERPImporta.exe: 00000D58: 10:12:47 [TUniServerModule]:Starting HTTP Server on Port: 8077...
ERPImporta.exe: 00000D58: 10:12:47 [TUniServerModule]:HTTP Server Started on Port: 8077
ERPImporta.exe: 00002540: 10:14:23 []:>--------------------------------------------------------------<
ERPImporta.exe: 00002540: 10:14:23 [TUniServerModule]:Server First Init.
ERPImporta.exe: 00002540: 10:14:23 [TUniServerModule]:Start Path = C:\Projetos_WEB\ERP_Importa\
ERPImporta.exe: 00002540: 10:14:23 [TUniServerModule]:Debug Mode = ON
ERPImporta.exe: 00002540: 10:14:23 [TUniGUISessionManager]:Cache erase job created, Folder count: [1]
ERPImporta.exe: 00002540: 10:14:23 [TUniServerModule]:Starting HTTP Server on Port: 8077...
ERPImporta.exe: 00002540: 10:14:23 [TUniServerModule]:HTTP Server Started on Port: 8077
ERPImporta.exe: 000007C4: 10:14:32 []:>--------------------------------------------------------------<
ERPImporta.exe: 000007C4: 10:14:32 [TUniServerModule]:Server First Init.
ERPImporta.exe: 000007C4: 10:14:32 [TUniServerModule]:Start Path = C:\Projetos_WEB\ERP_Importa\
ERPImporta.exe: 000007C4: 10:14:32 [TUniServerModule]:Debug Mode = ON
ERPImporta.exe: 000007C4: 10:14:32 [TUniServerModule]:Starting HTTP Server on Port: 8077...
ERPImporta.exe: 000007C4: 10:14:32 [TUniServerModule]:HTTP Server Started on Port: 8077
ERPImporta.exe: 00002A24: 10:14:48 []:>--------------------------------------------------------------<
ERPImporta.exe: 00002A24: 10:14:48 [TUniServerModule]:Server First Init.
ERPImporta.exe: 00002A24: 10:14:48 [TUniServerModule]:Start Path = C:\Projetos_WEB\ERP_Importa\
ERPImporta.exe: 00002A24: 10:14:48 [TUniServerModule]:Debug Mode = ON
ERPImporta.exe: 00002A24: 10:14:48 [TUniGUISessionManager]:Cache erase job created, Folder count: [1]
ERPImporta.exe: 00002A24: 10:14:49 [TUniServerModule]:Starting HTTP Server on Port: 8077...
ERPImporta.exe: 00002A24: 10:14:49 [TUniServerModule]:HTTP Server Started on Port: 8077
ERPImporta.exe: 00003B9C: 10:17:36 []:>--------------------------------------------------------------<
ERPImporta.exe: 00003B9C: 10:17:36 [TUniServerModule]:Server First Init.
ERPImporta.exe: 00003B9C: 10:17:36 [TUniServerModule]:Start Path = C:\Projetos_WEB\ERP_Importa\
ERPImporta.exe: 00003B9C: 10:17:36 [TUniServerModule]:Debug Mode = ON
ERPImporta.exe: 00003B9C: 10:17:37 [TUniServerModule]:Starting HTTP Server on Port: 8077...
ERPImporta.exe: 00003B9C: 10:17:37 [TUniServerModule]:HTTP Server Started on Port: 8077
ERPImporta.exe: 00003B30: 10:18:43 []:>--------------------------------------------------------------<
ERPImporta.exe: 00003B30: 10:18:43 [TUniServerModule]:Server First Init.
ERPImporta.exe: 00003B30: 10:18:43 [TUniServerModule]:Start Path = C:\Projetos_WEB\ERP_Importa\
ERPImporta.exe: 00003B30: 10:18:43 [TUniServerModule]:Debug Mode = ON
ERPImporta.exe: 00003B30: 10:18:43 [TUniServerModule]:Starting HTTP Server on Port: 8077...
ERPImporta.exe: 00003B30: 10:18:43 [TUniServerModule]:HTTP Server Started on Port: 8077
ERPImporta.exe: 00000C88: 10:22:04 []:>--------------------------------------------------------------<
ERPImporta.exe: 00000C88: 10:22:04 [TUniServerModule]:Server First Init.
ERPImporta.exe: 00000C88: 10:22:04 [TUniServerModule]:Start Path = C:\Projetos_WEB\ERP_Importa\
ERPImporta.exe: 00000C88: 10:22:04 [TUniServerModule]:Debug Mode = ON
ERPImporta.exe: 00000C88: 10:22:04 [TUniGUISessionManager]:Cache erase job created, Folder count: [1]
ERPImporta.exe: 00000C88: 10:22:05 [TUniServerModule]:Starting HTTP Server on Port: 8077...
ERPImporta.exe: 00000C88: 10:22:05 [TUniServerModule]:HTTP Server Started on Port: 8077
ERPImporta.exe: 00003644: 10:23:11 []:>--------------------------------------------------------------<
ERPImporta.exe: 00003644: 10:23:11 [TUniServerModule]:Server First Init.
ERPImporta.exe: 00003644: 10:23:11 [TUniServerModule]:Start Path = C:\Projetos_WEB\ERP_Importa\
ERPImporta.exe: 00003644: 10:23:11 [TUniServerModule]:Debug Mode = ON
ERPImporta.exe: 00003644: 10:23:11 [TUniGUISessionManager]:Cache erase job created, Folder count: [1]
ERPImporta.exe: 00003644: 10:23:11 [TUniServerModule]:Starting HTTP Server on Port: 8077...
ERPImporta.exe: 00003644: 10:23:11 [TUniServerModule]:HTTP Server Started on Port: 8077
ERPImporta.exe: 000028F0: 10:43:23 []:>--------------------------------------------------------------<
ERPImporta.exe: 000028F0: 10:43:23 [TUniServerModule]:Server First Init.
ERPImporta.exe: 000028F0: 10:43:23 [TUniServerModule]:Start Path = C:\Projetos_WEB\ERP_Importa\
ERPImporta.exe: 000028F0: 10:43:23 [TUniServerModule]:Debug Mode = ON
ERPImporta.exe: 000028F0: 10:43:23 [TUniServerModule]:Starting HTTP Server on Port: 8077...
ERPImporta.exe: 000028F0: 10:43:23 [TUniServerModule]:HTTP Server Started on Port: 8077
ERPImporta.exe: 00001B54: 10:44:48 []:>--------------------------------------------------------------<
ERPImporta.exe: 00001B54: 10:44:48 [TUniServerModule]:Server First Init.
ERPImporta.exe: 00001B54: 10:44:48 [TUniServerModule]:Start Path = C:\Projetos_WEB\ERP_Importa\
ERPImporta.exe: 00001B54: 10:44:48 [TUniServerModule]:Debug Mode = ON
ERPImporta.exe: 00001B54: 10:44:48 [TUniServerModule]:Starting HTTP Server on Port: 8077...
ERPImporta.exe: 00001B54: 10:44:48 [TUniServerModule]:HTTP Server Started on Port: 8077
ERPImporta.exe: 000028B0: 10:59:38 []:>--------------------------------------------------------------<
ERPImporta.exe: 000028B0: 10:59:38 [TUniServerModule]:Server First Init.
ERPImporta.exe: 000028B0: 10:59:38 [TUniServerModule]:Start Path = C:\Projetos_WEB\ERP_Importa\
ERPImporta.exe: 000028B0: 10:59:38 [TUniServerModule]:Debug Mode = ON
ERPImporta.exe: 000028B0: 10:59:39 [TUniServerModule]:Starting HTTP Server on Port: 8077...
ERPImporta.exe: 000028B0: 10:59:39 [TUniServerModule]:HTTP Server Started on Port: 8077
ERPImporta.exe: 00001AAC: 11:01:46 []:>--------------------------------------------------------------<
ERPImporta.exe: 00001AAC: 11:01:46 [TUniServerModule]:Server First Init.
ERPImporta.exe: 00001AAC: 11:01:46 [TUniServerModule]:Start Path = C:\Projetos_WEB\ERP_Importa\
ERPImporta.exe: 00001AAC: 11:01:46 [TUniServerModule]:Debug Mode = ON
ERPImporta.exe: 00001AAC: 11:01:46 [TUniGUISessionManager]:Cache erase job created, Folder count: [1]
ERPImporta.exe: 00001AAC: 11:01:47 [TUniServerModule]:Starting HTTP Server on Port: 8077...
ERPImporta.exe: 00001AAC: 11:01:47 [TUniServerModule]:HTTP Server Started on Port: 8077
ERPImporta.exe: 00003A6C: 11:06:38 []:>--------------------------------------------------------------<
ERPImporta.exe: 00003A6C: 11:06:38 [TUniServerModule]:Server First Init.
ERPImporta.exe: 00003A6C: 11:06:38 [TUniServerModule]:Start Path = C:\Projetos_WEB\ERP_Importa\
ERPImporta.exe: 00003A6C: 11:06:38 [TUniServerModule]:Debug Mode = ON
ERPImporta.exe: 00003A6C: 11:06:38 [TUniGUISessionManager]:Cache erase job created, Folder count: [1]
ERPImporta.exe: 00003A6C: 11:06:38 [TUniServerModule]:Starting HTTP Server on Port: 8077...
ERPImporta.exe: 00003A6C: 11:06:38 [TUniServerModule]:HTTP Server Started on Port: 8077
ERPImporta.exe: 00003A30: 11:10:43 []:>--------------------------------------------------------------<
ERPImporta.exe: 00003A30: 11:10:43 [TUniServerModule]:Server First Init.
ERPImporta.exe: 00003A30: 11:10:43 [TUniServerModule]:Start Path = C:\Projetos_WEB\ERP_Importa\
ERPImporta.exe: 00003A30: 11:10:43 [TUniServerModule]:Debug Mode = ON
ERPImporta.exe: 00003A30: 11:10:43 [TUniGUISessionManager]:Cache erase job created, Folder count: [1]
ERPImporta.exe: 00003A30: 11:10:43 [TUniServerModule]:Starting HTTP Server on Port: 8077...
ERPImporta.exe: 00003A30: 11:10:43 [TUniServerModule]:HTTP Server Started on Port: 8077
ERPImporta.exe: 00002278: 11:12:47 []:>--------------------------------------------------------------<
ERPImporta.exe: 00002278: 11:12:47 [TUniServerModule]:Server First Init.
ERPImporta.exe: 00002278: 11:12:47 [TUniServerModule]:Start Path = C:\Projetos_WEB\ERP_Importa\
ERPImporta.exe: 00002278: 11:12:47 [TUniServerModule]:Debug Mode = ON
ERPImporta.exe: 00002278: 11:12:48 [TUniServerModule]:Starting HTTP Server on Port: 8077...
ERPImporta.exe: 00002278: 11:12:48 [TUniServerModule]:HTTP Server Started on Port: 8077
ERPImporta.exe: 0000203C: 11:14:41 []:>--------------------------------------------------------------<
ERPImporta.exe: 0000203C: 11:14:41 [TUniServerModule]:Server First Init.
ERPImporta.exe: 0000203C: 11:14:41 [TUniServerModule]:Start Path = C:\Projetos_WEB\ERP_Importa\
ERPImporta.exe: 0000203C: 11:14:41 [TUniServerModule]:Debug Mode = ON
ERPImporta.exe: 0000203C: 11:14:41 [TUniServerModule]:Starting HTTP Server on Port: 8077...
ERPImporta.exe: 0000203C: 11:14:41 [TUniServerModule]:HTTP Server Started on Port: 8077
ERPImporta.exe: 00000DAC: 11:15:53 []:>--------------------------------------------------------------<
ERPImporta.exe: 00000DAC: 11:15:53 [TUniServerModule]:Server First Init.
ERPImporta.exe: 00000DAC: 11:15:53 [TUniServerModule]:Start Path = C:\Projetos_WEB\ERP_Importa\
ERPImporta.exe: 00000DAC: 11:15:53 [TUniServerModule]:Debug Mode = ON
ERPImporta.exe: 00000DAC: 11:15:53 [TUniGUISessionManager]:Cache erase job created, Folder count: [1]
ERPImporta.exe: 00000DAC: 11:15:53 [TUniServerModule]:Starting HTTP Server on Port: 8077...
ERPImporta.exe: 00000DAC: 11:15:53 [TUniServerModule]:HTTP Server Started on Port: 8077
ERPImporta.exe: 0000148C: 11:18:46 []:>--------------------------------------------------------------<
ERPImporta.exe: 0000148C: 11:18:46 [TUniServerModule]:Server First Init.
ERPImporta.exe: 0000148C: 11:18:46 [TUniServerModule]:Start Path = C:\Projetos_WEB\ERP_Importa\
ERPImporta.exe: 0000148C: 11:18:46 [TUniServerModule]:Debug Mode = ON
ERPImporta.exe: 0000148C: 11:18:47 [TUniServerModule]:Starting HTTP Server on Port: 8077...
ERPImporta.exe: 0000148C: 11:18:47 [TUniServerModule]:HTTP Server Started on Port: 8077
ERPImporta.exe: 000010E4: 11:20:31 []:>--------------------------------------------------------------<
ERPImporta.exe: 000010E4: 11:20:31 [TUniServerModule]:Server First Init.
ERPImporta.exe: 000010E4: 11:20:31 [TUniServerModule]:Start Path = C:\Projetos_WEB\ERP_Importa\
ERPImporta.exe: 000010E4: 11:20:31 [TUniServerModule]:Debug Mode = ON
ERPImporta.exe: 000010E4: 11:20:32 [TUniServerModule]:Starting HTTP Server on Port: 8077...
ERPImporta.exe: 000010E4: 11:20:32 [TUniServerModule]:HTTP Server Started on Port: 8077
ERPImporta.exe: 00002088: 11:29:06 []:>--------------------------------------------------------------<
ERPImporta.exe: 00002088: 11:29:06 [TUniServerModule]:Server First Init.
ERPImporta.exe: 00002088: 11:29:06 [TUniServerModule]:Start Path = C:\Projetos_WEB\ERP_Importa\
ERPImporta.exe: 00002088: 11:29:06 [TUniServerModule]:Debug Mode = ON
ERPImporta.exe: 00002088: 11:29:07 [TUniServerModule]:Starting HTTP Server on Port: 8077...
ERPImporta.exe: 00002088: 11:29:07 [TUniServerModule]:HTTP Server Started on Port: 8077
ERPImporta.exe: 00000C34: 11:30:39 []:>--------------------------------------------------------------<
ERPImporta.exe: 00000C34: 11:30:39 [TUniServerModule]:Server First Init.
ERPImporta.exe: 00000C34: 11:30:39 [TUniServerModule]:Start Path = C:\Projetos_WEB\ERP_Importa\
ERPImporta.exe: 00000C34: 11:30:39 [TUniServerModule]:Debug Mode = ON
ERPImporta.exe: 00000C34: 11:30:39 [TUniGUISessionManager]:Cache erase job created, Folder count: [1]
ERPImporta.exe: 00000C34: 11:30:40 [TUniServerModule]:Starting HTTP Server on Port: 8077...
ERPImporta.exe: 00000C34: 11:30:40 [TUniServerModule]:HTTP Server Started on Port: 8077
ERPImporta.exe: 000025B0: 11:31:52 []:>--------------------------------------------------------------<
ERPImporta.exe: 000025B0: 11:31:52 [TUniServerModule]:Server First Init.
ERPImporta.exe: 000025B0: 11:31:52 [TUniServerModule]:Start Path = C:\Projetos_WEB\ERP_Importa\
ERPImporta.exe: 000025B0: 11:31:52 [TUniServerModule]:Debug Mode = ON
ERPImporta.exe: 000025B0: 11:31:52 [TUniGUISessionManager]:Cache erase job created, Folder count: [1]
ERPImporta.exe: 000025B0: 11:31:53 [TUniServerModule]:Starting HTTP Server on Port: 8077...
ERPImporta.exe: 000025B0: 11:31:53 [TUniServerModule]:HTTP Server Started on Port: 8077
ERPImporta.exe: 00002F50: 11:32:18 [[FireDAC][Phys][ODBC][Microsoft][SQL Server Native Client 11.0][SQL Server]Invalid column name 'Descricao'.-127.0.0.1]:EMSSQLNativeException : [FireDAC][Phys][ODBC][Microsoft][SQL Server Native Client 11.0][SQL Server]Invalid column name 'Descricao'. : Addr: $008BB2F5
ERPImporta.exe: 00002F50: 11:32:46 [[FireDAC][Phys][ODBC][Microsoft][SQL Server Native Client 11.0][SQL Server]Invalid object name 'TipoNota'.-127.0.0.1]:EMSSQLNativeException : [FireDAC][Phys][ODBC][Microsoft][SQL Server Native Client 11.0][SQL Server]Invalid object name 'TipoNota'. : Addr: $008BB2F5
ERPImporta.exe: 00002C48: 11:33:42 []:>--------------------------------------------------------------<
ERPImporta.exe: 00002C48: 11:33:42 [TUniServerModule]:Server First Init.
ERPImporta.exe: 00002C48: 11:33:42 [TUniServerModule]:Start Path = C:\Projetos_WEB\ERP_Importa\
ERPImporta.exe: 00002C48: 11:33:42 [TUniServerModule]:Debug Mode = ON
ERPImporta.exe: 00002C48: 11:33:42 [TUniServerModule]:Starting HTTP Server on Port: 8077...
ERPImporta.exe: 00002C48: 11:33:42 [TUniServerModule]:HTTP Server Started on Port: 8077
ERPImporta.exe: 00001120: 11:35:14 []:>--------------------------------------------------------------<
ERPImporta.exe: 00001120: 11:35:14 [TUniServerModule]:Server First Init.
ERPImporta.exe: 00001120: 11:35:14 [TUniServerModule]:Start Path = C:\Projetos_WEB\ERP_Importa\
ERPImporta.exe: 00001120: 11:35:14 [TUniServerModule]:Debug Mode = ON
ERPImporta.exe: 00001120: 11:35:15 [TUniServerModule]:Starting HTTP Server on Port: 8077...
ERPImporta.exe: 00001120: 11:35:15 [TUniServerModule]:HTTP Server Started on Port: 8077
ERPImporta.exe: 0000196C: 11:36:32 []:>--------------------------------------------------------------<
ERPImporta.exe: 0000196C: 11:36:32 [TUniServerModule]:Server First Init.
ERPImporta.exe: 0000196C: 11:36:32 [TUniServerModule]:Start Path = C:\Projetos_WEB\ERP_Importa\
ERPImporta.exe: 0000196C: 11:36:32 [TUniServerModule]:Debug Mode = ON
ERPImporta.exe: 0000196C: 11:36:32 [TUniServerModule]:Starting HTTP Server on Port: 8077...
ERPImporta.exe: 0000196C: 11:36:32 [TUniServerModule]:HTTP Server Started on Port: 8077
ERPImporta.exe: 00002254: 11:40:31 []:>--------------------------------------------------------------<
ERPImporta.exe: 00002254: 11:40:31 [TUniServerModule]:Server First Init.
ERPImporta.exe: 00002254: 11:40:31 [TUniServerModule]:Start Path = C:\Projetos_WEB\ERP_Importa\
ERPImporta.exe: 00002254: 11:40:31 [TUniServerModule]:Debug Mode = ON
ERPImporta.exe: 00002254: 11:40:31 [TUniServerModule]:Starting HTTP Server on Port: 8077...
ERPImporta.exe: 00002254: 11:40:31 [TUniServerModule]:HTTP Server Started on Port: 8077
ERPImporta.exe: 00000E98: 11:42:56 []:>--------------------------------------------------------------<
ERPImporta.exe: 00000E98: 11:42:56 [TUniServerModule]:Server First Init.
ERPImporta.exe: 00000E98: 11:42:56 [TUniServerModule]:Start Path = C:\Projetos_WEB\ERP_Importa\
ERPImporta.exe: 00000E98: 11:42:56 [TUniServerModule]:Debug Mode = ON
ERPImporta.exe: 00000E98: 11:42:56 [TUniServerModule]:Starting HTTP Server on Port: 8077...
ERPImporta.exe: 00000E98: 11:42:56 [TUniServerModule]:HTTP Server Started on Port: 8077
ERPImporta.exe: 00000D84: 11:43:37 []:>--------------------------------------------------------------<
ERPImporta.exe: 00000D84: 11:43:37 [TUniServerModule]:Server First Init.
ERPImporta.exe: 00000D84: 11:43:37 [TUniServerModule]:Start Path = C:\Projetos_WEB\ERP_Importa\
ERPImporta.exe: 00000D84: 11:43:37 [TUniServerModule]:Debug Mode = ON
ERPImporta.exe: 00000D84: 11:43:37 [TUniServerModule]:Starting HTTP Server on Port: 8077...
ERPImporta.exe: 00000D84: 11:43:37 [TUniServerModule]:HTTP Server Started on Port: 8077
ERPImporta.exe: 00002F28: 11:44:32 []:>--------------------------------------------------------------<
ERPImporta.exe: 00002F28: 11:44:32 [TUniServerModule]:Server First Init.
ERPImporta.exe: 00002F28: 11:44:32 [TUniServerModule]:Start Path = C:\Projetos_WEB\ERP_Importa\
ERPImporta.exe: 00002F28: 11:44:32 [TUniServerModule]:Debug Mode = ON
ERPImporta.exe: 00002F28: 11:44:32 [TUniGUISessionManager]:Cache erase job created, Folder count: [1]
ERPImporta.exe: 00002F28: 11:44:32 [TUniServerModule]:Starting HTTP Server on Port: 8077...
ERPImporta.exe: 00002F28: 11:44:32 [TUniServerModule]:HTTP Server Started on Port: 8077
ERPImporta.exe: 00001F48: 11:45:00 []:>--------------------------------------------------------------<
ERPImporta.exe: 00001F48: 11:45:00 [TUniServerModule]:Server First Init.
ERPImporta.exe: 00001F48: 11:45:00 [TUniServerModule]:Start Path = C:\Projetos_WEB\ERP_Importa\
ERPImporta.exe: 00001F48: 11:45:00 [TUniServerModule]:Debug Mode = ON
ERPImporta.exe: 00001F48: 11:45:00 [TUniGUISessionManager]:Cache erase job created, Folder count: [1]
ERPImporta.exe: 00001F48: 11:45:00 [TUniServerModule]:Starting HTTP Server on Port: 8077...
ERPImporta.exe: 00001F48: 11:45:00 [TUniServerModule]:HTTP Server Started on Port: 8077
ERPImporta.exe: 00002094: 11:47:20 []:>--------------------------------------------------------------<
ERPImporta.exe: 00002094: 11:47:20 [TUniServerModule]:Server First Init.
ERPImporta.exe: 00002094: 11:47:20 [TUniServerModule]:Start Path = C:\Projetos_WEB\ERP_Importa\
ERPImporta.exe: 00002094: 11:47:20 [TUniServerModule]:Debug Mode = ON
ERPImporta.exe: 00002094: 11:47:21 [TUniServerModule]:Starting HTTP Server on Port: 8077...
ERPImporta.exe: 00002094: 11:47:21 [TUniServerModule]:HTTP Server Started on Port: 8077
ERPImporta.exe: 00003580: 12:10:27 []:>--------------------------------------------------------------<
ERPImporta.exe: 00003580: 12:10:27 [TUniServerModule]:Server First Init.
ERPImporta.exe: 00003580: 12:10:27 [TUniServerModule]:Start Path = C:\Projetos_WEB\ERP_Importa\
ERPImporta.exe: 00003580: 12:10:27 [TUniServerModule]:Debug Mode = ON
ERPImporta.exe: 00003580: 12:10:27 [TUniServerModule]:Starting HTTP Server on Port: 8077...
ERPImporta.exe: 00003580: 12:10:27 [TUniServerModule]:HTTP Server Started on Port: 8077
ERPImporta.exe: 00002E0C: 12:11:47 []:>--------------------------------------------------------------<
ERPImporta.exe: 00002E0C: 12:11:47 [TUniServerModule]:Server First Init.
ERPImporta.exe: 00002E0C: 12:11:47 [TUniServerModule]:Start Path = C:\Projetos_WEB\ERP_Importa\
ERPImporta.exe: 00002E0C: 12:11:47 [TUniServerModule]:Debug Mode = ON
ERPImporta.exe: 00002E0C: 12:11:48 [TUniServerModule]:Starting HTTP Server on Port: 8077...
ERPImporta.exe: 00002E0C: 12:11:48 [TUniServerModule]:HTTP Server Started on Port: 8077
ERPImporta.exe: 00002A38: 12:13:25 []:>--------------------------------------------------------------<
ERPImporta.exe: 00002A38: 12:13:25 [TUniServerModule]:Server First Init.
ERPImporta.exe: 00002A38: 12:13:25 [TUniServerModule]:Start Path = C:\Projetos_WEB\ERP_Importa\
ERPImporta.exe: 00002A38: 12:13:25 [TUniServerModule]:Debug Mode = ON
ERPImporta.exe: 00002A38: 12:13:25 [TUniGUISessionManager]:Cache erase job created, Folder count: [1]
ERPImporta.exe: 00002A38: 12:13:25 [TUniServerModule]:Starting HTTP Server on Port: 8077...
ERPImporta.exe: 00002A38: 12:13:26 [TUniServerModule]:HTTP Server Started on Port: 8077
ERPImporta.exe: 00000A90: 12:15:53 []:>--------------------------------------------------------------<
ERPImporta.exe: 00000A90: 12:15:53 [TUniServerModule]:Server First Init.
ERPImporta.exe: 00000A90: 12:15:53 [TUniServerModule]:Start Path = C:\Projetos_WEB\ERP_Importa\
ERPImporta.exe: 00000A90: 12:15:53 [TUniServerModule]:Debug Mode = ON
ERPImporta.exe: 00000A90: 12:15:53 [TUniGUISessionManager]:Cache erase job created, Folder count: [1]
ERPImporta.exe: 00000A90: 12:15:53 [TUniServerModule]:Starting HTTP Server on Port: 8077...
ERPImporta.exe: 00000A90: 12:15:53 [TUniServerModule]:HTTP Server Started on Port: 8077
ERPImporta.exe: 000008E4: 12:17:26 []:>--------------------------------------------------------------<
ERPImporta.exe: 000008E4: 12:17:26 [TUniServerModule]:Server First Init.
ERPImporta.exe: 000008E4: 12:17:26 [TUniServerModule]:Start Path = C:\Projetos_WEB\ERP_Importa\
ERPImporta.exe: 000008E4: 12:17:26 [TUniServerModule]:Debug Mode = ON
ERPImporta.exe: 000008E4: 12:17:26 [TUniGUISessionManager]:Cache erase job created, Folder count: [1]
ERPImporta.exe: 000008E4: 12:17:26 [TUniServerModule]:Starting HTTP Server on Port: 8077...
ERPImporta.exe: 000008E4: 12:17:26 [TUniServerModule]:HTTP Server Started on Port: 8077
ERPImporta.exe: 00003238: 15:49:05 []:>--------------------------------------------------------------<
ERPImporta.exe: 00003238: 15:49:05 [TUniServerModule]:Server First Init.
ERPImporta.exe: 00003238: 15:49:05 [TUniServerModule]:Start Path = C:\Projetos_WEB\ERP_Importa\
ERPImporta.exe: 00003238: 15:49:05 [TUniServerModule]:Debug Mode = ON
ERPImporta.exe: 00003238: 15:49:05 [TUniServerModule]:Starting HTTP Server on Port: 8077...
ERPImporta.exe: 00003238: 15:49:05 [TUniServerModule]:HTTP Server Started on Port: 8077
ERPImporta.exe: 00002E98: 15:52:17 []:>--------------------------------------------------------------<
ERPImporta.exe: 00002E98: 15:52:17 [TUniServerModule]:Server First Init.
ERPImporta.exe: 00002E98: 15:52:17 [TUniServerModule]:Start Path = C:\Projetos_WEB\ERP_Importa\
ERPImporta.exe: 00002E98: 15:52:17 [TUniServerModule]:Debug Mode = ON
ERPImporta.exe: 00002E98: 15:52:17 [TUniServerModule]:Starting HTTP Server on Port: 8077...
ERPImporta.exe: 00002E98: 15:52:17 [TUniServerModule]:HTTP Server Started on Port: 8077
ERPImporta.exe: 00001060: 16:05:27 []:>--------------------------------------------------------------<
ERPImporta.exe: 00001060: 16:05:27 [TUniServerModule]:Server First Init.
ERPImporta.exe: 00001060: 16:05:27 [TUniServerModule]:Start Path = C:\Projetos_WEB\ERP_Importa\
ERPImporta.exe: 00001060: 16:05:27 [TUniServerModule]:Debug Mode = ON
ERPImporta.exe: 00001060: 16:05:27 [TUniServerModule]:Starting HTTP Server on Port: 8077...
ERPImporta.exe: 00001060: 16:05:27 [TUniServerModule]:HTTP Server Started on Port: 8077
ERPImporta.exe: 00001C84: 16:13:12 []:>--------------------------------------------------------------<
ERPImporta.exe: 00001C84: 16:13:12 [TUniServerModule]:Server First Init.
ERPImporta.exe: 00001C84: 16:13:12 [TUniServerModule]:Start Path = C:\Projetos_WEB\ERP_Importa\
ERPImporta.exe: 00001C84: 16:13:12 [TUniServerModule]:Debug Mode = ON
ERPImporta.exe: 00001C84: 16:13:12 [TUniGUISessionManager]:Cache erase job created, Folder count: [1]
ERPImporta.exe: 00001C84: 16:13:12 [TUniServerModule]:Starting HTTP Server on Port: 8077...
ERPImporta.exe: 00001C84: 16:13:12 [TUniServerModule]:HTTP Server Started on Port: 8077
ERPImporta.exe: 00002434: 16:13:30 []:>--------------------------------------------------------------<
ERPImporta.exe: 00002434: 16:13:30 [TUniServerModule]:Server First Init.
ERPImporta.exe: 00002434: 16:13:30 [TUniServerModule]:Start Path = C:\Projetos_WEB\ERP_Importa\
ERPImporta.exe: 00002434: 16:13:30 [TUniServerModule]:Debug Mode = ON
ERPImporta.exe: 00002434: 16:13:30 [TUniGUISessionManager]:Cache erase job created, Folder count: [1]
ERPImporta.exe: 00002434: 16:13:31 [TUniServerModule]:Starting HTTP Server on Port: 8077...
ERPImporta.exe: 00002434: 16:13:31 [TUniServerModule]:HTTP Server Started on Port: 8077
ERPImporta.exe: 000006C8: 16:22:06 []:>--------------------------------------------------------------<
ERPImporta.exe: 000006C8: 16:22:06 [TUniServerModule]:Server First Init.
ERPImporta.exe: 000006C8: 16:22:06 [TUniServerModule]:Start Path = C:\Projetos_WEB\ERP_Importa\
ERPImporta.exe: 000006C8: 16:22:06 [TUniServerModule]:Debug Mode = ON
ERPImporta.exe: 000006C8: 16:22:06 [TUniGUISessionManager]:Cache erase job created, Folder count: [1]
ERPImporta.exe: 000006C8: 16:22:07 [TUniServerModule]:Starting HTTP Server on Port: 8077...
ERPImporta.exe: 000006C8: 16:22:07 [TUniServerModule]:HTTP Server Started on Port: 8077
ERPImporta.exe: 00003228: 16:26:58 []:>--------------------------------------------------------------<
ERPImporta.exe: 00003228: 16:26:58 [TUniServerModule]:Server First Init.
ERPImporta.exe: 00003228: 16:26:58 [TUniServerModule]:Start Path = C:\Projetos_WEB\ERP_Importa\
ERPImporta.exe: 00003228: 16:26:58 [TUniServerModule]:Debug Mode = ON
ERPImporta.exe: 00003228: 16:26:58 [TUniServerModule]:Starting HTTP Server on Port: 8077...
ERPImporta.exe: 00003228: 16:26:58 [TUniServerModule]:HTTP Server Started on Port: 8077
ERPImporta.exe: 0000101C: 16:27:41 []:>--------------------------------------------------------------<
ERPImporta.exe: 0000101C: 16:27:41 [TUniServerModule]:Server First Init.
ERPImporta.exe: 0000101C: 16:27:41 [TUniServerModule]:Start Path = C:\Projetos_WEB\ERP_Importa\
ERPImporta.exe: 0000101C: 16:27:41 [TUniServerModule]:Debug Mode = ON
ERPImporta.exe: 0000101C: 16:27:42 [TUniServerModule]:Starting HTTP Server on Port: 8077...
ERPImporta.exe: 0000101C: 16:27:42 [TUniServerModule]:HTTP Server Started on Port: 8077
ERPImporta.exe: 00002348: 16:28:42 []:>--------------------------------------------------------------<
ERPImporta.exe: 00002348: 16:28:42 [TUniServerModule]:Server First Init.
ERPImporta.exe: 00002348: 16:28:42 [TUniServerModule]:Start Path = C:\Projetos_WEB\ERP_Importa\
ERPImporta.exe: 00002348: 16:28:42 [TUniServerModule]:Debug Mode = ON
ERPImporta.exe: 00002348: 16:28:42 [TUniGUISessionManager]:Cache erase job created, Folder count: [1]
ERPImporta.exe: 00002348: 16:28:42 [TUniServerModule]:Starting HTTP Server on Port: 8077...
ERPImporta.exe: 00002348: 16:28:42 [TUniServerModule]:HTTP Server Started on Port: 8077
ERPImporta.exe: 000008B4: 16:30:02 []:>--------------------------------------------------------------<
ERPImporta.exe: 000008B4: 16:30:02 [TUniServerModule]:Server First Init.
ERPImporta.exe: 000008B4: 16:30:02 [TUniServerModule]:Start Path = C:\Projetos_WEB\ERP_Importa\
ERPImporta.exe: 000008B4: 16:30:02 [TUniServerModule]:Debug Mode = ON
ERPImporta.exe: 000008B4: 16:30:02 [TUniGUISessionManager]:Cache erase job created, Folder count: [1]
ERPImporta.exe: 000008B4: 16:30:02 [TUniServerModule]:Starting HTTP Server on Port: 8077...
ERPImporta.exe: 000008B4: 16:30:03 [TUniServerModule]:HTTP Server Started on Port: 8077
ERPImporta.exe: 00000518: 16:45:44 []:>--------------------------------------------------------------<
ERPImporta.exe: 00000518: 16:45:44 [TUniServerModule]:Server First Init.
ERPImporta.exe: 00000518: 16:45:44 [TUniServerModule]:Start Path = C:\Projetos_WEB\ERP_Importa\
ERPImporta.exe: 00000518: 16:45:44 [TUniServerModule]:Debug Mode = ON
ERPImporta.exe: 00000518: 16:45:44 [TUniServerModule]:Starting HTTP Server on Port: 8077...
ERPImporta.exe: 00000518: 16:45:44 [TUniServerModule]:HTTP Server Started on Port: 8077
ERPImporta.exe: 00002524: 16:47:44 []:>--------------------------------------------------------------<
ERPImporta.exe: 00002524: 16:47:44 [TUniServerModule]:Server First Init.
ERPImporta.exe: 00002524: 16:47:44 [TUniServerModule]:Start Path = C:\Projetos_WEB\ERP_Importa\
ERPImporta.exe: 00002524: 16:47:44 [TUniServerModule]:Debug Mode = ON
ERPImporta.exe: 00002524: 16:47:45 [TUniServerModule]:Starting HTTP Server on Port: 8077...
ERPImporta.exe: 00002524: 16:47:45 [TUniServerModule]:HTTP Server Started on Port: 8077
ERPImporta.exe: 0000199C: 17:09:25 []:>--------------------------------------------------------------<
ERPImporta.exe: 0000199C: 17:09:25 [TUniServerModule]:Server First Init.
ERPImporta.exe: 0000199C: 17:09:25 [TUniServerModule]:Start Path = C:\Projetos_WEB\ERP_Importa\
ERPImporta.exe: 0000199C: 17:09:25 [TUniServerModule]:Debug Mode = ON
ERPImporta.exe: 0000199C: 17:09:25 [TUniGUISessionManager]:Cache erase job created, Folder count: [1]
ERPImporta.exe: 0000199C: 17:09:25 [TUniServerModule]:Starting HTTP Server on Port: 8077...
ERPImporta.exe: 0000199C: 17:09:25 [TUniServerModule]:HTTP Server Started on Port: 8077
ERPImporta.exe: 00002EB8: 17:10:10 []:>--------------------------------------------------------------<
ERPImporta.exe: 00002EB8: 17:10:10 [TUniServerModule]:Server First Init.
ERPImporta.exe: 00002EB8: 17:10:10 [TUniServerModule]:Start Path = C:\Projetos_WEB\ERP_Importa\
ERPImporta.exe: 00002EB8: 17:10:10 [TUniServerModule]:Debug Mode = ON
ERPImporta.exe: 00002EB8: 17:10:10 [TUniServerModule]:Starting HTTP Server on Port: 8077...
ERPImporta.exe: 00002EB8: 17:10:10 [TUniServerModule]:HTTP Server Started on Port: 8077
ERPImporta.exe: 00002508: 17:15:11 []:>--------------------------------------------------------------<
ERPImporta.exe: 00002508: 17:15:11 [TUniServerModule]:Server First Init.
ERPImporta.exe: 00002508: 17:15:11 [TUniServerModule]:Start Path = C:\Projetos_WEB\ERP_Importa\
ERPImporta.exe: 00002508: 17:15:11 [TUniServerModule]:Debug Mode = ON
ERPImporta.exe: 00002508: 17:15:12 [TUniServerModule]:Starting HTTP Server on Port: 8077...
ERPImporta.exe: 00002508: 17:15:12 [TUniServerModule]:HTTP Server Started on Port: 8077
ERPImporta.exe: 00002E9C: 17:24:52 []:>--------------------------------------------------------------<
ERPImporta.exe: 00002E9C: 17:24:52 [TUniServerModule]:Server First Init.
ERPImporta.exe: 00002E9C: 17:24:52 [TUniServerModule]:Start Path = C:\Projetos_WEB\ERP_Importa\
ERPImporta.exe: 00002E9C: 17:24:52 [TUniServerModule]:Debug Mode = ON
ERPImporta.exe: 00002E9C: 17:24:53 [TUniServerModule]:Starting HTTP Server on Port: 8077...
ERPImporta.exe: 00002E9C: 17:24:53 [TUniServerModule]:HTTP Server Started on Port: 8077
ERPImporta.exe: 00002DB0: 17:25:33 []:>--------------------------------------------------------------<
ERPImporta.exe: 00002DB0: 17:25:33 [TUniServerModule]:Server First Init.
ERPImporta.exe: 00002DB0: 17:25:33 [TUniServerModule]:Start Path = C:\Projetos_WEB\ERP_Importa\
ERPImporta.exe: 00002DB0: 17:25:33 [TUniServerModule]:Debug Mode = ON
ERPImporta.exe: 00002DB0: 17:25:34 [TUniServerModule]:Starting HTTP Server on Port: 8077...
ERPImporta.exe: 00002DB0: 17:25:34 [TUniServerModule]:HTTP Server Started on Port: 8077
ERPImporta.exe: 00003504: 17:26:01 []:>--------------------------------------------------------------<
ERPImporta.exe: 00003504: 17:26:01 [TUniServerModule]:Server First Init.
ERPImporta.exe: 00003504: 17:26:01 [TUniServerModule]:Start Path = C:\Projetos_WEB\ERP_Importa\
ERPImporta.exe: 00003504: 17:26:01 [TUniServerModule]:Debug Mode = ON
ERPImporta.exe: 00003504: 17:26:02 [TUniServerModule]:Starting HTTP Server on Port: 8077...
ERPImporta.exe: 00003504: 17:26:02 [TUniServerModule]:HTTP Server Started on Port: 8077
ERPImporta.exe: 00001134: 17:28:05 []:>--------------------------------------------------------------<
ERPImporta.exe: 00001134: 17:28:05 [TUniServerModule]:Server First Init.
ERPImporta.exe: 00001134: 17:28:05 [TUniServerModule]:Start Path = C:\Projetos_WEB\ERP_Importa\
ERPImporta.exe: 00001134: 17:28:05 [TUniServerModule]:Debug Mode = ON
ERPImporta.exe: 00001134: 17:28:05 [TUniGUISessionManager]:Cache erase job created, Folder count: [1]
ERPImporta.exe: 00001134: 17:28:05 [TUniServerModule]:Starting HTTP Server on Port: 8077...
ERPImporta.exe: 00001134: 17:28:05 [TUniServerModule]:HTTP Server Started on Port: 8077
ERPImporta.exe: 000018DC: 17:29:37 []:>--------------------------------------------------------------<
ERPImporta.exe: 000018DC: 17:29:37 [TUniServerModule]:Server First Init.
ERPImporta.exe: 000018DC: 17:29:37 [TUniServerModule]:Start Path = C:\Projetos_WEB\ERP_Importa\
ERPImporta.exe: 000018DC: 17:29:37 [TUniServerModule]:Debug Mode = ON
ERPImporta.exe: 000018DC: 17:29:37 [TUniServerModule]:Starting HTTP Server on Port: 8077...
ERPImporta.exe: 000018DC: 17:29:37 [TUniServerModule]:HTTP Server Started on Port: 8077
ERPImporta.exe: 00002C14: 17:31:21 []:>--------------------------------------------------------------<
ERPImporta.exe: 00002C14: 17:31:21 [TUniServerModule]:Server First Init.
ERPImporta.exe: 00002C14: 17:31:21 [TUniServerModule]:Start Path = C:\Projetos_WEB\ERP_Importa\
ERPImporta.exe: 00002C14: 17:31:21 [TUniServerModule]:Debug Mode = ON
ERPImporta.exe: 00002C14: 17:31:21 [TUniGUISessionManager]:Cache erase job created, Folder count: [1]
ERPImporta.exe: 00002C14: 17:31:21 [TUniServerModule]:Starting HTTP Server on Port: 8077...
ERPImporta.exe: 00002C14: 17:31:21 [TUniServerModule]:HTTP Server Started on Port: 8077
ERPImporta.exe: 00000780: 17:32:57 []:>--------------------------------------------------------------<
ERPImporta.exe: 00000780: 17:32:57 [TUniServerModule]:Server First Init.
ERPImporta.exe: 00000780: 17:32:57 [TUniServerModule]:Start Path = C:\Projetos_WEB\ERP_Importa\
ERPImporta.exe: 00000780: 17:32:57 [TUniServerModule]:Debug Mode = ON
ERPImporta.exe: 00000780: 17:32:58 [TUniServerModule]:Starting HTTP Server on Port: 8077...
ERPImporta.exe: 00000780: 17:32:58 [TUniServerModule]:HTTP Server Started on Port: 8077
ERPImporta.exe: 00003138: 17:33:26 []:>--------------------------------------------------------------<
ERPImporta.exe: 00003138: 17:33:26 [TUniServerModule]:Server First Init.
ERPImporta.exe: 00003138: 17:33:26 [TUniServerModule]:Start Path = C:\Projetos_WEB\ERP_Importa\
ERPImporta.exe: 00003138: 17:33:26 [TUniServerModule]:Debug Mode = ON
ERPImporta.exe: 00003138: 17:33:27 [TUniServerModule]:Starting HTTP Server on Port: 8077...
ERPImporta.exe: 00003138: 17:33:27 [TUniServerModule]:HTTP Server Started on Port: 8077
ERPImporta.exe: 00002BB8: 17:34:15 []:>--------------------------------------------------------------<
ERPImporta.exe: 00002BB8: 17:34:15 [TUniServerModule]:Server First Init.
ERPImporta.exe: 00002BB8: 17:34:15 [TUniServerModule]:Start Path = C:\Projetos_WEB\ERP_Importa\
ERPImporta.exe: 00002BB8: 17:34:15 [TUniServerModule]:Debug Mode = ON
ERPImporta.exe: 00002BB8: 17:34:16 [TUniServerModule]:Starting HTTP Server on Port: 8077...
ERPImporta.exe: 00002BB8: 17:34:16 [TUniServerModule]:HTTP Server Started on Port: 8077
ERPImporta.exe: 00001420: 17:34:58 []:>--------------------------------------------------------------<
ERPImporta.exe: 00001420: 17:34:58 [TUniServerModule]:Server First Init.
ERPImporta.exe: 00001420: 17:34:58 [TUniServerModule]:Start Path = C:\Projetos_WEB\ERP_Importa\
ERPImporta.exe: 00001420: 17:34:58 [TUniServerModule]:Debug Mode = ON
ERPImporta.exe: 00001420: 17:34:58 [TUniServerModule]:Starting HTTP Server on Port: 8077...
ERPImporta.exe: 00001420: 17:34:58 [TUniServerModule]:HTTP Server Started on Port: 8077
