ERPImporta.exe: 00002380: 12:12:11 []:>--------------------------------------------------------------<
ERPImporta.exe: 00002380: 12:12:11 [TUniServerModule]:Server First Init.
ERPImporta.exe: 00002380: 12:12:11 [TUniServerModule]:Start Path = C:\Projetos_WEB\ERP_Importa\
ERPImporta.exe: 00002380: 12:12:11 [TUniServerModule]:Debug Mode = ON
ERPImporta.exe: 00002380: 12:12:11 [TUniServerModule]:Starting HTTP Server on Port: 8077...
ERPImporta.exe: 00002380: 12:12:11 [TUniServerModule]:HTTP Server Started on Port: 8077
ERPImporta.exe: 0000194C: 12:13:22 [127.0.0.1]:EDatabaseError : Empresas: Field 'CNPJ.Razao_Social' not found : Addr: $0065768A
ERPImporta.exe: 00002CE8: 12:13:54 [[FireDAC][Phys][ODBC][Microsoft][SQL Server Native Client 11.0][SQL Server]Invalid object name 'ModalidadeImportacao'.-127.0.0.1]:EMSSQLNativeException : [FireDAC][Phys][ODBC][Microsoft][SQL Server Native Client 11.0][SQL Server]Invalid object name 'ModalidadeImportacao'. : Addr: $008DE695
ERPImporta.exe: 00002380: 13:25:58 [TUniServerModule]:Shutting Down Server.
ERPImporta.exe: 00002380: 13:25:58 [TUniServerModule]:Stopping HTTP Server.
ERPImporta.exe: 00002380: 13:25:59 [TUniServerModule]:HTTP Server Stopped.
ERPImporta.exe: 00002380: 13:25:59 [TUniGUISessionManager]:Terminating Session manager.
ERPImporta.exe: 00002380: 13:25:59 [TUniGUISessionManager]:Stopping Cache Eraser...
ERPImporta.exe: 00002380: 13:25:59 [TUniGUISessionManager]:Cache Eraser Stopped.
ERPImporta.exe: 00002380: 13:25:59 [TUniGUISessionManager]:Destroying Worker Threads.
ERPImporta.exe: 00002380: 13:25:59 [TUniGUISessionManager]:Session manager terminated.
ERPImporta.exe: 00002380: 13:25:59 [TUniWebSocketStack]:Terminating...
ERPImporta.exe: 00002380: 13:25:59 [TUniGUIMessageQ]:Terminated.
ERPImporta.exe: 00002380: 13:25:59 [TUniWebSocketStack]:Terminated.
ERPImporta.exe: 00002380: 13:25:59 [TUniServerModule]:Server Shutdown Completed.
ERPImporta.exe: 00002380: 13:25:59 []:<-------------------------------------------------------------->
ERPImporta.exe: 00002380: 13:25:59 [Terminated]:Exit Code: 0
ERPImporta.exe: 000036E8: 13:37:32 []:>--------------------------------------------------------------<
ERPImporta.exe: 000036E8: 13:37:32 [TUniServerModule]:Server First Init.
ERPImporta.exe: 000036E8: 13:37:32 [TUniServerModule]:Start Path = C:\Projetos_WEB\ERP_Importa\
ERPImporta.exe: 000036E8: 13:37:32 [TUniServerModule]:Debug Mode = ON
ERPImporta.exe: 000036E8: 13:37:32 [TUniServerModule]:Starting HTTP Server on Port: 8077...
ERPImporta.exe: 000036E8: 13:37:32 [TUniServerModule]:HTTP Server Started on Port: 8077
ERPImporta.exe: 00000EB4: 13:38:26 []:>--------------------------------------------------------------<
ERPImporta.exe: 00000EB4: 13:38:26 [TUniServerModule]:Server First Init.
ERPImporta.exe: 00000EB4: 13:38:26 [TUniServerModule]:Start Path = C:\Projetos_WEB\ERP_Importa\
ERPImporta.exe: 00000EB4: 13:38:26 [TUniServerModule]:Debug Mode = ON
ERPImporta.exe: 00000EB4: 13:38:26 [TUniGUISessionManager]:Cache erase job created, Folder count: [1]
ERPImporta.exe: 00000EB4: 13:38:26 [TUniServerModule]:Starting HTTP Server on Port: 8077...
ERPImporta.exe: 00000EB4: 13:38:26 [TUniServerModule]:HTTP Server Started on Port: 8077
ERPImporta.exe: 00000AF0: 13:39:06 []:>--------------------------------------------------------------<
ERPImporta.exe: 00000AF0: 13:39:06 [TUniServerModule]:Server First Init.
ERPImporta.exe: 00000AF0: 13:39:06 [TUniServerModule]:Start Path = C:\Projetos_WEB\ERP_Importa\
ERPImporta.exe: 00000AF0: 13:39:06 [TUniServerModule]:Debug Mode = ON
ERPImporta.exe: 00000AF0: 13:39:06 [TUniGUISessionManager]:Cache erase job created, Folder count: [1]
ERPImporta.exe: 00000AF0: 13:39:07 [TUniServerModule]:Starting HTTP Server on Port: 8077...
ERPImporta.exe: 00000AF0: 13:39:07 [TUniServerModule]:HTTP Server Started on Port: 8077
ERPImporta.exe: 000022D4: 13:40:19 []:>--------------------------------------------------------------<
ERPImporta.exe: 000022D4: 13:40:19 [TUniServerModule]:Server First Init.
ERPImporta.exe: 000022D4: 13:40:19 [TUniServerModule]:Start Path = C:\Projetos_WEB\ERP_Importa\
ERPImporta.exe: 000022D4: 13:40:19 [TUniServerModule]:Debug Mode = ON
ERPImporta.exe: 000022D4: 13:40:19 [TUniServerModule]:Starting HTTP Server on Port: 8077...
ERPImporta.exe: 000022D4: 13:40:19 [TUniServerModule]:HTTP Server Started on Port: 8077
ERPImporta.exe: 00000664: 13:41:10 []:>--------------------------------------------------------------<
ERPImporta.exe: 00000664: 13:41:10 [TUniServerModule]:Server First Init.
ERPImporta.exe: 00000664: 13:41:10 [TUniServerModule]:Start Path = C:\Projetos_WEB\ERP_Importa\
ERPImporta.exe: 00000664: 13:41:10 [TUniServerModule]:Debug Mode = ON
ERPImporta.exe: 00000664: 13:41:10 [TUniGUISessionManager]:Cache erase job created, Folder count: [1]
ERPImporta.exe: 00000664: 13:41:11 [TUniServerModule]:Starting HTTP Server on Port: 8077...
ERPImporta.exe: 00000664: 13:41:11 [TUniServerModule]:HTTP Server Started on Port: 8077
ERPImporta.exe: 00000664: 13:41:26 [TUniServerModule]:Shutting Down Server.
ERPImporta.exe: 00000664: 13:41:26 [TUniServerModule]:Stopping HTTP Server.
ERPImporta.exe: 00000664: 13:41:26 [TUniServerModule]:HTTP Server Stopped.
ERPImporta.exe: 00000664: 13:41:26 [TUniGUISessionManager]:Terminating Session manager.
ERPImporta.exe: 00000664: 13:41:26 [TUniGUISessionManager]:Stopping Cache Eraser...
ERPImporta.exe: 00000664: 13:41:26 [TUniGUISessionManager]:Cache Eraser Stopped.
ERPImporta.exe: 00000664: 13:41:26 [TUniGUISessionManager]:Destroying Worker Threads.
ERPImporta.exe: 00000664: 13:41:27 [TUniGUISessionManager]:Session manager terminated.
ERPImporta.exe: 00000664: 13:41:27 [TUniWebSocketStack]:Terminating...
ERPImporta.exe: 00000664: 13:41:27 [TUniGUIMessageQ]:Terminated.
ERPImporta.exe: 00000664: 13:41:27 [TUniWebSocketStack]:Terminated.
ERPImporta.exe: 00000664: 13:41:27 [TUniServerModule]:Server Shutdown Completed.
ERPImporta.exe: 00000664: 13:41:27 []:<-------------------------------------------------------------->
ERPImporta.exe: 00000664: 13:41:27 [Terminated]:Exit Code: 0
ERPImporta.exe: 00000DA4: 13:43:25 []:>--------------------------------------------------------------<
ERPImporta.exe: 00000DA4: 13:43:25 [TUniServerModule]:Server First Init.
ERPImporta.exe: 00000DA4: 13:43:25 [TUniServerModule]:Start Path = C:\Projetos_WEB\ERP_Importa\
ERPImporta.exe: 00000DA4: 13:43:25 [TUniServerModule]:Debug Mode = ON
ERPImporta.exe: 00000DA4: 13:43:26 [TUniServerModule]:Starting HTTP Server on Port: 8077...
ERPImporta.exe: 00000DA4: 13:43:26 [TUniServerModule]:HTTP Server Started on Port: 8077
ERPImporta.exe: 00001A68: 13:44:44 []:>--------------------------------------------------------------<
ERPImporta.exe: 00001A68: 13:44:44 [TUniServerModule]:Server First Init.
ERPImporta.exe: 00001A68: 13:44:44 [TUniServerModule]:Start Path = C:\Projetos_WEB\ERP_Importa\
ERPImporta.exe: 00001A68: 13:44:44 [TUniServerModule]:Debug Mode = ON
ERPImporta.exe: 00001A68: 13:44:44 [TUniGUISessionManager]:Cache erase job created, Folder count: [1]
ERPImporta.exe: 00001A68: 13:44:44 [TUniServerModule]:Starting HTTP Server on Port: 8077...
ERPImporta.exe: 00001A68: 13:44:44 [TUniServerModule]:HTTP Server Started on Port: 8077
ERPImporta.exe: 00002F00: 15:22:56 []:>--------------------------------------------------------------<
ERPImporta.exe: 00002F00: 15:22:56 [TUniServerModule]:Server First Init.
ERPImporta.exe: 00002F00: 15:22:56 [TUniServerModule]:Start Path = C:\Projetos_WEB\ERP_Importa\
ERPImporta.exe: 00002F00: 15:22:56 [TUniServerModule]:Debug Mode = ON
ERPImporta.exe: 00002F00: 15:22:56 [TUniServerModule]:Starting HTTP Server on Port: 8077...
ERPImporta.exe: 00002F00: 15:22:56 [TUniServerModule]:HTTP Server Started on Port: 8077
ERPImporta.exe: 00002F24: 15:25:27 []:>--------------------------------------------------------------<
ERPImporta.exe: 00002F24: 15:25:27 [TUniServerModule]:Server First Init.
ERPImporta.exe: 00002F24: 15:25:27 [TUniServerModule]:Start Path = C:\Projetos_WEB\ERP_Importa\
ERPImporta.exe: 00002F24: 15:25:27 [TUniServerModule]:Debug Mode = ON
ERPImporta.exe: 00002F24: 15:25:27 [TUniGUISessionManager]:Cache erase job created, Folder count: [1]
ERPImporta.exe: 00002F24: 15:25:28 [TUniServerModule]:Starting HTTP Server on Port: 8077...
ERPImporta.exe: 00002F24: 15:25:28 [TUniServerModule]:HTTP Server Started on Port: 8077
ERPImporta.exe: 000021C0: 15:26:02 []:>--------------------------------------------------------------<
ERPImporta.exe: 000021C0: 15:26:02 [TUniServerModule]:Server First Init.
ERPImporta.exe: 000021C0: 15:26:02 [TUniServerModule]:Start Path = C:\Projetos_WEB\ERP_Importa\
ERPImporta.exe: 000021C0: 15:26:03 [TUniServerModule]:Starting HTTP Server on Port: 8077...
ERPImporta.exe: 000021C0: 15:26:03 [TUniServerModule]:HTTP Server Started on Port: 8077
ERPImporta.exe: 00003A10: 15:37:17 []:>--------------------------------------------------------------<
ERPImporta.exe: 00003A10: 15:37:17 [TUniServerModule]:Server First Init.
ERPImporta.exe: 00003A10: 15:37:17 [TUniServerModule]:Start Path = C:\Projetos_WEB\ERP_Importa\
ERPImporta.exe: 00003A10: 15:37:17 [TUniServerModule]:Debug Mode = ON
ERPImporta.exe: 00003A10: 15:37:17 [TUniServerModule]:Starting HTTP Server on Port: 8077...
ERPImporta.exe: 00003A10: 15:37:18 [InitWebServer]:EIdCouldNotBindSocket : Could not bind socket. : Addr: $006BC08F
ERPImporta.exe: 000021C0: 15:38:35 [TUniServerModule]:Shutting Down Server.
ERPImporta.exe: 000021C0: 15:38:35 [TUniServerModule]:Stopping HTTP Server.
ERPImporta.exe: 000021C0: 15:38:36 [TUniServerModule]:HTTP Server Stopped.
ERPImporta.exe: 000021C0: 15:38:36 [TUniGUISessionManager]:Terminating Session manager.
ERPImporta.exe: 000021C0: 15:38:36 [TUniGUISessionManager]:Stopping Cache Eraser...
ERPImporta.exe: 000021C0: 15:38:36 [TUniGUISessionManager]:Cache Eraser Stopped.
ERPImporta.exe: 000021C0: 15:38:36 [TUniGUISessionManager]:Destroying Worker Threads.
ERPImporta.exe: 000021C0: 15:38:37 [TUniGUISessionManager]:Session manager terminated.
ERPImporta.exe: 000021C0: 15:38:37 [TUniWebSocketStack]:Terminating...
ERPImporta.exe: 000021C0: 15:38:37 [TUniGUIMessageQ]:Terminated.
ERPImporta.exe: 000021C0: 15:38:37 [TUniWebSocketStack]:Terminated.
ERPImporta.exe: 000021C0: 15:38:37 [TUniServerModule]:Server Shutdown Completed.
ERPImporta.exe: 000021C0: 15:38:37 []:<-------------------------------------------------------------->
ERPImporta.exe: 000021C0: 15:38:37 [Terminated]:Exit Code: 0
ERPImporta.exe: 00003A10: 15:38:37 [TUniServerModule]:Shutting Down Server.
ERPImporta.exe: 00003A10: 15:38:37 [TUniServerModule]:Stopping HTTP Server.
ERPImporta.exe: 00003A10: 15:38:38 [TUniServerModule]:HTTP Server Stopped.
ERPImporta.exe: 00003A10: 15:38:38 [TUniGUISessionManager]:Terminating Session manager.
ERPImporta.exe: 00003A10: 15:38:38 [TUniGUISessionManager]:Stopping Cache Eraser...
ERPImporta.exe: 00003A10: 15:38:38 [TUniGUISessionManager]:Cache Eraser Stopped.
ERPImporta.exe: 00003A10: 15:38:38 [TUniGUISessionManager]:Destroying Worker Threads.
ERPImporta.exe: 00003A10: 15:38:38 [TUniGUISessionManager]:Session manager terminated.
ERPImporta.exe: 00003A10: 15:38:38 [TUniWebSocketStack]:Terminating...
ERPImporta.exe: 00003A10: 15:38:38 [TUniGUIMessageQ]:Terminated.
ERPImporta.exe: 00003A10: 15:38:38 [TUniWebSocketStack]:Terminated.
ERPImporta.exe: 00003A10: 15:38:38 [TUniServerModule]:Server Shutdown Completed.
ERPImporta.exe: 00003A10: 15:38:38 []:<-------------------------------------------------------------->
ERPImporta.exe: 00003A10: 15:38:38 [Terminated]:Exit Code: 0
