ERPImporta.exe: 00001964: 08:37:03 []:>--------------------------------------------------------------<
ERPImporta.exe: 00001964: 08:37:03 [TUniServerModule]:Server First Init.
ERPImporta.exe: 00001964: 08:37:03 [TUniServerModule]:Start Path = C:\Projetos_WEB\ERP_Importa\
ERPImporta.exe: 00001964: 08:37:03 [TUniServerModule]:Debug Mode = ON
ERPImporta.exe: 00001964: 08:37:03 [TUniGUISessionManager]:Cache erase job created, Folder count: [1]
ERPImporta.exe: 00001964: 08:37:03 [TUniServerModule]:Starting HTTP Server on Port: 8077...
ERPImporta.exe: 00001964: 08:37:03 [TUniServerModule]:HTTP Server Started on Port: 8077
ERPImporta.exe: 00001C40: 08:38:00 []:>--------------------------------------------------------------<
ERPImporta.exe: 00001C40: 08:38:00 [TUniServerModule]:Server First Init.
ERPImporta.exe: 00001C40: 08:38:00 [TUniServerModule]:Start Path = C:\Projetos_WEB\ERP_Importa\
ERPImporta.exe: 00001C40: 08:38:00 [TUniServerModule]:Debug Mode = ON
ERPImporta.exe: 00001C40: 08:38:00 [TUniGUISessionManager]:Cache erase job created, Folder count: [1]
ERPImporta.exe: 00001C40: 08:38:00 [TUniServerModule]:Starting HTTP Server on Port: 8077...
ERPImporta.exe: 00001C40: 08:38:00 [TUniServerModule]:HTTP Server Started on Port: 8077
ERPImporta.exe: 00003364: 08:38:16 [127.0.0.1]:EDatabaseError : tNCM: Field 'IPI_TribAliquotaZero' not found : Addr: $00657B36
ERPImporta.exe: 00002474: 08:40:02 []:>--------------------------------------------------------------<
ERPImporta.exe: 00002474: 08:40:02 [TUniServerModule]:Server First Init.
ERPImporta.exe: 00002474: 08:40:02 [TUniServerModule]:Start Path = C:\Projetos_WEB\ERP_Importa\
ERPImporta.exe: 00002474: 08:40:02 [TUniServerModule]:Debug Mode = ON
ERPImporta.exe: 00002474: 08:40:02 [TUniServerModule]:Starting HTTP Server on Port: 8077...
ERPImporta.exe: 00002474: 08:40:02 [TUniServerModule]:HTTP Server Started on Port: 8077
ERPImporta.exe: 00000DBC: 08:42:20 []:>--------------------------------------------------------------<
ERPImporta.exe: 00000DBC: 08:42:20 [TUniServerModule]:Server First Init.
ERPImporta.exe: 00000DBC: 08:42:20 [TUniServerModule]:Start Path = C:\Projetos_WEB\ERP_Importa\
ERPImporta.exe: 00000DBC: 08:42:20 [TUniServerModule]:Debug Mode = ON
ERPImporta.exe: 00000DBC: 08:42:20 [TUniGUISessionManager]:Cache erase job created, Folder count: [1]
ERPImporta.exe: 00000DBC: 08:42:21 [TUniServerModule]:Starting HTTP Server on Port: 8077...
ERPImporta.exe: 00000DBC: 08:42:21 [TUniServerModule]:HTTP Server Started on Port: 8077
ERPImporta.exe: 00001BBC: 08:43:32 [127.0.0.1]:EUniSessionException : Sessão inváilda ou tempo da sessão expirado. (Session not found: toN5DF4geR1113DE454 ) : Addr: $007D0FCC
ERPImporta.exe: 00001C24: 08:45:37 []:>--------------------------------------------------------------<
ERPImporta.exe: 00001C24: 08:45:37 [TUniServerModule]:Server First Init.
ERPImporta.exe: 00001C24: 08:45:37 [TUniServerModule]:Start Path = C:\Projetos_WEB\ERP_Importa\
ERPImporta.exe: 00001C24: 08:45:37 [TUniServerModule]:Debug Mode = ON
ERPImporta.exe: 00001C24: 08:45:37 [TUniGUISessionManager]:Cache erase job created, Folder count: [1]
ERPImporta.exe: 00001C24: 08:45:38 [TUniServerModule]:Starting HTTP Server on Port: 8077...
ERPImporta.exe: 00001C24: 08:45:38 [TUniServerModule]:HTTP Server Started on Port: 8077
ERPImporta.exe: 0000254C: 08:46:13 [127.0.0.1]:EUniSessionException : Sessão inváilda ou tempo da sessão expirado. (Session not found: ZYdnWOHntt1113DE4F3 ) : Addr: $007D0FCC
ERPImporta.exe: 00000B58: 08:46:36 []:>--------------------------------------------------------------<
ERPImporta.exe: 00000B58: 08:46:36 [TUniServerModule]:Server First Init.
ERPImporta.exe: 00000B58: 08:46:36 [TUniServerModule]:Start Path = C:\Projetos_WEB\ERP_Importa\
ERPImporta.exe: 00000B58: 08:46:36 [TUniServerModule]:Debug Mode = ON
ERPImporta.exe: 00000B58: 08:46:36 [TUniServerModule]:Starting HTTP Server on Port: 8077...
ERPImporta.exe: 00000B58: 08:46:36 [TUniServerModule]:HTTP Server Started on Port: 8077
ERPImporta.exe: 00000D28: 08:47:34 []:>--------------------------------------------------------------<
ERPImporta.exe: 00000D28: 08:47:34 [TUniServerModule]:Server First Init.
ERPImporta.exe: 00000D28: 08:47:34 [TUniServerModule]:Start Path = C:\Projetos_WEB\ERP_Importa\
ERPImporta.exe: 00000D28: 08:47:34 [TUniServerModule]:Debug Mode = ON
ERPImporta.exe: 00000D28: 08:47:34 [TUniServerModule]:Starting HTTP Server on Port: 8077...
ERPImporta.exe: 00000D28: 08:47:34 [TUniServerModule]:HTTP Server Started on Port: 8077
ERPImporta.exe: 000036B8: 08:48:50 []:>--------------------------------------------------------------<
ERPImporta.exe: 000036B8: 08:48:50 [TUniServerModule]:Server First Init.
ERPImporta.exe: 000036B8: 08:48:50 [TUniServerModule]:Start Path = C:\Projetos_WEB\ERP_Importa\
ERPImporta.exe: 000036B8: 08:48:50 [TUniServerModule]:Debug Mode = ON
ERPImporta.exe: 000036B8: 08:48:50 [TUniServerModule]:Starting HTTP Server on Port: 8077...
ERPImporta.exe: 000036B8: 08:48:50 [TUniServerModule]:HTTP Server Started on Port: 8077
ERPImporta.exe: 000024A8: 08:55:50 []:>--------------------------------------------------------------<
ERPImporta.exe: 000024A8: 08:55:50 [TUniServerModule]:Server First Init.
ERPImporta.exe: 000024A8: 08:55:50 [TUniServerModule]:Start Path = C:\Projetos_WEB\ERP_Importa\
ERPImporta.exe: 000024A8: 08:55:50 [TUniServerModule]:Debug Mode = ON
ERPImporta.exe: 000024A8: 08:55:50 [TUniServerModule]:Starting HTTP Server on Port: 8077...
ERPImporta.exe: 000024A8: 08:55:51 [TUniServerModule]:HTTP Server Started on Port: 8077
ERPImporta.exe: 0000370C: 08:56:07 [127.0.0.1]:EDatabaseError : tFormulas: Field 'Formula  ' not found : Addr: $00657B36
ERPImporta.exe: 0000370C: 08:56:16 [127.0.0.1]:EDatabaseError : tFormulas: Field 'Formula  ' not found : Addr: $00657B36
ERPImporta.exe: 00002780: 08:56:59 []:>--------------------------------------------------------------<
ERPImporta.exe: 00002780: 08:56:59 [TUniServerModule]:Server First Init.
ERPImporta.exe: 00002780: 08:56:59 [TUniServerModule]:Start Path = C:\Projetos_WEB\ERP_Importa\
ERPImporta.exe: 00002780: 08:56:59 [TUniServerModule]:Debug Mode = ON
ERPImporta.exe: 00002780: 08:56:59 [TUniGUISessionManager]:Cache erase job created, Folder count: [1]
ERPImporta.exe: 00002780: 08:56:59 [TUniServerModule]:Starting HTTP Server on Port: 8077...
ERPImporta.exe: 00002780: 08:56:59 [TUniServerModule]:HTTP Server Started on Port: 8077
ERPImporta.exe: 00002AC8: 08:57:09 [[FireDAC][Phys][ODBC][Microsoft][SQL Server Native Client 11.0][SQL Server]Invalid column name 'Origem_Mercadoria'.-127.0.0.1]:EMSSQLNativeException : [FireDAC][Phys][ODBC][Microsoft][SQL Server Native Client 11.0][SQL Server]Invalid column name 'Origem_Mercadoria'. : Addr: $008E1D71
ERPImporta.exe: 00000C10: 08:58:50 []:>--------------------------------------------------------------<
ERPImporta.exe: 00000C10: 08:58:50 [TUniServerModule]:Server First Init.
ERPImporta.exe: 00000C10: 08:58:50 [TUniServerModule]:Start Path = C:\Projetos_WEB\ERP_Importa\
ERPImporta.exe: 00000C10: 08:58:50 [TUniServerModule]:Debug Mode = ON
ERPImporta.exe: 00000C10: 08:58:51 [TUniServerModule]:Starting HTTP Server on Port: 8077...
ERPImporta.exe: 00000C10: 08:58:51 [TUniServerModule]:HTTP Server Started on Port: 8077
ERPImporta.exe: 00002CE8: 09:05:40 []:>--------------------------------------------------------------<
ERPImporta.exe: 00002CE8: 09:05:40 [TUniServerModule]:Server First Init.
ERPImporta.exe: 00002CE8: 09:05:40 [TUniServerModule]:Start Path = C:\Projetos_WEB\ERP_Importa\
ERPImporta.exe: 00002CE8: 09:05:40 [TUniServerModule]:Debug Mode = ON
ERPImporta.exe: 00002CE8: 09:05:40 [TUniGUISessionManager]:Cache erase job created, Folder count: [1]
ERPImporta.exe: 00002CE8: 09:05:40 [TUniServerModule]:Starting HTTP Server on Port: 8077...
ERPImporta.exe: 00002CE8: 09:05:40 [TUniServerModule]:HTTP Server Started on Port: 8077
ERPImporta.exe: 00002914: 09:06:53 []:>--------------------------------------------------------------<
ERPImporta.exe: 00002914: 09:06:53 [TUniServerModule]:Server First Init.
ERPImporta.exe: 00002914: 09:06:53 [TUniServerModule]:Start Path = C:\Projetos_WEB\ERP_Importa\
ERPImporta.exe: 00002914: 09:06:53 [TUniServerModule]:Debug Mode = ON
ERPImporta.exe: 00002914: 09:06:54 [TUniServerModule]:Starting HTTP Server on Port: 8077...
ERPImporta.exe: 00002914: 09:06:54 [TUniServerModule]:HTTP Server Started on Port: 8077
ERPImporta.exe: 00000AE8: 09:07:51 []:>--------------------------------------------------------------<
ERPImporta.exe: 00000AE8: 09:07:51 [TUniServerModule]:Server First Init.
ERPImporta.exe: 00000AE8: 09:07:51 [TUniServerModule]:Start Path = C:\Projetos_WEB\ERP_Importa\
ERPImporta.exe: 00000AE8: 09:07:51 [TUniServerModule]:Debug Mode = ON
ERPImporta.exe: 00000AE8: 09:07:51 [TUniServerModule]:Starting HTTP Server on Port: 8077...
ERPImporta.exe: 00000AE8: 09:07:51 [TUniServerModule]:HTTP Server Started on Port: 8077
ERPImporta.exe: 00000D70: 09:09:50 []:>--------------------------------------------------------------<
ERPImporta.exe: 00000D70: 09:09:50 [TUniServerModule]:Server First Init.
ERPImporta.exe: 00000D70: 09:09:50 [TUniServerModule]:Start Path = C:\Projetos_WEB\ERP_Importa\
ERPImporta.exe: 00000D70: 09:09:50 [TUniServerModule]:Debug Mode = ON
ERPImporta.exe: 00000D70: 09:09:51 [TUniServerModule]:Starting HTTP Server on Port: 8077...
ERPImporta.exe: 00000D70: 09:09:51 [TUniServerModule]:HTTP Server Started on Port: 8077
ERPImporta.exe: 00003198: 09:11:29 []:>--------------------------------------------------------------<
ERPImporta.exe: 00003198: 09:11:29 [TUniServerModule]:Server First Init.
ERPImporta.exe: 00003198: 09:11:29 [TUniServerModule]:Start Path = C:\Projetos_WEB\ERP_Importa\
ERPImporta.exe: 00003198: 09:11:29 [TUniServerModule]:Debug Mode = ON
ERPImporta.exe: 00003198: 09:11:29 [TUniServerModule]:Starting HTTP Server on Port: 8077...
ERPImporta.exe: 00003198: 09:11:29 [TUniServerModule]:HTTP Server Started on Port: 8077
ERPImporta.exe: 00001F44: 09:12:06 []:>--------------------------------------------------------------<
ERPImporta.exe: 00001F44: 09:12:06 [TUniServerModule]:Server First Init.
ERPImporta.exe: 00001F44: 09:12:06 [TUniServerModule]:Start Path = C:\Projetos_WEB\ERP_Importa\
ERPImporta.exe: 00001F44: 09:12:06 [TUniServerModule]:Debug Mode = ON
ERPImporta.exe: 00001F44: 09:12:06 [TUniServerModule]:Starting HTTP Server on Port: 8077...
ERPImporta.exe: 00001F44: 09:12:06 [TUniServerModule]:HTTP Server Started on Port: 8077
ERPImporta.exe: 00001798: 09:13:03 []:>--------------------------------------------------------------<
ERPImporta.exe: 00001798: 09:13:03 [TUniServerModule]:Server First Init.
ERPImporta.exe: 00001798: 09:13:03 [TUniServerModule]:Start Path = C:\Projetos_WEB\ERP_Importa\
ERPImporta.exe: 00001798: 09:13:04 [TUniServerModule]:Debug Mode = ON
ERPImporta.exe: 00001798: 09:13:04 [TUniServerModule]:Starting HTTP Server on Port: 8077...
ERPImporta.exe: 00001798: 09:13:04 [TUniServerModule]:HTTP Server Started on Port: 8077
ERPImporta.exe: 00003068: 09:14:13 []:>--------------------------------------------------------------<
ERPImporta.exe: 00003068: 09:14:13 [TUniServerModule]:Server First Init.
ERPImporta.exe: 00003068: 09:14:13 [TUniServerModule]:Start Path = C:\Projetos_WEB\ERP_Importa\
ERPImporta.exe: 00003068: 09:14:13 [TUniServerModule]:Debug Mode = ON
ERPImporta.exe: 00003068: 09:14:13 [TUniServerModule]:Starting HTTP Server on Port: 8077...
ERPImporta.exe: 00003068: 09:14:13 [TUniServerModule]:HTTP Server Started on Port: 8077
ERPImporta.exe: 0000114C: 09:15:15 []:>--------------------------------------------------------------<
ERPImporta.exe: 0000114C: 09:15:15 [TUniServerModule]:Server First Init.
ERPImporta.exe: 0000114C: 09:15:15 [TUniServerModule]:Start Path = C:\Projetos_WEB\ERP_Importa\
ERPImporta.exe: 0000114C: 09:15:15 [TUniServerModule]:Debug Mode = ON
ERPImporta.exe: 0000114C: 09:15:16 [TUniServerModule]:Starting HTTP Server on Port: 8077...
ERPImporta.exe: 0000114C: 09:15:16 [TUniServerModule]:HTTP Server Started on Port: 8077
ERPImporta.exe: 00003558: 09:16:18 []:>--------------------------------------------------------------<
ERPImporta.exe: 00003558: 09:16:18 [TUniServerModule]:Server First Init.
ERPImporta.exe: 00003558: 09:16:18 [TUniServerModule]:Start Path = C:\Projetos_WEB\ERP_Importa\
ERPImporta.exe: 00003558: 09:16:18 [TUniServerModule]:Debug Mode = ON
ERPImporta.exe: 00003558: 09:16:19 [TUniServerModule]:Starting HTTP Server on Port: 8077...
ERPImporta.exe: 00003558: 09:16:19 [TUniServerModule]:HTTP Server Started on Port: 8077
ERPImporta.exe: 00002CBC: 09:17:14 []:>--------------------------------------------------------------<
ERPImporta.exe: 00002CBC: 09:17:14 [TUniServerModule]:Server First Init.
ERPImporta.exe: 00002CBC: 09:17:14 [TUniServerModule]:Start Path = C:\Projetos_WEB\ERP_Importa\
ERPImporta.exe: 00002CBC: 09:17:14 [TUniServerModule]:Debug Mode = ON
ERPImporta.exe: 00002CBC: 09:17:14 [TUniServerModule]:Starting HTTP Server on Port: 8077...
ERPImporta.exe: 00002CBC: 09:17:14 [TUniServerModule]:HTTP Server Started on Port: 8077
ERPImporta.exe: 0000160C: 09:18:10 []:>--------------------------------------------------------------<
ERPImporta.exe: 0000160C: 09:18:10 [TUniServerModule]:Server First Init.
ERPImporta.exe: 0000160C: 09:18:10 [TUniServerModule]:Start Path = C:\Projetos_WEB\ERP_Importa\
ERPImporta.exe: 0000160C: 09:18:10 [TUniServerModule]:Debug Mode = ON
ERPImporta.exe: 0000160C: 09:18:10 [TUniServerModule]:Starting HTTP Server on Port: 8077...
ERPImporta.exe: 0000160C: 09:18:10 [TUniServerModule]:HTTP Server Started on Port: 8077
ERPImporta.exe: 00001CE8: 09:19:03 []:>--------------------------------------------------------------<
ERPImporta.exe: 00001CE8: 09:19:03 [TUniServerModule]:Server First Init.
ERPImporta.exe: 00001CE8: 09:19:03 [TUniServerModule]:Start Path = C:\Projetos_WEB\ERP_Importa\
ERPImporta.exe: 00001CE8: 09:19:03 [TUniServerModule]:Debug Mode = ON
ERPImporta.exe: 00001CE8: 09:19:04 [TUniServerModule]:Starting HTTP Server on Port: 8077...
ERPImporta.exe: 00001CE8: 09:19:04 [TUniServerModule]:HTTP Server Started on Port: 8077
ERPImporta.exe: 00002030: 09:20:37 []:>--------------------------------------------------------------<
ERPImporta.exe: 00002030: 09:20:37 [TUniServerModule]:Server First Init.
ERPImporta.exe: 00002030: 09:20:37 [TUniServerModule]:Start Path = C:\Projetos_WEB\ERP_Importa\
ERPImporta.exe: 00002030: 09:20:37 [TUniServerModule]:Debug Mode = ON
ERPImporta.exe: 00002030: 09:20:37 [TUniServerModule]:Starting HTTP Server on Port: 8077...
ERPImporta.exe: 00002030: 09:20:37 [TUniServerModule]:HTTP Server Started on Port: 8077
ERPImporta.exe: 00000CE8: 09:21:55 []:>--------------------------------------------------------------<
ERPImporta.exe: 00000CE8: 09:21:55 [TUniServerModule]:Server First Init.
ERPImporta.exe: 00000CE8: 09:21:55 [TUniServerModule]:Start Path = C:\Projetos_WEB\ERP_Importa\
ERPImporta.exe: 00000CE8: 09:21:55 [TUniServerModule]:Debug Mode = ON
ERPImporta.exe: 00000CE8: 09:21:56 [TUniServerModule]:Starting HTTP Server on Port: 8077...
ERPImporta.exe: 00000CE8: 09:21:56 [TUniServerModule]:HTTP Server Started on Port: 8077
ERPImporta.exe: 00000C10: 09:23:04 []:>--------------------------------------------------------------<
ERPImporta.exe: 00000C10: 09:23:04 [TUniServerModule]:Server First Init.
ERPImporta.exe: 00000C10: 09:23:04 [TUniServerModule]:Start Path = C:\Projetos_WEB\ERP_Importa\
ERPImporta.exe: 00000C10: 09:23:04 [TUniServerModule]:Debug Mode = ON
ERPImporta.exe: 00000C10: 09:23:04 [TUniServerModule]:Starting HTTP Server on Port: 8077...
ERPImporta.exe: 00000C10: 09:23:04 [TUniServerModule]:HTTP Server Started on Port: 8077
ERPImporta.exe: 00000CA0: 09:23:56 []:>--------------------------------------------------------------<
ERPImporta.exe: 00000CA0: 09:23:56 [TUniServerModule]:Server First Init.
ERPImporta.exe: 00000CA0: 09:23:56 [TUniServerModule]:Start Path = C:\Projetos_WEB\ERP_Importa\
ERPImporta.exe: 00000CA0: 09:23:56 [TUniServerModule]:Debug Mode = ON
ERPImporta.exe: 00000CA0: 09:23:57 [TUniServerModule]:Starting HTTP Server on Port: 8077...
ERPImporta.exe: 00000CA0: 09:23:57 [TUniServerModule]:HTTP Server Started on Port: 8077
ERPImporta.exe: 00000590: 09:47:57 [127.0.0.1]:EUniSessionException : Sessão inváilda ou tempo da sessão expirado. (Session not found: YN418Jy9su1113DF03D ) : Addr: $007D0FCC
ERPImporta.exe: 000034CC: 10:06:03 []:>--------------------------------------------------------------<
ERPImporta.exe: 000034CC: 10:06:03 [TUniServerModule]:Server First Init.
ERPImporta.exe: 000034CC: 10:06:03 [TUniServerModule]:Start Path = C:\Projetos_WEB\ERP_Importa\
ERPImporta.exe: 000034CC: 10:06:03 [TUniServerModule]:Debug Mode = ON
ERPImporta.exe: 000034CC: 10:06:03 [TUniServerModule]:Starting HTTP Server on Port: 8077...
ERPImporta.exe: 000034CC: 10:06:03 [TUniServerModule]:HTTP Server Started on Port: 8077
ERPImporta.exe: 0000183C: 10:07:11 []:>--------------------------------------------------------------<
ERPImporta.exe: 0000183C: 10:07:11 [TUniServerModule]:Server First Init.
ERPImporta.exe: 0000183C: 10:07:11 [TUniServerModule]:Start Path = C:\Projetos_WEB\ERP_Importa\
ERPImporta.exe: 0000183C: 10:07:11 [TUniServerModule]:Debug Mode = ON
ERPImporta.exe: 0000183C: 10:07:11 [TUniGUISessionManager]:Cache erase job created, Folder count: [1]
ERPImporta.exe: 0000183C: 10:07:11 [TUniServerModule]:Starting HTTP Server on Port: 8077...
ERPImporta.exe: 0000183C: 10:07:11 [TUniServerModule]:HTTP Server Started on Port: 8077
ERPImporta.exe: 00001850: 10:09:00 []:>--------------------------------------------------------------<
ERPImporta.exe: 00001850: 10:09:00 [TUniServerModule]:Server First Init.
ERPImporta.exe: 00001850: 10:09:00 [TUniServerModule]:Start Path = C:\Projetos_WEB\ERP_Importa\
ERPImporta.exe: 00001850: 10:09:00 [TUniServerModule]:Debug Mode = ON
ERPImporta.exe: 00001850: 10:09:00 [TUniServerModule]:Starting HTTP Server on Port: 8077...
ERPImporta.exe: 00001850: 10:09:00 [TUniServerModule]:HTTP Server Started on Port: 8077
ERPImporta.exe: 00002F20: 10:12:52 []:>--------------------------------------------------------------<
ERPImporta.exe: 00002F20: 10:12:52 [TUniServerModule]:Server First Init.
ERPImporta.exe: 00002F20: 10:12:52 [TUniServerModule]:Start Path = C:\Projetos_WEB\ERP_Importa\
ERPImporta.exe: 00002F20: 10:12:52 [TUniServerModule]:Debug Mode = ON
ERPImporta.exe: 00002F20: 10:12:53 [TUniServerModule]:Starting HTTP Server on Port: 8077...
ERPImporta.exe: 00002F20: 10:12:53 [TUniServerModule]:HTTP Server Started on Port: 8077
ERPImporta.exe: 0000202C: 10:18:22 []:>--------------------------------------------------------------<
ERPImporta.exe: 0000202C: 10:18:22 [TUniServerModule]:Server First Init.
ERPImporta.exe: 0000202C: 10:18:22 [TUniServerModule]:Start Path = C:\Projetos_WEB\ERP_Importa\
ERPImporta.exe: 0000202C: 10:18:22 [TUniServerModule]:Debug Mode = ON
ERPImporta.exe: 0000202C: 10:18:22 [TUniGUISessionManager]:Cache erase job created, Folder count: [1]
ERPImporta.exe: 0000202C: 10:18:22 [TUniServerModule]:Starting HTTP Server on Port: 8077...
ERPImporta.exe: 0000202C: 10:18:22 [TUniServerModule]:HTTP Server Started on Port: 8077
ERPImporta.exe: 000006B4: 10:24:42 []:>--------------------------------------------------------------<
ERPImporta.exe: 000006B4: 10:24:42 [TUniServerModule]:Server First Init.
ERPImporta.exe: 000006B4: 10:24:42 [TUniServerModule]:Start Path = C:\Projetos_WEB\ERP_Importa\
ERPImporta.exe: 000006B4: 10:24:42 [TUniServerModule]:Debug Mode = ON
ERPImporta.exe: 000006B4: 10:24:42 [TUniServerModule]:Starting HTTP Server on Port: 8077...
ERPImporta.exe: 000006B4: 10:24:42 [TUniServerModule]:HTTP Server Started on Port: 8077
ERPImporta.exe: 0000198C: 10:29:24 []:>--------------------------------------------------------------<
ERPImporta.exe: 0000198C: 10:29:24 [TUniServerModule]:Server First Init.
ERPImporta.exe: 0000198C: 10:29:24 [TUniServerModule]:Start Path = C:\Projetos_WEB\ERP_Importa\
ERPImporta.exe: 0000198C: 10:29:24 [TUniServerModule]:Debug Mode = ON
ERPImporta.exe: 0000198C: 10:29:24 [TUniGUISessionManager]:Cache erase job created, Folder count: [1]
ERPImporta.exe: 0000198C: 10:29:24 [TUniServerModule]:Starting HTTP Server on Port: 8077...
ERPImporta.exe: 0000198C: 10:29:24 [TUniServerModule]:HTTP Server Started on Port: 8077
ERPImporta.exe: 00001A40: 10:38:25 []:>--------------------------------------------------------------<
ERPImporta.exe: 00001A40: 10:38:25 [TUniServerModule]:Server First Init.
ERPImporta.exe: 00001A40: 10:38:25 [TUniServerModule]:Start Path = C:\Projetos_WEB\ERP_Importa\
ERPImporta.exe: 00001A40: 10:38:25 [TUniServerModule]:Debug Mode = ON
ERPImporta.exe: 00001A40: 10:38:25 [TUniServerModule]:Starting HTTP Server on Port: 8077...
ERPImporta.exe: 00001A40: 10:38:25 [TUniServerModule]:HTTP Server Started on Port: 8077
ERPImporta.exe: 000035D4: 10:39:06 []:>--------------------------------------------------------------<
ERPImporta.exe: 000035D4: 10:39:06 [TUniServerModule]:Server First Init.
ERPImporta.exe: 000035D4: 10:39:06 [TUniServerModule]:Start Path = C:\Projetos_WEB\ERP_Importa\
ERPImporta.exe: 000035D4: 10:39:06 [TUniServerModule]:Debug Mode = ON
ERPImporta.exe: 000035D4: 10:39:06 [TUniGUISessionManager]:Cache erase job created, Folder count: [1]
ERPImporta.exe: 000035D4: 10:39:06 [TUniServerModule]:Starting HTTP Server on Port: 8077...
ERPImporta.exe: 000035D4: 10:39:06 [TUniServerModule]:HTTP Server Started on Port: 8077
ERPImporta.exe: 000024DC: 10:39:59 []:>--------------------------------------------------------------<
ERPImporta.exe: 000024DC: 10:39:59 [TUniServerModule]:Server First Init.
ERPImporta.exe: 000024DC: 10:39:59 [TUniServerModule]:Start Path = C:\Projetos_WEB\ERP_Importa\
ERPImporta.exe: 000024DC: 10:39:59 [TUniServerModule]:Debug Mode = ON
ERPImporta.exe: 000024DC: 10:39:59 [TUniGUISessionManager]:Cache erase job created, Folder count: [1]
ERPImporta.exe: 000024DC: 10:39:59 [TUniServerModule]:Starting HTTP Server on Port: 8077...
ERPImporta.exe: 000024DC: 10:39:59 [TUniServerModule]:HTTP Server Started on Port: 8077
ERPImporta.exe: 00002634: 10:41:05 []:>--------------------------------------------------------------<
ERPImporta.exe: 00002634: 10:41:05 [TUniServerModule]:Server First Init.
ERPImporta.exe: 00002634: 10:41:05 [TUniServerModule]:Start Path = C:\Projetos_WEB\ERP_Importa\
ERPImporta.exe: 00002634: 10:41:05 [TUniServerModule]:Debug Mode = ON
ERPImporta.exe: 00002634: 10:41:05 [TUniGUISessionManager]:Cache erase job created, Folder count: [1]
ERPImporta.exe: 00002634: 10:41:05 [TUniServerModule]:Starting HTTP Server on Port: 8077...
ERPImporta.exe: 00002634: 10:41:05 [TUniServerModule]:HTTP Server Started on Port: 8077
ERPImporta.exe: 00002220: 10:42:38 []:>--------------------------------------------------------------<
ERPImporta.exe: 00002220: 10:42:38 [TUniServerModule]:Server First Init.
ERPImporta.exe: 00002220: 10:42:38 [TUniServerModule]:Start Path = C:\Projetos_WEB\ERP_Importa\
ERPImporta.exe: 00002220: 10:42:38 [TUniServerModule]:Debug Mode = ON
ERPImporta.exe: 00002220: 10:42:38 [TUniServerModule]:Starting HTTP Server on Port: 8077...
ERPImporta.exe: 00002220: 10:42:38 [TUniServerModule]:HTTP Server Started on Port: 8077
ERPImporta.exe: 00001058: 10:45:12 []:>--------------------------------------------------------------<
ERPImporta.exe: 00001058: 10:45:12 [TUniServerModule]:Server First Init.
ERPImporta.exe: 00001058: 10:45:12 [TUniServerModule]:Start Path = C:\Projetos_WEB\ERP_Importa\
ERPImporta.exe: 00001058: 10:45:12 [TUniServerModule]:Debug Mode = ON
ERPImporta.exe: 00001058: 10:45:12 [TUniServerModule]:Starting HTTP Server on Port: 8077...
ERPImporta.exe: 00001058: 10:45:12 [TUniServerModule]:HTTP Server Started on Port: 8077
ERPImporta.exe: 0000320C: 10:46:01 []:>--------------------------------------------------------------<
ERPImporta.exe: 0000320C: 10:46:01 [TUniServerModule]:Server First Init.
ERPImporta.exe: 0000320C: 10:46:01 [TUniServerModule]:Start Path = C:\Projetos_WEB\ERP_Importa\
ERPImporta.exe: 0000320C: 10:46:01 [TUniServerModule]:Debug Mode = ON
ERPImporta.exe: 0000320C: 10:46:01 [TUniServerModule]:Starting HTTP Server on Port: 8077...
ERPImporta.exe: 0000320C: 10:46:01 [TUniServerModule]:HTTP Server Started on Port: 8077
ERPImporta.exe: 00002ED8: 10:54:07 []:>--------------------------------------------------------------<
ERPImporta.exe: 00002ED8: 10:54:07 [TUniServerModule]:Server First Init.
ERPImporta.exe: 00002ED8: 10:54:07 [TUniServerModule]:Start Path = C:\Projetos_WEB\ERP_Importa\
ERPImporta.exe: 00002ED8: 10:54:07 [TUniServerModule]:Debug Mode = ON
ERPImporta.exe: 00002ED8: 10:54:08 [TUniServerModule]:Starting HTTP Server on Port: 8077...
ERPImporta.exe: 00002ED8: 10:54:08 [TUniServerModule]:HTTP Server Started on Port: 8077
ERPImporta.exe: 00002108: 10:56:15 []:>--------------------------------------------------------------<
ERPImporta.exe: 00002108: 10:56:15 [TUniServerModule]:Server First Init.
ERPImporta.exe: 00002108: 10:56:15 [TUniServerModule]:Start Path = C:\Projetos_WEB\ERP_Importa\
ERPImporta.exe: 00002108: 10:56:15 [TUniServerModule]:Debug Mode = ON
ERPImporta.exe: 00002108: 10:56:15 [TUniServerModule]:Starting HTTP Server on Port: 8077...
ERPImporta.exe: 00002108: 10:56:15 [TUniServerModule]:HTTP Server Started on Port: 8077
ERPImporta.exe: 000005B8: 10:57:51 []:>--------------------------------------------------------------<
ERPImporta.exe: 000005B8: 10:57:51 [TUniServerModule]:Server First Init.
ERPImporta.exe: 000005B8: 10:57:51 [TUniServerModule]:Start Path = C:\Projetos_WEB\ERP_Importa\
ERPImporta.exe: 000005B8: 10:57:51 [TUniServerModule]:Debug Mode = ON
ERPImporta.exe: 000005B8: 10:57:51 [TUniGUISessionManager]:Cache erase job created, Folder count: [1]
ERPImporta.exe: 000005B8: 10:57:51 [TUniServerModule]:Starting HTTP Server on Port: 8077...
ERPImporta.exe: 000005B8: 10:57:51 [TUniServerModule]:HTTP Server Started on Port: 8077
ERPImporta.exe: 00001FE8: 10:59:43 []:>--------------------------------------------------------------<
ERPImporta.exe: 00001FE8: 10:59:43 [TUniServerModule]:Server First Init.
ERPImporta.exe: 00001FE8: 10:59:43 [TUniServerModule]:Start Path = C:\Projetos_WEB\ERP_Importa\
ERPImporta.exe: 00001FE8: 10:59:43 [TUniServerModule]:Debug Mode = ON
ERPImporta.exe: 00001FE8: 10:59:43 [TUniServerModule]:Starting HTTP Server on Port: 8077...
ERPImporta.exe: 00001FE8: 10:59:43 [TUniServerModule]:HTTP Server Started on Port: 8077
ERPImporta.exe: 000014D4: 11:01:07 []:>--------------------------------------------------------------<
ERPImporta.exe: 000014D4: 11:01:07 [TUniServerModule]:Server First Init.
ERPImporta.exe: 000014D4: 11:01:07 [TUniServerModule]:Start Path = C:\Projetos_WEB\ERP_Importa\
ERPImporta.exe: 000014D4: 11:01:07 [TUniServerModule]:Debug Mode = ON
ERPImporta.exe: 000014D4: 11:01:07 [TUniServerModule]:Starting HTTP Server on Port: 8077...
ERPImporta.exe: 000014D4: 11:01:07 [TUniServerModule]:HTTP Server Started on Port: 8077
ERPImporta.exe: 00002698: 11:03:45 []:>--------------------------------------------------------------<
ERPImporta.exe: 00002698: 11:03:45 [TUniServerModule]:Server First Init.
ERPImporta.exe: 00002698: 11:03:45 [TUniServerModule]:Start Path = C:\Projetos_WEB\ERP_Importa\
ERPImporta.exe: 00002698: 11:03:45 [TUniServerModule]:Debug Mode = ON
ERPImporta.exe: 00002698: 11:03:45 [TUniServerModule]:Starting HTTP Server on Port: 8077...
ERPImporta.exe: 00002698: 11:03:45 [TUniServerModule]:HTTP Server Started on Port: 8077
ERPImporta.exe: 0000222C: 11:04:55 []:>--------------------------------------------------------------<
ERPImporta.exe: 0000222C: 11:04:55 [TUniServerModule]:Server First Init.
ERPImporta.exe: 0000222C: 11:04:55 [TUniServerModule]:Start Path = C:\Projetos_WEB\ERP_Importa\
ERPImporta.exe: 0000222C: 11:04:55 [TUniServerModule]:Debug Mode = ON
ERPImporta.exe: 0000222C: 11:04:55 [TUniServerModule]:Starting HTTP Server on Port: 8077...
ERPImporta.exe: 0000222C: 11:04:55 [TUniServerModule]:HTTP Server Started on Port: 8077
ERPImporta.exe: 00001CC0: 11:07:07 []:>--------------------------------------------------------------<
ERPImporta.exe: 00001CC0: 11:07:07 [TUniServerModule]:Server First Init.
ERPImporta.exe: 00001CC0: 11:07:07 [TUniServerModule]:Start Path = C:\Projetos_WEB\ERP_Importa\
ERPImporta.exe: 00001CC0: 11:07:07 [TUniServerModule]:Debug Mode = ON
ERPImporta.exe: 00001CC0: 11:07:07 [TUniServerModule]:Starting HTTP Server on Port: 8077...
ERPImporta.exe: 00001CC0: 11:07:07 [TUniServerModule]:HTTP Server Started on Port: 8077
ERPImporta.exe: 0000065C: 11:07:56 []:>--------------------------------------------------------------<
ERPImporta.exe: 0000065C: 11:07:56 [TUniServerModule]:Server First Init.
ERPImporta.exe: 0000065C: 11:07:56 [TUniServerModule]:Start Path = C:\Projetos_WEB\ERP_Importa\
ERPImporta.exe: 0000065C: 11:07:56 [TUniServerModule]:Debug Mode = ON
ERPImporta.exe: 0000065C: 11:07:56 [TUniServerModule]:Starting HTTP Server on Port: 8077...
ERPImporta.exe: 0000065C: 11:07:56 [TUniServerModule]:HTTP Server Started on Port: 8077
ERPImporta.exe: 000028B0: 11:10:19 []:>--------------------------------------------------------------<
ERPImporta.exe: 000028B0: 11:10:19 [TUniServerModule]:Server First Init.
ERPImporta.exe: 000028B0: 11:10:19 [TUniServerModule]:Start Path = C:\Projetos_WEB\ERP_Importa\
ERPImporta.exe: 000028B0: 11:10:19 [TUniServerModule]:Debug Mode = ON
ERPImporta.exe: 000028B0: 11:10:19 [TUniServerModule]:Starting HTTP Server on Port: 8077...
ERPImporta.exe: 000028B0: 11:10:19 [TUniServerModule]:HTTP Server Started on Port: 8077
ERPImporta.exe: 00003650: 11:12:25 []:>--------------------------------------------------------------<
ERPImporta.exe: 00003650: 11:12:25 [TUniServerModule]:Server First Init.
ERPImporta.exe: 00003650: 11:12:25 [TUniServerModule]:Start Path = C:\Projetos_WEB\ERP_Importa\
ERPImporta.exe: 00003650: 11:12:25 [TUniServerModule]:Debug Mode = ON
ERPImporta.exe: 00003650: 11:12:25 [TUniServerModule]:Starting HTTP Server on Port: 8077...
ERPImporta.exe: 00003650: 11:12:25 [TUniServerModule]:HTTP Server Started on Port: 8077
ERPImporta.exe: 00000920: 11:16:44 []:>--------------------------------------------------------------<
ERPImporta.exe: 00000920: 11:16:44 [TUniServerModule]:Server First Init.
ERPImporta.exe: 00000920: 11:16:44 [TUniServerModule]:Start Path = C:\Projetos_WEB\ERP_Importa\
ERPImporta.exe: 00000920: 11:16:44 [TUniServerModule]:Debug Mode = ON
ERPImporta.exe: 00000920: 11:16:44 [TUniServerModule]:Starting HTTP Server on Port: 8077...
ERPImporta.exe: 00000920: 11:16:44 [TUniServerModule]:HTTP Server Started on Port: 8077
ERPImporta.exe: 000017C4: 11:17:38 []:>--------------------------------------------------------------<
ERPImporta.exe: 000017C4: 11:17:38 [TUniServerModule]:Server First Init.
ERPImporta.exe: 000017C4: 11:17:38 [TUniServerModule]:Start Path = C:\Projetos_WEB\ERP_Importa\
ERPImporta.exe: 000017C4: 11:17:38 [TUniServerModule]:Debug Mode = ON
ERPImporta.exe: 000017C4: 11:17:38 [TUniServerModule]:Starting HTTP Server on Port: 8077...
ERPImporta.exe: 000017C4: 11:17:38 [TUniServerModule]:HTTP Server Started on Port: 8077
ERPImporta.exe: 00003260: 11:19:07 []:>--------------------------------------------------------------<
ERPImporta.exe: 00003260: 11:19:07 [TUniServerModule]:Server First Init.
ERPImporta.exe: 00003260: 11:19:07 [TUniServerModule]:Start Path = C:\Projetos_WEB\ERP_Importa\
ERPImporta.exe: 00003260: 11:19:07 [TUniServerModule]:Debug Mode = ON
ERPImporta.exe: 00003260: 11:19:07 [TUniServerModule]:Starting HTTP Server on Port: 8077...
ERPImporta.exe: 00003260: 11:19:08 [TUniServerModule]:HTTP Server Started on Port: 8077
ERPImporta.exe: 0000012C: 11:31:59 []:>--------------------------------------------------------------<
ERPImporta.exe: 0000012C: 11:31:59 [TUniServerModule]:Server First Init.
ERPImporta.exe: 0000012C: 11:31:59 [TUniServerModule]:Start Path = C:\Projetos_WEB\ERP_Importa\
ERPImporta.exe: 0000012C: 11:31:59 [TUniServerModule]:Debug Mode = ON
ERPImporta.exe: 0000012C: 11:31:59 [TUniServerModule]:Starting HTTP Server on Port: 8077...
ERPImporta.exe: 0000012C: 11:31:59 [TUniServerModule]:HTTP Server Started on Port: 8077
ERPImporta.exe: 00003724: 11:32:51 []:>--------------------------------------------------------------<
ERPImporta.exe: 00003724: 11:32:51 [TUniServerModule]:Server First Init.
ERPImporta.exe: 00003724: 11:32:52 [TUniServerModule]:Start Path = C:\Projetos_WEB\ERP_Importa\
ERPImporta.exe: 00003724: 11:32:52 [TUniServerModule]:Debug Mode = ON
ERPImporta.exe: 00003724: 11:32:52 [TUniServerModule]:Starting HTTP Server on Port: 8077...
ERPImporta.exe: 00003724: 11:32:52 [TUniServerModule]:HTTP Server Started on Port: 8077
ERPImporta.exe: 00002BA8: 14:01:58 []:>--------------------------------------------------------------<
ERPImporta.exe: 00002BA8: 14:01:58 [TUniServerModule]:Server First Init.
ERPImporta.exe: 00002BA8: 14:01:58 [TUniServerModule]:Start Path = C:\Projetos_WEB\ERP_Importa\
ERPImporta.exe: 00002BA8: 14:01:58 [TUniServerModule]:Debug Mode = ON
ERPImporta.exe: 00002BA8: 14:01:58 [TUniGUISessionManager]:Cache erase job created, Folder count: [1]
ERPImporta.exe: 00002BA8: 14:01:58 [TUniServerModule]:Starting HTTP Server on Port: 8077...
ERPImporta.exe: 00002BA8: 14:01:58 [TUniServerModule]:HTTP Server Started on Port: 8077
ERPImporta.exe: 00000D70: 14:26:38 []:>--------------------------------------------------------------<
ERPImporta.exe: 00000D70: 14:26:38 [TUniServerModule]:Server First Init.
ERPImporta.exe: 00000D70: 14:26:38 [TUniServerModule]:Start Path = C:\Projetos_WEB\ERP_Importa\
ERPImporta.exe: 00000D70: 14:26:38 [TUniServerModule]:Debug Mode = ON
ERPImporta.exe: 00000D70: 14:26:39 [TUniGUISessionManager]:Cache erase job created, Folder count: [1]
ERPImporta.exe: 00000D70: 14:26:39 [TUniServerModule]:Starting HTTP Server on Port: 8077...
ERPImporta.exe: 00000D70: 14:26:39 [TUniServerModule]:HTTP Server Started on Port: 8077
ERPImporta.exe: 0000049C: 14:32:17 []:>--------------------------------------------------------------<
ERPImporta.exe: 0000049C: 14:32:17 [TUniServerModule]:Server First Init.
ERPImporta.exe: 0000049C: 14:32:17 [TUniServerModule]:Start Path = C:\Projetos_WEB\ERP_Importa\
ERPImporta.exe: 0000049C: 14:32:17 [TUniServerModule]:Debug Mode = ON
ERPImporta.exe: 0000049C: 14:32:17 [TUniServerModule]:Starting HTTP Server on Port: 8077...
ERPImporta.exe: 0000049C: 14:32:17 [TUniServerModule]:HTTP Server Started on Port: 8077
ERPImporta.exe: 00002C64: 14:33:27 []:>--------------------------------------------------------------<
ERPImporta.exe: 00002C64: 14:33:27 [TUniServerModule]:Server First Init.
ERPImporta.exe: 00002C64: 14:33:27 [TUniServerModule]:Start Path = C:\Projetos_WEB\ERP_Importa\
ERPImporta.exe: 00002C64: 14:33:27 [TUniServerModule]:Debug Mode = ON
ERPImporta.exe: 00002C64: 14:33:27 [TUniServerModule]:Starting HTTP Server on Port: 8077...
ERPImporta.exe: 00002C64: 14:33:28 [TUniServerModule]:HTTP Server Started on Port: 8077
ERPImporta.exe: 00002EE8: 14:33:35 [[FireDAC][Phys][ODBC][Microsoft][SQL Server Native Client 11.0][SQL Server]Invalid column name 'Saida_Entrada'.-127.0.0.1]:EMSSQLNativeException : [FireDAC][Phys][ODBC][Microsoft][SQL Server Native Client 11.0][SQL Server]Invalid column name 'Saida_Entrada'. : Addr: $008E1D71
ERPImporta.exe: 00000C18: 14:36:29 []:>--------------------------------------------------------------<
ERPImporta.exe: 00000C18: 14:36:29 [TUniServerModule]:Server First Init.
ERPImporta.exe: 00000C18: 14:36:29 [TUniServerModule]:Start Path = C:\Projetos_WEB\ERP_Importa\
ERPImporta.exe: 00000C18: 14:36:29 [TUniServerModule]:Debug Mode = ON
ERPImporta.exe: 00000C18: 14:36:29 [TUniServerModule]:Starting HTTP Server on Port: 8077...
ERPImporta.exe: 00000C18: 14:36:29 [TUniServerModule]:HTTP Server Started on Port: 8077
ERPImporta.exe: 00001014: 14:37:47 []:>--------------------------------------------------------------<
ERPImporta.exe: 00001014: 14:37:47 [TUniServerModule]:Server First Init.
ERPImporta.exe: 00001014: 14:37:47 [TUniServerModule]:Start Path = C:\Projetos_WEB\ERP_Importa\
ERPImporta.exe: 00001014: 14:37:47 [TUniServerModule]:Debug Mode = ON
ERPImporta.exe: 00001014: 14:37:48 [TUniServerModule]:Starting HTTP Server on Port: 8077...
ERPImporta.exe: 00001014: 14:37:48 [TUniServerModule]:HTTP Server Started on Port: 8077
ERPImporta.exe: 000017A8: 14:38:31 []:>--------------------------------------------------------------<
ERPImporta.exe: 000017A8: 14:38:31 [TUniServerModule]:Server First Init.
ERPImporta.exe: 000017A8: 14:38:31 [TUniServerModule]:Start Path = C:\Projetos_WEB\ERP_Importa\
ERPImporta.exe: 000017A8: 14:38:31 [TUniServerModule]:Debug Mode = ON
ERPImporta.exe: 000017A8: 14:38:31 [TUniServerModule]:Starting HTTP Server on Port: 8077...
ERPImporta.exe: 000017A8: 14:38:31 [TUniServerModule]:HTTP Server Started on Port: 8077
ERPImporta.exe: 000007EC: 14:46:57 []:>--------------------------------------------------------------<
ERPImporta.exe: 000007EC: 14:46:57 [TUniServerModule]:Server First Init.
ERPImporta.exe: 000007EC: 14:46:57 [TUniServerModule]:Start Path = C:\Projetos_WEB\ERP_Importa\
ERPImporta.exe: 000007EC: 14:46:57 [TUniServerModule]:Debug Mode = ON
ERPImporta.exe: 000007EC: 14:46:57 [TUniGUISessionManager]:Cache erase job created, Folder count: [1]
ERPImporta.exe: 000007EC: 14:46:57 [TUniServerModule]:Starting HTTP Server on Port: 8077...
ERPImporta.exe: 000007EC: 14:46:57 [TUniServerModule]:HTTP Server Started on Port: 8077
ERPImporta.exe: 0000178C: 14:47:43 []:>--------------------------------------------------------------<
ERPImporta.exe: 0000178C: 14:47:43 [TUniServerModule]:Server First Init.
ERPImporta.exe: 0000178C: 14:47:43 [TUniServerModule]:Start Path = C:\Projetos_WEB\ERP_Importa\
ERPImporta.exe: 0000178C: 14:47:43 [TUniServerModule]:Debug Mode = ON
ERPImporta.exe: 0000178C: 14:47:43 [TUniServerModule]:Starting HTTP Server on Port: 8077...
ERPImporta.exe: 0000178C: 14:47:43 [TUniServerModule]:HTTP Server Started on Port: 8077
ERPImporta.exe: 00002E10: 14:50:17 []:>--------------------------------------------------------------<
ERPImporta.exe: 00002E10: 14:50:17 [TUniServerModule]:Server First Init.
ERPImporta.exe: 00002E10: 14:50:17 [TUniServerModule]:Start Path = C:\Projetos_WEB\ERP_Importa\
ERPImporta.exe: 00002E10: 14:50:17 [TUniServerModule]:Debug Mode = ON
ERPImporta.exe: 00002E10: 14:50:18 [TUniServerModule]:Starting HTTP Server on Port: 8077...
ERPImporta.exe: 00002E10: 14:50:18 [TUniServerModule]:HTTP Server Started on Port: 8077
ERPImporta.exe: 00000CE0: 14:53:34 []:>--------------------------------------------------------------<
ERPImporta.exe: 00000CE0: 14:53:34 [TUniServerModule]:Server First Init.
ERPImporta.exe: 00000CE0: 14:53:34 [TUniServerModule]:Start Path = C:\Projetos_WEB\ERP_Importa\
ERPImporta.exe: 00000CE0: 14:53:34 [TUniServerModule]:Debug Mode = ON
ERPImporta.exe: 00000CE0: 14:53:34 [TUniServerModule]:Starting HTTP Server on Port: 8077...
ERPImporta.exe: 00000CE0: 14:53:34 [TUniServerModule]:HTTP Server Started on Port: 8077
ERPImporta.exe: 000037CC: 15:05:48 []:>--------------------------------------------------------------<
ERPImporta.exe: 000037CC: 15:05:48 [TUniServerModule]:Server First Init.
ERPImporta.exe: 000037CC: 15:05:48 [TUniServerModule]:Start Path = C:\Projetos_WEB\ERP_Importa\
ERPImporta.exe: 000037CC: 15:05:48 [TUniServerModule]:Debug Mode = ON
ERPImporta.exe: 000037CC: 15:05:49 [TUniServerModule]:Starting HTTP Server on Port: 8077...
ERPImporta.exe: 000037CC: 15:05:49 [TUniServerModule]:HTTP Server Started on Port: 8077
ERPImporta.exe: 00001B30: 15:10:24 []:>--------------------------------------------------------------<
ERPImporta.exe: 00001B30: 15:10:24 [TUniServerModule]:Server First Init.
ERPImporta.exe: 00001B30: 15:10:24 [TUniServerModule]:Start Path = C:\Projetos_WEB\ERP_Importa\
ERPImporta.exe: 00001B30: 15:10:24 [TUniServerModule]:Debug Mode = ON
ERPImporta.exe: 00001B30: 15:10:25 [TUniServerModule]:Starting HTTP Server on Port: 8077...
ERPImporta.exe: 00001B30: 15:10:25 [TUniServerModule]:HTTP Server Started on Port: 8077
ERPImporta.exe: 00000F50: 15:15:26 []:>--------------------------------------------------------------<
ERPImporta.exe: 00000F50: 15:15:26 [TUniServerModule]:Server First Init.
ERPImporta.exe: 00000F50: 15:15:26 [TUniServerModule]:Start Path = C:\Projetos_WEB\ERP_Importa\
ERPImporta.exe: 00000F50: 15:15:26 [TUniServerModule]:Debug Mode = ON
ERPImporta.exe: 00000F50: 15:15:26 [TUniGUISessionManager]:Cache erase job created, Folder count: [1]
ERPImporta.exe: 00000F50: 15:15:26 [TUniServerModule]:Starting HTTP Server on Port: 8077...
ERPImporta.exe: 00000F50: 15:15:26 [TUniServerModule]:HTTP Server Started on Port: 8077
ERPImporta.exe: 00003488: 18:37:58 []:>--------------------------------------------------------------<
ERPImporta.exe: 00003488: 18:37:58 [TUniServerModule]:Server First Init.
ERPImporta.exe: 00003488: 18:37:58 [TUniServerModule]:Start Path = C:\Projetos_WEB\ERP_Importa\
ERPImporta.exe: 00003488: 18:37:58 [TUniServerModule]:Debug Mode = ON
ERPImporta.exe: 00003488: 18:37:58 [TUniServerModule]:Starting HTTP Server on Port: 8077...
ERPImporta.exe: 00003488: 18:37:58 [TUniServerModule]:HTTP Server Started on Port: 8077
ERPImporta.exe: 00001BB8: 18:43:32 [127.0.0.1]:EDatabaseError : Produtos: Field 'CSTPIS_Entrada' not found : Addr: $00657B36
ERPImporta.exe: 00000A10: 18:44:24 []:>--------------------------------------------------------------<
ERPImporta.exe: 00000A10: 18:44:24 [TUniServerModule]:Server First Init.
ERPImporta.exe: 00000A10: 18:44:24 [TUniServerModule]:Start Path = C:\Projetos_WEB\ERP_Importa\
ERPImporta.exe: 00000A10: 18:44:24 [TUniServerModule]:Debug Mode = ON
ERPImporta.exe: 00000A10: 18:44:24 [TUniServerModule]:Starting HTTP Server on Port: 8077...
ERPImporta.exe: 00000A10: 18:44:24 [TUniServerModule]:HTTP Server Started on Port: 8077
ERPImporta.exe: 00002064: 18:44:39 [[FireDAC][Phys][ODBC][Microsoft][SQL Server Native Client 11.0][SQL Server]Subquery returned more than 1 value. This is not permitted when the subquery follows =, !=, <, <= , >, >= or when the subquery is used as an expression.-127.0.0.1]:EMSSQLNativeException : [FireDAC][Phys][ODBC][Microsoft][SQL Server Native Client 11.0][SQL Server]Subquery returned more than 1 value. This is not permitted when the subquery follows =, !=, <, <= , >, >= or when the subquery is used as an expression. : Addr: $008E1D71
ERPImporta.exe: 00002E24: 18:44:57 []:>--------------------------------------------------------------<
ERPImporta.exe: 00002E24: 18:44:57 [TUniServerModule]:Server First Init.
ERPImporta.exe: 00002E24: 18:44:57 [TUniServerModule]:Start Path = C:\Projetos_WEB\ERP_Importa\
ERPImporta.exe: 00002E24: 18:44:57 [TUniServerModule]:Debug Mode = ON
ERPImporta.exe: 00002E24: 18:44:57 [TUniServerModule]:Starting HTTP Server on Port: 8077...
ERPImporta.exe: 00002E24: 18:44:57 [TUniServerModule]:HTTP Server Started on Port: 8077
ERPImporta.exe: 000021A4: 18:45:16 [[FireDAC][Phys][ODBC][Microsoft][SQL Server Native Client 11.0][SQL Server]Subquery returned more than 1 value. This is not permitted when the subquery follows =, !=, <, <= , >, >= or when the subquery is used as an expression.-127.0.0.1]:EMSSQLNativeException : [FireDAC][Phys][ODBC][Microsoft][SQL Server Native Client 11.0][SQL Server]Subquery returned more than 1 value. This is not permitted when the subquery follows =, !=, <, <= , >, >= or when the subquery is used as an expression. : Addr: $008E1D71
ERPImporta.exe: 0000149C: 18:45:38 []:>--------------------------------------------------------------<
ERPImporta.exe: 0000149C: 18:45:38 [TUniServerModule]:Server First Init.
ERPImporta.exe: 0000149C: 18:45:38 [TUniServerModule]:Start Path = C:\Projetos_WEB\ERP_Importa\
ERPImporta.exe: 0000149C: 18:45:38 [TUniServerModule]:Debug Mode = ON
ERPImporta.exe: 0000149C: 18:45:38 [TUniServerModule]:Starting HTTP Server on Port: 8077...
ERPImporta.exe: 0000149C: 18:45:38 [TUniServerModule]:HTTP Server Started on Port: 8077
ERPImporta.exe: 00000C64: 18:45:50 [[FireDAC][Phys][ODBC][Microsoft][SQL Server Native Client 11.0][SQL Server]Subquery returned more than 1 value. This is not permitted when the subquery follows =, !=, <, <= , >, >= or when the subquery is used as an expression.-127.0.0.1]:EMSSQLNativeException : [FireDAC][Phys][ODBC][Microsoft][SQL Server Native Client 11.0][SQL Server]Subquery returned more than 1 value. This is not permitted when the subquery follows =, !=, <, <= , >, >= or when the subquery is used as an expression. : Addr: $008E1D71
ERPImporta.exe: 0000350C: 18:46:21 []:>--------------------------------------------------------------<
ERPImporta.exe: 0000350C: 18:46:21 [TUniServerModule]:Server First Init.
ERPImporta.exe: 0000350C: 18:46:21 [TUniServerModule]:Start Path = C:\Projetos_WEB\ERP_Importa\
ERPImporta.exe: 0000350C: 18:46:21 [TUniServerModule]:Debug Mode = ON
ERPImporta.exe: 0000350C: 18:46:21 [TUniServerModule]:Starting HTTP Server on Port: 8077...
ERPImporta.exe: 0000350C: 18:46:21 [TUniServerModule]:HTTP Server Started on Port: 8077
ERPImporta.exe: 000015C8: 18:46:44 [[FireDAC][Phys][ODBC][Microsoft][SQL Server Native Client 11.0][SQL Server]Subquery returned more than 1 value. This is not permitted when the subquery follows =, !=, <, <= , >, >= or when the subquery is used as an expression.-127.0.0.1]:EMSSQLNativeException : [FireDAC][Phys][ODBC][Microsoft][SQL Server Native Client 11.0][SQL Server]Subquery returned more than 1 value. This is not permitted when the subquery follows =, !=, <, <= , >, >= or when the subquery is used as an expression. : Addr: $008E1D71
ERPImporta.exe: 00003620: 18:47:22 []:>--------------------------------------------------------------<
ERPImporta.exe: 00003620: 18:47:22 [TUniServerModule]:Server First Init.
ERPImporta.exe: 00003620: 18:47:22 [TUniServerModule]:Start Path = C:\Projetos_WEB\ERP_Importa\
ERPImporta.exe: 00003620: 18:47:22 [TUniServerModule]:Debug Mode = ON
ERPImporta.exe: 00003620: 18:47:22 [TUniGUISessionManager]:Cache erase job created, Folder count: [1]
ERPImporta.exe: 00003620: 18:47:22 [TUniServerModule]:Starting HTTP Server on Port: 8077...
ERPImporta.exe: 00003620: 18:47:22 [TUniServerModule]:HTTP Server Started on Port: 8077
ERPImporta.exe: 00002B1C: 18:47:23 [127.0.0.1]:EUniSessionException : Sessão inváilda ou tempo da sessão expirado. (Session not found: pJu6ktWMfx1113E88CD ) : Addr: $007D0FCC
ERPImporta.exe: 00002EEC: 18:47:35 [[FireDAC][Phys][ODBC][Microsoft][SQL Server Native Client 11.0][SQL Server]Subquery returned more than 1 value. This is not permitted when the subquery follows =, !=, <, <= , >, >= or when the subquery is used as an expression.-127.0.0.1]:EMSSQLNativeException : [FireDAC][Phys][ODBC][Microsoft][SQL Server Native Client 11.0][SQL Server]Subquery returned more than 1 value. This is not permitted when the subquery follows =, !=, <, <= , >, >= or when the subquery is used as an expression. : Addr: $008E1D71
ERPImporta.exe: 00000B20: 18:48:51 []:>--------------------------------------------------------------<
ERPImporta.exe: 00000B20: 18:48:51 [TUniServerModule]:Server First Init.
ERPImporta.exe: 00000B20: 18:48:51 [TUniServerModule]:Start Path = C:\Projetos_WEB\ERP_Importa\
ERPImporta.exe: 00000B20: 18:48:51 [TUniServerModule]:Debug Mode = ON
ERPImporta.exe: 00000B20: 18:48:51 [TUniServerModule]:Starting HTTP Server on Port: 8077...
ERPImporta.exe: 00000B20: 18:48:51 [TUniServerModule]:HTTP Server Started on Port: 8077
ERPImporta.exe: 00000C08: 18:49:21 [127.0.0.1]:EDatabaseError : Produtos: Field 'CSTPIS_Entrada' not found : Addr: $00657B36
ERPImporta.exe: 00000980: 18:52:41 []:>--------------------------------------------------------------<
ERPImporta.exe: 00000980: 18:52:41 [TUniServerModule]:Server First Init.
ERPImporta.exe: 00000980: 18:52:41 [TUniServerModule]:Start Path = C:\Projetos_WEB\ERP_Importa\
ERPImporta.exe: 00000980: 18:52:41 [TUniServerModule]:Debug Mode = ON
ERPImporta.exe: 00000980: 18:52:41 [TUniServerModule]:Starting HTTP Server on Port: 8077...
ERPImporta.exe: 00000980: 18:52:41 [TUniServerModule]:HTTP Server Started on Port: 8077
ERPImporta.exe: 000024C8: 18:52:53 [127.0.0.1]:EDatabaseError : Produtos: Field 'CSTPIS_Entrada' not found : Addr: $00657B36
ERPImporta.exe: 000024C8: 18:53:02 [127.0.0.1]:EDatabaseError : Produtos: Field 'CSTPIS_Entrada' not found : Addr: $00657B36
ERPImporta.exe: 00001CA8: 18:54:07 []:>--------------------------------------------------------------<
ERPImporta.exe: 00001CA8: 18:54:07 [TUniServerModule]:Server First Init.
ERPImporta.exe: 00001CA8: 18:54:07 [TUniServerModule]:Start Path = C:\Projetos_WEB\ERP_Importa\
ERPImporta.exe: 00001CA8: 18:54:07 [TUniServerModule]:Debug Mode = ON
ERPImporta.exe: 00001CA8: 18:54:08 [TUniServerModule]:Starting HTTP Server on Port: 8077...
ERPImporta.exe: 00001CA8: 18:54:08 [TUniServerModule]:HTTP Server Started on Port: 8077
ERPImporta.exe: 00000F38: 18:55:35 [127.0.0.1]:EDatabaseError : Produtos: Field 'CSTPIS_Entrada' not found : Addr: $00657B36
ERPImporta.exe: 00002F3C: 18:57:20 []:>--------------------------------------------------------------<
ERPImporta.exe: 00002F3C: 18:57:20 [TUniServerModule]:Server First Init.
ERPImporta.exe: 00002F3C: 18:57:20 [TUniServerModule]:Start Path = C:\Projetos_WEB\ERP_Importa\
ERPImporta.exe: 00002F3C: 18:57:20 [TUniServerModule]:Debug Mode = ON
ERPImporta.exe: 00002F3C: 18:57:20 [TUniGUISessionManager]:Cache erase job created, Folder count: [1]
ERPImporta.exe: 00002F3C: 18:57:21 [TUniServerModule]:Starting HTTP Server on Port: 8077...
ERPImporta.exe: 00002F3C: 18:57:21 [TUniServerModule]:HTTP Server Started on Port: 8077
ERPImporta.exe: 00000F40: 18:57:55 [127.0.0.1]:EDatabaseError : Produtos: Field 'CSTPIS_Entrada' not found : Addr: $00657B36
ERPImporta.exe: 00002880: 18:59:24 []:>--------------------------------------------------------------<
ERPImporta.exe: 00002880: 18:59:24 [TUniServerModule]:Server First Init.
ERPImporta.exe: 00002880: 18:59:24 [TUniServerModule]:Start Path = C:\Projetos_WEB\ERP_Importa\
ERPImporta.exe: 00002880: 18:59:24 [TUniServerModule]:Debug Mode = ON
ERPImporta.exe: 00002880: 18:59:24 [TUniServerModule]:Starting HTTP Server on Port: 8077...
ERPImporta.exe: 00002880: 18:59:24 [TUniServerModule]:HTTP Server Started on Port: 8077
ERPImporta.exe: 00001290: 18:59:52 [127.0.0.1]:EDatabaseError : Produtos: Field 'CSTPIS_Entrada' not found : Addr: $00657B36
ERPImporta.exe: 00002484: 19:01:46 []:>--------------------------------------------------------------<
ERPImporta.exe: 00002484: 19:01:46 [TUniServerModule]:Server First Init.
ERPImporta.exe: 00002484: 19:01:46 [TUniServerModule]:Start Path = C:\Projetos_WEB\ERP_Importa\
ERPImporta.exe: 00002484: 19:01:46 [TUniServerModule]:Debug Mode = ON
ERPImporta.exe: 00002484: 19:01:46 [TUniGUISessionManager]:Cache erase job created, Folder count: [1]
ERPImporta.exe: 00002484: 19:01:46 [TUniServerModule]:Starting HTTP Server on Port: 8077...
ERPImporta.exe: 00002484: 19:01:46 [TUniServerModule]:HTTP Server Started on Port: 8077
ERPImporta.exe: 00003584: 19:02:00 [127.0.0.1]:EDatabaseError : Produtos: Field 'CSTPIS_Entrada' not found : Addr: $00657B36
ERPImporta.exe: 0000095C: 19:08:01 []:>--------------------------------------------------------------<
ERPImporta.exe: 0000095C: 19:08:01 [TUniServerModule]:Server First Init.
ERPImporta.exe: 0000095C: 19:08:01 [TUniServerModule]:Start Path = C:\Projetos_WEB\ERP_Importa\
ERPImporta.exe: 0000095C: 19:08:01 [TUniServerModule]:Debug Mode = ON
ERPImporta.exe: 0000095C: 19:08:01 [TUniServerModule]:Starting HTTP Server on Port: 8077...
ERPImporta.exe: 0000095C: 19:08:02 [TUniServerModule]:HTTP Server Started on Port: 8077
ERPImporta.exe: 0000133C: 19:08:22 [127.0.0.1]:EDatabaseError : Produtos: Field 'CSTPIS_Entrada' not found : Addr: $00657B36
ERPImporta.exe: 0000133C: 19:08:28 [127.0.0.1]:EDatabaseError : Produtos: Field 'CSTPIS_Entrada' not found : Addr: $00657B36
ERPImporta.exe: 0000065C: 19:09:07 []:>--------------------------------------------------------------<
ERPImporta.exe: 0000065C: 19:09:07 [TUniServerModule]:Server First Init.
ERPImporta.exe: 0000065C: 19:09:07 [TUniServerModule]:Start Path = C:\Projetos_WEB\ERP_Importa\
ERPImporta.exe: 0000065C: 19:09:07 [TUniServerModule]:Debug Mode = ON
ERPImporta.exe: 0000065C: 19:09:08 [TUniServerModule]:Starting HTTP Server on Port: 8077...
ERPImporta.exe: 0000065C: 19:09:08 [TUniServerModule]:HTTP Server Started on Port: 8077
ERPImporta.exe: 00000F54: 19:09:29 [127.0.0.1]:EDatabaseError : Produtos: Field 'CSTPIS_Entrada' not found : Addr: $00657B36
ERPImporta.exe: 00001114: 19:09:55 []:>--------------------------------------------------------------<
ERPImporta.exe: 00001114: 19:09:55 [TUniServerModule]:Server First Init.
ERPImporta.exe: 00001114: 19:09:55 [TUniServerModule]:Start Path = C:\Projetos_WEB\ERP_Importa\
ERPImporta.exe: 00001114: 19:09:55 [TUniServerModule]:Debug Mode = ON
ERPImporta.exe: 00001114: 19:09:56 [TUniServerModule]:Starting HTTP Server on Port: 8077...
ERPImporta.exe: 00001114: 19:09:56 [TUniServerModule]:HTTP Server Started on Port: 8077
ERPImporta.exe: 00001458: 19:10:10 [127.0.0.1]:EDatabaseError : Produtos: Field 'CSTPIS_Entrada' not found : Addr: $00657B36
ERPImporta.exe: 00001458: 19:10:16 [127.0.0.1]:EDatabaseError : Produtos: Field 'CSTPIS_Entrada' not found : Addr: $00657B36
ERPImporta.exe: 00003614: 19:10:34 []:>--------------------------------------------------------------<
ERPImporta.exe: 00003614: 19:10:34 [TUniServerModule]:Server First Init.
ERPImporta.exe: 00003614: 19:10:34 [TUniServerModule]:Start Path = C:\Projetos_WEB\ERP_Importa\
ERPImporta.exe: 00003614: 19:10:34 [TUniServerModule]:Debug Mode = ON
ERPImporta.exe: 00003614: 19:10:34 [TUniServerModule]:Starting HTTP Server on Port: 8077...
ERPImporta.exe: 00003614: 19:10:34 [TUniServerModule]:HTTP Server Started on Port: 8077
ERPImporta.exe: 00001D68: 19:11:48 []:>--------------------------------------------------------------<
ERPImporta.exe: 00001D68: 19:11:48 [TUniServerModule]:Server First Init.
ERPImporta.exe: 00001D68: 19:11:48 [TUniServerModule]:Start Path = C:\Projetos_WEB\ERP_Importa\
ERPImporta.exe: 00001D68: 19:11:48 [TUniServerModule]:Debug Mode = ON
ERPImporta.exe: 00001D68: 19:11:48 [TUniServerModule]:Starting HTTP Server on Port: 8077...
ERPImporta.exe: 00001D68: 19:11:48 [TUniServerModule]:HTTP Server Started on Port: 8077
ERPImporta.exe: 000014D4: 19:19:24 []:>--------------------------------------------------------------<
ERPImporta.exe: 000014D4: 19:19:24 [TUniServerModule]:Server First Init.
ERPImporta.exe: 000014D4: 19:19:24 [TUniServerModule]:Start Path = C:\Projetos_WEB\ERP_Importa\
ERPImporta.exe: 000014D4: 19:19:24 [TUniServerModule]:Debug Mode = ON
ERPImporta.exe: 000014D4: 19:19:24 [TUniGUISessionManager]:Cache erase job created, Folder count: [1]
ERPImporta.exe: 000014D4: 19:19:24 [TUniServerModule]:Starting HTTP Server on Port: 8077...
ERPImporta.exe: 000014D4: 19:19:24 [TUniServerModule]:HTTP Server Started on Port: 8077
ERPImporta.exe: 0000219C: 19:19:31 [127.0.0.1]:EUniSessionException : Sessão inváilda ou tempo da sessão expirado. (Session not found: fFi7i5XKct1113E8FB3 ) : Addr: $007D0FCC
ERPImporta.exe: 00000114: 19:20:05 []:>--------------------------------------------------------------<
ERPImporta.exe: 00000114: 19:20:05 [TUniServerModule]:Server First Init.
ERPImporta.exe: 00000114: 19:20:05 [TUniServerModule]:Start Path = C:\Projetos_WEB\ERP_Importa\
ERPImporta.exe: 00000114: 19:20:05 [TUniServerModule]:Debug Mode = ON
ERPImporta.exe: 00000114: 19:20:05 [TUniServerModule]:Starting HTTP Server on Port: 8077...
ERPImporta.exe: 00000114: 19:20:05 [TUniServerModule]:HTTP Server Started on Port: 8077
ERPImporta.exe: 00002274: 19:20:51 []:>--------------------------------------------------------------<
ERPImporta.exe: 00002274: 19:20:51 [TUniServerModule]:Server First Init.
ERPImporta.exe: 00002274: 19:20:51 [TUniServerModule]:Start Path = C:\Projetos_WEB\ERP_Importa\
ERPImporta.exe: 00002274: 19:20:51 [TUniServerModule]:Debug Mode = ON
ERPImporta.exe: 00002274: 19:20:51 [TUniGUISessionManager]:Cache erase job created, Folder count: [1]
ERPImporta.exe: 00002274: 19:20:51 [TUniServerModule]:Starting HTTP Server on Port: 8077...
ERPImporta.exe: 00002274: 19:20:51 [TUniServerModule]:HTTP Server Started on Port: 8077
ERPImporta.exe: 000035D8: 19:20:51 [127.0.0.1]:EUniSessionException : Sessão inváilda ou tempo da sessão expirado. (Session not found: 9x6p2Havsl1113E91F3 ) : Addr: $007D0FCC
ERPImporta.exe: 000018C4: 19:20:52 [127.0.0.1]:EUniSessionException : Sessão inváilda ou tempo da sessão expirado. (Session not found: 9x6p2Havsl1113E91F3 ) : Addr: $007D0FCC
ERPImporta.exe: 00001CCC: 19:20:52 [127.0.0.1]:EUniSessionException : Sessão inváilda ou tempo da sessão expirado. (Session not found: 9x6p2Havsl1113E91F3 ) : Addr: $007D0FCC
ERPImporta.exe: 00000C9C: 19:20:52 [127.0.0.1]:EUniSessionException : Sessão inváilda ou tempo da sessão expirado. (Session not found: 9x6p2Havsl1113E91F3 ) : Addr: $007D0FCC
ERPImporta.exe: 00003198: 19:22:27 []:>--------------------------------------------------------------<
ERPImporta.exe: 00003198: 19:22:27 [TUniServerModule]:Server First Init.
ERPImporta.exe: 00003198: 19:22:27 [TUniServerModule]:Start Path = C:\Projetos_WEB\ERP_Importa\
ERPImporta.exe: 00003198: 19:22:27 [TUniServerModule]:Debug Mode = ON
ERPImporta.exe: 00003198: 19:22:27 [TUniServerModule]:Starting HTTP Server on Port: 8077...
ERPImporta.exe: 00003198: 19:22:27 [TUniServerModule]:HTTP Server Started on Port: 8077
ERPImporta.exe: 000018D0: 19:23:11 []:>--------------------------------------------------------------<
ERPImporta.exe: 000018D0: 19:23:11 [TUniServerModule]:Server First Init.
ERPImporta.exe: 000018D0: 19:23:11 [TUniServerModule]:Start Path = C:\Projetos_WEB\ERP_Importa\
ERPImporta.exe: 000018D0: 19:23:11 [TUniServerModule]:Debug Mode = ON
ERPImporta.exe: 000018D0: 19:23:11 [TUniServerModule]:Starting HTTP Server on Port: 8077...
ERPImporta.exe: 000018D0: 19:23:11 [TUniServerModule]:HTTP Server Started on Port: 8077
ERPImporta.exe: 000016E8: 19:23:25 [127.0.0.1]:EAccessViolation : Access violation at address 00BE1D0F in module 'ERPImporta.exe'. Read of address 00000000 : Addr: $00BE1D0F
ERPImporta.exe: 00001E7C: 19:25:18 []:>--------------------------------------------------------------<
ERPImporta.exe: 00001E7C: 19:25:18 [TUniServerModule]:Server First Init.
ERPImporta.exe: 00001E7C: 19:25:18 [TUniServerModule]:Start Path = C:\Projetos_WEB\ERP_Importa\
ERPImporta.exe: 00001E7C: 19:25:18 [TUniServerModule]:Debug Mode = ON
ERPImporta.exe: 00001E7C: 19:25:18 [TUniServerModule]:Starting HTTP Server on Port: 8077...
ERPImporta.exe: 00001E7C: 19:25:18 [TUniServerModule]:HTTP Server Started on Port: 8077
ERPImporta.exe: 00001114: 19:25:35 [127.0.0.1]:EAccessViolation : Access violation at address 00BE1AF1 in module 'ERPImporta.exe'. Read of address 00000000 : Addr: $00BE1AF1
ERPImporta.exe: 00000864: 19:25:49 []:>--------------------------------------------------------------<
ERPImporta.exe: 00000864: 19:25:49 [TUniServerModule]:Server First Init.
ERPImporta.exe: 00000864: 19:25:49 [TUniServerModule]:Start Path = C:\Projetos_WEB\ERP_Importa\
ERPImporta.exe: 00000864: 19:25:49 [TUniServerModule]:Debug Mode = ON
ERPImporta.exe: 00000864: 19:25:49 [TUniServerModule]:Starting HTTP Server on Port: 8077...
ERPImporta.exe: 00000864: 19:25:50 [TUniServerModule]:HTTP Server Started on Port: 8077
ERPImporta.exe: 00001398: 19:26:09 [127.0.0.1]:EAccessViolation : Access violation at address 00BE1AF1 in module 'ERPImporta.exe'. Read of address 00000000 : Addr: $00BE1AF1
ERPImporta.exe: 00003478: 19:26:38 []:>--------------------------------------------------------------<
ERPImporta.exe: 00003478: 19:26:38 [TUniServerModule]:Server First Init.
ERPImporta.exe: 00003478: 19:26:38 [TUniServerModule]:Start Path = C:\Projetos_WEB\ERP_Importa\
ERPImporta.exe: 00003478: 19:26:38 [TUniServerModule]:Debug Mode = ON
ERPImporta.exe: 00003478: 19:26:39 [TUniServerModule]:Starting HTTP Server on Port: 8077...
ERPImporta.exe: 00003478: 19:26:39 [TUniServerModule]:HTTP Server Started on Port: 8077
ERPImporta.exe: 00003154: 19:26:52 [127.0.0.1]:EAccessViolation : Access violation at address 00BE1AF2 in module 'ERPImporta.exe'. Read of address 00000000 : Addr: $00BE1AF2
ERPImporta.exe: 00002544: 19:27:26 []:>--------------------------------------------------------------<
ERPImporta.exe: 00002544: 19:27:26 [TUniServerModule]:Server First Init.
ERPImporta.exe: 00002544: 19:27:26 [TUniServerModule]:Start Path = C:\Projetos_WEB\ERP_Importa\
ERPImporta.exe: 00002544: 19:27:26 [TUniServerModule]:Debug Mode = ON
ERPImporta.exe: 00002544: 19:27:27 [TUniServerModule]:Starting HTTP Server on Port: 8077...
ERPImporta.exe: 00002544: 19:27:27 [TUniServerModule]:HTTP Server Started on Port: 8077
ERPImporta.exe: 00002628: 19:27:44 [127.0.0.1]:EAccessViolation : Access violation at address 00BE1D09 in module 'ERPImporta.exe'. Read of address 00000008 : Addr: $00BE1D09
ERPImporta.exe: 000008D8: 19:28:49 []:>--------------------------------------------------------------<
ERPImporta.exe: 000008D8: 19:28:49 [TUniServerModule]:Server First Init.
ERPImporta.exe: 000008D8: 19:28:49 [TUniServerModule]:Start Path = C:\Projetos_WEB\ERP_Importa\
ERPImporta.exe: 000008D8: 19:28:49 [TUniServerModule]:Debug Mode = ON
ERPImporta.exe: 000008D8: 19:28:49 [TUniServerModule]:Starting HTTP Server on Port: 8077...
ERPImporta.exe: 000008D8: 19:28:49 [TUniServerModule]:HTTP Server Started on Port: 8077
ERPImporta.exe: 000026E0: 19:29:02 [127.0.0.1]:EAccessViolation : Access violation at address 00BE1D0D in module 'ERPImporta.exe'. Read of address 00000000 : Addr: $00BE1D0D
ERPImporta.exe: 0000263C: 19:32:25 []:>--------------------------------------------------------------<
ERPImporta.exe: 0000263C: 19:32:25 [TUniServerModule]:Server First Init.
ERPImporta.exe: 0000263C: 19:32:25 [TUniServerModule]:Start Path = C:\Projetos_WEB\ERP_Importa\
ERPImporta.exe: 0000263C: 19:32:25 [TUniServerModule]:Debug Mode = ON
ERPImporta.exe: 0000263C: 19:32:25 [TUniServerModule]:Starting HTTP Server on Port: 8077...
ERPImporta.exe: 0000263C: 19:32:25 [TUniServerModule]:HTTP Server Started on Port: 8077
ERPImporta.exe: 00001FC4: 19:32:58 []:>--------------------------------------------------------------<
ERPImporta.exe: 00001FC4: 19:32:58 [TUniServerModule]:Server First Init.
ERPImporta.exe: 00001FC4: 19:32:58 [TUniServerModule]:Start Path = C:\Projetos_WEB\ERP_Importa\
ERPImporta.exe: 00001FC4: 19:32:58 [TUniServerModule]:Debug Mode = ON
ERPImporta.exe: 00001FC4: 19:32:59 [TUniServerModule]:Starting HTTP Server on Port: 8077...
ERPImporta.exe: 00001FC4: 19:32:59 [TUniServerModule]:HTTP Server Started on Port: 8077
ERPImporta.exe: 00000D40: 19:39:17 []:>--------------------------------------------------------------<
ERPImporta.exe: 00000D40: 19:39:17 [TUniServerModule]:Server First Init.
ERPImporta.exe: 00000D40: 19:39:17 [TUniServerModule]:Start Path = C:\Projetos_WEB\ERP_Importa\
ERPImporta.exe: 00000D40: 19:39:17 [TUniServerModule]:Debug Mode = ON
ERPImporta.exe: 00000D40: 19:39:17 [TUniServerModule]:Starting HTTP Server on Port: 8077...
ERPImporta.exe: 00000D40: 19:39:17 [TUniServerModule]:HTTP Server Started on Port: 8077
ERPImporta.exe: 00003770: 19:39:33 [127.0.0.1]:EAccessViolation : Access violation at address 00BE1D1B in module 'ERPImporta.exe'. Read of address 00000000 : Addr: $00BE1D1B
ERPImporta.exe: 000025C8: 19:41:46 []:>--------------------------------------------------------------<
ERPImporta.exe: 000025C8: 19:41:46 [TUniServerModule]:Server First Init.
ERPImporta.exe: 000025C8: 19:41:46 [TUniServerModule]:Start Path = C:\Projetos_WEB\ERP_Importa\
ERPImporta.exe: 000025C8: 19:41:46 [TUniServerModule]:Debug Mode = ON
ERPImporta.exe: 000025C8: 19:41:46 [TUniGUISessionManager]:Cache erase job created, Folder count: [1]
ERPImporta.exe: 000025C8: 19:41:47 [TUniServerModule]:Starting HTTP Server on Port: 8077...
ERPImporta.exe: 000025C8: 19:41:47 [TUniServerModule]:HTTP Server Started on Port: 8077
ERPImporta.exe: 00001798: 19:42:10 [127.0.0.1]:EAccessViolation : Access violation at address 00BE1D1B in module 'ERPImporta.exe'. Read of address 00000000 : Addr: $00BE1D1B
ERPImporta.exe: 00001798: 19:42:21 [127.0.0.1]:EAccessViolation : Access violation at address 00BE1D1B in module 'ERPImporta.exe'. Read of address 00000000 : Addr: $00BE1D1B
ERPImporta.exe: 00001244: 19:43:18 []:>--------------------------------------------------------------<
ERPImporta.exe: 00001244: 19:43:18 [TUniServerModule]:Server First Init.
ERPImporta.exe: 00001244: 19:43:18 [TUniServerModule]:Start Path = C:\Projetos_WEB\ERP_Importa\
ERPImporta.exe: 00001244: 19:43:18 [TUniServerModule]:Debug Mode = ON
ERPImporta.exe: 00001244: 19:43:19 [TUniServerModule]:Starting HTTP Server on Port: 8077...
ERPImporta.exe: 00001244: 19:43:19 [TUniServerModule]:HTTP Server Started on Port: 8077
ERPImporta.exe: 00003488: 19:44:27 []:>--------------------------------------------------------------<
ERPImporta.exe: 00003488: 19:44:27 [TUniServerModule]:Server First Init.
ERPImporta.exe: 00003488: 19:44:27 [TUniServerModule]:Start Path = C:\Projetos_WEB\ERP_Importa\
ERPImporta.exe: 00003488: 19:44:27 [TUniServerModule]:Debug Mode = ON
ERPImporta.exe: 00003488: 19:44:27 [TUniServerModule]:Starting HTTP Server on Port: 8077...
ERPImporta.exe: 00003488: 19:44:27 [TUniServerModule]:HTTP Server Started on Port: 8077
ERPImporta.exe: 000020CC: 19:45:15 []:>--------------------------------------------------------------<
ERPImporta.exe: 000020CC: 19:45:15 [TUniServerModule]:Server First Init.
ERPImporta.exe: 000020CC: 19:45:15 [TUniServerModule]:Start Path = C:\Projetos_WEB\ERP_Importa\
ERPImporta.exe: 000020CC: 19:45:15 [TUniServerModule]:Debug Mode = ON
ERPImporta.exe: 000020CC: 19:45:15 [TUniGUISessionManager]:Cache erase job created, Folder count: [1]
ERPImporta.exe: 000020CC: 19:45:15 [TUniServerModule]:Starting HTTP Server on Port: 8077...
ERPImporta.exe: 000020CC: 19:45:15 [TUniServerModule]:HTTP Server Started on Port: 8077
ERPImporta.exe: 00001780: 19:46:15 []:>--------------------------------------------------------------<
ERPImporta.exe: 00001780: 19:46:15 [TUniServerModule]:Server First Init.
ERPImporta.exe: 00001780: 19:46:15 [TUniServerModule]:Start Path = C:\Projetos_WEB\ERP_Importa\
ERPImporta.exe: 00001780: 19:46:15 [TUniServerModule]:Debug Mode = ON
ERPImporta.exe: 00001780: 19:46:16 [TUniServerModule]:Starting HTTP Server on Port: 8077...
ERPImporta.exe: 00001780: 19:46:16 [TUniServerModule]:HTTP Server Started on Port: 8077
ERPImporta.exe: 00002A70: 19:46:57 []:>--------------------------------------------------------------<
ERPImporta.exe: 00002A70: 19:46:57 [TUniServerModule]:Server First Init.
ERPImporta.exe: 00002A70: 19:46:57 [TUniServerModule]:Start Path = C:\Projetos_WEB\ERP_Importa\
ERPImporta.exe: 00002A70: 19:46:57 [TUniServerModule]:Debug Mode = ON
ERPImporta.exe: 00002A70: 19:46:57 [TUniGUISessionManager]:Cache erase job created, Folder count: [1]
ERPImporta.exe: 00002A70: 19:46:58 [TUniServerModule]:Starting HTTP Server on Port: 8077...
ERPImporta.exe: 00002A70: 19:46:58 [TUniServerModule]:HTTP Server Started on Port: 8077
ERPImporta.exe: 00001480: 19:47:52 []:>--------------------------------------------------------------<
ERPImporta.exe: 00001480: 19:47:52 [TUniServerModule]:Server First Init.
ERPImporta.exe: 00001480: 19:47:52 [TUniServerModule]:Start Path = C:\Projetos_WEB\ERP_Importa\
ERPImporta.exe: 00001480: 19:47:52 [TUniServerModule]:Debug Mode = ON
ERPImporta.exe: 00001480: 19:47:52 [TUniServerModule]:Starting HTTP Server on Port: 8077...
ERPImporta.exe: 00001480: 19:47:52 [TUniServerModule]:HTTP Server Started on Port: 8077
ERPImporta.exe: 000013DC: 19:49:46 []:>--------------------------------------------------------------<
ERPImporta.exe: 000013DC: 19:49:46 [TUniServerModule]:Server First Init.
ERPImporta.exe: 000013DC: 19:49:46 [TUniServerModule]:Start Path = C:\Projetos_WEB\ERP_Importa\
ERPImporta.exe: 000013DC: 19:49:46 [TUniServerModule]:Debug Mode = ON
ERPImporta.exe: 000013DC: 19:49:46 [TUniServerModule]:Starting HTTP Server on Port: 8077...
ERPImporta.exe: 000013DC: 19:49:46 [TUniServerModule]:HTTP Server Started on Port: 8077
