ERPImporta.exe: 00003810: 08:23:01 []:>--------------------------------------------------------------<
ERPImporta.exe: 00003810: 08:23:01 [TUniServerModule]:Server First Init.
ERPImporta.exe: 00003810: 08:23:01 [TUniServerModule]:Start Path = D:\Projetos_WEB\ERP_Importa\
ERPImporta.exe: 00003810: 08:23:01 [TUniServerModule]:Debug Mode = ON
ERPImporta.exe: 00003810: 08:23:01 [TUniGUISessionManager]:Cache erase job created, Folder count: [1]
ERPImporta.exe: 00003810: 08:23:04 [TUniServerModule]:Starting HTTP Server on Port: 8077...
ERPImporta.exe: 00003810: 08:23:04 [TUniServerModule]:HTTP Server Started on Port: 8077
ERPImporta.exe: 00004C64: 08:25:27 []:>--------------------------------------------------------------<
ERPImporta.exe: 00004C64: 08:25:27 [TUniServerModule]:Server First Init.
ERPImporta.exe: 00004C64: 08:25:27 [TUniServerModule]:Start Path = D:\Projetos_WEB\ERP_Importa\
ERPImporta.exe: 00004C64: 08:25:27 [TUniServerModule]:Debug Mode = ON
ERPImporta.exe: 00004C64: 08:25:29 [TUniServerModule]:Starting HTTP Server on Port: 8077...
ERPImporta.exe: 00004C64: 08:25:29 [TUniServerModule]:HTTP Server Started on Port: 8077
ERPImporta.exe: 00001DA0: 08:28:20 [127.0.0.1]:EDatabaseError : PedidosNFItens: Dataset not in edit or insert mode : Addr: $00657AAE
ERPImporta.exe: 00001A98: 08:29:12 []:>--------------------------------------------------------------<
ERPImporta.exe: 00001A98: 08:29:12 [TUniServerModule]:Server First Init.
ERPImporta.exe: 00001A98: 08:29:12 [TUniServerModule]:Start Path = D:\Projetos_WEB\ERP_Importa\
ERPImporta.exe: 00001A98: 08:29:12 [TUniServerModule]:Debug Mode = ON
ERPImporta.exe: 00001A98: 08:29:14 [TUniServerModule]:Starting HTTP Server on Port: 8077...
ERPImporta.exe: 00001A98: 08:29:14 [TUniServerModule]:HTTP Server Started on Port: 8077
ERPImporta.exe: 00004F1C: 09:28:46 []:>--------------------------------------------------------------<
ERPImporta.exe: 00004F1C: 09:28:46 [TUniServerModule]:Server First Init.
ERPImporta.exe: 00004F1C: 09:28:46 [TUniServerModule]:Start Path = D:\Projetos_WEB\ERP_Importa\
ERPImporta.exe: 00004F1C: 09:28:46 [TUniServerModule]:Debug Mode = ON
ERPImporta.exe: 00004F1C: 09:28:47 [TUniServerModule]:Starting HTTP Server on Port: 8077...
ERPImporta.exe: 00004F1C: 09:28:48 [TUniServerModule]:HTTP Server Started on Port: 8077
ERPImporta.exe: 000026E4: 09:49:34 []:>--------------------------------------------------------------<
ERPImporta.exe: 000026E4: 09:49:34 [TUniServerModule]:Server First Init.
ERPImporta.exe: 000026E4: 09:49:34 [TUniServerModule]:Start Path = D:\Projetos_WEB\ERP_Importa\
ERPImporta.exe: 000026E4: 09:49:34 [TUniServerModule]:Debug Mode = ON
ERPImporta.exe: 000026E4: 09:49:37 [TUniServerModule]:Starting HTTP Server on Port: 8077...
ERPImporta.exe: 000026E4: 09:49:37 [TUniServerModule]:HTTP Server Started on Port: 8077
ERPImporta.exe: 00000594: 09:50:48 [127.0.0.1]:EDatabaseError : DUIMP: Field 'Pedido' not found : Addr: $00657AAE
ERPImporta.exe: 00003670: 09:56:44 []:>--------------------------------------------------------------<
ERPImporta.exe: 00003670: 09:56:44 [TUniServerModule]:Server First Init.
ERPImporta.exe: 00003670: 09:56:44 [TUniServerModule]:Start Path = D:\Projetos_WEB\ERP_Importa\
ERPImporta.exe: 00003670: 09:56:44 [TUniServerModule]:Debug Mode = ON
ERPImporta.exe: 00003670: 09:56:46 [TUniServerModule]:Starting HTTP Server on Port: 8077...
ERPImporta.exe: 00003670: 09:56:46 [TUniServerModule]:HTTP Server Started on Port: 8077
ERPImporta.exe: 00000C14: 10:08:33 []:>--------------------------------------------------------------<
ERPImporta.exe: 00000C14: 10:08:33 [TUniServerModule]:Server First Init.
ERPImporta.exe: 00000C14: 10:08:33 [TUniServerModule]:Start Path = D:\Projetos_WEB\ERP_Importa\
ERPImporta.exe: 00000C14: 10:08:33 [TUniServerModule]:Debug Mode = ON
ERPImporta.exe: 00000C14: 10:08:35 [TUniServerModule]:Starting HTTP Server on Port: 8077...
ERPImporta.exe: 00000C14: 10:08:35 [TUniServerModule]:HTTP Server Started on Port: 8077
ERPImporta.exe: 00000FBC: 10:10:06 []:>--------------------------------------------------------------<
ERPImporta.exe: 00000FBC: 10:10:06 [TUniServerModule]:Server First Init.
ERPImporta.exe: 00000FBC: 10:10:06 [TUniServerModule]:Start Path = D:\Projetos_WEB\ERP_Importa\
ERPImporta.exe: 00000FBC: 10:10:06 [TUniServerModule]:Debug Mode = ON
ERPImporta.exe: 00000FBC: 10:10:06 [TUniGUISessionManager]:Cache erase job created, Folder count: [1]
ERPImporta.exe: 00000FBC: 10:10:08 [TUniServerModule]:Starting HTTP Server on Port: 8077...
ERPImporta.exe: 00000FBC: 10:10:08 [TUniServerModule]:HTTP Server Started on Port: 8077
ERPImporta.exe: 00003820: 10:12:42 []:>--------------------------------------------------------------<
ERPImporta.exe: 00003820: 10:12:42 [TUniServerModule]:Server First Init.
ERPImporta.exe: 00003820: 10:12:42 [TUniServerModule]:Start Path = D:\Projetos_WEB\ERP_Importa\
ERPImporta.exe: 00003820: 10:12:42 [TUniServerModule]:Debug Mode = ON
ERPImporta.exe: 00003820: 10:12:42 [TUniGUISessionManager]:Cache erase job created, Folder count: [1]
ERPImporta.exe: 00003820: 10:12:44 [TUniServerModule]:Starting HTTP Server on Port: 8077...
ERPImporta.exe: 00003820: 10:12:44 [TUniServerModule]:HTTP Server Started on Port: 8077
ERPImporta.exe: 000035AC: 10:16:13 []:>--------------------------------------------------------------<
ERPImporta.exe: 000035AC: 10:16:13 [TUniServerModule]:Server First Init.
ERPImporta.exe: 000035AC: 10:16:13 [TUniServerModule]:Start Path = D:\Projetos_WEB\ERP_Importa\
ERPImporta.exe: 000035AC: 10:16:13 [TUniServerModule]:Debug Mode = ON
ERPImporta.exe: 000035AC: 10:16:15 [TUniServerModule]:Starting HTTP Server on Port: 8077...
ERPImporta.exe: 000035AC: 10:16:15 [TUniServerModule]:HTTP Server Started on Port: 8077
ERPImporta.exe: 00004FE8: 10:20:10 []:>--------------------------------------------------------------<
ERPImporta.exe: 00004FE8: 10:20:10 [TUniServerModule]:Server First Init.
ERPImporta.exe: 00004FE8: 10:20:10 [TUniServerModule]:Start Path = D:\Projetos_WEB\ERP_Importa\
ERPImporta.exe: 00004FE8: 10:20:10 [TUniServerModule]:Debug Mode = ON
ERPImporta.exe: 00004FE8: 10:20:10 [TUniGUISessionManager]:Cache erase job created, Folder count: [1]
ERPImporta.exe: 00004FE8: 10:20:12 [TUniServerModule]:Starting HTTP Server on Port: 8077...
ERPImporta.exe: 00004FE8: 10:20:12 [TUniServerModule]:HTTP Server Started on Port: 8077
ERPImporta.exe: 00002118: 10:21:37 []:>--------------------------------------------------------------<
ERPImporta.exe: 00002118: 10:21:37 [TUniServerModule]:Server First Init.
ERPImporta.exe: 00002118: 10:21:37 [TUniServerModule]:Start Path = D:\Projetos_WEB\ERP_Importa\
ERPImporta.exe: 00002118: 10:21:37 [TUniServerModule]:Debug Mode = ON
ERPImporta.exe: 00002118: 10:21:37 [TUniGUISessionManager]:Cache erase job created, Folder count: [1]
ERPImporta.exe: 00002118: 10:21:39 [TUniServerModule]:Starting HTTP Server on Port: 8077...
ERPImporta.exe: 00002118: 10:21:39 [TUniServerModule]:HTTP Server Started on Port: 8077
ERPImporta.exe: 00003C70: 10:23:04 []:>--------------------------------------------------------------<
ERPImporta.exe: 00003C70: 10:23:04 [TUniServerModule]:Server First Init.
ERPImporta.exe: 00003C70: 10:23:04 [TUniServerModule]:Start Path = D:\Projetos_WEB\ERP_Importa\
ERPImporta.exe: 00003C70: 10:23:04 [TUniServerModule]:Debug Mode = ON
ERPImporta.exe: 00003C70: 10:23:04 [TUniGUISessionManager]:Cache erase job created, Folder count: [1]
ERPImporta.exe: 00003C70: 10:23:06 [TUniServerModule]:Starting HTTP Server on Port: 8077...
ERPImporta.exe: 00003C70: 10:23:06 [TUniServerModule]:HTTP Server Started on Port: 8077
ERPImporta.exe: 00003350: 10:30:07 []:>--------------------------------------------------------------<
ERPImporta.exe: 00003350: 10:30:07 [TUniServerModule]:Server First Init.
ERPImporta.exe: 00003350: 10:30:07 [TUniServerModule]:Start Path = D:\Projetos_WEB\ERP_Importa\
ERPImporta.exe: 00003350: 10:30:07 [TUniServerModule]:Debug Mode = ON
ERPImporta.exe: 00003350: 10:30:07 [TUniGUISessionManager]:Cache erase job created, Folder count: [1]
ERPImporta.exe: 00003350: 10:30:09 [TUniServerModule]:Starting HTTP Server on Port: 8077...
ERPImporta.exe: 00003350: 10:30:09 [TUniServerModule]:HTTP Server Started on Port: 8077
ERPImporta.exe: 00001C08: 10:31:47 []:>--------------------------------------------------------------<
ERPImporta.exe: 00001C08: 10:31:47 [TUniServerModule]:Server First Init.
ERPImporta.exe: 00001C08: 10:31:47 [TUniServerModule]:Start Path = D:\Projetos_WEB\ERP_Importa\
ERPImporta.exe: 00001C08: 10:31:47 [TUniServerModule]:Debug Mode = ON
ERPImporta.exe: 00001C08: 10:31:48 [TUniServerModule]:Starting HTTP Server on Port: 8077...
ERPImporta.exe: 00001C08: 10:31:48 [TUniServerModule]:HTTP Server Started on Port: 8077
ERPImporta.exe: 000047B4: 10:33:10 []:>--------------------------------------------------------------<
ERPImporta.exe: 000047B4: 10:33:10 [TUniServerModule]:Server First Init.
ERPImporta.exe: 000047B4: 10:33:10 [TUniServerModule]:Start Path = D:\Projetos_WEB\ERP_Importa\
ERPImporta.exe: 000047B4: 10:33:10 [TUniServerModule]:Debug Mode = ON
ERPImporta.exe: 000047B4: 10:33:10 [TUniGUISessionManager]:Cache erase job created, Folder count: [1]
ERPImporta.exe: 000047B4: 10:33:12 [TUniServerModule]:Starting HTTP Server on Port: 8077...
ERPImporta.exe: 000047B4: 10:33:12 [TUniServerModule]:HTTP Server Started on Port: 8077
ERPImporta.exe: 00004B9C: 10:34:14 []:>--------------------------------------------------------------<
ERPImporta.exe: 00004B9C: 10:34:14 [TUniServerModule]:Server First Init.
ERPImporta.exe: 00004B9C: 10:34:14 [TUniServerModule]:Start Path = D:\Projetos_WEB\ERP_Importa\
ERPImporta.exe: 00004B9C: 10:34:14 [TUniServerModule]:Debug Mode = ON
ERPImporta.exe: 00004B9C: 10:34:15 [TUniServerModule]:Starting HTTP Server on Port: 8077...
ERPImporta.exe: 00004B9C: 10:34:16 [TUniServerModule]:HTTP Server Started on Port: 8077
ERPImporta.exe: 000037A8: 10:40:03 []:>--------------------------------------------------------------<
ERPImporta.exe: 000037A8: 10:40:03 [TUniServerModule]:Server First Init.
ERPImporta.exe: 000037A8: 10:40:03 [TUniServerModule]:Start Path = D:\Projetos_WEB\ERP_Importa\
ERPImporta.exe: 000037A8: 10:40:03 [TUniServerModule]:Debug Mode = ON
ERPImporta.exe: 000037A8: 10:40:05 [TUniServerModule]:Starting HTTP Server on Port: 8077...
ERPImporta.exe: 000037A8: 10:40:05 [TUniServerModule]:HTTP Server Started on Port: 8077
ERPImporta.exe: 00000B24: 10:41:40 []:>--------------------------------------------------------------<
ERPImporta.exe: 00000B24: 10:41:40 [TUniServerModule]:Server First Init.
ERPImporta.exe: 00000B24: 10:41:40 [TUniServerModule]:Start Path = D:\Projetos_WEB\ERP_Importa\
ERPImporta.exe: 00000B24: 10:41:40 [TUniServerModule]:Debug Mode = ON
ERPImporta.exe: 00000B24: 10:41:40 [TUniGUISessionManager]:Cache erase job created, Folder count: [1]
ERPImporta.exe: 00000B24: 10:41:42 [TUniServerModule]:Starting HTTP Server on Port: 8077...
ERPImporta.exe: 00000B24: 10:41:42 [TUniServerModule]:HTTP Server Started on Port: 8077
ERPImporta.exe: 00003E5C: 10:44:15 []:>--------------------------------------------------------------<
ERPImporta.exe: 00003E5C: 10:44:15 [TUniServerModule]:Server First Init.
ERPImporta.exe: 00003E5C: 10:44:15 [TUniServerModule]:Start Path = D:\Projetos_WEB\ERP_Importa\
ERPImporta.exe: 00003E5C: 10:44:15 [TUniServerModule]:Debug Mode = ON
ERPImporta.exe: 00003E5C: 10:44:17 [TUniServerModule]:Starting HTTP Server on Port: 8077...
ERPImporta.exe: 00003E5C: 10:44:17 [TUniServerModule]:HTTP Server Started on Port: 8077
ERPImporta.exe: 00004494: 10:52:21 []:>--------------------------------------------------------------<
ERPImporta.exe: 00004494: 10:52:21 [TUniServerModule]:Server First Init.
ERPImporta.exe: 00004494: 10:52:21 [TUniServerModule]:Start Path = D:\Projetos_WEB\ERP_Importa\
ERPImporta.exe: 00004494: 10:52:21 [TUniServerModule]:Debug Mode = ON
ERPImporta.exe: 00004494: 10:52:23 [TUniServerModule]:Starting HTTP Server on Port: 8077...
ERPImporta.exe: 00004494: 10:52:23 [TUniServerModule]:HTTP Server Started on Port: 8077
ERPImporta.exe: 0000431C: 10:52:51 [127.0.0.1]:EMSSQLNativeException : [FireDAC][Phys][ODBC][Microsoft][SQL Server Native Client 11.0][SQL Server]The multi-part identifier "adi.Codigo_Mercadoria" could not be bound. : Addr: $008E1CE9
ERPImporta.exe: 0000431C: 10:53:15 [127.0.0.1]:EMSSQLNativeException : [FireDAC][Phys][ODBC][Microsoft][SQL Server Native Client 11.0][SQL Server]The multi-part identifier "adi.Codigo_Mercadoria" could not be bound. : Addr: $008E1CE9
ERPImporta.exe: 000016E0: 10:54:07 []:>--------------------------------------------------------------<
ERPImporta.exe: 000016E0: 10:54:07 [TUniServerModule]:Server First Init.
ERPImporta.exe: 000016E0: 10:54:07 [TUniServerModule]:Start Path = D:\Projetos_WEB\ERP_Importa\
ERPImporta.exe: 000016E0: 10:54:07 [TUniServerModule]:Debug Mode = ON
ERPImporta.exe: 000016E0: 10:54:07 [TUniGUISessionManager]:Cache erase job created, Folder count: [1]
ERPImporta.exe: 000016E0: 10:54:09 [TUniServerModule]:Starting HTTP Server on Port: 8077...
ERPImporta.exe: 000016E0: 10:54:09 [TUniServerModule]:HTTP Server Started on Port: 8077
ERPImporta.exe: 00003054: 10:56:18 []:>--------------------------------------------------------------<
ERPImporta.exe: 00003054: 10:56:18 [TUniServerModule]:Server First Init.
ERPImporta.exe: 00003054: 10:56:18 [TUniServerModule]:Start Path = D:\Projetos_WEB\ERP_Importa\
ERPImporta.exe: 00003054: 10:56:18 [TUniServerModule]:Debug Mode = ON
ERPImporta.exe: 00003054: 10:56:18 [TUniGUISessionManager]:Cache erase job created, Folder count: [1]
ERPImporta.exe: 00003054: 10:56:20 [TUniServerModule]:Starting HTTP Server on Port: 8077...
ERPImporta.exe: 00003054: 10:56:20 [TUniServerModule]:HTTP Server Started on Port: 8077
ERPImporta.exe: 00004EC0: 11:02:17 []:>--------------------------------------------------------------<
ERPImporta.exe: 00004EC0: 11:02:17 [TUniServerModule]:Server First Init.
ERPImporta.exe: 00004EC0: 11:02:17 [TUniServerModule]:Start Path = D:\Projetos_WEB\ERP_Importa\
ERPImporta.exe: 00004EC0: 11:02:17 [TUniServerModule]:Debug Mode = ON
ERPImporta.exe: 00004EC0: 11:02:18 [TUniServerModule]:Starting HTTP Server on Port: 8077...
ERPImporta.exe: 00004EC0: 11:02:19 [TUniServerModule]:HTTP Server Started on Port: 8077
ERPImporta.exe: 00004168: 11:03:05 []:>--------------------------------------------------------------<
ERPImporta.exe: 00004168: 11:03:05 [TUniServerModule]:Server First Init.
ERPImporta.exe: 00004168: 11:03:05 [TUniServerModule]:Start Path = D:\Projetos_WEB\ERP_Importa\
ERPImporta.exe: 00004168: 11:03:05 [TUniServerModule]:Debug Mode = ON
ERPImporta.exe: 00004168: 11:03:05 [TUniGUISessionManager]:Cache erase job created, Folder count: [1]
ERPImporta.exe: 00004168: 11:03:07 [TUniServerModule]:Starting HTTP Server on Port: 8077...
ERPImporta.exe: 00004168: 11:03:07 [TUniServerModule]:HTTP Server Started on Port: 8077
ERPImporta.exe: 00004634: 11:03:46 []:>--------------------------------------------------------------<
ERPImporta.exe: 00004634: 11:03:46 [TUniServerModule]:Server First Init.
ERPImporta.exe: 00004634: 11:03:46 [TUniServerModule]:Start Path = D:\Projetos_WEB\ERP_Importa\
ERPImporta.exe: 00004634: 11:03:46 [TUniServerModule]:Debug Mode = ON
ERPImporta.exe: 00004634: 11:03:46 [TUniGUISessionManager]:Cache erase job created, Folder count: [1]
ERPImporta.exe: 00004634: 11:03:48 [TUniServerModule]:Starting HTTP Server on Port: 8077...
ERPImporta.exe: 00004634: 11:03:48 [TUniServerModule]:HTTP Server Started on Port: 8077
ERPImporta.exe: 0000164C: 11:04:42 []:>--------------------------------------------------------------<
ERPImporta.exe: 0000164C: 11:04:42 [TUniServerModule]:Server First Init.
ERPImporta.exe: 0000164C: 11:04:42 [TUniServerModule]:Start Path = D:\Projetos_WEB\ERP_Importa\
ERPImporta.exe: 0000164C: 11:04:42 [TUniServerModule]:Debug Mode = ON
ERPImporta.exe: 0000164C: 11:04:42 [TUniGUISessionManager]:Cache erase job created, Folder count: [1]
ERPImporta.exe: 0000164C: 11:04:44 [TUniServerModule]:Starting HTTP Server on Port: 8077...
ERPImporta.exe: 0000164C: 11:04:44 [TUniServerModule]:HTTP Server Started on Port: 8077
ERPImporta.exe: 00002A8C: 11:12:57 []:>--------------------------------------------------------------<
ERPImporta.exe: 00002A8C: 11:12:57 [TUniServerModule]:Server First Init.
ERPImporta.exe: 00002A8C: 11:12:57 [TUniServerModule]:Start Path = D:\Projetos_WEB\ERP_Importa\
ERPImporta.exe: 00002A8C: 11:12:57 [TUniServerModule]:Debug Mode = ON
ERPImporta.exe: 00002A8C: 11:12:57 [TUniGUISessionManager]:Cache erase job created, Folder count: [1]
ERPImporta.exe: 00002A8C: 11:12:59 [TUniServerModule]:Starting HTTP Server on Port: 8077...
ERPImporta.exe: 00002A8C: 11:12:59 [TUniServerModule]:HTTP Server Started on Port: 8077
ERPImporta.exe: 000034B4: 11:30:44 []:>--------------------------------------------------------------<
ERPImporta.exe: 000034B4: 11:30:44 [TUniServerModule]:Server First Init.
ERPImporta.exe: 000034B4: 11:30:44 [TUniServerModule]:Start Path = D:\Projetos_WEB\ERP_Importa\
ERPImporta.exe: 000034B4: 11:30:44 [TUniServerModule]:Debug Mode = ON
ERPImporta.exe: 000034B4: 11:30:44 [TUniGUISessionManager]:Cache erase job created, Folder count: [1]
ERPImporta.exe: 000034B4: 11:30:46 [TUniServerModule]:Starting HTTP Server on Port: 8077...
ERPImporta.exe: 000034B4: 11:30:46 [TUniServerModule]:HTTP Server Started on Port: 8077
ERPImporta.exe: 000027E8: 11:31:19 [127.0.0.1]:EDatabaseError : PedidosNFItens: Parameter 'Pedido' not found : Addr: $00657AAE
ERPImporta.exe: 00001F44: 11:32:27 []:>--------------------------------------------------------------<
ERPImporta.exe: 00001F44: 11:32:27 [TUniServerModule]:Server First Init.
ERPImporta.exe: 00001F44: 11:32:27 [TUniServerModule]:Start Path = D:\Projetos_WEB\ERP_Importa\
ERPImporta.exe: 00001F44: 11:32:27 [TUniServerModule]:Debug Mode = ON
ERPImporta.exe: 00001F44: 11:32:29 [TUniServerModule]:Starting HTTP Server on Port: 8077...
ERPImporta.exe: 00001F44: 11:32:29 [TUniServerModule]:HTTP Server Started on Port: 8077
ERPImporta.exe: 00002DF8: 11:32:56 [127.0.0.1]:EDatabaseError : PedidosNF: Field 'Pedio' not found : Addr: $00657AAE
ERPImporta.exe: 000029E8: 11:33:22 []:>--------------------------------------------------------------<
ERPImporta.exe: 000029E8: 11:33:22 [TUniServerModule]:Server First Init.
ERPImporta.exe: 000029E8: 11:33:22 [TUniServerModule]:Start Path = D:\Projetos_WEB\ERP_Importa\
ERPImporta.exe: 000029E8: 11:33:22 [TUniServerModule]:Debug Mode = ON
ERPImporta.exe: 000029E8: 11:33:24 [TUniServerModule]:Starting HTTP Server on Port: 8077...
ERPImporta.exe: 000029E8: 11:33:24 [TUniServerModule]:HTTP Server Started on Port: 8077
ERPImporta.exe: 00000B08: 11:35:04 []:>--------------------------------------------------------------<
ERPImporta.exe: 00000B08: 11:35:04 [TUniServerModule]:Server First Init.
ERPImporta.exe: 00000B08: 11:35:04 [TUniServerModule]:Start Path = D:\Projetos_WEB\ERP_Importa\
ERPImporta.exe: 00000B08: 11:35:04 [TUniServerModule]:Debug Mode = ON
ERPImporta.exe: 00000B08: 11:35:04 [TUniGUISessionManager]:Cache erase job created, Folder count: [1]
ERPImporta.exe: 00000B08: 11:35:06 [TUniServerModule]:Starting HTTP Server on Port: 8077...
ERPImporta.exe: 00000B08: 11:35:06 [TUniServerModule]:HTTP Server Started on Port: 8077
ERPImporta.exe: 00002344: 11:37:20 []:>--------------------------------------------------------------<
ERPImporta.exe: 00002344: 11:37:20 [TUniServerModule]:Server First Init.
ERPImporta.exe: 00002344: 11:37:20 [TUniServerModule]:Start Path = D:\Projetos_WEB\ERP_Importa\
ERPImporta.exe: 00002344: 11:37:20 [TUniServerModule]:Debug Mode = ON
ERPImporta.exe: 00002344: 11:37:22 [TUniServerModule]:Starting HTTP Server on Port: 8077...
ERPImporta.exe: 00002344: 11:37:22 [TUniServerModule]:HTTP Server Started on Port: 8077
ERPImporta.exe: 0000479C: 11:38:14 []:>--------------------------------------------------------------<
ERPImporta.exe: 0000479C: 11:38:14 [TUniServerModule]:Server First Init.
ERPImporta.exe: 0000479C: 11:38:14 [TUniServerModule]:Start Path = D:\Projetos_WEB\ERP_Importa\
ERPImporta.exe: 0000479C: 11:38:14 [TUniServerModule]:Debug Mode = ON
ERPImporta.exe: 0000479C: 11:38:14 [TUniGUISessionManager]:Cache erase job created, Folder count: [1]
ERPImporta.exe: 0000479C: 11:38:16 [TUniServerModule]:Starting HTTP Server on Port: 8077...
ERPImporta.exe: 0000479C: 11:38:16 [TUniServerModule]:HTTP Server Started on Port: 8077
ERPImporta.exe: 00001CAC: 11:40:01 []:>--------------------------------------------------------------<
ERPImporta.exe: 00001CAC: 11:40:01 [TUniServerModule]:Server First Init.
ERPImporta.exe: 00001CAC: 11:40:01 [TUniServerModule]:Start Path = D:\Projetos_WEB\ERP_Importa\
ERPImporta.exe: 00001CAC: 11:40:01 [TUniServerModule]:Debug Mode = ON
ERPImporta.exe: 00001CAC: 11:40:01 [TUniGUISessionManager]:Cache erase job created, Folder count: [1]
ERPImporta.exe: 00001CAC: 11:40:03 [TUniServerModule]:Starting HTTP Server on Port: 8077...
ERPImporta.exe: 00001CAC: 11:40:03 [TUniServerModule]:HTTP Server Started on Port: 8077
ERPImporta.exe: 0000163C: 11:40:43 []:>--------------------------------------------------------------<
ERPImporta.exe: 0000163C: 11:40:43 [TUniServerModule]:Server First Init.
ERPImporta.exe: 0000163C: 11:40:43 [TUniServerModule]:Start Path = D:\Projetos_WEB\ERP_Importa\
ERPImporta.exe: 0000163C: 11:40:43 [TUniServerModule]:Debug Mode = ON
ERPImporta.exe: 0000163C: 11:40:45 [TUniServerModule]:Starting HTTP Server on Port: 8077...
ERPImporta.exe: 0000163C: 11:40:45 [TUniServerModule]:HTTP Server Started on Port: 8077
ERPImporta.exe: 00002D5C: 11:41:57 []:>--------------------------------------------------------------<
ERPImporta.exe: 00002D5C: 11:41:57 [TUniServerModule]:Server First Init.
ERPImporta.exe: 00002D5C: 11:41:57 [TUniServerModule]:Start Path = D:\Projetos_WEB\ERP_Importa\
ERPImporta.exe: 00002D5C: 11:41:57 [TUniServerModule]:Debug Mode = ON
ERPImporta.exe: 00002D5C: 11:41:59 [TUniServerModule]:Starting HTTP Server on Port: 8077...
ERPImporta.exe: 00002D5C: 11:41:59 [TUniServerModule]:HTTP Server Started on Port: 8077
ERPImporta.exe: 0000418C: 11:42:47 []:>--------------------------------------------------------------<
ERPImporta.exe: 0000418C: 11:42:47 [TUniServerModule]:Server First Init.
ERPImporta.exe: 0000418C: 11:42:47 [TUniServerModule]:Start Path = D:\Projetos_WEB\ERP_Importa\
ERPImporta.exe: 0000418C: 11:42:47 [TUniServerModule]:Debug Mode = ON
ERPImporta.exe: 0000418C: 11:42:49 [TUniServerModule]:Starting HTTP Server on Port: 8077...
ERPImporta.exe: 0000418C: 11:42:49 [TUniServerModule]:HTTP Server Started on Port: 8077
ERPImporta.exe: 00002F78: 13:24:40 []:>--------------------------------------------------------------<
ERPImporta.exe: 00002F78: 13:24:40 [TUniServerModule]:Server First Init.
ERPImporta.exe: 00002F78: 13:24:40 [TUniServerModule]:Start Path = D:\Projetos_WEB\ERP_Importa\
ERPImporta.exe: 00002F78: 13:24:40 [TUniServerModule]:Debug Mode = ON
ERPImporta.exe: 00002F78: 13:24:42 [TUniServerModule]:Starting HTTP Server on Port: 8077...
ERPImporta.exe: 00002F78: 13:24:42 [TUniServerModule]:HTTP Server Started on Port: 8077
ERPImporta.exe: 00003F14: 13:25:25 [127.0.0.1]:EDatabaseError : tProcesso: Field 'Processo' not found : Addr: $00657AAE
ERPImporta.exe: 000021B8: 13:27:20 []:>--------------------------------------------------------------<
ERPImporta.exe: 000021B8: 13:27:20 [TUniServerModule]:Server First Init.
ERPImporta.exe: 000021B8: 13:27:20 [TUniServerModule]:Start Path = D:\Projetos_WEB\ERP_Importa\
ERPImporta.exe: 000021B8: 13:27:20 [TUniServerModule]:Debug Mode = ON
ERPImporta.exe: 000021B8: 13:27:20 [TUniGUISessionManager]:Cache erase job created, Folder count: [1]
ERPImporta.exe: 000021B8: 13:27:22 [TUniServerModule]:Starting HTTP Server on Port: 8077...
ERPImporta.exe: 000021B8: 13:27:22 [TUniServerModule]:HTTP Server Started on Port: 8077
ERPImporta.exe: 00004164: 13:29:02 []:>--------------------------------------------------------------<
ERPImporta.exe: 00004164: 13:29:02 [TUniServerModule]:Server First Init.
ERPImporta.exe: 00004164: 13:29:02 [TUniServerModule]:Start Path = D:\Projetos_WEB\ERP_Importa\
ERPImporta.exe: 00004164: 13:29:02 [TUniServerModule]:Debug Mode = ON
ERPImporta.exe: 00004164: 13:29:04 [TUniServerModule]:Starting HTTP Server on Port: 8077...
ERPImporta.exe: 00004164: 13:29:04 [TUniServerModule]:HTTP Server Started on Port: 8077
ERPImporta.exe: 00004C10: 13:32:42 []:>--------------------------------------------------------------<
ERPImporta.exe: 00004C10: 13:32:42 [TUniServerModule]:Server First Init.
ERPImporta.exe: 00004C10: 13:32:42 [TUniServerModule]:Start Path = D:\Projetos_WEB\ERP_Importa\
ERPImporta.exe: 00004C10: 13:32:42 [TUniServerModule]:Debug Mode = ON
ERPImporta.exe: 00004C10: 13:32:42 [TUniGUISessionManager]:Cache erase job created, Folder count: [1]
ERPImporta.exe: 00004C10: 13:32:44 [TUniServerModule]:Starting HTTP Server on Port: 8077...
ERPImporta.exe: 00004C10: 13:32:44 [TUniServerModule]:HTTP Server Started on Port: 8077
ERPImporta.exe: 00004198: 13:33:17 []:>--------------------------------------------------------------<
ERPImporta.exe: 00004198: 13:33:17 [TUniServerModule]:Server First Init.
ERPImporta.exe: 00004198: 13:33:17 [TUniServerModule]:Start Path = D:\Projetos_WEB\ERP_Importa\
ERPImporta.exe: 00004198: 13:33:17 [TUniServerModule]:Debug Mode = ON
ERPImporta.exe: 00004198: 13:33:17 [TUniGUISessionManager]:Cache erase job created, Folder count: [1]
ERPImporta.exe: 00004198: 13:33:19 [TUniServerModule]:Starting HTTP Server on Port: 8077...
ERPImporta.exe: 00004198: 13:33:19 [TUniServerModule]:HTTP Server Started on Port: 8077
ERPImporta.exe: 00003910: 13:36:27 []:>--------------------------------------------------------------<
ERPImporta.exe: 00003910: 13:36:27 [TUniServerModule]:Server First Init.
ERPImporta.exe: 00003910: 13:36:27 [TUniServerModule]:Start Path = D:\Projetos_WEB\ERP_Importa\
ERPImporta.exe: 00003910: 13:36:27 [TUniServerModule]:Debug Mode = ON
ERPImporta.exe: 00003910: 13:36:28 [TUniServerModule]:Starting HTTP Server on Port: 8077...
ERPImporta.exe: 00003910: 13:36:28 [TUniServerModule]:HTTP Server Started on Port: 8077
ERPImporta.exe: 00001BE0: 13:45:11 []:>--------------------------------------------------------------<
ERPImporta.exe: 00001BE0: 13:45:11 [TUniServerModule]:Server First Init.
ERPImporta.exe: 00001BE0: 13:45:11 [TUniServerModule]:Start Path = D:\Projetos_WEB\ERP_Importa\
ERPImporta.exe: 00001BE0: 13:45:11 [TUniServerModule]:Debug Mode = ON
ERPImporta.exe: 00001BE0: 13:45:11 [TUniGUISessionManager]:Cache erase job created, Folder count: [1]
ERPImporta.exe: 00001BE0: 13:45:14 [TUniServerModule]:Starting HTTP Server on Port: 8077...
ERPImporta.exe: 00001BE0: 13:45:14 [TUniServerModule]:HTTP Server Started on Port: 8077
ERPImporta.exe: 00001B64: 13:51:19 []:>--------------------------------------------------------------<
ERPImporta.exe: 00001B64: 13:51:19 [TUniServerModule]:Server First Init.
ERPImporta.exe: 00001B64: 13:51:19 [TUniServerModule]:Start Path = D:\Projetos_WEB\ERP_Importa\
ERPImporta.exe: 00001B64: 13:51:19 [TUniServerModule]:Debug Mode = ON
ERPImporta.exe: 00001B64: 13:51:19 [TUniGUISessionManager]:Cache erase job created, Folder count: [1]
ERPImporta.exe: 00001B64: 13:51:21 [TUniServerModule]:Starting HTTP Server on Port: 8077...
ERPImporta.exe: 00001B64: 13:51:21 [TUniServerModule]:HTTP Server Started on Port: 8077
ERPImporta.exe: 00001490: 13:55:14 []:>--------------------------------------------------------------<
ERPImporta.exe: 00001490: 13:55:14 [TUniServerModule]:Server First Init.
ERPImporta.exe: 00001490: 13:55:14 [TUniServerModule]:Start Path = D:\Projetos_WEB\ERP_Importa\
ERPImporta.exe: 00001490: 13:55:14 [TUniServerModule]:Debug Mode = ON
ERPImporta.exe: 00001490: 13:55:14 [TUniGUISessionManager]:Cache erase job created, Folder count: [1]
ERPImporta.exe: 00001490: 13:55:16 [TUniServerModule]:Starting HTTP Server on Port: 8077...
ERPImporta.exe: 00001490: 13:55:16 [TUniServerModule]:HTTP Server Started on Port: 8077
ERPImporta.exe: 00004F94: 13:58:07 []:>--------------------------------------------------------------<
ERPImporta.exe: 00004F94: 13:58:07 [TUniServerModule]:Server First Init.
ERPImporta.exe: 00004F94: 13:58:07 [TUniServerModule]:Start Path = D:\Projetos_WEB\ERP_Importa\
ERPImporta.exe: 00004F94: 13:58:07 [TUniServerModule]:Debug Mode = ON
ERPImporta.exe: 00004F94: 13:58:07 [TUniGUISessionManager]:Cache erase job created, Folder count: [1]
ERPImporta.exe: 00004F94: 13:58:08 [TUniServerModule]:Starting HTTP Server on Port: 8077...
ERPImporta.exe: 00004F94: 13:58:09 [TUniServerModule]:HTTP Server Started on Port: 8077
ERPImporta.exe: 00001788: 13:58:38 [127.0.0.1]:EDatabaseError : PedidosNFItens: Cannot perform this operation on a closed dataset : Addr: $00657AAE
ERPImporta.exe: 00003F90: 14:00:17 []:>--------------------------------------------------------------<
ERPImporta.exe: 00003F90: 14:00:17 [TUniServerModule]:Server First Init.
ERPImporta.exe: 00003F90: 14:00:17 [TUniServerModule]:Start Path = D:\Projetos_WEB\ERP_Importa\
ERPImporta.exe: 00003F90: 14:00:17 [TUniServerModule]:Debug Mode = ON
ERPImporta.exe: 00003F90: 14:00:17 [TUniGUISessionManager]:Cache erase job created, Folder count: [1]
ERPImporta.exe: 00003F90: 14:00:19 [TUniServerModule]:Starting HTTP Server on Port: 8077...
ERPImporta.exe: 00003F90: 14:00:19 [TUniServerModule]:HTTP Server Started on Port: 8077
ERPImporta.exe: 00002A30: 14:01:29 [127.0.0.1]:EVariantTypeCastError : Could not convert variant of type (Null) into type (Integer) : Addr: $0043BF81
ERPImporta.exe: 00000490: 14:07:43 []:>--------------------------------------------------------------<
ERPImporta.exe: 00000490: 14:07:43 [TUniServerModule]:Server First Init.
ERPImporta.exe: 00000490: 14:07:43 [TUniServerModule]:Start Path = D:\Projetos_WEB\ERP_Importa\
ERPImporta.exe: 00000490: 14:07:43 [TUniServerModule]:Debug Mode = ON
ERPImporta.exe: 00000490: 14:07:45 [TUniServerModule]:Starting HTTP Server on Port: 8077...
ERPImporta.exe: 00000490: 14:07:45 [TUniServerModule]:HTTP Server Started on Port: 8077
ERPImporta.exe: 0000468C: 14:09:14 []:>--------------------------------------------------------------<
ERPImporta.exe: 0000468C: 14:09:14 [TUniServerModule]:Server First Init.
ERPImporta.exe: 0000468C: 14:09:14 [TUniServerModule]:Start Path = D:\Projetos_WEB\ERP_Importa\
ERPImporta.exe: 0000468C: 14:09:14 [TUniServerModule]:Debug Mode = ON
ERPImporta.exe: 0000468C: 14:09:16 [TUniServerModule]:Starting HTTP Server on Port: 8077...
ERPImporta.exe: 0000468C: 14:09:16 [TUniServerModule]:HTTP Server Started on Port: 8077
ERPImporta.exe: 00000564: 14:11:45 []:>--------------------------------------------------------------<
ERPImporta.exe: 00000564: 14:11:45 [TUniServerModule]:Server First Init.
ERPImporta.exe: 00000564: 14:11:45 [TUniServerModule]:Start Path = D:\Projetos_WEB\ERP_Importa\
ERPImporta.exe: 00000564: 14:11:45 [TUniServerModule]:Debug Mode = ON
ERPImporta.exe: 00000564: 14:11:47 [TUniServerModule]:Starting HTTP Server on Port: 8077...
ERPImporta.exe: 00000564: 14:11:47 [TUniServerModule]:HTTP Server Started on Port: 8077
ERPImporta.exe: 00002EC8: 14:17:50 []:>--------------------------------------------------------------<
ERPImporta.exe: 00002EC8: 14:17:50 [TUniServerModule]:Server First Init.
ERPImporta.exe: 00002EC8: 14:17:50 [TUniServerModule]:Start Path = D:\Projetos_WEB\ERP_Importa\
ERPImporta.exe: 00002EC8: 14:17:50 [TUniServerModule]:Debug Mode = ON
ERPImporta.exe: 00002EC8: 14:17:50 [TUniGUISessionManager]:Cache erase job created, Folder count: [1]
ERPImporta.exe: 00002EC8: 14:17:52 [TUniServerModule]:Starting HTTP Server on Port: 8077...
ERPImporta.exe: 00002EC8: 14:17:52 [TUniServerModule]:HTTP Server Started on Port: 8077
ERPImporta.exe: 00002848: 14:21:07 []:>--------------------------------------------------------------<
ERPImporta.exe: 00002848: 14:21:07 [TUniServerModule]:Server First Init.
ERPImporta.exe: 00002848: 14:21:07 [TUniServerModule]:Start Path = D:\Projetos_WEB\ERP_Importa\
ERPImporta.exe: 00002848: 14:21:07 [TUniServerModule]:Debug Mode = ON
ERPImporta.exe: 00002848: 14:21:09 [TUniServerModule]:Starting HTTP Server on Port: 8077...
ERPImporta.exe: 00002848: 14:21:09 [TUniServerModule]:HTTP Server Started on Port: 8077
ERPImporta.exe: 00003F24: 14:27:46 []:>--------------------------------------------------------------<
ERPImporta.exe: 00003F24: 14:27:46 [TUniServerModule]:Server First Init.
ERPImporta.exe: 00003F24: 14:27:46 [TUniServerModule]:Start Path = D:\Projetos_WEB\ERP_Importa\
ERPImporta.exe: 00003F24: 14:27:46 [TUniServerModule]:Debug Mode = ON
ERPImporta.exe: 00003F24: 14:27:46 [TUniGUISessionManager]:Cache erase job created, Folder count: [1]
ERPImporta.exe: 00003F24: 14:27:48 [TUniServerModule]:Starting HTTP Server on Port: 8077...
ERPImporta.exe: 00003F24: 14:27:48 [TUniServerModule]:HTTP Server Started on Port: 8077
ERPImporta.exe: 000029A0: 14:29:28 []:>--------------------------------------------------------------<
ERPImporta.exe: 000029A0: 14:29:28 [TUniServerModule]:Server First Init.
ERPImporta.exe: 000029A0: 14:29:28 [TUniServerModule]:Start Path = D:\Projetos_WEB\ERP_Importa\
ERPImporta.exe: 000029A0: 14:29:28 [TUniServerModule]:Debug Mode = ON
ERPImporta.exe: 000029A0: 14:29:30 [TUniServerModule]:Starting HTTP Server on Port: 8077...
ERPImporta.exe: 000029A0: 14:29:30 [TUniServerModule]:HTTP Server Started on Port: 8077
ERPImporta.exe: 00000468: 14:31:54 []:>--------------------------------------------------------------<
ERPImporta.exe: 00000468: 14:31:54 [TUniServerModule]:Server First Init.
ERPImporta.exe: 00000468: 14:31:54 [TUniServerModule]:Start Path = D:\Projetos_WEB\ERP_Importa\
ERPImporta.exe: 00000468: 14:31:54 [TUniServerModule]:Debug Mode = ON
ERPImporta.exe: 00000468: 14:31:54 [TUniGUISessionManager]:Cache erase job created, Folder count: [1]
ERPImporta.exe: 00000468: 14:31:56 [TUniServerModule]:Starting HTTP Server on Port: 8077...
ERPImporta.exe: 00000468: 14:31:56 [TUniServerModule]:HTTP Server Started on Port: 8077
ERPImporta.exe: 00003EB8: 14:33:59 []:>--------------------------------------------------------------<
ERPImporta.exe: 00003EB8: 14:33:59 [TUniServerModule]:Server First Init.
ERPImporta.exe: 00003EB8: 14:33:59 [TUniServerModule]:Start Path = D:\Projetos_WEB\ERP_Importa\
ERPImporta.exe: 00003EB8: 14:33:59 [TUniServerModule]:Debug Mode = ON
ERPImporta.exe: 00003EB8: 14:34:01 [TUniServerModule]:Starting HTTP Server on Port: 8077...
ERPImporta.exe: 00003EB8: 14:34:01 [TUniServerModule]:HTTP Server Started on Port: 8077
ERPImporta.exe: 00004F54: 14:35:13 []:>--------------------------------------------------------------<
ERPImporta.exe: 00004F54: 14:35:13 [TUniServerModule]:Server First Init.
ERPImporta.exe: 00004F54: 14:35:13 [TUniServerModule]:Start Path = D:\Projetos_WEB\ERP_Importa\
ERPImporta.exe: 00004F54: 14:35:13 [TUniServerModule]:Debug Mode = ON
ERPImporta.exe: 00004F54: 14:35:13 [TUniGUISessionManager]:Cache erase job created, Folder count: [1]
ERPImporta.exe: 00004F54: 14:35:14 [TUniServerModule]:Starting HTTP Server on Port: 8077...
ERPImporta.exe: 00004F54: 14:35:14 [TUniServerModule]:HTTP Server Started on Port: 8077
ERPImporta.exe: 000024DC: 14:38:16 []:>--------------------------------------------------------------<
ERPImporta.exe: 000024DC: 14:38:16 [TUniServerModule]:Server First Init.
ERPImporta.exe: 000024DC: 14:38:16 [TUniServerModule]:Start Path = D:\Projetos_WEB\ERP_Importa\
ERPImporta.exe: 000024DC: 14:38:16 [TUniServerModule]:Debug Mode = ON
ERPImporta.exe: 000024DC: 14:38:16 [TUniGUISessionManager]:Cache erase job created, Folder count: [1]
ERPImporta.exe: 000024DC: 14:38:18 [TUniServerModule]:Starting HTTP Server on Port: 8077...
ERPImporta.exe: 000024DC: 14:38:18 [TUniServerModule]:HTTP Server Started on Port: 8077
ERPImporta.exe: 000005C0: 14:40:04 []:>--------------------------------------------------------------<
ERPImporta.exe: 000005C0: 14:40:04 [TUniServerModule]:Server First Init.
ERPImporta.exe: 000005C0: 14:40:04 [TUniServerModule]:Start Path = D:\Projetos_WEB\ERP_Importa\
ERPImporta.exe: 000005C0: 14:40:04 [TUniServerModule]:Debug Mode = ON
ERPImporta.exe: 000005C0: 14:40:04 [TUniGUISessionManager]:Cache erase job created, Folder count: [1]
ERPImporta.exe: 000005C0: 14:40:06 [TUniServerModule]:Starting HTTP Server on Port: 8077...
ERPImporta.exe: 000005C0: 14:40:06 [TUniServerModule]:HTTP Server Started on Port: 8077
ERPImporta.exe: 000028B0: 14:40:50 []:>--------------------------------------------------------------<
ERPImporta.exe: 000028B0: 14:40:50 [TUniServerModule]:Server First Init.
ERPImporta.exe: 000028B0: 14:40:50 [TUniServerModule]:Start Path = D:\Projetos_WEB\ERP_Importa\
ERPImporta.exe: 000028B0: 14:40:50 [TUniServerModule]:Debug Mode = ON
ERPImporta.exe: 000028B0: 14:40:52 [TUniServerModule]:Starting HTTP Server on Port: 8077...
ERPImporta.exe: 000028B0: 14:40:52 [TUniServerModule]:HTTP Server Started on Port: 8077
ERPImporta.exe: 00001968: 14:42:08 []:>--------------------------------------------------------------<
ERPImporta.exe: 00001968: 14:42:08 [TUniServerModule]:Server First Init.
ERPImporta.exe: 00001968: 14:42:08 [TUniServerModule]:Start Path = D:\Projetos_WEB\ERP_Importa\
ERPImporta.exe: 00001968: 14:42:08 [TUniServerModule]:Debug Mode = ON
ERPImporta.exe: 00001968: 14:42:09 [TUniServerModule]:Starting HTTP Server on Port: 8077...
ERPImporta.exe: 00001968: 14:42:09 [TUniServerModule]:HTTP Server Started on Port: 8077
ERPImporta.exe: 00003EB8: 14:42:53 []:>--------------------------------------------------------------<
ERPImporta.exe: 00003EB8: 14:42:53 [TUniServerModule]:Server First Init.
ERPImporta.exe: 00003EB8: 14:42:53 [TUniServerModule]:Start Path = D:\Projetos_WEB\ERP_Importa\
ERPImporta.exe: 00003EB8: 14:42:53 [TUniServerModule]:Debug Mode = ON
ERPImporta.exe: 00003EB8: 14:42:53 [TUniGUISessionManager]:Cache erase job created, Folder count: [1]
ERPImporta.exe: 00003EB8: 14:42:55 [TUniServerModule]:Starting HTTP Server on Port: 8077...
ERPImporta.exe: 00003EB8: 14:42:55 [TUniServerModule]:HTTP Server Started on Port: 8077
ERPImporta.exe: 00004F54: 14:44:34 []:>--------------------------------------------------------------<
ERPImporta.exe: 00004F54: 14:44:34 [TUniServerModule]:Server First Init.
ERPImporta.exe: 00004F54: 14:44:34 [TUniServerModule]:Start Path = D:\Projetos_WEB\ERP_Importa\
ERPImporta.exe: 00004F54: 14:44:34 [TUniServerModule]:Debug Mode = ON
ERPImporta.exe: 00004F54: 14:44:34 [TUniGUISessionManager]:Cache erase job created, Folder count: [1]
ERPImporta.exe: 00004F54: 14:44:35 [TUniServerModule]:Starting HTTP Server on Port: 8077...
ERPImporta.exe: 00004F54: 14:44:36 [TUniServerModule]:HTTP Server Started on Port: 8077
ERPImporta.exe: 000015E4: 15:49:35 []:>--------------------------------------------------------------<
ERPImporta.exe: 000015E4: 15:49:35 [TUniServerModule]:Server First Init.
ERPImporta.exe: 000015E4: 15:49:35 [TUniServerModule]:Start Path = D:\Projetos_WEB\ERP_Importa\
ERPImporta.exe: 000015E4: 15:49:35 [TUniServerModule]:Debug Mode = ON
ERPImporta.exe: 000015E4: 15:49:36 [TUniServerModule]:Starting HTTP Server on Port: 8077...
ERPImporta.exe: 000015E4: 15:49:36 [TUniServerModule]:HTTP Server Started on Port: 8077
ERPImporta.exe: 00003770: 16:03:12 []:>--------------------------------------------------------------<
ERPImporta.exe: 00003770: 16:03:12 [TUniServerModule]:Server First Init.
ERPImporta.exe: 00003770: 16:03:12 [TUniServerModule]:Start Path = D:\Projetos_WEB\ERP_Importa\
ERPImporta.exe: 00003770: 16:03:12 [TUniServerModule]:Debug Mode = ON
ERPImporta.exe: 00000528: 16:03:30 []:>--------------------------------------------------------------<
ERPImporta.exe: 00000528: 16:03:30 [TUniServerModule]:Server First Init.
ERPImporta.exe: 00000528: 16:03:30 [TUniServerModule]:Start Path = D:\Projetos_WEB\ERP_Importa\
ERPImporta.exe: 00000528: 16:03:30 [TUniServerModule]:Debug Mode = ON
ERPImporta.exe: 00000528: 16:03:32 [TUniServerModule]:Starting HTTP Server on Port: 8077...
ERPImporta.exe: 00000528: 16:03:32 [TUniServerModule]:HTTP Server Started on Port: 8077
ERPImporta.exe: 0000359C: 16:05:06 []:>--------------------------------------------------------------<
ERPImporta.exe: 0000359C: 16:05:06 [TUniServerModule]:Server First Init.
ERPImporta.exe: 0000359C: 16:05:06 [TUniServerModule]:Start Path = D:\Projetos_WEB\ERP_Importa\
ERPImporta.exe: 0000359C: 16:05:06 [TUniServerModule]:Debug Mode = ON
ERPImporta.exe: 0000359C: 16:05:08 [TUniServerModule]:Starting HTTP Server on Port: 8077...
ERPImporta.exe: 0000359C: 16:05:08 [TUniServerModule]:HTTP Server Started on Port: 8077
ERPImporta.exe: 00003E60: 16:05:38 [127.0.0.1]:EDatabaseError : PedidosNFItens: Cannot perform this operation on a closed dataset : Addr: $00657AAE
ERPImporta.exe: 00003E60: 16:06:41 [127.0.0.1]:EDatabaseError : PedidosNFItens: Cannot perform this operation on a closed dataset : Addr: $00657AAE
ERPImporta.exe: 000004F0: 16:19:10 []:>--------------------------------------------------------------<
ERPImporta.exe: 000004F0: 16:19:10 [TUniServerModule]:Server First Init.
ERPImporta.exe: 000004F0: 16:19:10 [TUniServerModule]:Start Path = D:\Projetos_WEB\ERP_Importa\
ERPImporta.exe: 000004F0: 16:19:10 [TUniServerModule]:Debug Mode = ON
ERPImporta.exe: 000004F0: 16:19:11 [TUniServerModule]:Starting HTTP Server on Port: 8077...
ERPImporta.exe: 000004F0: 16:19:11 [TUniServerModule]:HTTP Server Started on Port: 8077
ERPImporta.exe: 00000BBC: 16:19:45 [127.0.0.1]:EDatabaseError : PedidosNFItens: Cannot perform this operation on a closed dataset : Addr: $00657AAE
ERPImporta.exe: 00003C5C: 16:20:29 []:>--------------------------------------------------------------<
ERPImporta.exe: 00003C5C: 16:20:29 [TUniServerModule]:Server First Init.
ERPImporta.exe: 00003C5C: 16:20:29 [TUniServerModule]:Start Path = D:\Projetos_WEB\ERP_Importa\
ERPImporta.exe: 00003C5C: 16:20:29 [TUniServerModule]:Debug Mode = ON
ERPImporta.exe: 00003C5C: 16:20:30 [TUniServerModule]:Starting HTTP Server on Port: 8077...
ERPImporta.exe: 00003C5C: 16:20:31 [TUniServerModule]:HTTP Server Started on Port: 8077
ERPImporta.exe: 00004F90: 16:20:57 [127.0.0.1]:EDatabaseError : Adicoes: Cannot perform this operation on a closed dataset : Addr: $00657AAE
ERPImporta.exe: 0000325C: 16:26:36 []:>--------------------------------------------------------------<
ERPImporta.exe: 0000325C: 16:26:36 [TUniServerModule]:Server First Init.
ERPImporta.exe: 0000325C: 16:26:36 [TUniServerModule]:Start Path = D:\Projetos_WEB\ERP_Importa\
ERPImporta.exe: 0000325C: 16:26:36 [TUniServerModule]:Debug Mode = ON
ERPImporta.exe: 0000325C: 16:26:36 [TUniGUISessionManager]:Cache erase job created, Folder count: [1]
ERPImporta.exe: 0000325C: 16:26:38 [TUniServerModule]:Starting HTTP Server on Port: 8077...
ERPImporta.exe: 0000325C: 16:26:38 [TUniServerModule]:HTTP Server Started on Port: 8077
ERPImporta.exe: 00004C1C: 16:27:59 []:>--------------------------------------------------------------<
ERPImporta.exe: 00004C1C: 16:27:59 [TUniServerModule]:Server First Init.
ERPImporta.exe: 00004C1C: 16:27:59 [TUniServerModule]:Start Path = D:\Projetos_WEB\ERP_Importa\
ERPImporta.exe: 00004C1C: 16:27:59 [TUniServerModule]:Debug Mode = ON
ERPImporta.exe: 00004C1C: 16:28:01 [TUniServerModule]:Starting HTTP Server on Port: 8077...
ERPImporta.exe: 00004C1C: 16:28:01 [TUniServerModule]:HTTP Server Started on Port: 8077
ERPImporta.exe: 00002928: 16:29:08 []:>--------------------------------------------------------------<
ERPImporta.exe: 00002928: 16:29:08 [TUniServerModule]:Server First Init.
ERPImporta.exe: 00002928: 16:29:08 [TUniServerModule]:Start Path = D:\Projetos_WEB\ERP_Importa\
ERPImporta.exe: 00002928: 16:29:08 [TUniServerModule]:Debug Mode = ON
ERPImporta.exe: 00002928: 16:29:08 [TUniGUISessionManager]:Cache erase job created, Folder count: [1]
ERPImporta.exe: 00002928: 16:29:09 [TUniServerModule]:Starting HTTP Server on Port: 8077...
ERPImporta.exe: 00002928: 16:29:10 [TUniServerModule]:HTTP Server Started on Port: 8077
ERPImporta.exe: 000048E8: 16:31:46 []:>--------------------------------------------------------------<
ERPImporta.exe: 000048E8: 16:31:46 [TUniServerModule]:Server First Init.
ERPImporta.exe: 000048E8: 16:31:46 [TUniServerModule]:Start Path = D:\Projetos_WEB\ERP_Importa\
ERPImporta.exe: 000048E8: 16:31:46 [TUniServerModule]:Debug Mode = ON
ERPImporta.exe: 000048E8: 16:31:48 [TUniServerModule]:Starting HTTP Server on Port: 8077...
ERPImporta.exe: 000048E8: 16:31:48 [TUniServerModule]:HTTP Server Started on Port: 8077
ERPImporta.exe: 000026CC: 16:33:32 []:>--------------------------------------------------------------<
ERPImporta.exe: 000026CC: 16:33:32 [TUniServerModule]:Server First Init.
ERPImporta.exe: 000026CC: 16:33:32 [TUniServerModule]:Start Path = D:\Projetos_WEB\ERP_Importa\
ERPImporta.exe: 000026CC: 16:33:32 [TUniServerModule]:Debug Mode = ON
ERPImporta.exe: 000026CC: 16:33:32 [TUniGUISessionManager]:Cache erase job created, Folder count: [1]
ERPImporta.exe: 000026CC: 16:33:33 [TUniServerModule]:Starting HTTP Server on Port: 8077...
ERPImporta.exe: 000026CC: 16:33:33 [TUniServerModule]:HTTP Server Started on Port: 8077
ERPImporta.exe: 00002980: 16:34:22 [127.0.0.1]:EUniSessionException : Sessão inváilda ou tempo da sessão expirado. (Session not found: QC2uKzWAlE11125FA4F ) : Addr: $007D0F44
ERPImporta.exe: 00001190: 16:35:45 []:>--------------------------------------------------------------<
ERPImporta.exe: 00001190: 16:35:45 [TUniServerModule]:Server First Init.
ERPImporta.exe: 00001190: 16:35:45 [TUniServerModule]:Start Path = D:\Projetos_WEB\ERP_Importa\
ERPImporta.exe: 00001190: 16:35:45 [TUniServerModule]:Debug Mode = ON
ERPImporta.exe: 00001190: 16:35:46 [TUniServerModule]:Starting HTTP Server on Port: 8077...
ERPImporta.exe: 00001190: 16:35:46 [TUniServerModule]:HTTP Server Started on Port: 8077
ERPImporta.exe: 0000203C: 16:38:50 []:>--------------------------------------------------------------<
ERPImporta.exe: 0000203C: 16:38:50 [TUniServerModule]:Server First Init.
ERPImporta.exe: 0000203C: 16:38:50 [TUniServerModule]:Start Path = D:\Projetos_WEB\ERP_Importa\
ERPImporta.exe: 0000203C: 16:38:50 [TUniServerModule]:Debug Mode = ON
ERPImporta.exe: 0000203C: 16:38:50 [TUniGUISessionManager]:Cache erase job created, Folder count: [1]
ERPImporta.exe: 0000203C: 16:38:52 [TUniServerModule]:Starting HTTP Server on Port: 8077...
ERPImporta.exe: 0000203C: 16:38:52 [TUniServerModule]:HTTP Server Started on Port: 8077
ERPImporta.exe: 00004C38: 16:38:55 [127.0.0.1]:EUniSessionException : Sessão inváilda ou tempo da sessão expirado. (Session not found: qgv9kKXlpu11125FB63 ) : Addr: $007D0F44
ERPImporta.exe: 0000355C: 16:39:22 []:>--------------------------------------------------------------<
ERPImporta.exe: 0000355C: 16:39:22 [TUniServerModule]:Server First Init.
ERPImporta.exe: 0000355C: 16:39:22 [TUniServerModule]:Start Path = D:\Projetos_WEB\ERP_Importa\
ERPImporta.exe: 0000355C: 16:39:22 [TUniServerModule]:Debug Mode = ON
ERPImporta.exe: 0000355C: 16:39:24 [TUniServerModule]:Starting HTTP Server on Port: 8077...
ERPImporta.exe: 0000355C: 16:39:24 [TUniServerModule]:HTTP Server Started on Port: 8077
ERPImporta.exe: 00000B9C: 16:41:23 []:>--------------------------------------------------------------<
ERPImporta.exe: 00000B9C: 16:41:23 [TUniServerModule]:Server First Init.
ERPImporta.exe: 00000B9C: 16:41:23 [TUniServerModule]:Start Path = D:\Projetos_WEB\ERP_Importa\
ERPImporta.exe: 00000B9C: 16:41:23 [TUniServerModule]:Debug Mode = ON
ERPImporta.exe: 00000B9C: 16:41:23 [TUniGUISessionManager]:Cache erase job created, Folder count: [1]
ERPImporta.exe: 00000B9C: 16:41:24 [TUniServerModule]:Starting HTTP Server on Port: 8077...
ERPImporta.exe: 00000B9C: 16:41:24 [TUniServerModule]:HTTP Server Started on Port: 8077
ERPImporta.exe: 000037A8: 16:42:55 []:>--------------------------------------------------------------<
ERPImporta.exe: 000037A8: 16:42:55 [TUniServerModule]:Server First Init.
ERPImporta.exe: 000037A8: 16:42:55 [TUniServerModule]:Start Path = D:\Projetos_WEB\ERP_Importa\
ERPImporta.exe: 000037A8: 16:42:55 [TUniServerModule]:Debug Mode = ON
ERPImporta.exe: 000037A8: 16:42:55 [TUniGUISessionManager]:Cache erase job created, Folder count: [1]
ERPImporta.exe: 000037A8: 16:42:56 [TUniServerModule]:Starting HTTP Server on Port: 8077...
ERPImporta.exe: 000037A8: 16:42:56 [TUniServerModule]:HTTP Server Started on Port: 8077
ERPImporta.exe: 00001C44: 16:47:16 []:>--------------------------------------------------------------<
ERPImporta.exe: 00001C44: 16:47:16 [TUniServerModule]:Server First Init.
ERPImporta.exe: 00001C44: 16:47:16 [TUniServerModule]:Start Path = D:\Projetos_WEB\ERP_Importa\
ERPImporta.exe: 00001C44: 16:47:16 [TUniServerModule]:Debug Mode = ON
ERPImporta.exe: 00001C44: 16:47:19 [TUniServerModule]:Starting HTTP Server on Port: 8077...
ERPImporta.exe: 00001C44: 16:47:19 [TUniServerModule]:HTTP Server Started on Port: 8077
ERPImporta.exe: 00003120: 16:47:50 [127.0.0.1]:EDatabaseError : PedidosNFItens: Cannot perform this operation on a closed dataset : Addr: $00657AAE
ERPImporta.exe: 000043B4: 16:51:18 []:>--------------------------------------------------------------<
ERPImporta.exe: 000043B4: 16:51:18 [TUniServerModule]:Server First Init.
ERPImporta.exe: 000043B4: 16:51:18 [TUniServerModule]:Start Path = D:\Projetos_WEB\ERP_Importa\
ERPImporta.exe: 000043B4: 16:51:18 [TUniServerModule]:Debug Mode = ON
ERPImporta.exe: 000043B4: 16:51:20 [TUniServerModule]:Starting HTTP Server on Port: 8077...
ERPImporta.exe: 000043B4: 16:51:20 [TUniServerModule]:HTTP Server Started on Port: 8077
ERPImporta.exe: 000020DC: 16:51:50 [127.0.0.1]:EDatabaseError : tFormulas: Cannot perform this operation on a closed dataset : Addr: $00657AAE
ERPImporta.exe: 000005C4: 16:52:11 []:>--------------------------------------------------------------<
ERPImporta.exe: 000005C4: 16:52:11 [TUniServerModule]:Server First Init.
ERPImporta.exe: 000005C4: 16:52:11 [TUniServerModule]:Start Path = D:\Projetos_WEB\ERP_Importa\
ERPImporta.exe: 000005C4: 16:52:11 [TUniServerModule]:Debug Mode = ON
ERPImporta.exe: 000005C4: 16:52:13 [TUniServerModule]:Starting HTTP Server on Port: 8077...
ERPImporta.exe: 000005C4: 16:52:13 [TUniServerModule]:HTTP Server Started on Port: 8077
ERPImporta.exe: 000035F8: 16:52:47 [127.0.0.1]:EDatabaseError : tFormulas: Cannot perform this operation on a closed dataset : Addr: $00657AAE
ERPImporta.exe: 000043DC: 16:54:29 []:>--------------------------------------------------------------<
ERPImporta.exe: 000043DC: 16:54:29 [TUniServerModule]:Server First Init.
ERPImporta.exe: 000043DC: 16:54:29 [TUniServerModule]:Start Path = D:\Projetos_WEB\ERP_Importa\
ERPImporta.exe: 000043DC: 16:54:29 [TUniServerModule]:Debug Mode = ON
ERPImporta.exe: 000043DC: 16:54:29 [TUniGUISessionManager]:Cache erase job created, Folder count: [1]
ERPImporta.exe: 000043DC: 16:54:30 [TUniServerModule]:Starting HTTP Server on Port: 8077...
ERPImporta.exe: 000043DC: 16:54:30 [TUniServerModule]:HTTP Server Started on Port: 8077
ERPImporta.exe: 00001C0C: 17:01:38 []:>--------------------------------------------------------------<
ERPImporta.exe: 00001C0C: 17:01:38 [TUniServerModule]:Server First Init.
ERPImporta.exe: 00001C0C: 17:01:38 [TUniServerModule]:Start Path = D:\Projetos_WEB\ERP_Importa\
ERPImporta.exe: 00001C0C: 17:01:38 [TUniServerModule]:Debug Mode = ON
ERPImporta.exe: 00001C0C: 17:01:38 [TUniGUISessionManager]:Cache erase job created, Folder count: [1]
ERPImporta.exe: 00001C0C: 17:01:40 [TUniServerModule]:Starting HTTP Server on Port: 8077...
ERPImporta.exe: 00001C0C: 17:01:40 [TUniServerModule]:HTTP Server Started on Port: 8077
ERPImporta.exe: 000045B4: 17:03:56 []:>--------------------------------------------------------------<
ERPImporta.exe: 000045B4: 17:03:56 [TUniServerModule]:Server First Init.
ERPImporta.exe: 000045B4: 17:03:56 [TUniServerModule]:Start Path = D:\Projetos_WEB\ERP_Importa\
ERPImporta.exe: 000045B4: 17:03:56 [TUniServerModule]:Debug Mode = ON
ERPImporta.exe: 000045B4: 17:03:56 [TUniGUISessionManager]:Cache erase job created, Folder count: [1]
ERPImporta.exe: 000045B4: 17:03:58 [TUniServerModule]:Starting HTTP Server on Port: 8077...
ERPImporta.exe: 000045B4: 17:03:58 [TUniServerModule]:HTTP Server Started on Port: 8077
ERPImporta.exe: 00003FD4: 17:29:42 []:>--------------------------------------------------------------<
ERPImporta.exe: 00003FD4: 17:29:42 [TUniServerModule]:Server First Init.
ERPImporta.exe: 00003FD4: 17:29:42 [TUniServerModule]:Start Path = D:\Projetos_WEB\ERP_Importa\
ERPImporta.exe: 00003FD4: 17:29:42 [TUniServerModule]:Debug Mode = ON
ERPImporta.exe: 00003FD4: 17:29:44 [TUniServerModule]:Starting HTTP Server on Port: 8077...
ERPImporta.exe: 00003FD4: 17:29:44 [TUniServerModule]:HTTP Server Started on Port: 8077
ERPImporta.exe: 000009D4: 17:30:05 [127.0.0.1]:EDatabaseError : PedidosNFItens: Cannot perform this operation on a closed dataset : Addr: $00657AAE
