ERPImporta.exe: 00001D7C: 09:56:30 []:>--------------------------------------------------------------<
ERPImporta.exe: 00001D7C: 09:56:30 [TUniServerModule]:Server First Init.
ERPImporta.exe: 00001D7C: 09:56:30 [TUniServerModule]:Start Path = C:\Projetos_WEB\ERP_Importa\
ERPImporta.exe: 00001D7C: 09:56:30 [TUniServerModule]:Debug Mode = ON
ERPImporta.exe: 00001D7C: 09:56:30 [TUniServerModule]:Starting HTTP Server on Port: 8077...
ERPImporta.exe: 00001D7C: 09:56:30 [TUniServerModule]:HTTP Server Started on Port: 8077
ERPImporta.exe: 00003660: 09:56:57 []:>--------------------------------------------------------------<
ERPImporta.exe: 00003660: 09:56:57 [TUniServerModule]:Server First Init.
ERPImporta.exe: 00003660: 09:56:57 [TUniServerModule]:Start Path = C:\Projetos_WEB\ERP_Importa\
ERPImporta.exe: 00003660: 09:56:57 [TUniServerModule]:Debug Mode = ON
ERPImporta.exe: 00003660: 09:56:57 [TUniGUISessionManager]:Cache erase job created, Folder count: [1]
ERPImporta.exe: 00003660: 09:56:58 [TUniServerModule]:Starting HTTP Server on Port: 8077...
ERPImporta.exe: 00003660: 09:56:58 [TUniServerModule]:HTTP Server Started on Port: 8077
ERPImporta.exe: 000029BC: 09:56:58 [127.0.0.1]:EUniSessionException : Sessão inváilda ou tempo da sessão expirado. (Session not found: vTDZo2HXvp110560A12 ) : Addr: $007CFB6C
ERPImporta.exe: 00004658: 09:57:27 []:>--------------------------------------------------------------<
ERPImporta.exe: 00004658: 09:57:27 [TUniServerModule]:Server First Init.
ERPImporta.exe: 00004658: 09:57:27 [TUniServerModule]:Start Path = C:\Projetos_WEB\ERP_Importa\
ERPImporta.exe: 00004658: 09:57:27 [TUniServerModule]:Debug Mode = ON
ERPImporta.exe: 00004658: 09:57:27 [TUniGUISessionManager]:Cache erase job created, Folder count: [1]
ERPImporta.exe: 00004658: 09:57:28 [TUniServerModule]:Starting HTTP Server on Port: 8077...
ERPImporta.exe: 00004658: 09:57:28 [TUniServerModule]:HTTP Server Started on Port: 8077
ERPImporta.exe: 00004410: 09:57:28 [127.0.0.1]:EUniSessionException : Sessão inváilda ou tempo da sessão expirado. (Session not found: UC3UxmCHd1110560A30 ) : Addr: $007CFB6C
ERPImporta.exe: 000047C8: 10:01:06 []:>--------------------------------------------------------------<
ERPImporta.exe: 000047C8: 10:01:06 [TUniServerModule]:Server First Init.
ERPImporta.exe: 000047C8: 10:01:06 [TUniServerModule]:Start Path = C:\Projetos_WEB\ERP_Importa\
ERPImporta.exe: 000047C8: 10:01:06 [TUniServerModule]:Debug Mode = ON
ERPImporta.exe: 000047C8: 10:01:06 [TUniGUISessionManager]:Cache erase job created, Folder count: [1]
ERPImporta.exe: 000047C8: 10:01:07 [TUniServerModule]:Starting HTTP Server on Port: 8077...
ERPImporta.exe: 000047C8: 10:01:07 [TUniServerModule]:HTTP Server Started on Port: 8077
ERPImporta.exe: 000045A4: 10:02:16 []:>--------------------------------------------------------------<
ERPImporta.exe: 000045A4: 10:02:16 [TUniServerModule]:Server First Init.
ERPImporta.exe: 000045A4: 10:02:16 [TUniServerModule]:Start Path = C:\Projetos_WEB\ERP_Importa\
ERPImporta.exe: 000045A4: 10:02:16 [TUniServerModule]:Debug Mode = ON
ERPImporta.exe: 000045A4: 10:02:16 [TUniServerModule]:Starting HTTP Server on Port: 8077...
ERPImporta.exe: 000045A4: 10:02:16 [TUniServerModule]:HTTP Server Started on Port: 8077
ERPImporta.exe: 00003078: 10:04:42 []:>--------------------------------------------------------------<
ERPImporta.exe: 00003078: 10:04:42 [TUniServerModule]:Server First Init.
ERPImporta.exe: 00003078: 10:04:42 [TUniServerModule]:Start Path = C:\Projetos_WEB\ERP_Importa\
ERPImporta.exe: 00003078: 10:04:42 [TUniServerModule]:Debug Mode = ON
ERPImporta.exe: 00003078: 10:04:42 [TUniServerModule]:Starting HTTP Server on Port: 8077...
ERPImporta.exe: 00003078: 10:04:42 [TUniServerModule]:HTTP Server Started on Port: 8077
ERPImporta.exe: 000046B4: 10:05:24 []:>--------------------------------------------------------------<
ERPImporta.exe: 000046B4: 10:05:24 [TUniServerModule]:Server First Init.
ERPImporta.exe: 000046B4: 10:05:24 [TUniServerModule]:Start Path = C:\Projetos_WEB\ERP_Importa\
ERPImporta.exe: 000046B4: 10:05:24 [TUniServerModule]:Debug Mode = ON
ERPImporta.exe: 000046B4: 10:05:24 [TUniGUISessionManager]:Cache erase job created, Folder count: [1]
ERPImporta.exe: 000046B4: 10:05:24 [TUniServerModule]:Starting HTTP Server on Port: 8077...
ERPImporta.exe: 000046B4: 10:05:24 [TUniServerModule]:HTTP Server Started on Port: 8077
ERPImporta.exe: 000049D8: 10:11:03 []:>--------------------------------------------------------------<
ERPImporta.exe: 000049D8: 10:11:03 [TUniServerModule]:Server First Init.
ERPImporta.exe: 000049D8: 10:11:03 [TUniServerModule]:Start Path = C:\Projetos_WEB\ERP_Importa\
ERPImporta.exe: 000049D8: 10:11:03 [TUniServerModule]:Debug Mode = ON
ERPImporta.exe: 000049D8: 10:11:03 [TUniGUISessionManager]:Cache erase job created, Folder count: [1]
ERPImporta.exe: 000049D8: 10:11:03 [TUniServerModule]:Starting HTTP Server on Port: 8077...
ERPImporta.exe: 000049D8: 10:11:03 [TUniServerModule]:HTTP Server Started on Port: 8077
ERPImporta.exe: 0000225C: 10:13:25 []:>--------------------------------------------------------------<
ERPImporta.exe: 0000225C: 10:13:25 [TUniServerModule]:Server First Init.
ERPImporta.exe: 0000225C: 10:13:25 [TUniServerModule]:Start Path = C:\Projetos_WEB\ERP_Importa\
ERPImporta.exe: 0000225C: 10:13:25 [TUniServerModule]:Debug Mode = ON
ERPImporta.exe: 0000225C: 10:13:26 [TUniServerModule]:Starting HTTP Server on Port: 8077...
ERPImporta.exe: 0000225C: 10:13:26 [TUniServerModule]:HTTP Server Started on Port: 8077
ERPImporta.exe: 00004F64: 10:15:28 []:>--------------------------------------------------------------<
ERPImporta.exe: 00004F64: 10:15:28 [TUniServerModule]:Server First Init.
ERPImporta.exe: 00004F64: 10:15:28 [TUniServerModule]:Start Path = C:\Projetos_WEB\ERP_Importa\
ERPImporta.exe: 00004F64: 10:15:28 [TUniServerModule]:Debug Mode = ON
ERPImporta.exe: 00004F64: 10:15:28 [TUniGUISessionManager]:Cache erase job created, Folder count: [1]
ERPImporta.exe: 00004F64: 10:15:28 [TUniServerModule]:Starting HTTP Server on Port: 8077...
ERPImporta.exe: 00004F64: 10:15:28 [TUniServerModule]:HTTP Server Started on Port: 8077
ERPImporta.exe: 000047EC: 10:17:05 []:>--------------------------------------------------------------<
ERPImporta.exe: 000047EC: 10:17:05 [TUniServerModule]:Server First Init.
ERPImporta.exe: 000047EC: 10:17:05 [TUniServerModule]:Start Path = C:\Projetos_WEB\ERP_Importa\
ERPImporta.exe: 000047EC: 10:17:05 [TUniServerModule]:Debug Mode = ON
ERPImporta.exe: 000047EC: 10:17:05 [TUniServerModule]:Starting HTTP Server on Port: 8077...
ERPImporta.exe: 000047EC: 10:17:05 [TUniServerModule]:HTTP Server Started on Port: 8077
ERPImporta.exe: 00001A68: 10:23:31 []:>--------------------------------------------------------------<
ERPImporta.exe: 00001A68: 10:23:31 [TUniServerModule]:Server First Init.
ERPImporta.exe: 00001A68: 10:23:31 [TUniServerModule]:Start Path = C:\Projetos_WEB\ERP_Importa\
ERPImporta.exe: 00001A68: 10:23:31 [TUniServerModule]:Debug Mode = ON
ERPImporta.exe: 00001A68: 10:23:31 [TUniServerModule]:Starting HTTP Server on Port: 8077...
ERPImporta.exe: 00001A68: 10:23:31 [TUniServerModule]:HTTP Server Started on Port: 8077
ERPImporta.exe: 00004774: 10:27:39 []:>--------------------------------------------------------------<
ERPImporta.exe: 00004774: 10:27:39 [TUniServerModule]:Server First Init.
ERPImporta.exe: 00004774: 10:27:39 [TUniServerModule]:Start Path = C:\Projetos_WEB\ERP_Importa\
ERPImporta.exe: 00004774: 10:27:39 [TUniServerModule]:Debug Mode = ON
ERPImporta.exe: 00004774: 10:27:40 [TUniServerModule]:Starting HTTP Server on Port: 8077...
ERPImporta.exe: 00004774: 10:27:40 [TUniServerModule]:HTTP Server Started on Port: 8077
ERPImporta.exe: 00003038: 10:36:25 []:>--------------------------------------------------------------<
ERPImporta.exe: 00003038: 10:36:25 [TUniServerModule]:Server First Init.
ERPImporta.exe: 00003038: 10:36:25 [TUniServerModule]:Start Path = C:\Projetos_WEB\ERP_Importa\
ERPImporta.exe: 00003038: 10:36:25 [TUniServerModule]:Debug Mode = ON
ERPImporta.exe: 00003038: 10:36:25 [TUniGUISessionManager]:Cache erase job created, Folder count: [1]
ERPImporta.exe: 00003038: 10:36:26 [TUniServerModule]:Starting HTTP Server on Port: 8077...
ERPImporta.exe: 00003038: 10:36:26 [TUniServerModule]:HTTP Server Started on Port: 8077
ERPImporta.exe: 000030F4: 10:41:22 [HandleFileRequest[127.0.0.1]]:File not found: C:\Projetos_WEB\ERP_Importa\files\images\B4832ff02.png
ERPImporta.exe: 00004388: 10:41:22 [HandleFileRequest[127.0.0.1]]:File not found: C:\Projetos_WEB\ERP_Importa\files\images\Bo4832ff02.png
ERPImporta.exe: 0000202C: 10:41:22 [HandleFileRequest[127.0.0.1]]:File not found: C:\Projetos_WEB\ERP_Importa\files\images\Bot4832ff02.png
ERPImporta.exe: 00004A28: 10:41:23 [HandleFileRequest[127.0.0.1]]:File not found: C:\Projetos_WEB\ERP_Importa\files\images\Boto4832ff02.png
ERPImporta.exe: 00004AE4: 10:41:23 [HandleFileRequest[127.0.0.1]]:File not found: C:\Projetos_WEB\ERP_Importa\files\images\Botoe4832ff02.png
ERPImporta.exe: 000026F4: 10:41:23 [HandleFileRequest[127.0.0.1]]:File not found: C:\Projetos_WEB\ERP_Importa\files\images\Botoes4832ff02.png
ERPImporta.exe: 0000479C: 10:41:24 [HandleFileRequest[127.0.0.1]]:File not found: C:\Projetos_WEB\ERP_Importa\files\images\Botoes\4832ff02.png
ERPImporta.exe: 000043EC: 10:41:27 [HandleFileRequest[127.0.0.1]]:File not found: C:\Projetos_WEB\ERP_Importa\files\images\Botoes\14832ff02.png
ERPImporta.exe: 00003D3C: 10:41:27 [HandleFileRequest[127.0.0.1]]:File not found: C:\Projetos_WEB\ERP_Importa\files\images\Botoes\1832ff02.png
ERPImporta.exe: 00002CF8: 10:41:27 [HandleFileRequest[127.0.0.1]]:File not found: C:\Projetos_WEB\ERP_Importa\files\images\Botoes\132ff02.png
ERPImporta.exe: 00004BF4: 10:41:27 [HandleFileRequest[127.0.0.1]]:File not found: C:\Projetos_WEB\ERP_Importa\files\images\Botoes\12ff02.png
ERPImporta.exe: 000010E4: 10:41:27 [HandleFileRequest[127.0.0.1]]:File not found: C:\Projetos_WEB\ERP_Importa\files\images\Botoes\1ff02.png
ERPImporta.exe: 000041C4: 10:41:27 [HandleFileRequest[127.0.0.1]]:File not found: C:\Projetos_WEB\ERP_Importa\files\images\Botoes\1f02.png
ERPImporta.exe: 00002B54: 10:41:27 [HandleFileRequest[127.0.0.1]]:File not found: C:\Projetos_WEB\ERP_Importa\files\images\Botoes\102.png
ERPImporta.exe: 00003010: 10:41:28 [HandleFileRequest[127.0.0.1]]:File not found: C:\Projetos_WEB\ERP_Importa\files\images\Botoes\12.png
ERPImporta.exe: 000045C0: 10:58:11 []:>--------------------------------------------------------------<
ERPImporta.exe: 000045C0: 10:58:11 [TUniServerModule]:Server First Init.
ERPImporta.exe: 000045C0: 10:58:11 [TUniServerModule]:Start Path = C:\Projetos_WEB\ERP_Importa\
ERPImporta.exe: 000045C0: 10:58:11 [TUniServerModule]:Debug Mode = ON
ERPImporta.exe: 000045C0: 10:58:11 [TUniGUISessionManager]:Cache erase job created, Folder count: [1]
ERPImporta.exe: 000045C0: 10:58:11 [TUniServerModule]:Starting HTTP Server on Port: 8077...
ERPImporta.exe: 000045C0: 10:58:11 [TUniServerModule]:HTTP Server Started on Port: 8077
ERPImporta.exe: 000043A8: 11:01:18 []:>--------------------------------------------------------------<
ERPImporta.exe: 000043A8: 11:01:18 [TUniServerModule]:Server First Init.
ERPImporta.exe: 000043A8: 11:01:18 [TUniServerModule]:Start Path = C:\Projetos_WEB\ERP_Importa\
ERPImporta.exe: 000043A8: 11:01:18 [TUniServerModule]:Debug Mode = ON
ERPImporta.exe: 000043A8: 11:01:18 [TUniGUISessionManager]:Cache erase job created, Folder count: [1]
ERPImporta.exe: 000043A8: 11:01:19 [TUniServerModule]:Starting HTTP Server on Port: 8077...
ERPImporta.exe: 000043A8: 11:01:19 [TUniServerModule]:HTTP Server Started on Port: 8077
ERPImporta.exe: 00000B6C: 11:01:34 [[FireDAC][Phys][ODBC][Microsoft][SQL Server Native Client 11.0][SQL Server]Conversion failed when converting the varchar value 'TESTE#01' to data type int.-127.0.0.1]:EMSSQLNativeException : [FireDAC][Phys][ODBC][Microsoft][SQL Server Native Client 11.0][SQL Server]Conversion failed when converting the varchar value 'TESTE#01' to data type int. : Addr: $008DF4ED
ERPImporta.exe: 0000316C: 11:01:38 [HandleFileRequest[127.0.0.1]]:File not found: C:\Projetos_WEB\ERP_Importa\files\images\fundo8.jpg
ERPImporta.exe: 00002B78: 11:02:22 []:>--------------------------------------------------------------<
ERPImporta.exe: 00002B78: 11:02:22 [TUniServerModule]:Server First Init.
ERPImporta.exe: 00002B78: 11:02:22 [TUniServerModule]:Start Path = C:\Projetos_WEB\ERP_Importa\
ERPImporta.exe: 00002B78: 11:02:22 [TUniServerModule]:Debug Mode = ON
ERPImporta.exe: 00002B78: 11:02:23 [TUniServerModule]:Starting HTTP Server on Port: 8077...
ERPImporta.exe: 00002B78: 11:02:23 [TUniServerModule]:HTTP Server Started on Port: 8077
ERPImporta.exe: 00003A18: 11:03:06 []:>--------------------------------------------------------------<
ERPImporta.exe: 00003A18: 11:03:06 [TUniServerModule]:Server First Init.
ERPImporta.exe: 00003A18: 11:03:06 [TUniServerModule]:Start Path = C:\Projetos_WEB\ERP_Importa\
ERPImporta.exe: 00003A18: 11:03:06 [TUniServerModule]:Debug Mode = ON
ERPImporta.exe: 00003A18: 11:03:06 [TUniServerModule]:Starting HTTP Server on Port: 8077...
ERPImporta.exe: 00003A18: 11:03:06 [TUniServerModule]:HTTP Server Started on Port: 8077
ERPImporta.exe: 00000920: 11:04:08 []:>--------------------------------------------------------------<
ERPImporta.exe: 00000920: 11:04:08 [TUniServerModule]:Server First Init.
ERPImporta.exe: 00000920: 11:04:08 [TUniServerModule]:Start Path = C:\Projetos_WEB\ERP_Importa\
ERPImporta.exe: 00000920: 11:04:08 [TUniServerModule]:Debug Mode = ON
ERPImporta.exe: 00000920: 11:04:08 [TUniServerModule]:Starting HTTP Server on Port: 8077...
ERPImporta.exe: 00000920: 11:04:08 [TUniServerModule]:HTTP Server Started on Port: 8077
ERPImporta.exe: 0000133C: 11:04:52 []:>--------------------------------------------------------------<
ERPImporta.exe: 0000133C: 11:04:52 [TUniServerModule]:Server First Init.
ERPImporta.exe: 0000133C: 11:04:52 [TUniServerModule]:Start Path = C:\Projetos_WEB\ERP_Importa\
ERPImporta.exe: 0000133C: 11:04:52 [TUniServerModule]:Debug Mode = ON
ERPImporta.exe: 0000133C: 11:04:52 [TUniServerModule]:Starting HTTP Server on Port: 8077...
ERPImporta.exe: 0000133C: 11:04:52 [TUniServerModule]:HTTP Server Started on Port: 8077
ERPImporta.exe: 00004664: 11:09:38 []:>--------------------------------------------------------------<
ERPImporta.exe: 00004664: 11:09:38 [TUniServerModule]:Server First Init.
ERPImporta.exe: 00004664: 11:09:38 [TUniServerModule]:Start Path = C:\Projetos_WEB\ERP_Importa\
ERPImporta.exe: 00004664: 11:09:38 [TUniServerModule]:Debug Mode = ON
ERPImporta.exe: 00004664: 11:09:38 [TUniServerModule]:Starting HTTP Server on Port: 8077...
ERPImporta.exe: 00004664: 11:09:38 [TUniServerModule]:HTTP Server Started on Port: 8077
ERPImporta.exe: 00003EDC: 11:10:08 [[FireDAC][Phys][ODBC][Microsoft][SQL Server Native Client 11.0][SQL Server]Invalid object name 'CSTTabelaB'.-127.0.0.1]:EMSSQLNativeException : [FireDAC][Phys][ODBC][Microsoft][SQL Server Native Client 11.0][SQL Server]Invalid object name 'CSTTabelaB'. : Addr: $008DF4ED
ERPImporta.exe: 00003DF8: 11:14:46 [127.0.0.1]:EUniSessionException : Sessão inváilda ou tempo da sessão expirado. (Invalid URI: /:Projetos_WEB%0ERP_Importa%0Filesimages%0Botoes ) : Addr: $007CFB6C
ERPImporta.exe: 000048B0: 11:14:46 [127.0.0.1]:EUniSessionException : Sessão inváilda ou tempo da sessão expirado. (Invalid URI: /Projetos_WEB%0ERP_Importa%0Filesimages%0Botoes ) : Addr: $007CFB6C
ERPImporta.exe: 00003564: 11:14:48 [127.0.0.1]:EUniSessionException : Sessão inváilda ou tempo da sessão expirado. (Invalid URI: /Projetos_WEB%0ERP_Importa%0Filesimages%0Botoes ) : Addr: $007CFB6C
ERPImporta.exe: 00000E6C: 11:14:49 [127.0.0.1]:EUniSessionException : Sessão inváilda ou tempo da sessão expirado. (Invalid URI: /fProjetos_WEB%0ERP_Importa%0Filesimages%0Botoes ) : Addr: $007CFB6C
ERPImporta.exe: 000045A0: 11:14:49 [127.0.0.1]:EUniSessionException : Sessão inváilda ou tempo da sessão expirado. (Invalid URI: /fiProjetos_WEB%0ERP_Importa%0Filesimages%0Botoes ) : Addr: $007CFB6C
ERPImporta.exe: 00004D34: 11:14:49 [127.0.0.1]:EUniSessionException : Sessão inváilda ou tempo da sessão expirado. (Invalid URI: /filProjetos_WEB%0ERP_Importa%0Filesimages%0Botoes ) : Addr: $007CFB6C
ERPImporta.exe: 00004588: 11:14:49 [127.0.0.1]:EUniSessionException : Sessão inváilda ou tempo da sessão expirado. (Invalid URI: /fileProjetos_WEB%0ERP_Importa%0Filesimages%0Botoes ) : Addr: $007CFB6C
ERPImporta.exe: 00004F0C: 11:14:50 [127.0.0.1]:EUniSessionException : Sessão inváilda ou tempo da sessão expirado. (Invalid URI: /filesProjetos_WEB%0ERP_Importa%0Filesimages%0Botoes ) : Addr: $007CFB6C
ERPImporta.exe: 00001974: 11:14:50 [127.0.0.1]:EUniSessionException : Sessão inváilda ou tempo da sessão expirado. (Invalid URI: /filesProjetos_WEB%0ERP_Importa%0Filesimages%0Botoes ) : Addr: $007CFB6C
ERPImporta.exe: 0000187C: 11:14:51 [127.0.0.1]:EUniSessionException : Sessão inváilda ou tempo da sessão expirado. (Invalid URI: /filesrojetos_WEB%0ERP_Importa%0Filesimages%0Botoes ) : Addr: $007CFB6C
ERPImporta.exe: 00003850: 11:14:52 [127.0.0.1]:EUniSessionException : Sessão inváilda ou tempo da sessão expirado. (Invalid URI: /filesojetos_WEB%0ERP_Importa%0Filesimages%0Botoes ) : Addr: $007CFB6C
ERPImporta.exe: 00004734: 11:14:53 [127.0.0.1]:EUniSessionException : Sessão inváilda ou tempo da sessão expirado. (Invalid URI: /filesjetos_WEB%0ERP_Importa%0Filesimages%0Botoes ) : Addr: $007CFB6C
ERPImporta.exe: 000038FC: 11:14:53 [127.0.0.1]:EUniSessionException : Sessão inváilda ou tempo da sessão expirado. (Invalid URI: /filesetos_WEB%0ERP_Importa%0Filesimages%0Botoes ) : Addr: $007CFB6C
ERPImporta.exe: 000013D8: 11:14:53 [127.0.0.1]:EUniSessionException : Sessão inváilda ou tempo da sessão expirado. (Invalid URI: /filestos_WEB%0ERP_Importa%0Filesimages%0Botoes ) : Addr: $007CFB6C
ERPImporta.exe: 00004C48: 11:14:53 [127.0.0.1]:EUniSessionException : Sessão inváilda ou tempo da sessão expirado. (Invalid URI: /filesos_WEB%0ERP_Importa%0Filesimages%0Botoes ) : Addr: $007CFB6C
ERPImporta.exe: 00004C8C: 11:14:54 [127.0.0.1]:EUniSessionException : Sessão inváilda ou tempo da sessão expirado. (Invalid URI: /files_WEB%0ERP_Importa%0Filesimages%0Botoes ) : Addr: $007CFB6C
ERPImporta.exe: 00003F10: 11:14:54 [127.0.0.1]:EUniSessionException : Sessão inváilda ou tempo da sessão expirado. (Invalid URI: /filesEB%0ERP_Importa%0Filesimages%0Botoes ) : Addr: $007CFB6C
ERPImporta.exe: 00004024: 11:14:54 [127.0.0.1]:EUniSessionException : Sessão inváilda ou tempo da sessão expirado. (Invalid URI: /files%0ERP_Importa%0Filesimages%0Botoes ) : Addr: $007CFB6C
ERPImporta.exe: 00004688: 11:14:54 [127.0.0.1]:EUniSessionException : Sessão inváilda ou tempo da sessão expirado. (Invalid URI: /filesB%0ERP_Importa%0Filesimages%0Botoes ) : Addr: $007CFB6C
ERPImporta.exe: 00001B2C: 11:14:54 [127.0.0.1]:EUniSessionException : Sessão inváilda ou tempo da sessão expirado. (Invalid URI: /filesRP_Importa%0Filesimages%0Botoes ) : Addr: $007CFB6C
ERPImporta.exe: 000018DC: 11:14:54 [127.0.0.1]:EUniSessionException : Sessão inváilda ou tempo da sessão expirado. (Invalid URI: /files_Importa%0Filesimages%0Botoes ) : Addr: $007CFB6C
ERPImporta.exe: 00004FBC: 11:14:54 [127.0.0.1]:EUniSessionException : Sessão inváilda ou tempo da sessão expirado. (Invalid URI: /filesImporta%0Filesimages%0Botoes ) : Addr: $007CFB6C
ERPImporta.exe: 00001C9C: 11:14:54 [127.0.0.1]:EUniSessionException : Sessão inváilda ou tempo da sessão expirado. (Invalid URI: /filesmporta%0Filesimages%0Botoes ) : Addr: $007CFB6C
ERPImporta.exe: 00004AE4: 11:14:55 [127.0.0.1]:EUniSessionException : Sessão inváilda ou tempo da sessão expirado. (Invalid URI: /filemporta%0Filesimages%0Botoes ) : Addr: $007CFB6C
ERPImporta.exe: 000046E0: 11:14:55 [127.0.0.1]:EUniSessionException : Sessão inváilda ou tempo da sessão expirado. (Invalid URI: /filmporta%0Filesimages%0Botoes ) : Addr: $007CFB6C
ERPImporta.exe: 0000479C: 11:14:55 [127.0.0.1]:EUniSessionException : Sessão inváilda ou tempo da sessão expirado. (Invalid URI: /fimporta%0Filesimages%0Botoes ) : Addr: $007CFB6C
ERPImporta.exe: 000041E4: 11:14:55 [127.0.0.1]:EUniSessionException : Sessão inváilda ou tempo da sessão expirado. (Invalid URI: /fmporta%0Filesimages%0Botoes ) : Addr: $007CFB6C
ERPImporta.exe: 00004F90: 11:14:55 [127.0.0.1]:EUniSessionException : Sessão inváilda ou tempo da sessão expirado. (Invalid URI: /mporta%0Filesimages%0Botoes ) : Addr: $007CFB6C
ERPImporta.exe: 00000774: 11:14:56 [127.0.0.1]:EUniSessionException : Sessão inváilda ou tempo da sessão expirado. (Invalid URI: /mporta%0Filesimages%0Botoes ) : Addr: $007CFB6C
ERPImporta.exe: 0000250C: 11:14:57 [127.0.0.1]:EUniSessionException : Sessão inváilda ou tempo da sessão expirado. (Invalid URI: /porta%0Filesimages%0Botoes ) : Addr: $007CFB6C
ERPImporta.exe: 00002E10: 11:14:57 [127.0.0.1]:EUniSessionException : Sessão inváilda ou tempo da sessão expirado. (Invalid URI: /orta%0Filesimages%0Botoes ) : Addr: $007CFB6C
ERPImporta.exe: 000038CC: 11:14:57 [127.0.0.1]:EUniSessionException : Sessão inváilda ou tempo da sessão expirado. (Invalid URI: /rta%0Filesimages%0Botoes ) : Addr: $007CFB6C
ERPImporta.exe: 000024B8: 11:14:58 [127.0.0.1]:EUniSessionException : Sessão inváilda ou tempo da sessão expirado. (Invalid URI: /ta%0Filesimages%0Botoes ) : Addr: $007CFB6C
ERPImporta.exe: 00003EEC: 11:14:58 [127.0.0.1]:EUniSessionException : Sessão inváilda ou tempo da sessão expirado. (Invalid URI: /a%0Filesimages%0Botoes ) : Addr: $007CFB6C
ERPImporta.exe: 0000284C: 11:14:58 [127.0.0.1]:EUniSessionException : Sessão inváilda ou tempo da sessão expirado. (Invalid URI: /ilesimages%0Botoes ) : Addr: $007CFB6C
ERPImporta.exe: 00000CA8: 11:14:59 [127.0.0.1]:EUniSessionException : Sessão inváilda ou tempo da sessão expirado. (Invalid URI: /filesimages%0Botoes ) : Addr: $007CFB6C
ERPImporta.exe: 00003998: 11:15:02 [127.0.0.1]:EUniSessionException : Sessão inváilda ou tempo da sessão expirado. (Invalid URI: /filesimages%0Botoes ) : Addr: $007CFB6C
ERPImporta.exe: 000019E4: 11:15:02 [127.0.0.1]:EUniSessionException : Sessão inváilda ou tempo da sessão expirado. (Invalid URI: /files/images%0Botoes ) : Addr: $007CFB6C
ERPImporta.exe: 000020C4: 11:15:04 [127.0.0.1]:EUniSessionException : Sessão inváilda ou tempo da sessão expirado. (Invalid URI: /files/imagesBotoes ) : Addr: $007CFB6C
ERPImporta.exe: 0000429C: 11:15:04 [127.0.0.1]:EUniSessionException : Sessão inváilda ou tempo da sessão expirado. (Invalid URI: /files/images/Botoes ) : Addr: $007CFB6C
ERPImporta.exe: 00003C68: 11:15:07 [127.0.0.1]:EUniSessionException : Sessão inváilda ou tempo da sessão expirado. (Invalid URI: /files/images/Botoes/ ) : Addr: $007CFB6C
ERPImporta.exe: 00003264: 11:15:09 [127.0.0.1]:EUniSessionException : Sessão inváilda ou tempo da sessão expirado. (Invalid URI: /files/images/Botoes/1 ) : Addr: $007CFB6C
ERPImporta.exe: 0000319C: 11:15:10 [HandleFileRequest[127.0.0.1]]:Access denied: C:\Projetos_WEB\ERP_Importa\files\images\Botoes\1.
ERPImporta.exe: 00004878: 11:15:10 [HandleFileRequest[127.0.0.1]]:File not found: C:\Projetos_WEB\ERP_Importa\files\images\Botoes\1.p
ERPImporta.exe: 0000233C: 11:15:11 [HandleFileRequest[127.0.0.1]]:Access denied: C:\Projetos_WEB\ERP_Importa\files\images\Botoes\1.pn.
ERPImporta.exe: 000004F8: 11:24:18 []:>--------------------------------------------------------------<
ERPImporta.exe: 000004F8: 11:24:18 [TUniServerModule]:Server First Init.
ERPImporta.exe: 000004F8: 11:24:18 [TUniServerModule]:Start Path = C:\Projetos_WEB\ERP_Importa\
ERPImporta.exe: 000004F8: 11:24:18 [TUniServerModule]:Debug Mode = ON
ERPImporta.exe: 000004F8: 11:24:18 [TUniGUISessionManager]:Cache erase job created, Folder count: [1]
ERPImporta.exe: 000004F8: 11:24:18 [TUniServerModule]:Starting HTTP Server on Port: 8077...
ERPImporta.exe: 000004F8: 11:24:19 [TUniServerModule]:HTTP Server Started on Port: 8077
ERPImporta.exe: 00004F5C: 11:36:15 [127.0.0.1]:EUniSessionException : Sessão inváilda ou tempo da sessão expirado. (Session not found: clCiBhQCOp110561DE9 ) : Addr: $007CFB6C
ERPImporta.exe: 000024A4: 11:36:19 []:>--------------------------------------------------------------<
ERPImporta.exe: 000024A4: 11:36:19 [TUniServerModule]:Server First Init.
ERPImporta.exe: 000024A4: 11:36:20 [TUniServerModule]:Start Path = C:\Projetos_WEB\ERP_Importa\
ERPImporta.exe: 000024A4: 11:36:20 [TUniServerModule]:Debug Mode = ON
ERPImporta.exe: 000024A4: 11:36:20 [TUniServerModule]:Starting HTTP Server on Port: 8077...
ERPImporta.exe: 000024A4: 11:36:20 [TUniServerModule]:HTTP Server Started on Port: 8077
ERPImporta.exe: 00000740: 11:40:46 []:>--------------------------------------------------------------<
ERPImporta.exe: 00000740: 11:40:46 [TUniServerModule]:Server First Init.
ERPImporta.exe: 00000740: 11:40:46 [TUniServerModule]:Start Path = C:\Projetos_WEB\ERP_Importa\
ERPImporta.exe: 00000740: 11:40:46 [TUniServerModule]:Debug Mode = ON
ERPImporta.exe: 00000740: 11:40:46 [TUniGUISessionManager]:Cache erase job created, Folder count: [1]
ERPImporta.exe: 00000740: 11:40:46 [TUniServerModule]:Starting HTTP Server on Port: 8077...
ERPImporta.exe: 00000740: 11:40:46 [TUniServerModule]:HTTP Server Started on Port: 8077
ERPImporta.exe: 0000440C: 11:41:46 []:>--------------------------------------------------------------<
ERPImporta.exe: 0000440C: 11:41:46 [TUniServerModule]:Server First Init.
ERPImporta.exe: 0000440C: 11:41:46 [TUniServerModule]:Start Path = C:\Projetos_WEB\ERP_Importa\
ERPImporta.exe: 0000440C: 11:41:46 [TUniServerModule]:Debug Mode = ON
ERPImporta.exe: 0000440C: 11:41:46 [TUniGUISessionManager]:Cache erase job created, Folder count: [1]
ERPImporta.exe: 0000440C: 11:41:46 [TUniServerModule]:Starting HTTP Server on Port: 8077...
ERPImporta.exe: 0000440C: 11:41:46 [TUniServerModule]:HTTP Server Started on Port: 8077
ERPImporta.exe: 00001480: 11:43:13 []:>--------------------------------------------------------------<
ERPImporta.exe: 00001480: 11:43:13 [TUniServerModule]:Server First Init.
ERPImporta.exe: 00001480: 11:43:13 [TUniServerModule]:Start Path = C:\Projetos_WEB\ERP_Importa\
ERPImporta.exe: 00001480: 11:43:13 [TUniServerModule]:Debug Mode = ON
ERPImporta.exe: 00001480: 11:43:13 [TUniServerModule]:Starting HTTP Server on Port: 8077...
ERPImporta.exe: 00001480: 11:43:13 [TUniServerModule]:HTTP Server Started on Port: 8077
ERPImporta.exe: 00003B9C: 11:44:19 []:>--------------------------------------------------------------<
ERPImporta.exe: 00003B9C: 11:44:19 [TUniServerModule]:Server First Init.
ERPImporta.exe: 00003B9C: 11:44:19 [TUniServerModule]:Start Path = C:\Projetos_WEB\ERP_Importa\
ERPImporta.exe: 00003B9C: 11:44:19 [TUniServerModule]:Debug Mode = ON
ERPImporta.exe: 00003B9C: 11:44:19 [TUniGUISessionManager]:Cache erase job created, Folder count: [1]
ERPImporta.exe: 00003B9C: 11:44:20 [TUniServerModule]:Starting HTTP Server on Port: 8077...
ERPImporta.exe: 00003B9C: 11:44:20 [TUniServerModule]:HTTP Server Started on Port: 8077
ERPImporta.exe: 0000397C: 11:45:32 []:>--------------------------------------------------------------<
ERPImporta.exe: 0000397C: 11:45:32 [TUniServerModule]:Server First Init.
ERPImporta.exe: 0000397C: 11:45:32 [TUniServerModule]:Start Path = C:\Projetos_WEB\ERP_Importa\
ERPImporta.exe: 0000397C: 11:45:32 [TUniServerModule]:Debug Mode = ON
ERPImporta.exe: 0000397C: 11:45:32 [TUniGUISessionManager]:Cache erase job created, Folder count: [1]
ERPImporta.exe: 0000397C: 11:45:32 [TUniServerModule]:Starting HTTP Server on Port: 8077...
ERPImporta.exe: 0000397C: 11:45:33 [TUniServerModule]:HTTP Server Started on Port: 8077
ERPImporta.exe: 000021C4: 11:46:38 [127.0.0.1]:EUniSessionException : Sessão inváilda ou tempo da sessão expirado. (Session not found: ywQY5sx2PY110562751 ) : Addr: $007CFB6C
ERPImporta.exe: 00004658: 11:48:25 []:>--------------------------------------------------------------<
ERPImporta.exe: 00004658: 11:48:25 [TUniServerModule]:Server First Init.
ERPImporta.exe: 00004658: 11:48:25 [TUniServerModule]:Start Path = C:\Projetos_WEB\ERP_Importa\
ERPImporta.exe: 00004658: 11:48:25 [TUniServerModule]:Debug Mode = ON
ERPImporta.exe: 00004658: 11:48:26 [TUniServerModule]:Starting HTTP Server on Port: 8077...
ERPImporta.exe: 00004658: 11:48:26 [TUniServerModule]:HTTP Server Started on Port: 8077
ERPImporta.exe: 000006A4: 11:50:46 []:>--------------------------------------------------------------<
ERPImporta.exe: 000006A4: 11:50:46 [TUniServerModule]:Server First Init.
ERPImporta.exe: 000006A4: 11:50:46 [TUniServerModule]:Start Path = C:\Projetos_WEB\ERP_Importa\
ERPImporta.exe: 000006A4: 11:50:46 [TUniServerModule]:Debug Mode = ON
ERPImporta.exe: 000006A4: 11:50:46 [TUniGUISessionManager]:Cache erase job created, Folder count: [1]
ERPImporta.exe: 000006A4: 11:50:46 [TUniServerModule]:Starting HTTP Server on Port: 8077...
ERPImporta.exe: 000006A4: 11:50:46 [TUniServerModule]:HTTP Server Started on Port: 8077
ERPImporta.exe: 000028BC: 11:55:05 []:>--------------------------------------------------------------<
ERPImporta.exe: 000028BC: 11:55:05 [TUniServerModule]:Server First Init.
ERPImporta.exe: 000028BC: 11:55:05 [TUniServerModule]:Start Path = C:\Projetos_WEB\ERP_Importa\
ERPImporta.exe: 000028BC: 11:55:05 [TUniServerModule]:Debug Mode = ON
ERPImporta.exe: 000028BC: 11:55:05 [TUniGUISessionManager]:Cache erase job created, Folder count: [1]
ERPImporta.exe: 000028BC: 11:55:06 [TUniServerModule]:Starting HTTP Server on Port: 8077...
ERPImporta.exe: 000028BC: 11:55:06 [TUniServerModule]:HTTP Server Started on Port: 8077
ERPImporta.exe: 0000044C: 11:56:44 [HandleFileRequest[127.0.0.1]]:File not found: C:\Projetos_WEB\ERP_Importa\favicon.ico
ERPImporta.exe: 00003D70: 11:58:11 []:>--------------------------------------------------------------<
ERPImporta.exe: 00003D70: 11:58:11 [TUniServerModule]:Server First Init.
ERPImporta.exe: 00003D70: 11:58:11 [TUniServerModule]:Start Path = C:\Projetos_WEB\ERP_Importa\
ERPImporta.exe: 00003D70: 11:58:11 [TUniServerModule]:Debug Mode = ON
ERPImporta.exe: 00003D70: 11:58:11 [TUniGUISessionManager]:Cache erase job created, Folder count: [2]
ERPImporta.exe: 00003D70: 11:58:11 [TUniServerModule]:Starting HTTP Server on Port: 8077...
ERPImporta.exe: 00003D70: 11:58:11 [TUniServerModule]:HTTP Server Started on Port: 8077
ERPImporta.exe: 0000308C: 11:59:27 []:>--------------------------------------------------------------<
ERPImporta.exe: 0000308C: 11:59:27 [TUniServerModule]:Server First Init.
ERPImporta.exe: 0000308C: 11:59:27 [TUniServerModule]:Start Path = C:\Projetos_WEB\ERP_Importa\
ERPImporta.exe: 0000308C: 11:59:27 [TUniServerModule]:Debug Mode = ON
ERPImporta.exe: 0000308C: 11:59:27 [TUniGUISessionManager]:Cache erase job created, Folder count: [1]
ERPImporta.exe: 0000308C: 11:59:28 [TUniServerModule]:Starting HTTP Server on Port: 8077...
ERPImporta.exe: 0000308C: 11:59:28 [TUniServerModule]:HTTP Server Started on Port: 8077
ERPImporta.exe: 000014D0: 12:06:46 []:>--------------------------------------------------------------<
ERPImporta.exe: 000014D0: 12:06:46 [TUniServerModule]:Server First Init.
ERPImporta.exe: 000014D0: 12:06:46 [TUniServerModule]:Start Path = C:\Projetos_WEB\ERP_Importa\
ERPImporta.exe: 000014D0: 12:06:46 [TUniServerModule]:Debug Mode = ON
ERPImporta.exe: 000014D0: 12:06:46 [TUniGUISessionManager]:Cache erase job created, Folder count: [1]
ERPImporta.exe: 000014D0: 12:06:47 [TUniServerModule]:Starting HTTP Server on Port: 8077...
ERPImporta.exe: 000014D0: 12:06:47 [TUniServerModule]:HTTP Server Started on Port: 8077
ERPImporta.exe: 00004484: 12:12:21 []:>--------------------------------------------------------------<
ERPImporta.exe: 00004484: 12:12:21 [TUniServerModule]:Server First Init.
ERPImporta.exe: 00004484: 12:12:21 [TUniServerModule]:Start Path = C:\Projetos_WEB\ERP_Importa\
ERPImporta.exe: 00004484: 12:12:21 [TUniServerModule]:Debug Mode = ON
ERPImporta.exe: 00004484: 12:12:21 [TUniServerModule]:Starting HTTP Server on Port: 8077...
ERPImporta.exe: 00004484: 12:12:21 [TUniServerModule]:HTTP Server Started on Port: 8077
ERPImporta.exe: 00003A98: 12:13:05 [127.0.0.1]:EMSSQLNativeException : [FireDAC][Phys][ODBC][Microsoft][SQL Server Native Client 11.0][SQL Server]Invalid column name 'Navio_Nome'. : Addr: $008DF4ED
ERPImporta.exe: 00003B20: 12:13:36 []:>--------------------------------------------------------------<
ERPImporta.exe: 00003B20: 12:13:36 [TUniServerModule]:Server First Init.
ERPImporta.exe: 00003B20: 12:13:36 [TUniServerModule]:Start Path = C:\Projetos_WEB\ERP_Importa\
ERPImporta.exe: 00003B20: 12:13:36 [TUniServerModule]:Debug Mode = ON
ERPImporta.exe: 00003B20: 12:13:36 [TUniGUISessionManager]:Cache erase job created, Folder count: [1]
ERPImporta.exe: 00003B20: 12:13:36 [TUniServerModule]:Starting HTTP Server on Port: 8077...
ERPImporta.exe: 00003B20: 12:13:36 [TUniServerModule]:HTTP Server Started on Port: 8077
ERPImporta.exe: 0000470C: 12:14:10 [127.0.0.1]:EUniSessionException : Sessão inváilda ou tempo da sessão expirado. (Session not found: l5cEViOkN8110562EEB ) : Addr: $007CFB6C
ERPImporta.exe: 000014DC: 12:14:31 []:>--------------------------------------------------------------<
ERPImporta.exe: 000014DC: 12:14:31 [TUniServerModule]:Server First Init.
ERPImporta.exe: 000014DC: 12:14:31 [TUniServerModule]:Start Path = C:\Projetos_WEB\ERP_Importa\
ERPImporta.exe: 000014DC: 12:14:31 [TUniServerModule]:Debug Mode = ON
ERPImporta.exe: 000014DC: 12:14:31 [TUniServerModule]:Starting HTTP Server on Port: 8077...
ERPImporta.exe: 000014DC: 12:14:32 [TUniServerModule]:HTTP Server Started on Port: 8077
ERPImporta.exe: 00002B98: 12:15:07 []:>--------------------------------------------------------------<
ERPImporta.exe: 00002B98: 12:15:07 [TUniServerModule]:Server First Init.
ERPImporta.exe: 00002B98: 12:15:07 [TUniServerModule]:Start Path = C:\Projetos_WEB\ERP_Importa\
ERPImporta.exe: 00002B98: 12:15:07 [TUniServerModule]:Debug Mode = ON
ERPImporta.exe: 00002B98: 12:15:07 [TUniGUISessionManager]:Cache erase job created, Folder count: [1]
ERPImporta.exe: 00002B98: 12:15:07 [TUniServerModule]:Starting HTTP Server on Port: 8077...
ERPImporta.exe: 00002B98: 12:15:07 [TUniServerModule]:HTTP Server Started on Port: 8077
ERPImporta.exe: 00003864: 12:15:49 []:>--------------------------------------------------------------<
ERPImporta.exe: 00003864: 12:15:49 [TUniServerModule]:Server First Init.
ERPImporta.exe: 00003864: 12:15:49 [TUniServerModule]:Start Path = C:\Projetos_WEB\ERP_Importa\
ERPImporta.exe: 00003864: 12:15:49 [TUniServerModule]:Debug Mode = ON
ERPImporta.exe: 00003864: 12:15:49 [TUniServerModule]:Starting HTTP Server on Port: 8077...
ERPImporta.exe: 00003864: 12:15:49 [TUniServerModule]:HTTP Server Started on Port: 8077
ERPImporta.exe: 000048D8: 12:17:09 []:>--------------------------------------------------------------<
ERPImporta.exe: 000048D8: 12:17:09 [TUniServerModule]:Server First Init.
ERPImporta.exe: 000048D8: 12:17:09 [TUniServerModule]:Start Path = C:\Projetos_WEB\ERP_Importa\
ERPImporta.exe: 000048D8: 12:17:09 [TUniServerModule]:Debug Mode = ON
ERPImporta.exe: 000048D8: 12:17:09 [TUniGUISessionManager]:Cache erase job created, Folder count: [1]
ERPImporta.exe: 000048D8: 12:17:09 [TUniServerModule]:Starting HTTP Server on Port: 8077...
ERPImporta.exe: 000048D8: 12:17:09 [TUniServerModule]:HTTP Server Started on Port: 8077
ERPImporta.exe: 0000433C: 12:31:18 []:>--------------------------------------------------------------<
ERPImporta.exe: 0000433C: 12:31:18 [TUniServerModule]:Server First Init.
ERPImporta.exe: 0000433C: 12:31:18 [TUniServerModule]:Start Path = C:\Projetos_WEB\ERP_Importa\
ERPImporta.exe: 0000433C: 12:31:18 [TUniServerModule]:Debug Mode = ON
ERPImporta.exe: 0000433C: 12:31:18 [TUniGUISessionManager]:Cache erase job created, Folder count: [1]
ERPImporta.exe: 0000433C: 12:31:19 [TUniServerModule]:Starting HTTP Server on Port: 8077...
ERPImporta.exe: 0000433C: 12:31:19 [TUniServerModule]:HTTP Server Started on Port: 8077
ERPImporta.exe: 00001684: 12:33:15 []:>--------------------------------------------------------------<
ERPImporta.exe: 00001684: 12:33:15 [TUniServerModule]:Server First Init.
ERPImporta.exe: 00001684: 12:33:15 [TUniServerModule]:Start Path = C:\Projetos_WEB\ERP_Importa\
ERPImporta.exe: 00001684: 12:33:15 [TUniServerModule]:Debug Mode = ON
ERPImporta.exe: 00001684: 12:33:16 [TUniServerModule]:Starting HTTP Server on Port: 8077...
ERPImporta.exe: 00001684: 12:33:16 [TUniServerModule]:HTTP Server Started on Port: 8077
ERPImporta.exe: 00001C50: 12:33:20 [HandleFileRequest[127.0.0.1]]:File not found: C:\Projetos_WEB\ERP_Importa\files\images\fundopasta.png
ERPImporta.exe: 0000083C: 12:34:10 []:>--------------------------------------------------------------<
ERPImporta.exe: 0000083C: 12:34:10 [TUniServerModule]:Server First Init.
ERPImporta.exe: 0000083C: 12:34:10 [TUniServerModule]:Start Path = C:\Projetos_WEB\ERP_Importa\
ERPImporta.exe: 0000083C: 12:34:10 [TUniServerModule]:Debug Mode = ON
ERPImporta.exe: 0000083C: 12:34:10 [TUniServerModule]:Starting HTTP Server on Port: 8077...
ERPImporta.exe: 0000083C: 12:34:10 [TUniServerModule]:HTTP Server Started on Port: 8077
ERPImporta.exe: 000025B0: 12:34:48 [127.0.0.1]:EMSSQLNativeException : [FireDAC][Phys][ODBC][Microsoft][SQL Server Native Client 11.0][SQL Server]Invalid column name 'Navio_Nome'. : Addr: $008DF4ED
ERPImporta.exe: 00003C74: 12:35:55 []:>--------------------------------------------------------------<
ERPImporta.exe: 00003C74: 12:35:55 [TUniServerModule]:Server First Init.
ERPImporta.exe: 00003C74: 12:35:55 [TUniServerModule]:Start Path = C:\Projetos_WEB\ERP_Importa\
ERPImporta.exe: 00003C74: 12:35:55 [TUniServerModule]:Debug Mode = ON
ERPImporta.exe: 00003C74: 12:35:56 [TUniServerModule]:Starting HTTP Server on Port: 8077...
ERPImporta.exe: 00003C74: 12:35:56 [TUniServerModule]:HTTP Server Started on Port: 8077
ERPImporta.exe: 000037C0: 12:37:31 []:>--------------------------------------------------------------<
ERPImporta.exe: 000037C0: 12:37:31 [TUniServerModule]:Server First Init.
ERPImporta.exe: 000037C0: 12:37:31 [TUniServerModule]:Start Path = C:\Projetos_WEB\ERP_Importa\
ERPImporta.exe: 000037C0: 12:37:31 [TUniServerModule]:Debug Mode = ON
ERPImporta.exe: 000037C0: 12:37:32 [TUniGUISessionManager]:Cache erase job created, Folder count: [1]
ERPImporta.exe: 000037C0: 12:37:32 [TUniServerModule]:Starting HTTP Server on Port: 8077...
ERPImporta.exe: 000037C0: 12:37:32 [TUniServerModule]:HTTP Server Started on Port: 8077
ERPImporta.exe: 00003274: 12:38:41 []:>--------------------------------------------------------------<
ERPImporta.exe: 00003274: 12:38:41 [TUniServerModule]:Server First Init.
ERPImporta.exe: 00003274: 12:38:41 [TUniServerModule]:Start Path = C:\Projetos_WEB\ERP_Importa\
ERPImporta.exe: 00003274: 12:38:41 [TUniServerModule]:Debug Mode = ON
ERPImporta.exe: 00003274: 12:38:41 [TUniGUISessionManager]:Cache erase job created, Folder count: [1]
ERPImporta.exe: 00003274: 12:38:42 [TUniServerModule]:Starting HTTP Server on Port: 8077...
ERPImporta.exe: 00003274: 12:38:42 [TUniServerModule]:HTTP Server Started on Port: 8077
ERPImporta.exe: 00001D94: 12:45:26 []:>--------------------------------------------------------------<
ERPImporta.exe: 00001D94: 12:45:26 [TUniServerModule]:Server First Init.
ERPImporta.exe: 00001D94: 12:45:26 [TUniServerModule]:Start Path = C:\Projetos_WEB\ERP_Importa\
ERPImporta.exe: 00001D94: 12:45:26 [TUniServerModule]:Debug Mode = ON
ERPImporta.exe: 00001D94: 12:45:26 [TUniServerModule]:Starting HTTP Server on Port: 8077...
ERPImporta.exe: 00001D94: 12:45:26 [TUniServerModule]:HTTP Server Started on Port: 8077
ERPImporta.exe: 000043AC: 12:52:34 []:>--------------------------------------------------------------<
ERPImporta.exe: 000043AC: 12:52:34 [TUniServerModule]:Server First Init.
ERPImporta.exe: 000043AC: 12:52:34 [TUniServerModule]:Start Path = C:\Projetos_WEB\ERP_Importa\
ERPImporta.exe: 000043AC: 12:52:34 [TUniServerModule]:Debug Mode = ON
ERPImporta.exe: 000043AC: 12:52:34 [TUniServerModule]:Starting HTTP Server on Port: 8077...
ERPImporta.exe: 000043AC: 12:52:34 [TUniServerModule]:HTTP Server Started on Port: 8077
ERPImporta.exe: 000016E8: 12:53:37 []:>--------------------------------------------------------------<
ERPImporta.exe: 000016E8: 12:53:37 [TUniServerModule]:Server First Init.
ERPImporta.exe: 000016E8: 12:53:37 [TUniServerModule]:Start Path = C:\Projetos_WEB\ERP_Importa\
ERPImporta.exe: 000016E8: 12:53:37 [TUniServerModule]:Debug Mode = ON
ERPImporta.exe: 000016E8: 12:53:37 [TUniGUISessionManager]:Cache erase job created, Folder count: [1]
ERPImporta.exe: 000016E8: 12:53:37 [TUniServerModule]:Starting HTTP Server on Port: 8077...
ERPImporta.exe: 000016E8: 12:53:38 [TUniServerModule]:HTTP Server Started on Port: 8077
ERPImporta.exe: 000045E8: 17:42:43 [127.0.0.1]:EUniSessionException : Sessão inváilda ou tempo da sessão expirado. (Session not found: dnBZ3gvC8f110563A1D ) : Addr: $007CFB6C
ERPImporta.exe: 00002274: 17:43:42 []:>--------------------------------------------------------------<
ERPImporta.exe: 00002274: 17:43:42 [TUniServerModule]:Server First Init.
ERPImporta.exe: 00002274: 17:43:42 [TUniServerModule]:Start Path = C:\Projetos_WEB\ERP_Importa\
ERPImporta.exe: 00002274: 17:43:42 [TUniServerModule]:Debug Mode = ON
ERPImporta.exe: 00002274: 17:43:42 [TUniGUISessionManager]:Cache erase job created, Folder count: [1]
ERPImporta.exe: 00002274: 17:43:42 [TUniServerModule]:Starting HTTP Server on Port: 8077...
ERPImporta.exe: 00002274: 17:43:42 [TUniServerModule]:HTTP Server Started on Port: 8077
ERPImporta.exe: 00004CC8: 17:45:00 []:>--------------------------------------------------------------<
ERPImporta.exe: 00004CC8: 17:45:00 [TUniServerModule]:Server First Init.
ERPImporta.exe: 00004CC8: 17:45:00 [TUniServerModule]:Start Path = C:\Projetos_WEB\ERP_Importa\
ERPImporta.exe: 00004CC8: 17:45:00 [TUniServerModule]:Debug Mode = ON
ERPImporta.exe: 00004CC8: 17:45:00 [TUniServerModule]:Starting HTTP Server on Port: 8077...
ERPImporta.exe: 00004CC8: 17:45:00 [TUniServerModule]:HTTP Server Started on Port: 8077
ERPImporta.exe: 00004F34: 17:45:48 []:>--------------------------------------------------------------<
ERPImporta.exe: 00004F34: 17:45:48 [TUniServerModule]:Server First Init.
ERPImporta.exe: 00004F34: 17:45:48 [TUniServerModule]:Start Path = C:\Projetos_WEB\ERP_Importa\
ERPImporta.exe: 00004F34: 17:45:48 [TUniServerModule]:Debug Mode = ON
ERPImporta.exe: 00004F34: 17:45:48 [TUniGUISessionManager]:Cache erase job created, Folder count: [1]
ERPImporta.exe: 00004F34: 17:45:49 [TUniServerModule]:Starting HTTP Server on Port: 8077...
ERPImporta.exe: 00004F34: 17:45:49 [TUniServerModule]:HTTP Server Started on Port: 8077
ERPImporta.exe: 00002E80: 17:46:31 []:>--------------------------------------------------------------<
ERPImporta.exe: 00002E80: 17:46:31 [TUniServerModule]:Server First Init.
ERPImporta.exe: 00002E80: 17:46:31 [TUniServerModule]:Start Path = C:\Projetos_WEB\ERP_Importa\
ERPImporta.exe: 00002E80: 17:46:31 [TUniServerModule]:Debug Mode = ON
ERPImporta.exe: 00002E80: 17:46:31 [TUniGUISessionManager]:Cache erase job created, Folder count: [1]
ERPImporta.exe: 00002E80: 17:46:31 [TUniServerModule]:Starting HTTP Server on Port: 8077...
ERPImporta.exe: 00002E80: 17:46:31 [TUniServerModule]:HTTP Server Started on Port: 8077
ERPImporta.exe: 00003EDC: 17:48:32 []:>--------------------------------------------------------------<
ERPImporta.exe: 00003EDC: 17:48:32 [TUniServerModule]:Server First Init.
ERPImporta.exe: 00003EDC: 17:48:32 [TUniServerModule]:Start Path = C:\Projetos_WEB\ERP_Importa\
ERPImporta.exe: 00003EDC: 17:48:32 [TUniServerModule]:Debug Mode = ON
ERPImporta.exe: 00003EDC: 17:48:32 [TUniGUISessionManager]:Cache erase job created, Folder count: [1]
ERPImporta.exe: 00003EDC: 17:48:32 [TUniServerModule]:Starting HTTP Server on Port: 8077...
ERPImporta.exe: 00003EDC: 17:48:32 [TUniServerModule]:HTTP Server Started on Port: 8077
ERPImporta.exe: 00004C44: 17:50:18 []:>--------------------------------------------------------------<
ERPImporta.exe: 00004C44: 17:50:18 [TUniServerModule]:Server First Init.
ERPImporta.exe: 00004C44: 17:50:18 [TUniServerModule]:Start Path = C:\Projetos_WEB\ERP_Importa\
ERPImporta.exe: 00004C44: 17:50:18 [TUniServerModule]:Debug Mode = ON
ERPImporta.exe: 00004C44: 17:50:18 [TUniServerModule]:Starting HTTP Server on Port: 8077...
ERPImporta.exe: 00004C44: 17:50:18 [TUniServerModule]:HTTP Server Started on Port: 8077
ERPImporta.exe: 0000408C: 17:51:58 []:>--------------------------------------------------------------<
ERPImporta.exe: 0000408C: 17:51:58 [TUniServerModule]:Server First Init.
ERPImporta.exe: 0000408C: 17:51:58 [TUniServerModule]:Start Path = C:\Projetos_WEB\ERP_Importa\
ERPImporta.exe: 0000408C: 17:51:58 [TUniServerModule]:Debug Mode = ON
ERPImporta.exe: 0000408C: 17:51:58 [TUniServerModule]:Starting HTTP Server on Port: 8077...
ERPImporta.exe: 0000408C: 17:51:58 [TUniServerModule]:HTTP Server Started on Port: 8077
ERPImporta.exe: 00004104: 17:52:50 []:>--------------------------------------------------------------<
ERPImporta.exe: 00004104: 17:52:50 [TUniServerModule]:Server First Init.
ERPImporta.exe: 00004104: 17:52:50 [TUniServerModule]:Start Path = C:\Projetos_WEB\ERP_Importa\
ERPImporta.exe: 00004104: 17:52:51 [TUniServerModule]:Debug Mode = ON
ERPImporta.exe: 00004104: 17:52:51 [TUniGUISessionManager]:Cache erase job created, Folder count: [1]
ERPImporta.exe: 00004104: 17:52:51 [TUniServerModule]:Starting HTTP Server on Port: 8077...
ERPImporta.exe: 00004104: 17:52:51 [TUniServerModule]:HTTP Server Started on Port: 8077
ERPImporta.exe: 000033FC: 17:52:55 [HandleFileRequest[127.0.0.1]]:File not found: C:\Projetos_WEB\ERP_Importa\files\images\papel_pardo.jpg
ERPImporta.exe: 00004E14: 17:53:43 []:>--------------------------------------------------------------<
ERPImporta.exe: 00004E14: 17:53:43 [TUniServerModule]:Server First Init.
ERPImporta.exe: 00004E14: 17:53:43 [TUniServerModule]:Start Path = C:\Projetos_WEB\ERP_Importa\
ERPImporta.exe: 00004E14: 17:53:43 [TUniServerModule]:Debug Mode = ON
ERPImporta.exe: 00004E14: 17:53:43 [TUniGUISessionManager]:Cache erase job created, Folder count: [1]
ERPImporta.exe: 00004E14: 17:53:43 [TUniServerModule]:Starting HTTP Server on Port: 8077...
ERPImporta.exe: 00004E14: 17:53:43 [TUniServerModule]:HTTP Server Started on Port: 8077
ERPImporta.exe: 0000083C: 17:58:44 [127.0.0.1]:EUniSessionException : Sessão inváilda ou tempo da sessão expirado. (Session not found: BxiMMlEprU110568992 ) : Addr: $007CFB6C
ERPImporta.exe: 00004EA8: 17:59:18 []:>--------------------------------------------------------------<
ERPImporta.exe: 00004EA8: 17:59:18 [TUniServerModule]:Server First Init.
ERPImporta.exe: 00004EA8: 17:59:18 [TUniServerModule]:Start Path = C:\Projetos_WEB\ERP_Importa\
ERPImporta.exe: 00004EA8: 17:59:18 [TUniServerModule]:Debug Mode = ON
ERPImporta.exe: 00004EA8: 17:59:18 [TUniServerModule]:Starting HTTP Server on Port: 8077...
ERPImporta.exe: 00004EA8: 17:59:18 [TUniServerModule]:HTTP Server Started on Port: 8077
ERPImporta.exe: 00004F68: 18:03:52 []:>--------------------------------------------------------------<
ERPImporta.exe: 00004F68: 18:03:52 [TUniServerModule]:Server First Init.
ERPImporta.exe: 00004F68: 18:03:52 [TUniServerModule]:Start Path = C:\Projetos_WEB\ERP_Importa\
ERPImporta.exe: 00004F68: 18:03:52 [TUniServerModule]:Debug Mode = ON
ERPImporta.exe: 00004F68: 18:03:52 [TUniGUISessionManager]:Cache erase job created, Folder count: [1]
ERPImporta.exe: 00004F68: 18:03:52 [TUniServerModule]:Starting HTTP Server on Port: 8077...
ERPImporta.exe: 00004F68: 18:03:52 [TUniServerModule]:HTTP Server Started on Port: 8077
ERPImporta.exe: 00002A78: 18:05:30 []:>--------------------------------------------------------------<
ERPImporta.exe: 00002A78: 18:05:30 [TUniServerModule]:Server First Init.
ERPImporta.exe: 00002A78: 18:05:30 [TUniServerModule]:Start Path = C:\Projetos_WEB\ERP_Importa\
ERPImporta.exe: 00002A78: 18:05:30 [TUniServerModule]:Debug Mode = ON
ERPImporta.exe: 00002A78: 18:05:30 [TUniServerModule]:Starting HTTP Server on Port: 8077...
ERPImporta.exe: 00002A78: 18:05:30 [TUniServerModule]:HTTP Server Started on Port: 8077
ERPImporta.exe: 000009FC: 18:09:29 []:>--------------------------------------------------------------<
ERPImporta.exe: 000009FC: 18:09:29 [TUniServerModule]:Server First Init.
ERPImporta.exe: 000009FC: 18:09:29 [TUniServerModule]:Start Path = C:\Projetos_WEB\ERP_Importa\
ERPImporta.exe: 000009FC: 18:09:29 [TUniServerModule]:Debug Mode = ON
ERPImporta.exe: 000009FC: 18:09:29 [TUniServerModule]:Starting HTTP Server on Port: 8077...
ERPImporta.exe: 000009FC: 18:09:29 [TUniServerModule]:HTTP Server Started on Port: 8077
ERPImporta.exe: 00004C74: 18:10:41 []:>--------------------------------------------------------------<
ERPImporta.exe: 00004C74: 18:10:41 [TUniServerModule]:Server First Init.
ERPImporta.exe: 00004C74: 18:10:41 [TUniServerModule]:Start Path = C:\Projetos_WEB\ERP_Importa\
ERPImporta.exe: 00004C74: 18:10:41 [TUniServerModule]:Debug Mode = ON
ERPImporta.exe: 00004C74: 18:10:41 [TUniGUISessionManager]:Cache erase job created, Folder count: [1]
ERPImporta.exe: 00004C74: 18:10:41 [TUniServerModule]:Starting HTTP Server on Port: 8077...
ERPImporta.exe: 00004C74: 18:10:41 [TUniServerModule]:HTTP Server Started on Port: 8077
ERPImporta.exe: 00001B60: 18:10:42 [127.0.0.1]:EUniSessionException : Sessão inváilda ou tempo da sessão expirado. (Session not found: OrexwatCUf110568FCD ) : Addr: $007CFB6C
ERPImporta.exe: 00003018: 18:16:02 []:>--------------------------------------------------------------<
ERPImporta.exe: 00003018: 18:16:02 [TUniServerModule]:Server First Init.
ERPImporta.exe: 00003018: 18:16:02 [TUniServerModule]:Start Path = C:\Projetos_WEB\ERP_Importa\
ERPImporta.exe: 00003018: 18:16:02 [TUniServerModule]:Debug Mode = ON
ERPImporta.exe: 00003018: 18:16:02 [TUniGUISessionManager]:Cache erase job created, Folder count: [1]
ERPImporta.exe: 00003018: 18:16:02 [TUniServerModule]:Starting HTTP Server on Port: 8077...
ERPImporta.exe: 00003018: 18:16:02 [TUniServerModule]:HTTP Server Started on Port: 8077
ERPImporta.exe: 000007C8: 18:17:01 []:>--------------------------------------------------------------<
ERPImporta.exe: 000007C8: 18:17:01 [TUniServerModule]:Server First Init.
ERPImporta.exe: 000007C8: 18:17:01 [TUniServerModule]:Start Path = C:\Projetos_WEB\ERP_Importa\
ERPImporta.exe: 000007C8: 18:17:01 [TUniServerModule]:Debug Mode = ON
ERPImporta.exe: 000007C8: 18:17:01 [TUniGUISessionManager]:Cache erase job created, Folder count: [1]
ERPImporta.exe: 000007C8: 18:17:01 [TUniServerModule]:Starting HTTP Server on Port: 8077...
ERPImporta.exe: 000007C8: 18:17:01 [TUniServerModule]:HTTP Server Started on Port: 8077
ERPImporta.exe: 00003C50: 18:21:50 []:>--------------------------------------------------------------<
ERPImporta.exe: 00003C50: 18:21:50 [TUniServerModule]:Server First Init.
ERPImporta.exe: 00003C50: 18:21:50 [TUniServerModule]:Start Path = C:\Projetos_WEB\ERP_Importa\
ERPImporta.exe: 00003C50: 18:21:50 [TUniServerModule]:Debug Mode = ON
ERPImporta.exe: 00003C50: 18:21:50 [TUniGUISessionManager]:Cache erase job created, Folder count: [1]
ERPImporta.exe: 00003C50: 18:21:51 [TUniServerModule]:Starting HTTP Server on Port: 8077...
ERPImporta.exe: 00003C50: 18:21:51 [TUniServerModule]:HTTP Server Started on Port: 8077
ERPImporta.exe: 00004FB0: 18:23:57 []:>--------------------------------------------------------------<
ERPImporta.exe: 00004FB0: 18:23:57 [TUniServerModule]:Server First Init.
ERPImporta.exe: 00004FB0: 18:23:57 [TUniServerModule]:Start Path = C:\Projetos_WEB\ERP_Importa\
ERPImporta.exe: 00004FB0: 18:23:57 [TUniServerModule]:Debug Mode = ON
ERPImporta.exe: 00004FB0: 18:23:57 [TUniServerModule]:Starting HTTP Server on Port: 8077...
ERPImporta.exe: 00004FB0: 18:23:57 [TUniServerModule]:HTTP Server Started on Port: 8077
ERPImporta.exe: 00004BAC: 18:51:19 []:>--------------------------------------------------------------<
ERPImporta.exe: 00004BAC: 18:51:19 [TUniServerModule]:Server First Init.
ERPImporta.exe: 00004BAC: 18:51:19 [TUniServerModule]:Start Path = C:\Projetos_WEB\ERP_Importa\
ERPImporta.exe: 00004BAC: 18:51:19 [TUniServerModule]:Debug Mode = ON
ERPImporta.exe: 00004BAC: 18:51:20 [TUniServerModule]:Starting HTTP Server on Port: 8077...
ERPImporta.exe: 00004BAC: 18:51:20 [TUniServerModule]:HTTP Server Started on Port: 8077
ERPImporta.exe: 0000430C: 18:56:43 []:>--------------------------------------------------------------<
ERPImporta.exe: 0000430C: 18:56:43 [TUniServerModule]:Server First Init.
ERPImporta.exe: 0000430C: 18:56:43 [TUniServerModule]:Start Path = C:\Projetos_WEB\ERP_Importa\
ERPImporta.exe: 0000430C: 18:56:43 [TUniServerModule]:Debug Mode = ON
ERPImporta.exe: 0000430C: 18:56:43 [TUniServerModule]:Starting HTTP Server on Port: 8077...
ERPImporta.exe: 0000430C: 18:56:44 [TUniServerModule]:HTTP Server Started on Port: 8077
ERPImporta.exe: 00004700: 19:09:12 []:>--------------------------------------------------------------<
ERPImporta.exe: 00004700: 19:09:12 [TUniServerModule]:Server First Init.
ERPImporta.exe: 00004700: 19:09:12 [TUniServerModule]:Start Path = C:\Projetos_WEB\ERP_Importa\
ERPImporta.exe: 00004700: 19:09:12 [TUniServerModule]:Debug Mode = ON
ERPImporta.exe: 00004700: 19:09:12 [TUniGUISessionManager]:Cache erase job created, Folder count: [1]
ERPImporta.exe: 00004700: 19:09:12 [TUniServerModule]:Starting HTTP Server on Port: 8077...
ERPImporta.exe: 00004700: 19:09:12 [TUniServerModule]:HTTP Server Started on Port: 8077
ERPImporta.exe: 00004718: 19:10:22 []:>--------------------------------------------------------------<
ERPImporta.exe: 00004718: 19:10:22 [TUniServerModule]:Server First Init.
ERPImporta.exe: 00004718: 19:10:22 [TUniServerModule]:Start Path = C:\Projetos_WEB\ERP_Importa\
ERPImporta.exe: 00004718: 19:10:22 [TUniServerModule]:Debug Mode = ON
ERPImporta.exe: 00004718: 19:10:22 [TUniGUISessionManager]:Cache erase job created, Folder count: [1]
ERPImporta.exe: 00004718: 19:10:22 [TUniServerModule]:Starting HTTP Server on Port: 8077...
ERPImporta.exe: 00004718: 19:10:22 [TUniServerModule]:HTTP Server Started on Port: 8077
ERPImporta.exe: 00002E60: 19:10:59 []:>--------------------------------------------------------------<
ERPImporta.exe: 00002E60: 19:10:59 [TUniServerModule]:Server First Init.
ERPImporta.exe: 00002E60: 19:10:59 [TUniServerModule]:Start Path = C:\Projetos_WEB\ERP_Importa\
ERPImporta.exe: 00002E60: 19:10:59 [TUniServerModule]:Debug Mode = ON
ERPImporta.exe: 00002E60: 19:10:59 [TUniGUISessionManager]:Cache erase job created, Folder count: [1]
ERPImporta.exe: 00002E60: 19:10:59 [TUniServerModule]:Starting HTTP Server on Port: 8077...
ERPImporta.exe: 00002E60: 19:10:59 [TUniServerModule]:HTTP Server Started on Port: 8077
ERPImporta.exe: 00000E24: 19:10:59 [127.0.0.1]:EUniSessionException : Sessão inváilda ou tempo da sessão expirado. (Session not found: Z9wOJJYzb311056A050 ) : Addr: $007CFB6C
ERPImporta.exe: 0000015C: 19:11:32 []:>--------------------------------------------------------------<
ERPImporta.exe: 0000015C: 19:11:32 [TUniServerModule]:Server First Init.
ERPImporta.exe: 0000015C: 19:11:32 [TUniServerModule]:Start Path = C:\Projetos_WEB\ERP_Importa\
ERPImporta.exe: 0000015C: 19:11:32 [TUniServerModule]:Debug Mode = ON
ERPImporta.exe: 0000015C: 19:11:32 [TUniGUISessionManager]:Cache erase job created, Folder count: [1]
ERPImporta.exe: 0000015C: 19:11:32 [TUniServerModule]:Starting HTTP Server on Port: 8077...
ERPImporta.exe: 0000015C: 19:11:32 [TUniServerModule]:HTTP Server Started on Port: 8077
ERPImporta.exe: 00001538: 19:11:39 [127.0.0.1]:EUniSessionException : Sessão inváilda ou tempo da sessão expirado. (Session not found: 6MQm31aB8811056A07A ) : Addr: $007CFB6C
ERPImporta.exe: 00001EB0: 19:12:10 []:>--------------------------------------------------------------<
ERPImporta.exe: 00001EB0: 19:12:10 [TUniServerModule]:Server First Init.
ERPImporta.exe: 00001EB0: 19:12:10 [TUniServerModule]:Start Path = C:\Projetos_WEB\ERP_Importa\
ERPImporta.exe: 00001EB0: 19:12:10 [TUniServerModule]:Debug Mode = ON
ERPImporta.exe: 00001EB0: 19:12:10 [TUniGUISessionManager]:Cache erase job created, Folder count: [1]
ERPImporta.exe: 00001EB0: 19:12:10 [TUniServerModule]:Starting HTTP Server on Port: 8077...
ERPImporta.exe: 00001EB0: 19:12:11 [TUniServerModule]:HTTP Server Started on Port: 8077
ERPImporta.exe: 00002DA8: 19:12:13 [127.0.0.1]:EUniSessionException : Sessão inváilda ou tempo da sessão expirado. (Session not found: rKzCVGwa4W11056A0A1 ) : Addr: $007CFB6C
ERPImporta.exe: 00003DD4: 19:12:45 [127.0.0.1]:EMSSQLNativeException : [FireDAC][Phys][ODBC][Microsoft][SQL Server Native Client 11.0][SQL Server]Incorrect syntax near '%LOO%'. : Addr: $008DF4ED
ERPImporta.exe: 000047B4: 19:14:02 []:>--------------------------------------------------------------<
ERPImporta.exe: 000047B4: 19:14:02 [TUniServerModule]:Server First Init.
ERPImporta.exe: 000047B4: 19:14:02 [TUniServerModule]:Start Path = C:\Projetos_WEB\ERP_Importa\
ERPImporta.exe: 000047B4: 19:14:02 [TUniServerModule]:Debug Mode = ON
ERPImporta.exe: 000047B4: 19:14:02 [TUniGUISessionManager]:Cache erase job created, Folder count: [1]
ERPImporta.exe: 000047B4: 19:14:02 [TUniServerModule]:Starting HTTP Server on Port: 8077...
ERPImporta.exe: 000047B4: 19:14:02 [TUniServerModule]:HTTP Server Started on Port: 8077
ERPImporta.exe: 00004580: 19:17:44 []:>--------------------------------------------------------------<
ERPImporta.exe: 00004580: 19:17:44 [TUniServerModule]:Server First Init.
ERPImporta.exe: 00004580: 19:17:44 [TUniServerModule]:Start Path = C:\Projetos_WEB\ERP_Importa\
ERPImporta.exe: 00004580: 19:17:44 [TUniServerModule]:Debug Mode = ON
ERPImporta.exe: 00004580: 19:17:44 [TUniServerModule]:Starting HTTP Server on Port: 8077...
ERPImporta.exe: 00004580: 19:17:44 [TUniServerModule]:HTTP Server Started on Port: 8077
ERPImporta.exe: 00004A7C: 19:22:57 []:>--------------------------------------------------------------<
ERPImporta.exe: 00004A7C: 19:22:57 [TUniServerModule]:Server First Init.
ERPImporta.exe: 00004A7C: 19:22:57 [TUniServerModule]:Start Path = C:\Projetos_WEB\ERP_Importa\
ERPImporta.exe: 00004A7C: 19:22:57 [TUniServerModule]:Debug Mode = ON
ERPImporta.exe: 00004A7C: 19:22:57 [TUniGUISessionManager]:Cache erase job created, Folder count: [1]
ERPImporta.exe: 00004A7C: 19:22:58 [TUniServerModule]:Starting HTTP Server on Port: 8077...
ERPImporta.exe: 00004A7C: 19:22:58 [TUniServerModule]:HTTP Server Started on Port: 8077
ERPImporta.exe: 00002E30: 19:23:26 [127.0.0.1]:EUniSessionException : Sessão inváilda ou tempo da sessão expirado. (Session not found: VabyippPPf11056A250 ) : Addr: $007CFB6C
ERPImporta.exe: 00002C28: 19:34:04 []:>--------------------------------------------------------------<
ERPImporta.exe: 00002C28: 19:34:04 [TUniServerModule]:Server First Init.
ERPImporta.exe: 00002C28: 19:34:04 [TUniServerModule]:Start Path = C:\Projetos_WEB\ERP_Importa\
ERPImporta.exe: 00002C28: 19:34:04 [TUniServerModule]:Debug Mode = ON
ERPImporta.exe: 00002C28: 19:34:04 [TUniServerModule]:Starting HTTP Server on Port: 8077...
ERPImporta.exe: 00002C28: 19:34:04 [TUniServerModule]:HTTP Server Started on Port: 8077
ERPImporta.exe: 00003B74: 19:35:20 []:>--------------------------------------------------------------<
ERPImporta.exe: 00003B74: 19:35:20 [TUniServerModule]:Server First Init.
ERPImporta.exe: 00003B74: 19:35:21 [TUniServerModule]:Start Path = C:\Projetos_WEB\ERP_Importa\
ERPImporta.exe: 00003B74: 19:35:21 [TUniServerModule]:Debug Mode = ON
ERPImporta.exe: 00003B74: 19:35:21 [TUniGUISessionManager]:Cache erase job created, Folder count: [1]
ERPImporta.exe: 00003B74: 19:35:21 [TUniServerModule]:Starting HTTP Server on Port: 8077...
ERPImporta.exe: 00003B74: 19:35:21 [TUniServerModule]:HTTP Server Started on Port: 8077
ERPImporta.exe: 000035F4: 19:36:32 []:>--------------------------------------------------------------<
ERPImporta.exe: 000035F4: 19:36:32 [TUniServerModule]:Server First Init.
ERPImporta.exe: 000035F4: 19:36:32 [TUniServerModule]:Start Path = C:\Projetos_WEB\ERP_Importa\
ERPImporta.exe: 000035F4: 19:36:32 [TUniServerModule]:Debug Mode = ON
ERPImporta.exe: 000035F4: 19:36:32 [TUniGUISessionManager]:Cache erase job created, Folder count: [1]
ERPImporta.exe: 000035F4: 19:36:32 [TUniServerModule]:Starting HTTP Server on Port: 8077...
ERPImporta.exe: 000035F4: 19:36:32 [TUniServerModule]:HTTP Server Started on Port: 8077
ERPImporta.exe: 000028E0: 19:37:15 []:>--------------------------------------------------------------<
ERPImporta.exe: 000028E0: 19:37:15 [TUniServerModule]:Server First Init.
ERPImporta.exe: 000028E0: 19:37:15 [TUniServerModule]:Start Path = C:\Projetos_WEB\ERP_Importa\
ERPImporta.exe: 000028E0: 19:37:15 [TUniServerModule]:Debug Mode = ON
ERPImporta.exe: 000028E0: 19:37:15 [TUniGUISessionManager]:Cache erase job created, Folder count: [1]
ERPImporta.exe: 000028E0: 19:37:16 [TUniServerModule]:Starting HTTP Server on Port: 8077...
ERPImporta.exe: 000028E0: 19:37:16 [TUniServerModule]:HTTP Server Started on Port: 8077
ERPImporta.exe: 00000A88: 19:37:16 [127.0.0.1]:EUniSessionException : Sessão inváilda ou tempo da sessão expirado. (Session not found: hVWp46zA1f11056A76A ) : Addr: $007CFB6C
ERPImporta.exe: 000027E8: 19:37:16 [127.0.0.1]:EUniSessionException : Sessão inváilda ou tempo da sessão expirado. (Session not found: hVWp46zA1f11056A76A ) : Addr: $007CFB6C
ERPImporta.exe: 00000BB0: 19:37:16 [127.0.0.1]:EUniSessionException : Sessão inváilda ou tempo da sessão expirado. (Session not found: hVWp46zA1f11056A76A ) : Addr: $007CFB6C
ERPImporta.exe: 000007D4: 19:37:16 [127.0.0.1]:EUniSessionException : Sessão inváilda ou tempo da sessão expirado. (Session not found: hVWp46zA1f11056A76A ) : Addr: $007CFB6C
ERPImporta.exe: 000046A8: 19:37:17 [127.0.0.1]:EUniSessionException : Sessão inváilda ou tempo da sessão expirado. (Session not found: hVWp46zA1f11056A76A ) : Addr: $007CFB6C
ERPImporta.exe: 00003B8C: 19:37:17 [127.0.0.1]:EUniSessionException : Sessão inváilda ou tempo da sessão expirado. (Session not found: hVWp46zA1f11056A76A ) : Addr: $007CFB6C
ERPImporta.exe: 00004F98: 19:37:18 [127.0.0.1]:EUniSessionException : Sessão inváilda ou tempo da sessão expirado. (Session not found: hVWp46zA1f11056A76A ) : Addr: $007CFB6C
ERPImporta.exe: 0000373C: 19:37:18 [127.0.0.1]:EUniSessionException : Sessão inváilda ou tempo da sessão expirado. (Session not found: hVWp46zA1f11056A76A ) : Addr: $007CFB6C
ERPImporta.exe: 00004098: 19:37:18 [127.0.0.1]:EUniSessionException : Sessão inváilda ou tempo da sessão expirado. (Session not found: hVWp46zA1f11056A76A ) : Addr: $007CFB6C
ERPImporta.exe: 00003DDC: 19:38:15 []:>--------------------------------------------------------------<
ERPImporta.exe: 00003DDC: 19:38:15 [TUniServerModule]:Server First Init.
ERPImporta.exe: 00003DDC: 19:38:15 [TUniServerModule]:Start Path = C:\Projetos_WEB\ERP_Importa\
ERPImporta.exe: 00003DDC: 19:38:15 [TUniServerModule]:Debug Mode = ON
ERPImporta.exe: 00003DDC: 19:38:15 [TUniGUISessionManager]:Cache erase job created, Folder count: [1]
ERPImporta.exe: 00003DDC: 19:38:15 [TUniServerModule]:Starting HTTP Server on Port: 8077...
ERPImporta.exe: 00003DDC: 19:38:15 [TUniServerModule]:HTTP Server Started on Port: 8077
ERPImporta.exe: 00004A68: 19:38:16 [127.0.0.1]:EUniSessionException : Sessão inváilda ou tempo da sessão expirado. (Session not found: GTfIIlTNrc11056A79B ) : Addr: $007CFB6C
ERPImporta.exe: 000048A0: 19:38:16 [127.0.0.1]:EUniSessionException : Sessão inváilda ou tempo da sessão expirado. (Session not found: GTfIIlTNrc11056A79B ) : Addr: $007CFB6C
ERPImporta.exe: 00003D5C: 19:38:16 [127.0.0.1]:EUniSessionException : Sessão inváilda ou tempo da sessão expirado. (Session not found: GTfIIlTNrc11056A79B ) : Addr: $007CFB6C
ERPImporta.exe: 00002404: 19:38:17 [127.0.0.1]:EUniSessionException : Sessão inváilda ou tempo da sessão expirado. (Session not found: GTfIIlTNrc11056A79B ) : Addr: $007CFB6C
ERPImporta.exe: 00004788: 19:38:54 []:>--------------------------------------------------------------<
ERPImporta.exe: 00004788: 19:38:54 [TUniServerModule]:Server First Init.
ERPImporta.exe: 00004788: 19:38:54 [TUniServerModule]:Start Path = C:\Projetos_WEB\ERP_Importa\
ERPImporta.exe: 00004788: 19:38:54 [TUniServerModule]:Debug Mode = ON
ERPImporta.exe: 00004788: 19:38:54 [TUniGUISessionManager]:Cache erase job created, Folder count: [1]
ERPImporta.exe: 00004788: 19:38:54 [TUniServerModule]:Starting HTTP Server on Port: 8077...
ERPImporta.exe: 00004788: 19:38:54 [TUniServerModule]:HTTP Server Started on Port: 8077
ERPImporta.exe: 0000487C: 19:38:54 [127.0.0.1]:EUniSessionException : Sessão inváilda ou tempo da sessão expirado. (Session not found: QDaPefTGsj11056A7E0 ) : Addr: $007CFB6C
ERPImporta.exe: 00002870: 19:38:54 [127.0.0.1]:EUniSessionException : Sessão inváilda ou tempo da sessão expirado. (Session not found: QDaPefTGsj11056A7E0 ) : Addr: $007CFB6C
ERPImporta.exe: 00001DA4: 19:38:55 [127.0.0.1]:EUniSessionException : Sessão inváilda ou tempo da sessão expirado. (Session not found: QDaPefTGsj11056A7E0 ) : Addr: $007CFB6C
ERPImporta.exe: 00003E0C: 19:38:55 [127.0.0.1]:EUniSessionException : Sessão inváilda ou tempo da sessão expirado. (Session not found: QDaPefTGsj11056A7E0 ) : Addr: $007CFB6C
ERPImporta.exe: 000035F4: 19:40:18 []:>--------------------------------------------------------------<
ERPImporta.exe: 000035F4: 19:40:18 [TUniServerModule]:Server First Init.
ERPImporta.exe: 000035F4: 19:40:18 [TUniServerModule]:Start Path = C:\Projetos_WEB\ERP_Importa\
ERPImporta.exe: 000035F4: 19:40:18 [TUniServerModule]:Debug Mode = ON
ERPImporta.exe: 000035F4: 19:40:18 [TUniGUISessionManager]:Cache erase job created, Folder count: [1]
ERPImporta.exe: 000035F4: 19:40:19 [TUniServerModule]:Starting HTTP Server on Port: 8077...
ERPImporta.exe: 000035F4: 19:40:19 [TUniServerModule]:HTTP Server Started on Port: 8077
ERPImporta.exe: 00001F8C: 19:41:04 []:>--------------------------------------------------------------<
ERPImporta.exe: 00001F8C: 19:41:04 [TUniServerModule]:Server First Init.
ERPImporta.exe: 00001F8C: 19:41:04 [TUniServerModule]:Start Path = C:\Projetos_WEB\ERP_Importa\
ERPImporta.exe: 00001F8C: 19:41:04 [TUniServerModule]:Debug Mode = ON
ERPImporta.exe: 00001F8C: 19:41:04 [TUniGUISessionManager]:Cache erase job created, Folder count: [1]
ERPImporta.exe: 00001F8C: 19:41:05 [TUniServerModule]:Starting HTTP Server on Port: 8077...
ERPImporta.exe: 00001F8C: 19:41:05 [TUniServerModule]:HTTP Server Started on Port: 8077
ERPImporta.exe: 00000ED0: 19:42:36 []:>--------------------------------------------------------------<
ERPImporta.exe: 00000ED0: 19:42:36 [TUniServerModule]:Server First Init.
ERPImporta.exe: 00000ED0: 19:42:36 [TUniServerModule]:Start Path = C:\Projetos_WEB\ERP_Importa\
ERPImporta.exe: 00000ED0: 19:42:36 [TUniServerModule]:Debug Mode = ON
ERPImporta.exe: 00000ED0: 19:42:37 [TUniServerModule]:Starting HTTP Server on Port: 8077...
ERPImporta.exe: 00000ED0: 19:42:37 [TUniServerModule]:HTTP Server Started on Port: 8077
ERPImporta.exe: 00003F7C: 19:46:10 []:>--------------------------------------------------------------<
ERPImporta.exe: 00003F7C: 19:46:10 [TUniServerModule]:Server First Init.
ERPImporta.exe: 00003F7C: 19:46:10 [TUniServerModule]:Start Path = C:\Projetos_WEB\ERP_Importa\
ERPImporta.exe: 00003F7C: 19:46:10 [TUniServerModule]:Debug Mode = ON
ERPImporta.exe: 00003F7C: 19:46:10 [TUniGUISessionManager]:Cache erase job created, Folder count: [1]
ERPImporta.exe: 00003F7C: 19:46:10 [TUniServerModule]:Starting HTTP Server on Port: 8077...
ERPImporta.exe: 00003F7C: 19:46:10 [TUniServerModule]:HTTP Server Started on Port: 8077
ERPImporta.exe: 00002F00: 19:47:50 []:>--------------------------------------------------------------<
ERPImporta.exe: 00002F00: 19:47:50 [TUniServerModule]:Server First Init.
ERPImporta.exe: 00002F00: 19:47:50 [TUniServerModule]:Start Path = C:\Projetos_WEB\ERP_Importa\
ERPImporta.exe: 00002F00: 19:47:50 [TUniServerModule]:Debug Mode = ON
ERPImporta.exe: 00002F00: 19:47:50 [TUniServerModule]:Starting HTTP Server on Port: 8077...
ERPImporta.exe: 00002F00: 19:47:50 [TUniServerModule]:HTTP Server Started on Port: 8077
ERPImporta.exe: 00003D60: 19:50:11 []:>--------------------------------------------------------------<
ERPImporta.exe: 00003D60: 19:50:11 [TUniServerModule]:Server First Init.
ERPImporta.exe: 00003D60: 19:50:11 [TUniServerModule]:Start Path = C:\Projetos_WEB\ERP_Importa\
ERPImporta.exe: 00003D60: 19:50:11 [TUniServerModule]:Debug Mode = ON
ERPImporta.exe: 00003D60: 19:50:11 [TUniGUISessionManager]:Cache erase job created, Folder count: [1]
ERPImporta.exe: 00003D60: 19:50:12 [TUniServerModule]:Starting HTTP Server on Port: 8077...
ERPImporta.exe: 00003D60: 19:50:12 [TUniServerModule]:HTTP Server Started on Port: 8077
ERPImporta.exe: 000020CC: 19:51:54 []:>--------------------------------------------------------------<
ERPImporta.exe: 000020CC: 19:51:54 [TUniServerModule]:Server First Init.
ERPImporta.exe: 000020CC: 19:51:54 [TUniServerModule]:Start Path = C:\Projetos_WEB\ERP_Importa\
ERPImporta.exe: 000020CC: 19:51:54 [TUniServerModule]:Debug Mode = ON
ERPImporta.exe: 000020CC: 19:51:54 [TUniGUISessionManager]:Cache erase job created, Folder count: [1]
ERPImporta.exe: 000020CC: 19:51:55 [TUniServerModule]:Starting HTTP Server on Port: 8077...
ERPImporta.exe: 000020CC: 19:51:55 [TUniServerModule]:HTTP Server Started on Port: 8077
ERPImporta.exe: 00004D04: 19:54:41 []:>--------------------------------------------------------------<
ERPImporta.exe: 00004D04: 19:54:41 [TUniServerModule]:Server First Init.
ERPImporta.exe: 00004D04: 19:54:41 [TUniServerModule]:Start Path = C:\Projetos_WEB\ERP_Importa\
ERPImporta.exe: 00004D04: 19:54:41 [TUniServerModule]:Debug Mode = ON
ERPImporta.exe: 00004D04: 19:54:41 [TUniServerModule]:Starting HTTP Server on Port: 8077...
ERPImporta.exe: 00004D04: 19:54:41 [TUniServerModule]:HTTP Server Started on Port: 8077
ERPImporta.exe: 00004F24: 19:57:38 []:>--------------------------------------------------------------<
ERPImporta.exe: 00004F24: 19:57:38 [TUniServerModule]:Server First Init.
ERPImporta.exe: 00004F24: 19:57:38 [TUniServerModule]:Start Path = C:\Projetos_WEB\ERP_Importa\
ERPImporta.exe: 00004F24: 19:57:38 [TUniServerModule]:Debug Mode = ON
ERPImporta.exe: 00004F24: 19:57:38 [TUniGUISessionManager]:Cache erase job created, Folder count: [1]
ERPImporta.exe: 00004F24: 19:57:38 [TUniServerModule]:Starting HTTP Server on Port: 8077...
ERPImporta.exe: 00004F24: 19:57:38 [TUniServerModule]:HTTP Server Started on Port: 8077
ERPImporta.exe: 00003BE8: 19:58:35 []:>--------------------------------------------------------------<
ERPImporta.exe: 00003BE8: 19:58:35 [TUniServerModule]:Server First Init.
ERPImporta.exe: 00003BE8: 19:58:35 [TUniServerModule]:Start Path = C:\Projetos_WEB\ERP_Importa\
ERPImporta.exe: 00003BE8: 19:58:35 [TUniServerModule]:Debug Mode = ON
ERPImporta.exe: 00003BE8: 19:58:35 [TUniServerModule]:Starting HTTP Server on Port: 8077...
ERPImporta.exe: 00003BE8: 19:58:35 [TUniServerModule]:HTTP Server Started on Port: 8077
ERPImporta.exe: 00002B88: 20:00:13 []:>--------------------------------------------------------------<
ERPImporta.exe: 00002B88: 20:00:13 [TUniServerModule]:Server First Init.
ERPImporta.exe: 00002B88: 20:00:13 [TUniServerModule]:Start Path = C:\Projetos_WEB\ERP_Importa\
ERPImporta.exe: 00002B88: 20:00:13 [TUniServerModule]:Debug Mode = ON
ERPImporta.exe: 00002B88: 20:00:13 [TUniGUISessionManager]:Cache erase job created, Folder count: [1]
ERPImporta.exe: 00002B88: 20:00:13 [TUniServerModule]:Starting HTTP Server on Port: 8077...
ERPImporta.exe: 00002B88: 20:00:13 [TUniServerModule]:HTTP Server Started on Port: 8077
ERPImporta.exe: 00003130: 20:00:23 []:>--------------------------------------------------------------<
ERPImporta.exe: 00003130: 20:00:23 [TUniServerModule]:Server First Init.
ERPImporta.exe: 00003130: 20:00:23 [TUniServerModule]:Start Path = C:\Projetos_WEB\ERP_Importa\
ERPImporta.exe: 00003130: 20:00:24 [TUniServerModule]:Debug Mode = ON
ERPImporta.exe: 00003130: 20:00:24 [TUniGUISessionManager]:Cache erase job created, Folder count: [1]
ERPImporta.exe: 00003130: 20:00:24 [TUniServerModule]:Starting HTTP Server on Port: 8077...
ERPImporta.exe: 00003130: 20:00:24 [TUniServerModule]:HTTP Server Started on Port: 8077
ERPImporta.exe: 00003A18: 20:00:24 [127.0.0.1]:EUniSessionException : Sessão inváilda ou tempo da sessão expirado. (Session not found: 8rwncmHz8e11056ADD6 ) : Addr: $007CFB6C
ERPImporta.exe: 00004594: 20:06:16 []:>--------------------------------------------------------------<
ERPImporta.exe: 00004594: 20:06:16 [TUniServerModule]:Server First Init.
ERPImporta.exe: 00004594: 20:06:16 [TUniServerModule]:Start Path = C:\Projetos_WEB\ERP_Importa\
ERPImporta.exe: 00004594: 20:06:16 [TUniServerModule]:Debug Mode = ON
ERPImporta.exe: 00004594: 20:06:16 [TUniGUISessionManager]:Cache erase job created, Folder count: [1]
ERPImporta.exe: 00004594: 20:06:16 [TUniServerModule]:Starting HTTP Server on Port: 8077...
ERPImporta.exe: 00004594: 20:06:16 [TUniServerModule]:HTTP Server Started on Port: 8077
ERPImporta.exe: 00001EA8: 20:10:59 []:>--------------------------------------------------------------<
ERPImporta.exe: 00001EA8: 20:10:59 [TUniServerModule]:Server First Init.
ERPImporta.exe: 00001EA8: 20:10:59 [TUniServerModule]:Start Path = C:\Projetos_WEB\ERP_Importa\
ERPImporta.exe: 00001EA8: 20:10:59 [TUniServerModule]:Debug Mode = ON
ERPImporta.exe: 00001EA8: 20:10:59 [TUniServerModule]:Starting HTTP Server on Port: 8077...
ERPImporta.exe: 00001EA8: 20:10:59 [TUniServerModule]:HTTP Server Started on Port: 8077
