ERPImporta.exe: 00001D50: 10:52:35 []:>--------------------------------------------------------------<
ERPImporta.exe: 00001D50: 10:52:35 [TUniServerModule]:Server First Init.
ERPImporta.exe: 00001D50: 10:52:35 [TUniServerModule]:Start Path = C:\Projetos_WEB\ERP_Importa\
ERPImporta.exe: 00001D50: 10:52:35 [TUniServerModule]:Debug Mode = ON
ERPImporta.exe: 00001D50: 10:52:35 [TUniGUISessionManager]:Cache erase job created, Folder count: [1]
ERPImporta.exe: 00001D50: 10:52:36 [TUniServerModule]:Starting HTTP Server on Port: 8077...
ERPImporta.exe: 00001D50: 10:52:36 [TUniServerModule]:HTTP Server Started on Port: 8077
ERPImporta.exe: 000023A8: 10:53:42 []:>--------------------------------------------------------------<
ERPImporta.exe: 000023A8: 10:53:42 [TUniServerModule]:Server First Init.
ERPImporta.exe: 000023A8: 10:53:42 [TUniServerModule]:Start Path = C:\Projetos_WEB\ERP_Importa\
ERPImporta.exe: 000023A8: 10:53:42 [TUniServerModule]:Debug Mode = ON
ERPImporta.exe: 000023A8: 10:53:42 [TUniGUISessionManager]:Cache erase job created, Folder count: [1]
ERPImporta.exe: 000023A8: 10:53:42 [TUniServerModule]:Starting HTTP Server on Port: 8077...
ERPImporta.exe: 000023A8: 10:53:42 [TUniServerModule]:HTTP Server Started on Port: 8077
ERPImporta.exe: 0000430C: 10:54:02 []:>--------------------------------------------------------------<
ERPImporta.exe: 0000430C: 10:54:02 [TUniServerModule]:Server First Init.
ERPImporta.exe: 0000430C: 10:54:02 [TUniServerModule]:Start Path = C:\Projetos_WEB\ERP_Importa\
ERPImporta.exe: 0000430C: 10:54:02 [TUniServerModule]:Debug Mode = ON
ERPImporta.exe: 0000430C: 10:54:02 [TUniServerModule]:Starting HTTP Server on Port: 8077...
ERPImporta.exe: 0000430C: 10:54:02 [TUniServerModule]:HTTP Server Started on Port: 8077
ERPImporta.exe: 00001A74: 10:57:13 []:>--------------------------------------------------------------<
ERPImporta.exe: 00001A74: 10:57:13 [TUniServerModule]:Server First Init.
ERPImporta.exe: 00001A74: 10:57:13 [TUniServerModule]:Start Path = C:\Projetos_WEB\ERP_Importa\
ERPImporta.exe: 00001A74: 10:57:13 [TUniServerModule]:Debug Mode = ON
ERPImporta.exe: 00001A74: 10:57:14 [TUniServerModule]:Starting HTTP Server on Port: 8077...
ERPImporta.exe: 00001A74: 10:57:14 [TUniServerModule]:HTTP Server Started on Port: 8077
ERPImporta.exe: 00003320: 11:01:20 []:>--------------------------------------------------------------<
ERPImporta.exe: 00003320: 11:01:20 [TUniServerModule]:Server First Init.
ERPImporta.exe: 00003320: 11:01:20 [TUniServerModule]:Start Path = C:\Projetos_WEB\ERP_Importa\
ERPImporta.exe: 00003320: 11:01:20 [TUniServerModule]:Debug Mode = ON
ERPImporta.exe: 00003320: 11:01:20 [TUniGUISessionManager]:Cache erase job created, Folder count: [1]
ERPImporta.exe: 00003320: 11:01:20 [TUniServerModule]:Starting HTTP Server on Port: 8077...
ERPImporta.exe: 00003320: 11:01:20 [TUniServerModule]:HTTP Server Started on Port: 8077
ERPImporta.exe: 00000994: 11:01:35 []:>--------------------------------------------------------------<
ERPImporta.exe: 00000994: 11:01:35 [TUniServerModule]:Server First Init.
ERPImporta.exe: 00000994: 11:01:35 [TUniServerModule]:Start Path = C:\Projetos_WEB\ERP_Importa\
ERPImporta.exe: 00000994: 11:01:35 [TUniServerModule]:Debug Mode = ON
ERPImporta.exe: 00000994: 11:01:36 [TUniServerModule]:Starting HTTP Server on Port: 8077...
ERPImporta.exe: 00000994: 11:01:36 [TUniServerModule]:HTTP Server Started on Port: 8077
ERPImporta.exe: 00000254: 11:04:54 []:>--------------------------------------------------------------<
ERPImporta.exe: 00000254: 11:04:54 [TUniServerModule]:Server First Init.
ERPImporta.exe: 00000254: 11:04:54 [TUniServerModule]:Start Path = C:\Projetos_WEB\ERP_Importa\
ERPImporta.exe: 00000254: 11:04:54 [TUniServerModule]:Debug Mode = ON
ERPImporta.exe: 00000254: 11:04:54 [TUniServerModule]:Starting HTTP Server on Port: 8077...
ERPImporta.exe: 00000254: 11:04:54 [TUniServerModule]:HTTP Server Started on Port: 8077
ERPImporta.exe: 00004284: 11:05:35 []:>--------------------------------------------------------------<
ERPImporta.exe: 00004284: 11:05:35 [TUniServerModule]:Server First Init.
ERPImporta.exe: 00004284: 11:05:35 [TUniServerModule]:Start Path = C:\Projetos_WEB\ERP_Importa\
ERPImporta.exe: 00004284: 11:05:35 [TUniServerModule]:Debug Mode = ON
ERPImporta.exe: 00004284: 11:05:35 [TUniGUISessionManager]:Cache erase job created, Folder count: [1]
ERPImporta.exe: 00004284: 11:05:36 [TUniServerModule]:Starting HTTP Server on Port: 8077...
ERPImporta.exe: 00004284: 11:05:36 [TUniServerModule]:HTTP Server Started on Port: 8077
ERPImporta.exe: 0000197C: 11:06:47 []:>--------------------------------------------------------------<
ERPImporta.exe: 0000197C: 11:06:47 [TUniServerModule]:Server First Init.
ERPImporta.exe: 0000197C: 11:06:47 [TUniServerModule]:Start Path = C:\Projetos_WEB\ERP_Importa\
ERPImporta.exe: 0000197C: 11:06:47 [TUniServerModule]:Debug Mode = ON
ERPImporta.exe: 0000197C: 11:06:47 [TUniServerModule]:Starting HTTP Server on Port: 8077...
ERPImporta.exe: 0000197C: 11:06:47 [TUniServerModule]:HTTP Server Started on Port: 8077
ERPImporta.exe: 00002904: 11:09:39 []:>--------------------------------------------------------------<
ERPImporta.exe: 00002904: 11:09:39 [TUniServerModule]:Server First Init.
ERPImporta.exe: 00002904: 11:09:39 [TUniServerModule]:Start Path = C:\Projetos_WEB\ERP_Importa\
ERPImporta.exe: 00002904: 11:09:39 [TUniServerModule]:Debug Mode = ON
ERPImporta.exe: 00002904: 11:09:40 [TUniServerModule]:Starting HTTP Server on Port: 8077...
ERPImporta.exe: 00002904: 11:09:40 [TUniServerModule]:HTTP Server Started on Port: 8077
ERPImporta.exe: 000029D4: 11:11:29 []:>--------------------------------------------------------------<
ERPImporta.exe: 000029D4: 11:11:29 [TUniServerModule]:Server First Init.
ERPImporta.exe: 000029D4: 11:11:29 [TUniServerModule]:Start Path = C:\Projetos_WEB\ERP_Importa\
ERPImporta.exe: 000029D4: 11:11:29 [TUniServerModule]:Debug Mode = ON
ERPImporta.exe: 000029D4: 11:11:30 [TUniServerModule]:Starting HTTP Server on Port: 8077...
ERPImporta.exe: 000029D4: 11:11:30 [TUniServerModule]:HTTP Server Started on Port: 8077
ERPImporta.exe: 00003810: 11:12:19 []:>--------------------------------------------------------------<
ERPImporta.exe: 00003810: 11:12:19 [TUniServerModule]:Server First Init.
ERPImporta.exe: 00003810: 11:12:19 [TUniServerModule]:Start Path = C:\Projetos_WEB\ERP_Importa\
ERPImporta.exe: 00003810: 11:12:19 [TUniServerModule]:Debug Mode = ON
ERPImporta.exe: 00003810: 11:12:19 [TUniGUISessionManager]:Cache erase job created, Folder count: [1]
ERPImporta.exe: 00003810: 11:12:19 [TUniServerModule]:Starting HTTP Server on Port: 8077...
ERPImporta.exe: 00003810: 11:12:19 [TUniServerModule]:HTTP Server Started on Port: 8077
ERPImporta.exe: 0000214C: 11:17:01 []:>--------------------------------------------------------------<
ERPImporta.exe: 0000214C: 11:17:01 [TUniServerModule]:Server First Init.
ERPImporta.exe: 0000214C: 11:17:01 [TUniServerModule]:Start Path = C:\Projetos_WEB\ERP_Importa\
ERPImporta.exe: 0000214C: 11:17:01 [TUniServerModule]:Debug Mode = ON
ERPImporta.exe: 0000214C: 11:17:01 [TUniGUISessionManager]:Cache erase job created, Folder count: [1]
ERPImporta.exe: 0000214C: 11:17:02 [TUniServerModule]:Starting HTTP Server on Port: 8077...
ERPImporta.exe: 0000214C: 11:17:02 [TUniServerModule]:HTTP Server Started on Port: 8077
ERPImporta.exe: 000030F4: 11:20:18 []:>--------------------------------------------------------------<
ERPImporta.exe: 000030F4: 11:20:18 [TUniServerModule]:Server First Init.
ERPImporta.exe: 000030F4: 11:20:18 [TUniServerModule]:Start Path = C:\Projetos_WEB\ERP_Importa\
ERPImporta.exe: 000030F4: 11:20:18 [TUniServerModule]:Debug Mode = ON
ERPImporta.exe: 000030F4: 11:20:18 [TUniGUISessionManager]:Cache erase job created, Folder count: [1]
ERPImporta.exe: 000030F4: 11:20:18 [TUniServerModule]:Starting HTTP Server on Port: 8077...
ERPImporta.exe: 000030F4: 11:20:18 [TUniServerModule]:HTTP Server Started on Port: 8077
ERPImporta.exe: 00003FCC: 11:22:09 []:>--------------------------------------------------------------<
ERPImporta.exe: 00003FCC: 11:22:09 [TUniServerModule]:Server First Init.
ERPImporta.exe: 00003FCC: 11:22:09 [TUniServerModule]:Start Path = C:\Projetos_WEB\ERP_Importa\
ERPImporta.exe: 00003FCC: 11:22:09 [TUniServerModule]:Debug Mode = ON
ERPImporta.exe: 00003FCC: 11:22:10 [TUniServerModule]:Starting HTTP Server on Port: 8077...
ERPImporta.exe: 00003FCC: 11:22:10 [TUniServerModule]:HTTP Server Started on Port: 8077
ERPImporta.exe: 00002700: 11:23:51 []:>--------------------------------------------------------------<
ERPImporta.exe: 00002700: 11:23:51 [TUniServerModule]:Server First Init.
ERPImporta.exe: 00002700: 11:23:51 [TUniServerModule]:Start Path = C:\Projetos_WEB\ERP_Importa\
ERPImporta.exe: 00002700: 11:23:51 [TUniServerModule]:Debug Mode = ON
ERPImporta.exe: 00002700: 11:23:52 [TUniServerModule]:Starting HTTP Server on Port: 8077...
ERPImporta.exe: 00002700: 11:23:52 [TUniServerModule]:HTTP Server Started on Port: 8077
ERPImporta.exe: 0000096C: 14:24:54 []:>--------------------------------------------------------------<
ERPImporta.exe: 0000096C: 14:24:54 [TUniServerModule]:Server First Init.
ERPImporta.exe: 0000096C: 14:24:54 [TUniServerModule]:Start Path = C:\Projetos_WEB\ERP_Importa\
ERPImporta.exe: 0000096C: 14:24:54 [TUniServerModule]:Debug Mode = ON
ERPImporta.exe: 0000096C: 14:24:55 [TUniServerModule]:Starting HTTP Server on Port: 8077...
ERPImporta.exe: 0000096C: 14:24:55 [TUniServerModule]:HTTP Server Started on Port: 8077
ERPImporta.exe: 00002B50: 14:27:12 []:>--------------------------------------------------------------<
ERPImporta.exe: 00002B50: 14:27:12 [TUniServerModule]:Server First Init.
ERPImporta.exe: 00002B50: 14:27:12 [TUniServerModule]:Start Path = C:\Projetos_WEB\ERP_Importa\
ERPImporta.exe: 00002B50: 14:27:12 [TUniServerModule]:Debug Mode = ON
ERPImporta.exe: 00002B50: 14:27:12 [TUniServerModule]:Starting HTTP Server on Port: 8077...
ERPImporta.exe: 00002B50: 14:27:13 [TUniServerModule]:HTTP Server Started on Port: 8077
ERPImporta.exe: 00001DE0: 14:46:22 []:>--------------------------------------------------------------<
ERPImporta.exe: 00001DE0: 14:46:22 [TUniServerModule]:Server First Init.
ERPImporta.exe: 00001DE0: 14:46:22 [TUniServerModule]:Start Path = C:\Projetos_WEB\ERP_Importa\
ERPImporta.exe: 00001DE0: 14:46:22 [TUniServerModule]:Debug Mode = ON
ERPImporta.exe: 00001DE0: 14:46:22 [TUniGUISessionManager]:Cache erase job created, Folder count: [1]
ERPImporta.exe: 00001DE0: 14:46:23 [TUniServerModule]:Starting HTTP Server on Port: 8077...
ERPImporta.exe: 00001DE0: 14:46:23 [TUniServerModule]:HTTP Server Started on Port: 8077
ERPImporta.exe: 000037A4: 16:57:40 []:>--------------------------------------------------------------<
ERPImporta.exe: 000037A4: 16:57:40 [TUniServerModule]:Server First Init.
ERPImporta.exe: 000037A4: 16:57:40 [TUniServerModule]:Start Path = C:\Projetos_WEB\ERP_Importa\
ERPImporta.exe: 000037A4: 16:57:40 [TUniServerModule]:Debug Mode = ON
ERPImporta.exe: 000037A4: 16:57:41 [TUniServerModule]:Starting HTTP Server on Port: 8077...
ERPImporta.exe: 000037A4: 16:57:41 [TUniServerModule]:HTTP Server Started on Port: 8077
ERPImporta.exe: 000008C0: 16:58:43 []:>--------------------------------------------------------------<
ERPImporta.exe: 000008C0: 16:58:43 [TUniServerModule]:Server First Init.
ERPImporta.exe: 000008C0: 16:58:43 [TUniServerModule]:Start Path = C:\Projetos_WEB\ERP_Importa\
ERPImporta.exe: 000008C0: 16:58:43 [TUniServerModule]:Debug Mode = ON
ERPImporta.exe: 000008C0: 16:58:43 [TUniServerModule]:Starting HTTP Server on Port: 8077...
ERPImporta.exe: 000008C0: 16:58:43 [TUniServerModule]:HTTP Server Started on Port: 8077
ERPImporta.exe: 0000343C: 17:01:53 []:>--------------------------------------------------------------<
ERPImporta.exe: 0000343C: 17:01:53 [TUniServerModule]:Server First Init.
ERPImporta.exe: 0000343C: 17:01:53 [TUniServerModule]:Start Path = C:\Projetos_WEB\ERP_Importa\
ERPImporta.exe: 0000343C: 17:01:53 [TUniServerModule]:Debug Mode = ON
ERPImporta.exe: 0000343C: 17:01:53 [TUniGUISessionManager]:Cache erase job created, Folder count: [1]
ERPImporta.exe: 0000343C: 17:01:54 [TUniServerModule]:Starting HTTP Server on Port: 8077...
ERPImporta.exe: 0000343C: 17:01:54 [TUniServerModule]:HTTP Server Started on Port: 8077
ERPImporta.exe: 00003B0C: 17:02:43 []:>--------------------------------------------------------------<
ERPImporta.exe: 00003B0C: 17:02:43 [TUniServerModule]:Server First Init.
ERPImporta.exe: 00003B0C: 17:02:43 [TUniServerModule]:Start Path = C:\Projetos_WEB\ERP_Importa\
ERPImporta.exe: 00003B0C: 17:02:43 [TUniServerModule]:Debug Mode = ON
ERPImporta.exe: 00003B0C: 17:02:44 [TUniServerModule]:Starting HTTP Server on Port: 8077...
ERPImporta.exe: 00003B0C: 17:02:44 [TUniServerModule]:HTTP Server Started on Port: 8077
ERPImporta.exe: 00002B08: 17:05:41 []:>--------------------------------------------------------------<
ERPImporta.exe: 00002B08: 17:05:41 [TUniServerModule]:Server First Init.
ERPImporta.exe: 00002B08: 17:05:41 [TUniServerModule]:Start Path = C:\Projetos_WEB\ERP_Importa\
ERPImporta.exe: 00002B08: 17:05:41 [TUniServerModule]:Debug Mode = ON
ERPImporta.exe: 00002B08: 17:05:41 [TUniServerModule]:Starting HTTP Server on Port: 8077...
ERPImporta.exe: 00002B08: 17:05:41 [TUniServerModule]:HTTP Server Started on Port: 8077
