ERPImporta.exe: 00003A00: 08:18:33 []:>--------------------------------------------------------------<
ERPImporta.exe: 00003A00: 08:18:33 [TUniServerModule]:Server First Init.
ERPImporta.exe: 00003A00: 08:18:33 [TUniServerModule]:Start Path = C:\Projetos_WEB\ERP_Importa\
ERPImporta.exe: 00003A00: 08:18:33 [TUniServerModule]:Debug Mode = ON
ERPImporta.exe: 00003A00: 08:18:33 [TUniServerModule]:Starting HTTP Server on Port: 8077...
ERPImporta.exe: 00003A00: 08:18:33 [TUniServerModule]:HTTP Server Started on Port: 8077
ERPImporta.exe: 0000150C: 09:09:55 []:>--------------------------------------------------------------<
ERPImporta.exe: 0000150C: 09:09:55 [TUniServerModule]:Server First Init.
ERPImporta.exe: 0000150C: 09:09:55 [TUniServerModule]:Start Path = C:\Projetos_WEB\ERP_Importa\
ERPImporta.exe: 0000150C: 09:09:55 [TUniServerModule]:Debug Mode = ON
ERPImporta.exe: 0000150C: 09:09:55 [TUniServerModule]:Starting HTTP Server on Port: 8077...
ERPImporta.exe: 0000150C: 09:09:55 [TUniServerModule]:HTTP Server Started on Port: 8077
ERPImporta.exe: 00003200: 09:12:34 []:>--------------------------------------------------------------<
ERPImporta.exe: 00003200: 09:12:34 [TUniServerModule]:Server First Init.
ERPImporta.exe: 00003200: 09:12:34 [TUniServerModule]:Start Path = C:\Projetos_WEB\ERP_Importa\
ERPImporta.exe: 00003200: 09:12:34 [TUniServerModule]:Debug Mode = ON
ERPImporta.exe: 00003200: 09:12:34 [TUniServerModule]:Starting HTTP Server on Port: 8077...
ERPImporta.exe: 00003200: 09:12:34 [TUniServerModule]:HTTP Server Started on Port: 8077
ERPImporta.exe: 000009DC: 10:29:01 []:>--------------------------------------------------------------<
ERPImporta.exe: 000009DC: 10:29:01 [TUniServerModule]:Server First Init.
ERPImporta.exe: 000009DC: 10:29:01 [TUniServerModule]:Start Path = C:\Projetos_WEB\ERP_Importa\
ERPImporta.exe: 000009DC: 10:29:01 [TUniServerModule]:Debug Mode = ON
ERPImporta.exe: 000009DC: 10:29:01 [TUniServerModule]:Starting HTTP Server on Port: 8077...
ERPImporta.exe: 000009DC: 10:29:01 [TUniServerModule]:HTTP Server Started on Port: 8077
ERPImporta.exe: 000012C4: 10:30:40 []:>--------------------------------------------------------------<
ERPImporta.exe: 000012C4: 10:30:40 [TUniServerModule]:Server First Init.
ERPImporta.exe: 000012C4: 10:30:40 [TUniServerModule]:Start Path = C:\Projetos_WEB\ERP_Importa\
ERPImporta.exe: 000012C4: 10:30:40 [TUniServerModule]:Debug Mode = ON
ERPImporta.exe: 000012C4: 10:30:40 [TUniGUISessionManager]:Cache erase job created, Folder count: [1]
ERPImporta.exe: 000012C4: 10:30:40 [TUniServerModule]:Starting HTTP Server on Port: 8077...
ERPImporta.exe: 000012C4: 10:30:40 [TUniServerModule]:HTTP Server Started on Port: 8077
ERPImporta.exe: 00000A04: 10:32:29 []:>--------------------------------------------------------------<
ERPImporta.exe: 00000A04: 10:32:29 [TUniServerModule]:Server First Init.
ERPImporta.exe: 00000A04: 10:32:29 [TUniServerModule]:Start Path = C:\Projetos_WEB\ERP_Importa\
ERPImporta.exe: 00000A04: 10:32:29 [TUniServerModule]:Debug Mode = ON
ERPImporta.exe: 00000A04: 10:32:30 [TUniServerModule]:Starting HTTP Server on Port: 8077...
ERPImporta.exe: 00000A04: 10:32:30 [TUniServerModule]:HTTP Server Started on Port: 8077
ERPImporta.exe: 00003EB8: 10:35:20 []:>--------------------------------------------------------------<
ERPImporta.exe: 00003EB8: 10:35:20 [TUniServerModule]:Server First Init.
ERPImporta.exe: 00003EB8: 10:35:20 [TUniServerModule]:Start Path = C:\Projetos_WEB\ERP_Importa\
ERPImporta.exe: 00003EB8: 10:35:20 [TUniServerModule]:Debug Mode = ON
ERPImporta.exe: 00003EB8: 10:35:20 [TUniGUISessionManager]:Cache erase job created, Folder count: [1]
ERPImporta.exe: 00003EB8: 10:35:20 [TUniServerModule]:Starting HTTP Server on Port: 8077...
ERPImporta.exe: 00003EB8: 10:35:20 [TUniServerModule]:HTTP Server Started on Port: 8077
ERPImporta.exe: 0000190C: 10:37:53 []:>--------------------------------------------------------------<
ERPImporta.exe: 0000190C: 10:37:53 [TUniServerModule]:Server First Init.
ERPImporta.exe: 0000190C: 10:37:53 [TUniServerModule]:Start Path = C:\Projetos_WEB\ERP_Importa\
ERPImporta.exe: 0000190C: 10:37:53 [TUniServerModule]:Debug Mode = ON
ERPImporta.exe: 0000190C: 10:37:53 [TUniServerModule]:Starting HTTP Server on Port: 8077...
ERPImporta.exe: 0000190C: 10:37:53 [TUniServerModule]:HTTP Server Started on Port: 8077
ERPImporta.exe: 00001030: 10:39:15 []:>--------------------------------------------------------------<
ERPImporta.exe: 00001030: 10:39:15 [TUniServerModule]:Server First Init.
ERPImporta.exe: 00001030: 10:39:15 [TUniServerModule]:Start Path = C:\Projetos_WEB\ERP_Importa\
ERPImporta.exe: 00001030: 10:39:15 [TUniServerModule]:Debug Mode = ON
ERPImporta.exe: 00001030: 10:39:15 [TUniServerModule]:Starting HTTP Server on Port: 8077...
ERPImporta.exe: 00001030: 10:39:15 [TUniServerModule]:HTTP Server Started on Port: 8077
ERPImporta.exe: 00001550: 10:40:31 []:>--------------------------------------------------------------<
ERPImporta.exe: 00001550: 10:40:31 [TUniServerModule]:Server First Init.
ERPImporta.exe: 00001550: 10:40:31 [TUniServerModule]:Start Path = C:\Projetos_WEB\ERP_Importa\
ERPImporta.exe: 00001550: 10:40:31 [TUniServerModule]:Debug Mode = ON
ERPImporta.exe: 00001550: 10:40:31 [TUniGUISessionManager]:Cache erase job created, Folder count: [1]
ERPImporta.exe: 00001550: 10:40:31 [TUniServerModule]:Starting HTTP Server on Port: 8077...
ERPImporta.exe: 00001550: 10:40:31 [TUniServerModule]:HTTP Server Started on Port: 8077
ERPImporta.exe: 000019A8: 10:41:28 []:>--------------------------------------------------------------<
ERPImporta.exe: 000019A8: 10:41:28 [TUniServerModule]:Server First Init.
ERPImporta.exe: 000019A8: 10:41:28 [TUniServerModule]:Start Path = C:\Projetos_WEB\ERP_Importa\
ERPImporta.exe: 000019A8: 10:41:28 [TUniServerModule]:Debug Mode = ON
ERPImporta.exe: 000019A8: 10:41:28 [TUniServerModule]:Starting HTTP Server on Port: 8077...
ERPImporta.exe: 000019A8: 10:41:28 [TUniServerModule]:HTTP Server Started on Port: 8077
ERPImporta.exe: 000017AC: 10:42:54 []:>--------------------------------------------------------------<
ERPImporta.exe: 000017AC: 10:42:54 [TUniServerModule]:Server First Init.
ERPImporta.exe: 000017AC: 10:42:54 [TUniServerModule]:Start Path = C:\Projetos_WEB\ERP_Importa\
ERPImporta.exe: 000017AC: 10:42:54 [TUniServerModule]:Debug Mode = ON
ERPImporta.exe: 000017AC: 10:42:54 [TUniGUISessionManager]:Cache erase job created, Folder count: [1]
ERPImporta.exe: 000017AC: 10:42:54 [TUniServerModule]:Starting HTTP Server on Port: 8077...
ERPImporta.exe: 000017AC: 10:42:54 [TUniServerModule]:HTTP Server Started on Port: 8077
ERPImporta.exe: 00001114: 10:44:12 []:>--------------------------------------------------------------<
ERPImporta.exe: 00001114: 10:44:12 [TUniServerModule]:Server First Init.
ERPImporta.exe: 00001114: 10:44:12 [TUniServerModule]:Start Path = C:\Projetos_WEB\ERP_Importa\
ERPImporta.exe: 00001114: 10:44:12 [TUniServerModule]:Debug Mode = ON
ERPImporta.exe: 00001114: 10:44:12 [TUniGUISessionManager]:Cache erase job created, Folder count: [1]
ERPImporta.exe: 00001114: 10:44:12 [TUniServerModule]:Starting HTTP Server on Port: 8077...
ERPImporta.exe: 00001114: 10:44:12 [TUniServerModule]:HTTP Server Started on Port: 8077
ERPImporta.exe: 0000427C: 10:44:41 []:>--------------------------------------------------------------<
ERPImporta.exe: 0000427C: 10:44:41 [TUniServerModule]:Server First Init.
ERPImporta.exe: 0000427C: 10:44:41 [TUniServerModule]:Start Path = C:\Projetos_WEB\ERP_Importa\
ERPImporta.exe: 0000427C: 10:44:41 [TUniServerModule]:Debug Mode = ON
ERPImporta.exe: 0000427C: 10:44:41 [TUniServerModule]:Starting HTTP Server on Port: 8077...
ERPImporta.exe: 0000427C: 10:44:41 [TUniServerModule]:HTTP Server Started on Port: 8077
ERPImporta.exe: 0000216C: 10:49:35 []:>--------------------------------------------------------------<
ERPImporta.exe: 0000216C: 10:49:35 [TUniServerModule]:Server First Init.
ERPImporta.exe: 0000216C: 10:49:35 [TUniServerModule]:Start Path = C:\Projetos_WEB\ERP_Importa\
ERPImporta.exe: 0000216C: 10:49:35 [TUniServerModule]:Debug Mode = ON
ERPImporta.exe: 0000216C: 10:49:35 [TUniGUISessionManager]:Cache erase job created, Folder count: [1]
ERPImporta.exe: 0000216C: 10:49:35 [TUniServerModule]:Starting HTTP Server on Port: 8077...
ERPImporta.exe: 0000216C: 10:49:35 [TUniServerModule]:HTTP Server Started on Port: 8077
ERPImporta.exe: 00002E44: 10:50:11 []:>--------------------------------------------------------------<
ERPImporta.exe: 00002E44: 10:50:11 [TUniServerModule]:Server First Init.
ERPImporta.exe: 00002E44: 10:50:11 [TUniServerModule]:Start Path = C:\Projetos_WEB\ERP_Importa\
ERPImporta.exe: 00002E44: 10:50:11 [TUniServerModule]:Debug Mode = ON
ERPImporta.exe: 00002E44: 10:50:11 [TUniGUISessionManager]:Cache erase job created, Folder count: [1]
ERPImporta.exe: 00002E44: 10:50:12 [TUniServerModule]:Starting HTTP Server on Port: 8077...
ERPImporta.exe: 00002E44: 10:50:12 [TUniServerModule]:HTTP Server Started on Port: 8077
ERPImporta.exe: 000035A0: 10:50:33 [127.0.0.1]:EUniSessionException : Sessão inváilda ou tempo da sessão expirado. (Session not found: T1TTEy4ztq10CD7EE37 ) : Addr: $007CE9EE
ERPImporta.exe: 00001C50: 10:52:37 []:>--------------------------------------------------------------<
ERPImporta.exe: 00001C50: 10:52:37 [TUniServerModule]:Server First Init.
ERPImporta.exe: 00001C50: 10:52:37 [TUniServerModule]:Start Path = C:\Projetos_WEB\ERP_Importa\
ERPImporta.exe: 00001C50: 10:52:37 [TUniServerModule]:Debug Mode = ON
ERPImporta.exe: 00001C50: 10:52:37 [TUniServerModule]:Starting HTTP Server on Port: 8077...
ERPImporta.exe: 00001C50: 10:52:37 [TUniServerModule]:HTTP Server Started on Port: 8077
ERPImporta.exe: 00002A0C: 10:54:27 []:>--------------------------------------------------------------<
ERPImporta.exe: 00002A0C: 10:54:27 [TUniServerModule]:Server First Init.
ERPImporta.exe: 00002A0C: 10:54:27 [TUniServerModule]:Start Path = C:\Projetos_WEB\ERP_Importa\
ERPImporta.exe: 00002A0C: 10:54:27 [TUniServerModule]:Debug Mode = ON
ERPImporta.exe: 00002A0C: 10:54:27 [TUniServerModule]:Starting HTTP Server on Port: 8077...
ERPImporta.exe: 00002A0C: 10:54:28 [TUniServerModule]:HTTP Server Started on Port: 8077
ERPImporta.exe: 0000076C: 10:56:57 []:>--------------------------------------------------------------<
ERPImporta.exe: 0000076C: 10:56:57 [TUniServerModule]:Server First Init.
ERPImporta.exe: 0000076C: 10:56:57 [TUniServerModule]:Start Path = C:\Projetos_WEB\ERP_Importa\
ERPImporta.exe: 0000076C: 10:56:57 [TUniServerModule]:Debug Mode = ON
ERPImporta.exe: 0000076C: 10:56:57 [TUniServerModule]:Starting HTTP Server on Port: 8077...
ERPImporta.exe: 0000076C: 10:56:57 [TUniServerModule]:HTTP Server Started on Port: 8077
ERPImporta.exe: 00000D58: 10:58:17 []:>--------------------------------------------------------------<
ERPImporta.exe: 00000D58: 10:58:17 [TUniServerModule]:Server First Init.
ERPImporta.exe: 00000D58: 10:58:17 [TUniServerModule]:Start Path = C:\Projetos_WEB\ERP_Importa\
ERPImporta.exe: 00000D58: 10:58:17 [TUniServerModule]:Debug Mode = ON
ERPImporta.exe: 00000D58: 10:58:18 [TUniServerModule]:Starting HTTP Server on Port: 8077...
ERPImporta.exe: 00000D58: 10:58:18 [TUniServerModule]:HTTP Server Started on Port: 8077
ERPImporta.exe: 000030F4: 10:59:40 []:>--------------------------------------------------------------<
ERPImporta.exe: 000030F4: 10:59:40 [TUniServerModule]:Server First Init.
ERPImporta.exe: 000030F4: 10:59:40 [TUniServerModule]:Start Path = C:\Projetos_WEB\ERP_Importa\
ERPImporta.exe: 000030F4: 10:59:40 [TUniServerModule]:Debug Mode = ON
ERPImporta.exe: 000030F4: 10:59:40 [TUniGUISessionManager]:Cache erase job created, Folder count: [1]
ERPImporta.exe: 000030F4: 10:59:41 [TUniServerModule]:Starting HTTP Server on Port: 8077...
ERPImporta.exe: 000030F4: 10:59:41 [TUniServerModule]:HTTP Server Started on Port: 8077
ERPImporta.exe: 000011C0: 11:01:54 []:>--------------------------------------------------------------<
ERPImporta.exe: 000011C0: 11:01:54 [TUniServerModule]:Server First Init.
ERPImporta.exe: 000011C0: 11:01:54 [TUniServerModule]:Start Path = C:\Projetos_WEB\ERP_Importa\
ERPImporta.exe: 000011C0: 11:01:54 [TUniServerModule]:Debug Mode = ON
ERPImporta.exe: 000011C0: 11:01:55 [TUniServerModule]:Starting HTTP Server on Port: 8077...
ERPImporta.exe: 000011C0: 11:01:55 [TUniServerModule]:HTTP Server Started on Port: 8077
ERPImporta.exe: 000022AC: 11:02:49 []:>--------------------------------------------------------------<
ERPImporta.exe: 000022AC: 11:02:49 [TUniServerModule]:Server First Init.
ERPImporta.exe: 000022AC: 11:02:49 [TUniServerModule]:Start Path = C:\Projetos_WEB\ERP_Importa\
ERPImporta.exe: 000022AC: 11:02:49 [TUniServerModule]:Debug Mode = ON
ERPImporta.exe: 000022AC: 11:02:49 [TUniServerModule]:Starting HTTP Server on Port: 8077...
ERPImporta.exe: 000022AC: 11:02:49 [TUniServerModule]:HTTP Server Started on Port: 8077
ERPImporta.exe: 00001C20: 11:03:33 []:>--------------------------------------------------------------<
ERPImporta.exe: 00001C20: 11:03:33 [TUniServerModule]:Server First Init.
ERPImporta.exe: 00001C20: 11:03:33 [TUniServerModule]:Start Path = C:\Projetos_WEB\ERP_Importa\
ERPImporta.exe: 00001C20: 11:03:33 [TUniServerModule]:Debug Mode = ON
ERPImporta.exe: 00001C20: 11:03:34 [TUniServerModule]:Starting HTTP Server on Port: 8077...
ERPImporta.exe: 00001C20: 11:03:34 [TUniServerModule]:HTTP Server Started on Port: 8077
ERPImporta.exe: 00003CEC: 11:05:07 []:>--------------------------------------------------------------<
ERPImporta.exe: 00003CEC: 11:05:07 [TUniServerModule]:Server First Init.
ERPImporta.exe: 00003CEC: 11:05:07 [TUniServerModule]:Start Path = C:\Projetos_WEB\ERP_Importa\
ERPImporta.exe: 00003CEC: 11:05:07 [TUniServerModule]:Debug Mode = ON
ERPImporta.exe: 00003CEC: 11:05:07 [TUniServerModule]:Starting HTTP Server on Port: 8077...
ERPImporta.exe: 00003CEC: 11:05:07 [TUniServerModule]:HTTP Server Started on Port: 8077
ERPImporta.exe: 0000307C: 11:08:44 []:>--------------------------------------------------------------<
ERPImporta.exe: 0000307C: 11:08:44 [TUniServerModule]:Server First Init.
ERPImporta.exe: 0000307C: 11:08:44 [TUniServerModule]:Start Path = C:\Projetos_WEB\ERP_Importa\
ERPImporta.exe: 0000307C: 11:08:44 [TUniServerModule]:Debug Mode = ON
ERPImporta.exe: 0000307C: 11:08:44 [TUniServerModule]:Starting HTTP Server on Port: 8077...
ERPImporta.exe: 0000307C: 11:08:44 [TUniServerModule]:HTTP Server Started on Port: 8077
ERPImporta.exe: 00002894: 14:51:17 []:>--------------------------------------------------------------<
ERPImporta.exe: 00002894: 14:51:17 [TUniServerModule]:Server First Init.
ERPImporta.exe: 00002894: 14:51:17 [TUniServerModule]:Start Path = C:\Projetos_WEB\ERP_Importa\
ERPImporta.exe: 00002894: 14:51:17 [TUniServerModule]:Debug Mode = ON
ERPImporta.exe: 00002894: 14:51:17 [TUniServerModule]:Starting HTTP Server on Port: 8077...
ERPImporta.exe: 00002894: 14:51:17 [TUniServerModule]:HTTP Server Started on Port: 8077
ERPImporta.exe: 0000113C: 15:27:53 []:>--------------------------------------------------------------<
ERPImporta.exe: 0000113C: 15:27:53 [TUniServerModule]:Server First Init.
ERPImporta.exe: 0000113C: 15:27:53 [TUniServerModule]:Start Path = C:\Projetos_WEB\ERP_Importa\
ERPImporta.exe: 0000113C: 15:27:53 [TUniServerModule]:Debug Mode = ON
ERPImporta.exe: 0000113C: 15:27:53 [TUniGUISessionManager]:Cache erase job created, Folder count: [1]
ERPImporta.exe: 0000113C: 15:27:53 [TUniServerModule]:Starting HTTP Server on Port: 8077...
ERPImporta.exe: 0000113C: 15:27:53 [TUniServerModule]:HTTP Server Started on Port: 8077
ERPImporta.exe: 0000311C: 15:29:54 []:>--------------------------------------------------------------<
ERPImporta.exe: 0000311C: 15:29:54 [TUniServerModule]:Server First Init.
ERPImporta.exe: 0000311C: 15:29:54 [TUniServerModule]:Start Path = C:\Projetos_WEB\ERP_Importa\
ERPImporta.exe: 0000311C: 15:29:54 [TUniServerModule]:Debug Mode = ON
ERPImporta.exe: 0000311C: 15:29:54 [TUniServerModule]:Starting HTTP Server on Port: 8077...
ERPImporta.exe: 0000311C: 15:29:54 [TUniServerModule]:HTTP Server Started on Port: 8077
ERPImporta.exe: 00002BE0: 15:32:24 []:>--------------------------------------------------------------<
ERPImporta.exe: 00002BE0: 15:32:24 [TUniServerModule]:Server First Init.
ERPImporta.exe: 00002BE0: 15:32:24 [TUniServerModule]:Start Path = C:\Projetos_WEB\ERP_Importa\
ERPImporta.exe: 00002BE0: 15:32:24 [TUniServerModule]:Debug Mode = ON
ERPImporta.exe: 00002BE0: 15:32:24 [TUniServerModule]:Starting HTTP Server on Port: 8077...
ERPImporta.exe: 00002BE0: 15:32:24 [TUniServerModule]:HTTP Server Started on Port: 8077
ERPImporta.exe: 00003638: 15:33:21 []:>--------------------------------------------------------------<
ERPImporta.exe: 00003638: 15:33:21 [TUniServerModule]:Server First Init.
ERPImporta.exe: 00003638: 15:33:21 [TUniServerModule]:Start Path = C:\Projetos_WEB\ERP_Importa\
ERPImporta.exe: 00003638: 15:33:21 [TUniServerModule]:Debug Mode = ON
ERPImporta.exe: 00003638: 15:33:21 [TUniServerModule]:Starting HTTP Server on Port: 8077...
ERPImporta.exe: 00003638: 15:33:21 [TUniServerModule]:HTTP Server Started on Port: 8077
ERPImporta.exe: 000020C8: 15:43:41 []:>--------------------------------------------------------------<
ERPImporta.exe: 000020C8: 15:43:41 [TUniServerModule]:Server First Init.
ERPImporta.exe: 000020C8: 15:43:41 [TUniServerModule]:Start Path = C:\Projetos_WEB\ERP_Importa\
ERPImporta.exe: 000020C8: 15:43:41 [TUniServerModule]:Debug Mode = ON
ERPImporta.exe: 000020C8: 15:43:41 [TUniServerModule]:Starting HTTP Server on Port: 8077...
ERPImporta.exe: 000020C8: 15:43:41 [TUniServerModule]:HTTP Server Started on Port: 8077
ERPImporta.exe: 00003D54: 15:45:02 []:>--------------------------------------------------------------<
ERPImporta.exe: 00003D54: 15:45:02 [TUniServerModule]:Server First Init.
ERPImporta.exe: 00003D54: 15:45:02 [TUniServerModule]:Start Path = C:\Projetos_WEB\ERP_Importa\
ERPImporta.exe: 00003D54: 15:45:02 [TUniServerModule]:Debug Mode = ON
ERPImporta.exe: 00003D54: 15:45:02 [TUniServerModule]:Starting HTTP Server on Port: 8077...
ERPImporta.exe: 00003D54: 15:45:02 [TUniServerModule]:HTTP Server Started on Port: 8077
ERPImporta.exe: 00003708: 15:46:49 []:>--------------------------------------------------------------<
ERPImporta.exe: 00003708: 15:46:49 [TUniServerModule]:Server First Init.
ERPImporta.exe: 00003708: 15:46:49 [TUniServerModule]:Start Path = C:\Projetos_WEB\ERP_Importa\
ERPImporta.exe: 00003708: 15:46:49 [TUniServerModule]:Debug Mode = ON
ERPImporta.exe: 00003708: 15:46:50 [TUniServerModule]:Starting HTTP Server on Port: 8077...
ERPImporta.exe: 00003708: 15:46:50 [TUniServerModule]:HTTP Server Started on Port: 8077
ERPImporta.exe: 00001E58: 15:49:09 []:>--------------------------------------------------------------<
ERPImporta.exe: 00001E58: 15:49:09 [TUniServerModule]:Server First Init.
ERPImporta.exe: 00001E58: 15:49:09 [TUniServerModule]:Start Path = C:\Projetos_WEB\ERP_Importa\
ERPImporta.exe: 00001E58: 15:49:09 [TUniServerModule]:Debug Mode = ON
ERPImporta.exe: 00001E58: 15:49:10 [TUniServerModule]:Starting HTTP Server on Port: 8077...
ERPImporta.exe: 00001E58: 15:49:10 [TUniServerModule]:HTTP Server Started on Port: 8077
ERPImporta.exe: 0000419C: 15:50:54 []:>--------------------------------------------------------------<
ERPImporta.exe: 0000419C: 15:50:54 [TUniServerModule]:Server First Init.
ERPImporta.exe: 0000419C: 15:50:54 [TUniServerModule]:Start Path = C:\Projetos_WEB\ERP_Importa\
ERPImporta.exe: 0000419C: 15:50:54 [TUniServerModule]:Debug Mode = ON
ERPImporta.exe: 0000419C: 15:50:55 [TUniServerModule]:Starting HTTP Server on Port: 8077...
ERPImporta.exe: 0000419C: 15:50:55 [TUniServerModule]:HTTP Server Started on Port: 8077
ERPImporta.exe: 00002CEC: 15:51:47 []:>--------------------------------------------------------------<
ERPImporta.exe: 00002CEC: 15:51:47 [TUniServerModule]:Server First Init.
ERPImporta.exe: 00002CEC: 15:51:47 [TUniServerModule]:Start Path = C:\Projetos_WEB\ERP_Importa\
ERPImporta.exe: 00002CEC: 15:51:47 [TUniServerModule]:Debug Mode = ON
ERPImporta.exe: 00002CEC: 15:51:47 [TUniServerModule]:Starting HTTP Server on Port: 8077...
ERPImporta.exe: 00002CEC: 15:51:47 [TUniServerModule]:HTTP Server Started on Port: 8077
ERPImporta.exe: 000039EC: 16:09:06 [127.0.0.1]:EUniSessionException : Sessão inváilda ou tempo da sessão expirado. (Session not found: 8eLaBQLMny10CD84031 ) : Addr: $007CE9EE
