ERPImporta.exe: 000026D8: 10:16:26 []:>--------------------------------------------------------------<
ERPImporta.exe: 000026D8: 10:16:26 [TUniServerModule]:Server First Init.
ERPImporta.exe: 000026D8: 10:16:26 [TUniServerModule]:Start Path = C:\Projetos_WEB\ERP_Importa\
ERPImporta.exe: 000026D8: 10:16:26 [TUniServerModule]:Debug Mode = ON
ERPImporta.exe: 000026D8: 10:16:27 [TUniServerModule]:Starting HTTP Server on Port: 8077...
ERPImporta.exe: 000026D8: 10:16:27 [TUniServerModule]:HTTP Server Started on Port: 8077
ERPImporta.exe: 00001194: 10:19:04 []:>--------------------------------------------------------------<
ERPImporta.exe: 00001194: 10:19:04 [TUniServerModule]:Server First Init.
ERPImporta.exe: 00001194: 10:19:04 [TUniServerModule]:Start Path = C:\Projetos_WEB\ERP_Importa\
ERPImporta.exe: 00001194: 10:19:04 [TUniServerModule]:Debug Mode = ON
ERPImporta.exe: 00001194: 10:19:04 [TUniServerModule]:Starting HTTP Server on Port: 8077...
ERPImporta.exe: 00001194: 10:19:04 [TUniServerModule]:HTTP Server Started on Port: 8077
ERPImporta.exe: 00003710: 10:20:12 []:>--------------------------------------------------------------<
ERPImporta.exe: 00003710: 10:20:12 [TUniServerModule]:Server First Init.
ERPImporta.exe: 00003710: 10:20:12 [TUniServerModule]:Start Path = C:\Projetos_WEB\ERP_Importa\
ERPImporta.exe: 00003710: 10:20:12 [TUniServerModule]:Debug Mode = ON
ERPImporta.exe: 00003710: 10:20:12 [TUniGUISessionManager]:Cache erase job created, Folder count: [1]
ERPImporta.exe: 00003710: 10:20:13 [TUniServerModule]:Starting HTTP Server on Port: 8077...
ERPImporta.exe: 00003710: 10:20:13 [TUniServerModule]:HTTP Server Started on Port: 8077
ERPImporta.exe: 00002184: 10:21:30 []:>--------------------------------------------------------------<
ERPImporta.exe: 00002184: 10:21:30 [TUniServerModule]:Server First Init.
ERPImporta.exe: 00002184: 10:21:30 [TUniServerModule]:Start Path = C:\Projetos_WEB\ERP_Importa\
ERPImporta.exe: 00002184: 10:21:30 [TUniServerModule]:Debug Mode = ON
ERPImporta.exe: 00002184: 10:21:30 [TUniServerModule]:Starting HTTP Server on Port: 8077...
ERPImporta.exe: 00002184: 10:21:30 [TUniServerModule]:HTTP Server Started on Port: 8077
ERPImporta.exe: 000014BC: 10:23:02 []:>--------------------------------------------------------------<
ERPImporta.exe: 000014BC: 10:23:02 [TUniServerModule]:Server First Init.
ERPImporta.exe: 000014BC: 10:23:02 [TUniServerModule]:Start Path = C:\Projetos_WEB\ERP_Importa\
ERPImporta.exe: 000014BC: 10:23:02 [TUniServerModule]:Debug Mode = ON
ERPImporta.exe: 000014BC: 10:23:02 [TUniGUISessionManager]:Cache erase job created, Folder count: [1]
ERPImporta.exe: 000014BC: 10:23:02 [TUniServerModule]:Starting HTTP Server on Port: 8077...
ERPImporta.exe: 000014BC: 10:23:02 [TUniServerModule]:HTTP Server Started on Port: 8077
ERPImporta.exe: 000028CC: 10:24:15 []:>--------------------------------------------------------------<
ERPImporta.exe: 000028CC: 10:24:15 [TUniServerModule]:Server First Init.
ERPImporta.exe: 000028CC: 10:24:15 [TUniServerModule]:Start Path = C:\Projetos_WEB\ERP_Importa\
ERPImporta.exe: 000028CC: 10:24:15 [TUniServerModule]:Debug Mode = ON
ERPImporta.exe: 000028CC: 10:24:15 [TUniGUISessionManager]:Cache erase job created, Folder count: [1]
ERPImporta.exe: 000028CC: 10:24:16 [TUniServerModule]:Starting HTTP Server on Port: 8077...
ERPImporta.exe: 000028CC: 10:24:16 [TUniServerModule]:HTTP Server Started on Port: 8077
ERPImporta.exe: 00002118: 10:27:26 []:>--------------------------------------------------------------<
ERPImporta.exe: 00002118: 10:27:26 [TUniServerModule]:Server First Init.
ERPImporta.exe: 00002118: 10:27:26 [TUniServerModule]:Start Path = C:\Projetos_WEB\ERP_Importa\
ERPImporta.exe: 00002118: 10:27:26 [TUniServerModule]:Debug Mode = ON
ERPImporta.exe: 00002118: 10:27:26 [TUniServerModule]:Starting HTTP Server on Port: 8077...
ERPImporta.exe: 00002118: 10:27:26 [TUniServerModule]:HTTP Server Started on Port: 8077
ERPImporta.exe: 00002EE4: 10:29:15 []:>--------------------------------------------------------------<
ERPImporta.exe: 00002EE4: 10:29:15 [TUniServerModule]:Server First Init.
ERPImporta.exe: 00002EE4: 10:29:15 [TUniServerModule]:Start Path = C:\Projetos_WEB\ERP_Importa\
ERPImporta.exe: 00002EE4: 10:29:15 [TUniServerModule]:Debug Mode = ON
ERPImporta.exe: 00002EE4: 10:29:15 [TUniGUISessionManager]:Cache erase job created, Folder count: [1]
ERPImporta.exe: 00002EE4: 10:29:16 [TUniServerModule]:Starting HTTP Server on Port: 8077...
ERPImporta.exe: 00002EE4: 10:29:16 [TUniServerModule]:HTTP Server Started on Port: 8077
ERPImporta.exe: 000035C0: 10:30:25 []:>--------------------------------------------------------------<
ERPImporta.exe: 000035C0: 10:30:25 [TUniServerModule]:Server First Init.
ERPImporta.exe: 000035C0: 10:30:25 [TUniServerModule]:Start Path = C:\Projetos_WEB\ERP_Importa\
ERPImporta.exe: 000035C0: 10:30:25 [TUniServerModule]:Debug Mode = ON
ERPImporta.exe: 000035C0: 10:30:25 [TUniGUISessionManager]:Cache erase job created, Folder count: [1]
ERPImporta.exe: 000035C0: 10:30:25 [TUniServerModule]:Starting HTTP Server on Port: 8077...
ERPImporta.exe: 000035C0: 10:30:25 [TUniServerModule]:HTTP Server Started on Port: 8077
ERPImporta.exe: 00002E78: 10:31:47 []:>--------------------------------------------------------------<
ERPImporta.exe: 00002E78: 10:31:47 [TUniServerModule]:Server First Init.
ERPImporta.exe: 00002E78: 10:31:47 [TUniServerModule]:Start Path = C:\Projetos_WEB\ERP_Importa\
ERPImporta.exe: 00002E78: 10:31:47 [TUniServerModule]:Debug Mode = ON
ERPImporta.exe: 00002E78: 10:31:48 [TUniServerModule]:Starting HTTP Server on Port: 8077...
ERPImporta.exe: 00002E78: 10:31:48 [TUniServerModule]:HTTP Server Started on Port: 8077
ERPImporta.exe: 00000194: 10:33:46 []:>--------------------------------------------------------------<
ERPImporta.exe: 00000194: 10:33:46 [TUniServerModule]:Server First Init.
ERPImporta.exe: 00000194: 10:33:46 [TUniServerModule]:Start Path = C:\Projetos_WEB\ERP_Importa\
ERPImporta.exe: 00000194: 10:33:46 [TUniServerModule]:Debug Mode = ON
ERPImporta.exe: 00000194: 10:33:47 [TUniServerModule]:Starting HTTP Server on Port: 8077...
ERPImporta.exe: 00000194: 10:33:47 [TUniServerModule]:HTTP Server Started on Port: 8077
ERPImporta.exe: 00003624: 10:41:18 []:>--------------------------------------------------------------<
ERPImporta.exe: 00003624: 10:41:18 [TUniServerModule]:Server First Init.
ERPImporta.exe: 00003624: 10:41:18 [TUniServerModule]:Start Path = C:\Projetos_WEB\ERP_Importa\
ERPImporta.exe: 00003624: 10:41:18 [TUniServerModule]:Debug Mode = ON
ERPImporta.exe: 00003624: 10:41:18 [TUniGUISessionManager]:Cache erase job created, Folder count: [1]
ERPImporta.exe: 00003624: 10:41:19 [TUniServerModule]:Starting HTTP Server on Port: 8077...
ERPImporta.exe: 00003624: 10:41:19 [TUniServerModule]:HTTP Server Started on Port: 8077
ERPImporta.exe: 00002AF0: 10:41:38 []:>--------------------------------------------------------------<
ERPImporta.exe: 00002AF0: 10:41:38 [TUniServerModule]:Server First Init.
ERPImporta.exe: 00002AF0: 10:41:38 [TUniServerModule]:Start Path = C:\Projetos_WEB\ERP_Importa\
ERPImporta.exe: 00002AF0: 10:41:38 [TUniServerModule]:Debug Mode = ON
ERPImporta.exe: 00002AF0: 10:41:38 [TUniGUISessionManager]:Cache erase job created, Folder count: [1]
ERPImporta.exe: 00002AF0: 10:41:38 [TUniServerModule]:Starting HTTP Server on Port: 8077...
ERPImporta.exe: 00002AF0: 10:41:38 [TUniServerModule]:HTTP Server Started on Port: 8077
ERPImporta.exe: 00001690: 10:44:20 []:>--------------------------------------------------------------<
ERPImporta.exe: 00001690: 10:44:20 [TUniServerModule]:Server First Init.
ERPImporta.exe: 00001690: 10:44:20 [TUniServerModule]:Start Path = C:\Projetos_WEB\ERP_Importa\
ERPImporta.exe: 00001690: 10:44:20 [TUniServerModule]:Debug Mode = ON
ERPImporta.exe: 00001690: 10:44:21 [TUniServerModule]:Starting HTTP Server on Port: 8077...
ERPImporta.exe: 00001690: 10:44:21 [TUniServerModule]:HTTP Server Started on Port: 8077
ERPImporta.exe: 000016E4: 10:45:30 []:>--------------------------------------------------------------<
ERPImporta.exe: 000016E4: 10:45:30 [TUniServerModule]:Server First Init.
ERPImporta.exe: 000016E4: 10:45:30 [TUniServerModule]:Start Path = C:\Projetos_WEB\ERP_Importa\
ERPImporta.exe: 000016E4: 10:45:30 [TUniServerModule]:Debug Mode = ON
ERPImporta.exe: 000016E4: 10:45:31 [TUniServerModule]:Starting HTTP Server on Port: 8077...
ERPImporta.exe: 000016E4: 10:45:31 [TUniServerModule]:HTTP Server Started on Port: 8077
ERPImporta.exe: 00001C20: 10:45:59 []:>--------------------------------------------------------------<
ERPImporta.exe: 00001C20: 10:45:59 [TUniServerModule]:Server First Init.
ERPImporta.exe: 00001C20: 10:45:59 [TUniServerModule]:Start Path = C:\Projetos_WEB\ERP_Importa\
ERPImporta.exe: 00001C20: 10:45:59 [TUniServerModule]:Debug Mode = ON
ERPImporta.exe: 00001C20: 10:45:59 [TUniGUISessionManager]:Cache erase job created, Folder count: [1]
ERPImporta.exe: 00001C20: 10:46:00 [TUniServerModule]:Starting HTTP Server on Port: 8077...
ERPImporta.exe: 00001C20: 10:46:00 [TUniServerModule]:HTTP Server Started on Port: 8077
ERPImporta.exe: 000004E0: 10:46:48 []:>--------------------------------------------------------------<
ERPImporta.exe: 000004E0: 10:46:48 [TUniServerModule]:Server First Init.
ERPImporta.exe: 000004E0: 10:46:48 [TUniServerModule]:Start Path = C:\Projetos_WEB\ERP_Importa\
ERPImporta.exe: 000004E0: 10:46:48 [TUniServerModule]:Debug Mode = ON
ERPImporta.exe: 000004E0: 10:46:49 [TUniServerModule]:Starting HTTP Server on Port: 8077...
ERPImporta.exe: 000004E0: 10:46:49 [TUniServerModule]:HTTP Server Started on Port: 8077
ERPImporta.exe: 00001C24: 10:47:36 []:>--------------------------------------------------------------<
ERPImporta.exe: 00001C24: 10:47:36 [TUniServerModule]:Server First Init.
ERPImporta.exe: 00001C24: 10:47:36 [TUniServerModule]:Start Path = C:\Projetos_WEB\ERP_Importa\
ERPImporta.exe: 00001C24: 10:47:36 [TUniServerModule]:Debug Mode = ON
ERPImporta.exe: 00001C24: 10:47:36 [TUniServerModule]:Starting HTTP Server on Port: 8077...
ERPImporta.exe: 00001C24: 10:47:36 [TUniServerModule]:HTTP Server Started on Port: 8077
ERPImporta.exe: 00000894: 10:48:35 []:>--------------------------------------------------------------<
ERPImporta.exe: 00000894: 10:48:35 [TUniServerModule]:Server First Init.
ERPImporta.exe: 00000894: 10:48:35 [TUniServerModule]:Start Path = C:\Projetos_WEB\ERP_Importa\
ERPImporta.exe: 00000894: 10:48:35 [TUniServerModule]:Debug Mode = ON
ERPImporta.exe: 00000894: 10:48:35 [TUniServerModule]:Starting HTTP Server on Port: 8077...
ERPImporta.exe: 00000894: 10:48:35 [TUniServerModule]:HTTP Server Started on Port: 8077
ERPImporta.exe: 000034B4: 10:53:54 []:>--------------------------------------------------------------<
ERPImporta.exe: 000034B4: 10:53:54 [TUniServerModule]:Server First Init.
ERPImporta.exe: 000034B4: 10:53:54 [TUniServerModule]:Start Path = C:\Projetos_WEB\ERP_Importa\
ERPImporta.exe: 000034B4: 10:53:54 [TUniServerModule]:Debug Mode = ON
ERPImporta.exe: 000034B4: 10:53:54 [TUniGUISessionManager]:Cache erase job created, Folder count: [1]
ERPImporta.exe: 000034B4: 10:53:55 [TUniServerModule]:Starting HTTP Server on Port: 8077...
ERPImporta.exe: 000034B4: 10:53:55 [TUniServerModule]:HTTP Server Started on Port: 8077
ERPImporta.exe: 000001B0: 10:54:42 []:>--------------------------------------------------------------<
ERPImporta.exe: 000001B0: 10:54:42 [TUniServerModule]:Server First Init.
ERPImporta.exe: 000001B0: 10:54:42 [TUniServerModule]:Start Path = C:\Projetos_WEB\ERP_Importa\
ERPImporta.exe: 000001B0: 10:54:42 [TUniServerModule]:Debug Mode = ON
ERPImporta.exe: 000001B0: 10:54:42 [TUniServerModule]:Starting HTTP Server on Port: 8077...
ERPImporta.exe: 000001B0: 10:54:42 [TUniServerModule]:HTTP Server Started on Port: 8077
ERPImporta.exe: 0000143C: 10:55:11 []:>--------------------------------------------------------------<
ERPImporta.exe: 0000143C: 10:55:11 [TUniServerModule]:Server First Init.
ERPImporta.exe: 0000143C: 10:55:11 [TUniServerModule]:Start Path = C:\Projetos_WEB\ERP_Importa\
ERPImporta.exe: 0000143C: 10:55:11 [TUniServerModule]:Debug Mode = ON
ERPImporta.exe: 0000143C: 10:55:11 [TUniServerModule]:Starting HTTP Server on Port: 8077...
ERPImporta.exe: 0000143C: 10:55:11 [TUniServerModule]:HTTP Server Started on Port: 8077
ERPImporta.exe: 000009F0: 10:57:31 []:>--------------------------------------------------------------<
ERPImporta.exe: 000009F0: 10:57:31 [TUniServerModule]:Server First Init.
ERPImporta.exe: 000009F0: 10:57:31 [TUniServerModule]:Start Path = C:\Projetos_WEB\ERP_Importa\
ERPImporta.exe: 000009F0: 10:57:31 [TUniServerModule]:Debug Mode = ON
ERPImporta.exe: 000009F0: 10:57:31 [TUniGUISessionManager]:Cache erase job created, Folder count: [1]
ERPImporta.exe: 000009F0: 10:57:31 [TUniServerModule]:Starting HTTP Server on Port: 8077...
ERPImporta.exe: 000009F0: 10:57:31 [TUniServerModule]:HTTP Server Started on Port: 8077
ERPImporta.exe: 00000270: 10:58:22 []:>--------------------------------------------------------------<
ERPImporta.exe: 00000270: 10:58:22 [TUniServerModule]:Server First Init.
ERPImporta.exe: 00000270: 10:58:22 [TUniServerModule]:Start Path = C:\Projetos_WEB\ERP_Importa\
ERPImporta.exe: 00000270: 10:58:22 [TUniServerModule]:Debug Mode = ON
ERPImporta.exe: 00000270: 10:58:23 [TUniServerModule]:Starting HTTP Server on Port: 8077...
ERPImporta.exe: 00000270: 10:58:23 [TUniServerModule]:HTTP Server Started on Port: 8077
ERPImporta.exe: 00002F04: 10:59:30 []:>--------------------------------------------------------------<
ERPImporta.exe: 00002F04: 10:59:30 [TUniServerModule]:Server First Init.
ERPImporta.exe: 00002F04: 10:59:30 [TUniServerModule]:Start Path = C:\Projetos_WEB\ERP_Importa\
ERPImporta.exe: 00002F04: 10:59:30 [TUniServerModule]:Debug Mode = ON
ERPImporta.exe: 00002F04: 10:59:30 [TUniServerModule]:Starting HTTP Server on Port: 8077...
ERPImporta.exe: 00002F04: 10:59:30 [TUniServerModule]:HTTP Server Started on Port: 8077
ERPImporta.exe: 000010C0: 11:00:35 []:>--------------------------------------------------------------<
ERPImporta.exe: 000010C0: 11:00:35 [TUniServerModule]:Server First Init.
ERPImporta.exe: 000010C0: 11:00:35 [TUniServerModule]:Start Path = C:\Projetos_WEB\ERP_Importa\
ERPImporta.exe: 000010C0: 11:00:35 [TUniServerModule]:Debug Mode = ON
ERPImporta.exe: 000010C0: 11:00:35 [TUniGUISessionManager]:Cache erase job created, Folder count: [1]
ERPImporta.exe: 000010C0: 11:00:35 [TUniServerModule]:Starting HTTP Server on Port: 8077...
ERPImporta.exe: 000010C0: 11:00:35 [TUniServerModule]:HTTP Server Started on Port: 8077
ERPImporta.exe: 00002360: 11:01:04 []:>--------------------------------------------------------------<
ERPImporta.exe: 00002360: 11:01:04 [TUniServerModule]:Server First Init.
ERPImporta.exe: 00002360: 11:01:05 [TUniServerModule]:Start Path = C:\Projetos_WEB\ERP_Importa\
ERPImporta.exe: 00002360: 11:01:05 [TUniServerModule]:Debug Mode = ON
ERPImporta.exe: 00002360: 11:01:05 [TUniGUISessionManager]:Cache erase job created, Folder count: [1]
ERPImporta.exe: 00002360: 11:01:05 [TUniServerModule]:Starting HTTP Server on Port: 8077...
ERPImporta.exe: 00002360: 11:01:05 [TUniServerModule]:HTTP Server Started on Port: 8077
ERPImporta.exe: 000034A4: 11:05:20 []:>--------------------------------------------------------------<
ERPImporta.exe: 000034A4: 11:05:20 [TUniServerModule]:Server First Init.
ERPImporta.exe: 000034A4: 11:05:20 [TUniServerModule]:Start Path = C:\Projetos_WEB\ERP_Importa\
ERPImporta.exe: 000034A4: 11:05:20 [TUniServerModule]:Debug Mode = ON
ERPImporta.exe: 000034A4: 11:05:20 [TUniServerModule]:Starting HTTP Server on Port: 8077...
ERPImporta.exe: 000034A4: 11:05:20 [TUniServerModule]:HTTP Server Started on Port: 8077
ERPImporta.exe: 00000B44: 11:06:43 []:>--------------------------------------------------------------<
ERPImporta.exe: 00000B44: 11:06:43 [TUniServerModule]:Server First Init.
ERPImporta.exe: 00000B44: 11:06:43 [TUniServerModule]:Start Path = C:\Projetos_WEB\ERP_Importa\
ERPImporta.exe: 00000B44: 11:06:43 [TUniServerModule]:Debug Mode = ON
ERPImporta.exe: 00000B44: 11:06:43 [TUniServerModule]:Starting HTTP Server on Port: 8077...
ERPImporta.exe: 00000B44: 11:06:43 [TUniServerModule]:HTTP Server Started on Port: 8077
ERPImporta.exe: 000034C8: 11:08:31 []:>--------------------------------------------------------------<
ERPImporta.exe: 000034C8: 11:08:31 [TUniServerModule]:Server First Init.
ERPImporta.exe: 000034C8: 11:08:31 [TUniServerModule]:Start Path = C:\Projetos_WEB\ERP_Importa\
ERPImporta.exe: 000034C8: 11:08:31 [TUniServerModule]:Debug Mode = ON
ERPImporta.exe: 000034C8: 11:08:32 [TUniServerModule]:Starting HTTP Server on Port: 8077...
ERPImporta.exe: 000034C8: 11:08:32 [TUniServerModule]:HTTP Server Started on Port: 8077
ERPImporta.exe: 000010A4: 11:09:51 []:>--------------------------------------------------------------<
ERPImporta.exe: 000010A4: 11:09:51 [TUniServerModule]:Server First Init.
ERPImporta.exe: 000010A4: 11:09:51 [TUniServerModule]:Start Path = C:\Projetos_WEB\ERP_Importa\
ERPImporta.exe: 000010A4: 11:09:51 [TUniServerModule]:Debug Mode = ON
ERPImporta.exe: 000010A4: 11:09:51 [TUniServerModule]:Starting HTTP Server on Port: 8077...
ERPImporta.exe: 000010A4: 11:09:51 [TUniServerModule]:HTTP Server Started on Port: 8077
ERPImporta.exe: 00002780: 11:11:53 []:>--------------------------------------------------------------<
ERPImporta.exe: 00002780: 11:11:53 [TUniServerModule]:Server First Init.
ERPImporta.exe: 00002780: 11:11:53 [TUniServerModule]:Start Path = C:\Projetos_WEB\ERP_Importa\
ERPImporta.exe: 00002780: 11:11:53 [TUniServerModule]:Debug Mode = ON
ERPImporta.exe: 00002780: 11:11:53 [TUniServerModule]:Starting HTTP Server on Port: 8077...
ERPImporta.exe: 00002780: 11:11:54 [TUniServerModule]:HTTP Server Started on Port: 8077
ERPImporta.exe: 0000343C: 11:15:56 []:>--------------------------------------------------------------<
ERPImporta.exe: 0000343C: 11:15:56 [TUniServerModule]:Server First Init.
ERPImporta.exe: 0000343C: 11:15:56 [TUniServerModule]:Start Path = C:\Projetos_WEB\ERP_Importa\
ERPImporta.exe: 0000343C: 11:15:56 [TUniServerModule]:Debug Mode = ON
ERPImporta.exe: 0000343C: 11:15:57 [TUniServerModule]:Starting HTTP Server on Port: 8077...
ERPImporta.exe: 0000343C: 11:15:57 [TUniServerModule]:HTTP Server Started on Port: 8077
ERPImporta.exe: 000026B4: 15:57:40 []:>--------------------------------------------------------------<
ERPImporta.exe: 000026B4: 15:57:40 [TUniServerModule]:Server First Init.
ERPImporta.exe: 000026B4: 15:57:40 [TUniServerModule]:Start Path = C:\Projetos_WEB\ERP_Importa\
ERPImporta.exe: 000026B4: 15:57:40 [TUniServerModule]:Debug Mode = ON
ERPImporta.exe: 000026B4: 15:57:41 [TUniServerModule]:Starting HTTP Server on Port: 8077...
ERPImporta.exe: 000026B4: 15:57:41 [TUniServerModule]:HTTP Server Started on Port: 8077
ERPImporta.exe: 00000E5C: 15:58:46 []:>--------------------------------------------------------------<
ERPImporta.exe: 00000E5C: 15:58:46 [TUniServerModule]:Server First Init.
ERPImporta.exe: 00000E5C: 15:58:46 [TUniServerModule]:Start Path = C:\Projetos_WEB\ERP_Importa\
ERPImporta.exe: 00000E5C: 15:58:46 [TUniServerModule]:Debug Mode = ON
ERPImporta.exe: 00000E5C: 15:58:46 [TUniServerModule]:Starting HTTP Server on Port: 8077...
ERPImporta.exe: 00000E5C: 15:58:46 [TUniServerModule]:HTTP Server Started on Port: 8077
ERPImporta.exe: 00002AEC: 16:00:41 []:>--------------------------------------------------------------<
ERPImporta.exe: 00002AEC: 16:00:41 [TUniServerModule]:Server First Init.
ERPImporta.exe: 00002AEC: 16:00:41 [TUniServerModule]:Start Path = C:\Projetos_WEB\ERP_Importa\
ERPImporta.exe: 00002AEC: 16:00:41 [TUniServerModule]:Debug Mode = ON
ERPImporta.exe: 00002AEC: 16:00:42 [TUniServerModule]:Starting HTTP Server on Port: 8077...
ERPImporta.exe: 00002AEC: 16:00:42 [TUniServerModule]:HTTP Server Started on Port: 8077
ERPImporta.exe: 000000F8: 16:05:01 []:>--------------------------------------------------------------<
ERPImporta.exe: 000000F8: 16:05:01 [TUniServerModule]:Server First Init.
ERPImporta.exe: 000000F8: 16:05:01 [TUniServerModule]:Start Path = C:\Projetos_WEB\ERP_Importa\
ERPImporta.exe: 000000F8: 16:05:01 [TUniServerModule]:Debug Mode = ON
ERPImporta.exe: 000000F8: 16:05:01 [TUniGUISessionManager]:Cache erase job created, Folder count: [1]
ERPImporta.exe: 000000F8: 16:05:01 [TUniServerModule]:Starting HTTP Server on Port: 8077...
ERPImporta.exe: 000000F8: 16:05:01 [TUniServerModule]:HTTP Server Started on Port: 8077
ERPImporta.exe: 00001A44: 16:05:30 []:>--------------------------------------------------------------<
ERPImporta.exe: 00001A44: 16:05:30 [TUniServerModule]:Server First Init.
ERPImporta.exe: 00001A44: 16:05:30 [TUniServerModule]:Start Path = C:\Projetos_WEB\ERP_Importa\
ERPImporta.exe: 00001A44: 16:05:30 [TUniServerModule]:Debug Mode = ON
ERPImporta.exe: 00001A44: 16:05:30 [TUniGUISessionManager]:Cache erase job created, Folder count: [1]
ERPImporta.exe: 00001A44: 16:05:31 [TUniServerModule]:Starting HTTP Server on Port: 8077...
ERPImporta.exe: 00001A44: 16:05:31 [TUniServerModule]:HTTP Server Started on Port: 8077
ERPImporta.exe: 00003810: 16:06:51 []:>--------------------------------------------------------------<
ERPImporta.exe: 00003810: 16:06:51 [TUniServerModule]:Server First Init.
ERPImporta.exe: 00003810: 16:06:51 [TUniServerModule]:Start Path = C:\Projetos_WEB\ERP_Importa\
ERPImporta.exe: 00003810: 16:06:51 [TUniServerModule]:Debug Mode = ON
ERPImporta.exe: 00003810: 16:06:51 [TUniGUISessionManager]:Cache erase job created, Folder count: [1]
ERPImporta.exe: 00003810: 16:06:51 [TUniServerModule]:Starting HTTP Server on Port: 8077...
ERPImporta.exe: 00003810: 16:06:51 [TUniServerModule]:HTTP Server Started on Port: 8077
ERPImporta.exe: 00003AD0: 16:11:11 []:>--------------------------------------------------------------<
ERPImporta.exe: 00003AD0: 16:11:11 [TUniServerModule]:Server First Init.
ERPImporta.exe: 00003AD0: 16:11:11 [TUniServerModule]:Start Path = C:\Projetos_WEB\ERP_Importa\
ERPImporta.exe: 00003AD0: 16:11:11 [TUniServerModule]:Debug Mode = ON
ERPImporta.exe: 00003AD0: 16:11:11 [TUniGUISessionManager]:Cache erase job created, Folder count: [1]
ERPImporta.exe: 00003AD0: 16:11:11 [TUniServerModule]:Starting HTTP Server on Port: 8077...
ERPImporta.exe: 00003AD0: 16:11:11 [TUniServerModule]:HTTP Server Started on Port: 8077
ERPImporta.exe: 00002A08: 16:12:49 []:>--------------------------------------------------------------<
ERPImporta.exe: 00002A08: 16:12:49 [TUniServerModule]:Server First Init.
ERPImporta.exe: 00002A08: 16:12:49 [TUniServerModule]:Start Path = C:\Projetos_WEB\ERP_Importa\
ERPImporta.exe: 00002A08: 16:12:49 [TUniServerModule]:Debug Mode = ON
ERPImporta.exe: 00002A08: 16:12:49 [TUniServerModule]:Starting HTTP Server on Port: 8077...
ERPImporta.exe: 00002A08: 16:12:49 [TUniServerModule]:HTTP Server Started on Port: 8077
ERPImporta.exe: 00003194: 16:14:28 []:>--------------------------------------------------------------<
ERPImporta.exe: 00003194: 16:14:28 [TUniServerModule]:Server First Init.
ERPImporta.exe: 00003194: 16:14:28 [TUniServerModule]:Start Path = C:\Projetos_WEB\ERP_Importa\
ERPImporta.exe: 00003194: 16:14:28 [TUniServerModule]:Debug Mode = ON
ERPImporta.exe: 00003194: 16:14:28 [TUniServerModule]:Starting HTTP Server on Port: 8077...
ERPImporta.exe: 00003194: 16:14:29 [TUniServerModule]:HTTP Server Started on Port: 8077
