ERPImporta.exe: 000021D0: 11:10:09 []:>--------------------------------------------------------------<
ERPImporta.exe: 000021D0: 11:10:09 [TUniServerModule]:Server First Init.
ERPImporta.exe: 000021D0: 11:10:09 [TUniServerModule]:Start Path = D:\Projetos_WEB\ERP_Importa\
ERPImporta.exe: 000021D0: 11:10:09 [TUniServerModule]:Debug Mode = ON
ERPImporta.exe: 000021D0: 11:10:09 [TUniGUISessionManager]:Cache erase job created, Folder count: [1]
ERPImporta.exe: 000021D0: 11:10:09 [TUniServerModule]:Starting HTTP Server on Port: 8077...
ERPImporta.exe: 000021D0: 11:10:10 [TUniServerModule]:HTTP Server Started on Port: 8077
ERPImporta.exe: 000023DC: 11:13:14 []:>--------------------------------------------------------------<
ERPImporta.exe: 000023DC: 11:13:14 [TUniServerModule]:Server First Init.
ERPImporta.exe: 000023DC: 11:13:14 [TUniServerModule]:Start Path = D:\Projetos_WEB\ERP_Importa\
ERPImporta.exe: 000023DC: 11:13:14 [TUniServerModule]:Debug Mode = ON
ERPImporta.exe: 000023DC: 11:13:14 [TUniServerModule]:Starting HTTP Server on Port: 8077...
ERPImporta.exe: 000023DC: 11:13:14 [TUniServerModule]:HTTP Server Started on Port: 8077
ERPImporta.exe: 00001FA4: 11:14:45 [[FireDAC][Phys][ODBC][Microsoft][SQL Server Native Client 11.0][SQL Server]Invalid object name 'FormaPagamento'.-127.0.0.1]:EMSSQLNativeException : [FireDAC][Phys][ODBC][Microsoft][SQL Server Native Client 11.0][SQL Server]Invalid object name 'FormaPagamento'. : Addr: $008E1C75
ERPImporta.exe: 00002B1C: 11:14:48 [HandleFileRequest[127.0.0.1]]:File not found: D:\Projetos_WEB\ERP_Importa\files\images\fundo8.jpg
ERPImporta.exe: 00001804: 11:15:09 [127.0.0.1]:EDatabaseError : Empresas: Field 'CNPJ.Razao_Social' not found : Addr: $00657A3A
ERPImporta.exe: 00001968: 11:15:49 []:>--------------------------------------------------------------<
ERPImporta.exe: 00001968: 11:15:49 [TUniServerModule]:Server First Init.
ERPImporta.exe: 00001968: 11:15:49 [TUniServerModule]:Start Path = D:\Projetos_WEB\ERP_Importa\
ERPImporta.exe: 00001968: 11:15:49 [TUniServerModule]:Debug Mode = ON
ERPImporta.exe: 00001968: 11:15:50 [TUniServerModule]:Starting HTTP Server on Port: 8077...
ERPImporta.exe: 00001968: 11:15:50 [TUniServerModule]:HTTP Server Started on Port: 8077
ERPImporta.exe: 00003A14: 11:19:34 []:>--------------------------------------------------------------<
ERPImporta.exe: 00003A14: 11:19:34 [TUniServerModule]:Server First Init.
ERPImporta.exe: 00003A14: 11:19:34 [TUniServerModule]:Start Path = D:\Projetos_WEB\ERP_Importa\
ERPImporta.exe: 00003A14: 11:19:34 [TUniServerModule]:Debug Mode = ON
ERPImporta.exe: 00003A14: 11:19:34 [TUniServerModule]:Starting HTTP Server on Port: 8077...
ERPImporta.exe: 00003A14: 11:19:34 [TUniServerModule]:HTTP Server Started on Port: 8077
ERPImporta.exe: 00003308: 11:23:28 []:>--------------------------------------------------------------<
ERPImporta.exe: 00003308: 11:23:28 [TUniServerModule]:Server First Init.
ERPImporta.exe: 00003308: 11:23:28 [TUniServerModule]:Start Path = D:\Projetos_WEB\ERP_Importa\
ERPImporta.exe: 00003308: 11:23:28 [TUniServerModule]:Debug Mode = ON
ERPImporta.exe: 00003308: 11:23:28 [TUniServerModule]:Starting HTTP Server on Port: 8077...
ERPImporta.exe: 00003308: 11:23:28 [TUniServerModule]:HTTP Server Started on Port: 8077
ERPImporta.exe: 00000F98: 11:26:38 []:>--------------------------------------------------------------<
ERPImporta.exe: 00000F98: 11:26:38 [TUniServerModule]:Server First Init.
ERPImporta.exe: 00000F98: 11:26:38 [TUniServerModule]:Start Path = D:\Projetos_WEB\ERP_Importa\
ERPImporta.exe: 00000F98: 11:26:38 [TUniServerModule]:Debug Mode = ON
ERPImporta.exe: 00000F98: 11:26:38 [TUniServerModule]:Starting HTTP Server on Port: 8077...
ERPImporta.exe: 00000F98: 11:26:38 [TUniServerModule]:HTTP Server Started on Port: 8077
ERPImporta.exe: 00000934: 11:27:30 []:>--------------------------------------------------------------<
ERPImporta.exe: 00000934: 11:27:30 [TUniServerModule]:Server First Init.
ERPImporta.exe: 00000934: 11:27:30 [TUniServerModule]:Start Path = D:\Projetos_WEB\ERP_Importa\
ERPImporta.exe: 00000934: 11:27:30 [TUniServerModule]:Debug Mode = ON
ERPImporta.exe: 00000934: 11:27:30 [TUniServerModule]:Starting HTTP Server on Port: 8077...
ERPImporta.exe: 00000934: 11:27:30 [TUniServerModule]:HTTP Server Started on Port: 8077
ERPImporta.exe: 00003ED4: 11:29:21 []:>--------------------------------------------------------------<
ERPImporta.exe: 00003ED4: 11:29:21 [TUniServerModule]:Server First Init.
ERPImporta.exe: 00003ED4: 11:29:21 [TUniServerModule]:Start Path = D:\Projetos_WEB\ERP_Importa\
ERPImporta.exe: 00003ED4: 11:29:21 [TUniServerModule]:Debug Mode = ON
ERPImporta.exe: 00003ED4: 11:29:22 [TUniServerModule]:Starting HTTP Server on Port: 8077...
ERPImporta.exe: 00003ED4: 11:29:22 [TUniServerModule]:HTTP Server Started on Port: 8077
ERPImporta.exe: 000013B4: 11:31:08 []:>--------------------------------------------------------------<
ERPImporta.exe: 000013B4: 11:31:08 [TUniServerModule]:Server First Init.
ERPImporta.exe: 000013B4: 11:31:08 [TUniServerModule]:Start Path = D:\Projetos_WEB\ERP_Importa\
ERPImporta.exe: 000013B4: 11:31:08 [TUniServerModule]:Debug Mode = ON
ERPImporta.exe: 000013B4: 11:31:09 [TUniServerModule]:Starting HTTP Server on Port: 8077...
ERPImporta.exe: 000013B4: 11:31:09 [TUniServerModule]:HTTP Server Started on Port: 8077
ERPImporta.exe: 00004034: 11:32:07 []:>--------------------------------------------------------------<
ERPImporta.exe: 00004034: 11:32:07 [TUniServerModule]:Server First Init.
ERPImporta.exe: 00004034: 11:32:07 [TUniServerModule]:Start Path = D:\Projetos_WEB\ERP_Importa\
ERPImporta.exe: 00004034: 11:32:07 [TUniServerModule]:Debug Mode = ON
ERPImporta.exe: 00004034: 11:32:07 [TUniGUISessionManager]:Cache erase job created, Folder count: [1]
ERPImporta.exe: 00004034: 11:32:07 [TUniServerModule]:Starting HTTP Server on Port: 8077...
ERPImporta.exe: 00004034: 11:32:07 [TUniServerModule]:HTTP Server Started on Port: 8077
ERPImporta.exe: 00003D3C: 11:33:02 []:>--------------------------------------------------------------<
ERPImporta.exe: 00003D3C: 11:33:02 [TUniServerModule]:Server First Init.
ERPImporta.exe: 00003D3C: 11:33:03 [TUniServerModule]:Start Path = D:\Projetos_WEB\ERP_Importa\
ERPImporta.exe: 00003D3C: 11:33:03 [TUniServerModule]:Debug Mode = ON
ERPImporta.exe: 00003D3C: 11:33:03 [TUniGUISessionManager]:Cache erase job created, Folder count: [1]
ERPImporta.exe: 00003D3C: 11:33:03 [TUniServerModule]:Starting HTTP Server on Port: 8077...
ERPImporta.exe: 00003D3C: 11:33:03 [TUniServerModule]:HTTP Server Started on Port: 8077
ERPImporta.exe: 00002A48: 11:33:39 []:>--------------------------------------------------------------<
ERPImporta.exe: 00002A48: 11:33:39 [TUniServerModule]:Server First Init.
ERPImporta.exe: 00002A48: 11:33:39 [TUniServerModule]:Start Path = D:\Projetos_WEB\ERP_Importa\
ERPImporta.exe: 00002A48: 11:33:39 [TUniServerModule]:Debug Mode = ON
ERPImporta.exe: 00002A48: 11:33:39 [TUniGUISessionManager]:Cache erase job created, Folder count: [1]
ERPImporta.exe: 00002A48: 11:33:39 [TUniServerModule]:Starting HTTP Server on Port: 8077...
ERPImporta.exe: 00002A48: 11:33:39 [TUniServerModule]:HTTP Server Started on Port: 8077
ERPImporta.exe: 000035E0: 11:34:48 []:>--------------------------------------------------------------<
ERPImporta.exe: 000035E0: 11:34:48 [TUniServerModule]:Server First Init.
ERPImporta.exe: 000035E0: 11:34:48 [TUniServerModule]:Start Path = D:\Projetos_WEB\ERP_Importa\
ERPImporta.exe: 000035E0: 11:34:48 [TUniServerModule]:Debug Mode = ON
ERPImporta.exe: 000035E0: 11:34:48 [TUniGUISessionManager]:Cache erase job created, Folder count: [1]
ERPImporta.exe: 000035E0: 11:34:48 [TUniServerModule]:Starting HTTP Server on Port: 8077...
ERPImporta.exe: 000035E0: 11:34:48 [TUniServerModule]:HTTP Server Started on Port: 8077
ERPImporta.exe: 000013B4: 11:35:11 []:>--------------------------------------------------------------<
ERPImporta.exe: 000013B4: 11:35:11 [TUniServerModule]:Server First Init.
ERPImporta.exe: 000013B4: 11:35:11 [TUniServerModule]:Start Path = D:\Projetos_WEB\ERP_Importa\
ERPImporta.exe: 000013B4: 11:35:11 [TUniServerModule]:Debug Mode = ON
ERPImporta.exe: 000013B4: 11:35:11 [TUniServerModule]:Starting HTTP Server on Port: 8077...
ERPImporta.exe: 000013B4: 11:35:11 [TUniServerModule]:HTTP Server Started on Port: 8077
ERPImporta.exe: 00001D98: 11:36:21 []:>--------------------------------------------------------------<
ERPImporta.exe: 00001D98: 11:36:21 [TUniServerModule]:Server First Init.
ERPImporta.exe: 00001D98: 11:36:21 [TUniServerModule]:Start Path = D:\Projetos_WEB\ERP_Importa\
ERPImporta.exe: 00001D98: 11:36:21 [TUniServerModule]:Debug Mode = ON
ERPImporta.exe: 00001D98: 11:36:21 [TUniGUISessionManager]:Cache erase job created, Folder count: [1]
ERPImporta.exe: 00001D98: 11:36:21 [TUniServerModule]:Starting HTTP Server on Port: 8077...
ERPImporta.exe: 00001D98: 11:36:21 [TUniServerModule]:HTTP Server Started on Port: 8077
ERPImporta.exe: 0000445C: 11:36:53 []:>--------------------------------------------------------------<
ERPImporta.exe: 0000445C: 11:36:53 [TUniServerModule]:Server First Init.
ERPImporta.exe: 0000445C: 11:36:53 [TUniServerModule]:Start Path = D:\Projetos_WEB\ERP_Importa\
ERPImporta.exe: 0000445C: 11:36:53 [TUniServerModule]:Debug Mode = ON
ERPImporta.exe: 0000445C: 11:36:54 [TUniServerModule]:Starting HTTP Server on Port: 8077...
ERPImporta.exe: 0000445C: 11:36:54 [TUniServerModule]:HTTP Server Started on Port: 8077
ERPImporta.exe: 000015C8: 11:37:16 []:>--------------------------------------------------------------<
ERPImporta.exe: 000015C8: 11:37:16 [TUniServerModule]:Server First Init.
ERPImporta.exe: 000015C8: 11:37:16 [TUniServerModule]:Start Path = D:\Projetos_WEB\ERP_Importa\
ERPImporta.exe: 000015C8: 11:37:16 [TUniServerModule]:Debug Mode = ON
ERPImporta.exe: 000015C8: 11:37:16 [TUniGUISessionManager]:Cache erase job created, Folder count: [1]
ERPImporta.exe: 000015C8: 11:37:17 [TUniServerModule]:Starting HTTP Server on Port: 8077...
ERPImporta.exe: 000015C8: 11:37:17 [TUniServerModule]:HTTP Server Started on Port: 8077
ERPImporta.exe: 000044BC: 12:04:17 [127.0.0.1]:EDatabaseError : Tributos: Field 'Codigo' not found : Addr: $00657A3A
ERPImporta.exe: 000044BC: 12:04:28 [127.0.0.1]:EDatabaseError : Tributos: Field 'Codigo' not found : Addr: $00657A3A
ERPImporta.exe: 00002F1C: 12:05:03 []:>--------------------------------------------------------------<
ERPImporta.exe: 00002F1C: 12:05:03 [TUniServerModule]:Server First Init.
ERPImporta.exe: 00002F1C: 12:05:03 [TUniServerModule]:Start Path = D:\Projetos_WEB\ERP_Importa\
ERPImporta.exe: 00002F1C: 12:05:03 [TUniServerModule]:Debug Mode = ON
ERPImporta.exe: 00002F1C: 12:05:04 [TUniServerModule]:Starting HTTP Server on Port: 8077...
ERPImporta.exe: 00002F1C: 12:05:04 [TUniServerModule]:HTTP Server Started on Port: 8077
ERPImporta.exe: 00001E10: 12:05:50 [127.0.0.1]:EDatabaseError : Tributos: Field 'Codigo' not found : Addr: $00657A3A
ERPImporta.exe: 00002B6C: 12:08:07 []:>--------------------------------------------------------------<
ERPImporta.exe: 00002B6C: 12:08:07 [TUniServerModule]:Server First Init.
ERPImporta.exe: 00002B6C: 12:08:07 [TUniServerModule]:Start Path = D:\Projetos_WEB\ERP_Importa\
ERPImporta.exe: 00002B6C: 12:08:07 [TUniServerModule]:Debug Mode = ON
ERPImporta.exe: 00002B6C: 12:08:07 [TUniServerModule]:Starting HTTP Server on Port: 8077...
ERPImporta.exe: 00002B6C: 12:08:07 [TUniServerModule]:HTTP Server Started on Port: 8077
ERPImporta.exe: 00004398: 12:08:29 [127.0.0.1]:EDatabaseError : Tributos: Field 'Codigo' not found : Addr: $00657A3A
ERPImporta.exe: 00002BD0: 12:10:14 []:>--------------------------------------------------------------<
ERPImporta.exe: 00002BD0: 12:10:14 [TUniServerModule]:Server First Init.
ERPImporta.exe: 00002BD0: 12:10:14 [TUniServerModule]:Start Path = D:\Projetos_WEB\ERP_Importa\
ERPImporta.exe: 00002BD0: 12:10:14 [TUniServerModule]:Debug Mode = ON
ERPImporta.exe: 00002BD0: 12:10:15 [TUniServerModule]:Starting HTTP Server on Port: 8077...
ERPImporta.exe: 00002BD0: 12:10:15 [TUniServerModule]:HTTP Server Started on Port: 8077
ERPImporta.exe: 00000098: 12:11:49 [[FireDAC][Phys][ODBC][Microsoft][SQL Server Native Client 11.0][SQL Server]Invalid column name 'Nome'.-127.0.0.1]:EMSSQLNativeException : [FireDAC][Phys][ODBC][Microsoft][SQL Server Native Client 11.0][SQL Server]Invalid column name 'Nome'. : Addr: $008E1C75
ERPImporta.exe: 00004620: 12:37:11 []:>--------------------------------------------------------------<
ERPImporta.exe: 00004620: 12:37:11 [TUniServerModule]:Server First Init.
ERPImporta.exe: 00004620: 12:37:11 [TUniServerModule]:Start Path = D:\Projetos_WEB\ERP_Importa\
ERPImporta.exe: 00004620: 12:37:11 [TUniServerModule]:Debug Mode = ON
ERPImporta.exe: 00004620: 12:37:12 [TUniServerModule]:Starting HTTP Server on Port: 8077...
ERPImporta.exe: 00004620: 12:37:12 [TUniServerModule]:HTTP Server Started on Port: 8077
ERPImporta.exe: 00000E2C: 12:41:40 [[FireDAC][Phys][ODBC][Microsoft][SQL Server Native Client 11.0][SQL Server]Invalid column name 'Nome'.-127.0.0.1]:EMSSQLNativeException : [FireDAC][Phys][ODBC][Microsoft][SQL Server Native Client 11.0][SQL Server]Invalid column name 'Nome'. : Addr: $008E1C75
ERPImporta.exe: 000012FC: 12:42:14 []:>--------------------------------------------------------------<
ERPImporta.exe: 000012FC: 12:42:14 [TUniServerModule]:Server First Init.
ERPImporta.exe: 000012FC: 12:42:14 [TUniServerModule]:Start Path = D:\Projetos_WEB\ERP_Importa\
ERPImporta.exe: 000012FC: 12:42:14 [TUniServerModule]:Debug Mode = ON
ERPImporta.exe: 000012FC: 12:42:14 [TUniGUISessionManager]:Cache erase job created, Folder count: [1]
ERPImporta.exe: 000012FC: 12:42:14 [TUniServerModule]:Starting HTTP Server on Port: 8077...
ERPImporta.exe: 000012FC: 12:42:14 [TUniServerModule]:HTTP Server Started on Port: 8077
ERPImporta.exe: 000043C0: 12:43:54 []:>--------------------------------------------------------------<
ERPImporta.exe: 000043C0: 12:43:54 [TUniServerModule]:Server First Init.
ERPImporta.exe: 000043C0: 12:43:54 [TUniServerModule]:Start Path = D:\Projetos_WEB\ERP_Importa\
ERPImporta.exe: 000043C0: 12:43:54 [TUniServerModule]:Debug Mode = ON
ERPImporta.exe: 000043C0: 12:43:54 [TUniGUISessionManager]:Cache erase job created, Folder count: [1]
ERPImporta.exe: 000043C0: 12:43:54 [TUniServerModule]:Starting HTTP Server on Port: 8077...
ERPImporta.exe: 000043C0: 12:43:54 [TUniServerModule]:HTTP Server Started on Port: 8077
ERPImporta.exe: 00000384: 12:43:55 [127.0.0.1]:EUniSessionException : Sessão inváilda ou tempo da sessão expirado. (Session not found: 5T25EyljJo1107DE347 ) : Addr: $007D0ED0
ERPImporta.exe: 00001C9C: 12:43:55 [127.0.0.1]:EUniSessionException : Sessão inváilda ou tempo da sessão expirado. (Session not found: 5T25EyljJo1107DE347 ) : Addr: $007D0ED0
ERPImporta.exe: 00000A0C: 12:44:12 [[FireDAC][Phys][ODBC][Microsoft][SQL Server Native Client 11.0][SQL Server]Invalid object name 'PlanoFinanceiro'.-127.0.0.1]:EMSSQLNativeException : [FireDAC][Phys][ODBC][Microsoft][SQL Server Native Client 11.0][SQL Server]Invalid object name 'PlanoFinanceiro'. : Addr: $008E1C75
ERPImporta.exe: 00002C28: 12:44:12 [127.0.0.1]:EDatabaseError : PlanoContas: Field 'Nome' not found : Addr: $00657A3A
ERPImporta.exe: 00002C28: 12:44:12 [127.0.0.1]:EDatabaseError : PlanoContas: Field 'Nome' not found : Addr: $00657A3A
ERPImporta.exe: 00001424: 12:47:02 []:>--------------------------------------------------------------<
ERPImporta.exe: 00001424: 12:47:02 [TUniServerModule]:Server First Init.
ERPImporta.exe: 00001424: 12:47:02 [TUniServerModule]:Start Path = D:\Projetos_WEB\ERP_Importa\
ERPImporta.exe: 00001424: 12:47:02 [TUniServerModule]:Debug Mode = ON
ERPImporta.exe: 00001424: 12:47:02 [TUniGUISessionManager]:Cache erase job created, Folder count: [1]
ERPImporta.exe: 00001424: 12:47:02 [TUniServerModule]:Starting HTTP Server on Port: 8077...
ERPImporta.exe: 00001424: 12:47:02 [TUniServerModule]:HTTP Server Started on Port: 8077
ERPImporta.exe: 00002CD0: 12:47:23 [127.0.0.1]:EDatabaseError : PlanoContas: Field 'Nome' not found : Addr: $00657A3A
ERPImporta.exe: 00002CD0: 12:47:23 [127.0.0.1]:EDatabaseError : PlanoContas: Field 'Nome' not found : Addr: $00657A3A
ERPImporta.exe: 000020D4: 12:47:23 [127.0.0.1]:EDatabaseError : PlanoContas: Field 'Nome' not found : Addr: $00657A3A
ERPImporta.exe: 000020D4: 12:47:23 [127.0.0.1]:EDatabaseError : PlanoContas: Field 'Nome' not found : Addr: $00657A3A
ERPImporta.exe: 000035E4: 12:49:08 []:>--------------------------------------------------------------<
ERPImporta.exe: 000035E4: 12:49:08 [TUniServerModule]:Server First Init.
ERPImporta.exe: 000035E4: 12:49:08 [TUniServerModule]:Start Path = D:\Projetos_WEB\ERP_Importa\
ERPImporta.exe: 000035E4: 12:49:08 [TUniServerModule]:Debug Mode = ON
ERPImporta.exe: 000035E4: 12:49:08 [TUniGUISessionManager]:Cache erase job created, Folder count: [1]
ERPImporta.exe: 000035E4: 12:49:09 [TUniServerModule]:Starting HTTP Server on Port: 8077...
ERPImporta.exe: 000035E4: 12:49:09 [TUniServerModule]:HTTP Server Started on Port: 8077
ERPImporta.exe: 000049C8: 18:46:22 []:>--------------------------------------------------------------<
ERPImporta.exe: 000049C8: 18:46:22 [TUniServerModule]:Server First Init.
ERPImporta.exe: 000049C8: 18:46:22 [TUniServerModule]:Start Path = D:\Projetos_WEB\ERP_Importa\
ERPImporta.exe: 000049C8: 18:46:22 [TUniServerModule]:Debug Mode = ON
ERPImporta.exe: 000049C8: 18:46:23 [TUniServerModule]:Starting HTTP Server on Port: 8077...
ERPImporta.exe: 000049C8: 18:46:23 [TUniServerModule]:HTTP Server Started on Port: 8077
