ERPImporta.exe: 00000734: 15:46:01 []:>--------------------------------------------------------------<
ERPImporta.exe: 00000734: 15:46:01 [TUniServerModule]:Server First Init.
ERPImporta.exe: 00000734: 15:46:01 [TUniServerModule]:Start Path = C:\Projetos_WEB\ERP_Importa\
ERPImporta.exe: 00000734: 15:46:01 [TUniServerModule]:Debug Mode = ON
ERPImporta.exe: 00000734: 15:46:01 [TUniGUISessionManager]:Cache erase job created, Folder count: [1]
ERPImporta.exe: 00000734: 15:46:01 [TUniServerModule]:Starting HTTP Server on Port: 8077...
ERPImporta.exe: 00000734: 15:46:01 [TUniServerModule]:HTTP Server Started on Port: 8077
ERPImporta.exe: 00001E9C: 15:59:29 []:>--------------------------------------------------------------<
ERPImporta.exe: 00001E9C: 15:59:29 [TUniServerModule]:Server First Init.
ERPImporta.exe: 00001E9C: 15:59:29 [TUniServerModule]:Start Path = C:\Projetos_WEB\ERP_Importa\
ERPImporta.exe: 00001E9C: 15:59:29 [TUniServerModule]:Debug Mode = ON
ERPImporta.exe: 00001E9C: 15:59:29 [TUniGUISessionManager]:Cache erase job created, Folder count: [1]
ERPImporta.exe: 00001E9C: 15:59:30 [TUniServerModule]:Starting HTTP Server on Port: 8077...
ERPImporta.exe: 00001E9C: 15:59:30 [TUniServerModule]:HTTP Server Started on Port: 8077
ERPImporta.exe: 00000C40: 16:00:15 []:>--------------------------------------------------------------<
ERPImporta.exe: 00000C40: 16:00:15 [TUniServerModule]:Server First Init.
ERPImporta.exe: 00000C40: 16:00:15 [TUniServerModule]:Start Path = C:\Projetos_WEB\ERP_Importa\
ERPImporta.exe: 00000C40: 16:00:15 [TUniServerModule]:Debug Mode = ON
ERPImporta.exe: 00000C40: 16:00:15 [TUniGUISessionManager]:Cache erase job created, Folder count: [1]
ERPImporta.exe: 00000C40: 16:00:15 [TUniServerModule]:Starting HTTP Server on Port: 8077...
ERPImporta.exe: 00000C40: 16:00:15 [TUniServerModule]:HTTP Server Started on Port: 8077
ERPImporta.exe: 00000928: 16:00:20 [127.0.0.1]:EUniSessionException : Sessão inváilda ou tempo da sessão expirado. (Session not found: zsRAx9QSav110AD6629 ) : Addr: $007D0F44
ERPImporta.exe: 00001848: 16:01:52 []:>--------------------------------------------------------------<
ERPImporta.exe: 00001848: 16:01:52 [TUniServerModule]:Server First Init.
ERPImporta.exe: 00001848: 16:01:52 [TUniServerModule]:Start Path = C:\Projetos_WEB\ERP_Importa\
ERPImporta.exe: 00001848: 16:01:52 [TUniServerModule]:Debug Mode = ON
ERPImporta.exe: 00001848: 16:01:52 [TUniGUISessionManager]:Cache erase job created, Folder count: [1]
ERPImporta.exe: 00001848: 16:01:53 [TUniServerModule]:Starting HTTP Server on Port: 8077...
ERPImporta.exe: 00001848: 16:01:53 [TUniServerModule]:HTTP Server Started on Port: 8077
ERPImporta.exe: 00003368: 16:07:50 []:>--------------------------------------------------------------<
ERPImporta.exe: 00003368: 16:07:50 [TUniServerModule]:Server First Init.
ERPImporta.exe: 00003368: 16:07:50 [TUniServerModule]:Start Path = C:\Projetos_WEB\ERP_Importa\
ERPImporta.exe: 00003368: 16:07:50 [TUniServerModule]:Debug Mode = ON
ERPImporta.exe: 00003368: 16:07:50 [TUniGUISessionManager]:Cache erase job created, Folder count: [1]
ERPImporta.exe: 00003368: 16:07:50 [TUniServerModule]:Starting HTTP Server on Port: 8077...
ERPImporta.exe: 00003368: 16:07:50 [TUniServerModule]:HTTP Server Started on Port: 8077
ERPImporta.exe: 00002134: 16:08:47 []:>--------------------------------------------------------------<
ERPImporta.exe: 00002134: 16:08:47 [TUniServerModule]:Server First Init.
ERPImporta.exe: 00002134: 16:08:47 [TUniServerModule]:Start Path = C:\Projetos_WEB\ERP_Importa\
ERPImporta.exe: 00002134: 16:08:47 [TUniServerModule]:Debug Mode = ON
ERPImporta.exe: 00002134: 16:08:47 [TUniGUISessionManager]:Cache erase job created, Folder count: [1]
ERPImporta.exe: 00002134: 16:08:47 [TUniServerModule]:Starting HTTP Server on Port: 8077...
ERPImporta.exe: 00002134: 16:08:48 [TUniServerModule]:HTTP Server Started on Port: 8077
ERPImporta.exe: 000030F0: 16:21:41 []:>--------------------------------------------------------------<
ERPImporta.exe: 000030F0: 16:21:41 [TUniServerModule]:Server First Init.
ERPImporta.exe: 000030F0: 16:21:41 [TUniServerModule]:Start Path = C:\Projetos_WEB\ERP_Importa\
ERPImporta.exe: 000030F0: 16:21:41 [TUniServerModule]:Debug Mode = ON
ERPImporta.exe: 000030F0: 16:21:41 [TUniGUISessionManager]:Cache erase job created, Folder count: [1]
ERPImporta.exe: 000030F0: 16:21:42 [TUniServerModule]:Starting HTTP Server on Port: 8077...
ERPImporta.exe: 000030F0: 16:21:42 [TUniServerModule]:HTTP Server Started on Port: 8077
ERPImporta.exe: 0000351C: 16:24:41 []:>--------------------------------------------------------------<
ERPImporta.exe: 0000351C: 16:24:41 [TUniServerModule]:Server First Init.
ERPImporta.exe: 0000351C: 16:24:41 [TUniServerModule]:Start Path = C:\Projetos_WEB\ERP_Importa\
ERPImporta.exe: 0000351C: 16:24:41 [TUniServerModule]:Debug Mode = ON
ERPImporta.exe: 0000351C: 16:24:41 [TUniGUISessionManager]:Cache erase job created, Folder count: [1]
ERPImporta.exe: 0000351C: 16:24:42 [TUniServerModule]:Starting HTTP Server on Port: 8077...
ERPImporta.exe: 0000351C: 16:24:42 [TUniServerModule]:HTTP Server Started on Port: 8077
ERPImporta.exe: 0000009C: 16:26:08 [127.0.0.1]:EDatabaseError : tNCM: Field 'ICMS_Suspensao' not found : Addr: $00657AAE
ERPImporta.exe: 00000C18: 16:28:06 []:>--------------------------------------------------------------<
ERPImporta.exe: 00000C18: 16:28:06 [TUniServerModule]:Server First Init.
ERPImporta.exe: 00000C18: 16:28:06 [TUniServerModule]:Start Path = C:\Projetos_WEB\ERP_Importa\
ERPImporta.exe: 00000C18: 16:28:06 [TUniServerModule]:Debug Mode = ON
ERPImporta.exe: 00000C18: 16:28:06 [TUniGUISessionManager]:Cache erase job created, Folder count: [1]
ERPImporta.exe: 00000C18: 16:28:06 [TUniServerModule]:Starting HTTP Server on Port: 8077...
ERPImporta.exe: 00000C18: 16:28:06 [TUniServerModule]:HTTP Server Started on Port: 8077
ERPImporta.exe: 00001D9C: 16:28:26 [127.0.0.1]:EDatabaseError : tNCM: Field 'ICMS_Suspensao' not found : Addr: $00657AAE
ERPImporta.exe: 0000022C: 16:29:19 []:>--------------------------------------------------------------<
ERPImporta.exe: 0000022C: 16:29:19 [TUniServerModule]:Server First Init.
ERPImporta.exe: 0000022C: 16:29:19 [TUniServerModule]:Start Path = C:\Projetos_WEB\ERP_Importa\
ERPImporta.exe: 0000022C: 16:29:19 [TUniServerModule]:Debug Mode = ON
ERPImporta.exe: 0000022C: 16:29:19 [TUniServerModule]:Starting HTTP Server on Port: 8077...
ERPImporta.exe: 0000022C: 16:29:19 [TUniServerModule]:HTTP Server Started on Port: 8077
ERPImporta.exe: 00003060: 16:29:48 [127.0.0.1]:EDatabaseError : Produtos: Field 'CSTICMS_Saida' not found : Addr: $00657AAE
ERPImporta.exe: 00003498: 16:30:25 []:>--------------------------------------------------------------<
ERPImporta.exe: 00003498: 16:30:25 [TUniServerModule]:Server First Init.
ERPImporta.exe: 00003498: 16:30:25 [TUniServerModule]:Start Path = C:\Projetos_WEB\ERP_Importa\
ERPImporta.exe: 00003498: 16:30:25 [TUniServerModule]:Debug Mode = ON
ERPImporta.exe: 00003498: 16:30:25 [TUniGUISessionManager]:Cache erase job created, Folder count: [1]
ERPImporta.exe: 00003498: 16:30:25 [TUniServerModule]:Starting HTTP Server on Port: 8077...
ERPImporta.exe: 00003498: 16:30:25 [TUniServerModule]:HTTP Server Started on Port: 8077
