ERPImporta.exe: 00001748: 10:38:56 []:>--------------------------------------------------------------<
ERPImporta.exe: 00001748: 10:38:56 [TUniServerModule]:Server First Init.
ERPImporta.exe: 00001748: 10:38:56 [TUniServerModule]:Start Path = C:\Projetos_WEB\ERP_Importa\
ERPImporta.exe: 00001748: 10:38:56 [TUniServerModule]:Debug Mode = ON
ERPImporta.exe: 00001748: 10:38:56 [TUniGUISessionManager]:Cache erase job created, Folder count: [1]
ERPImporta.exe: 00001748: 10:38:57 [TUniServerModule]:Starting HTTP Server on Port: 8077...
ERPImporta.exe: 00001748: 10:38:57 [TUniServerModule]:HTTP Server Started on Port: 8077
ERPImporta.exe: 000029AC: 10:43:24 []:>--------------------------------------------------------------<
ERPImporta.exe: 000029AC: 10:43:24 [TUniServerModule]:Server First Init.
ERPImporta.exe: 000029AC: 10:43:24 [TUniServerModule]:Start Path = C:\Projetos_WEB\ERP_Importa\
ERPImporta.exe: 000029AC: 10:43:24 [TUniServerModule]:Debug Mode = ON
ERPImporta.exe: 000029AC: 10:43:24 [TUniServerModule]:Starting HTTP Server on Port: 8077...
ERPImporta.exe: 000029AC: 10:43:24 [TUniServerModule]:HTTP Server Started on Port: 8077
ERPImporta.exe: 000030C4: 10:43:57 []:>--------------------------------------------------------------<
ERPImporta.exe: 000030C4: 10:43:57 [TUniServerModule]:Server First Init.
ERPImporta.exe: 000030C4: 10:43:57 [TUniServerModule]:Start Path = C:\Projetos_WEB\ERP_Importa\
ERPImporta.exe: 000030C4: 10:43:57 [TUniServerModule]:Debug Mode = ON
ERPImporta.exe: 000030C4: 10:43:58 [TUniServerModule]:Starting HTTP Server on Port: 8077...
ERPImporta.exe: 000030C4: 10:43:58 [TUniServerModule]:HTTP Server Started on Port: 8077
ERPImporta.exe: 00003104: 10:45:53 []:>--------------------------------------------------------------<
ERPImporta.exe: 00003104: 10:45:53 [TUniServerModule]:Server First Init.
ERPImporta.exe: 00003104: 10:45:53 [TUniServerModule]:Start Path = C:\Projetos_WEB\ERP_Importa\
ERPImporta.exe: 00003104: 10:45:53 [TUniServerModule]:Debug Mode = ON
ERPImporta.exe: 00003104: 10:45:53 [TUniServerModule]:Starting HTTP Server on Port: 8077...
ERPImporta.exe: 00003104: 10:45:53 [TUniServerModule]:HTTP Server Started on Port: 8077
ERPImporta.exe: 000028AC: 10:46:09 [[FireDAC][Phys][ODBC][Microsoft][SQL Server Native Client 11.0][SQL Server]Invalid object name 'TipoNota'.-127.0.0.1]:EMSSQLNativeException : [FireDAC][Phys][ODBC][Microsoft][SQL Server Native Client 11.0][SQL Server]Invalid object name 'TipoNota'. : Addr: $008DD429
ERPImporta.exe: 00003918: 10:46:46 []:>--------------------------------------------------------------<
ERPImporta.exe: 00003918: 10:46:46 [TUniServerModule]:Server First Init.
ERPImporta.exe: 00003918: 10:46:46 [TUniServerModule]:Start Path = C:\Projetos_WEB\ERP_Importa\
ERPImporta.exe: 00003918: 10:46:46 [TUniServerModule]:Debug Mode = ON
ERPImporta.exe: 00003918: 10:46:47 [TUniServerModule]:Starting HTTP Server on Port: 8077...
ERPImporta.exe: 00003918: 10:46:47 [TUniServerModule]:HTTP Server Started on Port: 8077
ERPImporta.exe: 00003AF4: 10:57:48 []:>--------------------------------------------------------------<
ERPImporta.exe: 00003AF4: 10:57:48 [TUniServerModule]:Server First Init.
ERPImporta.exe: 00003AF4: 10:57:48 [TUniServerModule]:Start Path = C:\Projetos_WEB\ERP_Importa\
ERPImporta.exe: 00003AF4: 10:57:48 [TUniServerModule]:Debug Mode = ON
ERPImporta.exe: 00003AF4: 10:57:49 [TUniServerModule]:Starting HTTP Server on Port: 8077...
ERPImporta.exe: 00003AF4: 10:57:49 [TUniServerModule]:HTTP Server Started on Port: 8077
ERPImporta.exe: 00001E74: 10:58:29 []:>--------------------------------------------------------------<
ERPImporta.exe: 00001E74: 10:58:29 [TUniServerModule]:Server First Init.
ERPImporta.exe: 00001E74: 10:58:29 [TUniServerModule]:Start Path = C:\Projetos_WEB\ERP_Importa\
ERPImporta.exe: 00001E74: 10:58:29 [TUniServerModule]:Debug Mode = ON
ERPImporta.exe: 00001E74: 10:58:29 [TUniServerModule]:Starting HTTP Server on Port: 8077...
ERPImporta.exe: 00001E74: 10:58:29 [TUniServerModule]:HTTP Server Started on Port: 8077
ERPImporta.exe: 000008E4: 11:00:47 []:>--------------------------------------------------------------<
ERPImporta.exe: 000008E4: 11:00:47 [TUniServerModule]:Server First Init.
ERPImporta.exe: 000008E4: 11:00:47 [TUniServerModule]:Start Path = C:\Projetos_WEB\ERP_Importa\
ERPImporta.exe: 000008E4: 11:00:47 [TUniServerModule]:Debug Mode = ON
ERPImporta.exe: 000008E4: 11:00:47 [TUniServerModule]:Starting HTTP Server on Port: 8077...
ERPImporta.exe: 000008E4: 11:00:47 [TUniServerModule]:HTTP Server Started on Port: 8077
ERPImporta.exe: 00002DD4: 11:01:59 []:>--------------------------------------------------------------<
ERPImporta.exe: 00002DD4: 11:01:59 [TUniServerModule]:Server First Init.
ERPImporta.exe: 00002DD4: 11:01:59 [TUniServerModule]:Start Path = C:\Projetos_WEB\ERP_Importa\
ERPImporta.exe: 00002DD4: 11:01:59 [TUniServerModule]:Debug Mode = ON
ERPImporta.exe: 00002DD4: 11:01:59 [TUniGUISessionManager]:Cache erase job created, Folder count: [1]
ERPImporta.exe: 00002DD4: 11:01:59 [TUniServerModule]:Starting HTTP Server on Port: 8077...
ERPImporta.exe: 00002DD4: 11:01:59 [TUniServerModule]:HTTP Server Started on Port: 8077
ERPImporta.exe: 000012EC: 11:05:10 []:>--------------------------------------------------------------<
ERPImporta.exe: 000012EC: 11:05:10 [TUniServerModule]:Server First Init.
ERPImporta.exe: 000012EC: 11:05:10 [TUniServerModule]:Start Path = C:\Projetos_WEB\ERP_Importa\
ERPImporta.exe: 000012EC: 11:05:10 [TUniServerModule]:Debug Mode = ON
ERPImporta.exe: 000012EC: 11:05:10 [TUniGUISessionManager]:Cache erase job created, Folder count: [1]
ERPImporta.exe: 000012EC: 11:05:10 [TUniServerModule]:Starting HTTP Server on Port: 8077...
ERPImporta.exe: 000012EC: 11:05:10 [TUniServerModule]:HTTP Server Started on Port: 8077
ERPImporta.exe: 00002044: 11:07:04 []:>--------------------------------------------------------------<
ERPImporta.exe: 00002044: 11:07:04 [TUniServerModule]:Server First Init.
ERPImporta.exe: 00002044: 11:07:04 [TUniServerModule]:Start Path = C:\Projetos_WEB\ERP_Importa\
ERPImporta.exe: 00002044: 11:07:04 [TUniServerModule]:Debug Mode = ON
ERPImporta.exe: 00002044: 11:07:04 [TUniGUISessionManager]:Cache erase job created, Folder count: [1]
ERPImporta.exe: 00002044: 11:07:04 [TUniServerModule]:Starting HTTP Server on Port: 8077...
ERPImporta.exe: 00002044: 11:07:04 [TUniServerModule]:HTTP Server Started on Port: 8077
ERPImporta.exe: 00000B58: 11:07:58 []:>--------------------------------------------------------------<
ERPImporta.exe: 00000B58: 11:07:58 [TUniServerModule]:Server First Init.
ERPImporta.exe: 00000B58: 11:07:58 [TUniServerModule]:Start Path = C:\Projetos_WEB\ERP_Importa\
ERPImporta.exe: 00000B58: 11:07:58 [TUniServerModule]:Debug Mode = ON
ERPImporta.exe: 00000B58: 11:07:58 [TUniGUISessionManager]:Cache erase job created, Folder count: [1]
ERPImporta.exe: 00000B58: 11:07:58 [TUniServerModule]:Starting HTTP Server on Port: 8077...
ERPImporta.exe: 00000B58: 11:07:58 [TUniServerModule]:HTTP Server Started on Port: 8077
ERPImporta.exe: 000025A8: 11:08:26 []:>--------------------------------------------------------------<
ERPImporta.exe: 000025A8: 11:08:26 [TUniServerModule]:Server First Init.
ERPImporta.exe: 000025A8: 11:08:26 [TUniServerModule]:Start Path = C:\Projetos_WEB\ERP_Importa\
ERPImporta.exe: 000025A8: 11:08:26 [TUniServerModule]:Debug Mode = ON
ERPImporta.exe: 000025A8: 11:08:27 [TUniServerModule]:Starting HTTP Server on Port: 8077...
ERPImporta.exe: 000025A8: 11:08:27 [TUniServerModule]:HTTP Server Started on Port: 8077
ERPImporta.exe: 00002738: 11:10:35 []:>--------------------------------------------------------------<
ERPImporta.exe: 00002738: 11:10:35 [TUniServerModule]:Server First Init.
ERPImporta.exe: 00002738: 11:10:35 [TUniServerModule]:Start Path = C:\Projetos_WEB\ERP_Importa\
ERPImporta.exe: 00002738: 11:10:35 [TUniServerModule]:Debug Mode = ON
ERPImporta.exe: 00002738: 11:10:35 [TUniServerModule]:Starting HTTP Server on Port: 8077...
ERPImporta.exe: 00002738: 11:10:35 [TUniServerModule]:HTTP Server Started on Port: 8077
ERPImporta.exe: 000004B4: 11:11:36 []:>--------------------------------------------------------------<
ERPImporta.exe: 000004B4: 11:11:36 [TUniServerModule]:Server First Init.
ERPImporta.exe: 000004B4: 11:11:36 [TUniServerModule]:Start Path = C:\Projetos_WEB\ERP_Importa\
ERPImporta.exe: 000004B4: 11:11:36 [TUniServerModule]:Debug Mode = ON
ERPImporta.exe: 000004B4: 11:11:36 [TUniGUISessionManager]:Cache erase job created, Folder count: [1]
ERPImporta.exe: 000004B4: 11:11:37 [TUniServerModule]:Starting HTTP Server on Port: 8077...
ERPImporta.exe: 000004B4: 11:11:37 [TUniServerModule]:HTTP Server Started on Port: 8077
ERPImporta.exe: 00002688: 11:12:36 []:>--------------------------------------------------------------<
ERPImporta.exe: 00002688: 11:12:36 [TUniServerModule]:Server First Init.
ERPImporta.exe: 00002688: 11:12:36 [TUniServerModule]:Start Path = C:\Projetos_WEB\ERP_Importa\
ERPImporta.exe: 00002688: 11:12:36 [TUniServerModule]:Debug Mode = ON
ERPImporta.exe: 00002688: 11:12:36 [TUniServerModule]:Starting HTTP Server on Port: 8077...
ERPImporta.exe: 00002688: 11:12:36 [TUniServerModule]:HTTP Server Started on Port: 8077
ERPImporta.exe: 000001F8: 11:13:19 []:>--------------------------------------------------------------<
ERPImporta.exe: 000001F8: 11:13:19 [TUniServerModule]:Server First Init.
ERPImporta.exe: 000001F8: 11:13:19 [TUniServerModule]:Start Path = C:\Projetos_WEB\ERP_Importa\
ERPImporta.exe: 000001F8: 11:13:19 [TUniServerModule]:Debug Mode = ON
ERPImporta.exe: 000001F8: 11:13:19 [TUniServerModule]:Starting HTTP Server on Port: 8077...
ERPImporta.exe: 000001F8: 11:13:20 [TUniServerModule]:HTTP Server Started on Port: 8077
ERPImporta.exe: 000036F0: 11:15:57 []:>--------------------------------------------------------------<
ERPImporta.exe: 000036F0: 11:15:57 [TUniServerModule]:Server First Init.
ERPImporta.exe: 000036F0: 11:15:57 [TUniServerModule]:Start Path = C:\Projetos_WEB\ERP_Importa\
ERPImporta.exe: 000036F0: 11:15:57 [TUniServerModule]:Debug Mode = ON
ERPImporta.exe: 000036F0: 11:15:57 [TUniGUISessionManager]:Cache erase job created, Folder count: [1]
ERPImporta.exe: 000036F0: 11:15:58 [TUniServerModule]:Starting HTTP Server on Port: 8077...
ERPImporta.exe: 000036F0: 11:15:58 [TUniServerModule]:HTTP Server Started on Port: 8077
ERPImporta.exe: 0000329C: 11:24:27 []:>--------------------------------------------------------------<
ERPImporta.exe: 0000329C: 11:24:27 [TUniServerModule]:Server First Init.
ERPImporta.exe: 0000329C: 11:24:27 [TUniServerModule]:Start Path = C:\Projetos_WEB\ERP_Importa\
ERPImporta.exe: 0000329C: 11:24:27 [TUniServerModule]:Debug Mode = ON
ERPImporta.exe: 0000329C: 11:24:27 [TUniGUISessionManager]:Cache erase job created, Folder count: [1]
ERPImporta.exe: 0000329C: 11:24:27 [TUniServerModule]:Starting HTTP Server on Port: 8077...
ERPImporta.exe: 0000329C: 11:24:27 [TUniServerModule]:HTTP Server Started on Port: 8077
ERPImporta.exe: 00001ADC: 11:31:48 []:>--------------------------------------------------------------<
ERPImporta.exe: 00001ADC: 11:31:48 [TUniServerModule]:Server First Init.
ERPImporta.exe: 00001ADC: 11:31:48 [TUniServerModule]:Start Path = C:\Projetos_WEB\ERP_Importa\
ERPImporta.exe: 00001ADC: 11:31:48 [TUniServerModule]:Debug Mode = ON
ERPImporta.exe: 00001ADC: 11:31:49 [TUniServerModule]:Starting HTTP Server on Port: 8077...
ERPImporta.exe: 00001ADC: 11:31:49 [TUniServerModule]:HTTP Server Started on Port: 8077
ERPImporta.exe: 0000312C: 11:32:16 []:>--------------------------------------------------------------<
ERPImporta.exe: 0000312C: 11:32:16 [TUniServerModule]:Server First Init.
ERPImporta.exe: 0000312C: 11:32:16 [TUniServerModule]:Start Path = C:\Projetos_WEB\ERP_Importa\
ERPImporta.exe: 0000312C: 11:32:16 [TUniServerModule]:Debug Mode = ON
ERPImporta.exe: 0000312C: 11:32:17 [TUniServerModule]:Starting HTTP Server on Port: 8077...
ERPImporta.exe: 0000312C: 11:32:17 [TUniServerModule]:HTTP Server Started on Port: 8077
ERPImporta.exe: 000020D4: 11:35:13 []:>--------------------------------------------------------------<
ERPImporta.exe: 000020D4: 11:35:13 [TUniServerModule]:Server First Init.
ERPImporta.exe: 000020D4: 11:35:13 [TUniServerModule]:Start Path = C:\Projetos_WEB\ERP_Importa\
ERPImporta.exe: 000020D4: 11:35:13 [TUniServerModule]:Debug Mode = ON
ERPImporta.exe: 000020D4: 11:35:13 [TUniGUISessionManager]:Cache erase job created, Folder count: [1]
ERPImporta.exe: 000020D4: 11:35:14 [TUniServerModule]:Starting HTTP Server on Port: 8077...
ERPImporta.exe: 000020D4: 11:35:14 [TUniServerModule]:HTTP Server Started on Port: 8077
ERPImporta.exe: 000037EC: 11:36:56 []:>--------------------------------------------------------------<
ERPImporta.exe: 000037EC: 11:36:56 [TUniServerModule]:Server First Init.
ERPImporta.exe: 000037EC: 11:36:56 [TUniServerModule]:Start Path = C:\Projetos_WEB\ERP_Importa\
ERPImporta.exe: 000037EC: 11:36:56 [TUniServerModule]:Debug Mode = ON
ERPImporta.exe: 000037EC: 11:36:56 [TUniGUISessionManager]:Cache erase job created, Folder count: [1]
ERPImporta.exe: 000037EC: 11:36:56 [TUniServerModule]:Starting HTTP Server on Port: 8077...
ERPImporta.exe: 000037EC: 11:36:56 [TUniServerModule]:HTTP Server Started on Port: 8077
ERPImporta.exe: 00002BE4: 11:42:45 []:>--------------------------------------------------------------<
ERPImporta.exe: 00002BE4: 11:42:45 [TUniServerModule]:Server First Init.
ERPImporta.exe: 00002BE4: 11:42:45 [TUniServerModule]:Start Path = C:\Projetos_WEB\ERP_Importa\
ERPImporta.exe: 00002BE4: 11:42:45 [TUniServerModule]:Debug Mode = ON
ERPImporta.exe: 00002BE4: 11:42:46 [TUniServerModule]:Starting HTTP Server on Port: 8077...
ERPImporta.exe: 00002BE4: 11:42:46 [TUniServerModule]:HTTP Server Started on Port: 8077
ERPImporta.exe: 00001544: 11:43:45 []:>--------------------------------------------------------------<
ERPImporta.exe: 00001544: 11:43:45 [TUniServerModule]:Server First Init.
ERPImporta.exe: 00001544: 11:43:45 [TUniServerModule]:Start Path = C:\Projetos_WEB\ERP_Importa\
ERPImporta.exe: 00001544: 11:43:45 [TUniServerModule]:Debug Mode = ON
ERPImporta.exe: 00001544: 11:43:45 [TUniGUISessionManager]:Cache erase job created, Folder count: [1]
ERPImporta.exe: 00001544: 11:43:46 [TUniServerModule]:Starting HTTP Server on Port: 8077...
ERPImporta.exe: 00001544: 11:43:46 [TUniServerModule]:HTTP Server Started on Port: 8077
ERPImporta.exe: 00001A38: 11:44:18 []:>--------------------------------------------------------------<
ERPImporta.exe: 00001A38: 11:44:18 [TUniServerModule]:Server First Init.
ERPImporta.exe: 00001A38: 11:44:18 [TUniServerModule]:Start Path = C:\Projetos_WEB\ERP_Importa\
ERPImporta.exe: 00001A38: 11:44:18 [TUniServerModule]:Debug Mode = ON
ERPImporta.exe: 00001A38: 11:44:19 [TUniServerModule]:Starting HTTP Server on Port: 8077...
ERPImporta.exe: 00001A38: 11:44:19 [TUniServerModule]:HTTP Server Started on Port: 8077
ERPImporta.exe: 000036E4: 11:45:35 []:>--------------------------------------------------------------<
ERPImporta.exe: 000036E4: 11:45:35 [TUniServerModule]:Server First Init.
ERPImporta.exe: 000036E4: 11:45:35 [TUniServerModule]:Start Path = C:\Projetos_WEB\ERP_Importa\
ERPImporta.exe: 000036E4: 11:45:35 [TUniServerModule]:Debug Mode = ON
ERPImporta.exe: 000036E4: 11:45:36 [TUniServerModule]:Starting HTTP Server on Port: 8077...
ERPImporta.exe: 000036E4: 11:45:36 [TUniServerModule]:HTTP Server Started on Port: 8077
ERPImporta.exe: 00000ABC: 11:46:46 []:>--------------------------------------------------------------<
ERPImporta.exe: 00000ABC: 11:46:46 [TUniServerModule]:Server First Init.
ERPImporta.exe: 00000ABC: 11:46:46 [TUniServerModule]:Start Path = C:\Projetos_WEB\ERP_Importa\
ERPImporta.exe: 00000ABC: 11:46:46 [TUniServerModule]:Debug Mode = ON
ERPImporta.exe: 00000ABC: 11:46:47 [TUniServerModule]:Starting HTTP Server on Port: 8077...
ERPImporta.exe: 00000ABC: 11:46:47 [TUniServerModule]:HTTP Server Started on Port: 8077
ERPImporta.exe: 00000E34: 11:47:27 []:>--------------------------------------------------------------<
ERPImporta.exe: 00000E34: 11:47:27 [TUniServerModule]:Server First Init.
ERPImporta.exe: 00000E34: 11:47:27 [TUniServerModule]:Start Path = C:\Projetos_WEB\ERP_Importa\
ERPImporta.exe: 00000E34: 11:47:27 [TUniServerModule]:Debug Mode = ON
ERPImporta.exe: 00000E34: 11:47:28 [TUniServerModule]:Starting HTTP Server on Port: 8077...
ERPImporta.exe: 00000E34: 11:47:28 [TUniServerModule]:HTTP Server Started on Port: 8077
ERPImporta.exe: 00003BC8: 11:47:50 []:>--------------------------------------------------------------<
ERPImporta.exe: 00003BC8: 11:47:50 [TUniServerModule]:Server First Init.
ERPImporta.exe: 00003BC8: 11:47:50 [TUniServerModule]:Start Path = C:\Projetos_WEB\ERP_Importa\
ERPImporta.exe: 00003BC8: 11:47:50 [TUniServerModule]:Debug Mode = ON
ERPImporta.exe: 00003BC8: 11:47:50 [TUniGUISessionManager]:Cache erase job created, Folder count: [1]
ERPImporta.exe: 00003BC8: 11:47:51 [TUniServerModule]:Starting HTTP Server on Port: 8077...
ERPImporta.exe: 00003BC8: 11:47:51 [TUniServerModule]:HTTP Server Started on Port: 8077
ERPImporta.exe: 0000224C: 11:48:16 []:>--------------------------------------------------------------<
ERPImporta.exe: 0000224C: 11:48:16 [TUniServerModule]:Server First Init.
ERPImporta.exe: 0000224C: 11:48:16 [TUniServerModule]:Start Path = C:\Projetos_WEB\ERP_Importa\
ERPImporta.exe: 0000224C: 11:48:16 [TUniServerModule]:Debug Mode = ON
ERPImporta.exe: 0000224C: 11:48:16 [TUniServerModule]:Starting HTTP Server on Port: 8077...
ERPImporta.exe: 0000224C: 11:48:16 [TUniServerModule]:HTTP Server Started on Port: 8077
ERPImporta.exe: 000005D8: 11:49:08 []:>--------------------------------------------------------------<
ERPImporta.exe: 000005D8: 11:49:08 [TUniServerModule]:Server First Init.
ERPImporta.exe: 000005D8: 11:49:08 [TUniServerModule]:Start Path = C:\Projetos_WEB\ERP_Importa\
ERPImporta.exe: 000005D8: 11:49:08 [TUniServerModule]:Debug Mode = ON
ERPImporta.exe: 000005D8: 11:49:08 [TUniServerModule]:Starting HTTP Server on Port: 8077...
ERPImporta.exe: 000005D8: 11:49:08 [TUniServerModule]:HTTP Server Started on Port: 8077
ERPImporta.exe: 000020D4: 11:52:01 []:>--------------------------------------------------------------<
ERPImporta.exe: 000020D4: 11:52:01 [TUniServerModule]:Server First Init.
ERPImporta.exe: 000020D4: 11:52:01 [TUniServerModule]:Start Path = C:\Projetos_WEB\ERP_Importa\
ERPImporta.exe: 000020D4: 11:52:01 [TUniServerModule]:Debug Mode = ON
ERPImporta.exe: 000020D4: 11:52:01 [TUniGUISessionManager]:Cache erase job created, Folder count: [1]
ERPImporta.exe: 000020D4: 11:52:01 [TUniServerModule]:Starting HTTP Server on Port: 8077...
ERPImporta.exe: 000020D4: 11:52:01 [TUniServerModule]:HTTP Server Started on Port: 8077
ERPImporta.exe: 00003C68: 11:53:45 []:>--------------------------------------------------------------<
ERPImporta.exe: 00003C68: 11:53:45 [TUniServerModule]:Server First Init.
ERPImporta.exe: 00003C68: 11:53:45 [TUniServerModule]:Start Path = C:\Projetos_WEB\ERP_Importa\
ERPImporta.exe: 00003C68: 11:53:45 [TUniServerModule]:Debug Mode = ON
ERPImporta.exe: 00003C68: 11:53:45 [TUniServerModule]:Starting HTTP Server on Port: 8077...
ERPImporta.exe: 00003C68: 11:53:46 [TUniServerModule]:HTTP Server Started on Port: 8077
ERPImporta.exe: 00000988: 11:54:49 []:>--------------------------------------------------------------<
ERPImporta.exe: 00000988: 11:54:49 [TUniServerModule]:Server First Init.
ERPImporta.exe: 00000988: 11:54:49 [TUniServerModule]:Start Path = C:\Projetos_WEB\ERP_Importa\
ERPImporta.exe: 00000988: 11:54:49 [TUniServerModule]:Debug Mode = ON
ERPImporta.exe: 00000988: 11:54:50 [TUniServerModule]:Starting HTTP Server on Port: 8077...
ERPImporta.exe: 00000988: 11:54:50 [TUniServerModule]:HTTP Server Started on Port: 8077
ERPImporta.exe: 00003B44: 11:56:07 []:>--------------------------------------------------------------<
ERPImporta.exe: 00003B44: 11:56:07 [TUniServerModule]:Server First Init.
ERPImporta.exe: 00003B44: 11:56:07 [TUniServerModule]:Start Path = C:\Projetos_WEB\ERP_Importa\
ERPImporta.exe: 00003B44: 11:56:07 [TUniServerModule]:Debug Mode = ON
ERPImporta.exe: 00003B44: 11:56:07 [TUniServerModule]:Starting HTTP Server on Port: 8077...
ERPImporta.exe: 00003B44: 11:56:07 [TUniServerModule]:HTTP Server Started on Port: 8077
ERPImporta.exe: 000014B8: 11:57:11 []:>--------------------------------------------------------------<
ERPImporta.exe: 000014B8: 11:57:11 [TUniServerModule]:Server First Init.
ERPImporta.exe: 000014B8: 11:57:11 [TUniServerModule]:Start Path = C:\Projetos_WEB\ERP_Importa\
ERPImporta.exe: 000014B8: 11:57:11 [TUniServerModule]:Debug Mode = ON
ERPImporta.exe: 000014B8: 11:57:12 [TUniServerModule]:Starting HTTP Server on Port: 8077...
ERPImporta.exe: 000014B8: 11:57:12 [TUniServerModule]:HTTP Server Started on Port: 8077
ERPImporta.exe: 0000240C: 11:58:03 []:>--------------------------------------------------------------<
ERPImporta.exe: 0000240C: 11:58:03 [TUniServerModule]:Server First Init.
ERPImporta.exe: 0000240C: 11:58:03 [TUniServerModule]:Start Path = C:\Projetos_WEB\ERP_Importa\
ERPImporta.exe: 0000240C: 11:58:03 [TUniServerModule]:Debug Mode = ON
ERPImporta.exe: 0000240C: 11:58:04 [TUniServerModule]:Starting HTTP Server on Port: 8077...
ERPImporta.exe: 0000240C: 11:58:04 [TUniServerModule]:HTTP Server Started on Port: 8077
ERPImporta.exe: 00002E98: 11:59:09 []:>--------------------------------------------------------------<
ERPImporta.exe: 00002E98: 11:59:09 [TUniServerModule]:Server First Init.
ERPImporta.exe: 00002E98: 11:59:09 [TUniServerModule]:Start Path = C:\Projetos_WEB\ERP_Importa\
ERPImporta.exe: 00002E98: 11:59:09 [TUniServerModule]:Debug Mode = ON
ERPImporta.exe: 00002E98: 11:59:09 [TUniServerModule]:Starting HTTP Server on Port: 8077...
ERPImporta.exe: 00002E98: 11:59:09 [TUniServerModule]:HTTP Server Started on Port: 8077
ERPImporta.exe: 000018CC: 12:00:21 []:>--------------------------------------------------------------<
ERPImporta.exe: 000018CC: 12:00:21 [TUniServerModule]:Server First Init.
ERPImporta.exe: 000018CC: 12:00:21 [TUniServerModule]:Start Path = C:\Projetos_WEB\ERP_Importa\
ERPImporta.exe: 000018CC: 12:00:21 [TUniServerModule]:Debug Mode = ON
ERPImporta.exe: 000018CC: 12:00:21 [TUniGUISessionManager]:Cache erase job created, Folder count: [1]
ERPImporta.exe: 000018CC: 12:00:21 [TUniServerModule]:Starting HTTP Server on Port: 8077...
ERPImporta.exe: 000018CC: 12:00:21 [TUniServerModule]:HTTP Server Started on Port: 8077
ERPImporta.exe: 00002C88: 12:01:01 []:>--------------------------------------------------------------<
ERPImporta.exe: 00002C88: 12:01:01 [TUniServerModule]:Server First Init.
ERPImporta.exe: 00002C88: 12:01:01 [TUniServerModule]:Start Path = C:\Projetos_WEB\ERP_Importa\
ERPImporta.exe: 00002C88: 12:01:01 [TUniServerModule]:Debug Mode = ON
ERPImporta.exe: 00002C88: 12:01:02 [TUniServerModule]:Starting HTTP Server on Port: 8077...
ERPImporta.exe: 00002C88: 12:01:02 [TUniServerModule]:HTTP Server Started on Port: 8077
ERPImporta.exe: 00000BB0: 12:01:35 []:>--------------------------------------------------------------<
ERPImporta.exe: 00000BB0: 12:01:35 [TUniServerModule]:Server First Init.
ERPImporta.exe: 00000BB0: 12:01:35 [TUniServerModule]:Start Path = C:\Projetos_WEB\ERP_Importa\
ERPImporta.exe: 00000BB0: 12:01:35 [TUniServerModule]:Debug Mode = ON
ERPImporta.exe: 00000BB0: 12:01:35 [TUniServerModule]:Starting HTTP Server on Port: 8077...
ERPImporta.exe: 00000BB0: 12:01:35 [TUniServerModule]:HTTP Server Started on Port: 8077
ERPImporta.exe: 000020D8: 14:03:43 []:>--------------------------------------------------------------<
ERPImporta.exe: 000020D8: 14:03:43 [TUniServerModule]:Server First Init.
ERPImporta.exe: 000020D8: 14:03:43 [TUniServerModule]:Start Path = C:\Projetos_WEB\ERP_Importa\
ERPImporta.exe: 000020D8: 14:03:43 [TUniServerModule]:Debug Mode = ON
ERPImporta.exe: 000020D8: 14:03:43 [TUniServerModule]:Starting HTTP Server on Port: 8077...
ERPImporta.exe: 000020D8: 14:03:43 [TUniServerModule]:HTTP Server Started on Port: 8077
ERPImporta.exe: 00003794: 14:03:52 [HandleFileRequest[127.0.0.1]]:File not found: C:\Projetos_WEB\ERP_Importa\files\images\fundo8.jpg
ERPImporta.exe: 00002238: 14:06:24 []:>--------------------------------------------------------------<
ERPImporta.exe: 00002238: 14:06:24 [TUniServerModule]:Server First Init.
ERPImporta.exe: 00002238: 14:06:24 [TUniServerModule]:Start Path = C:\Projetos_WEB\ERP_Importa\
ERPImporta.exe: 00002238: 14:06:24 [TUniServerModule]:Debug Mode = ON
ERPImporta.exe: 00002238: 14:06:24 [TUniServerModule]:Starting HTTP Server on Port: 8077...
ERPImporta.exe: 00002238: 14:06:25 [TUniServerModule]:HTTP Server Started on Port: 8077
ERPImporta.exe: 00000FF8: 14:06:48 []:>--------------------------------------------------------------<
ERPImporta.exe: 00000FF8: 14:06:48 [TUniServerModule]:Server First Init.
ERPImporta.exe: 00000FF8: 14:06:48 [TUniServerModule]:Start Path = C:\Projetos_WEB\ERP_Importa\
ERPImporta.exe: 00000FF8: 14:06:48 [TUniServerModule]:Debug Mode = ON
ERPImporta.exe: 00000FF8: 14:06:49 [TUniServerModule]:Starting HTTP Server on Port: 8077...
ERPImporta.exe: 00000FF8: 14:06:49 [TUniServerModule]:HTTP Server Started on Port: 8077
ERPImporta.exe: 00001220: 14:07:23 []:>--------------------------------------------------------------<
ERPImporta.exe: 00001220: 14:07:23 [TUniServerModule]:Server First Init.
ERPImporta.exe: 00001220: 14:07:23 [TUniServerModule]:Start Path = C:\Projetos_WEB\ERP_Importa\
ERPImporta.exe: 00001220: 14:07:23 [TUniServerModule]:Debug Mode = ON
ERPImporta.exe: 00001220: 14:07:23 [TUniGUISessionManager]:Cache erase job created, Folder count: [1]
ERPImporta.exe: 00001220: 14:07:24 [TUniServerModule]:Starting HTTP Server on Port: 8077...
ERPImporta.exe: 00001220: 14:07:24 [TUniServerModule]:HTTP Server Started on Port: 8077
ERPImporta.exe: 00001308: 14:08:16 []:>--------------------------------------------------------------<
ERPImporta.exe: 00001308: 14:08:16 [TUniServerModule]:Server First Init.
ERPImporta.exe: 00001308: 14:08:16 [TUniServerModule]:Start Path = C:\Projetos_WEB\ERP_Importa\
ERPImporta.exe: 00001308: 14:08:16 [TUniServerModule]:Debug Mode = ON
ERPImporta.exe: 00001308: 14:08:16 [TUniServerModule]:Starting HTTP Server on Port: 8077...
ERPImporta.exe: 00001308: 14:08:16 [TUniServerModule]:HTTP Server Started on Port: 8077
ERPImporta.exe: 0000100C: 14:13:02 []:>--------------------------------------------------------------<
ERPImporta.exe: 0000100C: 14:13:02 [TUniServerModule]:Server First Init.
ERPImporta.exe: 0000100C: 14:13:02 [TUniServerModule]:Start Path = C:\Projetos_WEB\ERP_Importa\
ERPImporta.exe: 0000100C: 14:13:02 [TUniServerModule]:Debug Mode = ON
ERPImporta.exe: 0000100C: 14:13:02 [TUniGUISessionManager]:Cache erase job created, Folder count: [1]
ERPImporta.exe: 0000100C: 14:13:03 [TUniServerModule]:Starting HTTP Server on Port: 8077...
ERPImporta.exe: 0000100C: 14:13:03 [TUniServerModule]:HTTP Server Started on Port: 8077
ERPImporta.exe: 00001D08: 14:13:44 []:>--------------------------------------------------------------<
ERPImporta.exe: 00001D08: 14:13:44 [TUniServerModule]:Server First Init.
ERPImporta.exe: 00001D08: 14:13:44 [TUniServerModule]:Start Path = C:\Projetos_WEB\ERP_Importa\
ERPImporta.exe: 00001D08: 14:13:44 [TUniServerModule]:Debug Mode = ON
ERPImporta.exe: 00001D08: 14:13:44 [TUniGUISessionManager]:Cache erase job created, Folder count: [1]
ERPImporta.exe: 00001D08: 14:13:44 [TUniServerModule]:Starting HTTP Server on Port: 8077...
ERPImporta.exe: 00001D08: 14:13:44 [TUniServerModule]:HTTP Server Started on Port: 8077
ERPImporta.exe: 00000948: 14:15:45 []:>--------------------------------------------------------------<
ERPImporta.exe: 00000948: 14:15:45 [TUniServerModule]:Server First Init.
ERPImporta.exe: 00000948: 14:15:45 [TUniServerModule]:Start Path = C:\Projetos_WEB\ERP_Importa\
ERPImporta.exe: 00000948: 14:15:45 [TUniServerModule]:Debug Mode = ON
ERPImporta.exe: 00000948: 14:15:46 [TUniServerModule]:Starting HTTP Server on Port: 8077...
ERPImporta.exe: 00000948: 14:15:46 [TUniServerModule]:HTTP Server Started on Port: 8077
ERPImporta.exe: 000006B4: 14:16:07 [127.0.0.1]:EComponentError : ''0'' is not a valid component name : Addr: $004D5F5D
ERPImporta.exe: 000006B4: 14:16:13 [127.0.0.1]:EComponentError : ''1'' is not a valid component name : Addr: $004D5F5D
ERPImporta.exe: 00003A80: 14:16:48 []:>--------------------------------------------------------------<
ERPImporta.exe: 00003A80: 14:16:48 [TUniServerModule]:Server First Init.
ERPImporta.exe: 00003A80: 14:16:48 [TUniServerModule]:Start Path = C:\Projetos_WEB\ERP_Importa\
ERPImporta.exe: 00003A80: 14:16:48 [TUniServerModule]:Debug Mode = ON
ERPImporta.exe: 00003A80: 14:16:48 [TUniServerModule]:Starting HTTP Server on Port: 8077...
ERPImporta.exe: 00003A80: 14:16:48 [TUniServerModule]:HTTP Server Started on Port: 8077
ERPImporta.exe: 000033D0: 14:17:26 []:>--------------------------------------------------------------<
ERPImporta.exe: 000033D0: 14:17:26 [TUniServerModule]:Server First Init.
ERPImporta.exe: 000033D0: 14:17:26 [TUniServerModule]:Start Path = C:\Projetos_WEB\ERP_Importa\
ERPImporta.exe: 000033D0: 14:17:26 [TUniServerModule]:Debug Mode = ON
ERPImporta.exe: 000033D0: 14:17:26 [TUniServerModule]:Starting HTTP Server on Port: 8077...
ERPImporta.exe: 000033D0: 14:17:26 [TUniServerModule]:HTTP Server Started on Port: 8077
ERPImporta.exe: 00000A68: 14:19:06 []:>--------------------------------------------------------------<
ERPImporta.exe: 00000A68: 14:19:06 [TUniServerModule]:Server First Init.
ERPImporta.exe: 00000A68: 14:19:06 [TUniServerModule]:Start Path = C:\Projetos_WEB\ERP_Importa\
ERPImporta.exe: 00000A68: 14:19:06 [TUniServerModule]:Debug Mode = ON
ERPImporta.exe: 00000A68: 14:19:06 [TUniGUISessionManager]:Cache erase job created, Folder count: [1]
ERPImporta.exe: 00000A68: 14:19:07 [TUniServerModule]:Starting HTTP Server on Port: 8077...
ERPImporta.exe: 00000A68: 14:19:07 [TUniServerModule]:HTTP Server Started on Port: 8077
ERPImporta.exe: 00002DE4: 14:19:50 []:>--------------------------------------------------------------<
ERPImporta.exe: 00002DE4: 14:19:50 [TUniServerModule]:Server First Init.
ERPImporta.exe: 00002DE4: 14:19:50 [TUniServerModule]:Start Path = C:\Projetos_WEB\ERP_Importa\
ERPImporta.exe: 00002DE4: 14:19:50 [TUniServerModule]:Debug Mode = ON
ERPImporta.exe: 00002DE4: 14:19:50 [TUniServerModule]:Starting HTTP Server on Port: 8077...
ERPImporta.exe: 00002DE4: 14:19:51 [TUniServerModule]:HTTP Server Started on Port: 8077
ERPImporta.exe: 00003C8C: 14:21:37 []:>--------------------------------------------------------------<
ERPImporta.exe: 00003C8C: 14:21:37 [TUniServerModule]:Server First Init.
ERPImporta.exe: 00003C8C: 14:21:37 [TUniServerModule]:Start Path = C:\Projetos_WEB\ERP_Importa\
ERPImporta.exe: 00003C8C: 14:21:37 [TUniServerModule]:Debug Mode = ON
ERPImporta.exe: 00003C8C: 14:21:37 [TUniGUISessionManager]:Cache erase job created, Folder count: [1]
ERPImporta.exe: 00003C8C: 14:21:38 [TUniServerModule]:Starting HTTP Server on Port: 8077...
ERPImporta.exe: 00003C8C: 14:21:38 [TUniServerModule]:HTTP Server Started on Port: 8077
ERPImporta.exe: 00003BA0: 14:22:10 []:>--------------------------------------------------------------<
ERPImporta.exe: 00003BA0: 14:22:10 [TUniServerModule]:Server First Init.
ERPImporta.exe: 00003BA0: 14:22:10 [TUniServerModule]:Start Path = C:\Projetos_WEB\ERP_Importa\
ERPImporta.exe: 00003BA0: 14:22:10 [TUniServerModule]:Debug Mode = ON
ERPImporta.exe: 00003BA0: 14:22:10 [TUniServerModule]:Starting HTTP Server on Port: 8077...
ERPImporta.exe: 00003BA0: 14:22:10 [TUniServerModule]:HTTP Server Started on Port: 8077
ERPImporta.exe: 00002760: 14:23:11 []:>--------------------------------------------------------------<
ERPImporta.exe: 00002760: 14:23:11 [TUniServerModule]:Server First Init.
ERPImporta.exe: 00002760: 14:23:11 [TUniServerModule]:Start Path = C:\Projetos_WEB\ERP_Importa\
ERPImporta.exe: 00002760: 14:23:11 [TUniServerModule]:Debug Mode = ON
ERPImporta.exe: 00002760: 14:23:11 [TUniGUISessionManager]:Cache erase job created, Folder count: [1]
ERPImporta.exe: 00002760: 14:23:11 [TUniServerModule]:Starting HTTP Server on Port: 8077...
ERPImporta.exe: 00002760: 14:23:11 [TUniServerModule]:HTTP Server Started on Port: 8077
ERPImporta.exe: 00000B10: 14:29:24 []:>--------------------------------------------------------------<
ERPImporta.exe: 00000B10: 14:29:24 [TUniServerModule]:Server First Init.
ERPImporta.exe: 00000B10: 14:29:24 [TUniServerModule]:Start Path = C:\Projetos_WEB\ERP_Importa\
ERPImporta.exe: 00000B10: 14:29:24 [TUniServerModule]:Debug Mode = ON
ERPImporta.exe: 00000B10: 14:29:24 [TUniServerModule]:Starting HTTP Server on Port: 8077...
ERPImporta.exe: 00000B10: 14:29:24 [TUniServerModule]:HTTP Server Started on Port: 8077
ERPImporta.exe: 0000193C: 14:35:41 []:>--------------------------------------------------------------<
ERPImporta.exe: 0000193C: 14:35:41 [TUniServerModule]:Server First Init.
ERPImporta.exe: 0000193C: 14:35:41 [TUniServerModule]:Start Path = C:\Projetos_WEB\ERP_Importa\
ERPImporta.exe: 0000193C: 14:35:41 [TUniServerModule]:Debug Mode = ON
ERPImporta.exe: 0000193C: 14:35:41 [TUniGUISessionManager]:Cache erase job created, Folder count: [1]
ERPImporta.exe: 0000193C: 14:35:41 [TUniServerModule]:Starting HTTP Server on Port: 8077...
ERPImporta.exe: 0000193C: 14:35:41 [TUniServerModule]:HTTP Server Started on Port: 8077
ERPImporta.exe: 00002918: 14:36:41 []:>--------------------------------------------------------------<
ERPImporta.exe: 00002918: 14:36:41 [TUniServerModule]:Server First Init.
ERPImporta.exe: 00002918: 14:36:41 [TUniServerModule]:Start Path = C:\Projetos_WEB\ERP_Importa\
ERPImporta.exe: 00002918: 14:36:41 [TUniServerModule]:Debug Mode = ON
ERPImporta.exe: 00002918: 14:36:41 [TUniServerModule]:Starting HTTP Server on Port: 8077...
ERPImporta.exe: 00002918: 14:36:41 [TUniServerModule]:HTTP Server Started on Port: 8077
ERPImporta.exe: 00002690: 14:37:41 []:>--------------------------------------------------------------<
ERPImporta.exe: 00002690: 14:37:41 [TUniServerModule]:Server First Init.
ERPImporta.exe: 00002690: 14:37:41 [TUniServerModule]:Start Path = C:\Projetos_WEB\ERP_Importa\
ERPImporta.exe: 00002690: 14:37:41 [TUniServerModule]:Debug Mode = ON
ERPImporta.exe: 00002690: 14:37:42 [TUniServerModule]:Starting HTTP Server on Port: 8077...
ERPImporta.exe: 00002690: 14:37:42 [TUniServerModule]:HTTP Server Started on Port: 8077
ERPImporta.exe: 0000219C: 14:38:22 []:>--------------------------------------------------------------<
ERPImporta.exe: 0000219C: 14:38:22 [TUniServerModule]:Server First Init.
ERPImporta.exe: 0000219C: 14:38:22 [TUniServerModule]:Start Path = C:\Projetos_WEB\ERP_Importa\
ERPImporta.exe: 0000219C: 14:38:22 [TUniServerModule]:Debug Mode = ON
ERPImporta.exe: 0000219C: 14:38:23 [TUniServerModule]:Starting HTTP Server on Port: 8077...
ERPImporta.exe: 0000219C: 14:38:23 [TUniServerModule]:HTTP Server Started on Port: 8077
ERPImporta.exe: 00001DF0: 16:00:36 []:>--------------------------------------------------------------<
ERPImporta.exe: 00001DF0: 16:00:36 [TUniServerModule]:Server First Init.
ERPImporta.exe: 00001DF0: 16:00:36 [TUniServerModule]:Start Path = C:\Projetos_WEB\ERP_Importa\
ERPImporta.exe: 00001DF0: 16:00:36 [TUniServerModule]:Debug Mode = ON
ERPImporta.exe: 00001DF0: 16:00:37 [TUniServerModule]:Starting HTTP Server on Port: 8077...
ERPImporta.exe: 00001DF0: 16:00:37 [TUniServerModule]:HTTP Server Started on Port: 8077
ERPImporta.exe: 00001B70: 16:03:07 []:>--------------------------------------------------------------<
ERPImporta.exe: 00001B70: 16:03:07 [TUniServerModule]:Server First Init.
ERPImporta.exe: 00001B70: 16:03:07 [TUniServerModule]:Start Path = C:\Projetos_WEB\ERP_Importa\
ERPImporta.exe: 00001B70: 16:03:07 [TUniServerModule]:Debug Mode = ON
ERPImporta.exe: 00001B70: 16:03:08 [TUniServerModule]:Starting HTTP Server on Port: 8077...
ERPImporta.exe: 00001B70: 16:03:08 [TUniServerModule]:HTTP Server Started on Port: 8077
ERPImporta.exe: 00003E30: 16:04:41 []:>--------------------------------------------------------------<
ERPImporta.exe: 00003E30: 16:04:41 [TUniServerModule]:Server First Init.
ERPImporta.exe: 00003E30: 16:04:41 [TUniServerModule]:Start Path = C:\Projetos_WEB\ERP_Importa\
ERPImporta.exe: 00003E30: 16:04:41 [TUniServerModule]:Debug Mode = ON
ERPImporta.exe: 00003E30: 16:04:41 [TUniServerModule]:Starting HTTP Server on Port: 8077...
ERPImporta.exe: 00003E30: 16:04:41 [TUniServerModule]:HTTP Server Started on Port: 8077
ERPImporta.exe: 000039C0: 16:04:48 []:>--------------------------------------------------------------<
ERPImporta.exe: 000039C0: 16:04:48 [TUniServerModule]:Server First Init.
ERPImporta.exe: 000039C0: 16:04:48 [TUniServerModule]:Start Path = C:\Projetos_WEB\ERP_Importa\
ERPImporta.exe: 000039C0: 16:04:48 [TUniServerModule]:Debug Mode = ON
ERPImporta.exe: 000039C0: 16:04:48 [TUniGUISessionManager]:Cache erase job created, Folder count: [1]
ERPImporta.exe: 000039C0: 16:04:48 [TUniServerModule]:Starting HTTP Server on Port: 8077...
ERPImporta.exe: 000039C0: 16:04:49 [TUniServerModule]:HTTP Server Started on Port: 8077
ERPImporta.exe: 000004B8: 16:05:59 []:>--------------------------------------------------------------<
ERPImporta.exe: 000004B8: 16:05:59 [TUniServerModule]:Server First Init.
ERPImporta.exe: 000004B8: 16:05:59 [TUniServerModule]:Start Path = C:\Projetos_WEB\ERP_Importa\
ERPImporta.exe: 000004B8: 16:05:59 [TUniServerModule]:Debug Mode = ON
ERPImporta.exe: 000004B8: 16:05:59 [TUniServerModule]:Starting HTTP Server on Port: 8077...
ERPImporta.exe: 000004B8: 16:05:59 [TUniServerModule]:HTTP Server Started on Port: 8077
ERPImporta.exe: 00003BA0: 16:06:17 [HandleFileRequest[127.0.0.1]]:File not found: C:\Projetos_WEB\ERP_Importa\files\images\fundo8.jpg
ERPImporta.exe: 00000D98: 16:08:53 []:>--------------------------------------------------------------<
ERPImporta.exe: 00000D98: 16:08:53 [TUniServerModule]:Server First Init.
ERPImporta.exe: 00000D98: 16:08:53 [TUniServerModule]:Start Path = C:\Projetos_WEB\ERP_Importa\
ERPImporta.exe: 00000D98: 16:08:53 [TUniServerModule]:Debug Mode = ON
ERPImporta.exe: 00000D98: 16:08:53 [TUniGUISessionManager]:Cache erase job created, Folder count: [1]
ERPImporta.exe: 00000D98: 16:08:53 [TUniServerModule]:Starting HTTP Server on Port: 8077...
ERPImporta.exe: 00000D98: 16:08:53 [TUniServerModule]:HTTP Server Started on Port: 8077
ERPImporta.exe: 000028B0: 16:09:36 []:>--------------------------------------------------------------<
ERPImporta.exe: 000028B0: 16:09:36 [TUniServerModule]:Server First Init.
ERPImporta.exe: 000028B0: 16:09:36 [TUniServerModule]:Start Path = C:\Projetos_WEB\ERP_Importa\
ERPImporta.exe: 000028B0: 16:09:36 [TUniServerModule]:Debug Mode = ON
ERPImporta.exe: 000028B0: 16:09:36 [TUniServerModule]:Starting HTTP Server on Port: 8077...
ERPImporta.exe: 000028B0: 16:09:36 [TUniServerModule]:HTTP Server Started on Port: 8077
ERPImporta.exe: 000020C8: 16:10:21 []:>--------------------------------------------------------------<
ERPImporta.exe: 000020C8: 16:10:21 [TUniServerModule]:Server First Init.
ERPImporta.exe: 000020C8: 16:10:21 [TUniServerModule]:Start Path = C:\Projetos_WEB\ERP_Importa\
ERPImporta.exe: 000020C8: 16:10:21 [TUniServerModule]:Debug Mode = ON
ERPImporta.exe: 000020C8: 16:10:21 [TUniServerModule]:Starting HTTP Server on Port: 8077...
ERPImporta.exe: 000020C8: 16:10:21 [TUniServerModule]:HTTP Server Started on Port: 8077
ERPImporta.exe: 00001EB0: 16:12:51 []:>--------------------------------------------------------------<
ERPImporta.exe: 00001EB0: 16:12:51 [TUniServerModule]:Server First Init.
ERPImporta.exe: 00001EB0: 16:12:51 [TUniServerModule]:Start Path = C:\Projetos_WEB\ERP_Importa\
ERPImporta.exe: 00001EB0: 16:12:51 [TUniServerModule]:Debug Mode = ON
ERPImporta.exe: 00001EB0: 16:12:51 [TUniServerModule]:Starting HTTP Server on Port: 8077...
ERPImporta.exe: 00001EB0: 16:12:51 [TUniServerModule]:HTTP Server Started on Port: 8077
ERPImporta.exe: 00002904: 16:12:56 [[FireDAC][Phys][ODBC][Microsoft][SQL Server Native Client 11.0][SQL Server]Invalid object name 'TipoNota'.-127.0.0.1]:EMSSQLNativeException : [FireDAC][Phys][ODBC][Microsoft][SQL Server Native Client 11.0][SQL Server]Invalid object name 'TipoNota'. : Addr: $008DD429
ERPImporta.exe: 00003F34: 16:13:43 []:>--------------------------------------------------------------<
ERPImporta.exe: 00003F34: 16:13:43 [TUniServerModule]:Server First Init.
ERPImporta.exe: 00003F34: 16:13:43 [TUniServerModule]:Start Path = C:\Projetos_WEB\ERP_Importa\
ERPImporta.exe: 00003F34: 16:13:43 [TUniServerModule]:Debug Mode = ON
ERPImporta.exe: 00003F34: 16:13:43 [TUniServerModule]:Starting HTTP Server on Port: 8077...
ERPImporta.exe: 00003F34: 16:13:43 [TUniServerModule]:HTTP Server Started on Port: 8077
ERPImporta.exe: 00003230: 16:15:51 []:>--------------------------------------------------------------<
ERPImporta.exe: 00003230: 16:15:51 [TUniServerModule]:Server First Init.
ERPImporta.exe: 00003230: 16:15:51 [TUniServerModule]:Start Path = C:\Projetos_WEB\ERP_Importa\
ERPImporta.exe: 00003230: 16:15:51 [TUniServerModule]:Debug Mode = ON
ERPImporta.exe: 00003230: 16:15:52 [TUniServerModule]:Starting HTTP Server on Port: 8077...
ERPImporta.exe: 00003230: 16:15:52 [TUniServerModule]:HTTP Server Started on Port: 8077
ERPImporta.exe: 00003270: 16:16:28 []:>--------------------------------------------------------------<
ERPImporta.exe: 00003270: 16:16:28 [TUniServerModule]:Server First Init.
ERPImporta.exe: 00003270: 16:16:28 [TUniServerModule]:Start Path = C:\Projetos_WEB\ERP_Importa\
ERPImporta.exe: 00003270: 16:16:28 [TUniServerModule]:Debug Mode = ON
ERPImporta.exe: 00003270: 16:16:29 [TUniServerModule]:Starting HTTP Server on Port: 8077...
ERPImporta.exe: 00003270: 16:16:29 [TUniServerModule]:HTTP Server Started on Port: 8077
ERPImporta.exe: 00003CA0: 16:18:25 []:>--------------------------------------------------------------<
ERPImporta.exe: 00003CA0: 16:18:25 [TUniServerModule]:Server First Init.
ERPImporta.exe: 00003CA0: 16:18:25 [TUniServerModule]:Start Path = C:\Projetos_WEB\ERP_Importa\
ERPImporta.exe: 00003CA0: 16:18:25 [TUniServerModule]:Debug Mode = ON
ERPImporta.exe: 00003CA0: 16:18:25 [TUniGUISessionManager]:Cache erase job created, Folder count: [1]
ERPImporta.exe: 00003CA0: 16:18:25 [TUniServerModule]:Starting HTTP Server on Port: 8077...
ERPImporta.exe: 00003CA0: 16:18:25 [TUniServerModule]:HTTP Server Started on Port: 8077
ERPImporta.exe: 00003BD4: 16:19:57 []:>--------------------------------------------------------------<
ERPImporta.exe: 00003BD4: 16:19:57 [TUniServerModule]:Server First Init.
ERPImporta.exe: 00003BD4: 16:19:57 [TUniServerModule]:Start Path = C:\Projetos_WEB\ERP_Importa\
ERPImporta.exe: 00003BD4: 16:19:57 [TUniServerModule]:Debug Mode = ON
ERPImporta.exe: 00003BD4: 16:19:57 [TUniServerModule]:Starting HTTP Server on Port: 8077...
ERPImporta.exe: 00003BD4: 16:19:57 [TUniServerModule]:HTTP Server Started on Port: 8077
ERPImporta.exe: 00002C64: 16:23:38 []:>--------------------------------------------------------------<
ERPImporta.exe: 00002C64: 16:23:38 [TUniServerModule]:Server First Init.
ERPImporta.exe: 00002C64: 16:23:38 [TUniServerModule]:Start Path = C:\Projetos_WEB\ERP_Importa\
ERPImporta.exe: 00002C64: 16:23:38 [TUniServerModule]:Debug Mode = ON
ERPImporta.exe: 00002C64: 16:23:38 [TUniServerModule]:Starting HTTP Server on Port: 8077...
ERPImporta.exe: 00002C64: 16:23:38 [TUniServerModule]:HTTP Server Started on Port: 8077
ERPImporta.exe: 0000350C: 16:25:06 []:>--------------------------------------------------------------<
ERPImporta.exe: 0000350C: 16:25:06 [TUniServerModule]:Server First Init.
ERPImporta.exe: 0000350C: 16:25:06 [TUniServerModule]:Start Path = C:\Projetos_WEB\ERP_Importa\
ERPImporta.exe: 0000350C: 16:25:06 [TUniServerModule]:Debug Mode = ON
ERPImporta.exe: 0000350C: 16:25:06 [TUniServerModule]:Starting HTTP Server on Port: 8077...
ERPImporta.exe: 0000350C: 16:25:06 [TUniServerModule]:HTTP Server Started on Port: 8077
ERPImporta.exe: 00002D34: 16:27:21 []:>--------------------------------------------------------------<
ERPImporta.exe: 00002D34: 16:27:21 [TUniServerModule]:Server First Init.
ERPImporta.exe: 00002D34: 16:27:21 [TUniServerModule]:Start Path = C:\Projetos_WEB\ERP_Importa\
ERPImporta.exe: 00002D34: 16:27:21 [TUniServerModule]:Debug Mode = ON
ERPImporta.exe: 00002D34: 16:27:21 [TUniGUISessionManager]:Cache erase job created, Folder count: [1]
ERPImporta.exe: 00002D34: 16:27:22 [TUniServerModule]:Starting HTTP Server on Port: 8077...
ERPImporta.exe: 00002D34: 16:27:22 [TUniServerModule]:HTTP Server Started on Port: 8077
ERPImporta.exe: 0000202C: 16:27:46 []:>--------------------------------------------------------------<
ERPImporta.exe: 0000202C: 16:27:46 [TUniServerModule]:Server First Init.
ERPImporta.exe: 0000202C: 16:27:46 [TUniServerModule]:Start Path = C:\Projetos_WEB\ERP_Importa\
ERPImporta.exe: 0000202C: 16:27:46 [TUniServerModule]:Debug Mode = ON
ERPImporta.exe: 0000202C: 16:27:46 [TUniServerModule]:Starting HTTP Server on Port: 8077...
ERPImporta.exe: 0000202C: 16:27:46 [TUniServerModule]:HTTP Server Started on Port: 8077
ERPImporta.exe: 00000598: 16:30:03 []:>--------------------------------------------------------------<
ERPImporta.exe: 00000598: 16:30:03 [TUniServerModule]:Server First Init.
ERPImporta.exe: 00000598: 16:30:03 [TUniServerModule]:Start Path = C:\Projetos_WEB\ERP_Importa\
ERPImporta.exe: 00000598: 16:30:03 [TUniServerModule]:Debug Mode = ON
ERPImporta.exe: 00000598: 16:30:03 [TUniServerModule]:Starting HTTP Server on Port: 8077...
ERPImporta.exe: 00000598: 16:30:03 [TUniServerModule]:HTTP Server Started on Port: 8077
ERPImporta.exe: 0000148C: 16:30:35 []:>--------------------------------------------------------------<
ERPImporta.exe: 0000148C: 16:30:35 [TUniServerModule]:Server First Init.
ERPImporta.exe: 0000148C: 16:30:35 [TUniServerModule]:Start Path = C:\Projetos_WEB\ERP_Importa\
ERPImporta.exe: 0000148C: 16:30:35 [TUniServerModule]:Debug Mode = ON
ERPImporta.exe: 0000148C: 16:30:35 [TUniGUISessionManager]:Cache erase job created, Folder count: [1]
ERPImporta.exe: 0000148C: 16:30:35 [TUniServerModule]:Starting HTTP Server on Port: 8077...
ERPImporta.exe: 0000148C: 16:30:35 [TUniServerModule]:HTTP Server Started on Port: 8077
ERPImporta.exe: 00002FF8: 16:31:43 []:>--------------------------------------------------------------<
ERPImporta.exe: 00002FF8: 16:31:43 [TUniServerModule]:Server First Init.
ERPImporta.exe: 00002FF8: 16:31:43 [TUniServerModule]:Start Path = C:\Projetos_WEB\ERP_Importa\
ERPImporta.exe: 00002FF8: 16:31:43 [TUniServerModule]:Debug Mode = ON
ERPImporta.exe: 00002FF8: 16:31:43 [TUniGUISessionManager]:Cache erase job created, Folder count: [1]
ERPImporta.exe: 00002FF8: 16:31:43 [TUniServerModule]:Starting HTTP Server on Port: 8077...
ERPImporta.exe: 00002FF8: 16:31:43 [TUniServerModule]:HTTP Server Started on Port: 8077
ERPImporta.exe: 00000FEC: 16:32:57 []:>--------------------------------------------------------------<
ERPImporta.exe: 00000FEC: 16:32:57 [TUniServerModule]:Server First Init.
ERPImporta.exe: 00000FEC: 16:32:57 [TUniServerModule]:Start Path = C:\Projetos_WEB\ERP_Importa\
ERPImporta.exe: 00000FEC: 16:32:57 [TUniServerModule]:Debug Mode = ON
ERPImporta.exe: 00000FEC: 16:32:57 [TUniGUISessionManager]:Cache erase job created, Folder count: [1]
ERPImporta.exe: 00000FEC: 16:32:57 [TUniServerModule]:Starting HTTP Server on Port: 8077...
ERPImporta.exe: 00000FEC: 16:32:57 [TUniServerModule]:HTTP Server Started on Port: 8077
ERPImporta.exe: 00003B94: 16:34:10 []:>--------------------------------------------------------------<
ERPImporta.exe: 00003B94: 16:34:10 [TUniServerModule]:Server First Init.
ERPImporta.exe: 00003B94: 16:34:10 [TUniServerModule]:Start Path = C:\Projetos_WEB\ERP_Importa\
ERPImporta.exe: 00003B94: 16:34:10 [TUniServerModule]:Debug Mode = ON
ERPImporta.exe: 00003B94: 16:34:10 [TUniGUISessionManager]:Cache erase job created, Folder count: [1]
ERPImporta.exe: 00003B94: 16:34:11 [TUniServerModule]:Starting HTTP Server on Port: 8077...
ERPImporta.exe: 00003B94: 16:34:11 [TUniServerModule]:HTTP Server Started on Port: 8077
ERPImporta.exe: 00003370: 16:35:05 []:>--------------------------------------------------------------<
ERPImporta.exe: 00003370: 16:35:05 [TUniServerModule]:Server First Init.
ERPImporta.exe: 00003370: 16:35:05 [TUniServerModule]:Start Path = C:\Projetos_WEB\ERP_Importa\
ERPImporta.exe: 00003370: 16:35:05 [TUniServerModule]:Debug Mode = ON
ERPImporta.exe: 00003370: 16:35:05 [TUniGUISessionManager]:Cache erase job created, Folder count: [1]
ERPImporta.exe: 00003370: 16:35:06 [TUniServerModule]:Starting HTTP Server on Port: 8077...
ERPImporta.exe: 00003370: 16:35:06 [TUniServerModule]:HTTP Server Started on Port: 8077
ERPImporta.exe: 0000045C: 16:35:42 []:>--------------------------------------------------------------<
ERPImporta.exe: 0000045C: 16:35:42 [TUniServerModule]:Server First Init.
ERPImporta.exe: 0000045C: 16:35:42 [TUniServerModule]:Start Path = C:\Projetos_WEB\ERP_Importa\
ERPImporta.exe: 0000045C: 16:35:42 [TUniServerModule]:Debug Mode = ON
ERPImporta.exe: 0000045C: 16:35:42 [TUniServerModule]:Starting HTTP Server on Port: 8077...
ERPImporta.exe: 0000045C: 16:35:42 [TUniServerModule]:HTTP Server Started on Port: 8077
ERPImporta.exe: 00001E1C: 16:37:02 []:>--------------------------------------------------------------<
ERPImporta.exe: 00001E1C: 16:37:02 [TUniServerModule]:Server First Init.
ERPImporta.exe: 00001E1C: 16:37:02 [TUniServerModule]:Start Path = C:\Projetos_WEB\ERP_Importa\
ERPImporta.exe: 00001E1C: 16:37:02 [TUniServerModule]:Debug Mode = ON
ERPImporta.exe: 00001E1C: 16:37:03 [TUniServerModule]:Starting HTTP Server on Port: 8077...
ERPImporta.exe: 00001E1C: 16:37:03 [TUniServerModule]:HTTP Server Started on Port: 8077
ERPImporta.exe: 0000100C: 16:38:04 []:>--------------------------------------------------------------<
ERPImporta.exe: 0000100C: 16:38:04 [TUniServerModule]:Server First Init.
ERPImporta.exe: 0000100C: 16:38:04 [TUniServerModule]:Start Path = C:\Projetos_WEB\ERP_Importa\
ERPImporta.exe: 0000100C: 16:38:04 [TUniServerModule]:Debug Mode = ON
ERPImporta.exe: 0000100C: 16:38:04 [TUniServerModule]:Starting HTTP Server on Port: 8077...
ERPImporta.exe: 0000100C: 16:38:04 [TUniServerModule]:HTTP Server Started on Port: 8077
ERPImporta.exe: 00002738: 16:38:37 []:>--------------------------------------------------------------<
ERPImporta.exe: 00002738: 16:38:37 [TUniServerModule]:Server First Init.
ERPImporta.exe: 00002738: 16:38:37 [TUniServerModule]:Start Path = C:\Projetos_WEB\ERP_Importa\
ERPImporta.exe: 00002738: 16:38:37 [TUniServerModule]:Debug Mode = ON
ERPImporta.exe: 00002738: 16:38:37 [TUniServerModule]:Starting HTTP Server on Port: 8077...
ERPImporta.exe: 00002738: 16:38:37 [TUniServerModule]:HTTP Server Started on Port: 8077
ERPImporta.exe: 000007D0: 16:39:07 []:>--------------------------------------------------------------<
ERPImporta.exe: 000007D0: 16:39:07 [TUniServerModule]:Server First Init.
ERPImporta.exe: 000007D0: 16:39:07 [TUniServerModule]:Start Path = C:\Projetos_WEB\ERP_Importa\
ERPImporta.exe: 000007D0: 16:39:07 [TUniServerModule]:Debug Mode = ON
ERPImporta.exe: 000007D0: 16:39:07 [TUniGUISessionManager]:Cache erase job created, Folder count: [1]
ERPImporta.exe: 000007D0: 16:39:07 [TUniServerModule]:Starting HTTP Server on Port: 8077...
ERPImporta.exe: 000007D0: 16:39:07 [TUniServerModule]:HTTP Server Started on Port: 8077
ERPImporta.exe: 0000220C: 16:40:09 []:>--------------------------------------------------------------<
ERPImporta.exe: 0000220C: 16:40:09 [TUniServerModule]:Server First Init.
ERPImporta.exe: 0000220C: 16:40:09 [TUniServerModule]:Start Path = C:\Projetos_WEB\ERP_Importa\
ERPImporta.exe: 0000220C: 16:40:09 [TUniServerModule]:Debug Mode = ON
ERPImporta.exe: 0000220C: 16:40:09 [TUniServerModule]:Starting HTTP Server on Port: 8077...
ERPImporta.exe: 0000220C: 16:40:09 [TUniServerModule]:HTTP Server Started on Port: 8077
ERPImporta.exe: 00000818: 16:41:53 []:>--------------------------------------------------------------<
ERPImporta.exe: 00000818: 16:41:53 [TUniServerModule]:Server First Init.
ERPImporta.exe: 00000818: 16:41:53 [TUniServerModule]:Start Path = C:\Projetos_WEB\ERP_Importa\
ERPImporta.exe: 00000818: 16:41:53 [TUniServerModule]:Debug Mode = ON
ERPImporta.exe: 00000818: 16:41:54 [TUniServerModule]:Starting HTTP Server on Port: 8077...
ERPImporta.exe: 00000818: 16:41:54 [TUniServerModule]:HTTP Server Started on Port: 8077
ERPImporta.exe: 00001134: 16:42:10 [127.0.0.1]:EComponentError : A component named Atalho_12 already exists : Addr: $004D57D6
ERPImporta.exe: 000011E0: 16:42:33 []:>--------------------------------------------------------------<
ERPImporta.exe: 000011E0: 16:42:33 [TUniServerModule]:Server First Init.
ERPImporta.exe: 000011E0: 16:42:33 [TUniServerModule]:Start Path = C:\Projetos_WEB\ERP_Importa\
ERPImporta.exe: 000011E0: 16:42:33 [TUniServerModule]:Debug Mode = ON
ERPImporta.exe: 000011E0: 16:42:34 [TUniServerModule]:Starting HTTP Server on Port: 8077...
ERPImporta.exe: 000011E0: 16:42:34 [TUniServerModule]:HTTP Server Started on Port: 8077
ERPImporta.exe: 00002C24: 16:42:51 [127.0.0.1]:EComponentError : A component named Atalho_12 already exists : Addr: $004D57D6
ERPImporta.exe: 00003598: 16:43:31 []:>--------------------------------------------------------------<
ERPImporta.exe: 00003598: 16:43:31 [TUniServerModule]:Server First Init.
ERPImporta.exe: 00003598: 16:43:31 [TUniServerModule]:Start Path = C:\Projetos_WEB\ERP_Importa\
ERPImporta.exe: 00003598: 16:43:31 [TUniServerModule]:Debug Mode = ON
ERPImporta.exe: 00003598: 16:43:31 [TUniServerModule]:Starting HTTP Server on Port: 8077...
ERPImporta.exe: 00003598: 16:43:31 [TUniServerModule]:HTTP Server Started on Port: 8077
ERPImporta.exe: 000036F0: 16:43:42 [127.0.0.1]:EComponentError : A component named Atalho_6 already exists : Addr: $004D57D6
ERPImporta.exe: 000036F0: 16:43:46 [127.0.0.1]:EComponentError : A component named Atalho_6 already exists : Addr: $004D57D6
ERPImporta.exe: 00003504: 16:44:07 []:>--------------------------------------------------------------<
ERPImporta.exe: 00003504: 16:44:07 [TUniServerModule]:Server First Init.
ERPImporta.exe: 00003504: 16:44:07 [TUniServerModule]:Start Path = C:\Projetos_WEB\ERP_Importa\
ERPImporta.exe: 00003504: 16:44:07 [TUniServerModule]:Debug Mode = ON
ERPImporta.exe: 00003504: 16:44:07 [TUniServerModule]:Starting HTTP Server on Port: 8077...
ERPImporta.exe: 00003504: 16:44:07 [TUniServerModule]:HTTP Server Started on Port: 8077
ERPImporta.exe: 00003178: 16:44:25 []:>--------------------------------------------------------------<
ERPImporta.exe: 00003178: 16:44:25 [TUniServerModule]:Server First Init.
ERPImporta.exe: 00003178: 16:44:25 [TUniServerModule]:Start Path = C:\Projetos_WEB\ERP_Importa\
ERPImporta.exe: 00003178: 16:44:25 [TUniServerModule]:Debug Mode = ON
ERPImporta.exe: 00003178: 16:44:25 [TUniServerModule]:Starting HTTP Server on Port: 8077...
ERPImporta.exe: 00003178: 16:44:25 [TUniServerModule]:HTTP Server Started on Port: 8077
ERPImporta.exe: 00002700: 16:44:30 [[FireDAC][Phys][ODBC][Microsoft][SQL Server Native Client 11.0][SQL Server]Invalid object name 'TipoNota'.-127.0.0.1]:EMSSQLNativeException : [FireDAC][Phys][ODBC][Microsoft][SQL Server Native Client 11.0][SQL Server]Invalid object name 'TipoNota'. : Addr: $008DD429
ERPImporta.exe: 00002700: 16:44:50 [127.0.0.1]:EComponentError : A component named Atalho_6 already exists : Addr: $004D57D6
ERPImporta.exe: 00002570: 16:46:21 []:>--------------------------------------------------------------<
ERPImporta.exe: 00002570: 16:46:21 [TUniServerModule]:Server First Init.
ERPImporta.exe: 00002570: 16:46:21 [TUniServerModule]:Start Path = C:\Projetos_WEB\ERP_Importa\
ERPImporta.exe: 00002570: 16:46:21 [TUniServerModule]:Debug Mode = ON
ERPImporta.exe: 00002570: 16:46:21 [TUniGUISessionManager]:Cache erase job created, Folder count: [1]
ERPImporta.exe: 00002570: 16:46:21 [TUniServerModule]:Starting HTTP Server on Port: 8077...
ERPImporta.exe: 00002570: 16:46:21 [TUniServerModule]:HTTP Server Started on Port: 8077
ERPImporta.exe: 00003F90: 16:48:12 []:>--------------------------------------------------------------<
ERPImporta.exe: 00003F90: 16:48:12 [TUniServerModule]:Server First Init.
ERPImporta.exe: 00003F90: 16:48:12 [TUniServerModule]:Start Path = C:\Projetos_WEB\ERP_Importa\
ERPImporta.exe: 00003F90: 16:48:12 [TUniServerModule]:Debug Mode = ON
ERPImporta.exe: 00003F90: 16:48:12 [TUniServerModule]:Starting HTTP Server on Port: 8077...
ERPImporta.exe: 00003F90: 16:48:12 [TUniServerModule]:HTTP Server Started on Port: 8077
ERPImporta.exe: 00003DA4: 16:49:06 []:>--------------------------------------------------------------<
ERPImporta.exe: 00003DA4: 16:49:06 [TUniServerModule]:Server First Init.
ERPImporta.exe: 00003DA4: 16:49:06 [TUniServerModule]:Start Path = C:\Projetos_WEB\ERP_Importa\
ERPImporta.exe: 00003DA4: 16:49:06 [TUniServerModule]:Debug Mode = ON
ERPImporta.exe: 00003DA4: 16:49:07 [TUniServerModule]:Starting HTTP Server on Port: 8077...
ERPImporta.exe: 00003DA4: 16:49:07 [TUniServerModule]:HTTP Server Started on Port: 8077
ERPImporta.exe: 00000A8C: 16:50:26 []:>--------------------------------------------------------------<
ERPImporta.exe: 00000A8C: 16:50:26 [TUniServerModule]:Server First Init.
ERPImporta.exe: 00000A8C: 16:50:26 [TUniServerModule]:Start Path = C:\Projetos_WEB\ERP_Importa\
ERPImporta.exe: 00000A8C: 16:50:26 [TUniServerModule]:Debug Mode = ON
ERPImporta.exe: 00000A8C: 16:50:26 [TUniGUISessionManager]:Cache erase job created, Folder count: [1]
ERPImporta.exe: 00000A8C: 16:50:26 [TUniServerModule]:Starting HTTP Server on Port: 8077...
ERPImporta.exe: 00000A8C: 16:50:26 [TUniServerModule]:HTTP Server Started on Port: 8077
ERPImporta.exe: 00003F98: 16:51:42 []:>--------------------------------------------------------------<
ERPImporta.exe: 00003F98: 16:51:42 [TUniServerModule]:Server First Init.
ERPImporta.exe: 00003F98: 16:51:42 [TUniServerModule]:Start Path = C:\Projetos_WEB\ERP_Importa\
ERPImporta.exe: 00003F98: 16:51:42 [TUniServerModule]:Debug Mode = ON
ERPImporta.exe: 00003F98: 16:51:43 [TUniServerModule]:Starting HTTP Server on Port: 8077...
ERPImporta.exe: 00003F98: 16:51:43 [TUniServerModule]:HTTP Server Started on Port: 8077
ERPImporta.exe: 000019A8: 16:53:46 []:>--------------------------------------------------------------<
ERPImporta.exe: 000019A8: 16:53:46 [TUniServerModule]:Server First Init.
ERPImporta.exe: 000019A8: 16:53:46 [TUniServerModule]:Start Path = C:\Projetos_WEB\ERP_Importa\
ERPImporta.exe: 000019A8: 16:53:46 [TUniServerModule]:Debug Mode = ON
ERPImporta.exe: 000019A8: 16:53:46 [TUniServerModule]:Starting HTTP Server on Port: 8077...
ERPImporta.exe: 000019A8: 16:53:46 [TUniServerModule]:HTTP Server Started on Port: 8077
ERPImporta.exe: 00001214: 16:54:50 []:>--------------------------------------------------------------<
ERPImporta.exe: 00001214: 16:54:50 [TUniServerModule]:Server First Init.
ERPImporta.exe: 00001214: 16:54:50 [TUniServerModule]:Start Path = C:\Projetos_WEB\ERP_Importa\
ERPImporta.exe: 00001214: 16:54:50 [TUniServerModule]:Debug Mode = ON
ERPImporta.exe: 00001214: 16:54:50 [TUniGUISessionManager]:Cache erase job created, Folder count: [1]
ERPImporta.exe: 00001214: 16:54:51 [TUniServerModule]:Starting HTTP Server on Port: 8077...
ERPImporta.exe: 00001214: 16:54:51 [TUniServerModule]:HTTP Server Started on Port: 8077
ERPImporta.exe: 000037CC: 16:55:33 []:>--------------------------------------------------------------<
ERPImporta.exe: 000037CC: 16:55:33 [TUniServerModule]:Server First Init.
ERPImporta.exe: 000037CC: 16:55:33 [TUniServerModule]:Start Path = C:\Projetos_WEB\ERP_Importa\
ERPImporta.exe: 000037CC: 16:55:33 [TUniServerModule]:Debug Mode = ON
ERPImporta.exe: 000037CC: 16:55:34 [TUniServerModule]:Starting HTTP Server on Port: 8077...
ERPImporta.exe: 000037CC: 16:55:34 [TUniServerModule]:HTTP Server Started on Port: 8077
ERPImporta.exe: 000012F0: 16:56:54 []:>--------------------------------------------------------------<
ERPImporta.exe: 000012F0: 16:56:54 [TUniServerModule]:Server First Init.
ERPImporta.exe: 000012F0: 16:56:54 [TUniServerModule]:Start Path = C:\Projetos_WEB\ERP_Importa\
ERPImporta.exe: 000012F0: 16:56:54 [TUniServerModule]:Debug Mode = ON
ERPImporta.exe: 000012F0: 16:56:54 [TUniGUISessionManager]:Cache erase job created, Folder count: [1]
ERPImporta.exe: 000012F0: 16:56:54 [TUniServerModule]:Starting HTTP Server on Port: 8077...
ERPImporta.exe: 000012F0: 16:56:54 [TUniServerModule]:HTTP Server Started on Port: 8077
ERPImporta.exe: 00002D98: 16:57:58 []:>--------------------------------------------------------------<
ERPImporta.exe: 00002D98: 16:57:58 [TUniServerModule]:Server First Init.
ERPImporta.exe: 00002D98: 16:57:58 [TUniServerModule]:Start Path = C:\Projetos_WEB\ERP_Importa\
ERPImporta.exe: 00002D98: 16:57:58 [TUniServerModule]:Debug Mode = ON
ERPImporta.exe: 00002D98: 16:57:58 [TUniServerModule]:Starting HTTP Server on Port: 8077...
ERPImporta.exe: 00002D98: 16:57:59 [TUniServerModule]:HTTP Server Started on Port: 8077
ERPImporta.exe: 000029F4: 16:59:11 []:>--------------------------------------------------------------<
ERPImporta.exe: 000029F4: 16:59:11 [TUniServerModule]:Server First Init.
ERPImporta.exe: 000029F4: 16:59:11 [TUniServerModule]:Start Path = C:\Projetos_WEB\ERP_Importa\
ERPImporta.exe: 000029F4: 16:59:11 [TUniServerModule]:Debug Mode = ON
ERPImporta.exe: 000029F4: 16:59:11 [TUniGUISessionManager]:Cache erase job created, Folder count: [1]
ERPImporta.exe: 000029F4: 16:59:11 [TUniServerModule]:Starting HTTP Server on Port: 8077...
ERPImporta.exe: 000029F4: 16:59:12 [TUniServerModule]:HTTP Server Started on Port: 8077
ERPImporta.exe: 0000269C: 17:00:15 []:>--------------------------------------------------------------<
ERPImporta.exe: 0000269C: 17:00:15 [TUniServerModule]:Server First Init.
ERPImporta.exe: 0000269C: 17:00:15 [TUniServerModule]:Start Path = C:\Projetos_WEB\ERP_Importa\
ERPImporta.exe: 0000269C: 17:00:15 [TUniServerModule]:Debug Mode = ON
ERPImporta.exe: 0000269C: 17:00:15 [TUniGUISessionManager]:Cache erase job created, Folder count: [1]
ERPImporta.exe: 0000269C: 17:00:16 [TUniServerModule]:Starting HTTP Server on Port: 8077...
ERPImporta.exe: 0000269C: 17:00:16 [TUniServerModule]:HTTP Server Started on Port: 8077
ERPImporta.exe: 000003C8: 17:01:17 []:>--------------------------------------------------------------<
ERPImporta.exe: 000003C8: 17:01:17 [TUniServerModule]:Server First Init.
ERPImporta.exe: 000003C8: 17:01:17 [TUniServerModule]:Start Path = C:\Projetos_WEB\ERP_Importa\
ERPImporta.exe: 000003C8: 17:01:17 [TUniServerModule]:Debug Mode = ON
ERPImporta.exe: 000003C8: 17:01:17 [TUniServerModule]:Starting HTTP Server on Port: 8077...
ERPImporta.exe: 000003C8: 17:01:17 [TUniServerModule]:HTTP Server Started on Port: 8077
ERPImporta.exe: 00000780: 17:02:44 []:>--------------------------------------------------------------<
ERPImporta.exe: 00000780: 17:02:44 [TUniServerModule]:Server First Init.
ERPImporta.exe: 00000780: 17:02:44 [TUniServerModule]:Start Path = C:\Projetos_WEB\ERP_Importa\
ERPImporta.exe: 00000780: 17:02:44 [TUniServerModule]:Debug Mode = ON
ERPImporta.exe: 00000780: 17:02:44 [TUniGUISessionManager]:Cache erase job created, Folder count: [1]
ERPImporta.exe: 00000780: 17:02:45 [TUniServerModule]:Starting HTTP Server on Port: 8077...
ERPImporta.exe: 00000780: 17:02:45 [TUniServerModule]:HTTP Server Started on Port: 8077
ERPImporta.exe: 00002A9C: 17:04:07 []:>--------------------------------------------------------------<
ERPImporta.exe: 00002A9C: 17:04:07 [TUniServerModule]:Server First Init.
ERPImporta.exe: 00002A9C: 17:04:07 [TUniServerModule]:Start Path = C:\Projetos_WEB\ERP_Importa\
ERPImporta.exe: 00002A9C: 17:04:07 [TUniServerModule]:Debug Mode = ON
ERPImporta.exe: 00002A9C: 17:04:07 [TUniServerModule]:Starting HTTP Server on Port: 8077...
ERPImporta.exe: 00002A9C: 17:04:07 [TUniServerModule]:HTTP Server Started on Port: 8077
ERPImporta.exe: 00003C80: 17:06:58 []:>--------------------------------------------------------------<
ERPImporta.exe: 00003C80: 17:06:58 [TUniServerModule]:Server First Init.
ERPImporta.exe: 00003C80: 17:06:58 [TUniServerModule]:Start Path = C:\Projetos_WEB\ERP_Importa\
ERPImporta.exe: 00003C80: 17:06:58 [TUniServerModule]:Debug Mode = ON
ERPImporta.exe: 00003C80: 17:06:58 [TUniGUISessionManager]:Cache erase job created, Folder count: [1]
ERPImporta.exe: 00003C80: 17:06:59 [TUniServerModule]:Starting HTTP Server on Port: 8077...
ERPImporta.exe: 00003C80: 17:06:59 [TUniServerModule]:HTTP Server Started on Port: 8077
ERPImporta.exe: 0000109C: 17:07:06 [127.0.0.1]:EUniSessionException : Sesso invilda ou tempo da sesso expirado. (Session not found: yNJ87RZ8eq10C42CA90 ) : Addr: $007CE38A
ERPImporta.exe: 00002D80: 17:07:40 []:>--------------------------------------------------------------<
ERPImporta.exe: 00002D80: 17:07:40 [TUniServerModule]:Server First Init.
ERPImporta.exe: 00002D80: 17:07:40 [TUniServerModule]:Start Path = C:\Projetos_WEB\ERP_Importa\
ERPImporta.exe: 00002D80: 17:07:40 [TUniServerModule]:Debug Mode = ON
ERPImporta.exe: 00002D80: 17:07:40 [TUniGUISessionManager]:Cache erase job created, Folder count: [1]
ERPImporta.exe: 00002D80: 17:07:40 [TUniServerModule]:Starting HTTP Server on Port: 8077...
ERPImporta.exe: 00002D80: 17:07:40 [TUniServerModule]:HTTP Server Started on Port: 8077
ERPImporta.exe: 00001954: 17:08:38 []:>--------------------------------------------------------------<
ERPImporta.exe: 00001954: 17:08:38 [TUniServerModule]:Server First Init.
ERPImporta.exe: 00001954: 17:08:38 [TUniServerModule]:Start Path = C:\Projetos_WEB\ERP_Importa\
ERPImporta.exe: 00001954: 17:08:38 [TUniServerModule]:Debug Mode = ON
ERPImporta.exe: 00001954: 17:08:38 [TUniGUISessionManager]:Cache erase job created, Folder count: [1]
ERPImporta.exe: 00001954: 17:08:39 [TUniServerModule]:Starting HTTP Server on Port: 8077...
ERPImporta.exe: 00001954: 17:08:39 [TUniServerModule]:HTTP Server Started on Port: 8077
ERPImporta.exe: 00003CBC: 17:09:18 [HandleFileRequest[127.0.0.1]]:File not found: C:\Projetos_WEB\ERP_Importa\files\images\fundo8.jpg
ERPImporta.exe: 00003BB4: 17:10:23 []:>--------------------------------------------------------------<
ERPImporta.exe: 00003BB4: 17:10:23 [TUniServerModule]:Server First Init.
ERPImporta.exe: 00003BB4: 17:10:23 [TUniServerModule]:Start Path = C:\Projetos_WEB\ERP_Importa\
ERPImporta.exe: 00003BB4: 17:10:23 [TUniServerModule]:Debug Mode = ON
ERPImporta.exe: 00003BB4: 17:10:23 [TUniGUISessionManager]:Cache erase job created, Folder count: [1]
ERPImporta.exe: 00003BB4: 17:10:23 [TUniServerModule]:Starting HTTP Server on Port: 8077...
ERPImporta.exe: 00003BB4: 17:10:23 [TUniServerModule]:HTTP Server Started on Port: 8077
ERPImporta.exe: 00002D08: 17:13:10 []:>--------------------------------------------------------------<
ERPImporta.exe: 00002D08: 17:13:10 [TUniServerModule]:Server First Init.
ERPImporta.exe: 00002D08: 17:13:10 [TUniServerModule]:Start Path = C:\Projetos_WEB\ERP_Importa\
ERPImporta.exe: 00002D08: 17:13:10 [TUniServerModule]:Debug Mode = ON
ERPImporta.exe: 00002D08: 17:13:11 [TUniServerModule]:Starting HTTP Server on Port: 8077...
ERPImporta.exe: 00002D08: 17:13:11 [TUniServerModule]:HTTP Server Started on Port: 8077
ERPImporta.exe: 00002618: 17:25:12 []:>--------------------------------------------------------------<
ERPImporta.exe: 00002618: 17:25:12 [TUniServerModule]:Server First Init.
ERPImporta.exe: 00002618: 17:25:12 [TUniServerModule]:Start Path = C:\Projetos_WEB\ERP_Importa\
ERPImporta.exe: 00002618: 17:25:12 [TUniServerModule]:Debug Mode = ON
ERPImporta.exe: 00002618: 17:25:12 [TUniServerModule]:Starting HTTP Server on Port: 8077...
ERPImporta.exe: 00002618: 17:25:12 [TUniServerModule]:HTTP Server Started on Port: 8077
ERPImporta.exe: 000021F8: 17:26:08 []:>--------------------------------------------------------------<
ERPImporta.exe: 000021F8: 17:26:08 [TUniServerModule]:Server First Init.
ERPImporta.exe: 000021F8: 17:26:08 [TUniServerModule]:Start Path = C:\Projetos_WEB\ERP_Importa\
ERPImporta.exe: 000021F8: 17:26:08 [TUniServerModule]:Debug Mode = ON
ERPImporta.exe: 000021F8: 17:26:08 [TUniServerModule]:Starting HTTP Server on Port: 8077...
ERPImporta.exe: 000021F8: 17:26:08 [TUniServerModule]:HTTP Server Started on Port: 8077
ERPImporta.exe: 00001434: 17:27:54 []:>--------------------------------------------------------------<
ERPImporta.exe: 00001434: 17:27:54 [TUniServerModule]:Server First Init.
ERPImporta.exe: 00001434: 17:27:54 [TUniServerModule]:Start Path = C:\Projetos_WEB\ERP_Importa\
ERPImporta.exe: 00001434: 17:27:54 [TUniServerModule]:Debug Mode = ON
ERPImporta.exe: 00001434: 17:27:55 [TUniServerModule]:Starting HTTP Server on Port: 8077...
ERPImporta.exe: 00001434: 17:27:55 [TUniServerModule]:HTTP Server Started on Port: 8077
ERPImporta.exe: 000034A0: 17:28:47 []:>--------------------------------------------------------------<
ERPImporta.exe: 000034A0: 17:28:47 [TUniServerModule]:Server First Init.
ERPImporta.exe: 000034A0: 17:28:47 [TUniServerModule]:Start Path = C:\Projetos_WEB\ERP_Importa\
ERPImporta.exe: 000034A0: 17:28:47 [TUniServerModule]:Debug Mode = ON
ERPImporta.exe: 000034A0: 17:28:47 [TUniGUISessionManager]:Cache erase job created, Folder count: [2]
ERPImporta.exe: 000034A0: 17:28:47 [TUniServerModule]:Starting HTTP Server on Port: 8077...
ERPImporta.exe: 000034A0: 17:28:47 [TUniServerModule]:HTTP Server Started on Port: 8077
ERPImporta.exe: 00000FEC: 17:29:18 []:>--------------------------------------------------------------<
ERPImporta.exe: 00000FEC: 17:29:18 [TUniServerModule]:Server First Init.
ERPImporta.exe: 00000FEC: 17:29:18 [TUniServerModule]:Start Path = C:\Projetos_WEB\ERP_Importa\
ERPImporta.exe: 00000FEC: 17:29:18 [TUniServerModule]:Debug Mode = ON
ERPImporta.exe: 00000FEC: 17:29:18 [TUniGUISessionManager]:Cache erase job created, Folder count: [1]
ERPImporta.exe: 00000FEC: 17:29:18 [TUniServerModule]:Starting HTTP Server on Port: 8077...
ERPImporta.exe: 00000FEC: 17:29:18 [TUniServerModule]:HTTP Server Started on Port: 8077
ERPImporta.exe: 00003DB0: 17:30:00 []:>--------------------------------------------------------------<
ERPImporta.exe: 00003DB0: 17:30:00 [TUniServerModule]:Server First Init.
ERPImporta.exe: 00003DB0: 17:30:00 [TUniServerModule]:Start Path = C:\Projetos_WEB\ERP_Importa\
ERPImporta.exe: 00003DB0: 17:30:00 [TUniServerModule]:Debug Mode = ON
ERPImporta.exe: 00003DB0: 17:30:01 [TUniServerModule]:Starting HTTP Server on Port: 8077...
ERPImporta.exe: 00003DB0: 17:30:01 [TUniServerModule]:HTTP Server Started on Port: 8077
ERPImporta.exe: 000020A8: 17:31:23 []:>--------------------------------------------------------------<
ERPImporta.exe: 000020A8: 17:31:23 [TUniServerModule]:Server First Init.
ERPImporta.exe: 000020A8: 17:31:23 [TUniServerModule]:Start Path = C:\Projetos_WEB\ERP_Importa\
ERPImporta.exe: 000020A8: 17:31:23 [TUniServerModule]:Debug Mode = ON
ERPImporta.exe: 000020A8: 17:31:23 [TUniGUISessionManager]:Cache erase job created, Folder count: [1]
ERPImporta.exe: 000020A8: 17:31:23 [TUniServerModule]:Starting HTTP Server on Port: 8077...
ERPImporta.exe: 000020A8: 17:31:23 [TUniServerModule]:HTTP Server Started on Port: 8077
ERPImporta.exe: 00000DA8: 17:32:16 []:>--------------------------------------------------------------<
ERPImporta.exe: 00000DA8: 17:32:16 [TUniServerModule]:Server First Init.
ERPImporta.exe: 00000DA8: 17:32:16 [TUniServerModule]:Start Path = C:\Projetos_WEB\ERP_Importa\
ERPImporta.exe: 00000DA8: 17:32:16 [TUniServerModule]:Debug Mode = ON
ERPImporta.exe: 00000DA8: 17:32:16 [TUniGUISessionManager]:Cache erase job created, Folder count: [1]
ERPImporta.exe: 00000DA8: 17:32:17 [TUniServerModule]:Starting HTTP Server on Port: 8077...
ERPImporta.exe: 00000DA8: 17:32:17 [TUniServerModule]:HTTP Server Started on Port: 8077
ERPImporta.exe: 00000A70: 17:33:45 []:>--------------------------------------------------------------<
ERPImporta.exe: 00000A70: 17:33:45 [TUniServerModule]:Server First Init.
ERPImporta.exe: 00000A70: 17:33:45 [TUniServerModule]:Start Path = C:\Projetos_WEB\ERP_Importa\
ERPImporta.exe: 00000A70: 17:33:45 [TUniServerModule]:Debug Mode = ON
ERPImporta.exe: 00000A70: 17:33:45 [TUniGUISessionManager]:Cache erase job created, Folder count: [1]
ERPImporta.exe: 00000A70: 17:33:45 [TUniServerModule]:Starting HTTP Server on Port: 8077...
ERPImporta.exe: 00000A70: 17:33:45 [TUniServerModule]:HTTP Server Started on Port: 8077
ERPImporta.exe: 00002034: 17:34:06 [127.0.0.1]:EAccessViolation : Access violation at address 43007400 in module 'ERPImporta.exe'. Read of address 43007400 : Addr: $43007400
ERPImporta.exe: 00003034: 17:36:30 []:>--------------------------------------------------------------<
ERPImporta.exe: 00003034: 17:36:30 [TUniServerModule]:Server First Init.
ERPImporta.exe: 00003034: 17:36:30 [TUniServerModule]:Start Path = C:\Projetos_WEB\ERP_Importa\
ERPImporta.exe: 00003034: 17:36:30 [TUniServerModule]:Debug Mode = ON
ERPImporta.exe: 00003034: 17:36:30 [TUniGUISessionManager]:Cache erase job created, Folder count: [1]
ERPImporta.exe: 00003034: 17:36:30 [TUniServerModule]:Starting HTTP Server on Port: 8077...
ERPImporta.exe: 00003034: 17:36:30 [TUniServerModule]:HTTP Server Started on Port: 8077
ERPImporta.exe: 00002204: 17:36:48 [127.0.0.1]:EAccessViolation : Access violation at address 43007400 in module 'ERPImporta.exe'. Read of address 43007400 : Addr: $43007400
ERPImporta.exe: 00003634: 17:37:02 []:>--------------------------------------------------------------<
ERPImporta.exe: 00003634: 17:37:02 [TUniServerModule]:Server First Init.
ERPImporta.exe: 00003634: 17:37:02 [TUniServerModule]:Start Path = C:\Projetos_WEB\ERP_Importa\
ERPImporta.exe: 00003634: 17:37:02 [TUniServerModule]:Debug Mode = ON
ERPImporta.exe: 00003634: 17:37:02 [TUniServerModule]:Starting HTTP Server on Port: 8077...
ERPImporta.exe: 00003634: 17:37:02 [TUniServerModule]:HTTP Server Started on Port: 8077
ERPImporta.exe: 0000121C: 17:37:32 []:>--------------------------------------------------------------<
ERPImporta.exe: 0000121C: 17:37:32 [TUniServerModule]:Server First Init.
ERPImporta.exe: 0000121C: 17:37:32 [TUniServerModule]:Start Path = C:\Projetos_WEB\ERP_Importa\
ERPImporta.exe: 0000121C: 17:37:32 [TUniServerModule]:Debug Mode = ON
ERPImporta.exe: 0000121C: 17:37:32 [TUniGUISessionManager]:Cache erase job created, Folder count: [1]
ERPImporta.exe: 0000121C: 17:37:32 [TUniServerModule]:Starting HTTP Server on Port: 8077...
ERPImporta.exe: 0000121C: 17:37:32 [TUniServerModule]:HTTP Server Started on Port: 8077
ERPImporta.exe: 000006CC: 17:38:34 []:>--------------------------------------------------------------<
ERPImporta.exe: 000006CC: 17:38:34 [TUniServerModule]:Server First Init.
ERPImporta.exe: 000006CC: 17:38:34 [TUniServerModule]:Start Path = C:\Projetos_WEB\ERP_Importa\
ERPImporta.exe: 000006CC: 17:38:34 [TUniServerModule]:Debug Mode = ON
ERPImporta.exe: 000006CC: 17:38:34 [TUniGUISessionManager]:Cache erase job created, Folder count: [1]
ERPImporta.exe: 000006CC: 17:38:34 [TUniServerModule]:Starting HTTP Server on Port: 8077...
ERPImporta.exe: 000006CC: 17:38:34 [TUniServerModule]:HTTP Server Started on Port: 8077
ERPImporta.exe: 00003B20: 17:38:46 [127.0.0.1]:EAccessViolation : Access violation at address 43007400 in module 'ERPImporta.exe'. Read of address 43007400 : Addr: $43007400
ERPImporta.exe: 000025BC: 17:39:26 []:>--------------------------------------------------------------<
ERPImporta.exe: 000025BC: 17:39:26 [TUniServerModule]:Server First Init.
ERPImporta.exe: 000025BC: 17:39:26 [TUniServerModule]:Start Path = C:\Projetos_WEB\ERP_Importa\
ERPImporta.exe: 000025BC: 17:39:26 [TUniServerModule]:Debug Mode = ON
ERPImporta.exe: 000025BC: 17:39:26 [TUniGUISessionManager]:Cache erase job created, Folder count: [1]
ERPImporta.exe: 000025BC: 17:39:27 [TUniServerModule]:Starting HTTP Server on Port: 8077...
ERPImporta.exe: 000025BC: 17:39:27 [TUniServerModule]:HTTP Server Started on Port: 8077
ERPImporta.exe: 0000067C: 17:39:40 []:>--------------------------------------------------------------<
ERPImporta.exe: 0000067C: 17:39:40 [TUniServerModule]:Server First Init.
ERPImporta.exe: 0000067C: 17:39:40 [TUniServerModule]:Start Path = C:\Projetos_WEB\ERP_Importa\
ERPImporta.exe: 0000067C: 17:39:40 [TUniServerModule]:Debug Mode = ON
ERPImporta.exe: 0000067C: 17:39:40 [TUniServerModule]:Starting HTTP Server on Port: 8077...
ERPImporta.exe: 0000067C: 17:39:40 [TUniServerModule]:HTTP Server Started on Port: 8077
ERPImporta.exe: 00002E10: 17:39:50 []:>--------------------------------------------------------------<
ERPImporta.exe: 00002E10: 17:39:50 [TUniServerModule]:Server First Init.
ERPImporta.exe: 00002E10: 17:39:50 [TUniServerModule]:Start Path = C:\Projetos_WEB\ERP_Importa\
ERPImporta.exe: 00002E10: 17:39:50 [TUniServerModule]:Debug Mode = ON
ERPImporta.exe: 00002E10: 17:39:50 [TUniServerModule]:Starting HTTP Server on Port: 8077...
ERPImporta.exe: 00002E10: 17:39:50 [TUniServerModule]:HTTP Server Started on Port: 8077
ERPImporta.exe: 00002410: 17:41:52 []:>--------------------------------------------------------------<
ERPImporta.exe: 00002410: 17:41:52 [TUniServerModule]:Server First Init.
ERPImporta.exe: 00002410: 17:41:52 [TUniServerModule]:Start Path = C:\Projetos_WEB\ERP_Importa\
ERPImporta.exe: 00002410: 17:41:52 [TUniServerModule]:Debug Mode = ON
ERPImporta.exe: 00002410: 17:41:52 [TUniGUISessionManager]:Cache erase job created, Folder count: [1]
ERPImporta.exe: 00002410: 17:41:53 [TUniServerModule]:Starting HTTP Server on Port: 8077...
ERPImporta.exe: 00002410: 17:41:53 [TUniServerModule]:HTTP Server Started on Port: 8077
ERPImporta.exe: 000003C8: 17:42:05 [127.0.0.1]:EArgumentOutOfRangeException : Argument out of range : Addr: $004D605D
ERPImporta.exe: 00002E54: 17:42:40 []:>--------------------------------------------------------------<
ERPImporta.exe: 00002E54: 17:42:40 [TUniServerModule]:Server First Init.
ERPImporta.exe: 00002E54: 17:42:40 [TUniServerModule]:Start Path = C:\Projetos_WEB\ERP_Importa\
ERPImporta.exe: 00002E54: 17:42:40 [TUniServerModule]:Debug Mode = ON
ERPImporta.exe: 00002E54: 17:42:40 [TUniServerModule]:Starting HTTP Server on Port: 8077...
ERPImporta.exe: 00002E54: 17:42:40 [TUniServerModule]:HTTP Server Started on Port: 8077
ERPImporta.exe: 00002900: 17:42:56 [127.0.0.1]:EAccessViolation : Access violation at address 9C8B8B00. Read of address 9C8B8B00 : Addr: $9C8B8B00
ERPImporta.exe: 00002900: 17:43:08 [127.0.0.1]:EAccessViolation : Access violation at address 9C8B8B00. Read of address 9C8B8B00 : Addr: $9C8B8B00
ERPImporta.exe: 0000195C: 17:43:31 []:>--------------------------------------------------------------<
ERPImporta.exe: 0000195C: 17:43:31 [TUniServerModule]:Server First Init.
ERPImporta.exe: 0000195C: 17:43:31 [TUniServerModule]:Start Path = C:\Projetos_WEB\ERP_Importa\
ERPImporta.exe: 0000195C: 17:43:31 [TUniServerModule]:Debug Mode = ON
ERPImporta.exe: 0000195C: 17:43:31 [TUniServerModule]:Starting HTTP Server on Port: 8077...
ERPImporta.exe: 0000195C: 17:43:31 [TUniServerModule]:HTTP Server Started on Port: 8077
ERPImporta.exe: 00002730: 17:43:46 [127.0.0.1]:EAccessViolation : Access violation at address 9C8B8B00. Read of address 9C8B8B00 : Addr: $9C8B8B00
ERPImporta.exe: 000037E8: 17:44:01 []:>--------------------------------------------------------------<
ERPImporta.exe: 000037E8: 17:44:01 [TUniServerModule]:Server First Init.
ERPImporta.exe: 000037E8: 17:44:01 [TUniServerModule]:Start Path = C:\Projetos_WEB\ERP_Importa\
ERPImporta.exe: 000037E8: 17:44:01 [TUniServerModule]:Debug Mode = ON
ERPImporta.exe: 000037E8: 17:44:01 [TUniGUISessionManager]:Cache erase job created, Folder count: [1]
ERPImporta.exe: 000037E8: 17:44:01 [TUniServerModule]:Starting HTTP Server on Port: 8077...
ERPImporta.exe: 000037E8: 17:44:01 [TUniServerModule]:HTTP Server Started on Port: 8077
ERPImporta.exe: 00000F58: 17:46:19 []:>--------------------------------------------------------------<
ERPImporta.exe: 00000F58: 17:46:19 [TUniServerModule]:Server First Init.
ERPImporta.exe: 00000F58: 17:46:19 [TUniServerModule]:Start Path = C:\Projetos_WEB\ERP_Importa\
ERPImporta.exe: 00000F58: 17:46:19 [TUniServerModule]:Debug Mode = ON
ERPImporta.exe: 00000F58: 17:46:19 [TUniServerModule]:Starting HTTP Server on Port: 8077...
ERPImporta.exe: 00000F58: 17:46:19 [TUniServerModule]:HTTP Server Started on Port: 8077
ERPImporta.exe: 0000248C: 17:46:51 []:>--------------------------------------------------------------<
ERPImporta.exe: 0000248C: 17:46:51 [TUniServerModule]:Server First Init.
ERPImporta.exe: 0000248C: 17:46:51 [TUniServerModule]:Start Path = C:\Projetos_WEB\ERP_Importa\
ERPImporta.exe: 0000248C: 17:46:51 [TUniServerModule]:Debug Mode = ON
ERPImporta.exe: 0000248C: 17:46:51 [TUniGUISessionManager]:Cache erase job created, Folder count: [1]
ERPImporta.exe: 0000248C: 17:46:51 [TUniServerModule]:Starting HTTP Server on Port: 8077...
ERPImporta.exe: 0000248C: 17:46:51 [TUniServerModule]:HTTP Server Started on Port: 8077
ERPImporta.exe: 000023BC: 17:48:15 []:>--------------------------------------------------------------<
ERPImporta.exe: 000023BC: 17:48:15 [TUniServerModule]:Server First Init.
ERPImporta.exe: 000023BC: 17:48:15 [TUniServerModule]:Start Path = C:\Projetos_WEB\ERP_Importa\
ERPImporta.exe: 000023BC: 17:48:15 [TUniServerModule]:Debug Mode = ON
ERPImporta.exe: 000023BC: 17:48:15 [TUniGUISessionManager]:Cache erase job created, Folder count: [1]
ERPImporta.exe: 000023BC: 17:48:15 [TUniServerModule]:Starting HTTP Server on Port: 8077...
ERPImporta.exe: 000023BC: 17:48:15 [TUniServerModule]:HTTP Server Started on Port: 8077
ERPImporta.exe: 000037C8: 17:48:25 []:>--------------------------------------------------------------<
ERPImporta.exe: 000037C8: 17:48:25 [TUniServerModule]:Server First Init.
ERPImporta.exe: 000037C8: 17:48:25 [TUniServerModule]:Start Path = C:\Projetos_WEB\ERP_Importa\
ERPImporta.exe: 000037C8: 17:48:25 [TUniServerModule]:Debug Mode = ON
ERPImporta.exe: 000037C8: 17:48:25 [TUniServerModule]:Starting HTTP Server on Port: 8077...
ERPImporta.exe: 000037C8: 17:48:26 [TUniServerModule]:HTTP Server Started on Port: 8077
ERPImporta.exe: 00002E50: 17:48:38 []:>--------------------------------------------------------------<
ERPImporta.exe: 00002E50: 17:48:38 [TUniServerModule]:Server First Init.
ERPImporta.exe: 00002E50: 17:48:38 [TUniServerModule]:Start Path = C:\Projetos_WEB\ERP_Importa\
ERPImporta.exe: 00002E50: 17:48:38 [TUniServerModule]:Debug Mode = ON
ERPImporta.exe: 00002E50: 17:48:38 [TUniGUISessionManager]:Cache erase job created, Folder count: [1]
ERPImporta.exe: 00002E50: 17:48:39 [TUniServerModule]:Starting HTTP Server on Port: 8077...
ERPImporta.exe: 00002E50: 17:48:39 [TUniServerModule]:HTTP Server Started on Port: 8077
ERPImporta.exe: 0000259C: 17:49:11 []:>--------------------------------------------------------------<
ERPImporta.exe: 0000259C: 17:49:11 [TUniServerModule]:Server First Init.
ERPImporta.exe: 0000259C: 17:49:11 [TUniServerModule]:Start Path = C:\Projetos_WEB\ERP_Importa\
ERPImporta.exe: 0000259C: 17:49:11 [TUniServerModule]:Debug Mode = ON
ERPImporta.exe: 0000259C: 17:49:11 [TUniGUISessionManager]:Cache erase job created, Folder count: [1]
ERPImporta.exe: 0000259C: 17:49:12 [TUniServerModule]:Starting HTTP Server on Port: 8077...
ERPImporta.exe: 0000259C: 17:49:12 [TUniServerModule]:HTTP Server Started on Port: 8077
ERPImporta.exe: 00002E20: 17:49:24 []:>--------------------------------------------------------------<
ERPImporta.exe: 00002E20: 17:49:24 [TUniServerModule]:Server First Init.
ERPImporta.exe: 00002E20: 17:49:24 [TUniServerModule]:Start Path = C:\Projetos_WEB\ERP_Importa\
ERPImporta.exe: 00002E20: 17:49:24 [TUniServerModule]:Debug Mode = ON
ERPImporta.exe: 00002E20: 17:49:24 [TUniServerModule]:Starting HTTP Server on Port: 8077...
ERPImporta.exe: 00002E20: 17:49:24 [TUniServerModule]:HTTP Server Started on Port: 8077
ERPImporta.exe: 0000319C: 17:49:35 [127.0.0.1]:EClassNotFound : Class TUniButton not found : Addr: $004B7292
ERPImporta.exe: 000005A0: 17:50:13 []:>--------------------------------------------------------------<
ERPImporta.exe: 000005A0: 17:50:13 [TUniServerModule]:Server First Init.
ERPImporta.exe: 000005A0: 17:50:13 [TUniServerModule]:Start Path = C:\Projetos_WEB\ERP_Importa\
ERPImporta.exe: 000005A0: 17:50:13 [TUniServerModule]:Debug Mode = ON
ERPImporta.exe: 000005A0: 17:50:13 [TUniGUISessionManager]:Cache erase job created, Folder count: [1]
ERPImporta.exe: 000005A0: 17:50:13 [TUniServerModule]:Starting HTTP Server on Port: 8077...
ERPImporta.exe: 000005A0: 17:50:13 [TUniServerModule]:HTTP Server Started on Port: 8077
ERPImporta.exe: 0000356C: 17:51:42 []:>--------------------------------------------------------------<
ERPImporta.exe: 0000356C: 17:51:42 [TUniServerModule]:Server First Init.
ERPImporta.exe: 0000356C: 17:51:42 [TUniServerModule]:Start Path = C:\Projetos_WEB\ERP_Importa\
ERPImporta.exe: 0000356C: 17:51:42 [TUniServerModule]:Debug Mode = ON
ERPImporta.exe: 0000356C: 17:51:43 [TUniServerModule]:Starting HTTP Server on Port: 8077...
ERPImporta.exe: 0000356C: 17:51:43 [TUniServerModule]:HTTP Server Started on Port: 8077
ERPImporta.exe: 00001DF0: 18:05:54 []:>--------------------------------------------------------------<
ERPImporta.exe: 00001DF0: 18:05:54 [TUniServerModule]:Server First Init.
ERPImporta.exe: 00001DF0: 18:05:54 [TUniServerModule]:Start Path = C:\Projetos_WEB\ERP_Importa\
ERPImporta.exe: 00001DF0: 18:05:54 [TUniServerModule]:Debug Mode = ON
ERPImporta.exe: 00001DF0: 18:05:54 [TUniGUISessionManager]:Cache erase job created, Folder count: [1]
ERPImporta.exe: 00001DF0: 18:05:54 [TUniServerModule]:Starting HTTP Server on Port: 8077...
ERPImporta.exe: 00001DF0: 18:05:54 [TUniServerModule]:HTTP Server Started on Port: 8077
ERPImporta.exe: 00003930: 18:06:59 []:>--------------------------------------------------------------<
ERPImporta.exe: 00003930: 18:06:59 [TUniServerModule]:Server First Init.
ERPImporta.exe: 00003930: 18:06:59 [TUniServerModule]:Start Path = C:\Projetos_WEB\ERP_Importa\
ERPImporta.exe: 00003930: 18:06:59 [TUniServerModule]:Debug Mode = ON
ERPImporta.exe: 00003930: 18:06:59 [TUniGUISessionManager]:Cache erase job created, Folder count: [1]
ERPImporta.exe: 00003930: 18:06:59 [TUniServerModule]:Starting HTTP Server on Port: 8077...
ERPImporta.exe: 00003930: 18:06:59 [TUniServerModule]:HTTP Server Started on Port: 8077
ERPImporta.exe: 00001244: 18:07:58 []:>--------------------------------------------------------------<
ERPImporta.exe: 00001244: 18:07:58 [TUniServerModule]:Server First Init.
ERPImporta.exe: 00001244: 18:07:58 [TUniServerModule]:Start Path = C:\Projetos_WEB\ERP_Importa\
ERPImporta.exe: 00001244: 18:07:58 [TUniServerModule]:Debug Mode = ON
ERPImporta.exe: 00001244: 18:07:58 [TUniGUISessionManager]:Cache erase job created, Folder count: [1]
ERPImporta.exe: 00001244: 18:07:59 [TUniServerModule]:Starting HTTP Server on Port: 8077...
ERPImporta.exe: 00001244: 18:07:59 [TUniServerModule]:HTTP Server Started on Port: 8077
ERPImporta.exe: 00001418: 18:08:17 []:>--------------------------------------------------------------<
ERPImporta.exe: 00001418: 18:08:17 [TUniServerModule]:Server First Init.
ERPImporta.exe: 00001418: 18:08:17 [TUniServerModule]:Start Path = C:\Projetos_WEB\ERP_Importa\
ERPImporta.exe: 00001418: 18:08:17 [TUniServerModule]:Debug Mode = ON
ERPImporta.exe: 00001418: 18:08:18 [TUniServerModule]:Starting HTTP Server on Port: 8077...
ERPImporta.exe: 00001418: 18:08:18 [TUniServerModule]:HTTP Server Started on Port: 8077
ERPImporta.exe: 00003244: 18:08:33 []:>--------------------------------------------------------------<
ERPImporta.exe: 00003244: 18:08:33 [TUniServerModule]:Server First Init.
ERPImporta.exe: 00003244: 18:08:33 [TUniServerModule]:Start Path = C:\Projetos_WEB\ERP_Importa\
ERPImporta.exe: 00003244: 18:08:33 [TUniServerModule]:Debug Mode = ON
ERPImporta.exe: 00003244: 18:08:33 [TUniGUISessionManager]:Cache erase job created, Folder count: [1]
ERPImporta.exe: 00003244: 18:08:33 [TUniServerModule]:Starting HTTP Server on Port: 8077...
ERPImporta.exe: 00003244: 18:08:33 [TUniServerModule]:HTTP Server Started on Port: 8077
ERPImporta.exe: 00003440: 18:09:48 []:>--------------------------------------------------------------<
ERPImporta.exe: 00003440: 18:09:48 [TUniServerModule]:Server First Init.
ERPImporta.exe: 00003440: 18:09:48 [TUniServerModule]:Start Path = C:\Projetos_WEB\ERP_Importa\
ERPImporta.exe: 00003440: 18:09:48 [TUniServerModule]:Debug Mode = ON
ERPImporta.exe: 00003440: 18:09:48 [TUniGUISessionManager]:Cache erase job created, Folder count: [1]
ERPImporta.exe: 00003440: 18:09:48 [TUniServerModule]:Starting HTTP Server on Port: 8077...
ERPImporta.exe: 00003440: 18:09:49 [TUniServerModule]:HTTP Server Started on Port: 8077
ERPImporta.exe: 00001940: 18:10:09 [127.0.0.1]:EArgumentOutOfRangeException : Argument out of range : Addr: $004D605D
ERPImporta.exe: 00001F20: 18:11:03 []:>--------------------------------------------------------------<
ERPImporta.exe: 00001F20: 18:11:03 [TUniServerModule]:Server First Init.
ERPImporta.exe: 00001F20: 18:11:03 [TUniServerModule]:Start Path = C:\Projetos_WEB\ERP_Importa\
ERPImporta.exe: 00001F20: 18:11:03 [TUniServerModule]:Debug Mode = ON
ERPImporta.exe: 00001F20: 18:11:03 [TUniGUISessionManager]:Cache erase job created, Folder count: [1]
ERPImporta.exe: 00001F20: 18:11:03 [TUniServerModule]:Starting HTTP Server on Port: 8077...
ERPImporta.exe: 00001F20: 18:11:03 [TUniServerModule]:HTTP Server Started on Port: 8077
ERPImporta.exe: 00003D0C: 18:12:23 []:>--------------------------------------------------------------<
ERPImporta.exe: 00003D0C: 18:12:23 [TUniServerModule]:Server First Init.
ERPImporta.exe: 00003D0C: 18:12:23 [TUniServerModule]:Start Path = C:\Projetos_WEB\ERP_Importa\
ERPImporta.exe: 00003D0C: 18:12:23 [TUniServerModule]:Debug Mode = ON
ERPImporta.exe: 00003D0C: 18:12:23 [TUniServerModule]:Starting HTTP Server on Port: 8077...
ERPImporta.exe: 00003D0C: 18:12:23 [TUniServerModule]:HTTP Server Started on Port: 8077
ERPImporta.exe: 00001DA0: 18:12:41 []:>--------------------------------------------------------------<
ERPImporta.exe: 00001DA0: 18:12:41 [TUniServerModule]:Server First Init.
ERPImporta.exe: 00001DA0: 18:12:41 [TUniServerModule]:Start Path = C:\Projetos_WEB\ERP_Importa\
ERPImporta.exe: 00001DA0: 18:12:41 [TUniServerModule]:Debug Mode = ON
ERPImporta.exe: 00001DA0: 18:12:41 [TUniServerModule]:Starting HTTP Server on Port: 8077...
ERPImporta.exe: 00001DA0: 18:12:41 [TUniServerModule]:HTTP Server Started on Port: 8077
ERPImporta.exe: 00003498: 18:16:15 []:>--------------------------------------------------------------<
ERPImporta.exe: 00003498: 18:16:15 [TUniServerModule]:Server First Init.
ERPImporta.exe: 00003498: 18:16:15 [TUniServerModule]:Start Path = C:\Projetos_WEB\ERP_Importa\
ERPImporta.exe: 00003498: 18:16:15 [TUniServerModule]:Debug Mode = ON
ERPImporta.exe: 00003498: 18:16:16 [TUniServerModule]:Starting HTTP Server on Port: 8077...
ERPImporta.exe: 00003498: 18:16:16 [TUniServerModule]:HTTP Server Started on Port: 8077
ERPImporta.exe: 00003428: 18:19:36 []:>--------------------------------------------------------------<
ERPImporta.exe: 00003428: 18:19:36 [TUniServerModule]:Server First Init.
ERPImporta.exe: 00003428: 18:19:36 [TUniServerModule]:Start Path = C:\Projetos_WEB\ERP_Importa\
ERPImporta.exe: 00003428: 18:19:36 [TUniServerModule]:Debug Mode = ON
ERPImporta.exe: 00003428: 18:19:37 [TUniServerModule]:Starting HTTP Server on Port: 8077...
ERPImporta.exe: 00003428: 18:19:37 [TUniServerModule]:HTTP Server Started on Port: 8077
ERPImporta.exe: 00002F8C: 18:19:49 [127.0.0.1]:EArgumentOutOfRangeException : Argument out of range : Addr: $004D605D
