ERPImporta.exe: 00001760: 17:05:52 []:>--------------------------------------------------------------<
ERPImporta.exe: 00001760: 17:05:52 [TUniServerModule]:Server First Init.
ERPImporta.exe: 00001760: 17:05:52 [TUniServerModule]:Start Path = C:\Projetos_WEB\ERP_Importa\
ERPImporta.exe: 00001760: 17:05:52 [TUniServerModule]:Debug Mode = ON
ERPImporta.exe: 00001760: 17:05:53 [TUniServerModule]:Starting HTTP Server on Port: 8077...
ERPImporta.exe: 00001760: 17:05:53 [TUniServerModule]:HTTP Server Started on Port: 8077
ERPImporta.exe: 000022E4: 17:06:46 []:>--------------------------------------------------------------<
ERPImporta.exe: 000022E4: 17:06:46 [TUniServerModule]:Server First Init.
ERPImporta.exe: 000022E4: 17:06:46 [TUniServerModule]:Start Path = C:\Projetos_WEB\ERP_Importa\
ERPImporta.exe: 000022E4: 17:06:46 [TUniServerModule]:Debug Mode = ON
ERPImporta.exe: 000022E4: 17:06:46 [TUniGUISessionManager]:Cache erase job created, Folder count: [1]
ERPImporta.exe: 000022E4: 17:06:47 [TUniServerModule]:Starting HTTP Server on Port: 8077...
ERPImporta.exe: 000022E4: 17:06:47 [TUniServerModule]:HTTP Server Started on Port: 8077
ERPImporta.exe: 00000480: 17:06:47 [127.0.0.1]:EUniSessionException : Sessão inváilda ou tempo da sessão expirado. (Session not found: LBMaKqBqcE10D2F4DEB ) : Addr: $007CEB26
ERPImporta.exe: 00001EE8: 17:06:50 [127.0.0.1]:EUniSessionException : Sessão inváilda ou tempo da sessão expirado. (Session not found: LBMaKqBqcE10D2F4DEB ) : Addr: $007CEB26
ERPImporta.exe: 00002768: 17:07:49 []:>--------------------------------------------------------------<
ERPImporta.exe: 00002768: 17:07:49 [TUniServerModule]:Server First Init.
ERPImporta.exe: 00002768: 17:07:49 [TUniServerModule]:Start Path = C:\Projetos_WEB\ERP_Importa\
ERPImporta.exe: 00002768: 17:07:49 [TUniServerModule]:Debug Mode = ON
ERPImporta.exe: 00002768: 17:07:49 [TUniGUISessionManager]:Cache erase job created, Folder count: [1]
ERPImporta.exe: 00002768: 17:07:50 [TUniServerModule]:Starting HTTP Server on Port: 8077...
ERPImporta.exe: 00002768: 17:07:50 [TUniServerModule]:HTTP Server Started on Port: 8077
ERPImporta.exe: 00002A20: 17:07:50 [127.0.0.1]:EUniSessionException : Sessão inváilda ou tempo da sessão expirado. (Session not found: omX5cXbmH210D2F4E29 ) : Addr: $007CEB26
ERPImporta.exe: 000033E8: 17:07:50 [127.0.0.1]:EUniSessionException : Sessão inváilda ou tempo da sessão expirado. (Session not found: omX5cXbmH210D2F4E29 ) : Addr: $007CEB26
ERPImporta.exe: 00003070: 17:08:35 []:>--------------------------------------------------------------<
ERPImporta.exe: 00003070: 17:08:35 [TUniServerModule]:Server First Init.
ERPImporta.exe: 00003070: 17:08:35 [TUniServerModule]:Start Path = C:\Projetos_WEB\ERP_Importa\
ERPImporta.exe: 00003070: 17:08:35 [TUniServerModule]:Debug Mode = ON
ERPImporta.exe: 00003070: 17:08:35 [TUniGUISessionManager]:Cache erase job created, Folder count: [1]
ERPImporta.exe: 00003070: 17:08:36 [TUniServerModule]:Starting HTTP Server on Port: 8077...
ERPImporta.exe: 00003070: 17:08:36 [TUniServerModule]:HTTP Server Started on Port: 8077
ERPImporta.exe: 000018A4: 17:08:36 [127.0.0.1]:EUniSessionException : Sessão inváilda ou tempo da sessão expirado. (Session not found: nLK6vW8PCG10D2F4E72 ) : Addr: $007CEB26
ERPImporta.exe: 00003674: 17:08:36 [127.0.0.1]:EUniSessionException : Sessão inváilda ou tempo da sessão expirado. (Session not found: nLK6vW8PCG10D2F4E72 ) : Addr: $007CEB26
ERPImporta.exe: 00002BB8: 17:08:46 []:>--------------------------------------------------------------<
ERPImporta.exe: 00002BB8: 17:08:46 [TUniServerModule]:Server First Init.
ERPImporta.exe: 00002BB8: 17:08:46 [TUniServerModule]:Start Path = C:\Projetos_WEB\ERP_Importa\
ERPImporta.exe: 00002BB8: 17:08:46 [TUniServerModule]:Debug Mode = ON
ERPImporta.exe: 00002BB8: 17:08:47 [TUniServerModule]:Starting HTTP Server on Port: 8077...
ERPImporta.exe: 00002BB8: 17:08:47 [TUniServerModule]:HTTP Server Started on Port: 8077
ERPImporta.exe: 00002624: 17:10:22 []:>--------------------------------------------------------------<
ERPImporta.exe: 00002624: 17:10:22 [TUniServerModule]:Server First Init.
ERPImporta.exe: 00002624: 17:10:22 [TUniServerModule]:Start Path = C:\Projetos_WEB\ERP_Importa\
ERPImporta.exe: 00002624: 17:10:22 [TUniServerModule]:Debug Mode = ON
ERPImporta.exe: 00002624: 17:10:22 [TUniGUISessionManager]:Cache erase job created, Folder count: [1]
ERPImporta.exe: 00002624: 17:10:22 [TUniServerModule]:Starting HTTP Server on Port: 8077...
ERPImporta.exe: 00002624: 17:10:22 [TUniServerModule]:HTTP Server Started on Port: 8077
ERPImporta.exe: 00002868: 17:10:22 [127.0.0.1]:EUniSessionException : Sessão inváilda ou tempo da sessão expirado. (Session not found: 9csKqEoxwH10D2F4EB5 ) : Addr: $007CEB26
ERPImporta.exe: 000037C8: 17:10:22 [127.0.0.1]:EUniSessionException : Sessão inváilda ou tempo da sessão expirado. (Session not found: 9csKqEoxwH10D2F4EB5 ) : Addr: $007CEB26
ERPImporta.exe: 00002CF0: 17:11:53 []:>--------------------------------------------------------------<
ERPImporta.exe: 00002CF0: 17:11:53 [TUniServerModule]:Server First Init.
ERPImporta.exe: 00002CF0: 17:11:53 [TUniServerModule]:Start Path = C:\Projetos_WEB\ERP_Importa\
ERPImporta.exe: 00002CF0: 17:11:53 [TUniServerModule]:Debug Mode = ON
ERPImporta.exe: 00002CF0: 17:11:54 [TUniServerModule]:Starting HTTP Server on Port: 8077...
ERPImporta.exe: 00002CF0: 17:11:54 [TUniServerModule]:HTTP Server Started on Port: 8077
ERPImporta.exe: 000029A4: 17:18:26 []:>--------------------------------------------------------------<
ERPImporta.exe: 000029A4: 17:18:26 [TUniServerModule]:Server First Init.
ERPImporta.exe: 000029A4: 17:18:26 [TUniServerModule]:Start Path = C:\Projetos_WEB\ERP_Importa\
ERPImporta.exe: 000029A4: 17:18:26 [TUniServerModule]:Debug Mode = ON
ERPImporta.exe: 000029A4: 17:18:27 [TUniServerModule]:Starting HTTP Server on Port: 8077...
ERPImporta.exe: 000029A4: 17:18:27 [TUniServerModule]:HTTP Server Started on Port: 8077
ERPImporta.exe: 00001DEC: 17:20:57 []:>--------------------------------------------------------------<
ERPImporta.exe: 00001DEC: 17:20:57 [TUniServerModule]:Server First Init.
ERPImporta.exe: 00001DEC: 17:20:57 [TUniServerModule]:Start Path = C:\Projetos_WEB\ERP_Importa\
ERPImporta.exe: 00001DEC: 17:20:57 [TUniServerModule]:Debug Mode = ON
ERPImporta.exe: 00001DEC: 17:20:58 [TUniServerModule]:Starting HTTP Server on Port: 8077...
ERPImporta.exe: 00001DEC: 17:20:58 [TUniServerModule]:HTTP Server Started on Port: 8077
ERPImporta.exe: 000037C4: 17:22:31 []:>--------------------------------------------------------------<
ERPImporta.exe: 000037C4: 17:22:31 [TUniServerModule]:Server First Init.
ERPImporta.exe: 000037C4: 17:22:31 [TUniServerModule]:Start Path = C:\Projetos_WEB\ERP_Importa\
ERPImporta.exe: 000037C4: 17:22:31 [TUniServerModule]:Debug Mode = ON
ERPImporta.exe: 000037C4: 17:22:31 [TUniServerModule]:Starting HTTP Server on Port: 8077...
ERPImporta.exe: 000037C4: 17:22:31 [TUniServerModule]:HTTP Server Started on Port: 8077
ERPImporta.exe: 00002D3C: 17:23:32 []:>--------------------------------------------------------------<
ERPImporta.exe: 00002D3C: 17:23:32 [TUniServerModule]:Server First Init.
ERPImporta.exe: 00002D3C: 17:23:32 [TUniServerModule]:Start Path = C:\Projetos_WEB\ERP_Importa\
ERPImporta.exe: 00002D3C: 17:23:32 [TUniServerModule]:Debug Mode = ON
ERPImporta.exe: 00002D3C: 17:23:33 [TUniServerModule]:Starting HTTP Server on Port: 8077...
ERPImporta.exe: 00002D3C: 17:23:33 [TUniServerModule]:HTTP Server Started on Port: 8077
ERPImporta.exe: 0000132C: 17:26:19 []:>--------------------------------------------------------------<
ERPImporta.exe: 0000132C: 17:26:19 [TUniServerModule]:Server First Init.
ERPImporta.exe: 0000132C: 17:26:19 [TUniServerModule]:Start Path = C:\Projetos_WEB\ERP_Importa\
ERPImporta.exe: 0000132C: 17:26:19 [TUniServerModule]:Debug Mode = ON
ERPImporta.exe: 0000132C: 17:26:19 [TUniGUISessionManager]:Cache erase job created, Folder count: [1]
ERPImporta.exe: 0000132C: 17:26:20 [TUniServerModule]:Starting HTTP Server on Port: 8077...
ERPImporta.exe: 0000132C: 17:26:20 [TUniServerModule]:HTTP Server Started on Port: 8077
ERPImporta.exe: 000037C8: 17:27:54 []:>--------------------------------------------------------------<
ERPImporta.exe: 000037C8: 17:27:54 [TUniServerModule]:Server First Init.
ERPImporta.exe: 000037C8: 17:27:54 [TUniServerModule]:Start Path = C:\Projetos_WEB\ERP_Importa\
ERPImporta.exe: 000037C8: 17:27:54 [TUniServerModule]:Debug Mode = ON
ERPImporta.exe: 000037C8: 17:27:54 [TUniServerModule]:Starting HTTP Server on Port: 8077...
ERPImporta.exe: 000037C8: 17:27:54 [TUniServerModule]:HTTP Server Started on Port: 8077
ERPImporta.exe: 000033A4: 17:30:45 []:>--------------------------------------------------------------<
ERPImporta.exe: 000033A4: 17:30:45 [TUniServerModule]:Server First Init.
ERPImporta.exe: 000033A4: 17:30:45 [TUniServerModule]:Start Path = C:\Projetos_WEB\ERP_Importa\
ERPImporta.exe: 000033A4: 17:30:45 [TUniServerModule]:Debug Mode = ON
ERPImporta.exe: 000033A4: 17:30:45 [TUniGUISessionManager]:Cache erase job created, Folder count: [1]
ERPImporta.exe: 000033A4: 17:30:46 [TUniServerModule]:Starting HTTP Server on Port: 8077...
ERPImporta.exe: 000033A4: 17:30:46 [TUniServerModule]:HTTP Server Started on Port: 8077
ERPImporta.exe: 00002EF0: 17:33:53 []:>--------------------------------------------------------------<
ERPImporta.exe: 00002EF0: 17:33:53 [TUniServerModule]:Server First Init.
ERPImporta.exe: 00002EF0: 17:33:53 [TUniServerModule]:Start Path = C:\Projetos_WEB\ERP_Importa\
ERPImporta.exe: 00002EF0: 17:33:53 [TUniServerModule]:Debug Mode = ON
ERPImporta.exe: 00002EF0: 17:33:54 [TUniServerModule]:Starting HTTP Server on Port: 8077...
ERPImporta.exe: 00002EF0: 17:33:54 [TUniServerModule]:HTTP Server Started on Port: 8077
ERPImporta.exe: 0000309C: 17:34:20 []:>--------------------------------------------------------------<
ERPImporta.exe: 0000309C: 17:34:20 [TUniServerModule]:Server First Init.
ERPImporta.exe: 0000309C: 17:34:20 [TUniServerModule]:Start Path = C:\Projetos_WEB\ERP_Importa\
ERPImporta.exe: 0000309C: 17:34:20 [TUniServerModule]:Debug Mode = ON
ERPImporta.exe: 0000309C: 17:34:20 [TUniGUISessionManager]:Cache erase job created, Folder count: [1]
ERPImporta.exe: 0000309C: 17:34:20 [TUniServerModule]:Starting HTTP Server on Port: 8077...
ERPImporta.exe: 0000309C: 17:34:20 [TUniServerModule]:HTTP Server Started on Port: 8077
ERPImporta.exe: 00003044: 17:36:00 []:>--------------------------------------------------------------<
ERPImporta.exe: 00003044: 17:36:00 [TUniServerModule]:Server First Init.
ERPImporta.exe: 00003044: 17:36:00 [TUniServerModule]:Start Path = C:\Projetos_WEB\ERP_Importa\
ERPImporta.exe: 00003044: 17:36:00 [TUniServerModule]:Debug Mode = ON
ERPImporta.exe: 00003044: 17:36:01 [TUniServerModule]:Starting HTTP Server on Port: 8077...
ERPImporta.exe: 00003044: 17:36:01 [TUniServerModule]:HTTP Server Started on Port: 8077
ERPImporta.exe: 000010C4: 17:36:51 []:>--------------------------------------------------------------<
ERPImporta.exe: 000010C4: 17:36:51 [TUniServerModule]:Server First Init.
ERPImporta.exe: 000010C4: 17:36:51 [TUniServerModule]:Start Path = C:\Projetos_WEB\ERP_Importa\
ERPImporta.exe: 000010C4: 17:36:51 [TUniServerModule]:Debug Mode = ON
ERPImporta.exe: 000010C4: 17:36:52 [TUniServerModule]:Starting HTTP Server on Port: 8077...
ERPImporta.exe: 000010C4: 17:36:52 [TUniServerModule]:HTTP Server Started on Port: 8077
ERPImporta.exe: 00001A34: 17:37:25 []:>--------------------------------------------------------------<
ERPImporta.exe: 00001A34: 17:37:25 [TUniServerModule]:Server First Init.
ERPImporta.exe: 00001A34: 17:37:25 [TUniServerModule]:Start Path = C:\Projetos_WEB\ERP_Importa\
ERPImporta.exe: 00001A34: 17:37:25 [TUniServerModule]:Debug Mode = ON
ERPImporta.exe: 00001A34: 17:37:25 [TUniGUISessionManager]:Cache erase job created, Folder count: [1]
ERPImporta.exe: 00001A34: 17:37:25 [TUniServerModule]:Starting HTTP Server on Port: 8077...
ERPImporta.exe: 00001A34: 17:37:25 [TUniServerModule]:HTTP Server Started on Port: 8077
ERPImporta.exe: 00000228: 17:37:54 []:>--------------------------------------------------------------<
ERPImporta.exe: 00000228: 17:37:54 [TUniServerModule]:Server First Init.
ERPImporta.exe: 00000228: 17:37:54 [TUniServerModule]:Start Path = C:\Projetos_WEB\ERP_Importa\
ERPImporta.exe: 00000228: 17:37:54 [TUniServerModule]:Debug Mode = ON
ERPImporta.exe: 00000228: 17:37:54 [TUniGUISessionManager]:Cache erase job created, Folder count: [1]
ERPImporta.exe: 00000228: 17:37:54 [TUniServerModule]:Starting HTTP Server on Port: 8077...
ERPImporta.exe: 00000228: 17:37:54 [TUniServerModule]:HTTP Server Started on Port: 8077
ERPImporta.exe: 00000A90: 17:38:28 []:>--------------------------------------------------------------<
ERPImporta.exe: 00000A90: 17:38:28 [TUniServerModule]:Server First Init.
ERPImporta.exe: 00000A90: 17:38:28 [TUniServerModule]:Start Path = C:\Projetos_WEB\ERP_Importa\
ERPImporta.exe: 00000A90: 17:38:28 [TUniServerModule]:Debug Mode = ON
ERPImporta.exe: 00000A90: 17:38:28 [TUniGUISessionManager]:Cache erase job created, Folder count: [1]
ERPImporta.exe: 00000A90: 17:38:29 [TUniServerModule]:Starting HTTP Server on Port: 8077...
ERPImporta.exe: 00000A90: 17:38:29 [TUniServerModule]:HTTP Server Started on Port: 8077
ERPImporta.exe: 000018E0: 17:38:40 [HandleFileRequest[127.0.0.1]]:File not found: C:\Projetos_WEB\ERP_Importa\files\images\fundo8.jpg
ERPImporta.exe: 00002E98: 17:39:14 []:>--------------------------------------------------------------<
ERPImporta.exe: 00002E98: 17:39:14 [TUniServerModule]:Server First Init.
ERPImporta.exe: 00002E98: 17:39:14 [TUniServerModule]:Start Path = C:\Projetos_WEB\ERP_Importa\
ERPImporta.exe: 00002E98: 17:39:14 [TUniServerModule]:Debug Mode = ON
ERPImporta.exe: 00002E98: 17:39:14 [TUniServerModule]:Starting HTTP Server on Port: 8077...
ERPImporta.exe: 00002E98: 17:39:14 [TUniServerModule]:HTTP Server Started on Port: 8077
ERPImporta.exe: 0000019C: 17:39:43 []:>--------------------------------------------------------------<
ERPImporta.exe: 0000019C: 17:39:43 [TUniServerModule]:Server First Init.
ERPImporta.exe: 0000019C: 17:39:43 [TUniServerModule]:Start Path = C:\Projetos_WEB\ERP_Importa\
ERPImporta.exe: 0000019C: 17:39:43 [TUniServerModule]:Debug Mode = ON
ERPImporta.exe: 0000019C: 17:39:43 [TUniServerModule]:Starting HTTP Server on Port: 8077...
ERPImporta.exe: 0000019C: 17:39:43 [TUniServerModule]:HTTP Server Started on Port: 8077
ERPImporta.exe: 00001F24: 17:39:53 [127.0.0.1]:EUniSessionException : Sessão inváilda ou tempo da sessão expirado. (Session not found: TwlkLcwT2810D2F571A ) : Addr: $007CEB26
ERPImporta.exe: 00000E4C: 17:39:53 [127.0.0.1]:EUniSessionException : Sessão inváilda ou tempo da sessão expirado. (Session not found: TwlkLcwT2810D2F571A ) : Addr: $007CEB26
ERPImporta.exe: 000015B4: 17:40:28 []:>--------------------------------------------------------------<
ERPImporta.exe: 000015B4: 17:40:28 [TUniServerModule]:Server First Init.
ERPImporta.exe: 000015B4: 17:40:28 [TUniServerModule]:Start Path = C:\Projetos_WEB\ERP_Importa\
ERPImporta.exe: 000015B4: 17:40:28 [TUniServerModule]:Debug Mode = ON
ERPImporta.exe: 000015B4: 17:40:29 [TUniServerModule]:Starting HTTP Server on Port: 8077...
ERPImporta.exe: 000015B4: 17:40:29 [TUniServerModule]:HTTP Server Started on Port: 8077
ERPImporta.exe: 00000BDC: 17:41:11 []:>--------------------------------------------------------------<
ERPImporta.exe: 00000BDC: 17:41:11 [TUniServerModule]:Server First Init.
ERPImporta.exe: 00000BDC: 17:41:11 [TUniServerModule]:Start Path = C:\Projetos_WEB\ERP_Importa\
ERPImporta.exe: 00000BDC: 17:41:11 [TUniServerModule]:Debug Mode = ON
ERPImporta.exe: 00000BDC: 17:41:11 [TUniServerModule]:Starting HTTP Server on Port: 8077...
ERPImporta.exe: 00000BDC: 17:41:11 [TUniServerModule]:HTTP Server Started on Port: 8077
ERPImporta.exe: 0000375C: 17:45:08 []:>--------------------------------------------------------------<
ERPImporta.exe: 0000375C: 17:45:08 [TUniServerModule]:Server First Init.
ERPImporta.exe: 0000375C: 17:45:08 [TUniServerModule]:Start Path = C:\Projetos_WEB\ERP_Importa\
ERPImporta.exe: 0000375C: 17:45:08 [TUniServerModule]:Debug Mode = ON
ERPImporta.exe: 0000375C: 17:45:08 [TUniGUISessionManager]:Cache erase job created, Folder count: [1]
ERPImporta.exe: 0000375C: 17:45:09 [TUniServerModule]:Starting HTTP Server on Port: 8077...
ERPImporta.exe: 0000375C: 17:45:09 [TUniServerModule]:HTTP Server Started on Port: 8077
ERPImporta.exe: 00000CB0: 17:45:51 []:>--------------------------------------------------------------<
ERPImporta.exe: 00000CB0: 17:45:51 [TUniServerModule]:Server First Init.
ERPImporta.exe: 00000CB0: 17:45:51 [TUniServerModule]:Start Path = C:\Projetos_WEB\ERP_Importa\
ERPImporta.exe: 00000CB0: 17:45:51 [TUniServerModule]:Debug Mode = ON
ERPImporta.exe: 00000CB0: 17:45:51 [TUniGUISessionManager]:Cache erase job created, Folder count: [1]
ERPImporta.exe: 00000CB0: 17:45:51 [TUniServerModule]:Starting HTTP Server on Port: 8077...
ERPImporta.exe: 00000CB0: 17:45:51 [TUniServerModule]:HTTP Server Started on Port: 8077
ERPImporta.exe: 0000254C: 17:47:02 []:>--------------------------------------------------------------<
ERPImporta.exe: 0000254C: 17:47:02 [TUniServerModule]:Server First Init.
ERPImporta.exe: 0000254C: 17:47:02 [TUniServerModule]:Start Path = C:\Projetos_WEB\ERP_Importa\
ERPImporta.exe: 0000254C: 17:47:02 [TUniServerModule]:Debug Mode = ON
ERPImporta.exe: 0000254C: 17:47:02 [TUniServerModule]:Starting HTTP Server on Port: 8077...
ERPImporta.exe: 0000254C: 17:47:02 [TUniServerModule]:HTTP Server Started on Port: 8077
ERPImporta.exe: 0000105C: 17:47:42 []:>--------------------------------------------------------------<
ERPImporta.exe: 0000105C: 17:47:42 [TUniServerModule]:Server First Init.
ERPImporta.exe: 0000105C: 17:47:42 [TUniServerModule]:Start Path = C:\Projetos_WEB\ERP_Importa\
ERPImporta.exe: 0000105C: 17:47:42 [TUniServerModule]:Debug Mode = ON
ERPImporta.exe: 0000105C: 17:47:43 [TUniServerModule]:Starting HTTP Server on Port: 8077...
ERPImporta.exe: 0000105C: 17:47:43 [TUniServerModule]:HTTP Server Started on Port: 8077
ERPImporta.exe: 00000228: 17:48:25 []:>--------------------------------------------------------------<
ERPImporta.exe: 00000228: 17:48:25 [TUniServerModule]:Server First Init.
ERPImporta.exe: 00000228: 17:48:25 [TUniServerModule]:Start Path = C:\Projetos_WEB\ERP_Importa\
ERPImporta.exe: 00000228: 17:48:25 [TUniServerModule]:Debug Mode = ON
ERPImporta.exe: 00000228: 17:48:25 [TUniGUISessionManager]:Cache erase job created, Folder count: [1]
ERPImporta.exe: 00000228: 17:48:25 [TUniServerModule]:Starting HTTP Server on Port: 8077...
ERPImporta.exe: 00000228: 17:48:25 [TUniServerModule]:HTTP Server Started on Port: 8077
ERPImporta.exe: 00002808: 17:52:17 []:>--------------------------------------------------------------<
ERPImporta.exe: 00002808: 17:52:17 [TUniServerModule]:Server First Init.
ERPImporta.exe: 00002808: 17:52:17 [TUniServerModule]:Start Path = C:\Projetos_WEB\ERP_Importa\
ERPImporta.exe: 00002808: 17:52:17 [TUniServerModule]:Debug Mode = ON
ERPImporta.exe: 00002808: 17:52:18 [TUniServerModule]:Starting HTTP Server on Port: 8077...
ERPImporta.exe: 00002808: 17:52:18 [TUniServerModule]:HTTP Server Started on Port: 8077
ERPImporta.exe: 000006CC: 17:53:27 []:>--------------------------------------------------------------<
ERPImporta.exe: 000006CC: 17:53:27 [TUniServerModule]:Server First Init.
ERPImporta.exe: 000006CC: 17:53:27 [TUniServerModule]:Start Path = C:\Projetos_WEB\ERP_Importa\
ERPImporta.exe: 000006CC: 17:53:27 [TUniServerModule]:Debug Mode = ON
ERPImporta.exe: 000006CC: 17:53:27 [TUniGUISessionManager]:Cache erase job created, Folder count: [1]
ERPImporta.exe: 000006CC: 17:53:27 [TUniServerModule]:Starting HTTP Server on Port: 8077...
ERPImporta.exe: 000006CC: 17:53:27 [TUniServerModule]:HTTP Server Started on Port: 8077
ERPImporta.exe: 000027C0: 17:56:11 []:>--------------------------------------------------------------<
ERPImporta.exe: 000027C0: 17:56:11 [TUniServerModule]:Server First Init.
ERPImporta.exe: 000027C0: 17:56:11 [TUniServerModule]:Start Path = C:\Projetos_WEB\ERP_Importa\
ERPImporta.exe: 000027C0: 17:56:11 [TUniServerModule]:Debug Mode = ON
ERPImporta.exe: 000027C0: 17:56:11 [TUniGUISessionManager]:Cache erase job created, Folder count: [1]
ERPImporta.exe: 000027C0: 17:56:12 [TUniServerModule]:Starting HTTP Server on Port: 8077...
ERPImporta.exe: 000027C0: 17:56:12 [TUniServerModule]:HTTP Server Started on Port: 8077
