ERPImporta.exe: 00000758: 16:49:12 []:>--------------------------------------------------------------<
ERPImporta.exe: 00000758: 16:49:12 [TUniServerModule]:Server First Init.
ERPImporta.exe: 00000758: 16:49:12 [TUniServerModule]:Start Path = C:\Projetos_WEB\ERP_Importa\
ERPImporta.exe: 00000758: 16:49:12 [TUniServerModule]:Debug Mode = ON
ERPImporta.exe: 00000758: 16:49:13 [TUniServerModule]:Starting HTTP Server on Port: 8077...
ERPImporta.exe: 00000758: 16:49:13 [TUniServerModule]:HTTP Server Started on Port: 8077
ERPImporta.exe: 00000A28: 16:51:03 []:>--------------------------------------------------------------<
ERPImporta.exe: 00000A28: 16:51:03 [TUniServerModule]:Server First Init.
ERPImporta.exe: 00000A28: 16:51:03 [TUniServerModule]:Start Path = C:\Projetos_WEB\ERP_Importa\
ERPImporta.exe: 00000A28: 16:51:03 [TUniServerModule]:Debug Mode = ON
ERPImporta.exe: 00000A28: 16:51:03 [TUniServerModule]:Starting HTTP Server on Port: 8077...
ERPImporta.exe: 00000A28: 16:51:03 [TUniServerModule]:HTTP Server Started on Port: 8077
ERPImporta.exe: 000015F8: 16:51:37 []:>--------------------------------------------------------------<
ERPImporta.exe: 000015F8: 16:51:37 [TUniServerModule]:Server First Init.
ERPImporta.exe: 000015F8: 16:51:37 [TUniServerModule]:Start Path = C:\Projetos_WEB\ERP_Importa\
ERPImporta.exe: 000015F8: 16:51:37 [TUniServerModule]:Debug Mode = ON
ERPImporta.exe: 000015F8: 16:51:38 [TUniServerModule]:Starting HTTP Server on Port: 8077...
ERPImporta.exe: 000015F8: 16:51:38 [TUniServerModule]:HTTP Server Started on Port: 8077
ERPImporta.exe: 00002610: 16:52:03 []:>--------------------------------------------------------------<
ERPImporta.exe: 00002610: 16:52:03 [TUniServerModule]:Server First Init.
ERPImporta.exe: 00002610: 16:52:03 [TUniServerModule]:Start Path = C:\Projetos_WEB\ERP_Importa\
ERPImporta.exe: 00002610: 16:52:03 [TUniServerModule]:Debug Mode = ON
ERPImporta.exe: 00002610: 16:52:03 [TUniGUISessionManager]:Cache erase job created, Folder count: [1]
ERPImporta.exe: 00002610: 16:52:03 [TUniServerModule]:Starting HTTP Server on Port: 8077...
ERPImporta.exe: 00002610: 16:52:03 [TUniServerModule]:HTTP Server Started on Port: 8077
ERPImporta.exe: 000007D8: 16:53:27 []:>--------------------------------------------------------------<
ERPImporta.exe: 000007D8: 16:53:27 [TUniServerModule]:Server First Init.
ERPImporta.exe: 000007D8: 16:53:27 [TUniServerModule]:Start Path = C:\Projetos_WEB\ERP_Importa\
ERPImporta.exe: 000007D8: 16:53:27 [TUniServerModule]:Debug Mode = ON
ERPImporta.exe: 000007D8: 16:53:27 [TUniGUISessionManager]:Cache erase job created, Folder count: [1]
ERPImporta.exe: 000007D8: 16:53:27 [TUniServerModule]:Starting HTTP Server on Port: 8077...
ERPImporta.exe: 000007D8: 16:53:27 [TUniServerModule]:HTTP Server Started on Port: 8077
ERPImporta.exe: 00002F88: 16:56:28 []:>--------------------------------------------------------------<
ERPImporta.exe: 00002F88: 16:56:28 [TUniServerModule]:Server First Init.
ERPImporta.exe: 00002F88: 16:56:28 [TUniServerModule]:Start Path = C:\Projetos_WEB\ERP_Importa\
ERPImporta.exe: 00002F88: 16:56:28 [TUniServerModule]:Debug Mode = ON
ERPImporta.exe: 00002F88: 16:56:28 [TUniServerModule]:Starting HTTP Server on Port: 8077...
ERPImporta.exe: 00002F88: 16:56:28 [TUniServerModule]:HTTP Server Started on Port: 8077
ERPImporta.exe: 00003600: 16:56:58 []:>--------------------------------------------------------------<
ERPImporta.exe: 00003600: 16:56:58 [TUniServerModule]:Server First Init.
ERPImporta.exe: 00003600: 16:56:58 [TUniServerModule]:Start Path = C:\Projetos_WEB\ERP_Importa\
ERPImporta.exe: 00003600: 16:56:58 [TUniServerModule]:Debug Mode = ON
ERPImporta.exe: 00003600: 16:56:59 [TUniServerModule]:Starting HTTP Server on Port: 8077...
ERPImporta.exe: 00003600: 16:56:59 [TUniServerModule]:HTTP Server Started on Port: 8077
ERPImporta.exe: 00001134: 17:12:19 []:>--------------------------------------------------------------<
ERPImporta.exe: 00001134: 17:12:19 [TUniServerModule]:Server First Init.
ERPImporta.exe: 00001134: 17:12:19 [TUniServerModule]:Start Path = C:\Projetos_WEB\ERP_Importa\
ERPImporta.exe: 00001134: 17:12:19 [TUniServerModule]:Debug Mode = ON
ERPImporta.exe: 00001134: 17:12:20 [TUniServerModule]:Starting HTTP Server on Port: 8077...
ERPImporta.exe: 00001134: 17:12:20 [TUniServerModule]:HTTP Server Started on Port: 8077
