ERPImporta.exe: 000016F4: 09:50:52 []:>--------------------------------------------------------------<
ERPImporta.exe: 000016F4: 09:50:52 [TUniServerModule]:Server First Init.
ERPImporta.exe: 000016F4: 09:50:52 [TUniServerModule]:Start Path = C:\Projetos_WEB\ERP_Importa\
ERPImporta.exe: 000016F4: 09:50:52 [TUniServerModule]:Debug Mode = ON
ERPImporta.exe: 000016F4: 09:50:53 [TUniServerModule]:Starting HTTP Server on Port: 8077...
ERPImporta.exe: 000016F4: 09:50:53 [TUniServerModule]:HTTP Server Started on Port: 8077
ERPImporta.exe: 00001C28: 09:52:43 []:>--------------------------------------------------------------<
ERPImporta.exe: 00001C28: 09:52:43 [TUniServerModule]:Server First Init.
ERPImporta.exe: 00001C28: 09:52:43 [TUniServerModule]:Start Path = C:\Projetos_WEB\ERP_Importa\
ERPImporta.exe: 00001C28: 09:52:43 [TUniServerModule]:Debug Mode = ON
ERPImporta.exe: 00001C28: 09:52:43 [TUniGUISessionManager]:Cache erase job created, Folder count: [1]
ERPImporta.exe: 00001C28: 09:52:44 [TUniServerModule]:Starting HTTP Server on Port: 8077...
ERPImporta.exe: 00001C28: 09:52:44 [TUniServerModule]:HTTP Server Started on Port: 8077
ERPImporta.exe: 000031A0: 09:53:39 []:>--------------------------------------------------------------<
ERPImporta.exe: 000031A0: 09:53:39 [TUniServerModule]:Server First Init.
ERPImporta.exe: 000031A0: 09:53:39 [TUniServerModule]:Start Path = C:\Projetos_WEB\ERP_Importa\
ERPImporta.exe: 000031A0: 09:53:39 [TUniServerModule]:Debug Mode = ON
ERPImporta.exe: 000031A0: 09:53:39 [TUniServerModule]:Starting HTTP Server on Port: 8077...
ERPImporta.exe: 000031A0: 09:53:39 [TUniServerModule]:HTTP Server Started on Port: 8077
ERPImporta.exe: 0000360C: 09:59:27 []:>--------------------------------------------------------------<
ERPImporta.exe: 0000360C: 09:59:27 [TUniServerModule]:Server First Init.
ERPImporta.exe: 0000360C: 09:59:27 [TUniServerModule]:Start Path = C:\Projetos_WEB\ERP_Importa\
ERPImporta.exe: 0000360C: 09:59:27 [TUniServerModule]:Debug Mode = ON
ERPImporta.exe: 0000360C: 09:59:27 [TUniGUISessionManager]:Cache erase job created, Folder count: [1]
ERPImporta.exe: 0000360C: 09:59:27 [TUniServerModule]:Starting HTTP Server on Port: 8077...
ERPImporta.exe: 0000360C: 09:59:27 [TUniServerModule]:HTTP Server Started on Port: 8077
ERPImporta.exe: 00001A14: 10:00:49 []:>--------------------------------------------------------------<
ERPImporta.exe: 00001A14: 10:00:49 [TUniServerModule]:Server First Init.
ERPImporta.exe: 00001A14: 10:00:49 [TUniServerModule]:Start Path = C:\Projetos_WEB\ERP_Importa\
ERPImporta.exe: 00001A14: 10:00:49 [TUniServerModule]:Debug Mode = ON
ERPImporta.exe: 00001A14: 10:00:50 [TUniServerModule]:Starting HTTP Server on Port: 8077...
ERPImporta.exe: 00001A14: 10:00:50 [TUniServerModule]:HTTP Server Started on Port: 8077
ERPImporta.exe: 00003C8C: 10:03:01 []:>--------------------------------------------------------------<
ERPImporta.exe: 00003C8C: 10:03:01 [TUniServerModule]:Server First Init.
ERPImporta.exe: 00003C8C: 10:03:01 [TUniServerModule]:Start Path = C:\Projetos_WEB\ERP_Importa\
ERPImporta.exe: 00003C8C: 10:03:01 [TUniServerModule]:Debug Mode = ON
ERPImporta.exe: 00003C8C: 10:03:01 [TUniGUISessionManager]:Cache erase job created, Folder count: [1]
ERPImporta.exe: 00003C8C: 10:03:01 [TUniServerModule]:Starting HTTP Server on Port: 8077...
ERPImporta.exe: 00003C8C: 10:03:01 [TUniServerModule]:HTTP Server Started on Port: 8077
ERPImporta.exe: 00001FEC: 10:06:33 []:>--------------------------------------------------------------<
ERPImporta.exe: 00001FEC: 10:06:33 [TUniServerModule]:Server First Init.
ERPImporta.exe: 00001FEC: 10:06:33 [TUniServerModule]:Start Path = C:\Projetos_WEB\ERP_Importa\
ERPImporta.exe: 00001FEC: 10:06:33 [TUniServerModule]:Debug Mode = ON
ERPImporta.exe: 00001FEC: 10:06:33 [TUniGUISessionManager]:Cache erase job created, Folder count: [1]
ERPImporta.exe: 00001FEC: 10:06:34 [TUniServerModule]:Starting HTTP Server on Port: 8077...
ERPImporta.exe: 00001FEC: 10:06:34 [TUniServerModule]:HTTP Server Started on Port: 8077
ERPImporta.exe: 000025C4: 10:09:29 []:>--------------------------------------------------------------<
ERPImporta.exe: 000025C4: 10:09:29 [TUniServerModule]:Server First Init.
ERPImporta.exe: 000025C4: 10:09:29 [TUniServerModule]:Start Path = C:\Projetos_WEB\ERP_Importa\
ERPImporta.exe: 000025C4: 10:09:29 [TUniServerModule]:Debug Mode = ON
ERPImporta.exe: 000025C4: 10:09:29 [TUniServerModule]:Starting HTTP Server on Port: 8077...
ERPImporta.exe: 000025C4: 10:09:29 [TUniServerModule]:HTTP Server Started on Port: 8077
ERPImporta.exe: 00003844: 10:11:58 []:>--------------------------------------------------------------<
ERPImporta.exe: 00003844: 10:11:58 [TUniServerModule]:Server First Init.
ERPImporta.exe: 00003844: 10:11:59 [TUniServerModule]:Start Path = C:\Projetos_WEB\ERP_Importa\
ERPImporta.exe: 00003844: 10:11:59 [TUniServerModule]:Debug Mode = ON
ERPImporta.exe: 00003844: 10:11:59 [TUniGUISessionManager]:Cache erase job created, Folder count: [1]
ERPImporta.exe: 00003844: 10:11:59 [TUniServerModule]:Starting HTTP Server on Port: 8077...
ERPImporta.exe: 00003844: 10:11:59 [TUniServerModule]:HTTP Server Started on Port: 8077
ERPImporta.exe: 00002C6C: 10:12:18 [127.0.0.1]:EUniSessionException : Sessão inváilda ou tempo da sessão expirado. (Session not found: o4XPCS81Ck111A2B1D7 ) : Addr: $007D0FCC
ERPImporta.exe: 00003B24: 10:12:35 []:>--------------------------------------------------------------<
ERPImporta.exe: 00003B24: 10:12:35 [TUniServerModule]:Server First Init.
ERPImporta.exe: 00003B24: 10:12:35 [TUniServerModule]:Start Path = C:\Projetos_WEB\ERP_Importa\
ERPImporta.exe: 00003B24: 10:12:35 [TUniServerModule]:Debug Mode = ON
ERPImporta.exe: 00003B24: 10:12:35 [TUniServerModule]:Starting HTTP Server on Port: 8077...
ERPImporta.exe: 00003B24: 10:12:35 [TUniServerModule]:HTTP Server Started on Port: 8077
ERPImporta.exe: 00003908: 10:13:10 []:>--------------------------------------------------------------<
ERPImporta.exe: 00003908: 10:13:10 [TUniServerModule]:Server First Init.
ERPImporta.exe: 00003908: 10:13:10 [TUniServerModule]:Start Path = C:\Projetos_WEB\ERP_Importa\
ERPImporta.exe: 00003908: 10:13:10 [TUniServerModule]:Debug Mode = ON
ERPImporta.exe: 00003908: 10:13:10 [TUniGUISessionManager]:Cache erase job created, Folder count: [1]
ERPImporta.exe: 00003908: 10:13:11 [TUniServerModule]:Starting HTTP Server on Port: 8077...
ERPImporta.exe: 00003908: 10:13:11 [TUniServerModule]:HTTP Server Started on Port: 8077
ERPImporta.exe: 00003B18: 10:13:51 []:>--------------------------------------------------------------<
ERPImporta.exe: 00003B18: 10:13:51 [TUniServerModule]:Server First Init.
ERPImporta.exe: 00003B18: 10:13:51 [TUniServerModule]:Start Path = C:\Projetos_WEB\ERP_Importa\
ERPImporta.exe: 00003B18: 10:13:51 [TUniServerModule]:Debug Mode = ON
ERPImporta.exe: 00003B18: 10:13:52 [TUniServerModule]:Starting HTTP Server on Port: 8077...
ERPImporta.exe: 00003B18: 10:13:52 [TUniServerModule]:HTTP Server Started on Port: 8077
ERPImporta.exe: 00001AF4: 10:15:37 []:>--------------------------------------------------------------<
ERPImporta.exe: 00001AF4: 10:15:37 [TUniServerModule]:Server First Init.
ERPImporta.exe: 00001AF4: 10:15:37 [TUniServerModule]:Start Path = C:\Projetos_WEB\ERP_Importa\
ERPImporta.exe: 00001AF4: 10:15:37 [TUniServerModule]:Debug Mode = ON
ERPImporta.exe: 00001AF4: 10:15:38 [TUniServerModule]:Starting HTTP Server on Port: 8077...
ERPImporta.exe: 00001AF4: 10:15:38 [TUniServerModule]:HTTP Server Started on Port: 8077
ERPImporta.exe: 00001D38: 10:17:52 []:>--------------------------------------------------------------<
ERPImporta.exe: 00001D38: 10:17:52 [TUniServerModule]:Server First Init.
ERPImporta.exe: 00001D38: 10:17:52 [TUniServerModule]:Start Path = C:\Projetos_WEB\ERP_Importa\
ERPImporta.exe: 00001D38: 10:17:52 [TUniServerModule]:Debug Mode = ON
ERPImporta.exe: 00001D38: 10:17:52 [TUniServerModule]:Starting HTTP Server on Port: 8077...
ERPImporta.exe: 00001D38: 10:17:52 [TUniServerModule]:HTTP Server Started on Port: 8077
ERPImporta.exe: 000021E8: 10:22:01 []:>--------------------------------------------------------------<
ERPImporta.exe: 000021E8: 10:22:01 [TUniServerModule]:Server First Init.
ERPImporta.exe: 000021E8: 10:22:01 [TUniServerModule]:Start Path = C:\Projetos_WEB\ERP_Importa\
ERPImporta.exe: 000021E8: 10:22:01 [TUniServerModule]:Debug Mode = ON
ERPImporta.exe: 000021E8: 10:22:02 [TUniGUISessionManager]:Cache erase job created, Folder count: [1]
ERPImporta.exe: 000021E8: 10:22:02 [TUniServerModule]:Starting HTTP Server on Port: 8077...
ERPImporta.exe: 000021E8: 10:22:02 [TUniServerModule]:HTTP Server Started on Port: 8077
ERPImporta.exe: 00000BA4: 10:22:42 []:>--------------------------------------------------------------<
ERPImporta.exe: 00000BA4: 10:22:42 [TUniServerModule]:Server First Init.
ERPImporta.exe: 00000BA4: 10:22:42 [TUniServerModule]:Start Path = C:\Projetos_WEB\ERP_Importa\
ERPImporta.exe: 00000BA4: 10:22:42 [TUniServerModule]:Debug Mode = ON
ERPImporta.exe: 00000BA4: 10:22:43 [TUniServerModule]:Starting HTTP Server on Port: 8077...
ERPImporta.exe: 00000BA4: 10:22:43 [TUniServerModule]:HTTP Server Started on Port: 8077
ERPImporta.exe: 00002C48: 10:25:18 []:>--------------------------------------------------------------<
ERPImporta.exe: 00002C48: 10:25:18 [TUniServerModule]:Server First Init.
ERPImporta.exe: 00002C48: 10:25:18 [TUniServerModule]:Start Path = C:\Projetos_WEB\ERP_Importa\
ERPImporta.exe: 00002C48: 10:25:18 [TUniServerModule]:Debug Mode = ON
ERPImporta.exe: 00002C48: 10:25:19 [TUniServerModule]:Starting HTTP Server on Port: 8077...
ERPImporta.exe: 00002C48: 10:25:19 [TUniServerModule]:HTTP Server Started on Port: 8077
ERPImporta.exe: 00003018: 10:25:58 []:>--------------------------------------------------------------<
ERPImporta.exe: 00003018: 10:25:58 [TUniServerModule]:Server First Init.
ERPImporta.exe: 00003018: 10:25:58 [TUniServerModule]:Start Path = C:\Projetos_WEB\ERP_Importa\
ERPImporta.exe: 00003018: 10:25:58 [TUniServerModule]:Debug Mode = ON
ERPImporta.exe: 00003018: 10:25:58 [TUniGUISessionManager]:Cache erase job created, Folder count: [1]
ERPImporta.exe: 00003018: 10:25:58 [TUniServerModule]:Starting HTTP Server on Port: 8077...
ERPImporta.exe: 00003018: 10:25:58 [TUniServerModule]:HTTP Server Started on Port: 8077
ERPImporta.exe: 00003A04: 10:26:56 []:>--------------------------------------------------------------<
ERPImporta.exe: 00003A04: 10:26:56 [TUniServerModule]:Server First Init.
ERPImporta.exe: 00003A04: 10:26:56 [TUniServerModule]:Start Path = C:\Projetos_WEB\ERP_Importa\
ERPImporta.exe: 00003A04: 10:26:56 [TUniServerModule]:Debug Mode = ON
ERPImporta.exe: 00003A04: 10:26:56 [TUniGUISessionManager]:Cache erase job created, Folder count: [1]
ERPImporta.exe: 00003A04: 10:26:56 [TUniServerModule]:Starting HTTP Server on Port: 8077...
ERPImporta.exe: 00003A04: 10:26:56 [TUniServerModule]:HTTP Server Started on Port: 8077
ERPImporta.exe: 000028FC: 10:28:19 []:>--------------------------------------------------------------<
ERPImporta.exe: 000028FC: 10:28:19 [TUniServerModule]:Server First Init.
ERPImporta.exe: 000028FC: 10:28:19 [TUniServerModule]:Start Path = C:\Projetos_WEB\ERP_Importa\
ERPImporta.exe: 000028FC: 10:28:19 [TUniServerModule]:Debug Mode = ON
ERPImporta.exe: 000028FC: 10:28:19 [TUniServerModule]:Starting HTTP Server on Port: 8077...
ERPImporta.exe: 000028FC: 10:28:19 [TUniServerModule]:HTTP Server Started on Port: 8077
ERPImporta.exe: 00002C44: 10:31:46 []:>--------------------------------------------------------------<
ERPImporta.exe: 00002C44: 10:31:46 [TUniServerModule]:Server First Init.
ERPImporta.exe: 00002C44: 10:31:46 [TUniServerModule]:Start Path = C:\Projetos_WEB\ERP_Importa\
ERPImporta.exe: 00002C44: 10:31:46 [TUniServerModule]:Debug Mode = ON
ERPImporta.exe: 00002C44: 10:31:46 [TUniGUISessionManager]:Cache erase job created, Folder count: [1]
ERPImporta.exe: 00002C44: 10:31:46 [TUniServerModule]:Starting HTTP Server on Port: 8077...
ERPImporta.exe: 00002C44: 10:31:46 [TUniServerModule]:HTTP Server Started on Port: 8077
ERPImporta.exe: 00001F7C: 10:32:08 [127.0.0.1]:EDatabaseError : PedidosNFItens: Cannot perform this operation on a closed dataset : Addr: $00657B36
ERPImporta.exe: 00001F7C: 10:32:23 [127.0.0.1]:EDatabaseError : PedidosNFItens: Cannot perform this operation on a closed dataset : Addr: $00657B36
ERPImporta.exe: 00003884: 10:34:44 []:>--------------------------------------------------------------<
ERPImporta.exe: 00003884: 10:34:44 [TUniServerModule]:Server First Init.
ERPImporta.exe: 00003884: 10:34:44 [TUniServerModule]:Start Path = C:\Projetos_WEB\ERP_Importa\
ERPImporta.exe: 00003884: 10:34:44 [TUniServerModule]:Debug Mode = ON
ERPImporta.exe: 00003884: 10:34:44 [TUniGUISessionManager]:Cache erase job created, Folder count: [1]
ERPImporta.exe: 00003884: 10:34:44 [TUniServerModule]:Starting HTTP Server on Port: 8077...
ERPImporta.exe: 00003884: 10:34:44 [TUniServerModule]:HTTP Server Started on Port: 8077
ERPImporta.exe: 00002CF0: 10:37:29 []:>--------------------------------------------------------------<
ERPImporta.exe: 00002CF0: 10:37:29 [TUniServerModule]:Server First Init.
ERPImporta.exe: 00002CF0: 10:37:29 [TUniServerModule]:Start Path = C:\Projetos_WEB\ERP_Importa\
ERPImporta.exe: 00002CF0: 10:37:29 [TUniServerModule]:Debug Mode = ON
ERPImporta.exe: 00002CF0: 10:37:29 [TUniGUISessionManager]:Cache erase job created, Folder count: [1]
ERPImporta.exe: 00002CF0: 10:37:29 [TUniServerModule]:Starting HTTP Server on Port: 8077...
ERPImporta.exe: 00002CF0: 10:37:29 [TUniServerModule]:HTTP Server Started on Port: 8077
ERPImporta.exe: 00001C64: 10:55:45 []:>--------------------------------------------------------------<
ERPImporta.exe: 00001C64: 10:55:45 [TUniServerModule]:Server First Init.
ERPImporta.exe: 00001C64: 10:55:45 [TUniServerModule]:Start Path = C:\Projetos_WEB\ERP_Importa\
ERPImporta.exe: 00001C64: 10:55:45 [TUniServerModule]:Debug Mode = ON
ERPImporta.exe: 00001C64: 10:55:45 [TUniGUISessionManager]:Cache erase job created, Folder count: [1]
ERPImporta.exe: 00001C64: 10:55:46 [TUniServerModule]:Starting HTTP Server on Port: 8077...
ERPImporta.exe: 00001C64: 10:55:46 [TUniServerModule]:HTTP Server Started on Port: 8077
ERPImporta.exe: 000038E8: 10:56:51 []:>--------------------------------------------------------------<
ERPImporta.exe: 00002F4C: 10:57:05 []:>--------------------------------------------------------------<
ERPImporta.exe: 00002F4C: 10:57:05 [TUniServerModule]:Server First Init.
ERPImporta.exe: 00002F4C: 10:57:05 [TUniServerModule]:Start Path = C:\Projetos_WEB\ERP_Importa\
ERPImporta.exe: 00002F4C: 10:57:05 [TUniServerModule]:Debug Mode = ON
ERPImporta.exe: 00002F4C: 10:57:05 [TUniGUISessionManager]:Cache erase job created, Folder count: [1]
ERPImporta.exe: 00002F4C: 10:57:05 [TUniServerModule]:Starting HTTP Server on Port: 8077...
ERPImporta.exe: 00002F4C: 10:57:05 [TUniServerModule]:HTTP Server Started on Port: 8077
ERPImporta.exe: 000000A4: 11:00:20 []:>--------------------------------------------------------------<
ERPImporta.exe: 000000A4: 11:00:20 [TUniServerModule]:Server First Init.
ERPImporta.exe: 000000A4: 11:00:20 [TUniServerModule]:Start Path = C:\Projetos_WEB\ERP_Importa\
ERPImporta.exe: 000000A4: 11:00:20 [TUniServerModule]:Debug Mode = ON
ERPImporta.exe: 000000A4: 11:00:20 [TUniServerModule]:Starting HTTP Server on Port: 8077...
ERPImporta.exe: 000000A4: 11:00:20 [TUniServerModule]:HTTP Server Started on Port: 8077
ERPImporta.exe: 00002288: 11:01:58 [127.0.0.1]:EDatabaseError : Produtos: Field 'CSTPIS_Entrada' not found : Addr: $00657B36
ERPImporta.exe: 00002E08: 11:03:12 []:>--------------------------------------------------------------<
ERPImporta.exe: 00002E08: 11:03:12 [TUniServerModule]:Server First Init.
ERPImporta.exe: 00002E08: 11:03:12 [TUniServerModule]:Start Path = C:\Projetos_WEB\ERP_Importa\
ERPImporta.exe: 00002E08: 11:03:12 [TUniServerModule]:Debug Mode = ON
ERPImporta.exe: 00002E08: 11:03:12 [TUniServerModule]:Starting HTTP Server on Port: 8077...
ERPImporta.exe: 00002E08: 11:03:12 [TUniServerModule]:HTTP Server Started on Port: 8077
ERPImporta.exe: 00002DA8: 11:03:50 [127.0.0.1]:EDatabaseError : OpFiscal: Field 'CST_PIS' not found : Addr: $00657B36
ERPImporta.exe: 00002280: 11:04:43 []:>--------------------------------------------------------------<
ERPImporta.exe: 00002280: 11:04:43 [TUniServerModule]:Server First Init.
ERPImporta.exe: 00002280: 11:04:43 [TUniServerModule]:Start Path = C:\Projetos_WEB\ERP_Importa\
ERPImporta.exe: 00002280: 11:04:43 [TUniServerModule]:Debug Mode = ON
ERPImporta.exe: 00002280: 11:04:44 [TUniServerModule]:Starting HTTP Server on Port: 8077...
ERPImporta.exe: 00002280: 11:04:44 [TUniServerModule]:HTTP Server Started on Port: 8077
ERPImporta.exe: 0000385C: 11:07:58 [[FireDAC][Phys][ODBC][Microsoft][SQL Server Native Client 11.0][SQL Server]Invalid column name 'CSTPIS'.-127.0.0.1]:EMSSQLNativeException : [FireDAC][Phys][ODBC][Microsoft][SQL Server Native Client 11.0][SQL Server]Invalid column name 'CSTPIS'. : Addr: $008E1D71
ERPImporta.exe: 00001720: 11:09:16 []:>--------------------------------------------------------------<
ERPImporta.exe: 00001720: 11:09:16 [TUniServerModule]:Server First Init.
ERPImporta.exe: 00001720: 11:09:16 [TUniServerModule]:Start Path = C:\Projetos_WEB\ERP_Importa\
ERPImporta.exe: 00001720: 11:09:16 [TUniServerModule]:Debug Mode = ON
ERPImporta.exe: 00001720: 11:09:16 [TUniGUISessionManager]:Cache erase job created, Folder count: [1]
ERPImporta.exe: 00001720: 11:09:16 [TUniServerModule]:Starting HTTP Server on Port: 8077...
ERPImporta.exe: 00001720: 11:09:16 [TUniServerModule]:HTTP Server Started on Port: 8077
ERPImporta.exe: 000039B4: 11:10:03 [127.0.0.1]:EDatabaseError : OpFiscal: Field 'CST_PIS' not found : Addr: $00657B36
ERPImporta.exe: 0000195C: 11:10:47 []:>--------------------------------------------------------------<
ERPImporta.exe: 0000195C: 11:10:47 [TUniServerModule]:Server First Init.
ERPImporta.exe: 0000195C: 11:10:47 [TUniServerModule]:Start Path = C:\Projetos_WEB\ERP_Importa\
ERPImporta.exe: 0000195C: 11:10:47 [TUniServerModule]:Debug Mode = ON
ERPImporta.exe: 0000195C: 11:10:47 [TUniGUISessionManager]:Cache erase job created, Folder count: [1]
ERPImporta.exe: 0000195C: 11:10:47 [TUniServerModule]:Starting HTTP Server on Port: 8077...
ERPImporta.exe: 0000195C: 11:10:47 [TUniServerModule]:HTTP Server Started on Port: 8077
ERPImporta.exe: 00001084: 11:10:48 [127.0.0.1]:EUniSessionException : Sessão inváilda ou tempo da sessão expirado. (Session not found: chhRGKSqyQ111A2C20F ) : Addr: $007D0FCC
ERPImporta.exe: 0000252C: 11:13:11 []:>--------------------------------------------------------------<
ERPImporta.exe: 0000252C: 11:13:11 [TUniServerModule]:Server First Init.
ERPImporta.exe: 0000252C: 11:13:11 [TUniServerModule]:Start Path = C:\Projetos_WEB\ERP_Importa\
ERPImporta.exe: 0000252C: 11:13:11 [TUniServerModule]:Debug Mode = ON
ERPImporta.exe: 0000252C: 11:13:11 [TUniGUISessionManager]:Cache erase job created, Folder count: [1]
ERPImporta.exe: 0000252C: 11:13:11 [TUniServerModule]:Starting HTTP Server on Port: 8077...
ERPImporta.exe: 0000252C: 11:13:12 [TUniServerModule]:HTTP Server Started on Port: 8077
ERPImporta.exe: 00002114: 11:14:05 [127.0.0.1]:EDatabaseError : Produtos: Field 'CSTPIS_IsentaEnt' not found : Addr: $00657B36
ERPImporta.exe: 00003FF4: 11:20:44 []:>--------------------------------------------------------------<
ERPImporta.exe: 00003FF4: 11:20:44 [TUniServerModule]:Server First Init.
ERPImporta.exe: 00003FF4: 11:20:44 [TUniServerModule]:Start Path = C:\Projetos_WEB\ERP_Importa\
ERPImporta.exe: 00003FF4: 11:20:44 [TUniServerModule]:Debug Mode = ON
ERPImporta.exe: 00003FF4: 11:20:44 [TUniServerModule]:Starting HTTP Server on Port: 8077...
ERPImporta.exe: 00003FF4: 11:20:44 [TUniServerModule]:HTTP Server Started on Port: 8077
ERPImporta.exe: 00001BC4: 11:20:55 [OperacaoFiscal: Field 'Calculo_Produto' not found-127.0.0.1]:EDatabaseError : OperacaoFiscal: Field 'Calculo_Produto' not found : Addr: $00657B36
ERPImporta.exe: 00001BC4: 11:21:07 [127.0.0.1]:EDatabaseError : tOpFormulas: Field 'Codigo' not found : Addr: $00657B36
ERPImporta.exe: 0000256C: 11:22:10 []:>--------------------------------------------------------------<
ERPImporta.exe: 0000256C: 11:22:10 [TUniServerModule]:Server First Init.
ERPImporta.exe: 0000256C: 11:22:10 [TUniServerModule]:Start Path = C:\Projetos_WEB\ERP_Importa\
ERPImporta.exe: 0000256C: 11:22:10 [TUniServerModule]:Debug Mode = ON
ERPImporta.exe: 0000256C: 11:22:10 [TUniGUISessionManager]:Cache erase job created, Folder count: [1]
ERPImporta.exe: 0000256C: 11:22:10 [TUniServerModule]:Starting HTTP Server on Port: 8077...
ERPImporta.exe: 0000256C: 11:22:10 [TUniServerModule]:HTTP Server Started on Port: 8077
ERPImporta.exe: 00002540: 11:27:21 []:>--------------------------------------------------------------<
ERPImporta.exe: 00002540: 11:27:21 [TUniServerModule]:Server First Init.
ERPImporta.exe: 00002540: 11:27:21 [TUniServerModule]:Start Path = C:\Projetos_WEB\ERP_Importa\
ERPImporta.exe: 00002540: 11:27:21 [TUniServerModule]:Debug Mode = ON
ERPImporta.exe: 00002540: 11:27:21 [TUniGUISessionManager]:Cache erase job created, Folder count: [1]
ERPImporta.exe: 00002540: 11:27:21 [TUniServerModule]:Starting HTTP Server on Port: 8077...
ERPImporta.exe: 00002540: 11:27:22 [TUniServerModule]:HTTP Server Started on Port: 8077
ERPImporta.exe: 00002CC8: 11:30:41 []:>--------------------------------------------------------------<
ERPImporta.exe: 00002CC8: 11:30:41 [TUniServerModule]:Server First Init.
ERPImporta.exe: 00002CC8: 11:30:41 [TUniServerModule]:Start Path = C:\Projetos_WEB\ERP_Importa\
ERPImporta.exe: 00002CC8: 11:30:41 [TUniServerModule]:Debug Mode = ON
ERPImporta.exe: 00002CC8: 11:30:41 [TUniGUISessionManager]:Cache erase job created, Folder count: [1]
ERPImporta.exe: 00002CC8: 11:30:41 [TUniServerModule]:Starting HTTP Server on Port: 8077...
ERPImporta.exe: 00002CC8: 11:30:41 [TUniServerModule]:HTTP Server Started on Port: 8077
ERPImporta.exe: 000035D0: 11:32:11 [127.0.0.1]:EMSSQLNativeException : [FireDAC][Phys][ODBC][Microsoft][SQL Server Native Client 11.0][SQL Server]Invalid object name 'CSTICMS'. : Addr: $008E1D71
