ERPImporta.exe: 00001CD0: 09:52:49 []:>--------------------------------------------------------------<
ERPImporta.exe: 00001CD0: 09:52:49 [TUniServerModule]:Server First Init.
ERPImporta.exe: 00001CD0: 09:52:49 [TUniServerModule]:Start Path = D:\Projetos_WEB\ERP_Importa\
ERPImporta.exe: 00001CD0: 09:52:49 [TUniServerModule]:Debug Mode = ON
ERPImporta.exe: 00001CD0: 09:52:49 [TUniGUISessionManager]:Cache erase job created, Folder count: [1]
ERPImporta.exe: 00001CD0: 09:52:50 [TUniServerModule]:Starting HTTP Server on Port: 8077...
ERPImporta.exe: 00001CD0: 09:52:50 [TUniServerModule]:HTTP Server Started on Port: 8077
ERPImporta.exe: 00001630: 09:53:04 [[FireDAC][Phys][ODBC][Microsoft][SQL Server Native Client 11.0][SQL Server]Invalid column name 'Origem_Mercadoria'.-127.0.0.1]:EMSSQLNativeException : [FireDAC][Phys][ODBC][Microsoft][SQL Server Native Client 11.0][SQL Server]Invalid column name 'Origem_Mercadoria'. : Addr: $008E1CE9
ERPImporta.exe: 00001524: 09:54:21 []:>--------------------------------------------------------------<
ERPImporta.exe: 00001524: 09:54:21 [TUniServerModule]:Server First Init.
ERPImporta.exe: 00001524: 09:54:21 [TUniServerModule]:Start Path = D:\Projetos_WEB\ERP_Importa\
ERPImporta.exe: 00001524: 09:54:21 [TUniServerModule]:Debug Mode = ON
ERPImporta.exe: 00001524: 09:54:23 [TUniServerModule]:Starting HTTP Server on Port: 8077...
ERPImporta.exe: 00001524: 09:54:23 [TUniServerModule]:HTTP Server Started on Port: 8077
ERPImporta.exe: 00004728: 09:57:30 []:>--------------------------------------------------------------<
ERPImporta.exe: 00004728: 09:57:30 [TUniServerModule]:Server First Init.
ERPImporta.exe: 00004728: 09:57:30 [TUniServerModule]:Start Path = D:\Projetos_WEB\ERP_Importa\
ERPImporta.exe: 00004728: 09:57:30 [TUniServerModule]:Debug Mode = ON
ERPImporta.exe: 00004728: 09:57:31 [TUniServerModule]:Starting HTTP Server on Port: 8077...
ERPImporta.exe: 00004728: 09:57:31 [TUniServerModule]:HTTP Server Started on Port: 8077
ERPImporta.exe: 00001008: 09:59:02 []:>--------------------------------------------------------------<
ERPImporta.exe: 00001008: 09:59:02 [TUniServerModule]:Server First Init.
ERPImporta.exe: 00001008: 09:59:02 [TUniServerModule]:Start Path = D:\Projetos_WEB\ERP_Importa\
ERPImporta.exe: 00001008: 09:59:02 [TUniServerModule]:Debug Mode = ON
ERPImporta.exe: 00001008: 09:59:02 [TUniGUISessionManager]:Cache erase job created, Folder count: [1]
ERPImporta.exe: 00001008: 09:59:03 [TUniServerModule]:Starting HTTP Server on Port: 8077...
ERPImporta.exe: 00001008: 09:59:03 [TUniServerModule]:HTTP Server Started on Port: 8077
ERPImporta.exe: 00002740: 10:00:54 []:>--------------------------------------------------------------<
ERPImporta.exe: 00002740: 10:00:54 [TUniServerModule]:Server First Init.
ERPImporta.exe: 00002740: 10:00:54 [TUniServerModule]:Start Path = D:\Projetos_WEB\ERP_Importa\
ERPImporta.exe: 00002740: 10:00:54 [TUniServerModule]:Debug Mode = ON
ERPImporta.exe: 00002740: 10:00:55 [TUniServerModule]:Starting HTTP Server on Port: 8077...
ERPImporta.exe: 00002740: 10:00:55 [TUniServerModule]:HTTP Server Started on Port: 8077
ERPImporta.exe: 00003754: 10:02:22 []:>--------------------------------------------------------------<
ERPImporta.exe: 00003754: 10:02:22 [TUniServerModule]:Server First Init.
ERPImporta.exe: 00003754: 10:02:22 [TUniServerModule]:Start Path = D:\Projetos_WEB\ERP_Importa\
ERPImporta.exe: 00003754: 10:02:22 [TUniServerModule]:Debug Mode = ON
ERPImporta.exe: 00003754: 10:02:23 [TUniServerModule]:Starting HTTP Server on Port: 8077...
ERPImporta.exe: 00003754: 10:02:23 [TUniServerModule]:HTTP Server Started on Port: 8077
ERPImporta.exe: 0000330C: 10:03:56 []:>--------------------------------------------------------------<
ERPImporta.exe: 0000330C: 10:03:56 [TUniServerModule]:Server First Init.
ERPImporta.exe: 0000330C: 10:03:56 [TUniServerModule]:Start Path = D:\Projetos_WEB\ERP_Importa\
ERPImporta.exe: 0000330C: 10:03:56 [TUniServerModule]:Debug Mode = ON
ERPImporta.exe: 0000330C: 10:03:57 [TUniServerModule]:Starting HTTP Server on Port: 8077...
ERPImporta.exe: 0000330C: 10:03:57 [TUniServerModule]:HTTP Server Started on Port: 8077
ERPImporta.exe: 000028C8: 10:06:46 []:>--------------------------------------------------------------<
ERPImporta.exe: 000028C8: 10:06:46 [TUniServerModule]:Server First Init.
ERPImporta.exe: 000028C8: 10:06:46 [TUniServerModule]:Start Path = D:\Projetos_WEB\ERP_Importa\
ERPImporta.exe: 000028C8: 10:06:46 [TUniServerModule]:Debug Mode = ON
ERPImporta.exe: 000028C8: 10:06:47 [TUniServerModule]:Starting HTTP Server on Port: 8077...
ERPImporta.exe: 000028C8: 10:06:47 [TUniServerModule]:HTTP Server Started on Port: 8077
ERPImporta.exe: 00003D90: 10:11:07 []:>--------------------------------------------------------------<
ERPImporta.exe: 00003D90: 10:11:07 [TUniServerModule]:Server First Init.
ERPImporta.exe: 00003D90: 10:11:07 [TUniServerModule]:Start Path = D:\Projetos_WEB\ERP_Importa\
ERPImporta.exe: 00003D90: 10:11:07 [TUniServerModule]:Debug Mode = ON
ERPImporta.exe: 00003D90: 10:11:08 [TUniServerModule]:Starting HTTP Server on Port: 8077...
ERPImporta.exe: 00003D90: 10:11:09 [TUniServerModule]:HTTP Server Started on Port: 8077
ERPImporta.exe: 00000AF8: 10:12:41 []:>--------------------------------------------------------------<
ERPImporta.exe: 00000AF8: 10:12:41 [TUniServerModule]:Server First Init.
ERPImporta.exe: 00000AF8: 10:12:41 [TUniServerModule]:Start Path = D:\Projetos_WEB\ERP_Importa\
ERPImporta.exe: 00000AF8: 10:12:41 [TUniServerModule]:Debug Mode = ON
ERPImporta.exe: 00000AF8: 10:12:43 [TUniServerModule]:Starting HTTP Server on Port: 8077...
ERPImporta.exe: 00000AF8: 10:12:43 [TUniServerModule]:HTTP Server Started on Port: 8077
ERPImporta.exe: 00003BE0: 10:21:45 []:>--------------------------------------------------------------<
ERPImporta.exe: 00003BE0: 10:21:45 [TUniServerModule]:Server First Init.
ERPImporta.exe: 00003BE0: 10:21:45 [TUniServerModule]:Start Path = D:\Projetos_WEB\ERP_Importa\
ERPImporta.exe: 00003BE0: 10:21:45 [TUniServerModule]:Debug Mode = ON
ERPImporta.exe: 00003BE0: 10:21:47 [TUniServerModule]:Starting HTTP Server on Port: 8077...
ERPImporta.exe: 00003BE0: 10:21:47 [TUniServerModule]:HTTP Server Started on Port: 8077
ERPImporta.exe: 00002A6C: 10:21:57 [[FireDAC][Phys][ODBC][Microsoft][SQL Server Native Client 11.0][SQL Server]Invalid column name 'Origem_Mercadoria'.-127.0.0.1]:EMSSQLNativeException : [FireDAC][Phys][ODBC][Microsoft][SQL Server Native Client 11.0][SQL Server]Invalid column name 'Origem_Mercadoria'. : Addr: $008E1CE9
ERPImporta.exe: 0000373C: 10:23:15 []:>--------------------------------------------------------------<
ERPImporta.exe: 0000373C: 10:23:15 [TUniServerModule]:Server First Init.
ERPImporta.exe: 0000373C: 10:23:15 [TUniServerModule]:Start Path = D:\Projetos_WEB\ERP_Importa\
ERPImporta.exe: 0000373C: 10:23:15 [TUniServerModule]:Debug Mode = ON
ERPImporta.exe: 0000373C: 10:23:15 [TUniGUISessionManager]:Cache erase job created, Folder count: [1]
ERPImporta.exe: 0000373C: 10:23:16 [TUniServerModule]:Starting HTTP Server on Port: 8077...
ERPImporta.exe: 0000373C: 10:23:16 [TUniServerModule]:HTTP Server Started on Port: 8077
ERPImporta.exe: 00004780: 10:24:57 []:>--------------------------------------------------------------<
ERPImporta.exe: 00004780: 10:24:57 [TUniServerModule]:Server First Init.
ERPImporta.exe: 00004780: 10:24:57 [TUniServerModule]:Start Path = D:\Projetos_WEB\ERP_Importa\
ERPImporta.exe: 00004780: 10:24:57 [TUniServerModule]:Debug Mode = ON
ERPImporta.exe: 00004780: 10:24:58 [TUniServerModule]:Starting HTTP Server on Port: 8077...
ERPImporta.exe: 00004780: 10:24:58 [TUniServerModule]:HTTP Server Started on Port: 8077
ERPImporta.exe: 00001008: 10:26:06 []:>--------------------------------------------------------------<
ERPImporta.exe: 00001008: 10:26:06 [TUniServerModule]:Server First Init.
ERPImporta.exe: 00001008: 10:26:06 [TUniServerModule]:Start Path = D:\Projetos_WEB\ERP_Importa\
ERPImporta.exe: 00001008: 10:26:06 [TUniServerModule]:Debug Mode = ON
ERPImporta.exe: 00001008: 10:26:07 [TUniServerModule]:Starting HTTP Server on Port: 8077...
ERPImporta.exe: 00001008: 10:26:07 [TUniServerModule]:HTTP Server Started on Port: 8077
ERPImporta.exe: 0000285C: 10:28:05 []:>--------------------------------------------------------------<
ERPImporta.exe: 0000285C: 10:28:05 [TUniServerModule]:Server First Init.
ERPImporta.exe: 0000285C: 10:28:05 [TUniServerModule]:Start Path = D:\Projetos_WEB\ERP_Importa\
ERPImporta.exe: 0000285C: 10:28:05 [TUniServerModule]:Debug Mode = ON
ERPImporta.exe: 0000285C: 10:28:05 [TUniGUISessionManager]:Cache erase job created, Folder count: [1]
ERPImporta.exe: 0000285C: 10:28:06 [TUniServerModule]:Starting HTTP Server on Port: 8077...
ERPImporta.exe: 0000285C: 10:28:06 [TUniServerModule]:HTTP Server Started on Port: 8077
ERPImporta.exe: 00003560: 10:28:52 []:>--------------------------------------------------------------<
ERPImporta.exe: 00003560: 10:28:52 [TUniServerModule]:Server First Init.
ERPImporta.exe: 00003560: 10:28:52 [TUniServerModule]:Start Path = D:\Projetos_WEB\ERP_Importa\
ERPImporta.exe: 00003560: 10:28:52 [TUniServerModule]:Debug Mode = ON
ERPImporta.exe: 00003560: 10:28:52 [TUniGUISessionManager]:Cache erase job created, Folder count: [1]
ERPImporta.exe: 00003560: 10:28:53 [TUniServerModule]:Starting HTTP Server on Port: 8077...
ERPImporta.exe: 00003560: 10:28:53 [TUniServerModule]:HTTP Server Started on Port: 8077
ERPImporta.exe: 00001528: 10:31:41 []:>--------------------------------------------------------------<
ERPImporta.exe: 00001528: 10:31:41 [TUniServerModule]:Server First Init.
ERPImporta.exe: 00001528: 10:31:41 [TUniServerModule]:Start Path = D:\Projetos_WEB\ERP_Importa\
ERPImporta.exe: 00001528: 10:31:41 [TUniServerModule]:Debug Mode = ON
ERPImporta.exe: 00001528: 10:31:41 [TUniGUISessionManager]:Cache erase job created, Folder count: [1]
ERPImporta.exe: 00001528: 10:31:42 [TUniServerModule]:Starting HTTP Server on Port: 8077...
ERPImporta.exe: 00001528: 10:31:42 [TUniServerModule]:HTTP Server Started on Port: 8077
ERPImporta.exe: 000031F4: 10:32:00 [127.0.0.1]:EDatabaseError : PedidosNFItens: Dataset not in edit or insert mode : Addr: $00657AAE
ERPImporta.exe: 00004338: 10:33:13 []:>--------------------------------------------------------------<
ERPImporta.exe: 00004338: 10:33:13 [TUniServerModule]:Server First Init.
ERPImporta.exe: 00004338: 10:33:13 [TUniServerModule]:Start Path = D:\Projetos_WEB\ERP_Importa\
ERPImporta.exe: 00004338: 10:33:13 [TUniServerModule]:Debug Mode = ON
ERPImporta.exe: 00004338: 10:33:14 [TUniServerModule]:Starting HTTP Server on Port: 8077...
ERPImporta.exe: 00004338: 10:33:14 [TUniServerModule]:HTTP Server Started on Port: 8077
ERPImporta.exe: 00000888: 10:36:35 []:>--------------------------------------------------------------<
ERPImporta.exe: 00000888: 10:36:35 [TUniServerModule]:Server First Init.
ERPImporta.exe: 00000888: 10:36:35 [TUniServerModule]:Start Path = D:\Projetos_WEB\ERP_Importa\
ERPImporta.exe: 00000888: 10:36:35 [TUniServerModule]:Debug Mode = ON
ERPImporta.exe: 00000888: 10:36:35 [TUniGUISessionManager]:Cache erase job created, Folder count: [1]
ERPImporta.exe: 00000888: 10:36:36 [TUniServerModule]:Starting HTTP Server on Port: 8077...
ERPImporta.exe: 00000888: 10:36:36 [TUniServerModule]:HTTP Server Started on Port: 8077
ERPImporta.exe: 00001F14: 10:37:46 []:>--------------------------------------------------------------<
ERPImporta.exe: 00001F14: 10:37:46 [TUniServerModule]:Server First Init.
ERPImporta.exe: 00001F14: 10:37:46 [TUniServerModule]:Start Path = D:\Projetos_WEB\ERP_Importa\
ERPImporta.exe: 00001F14: 10:37:46 [TUniServerModule]:Debug Mode = ON
ERPImporta.exe: 00001F14: 10:37:46 [TUniGUISessionManager]:Cache erase job created, Folder count: [1]
ERPImporta.exe: 00001F14: 10:37:47 [TUniServerModule]:Starting HTTP Server on Port: 8077...
ERPImporta.exe: 00001F14: 10:37:47 [TUniServerModule]:HTTP Server Started on Port: 8077
ERPImporta.exe: 00001C10: 10:39:30 [HandleFileRequest[127.0.0.1]]:File not found: D:\Projetos_WEB\ERP_Importa\.well-known\appspecific\com.chrome.devtools.json
ERPImporta.exe: 00002AC0: 10:43:36 [HandleFileRequest[127.0.0.1]]:File not found: D:\Projetos_WEB\ERP_Importa\.well-known\appspecific\com.chrome.devtools.json
ERPImporta.exe: 00002B8C: 10:43:43 [HandleFileRequest[127.0.0.1]]:File not found: D:\Projetos_WEB\ERP_Importa\.well-known\appspecific\com.chrome.devtools.json
ERPImporta.exe: 00002BBC: 10:48:38 [HandleFileRequest[127.0.0.1]]:File not found: D:\Projetos_WEB\ERP_Importa\.well-known\appspecific\com.chrome.devtools.json
ERPImporta.exe: 00001B58: 10:50:17 []:>--------------------------------------------------------------<
ERPImporta.exe: 00001B58: 10:50:17 [TUniServerModule]:Server First Init.
ERPImporta.exe: 00001B58: 10:50:17 [TUniServerModule]:Start Path = D:\Projetos_WEB\ERP_Importa\
ERPImporta.exe: 00001B58: 10:50:17 [TUniServerModule]:Debug Mode = ON
ERPImporta.exe: 00001B58: 10:50:18 [TUniServerModule]:Starting HTTP Server on Port: 8077...
ERPImporta.exe: 00001B58: 10:50:18 [TUniServerModule]:HTTP Server Started on Port: 8077
ERPImporta.exe: 00002024: 10:56:04 []:>--------------------------------------------------------------<
ERPImporta.exe: 00002024: 10:56:04 [TUniServerModule]:Server First Init.
ERPImporta.exe: 00002024: 10:56:04 [TUniServerModule]:Start Path = D:\Projetos_WEB\ERP_Importa\
ERPImporta.exe: 00002024: 10:56:04 [TUniServerModule]:Debug Mode = ON
ERPImporta.exe: 00002024: 10:56:05 [TUniServerModule]:Starting HTTP Server on Port: 8077...
ERPImporta.exe: 00002024: 10:56:05 [TUniServerModule]:HTTP Server Started on Port: 8077
ERPImporta.exe: 00001A48: 10:58:52 []:>--------------------------------------------------------------<
ERPImporta.exe: 00001A48: 10:58:52 [TUniServerModule]:Server First Init.
ERPImporta.exe: 00001A48: 10:58:52 [TUniServerModule]:Start Path = D:\Projetos_WEB\ERP_Importa\
ERPImporta.exe: 00001A48: 10:58:52 [TUniServerModule]:Debug Mode = ON
ERPImporta.exe: 00001A48: 10:58:53 [TUniServerModule]:Starting HTTP Server on Port: 8077...
ERPImporta.exe: 00001A48: 10:58:53 [TUniServerModule]:HTTP Server Started on Port: 8077
ERPImporta.exe: 00003694: 11:01:07 []:>--------------------------------------------------------------<
ERPImporta.exe: 00003694: 11:01:07 [TUniServerModule]:Server First Init.
ERPImporta.exe: 00003694: 11:01:07 [TUniServerModule]:Start Path = D:\Projetos_WEB\ERP_Importa\
ERPImporta.exe: 00003694: 11:01:07 [TUniServerModule]:Debug Mode = ON
ERPImporta.exe: 00003694: 11:01:07 [TUniGUISessionManager]:Cache erase job created, Folder count: [1]
ERPImporta.exe: 00003694: 11:01:08 [TUniServerModule]:Starting HTTP Server on Port: 8077...
ERPImporta.exe: 00003694: 11:01:08 [TUniServerModule]:HTTP Server Started on Port: 8077
ERPImporta.exe: 00003ED0: 11:02:52 []:>--------------------------------------------------------------<
ERPImporta.exe: 00003ED0: 11:02:52 [TUniServerModule]:Server First Init.
ERPImporta.exe: 00003ED0: 11:02:52 [TUniServerModule]:Start Path = D:\Projetos_WEB\ERP_Importa\
ERPImporta.exe: 00003ED0: 11:02:52 [TUniServerModule]:Debug Mode = ON
ERPImporta.exe: 00003ED0: 11:02:53 [TUniServerModule]:Starting HTTP Server on Port: 8077...
ERPImporta.exe: 00003ED0: 11:02:53 [TUniServerModule]:HTTP Server Started on Port: 8077
ERPImporta.exe: 000014D4: 11:03:38 []:>--------------------------------------------------------------<
ERPImporta.exe: 000014D4: 11:03:38 [TUniServerModule]:Server First Init.
ERPImporta.exe: 000014D4: 11:03:38 [TUniServerModule]:Start Path = D:\Projetos_WEB\ERP_Importa\
ERPImporta.exe: 000014D4: 11:03:38 [TUniServerModule]:Debug Mode = ON
ERPImporta.exe: 000014D4: 11:03:39 [TUniServerModule]:Starting HTTP Server on Port: 8077...
ERPImporta.exe: 000014D4: 11:03:39 [TUniServerModule]:HTTP Server Started on Port: 8077
ERPImporta.exe: 00003A20: 11:04:32 []:>--------------------------------------------------------------<
ERPImporta.exe: 00003A20: 11:04:32 [TUniServerModule]:Server First Init.
ERPImporta.exe: 00003A20: 11:04:32 [TUniServerModule]:Start Path = D:\Projetos_WEB\ERP_Importa\
ERPImporta.exe: 00003A20: 11:04:32 [TUniServerModule]:Debug Mode = ON
ERPImporta.exe: 00003A20: 11:04:33 [TUniServerModule]:Starting HTTP Server on Port: 8077...
ERPImporta.exe: 00003A20: 11:04:33 [TUniServerModule]:HTTP Server Started on Port: 8077
ERPImporta.exe: 000014B0: 11:06:21 []:>--------------------------------------------------------------<
ERPImporta.exe: 000014B0: 11:06:21 [TUniServerModule]:Server First Init.
ERPImporta.exe: 000014B0: 11:06:21 [TUniServerModule]:Start Path = D:\Projetos_WEB\ERP_Importa\
ERPImporta.exe: 000014B0: 11:06:21 [TUniServerModule]:Debug Mode = ON
ERPImporta.exe: 000014B0: 11:06:22 [TUniServerModule]:Starting HTTP Server on Port: 8077...
ERPImporta.exe: 000014B0: 11:06:22 [TUniServerModule]:HTTP Server Started on Port: 8077
ERPImporta.exe: 00002AC8: 11:07:48 []:>--------------------------------------------------------------<
ERPImporta.exe: 00002AC8: 11:07:48 [TUniServerModule]:Server First Init.
ERPImporta.exe: 00002AC8: 11:07:48 [TUniServerModule]:Start Path = D:\Projetos_WEB\ERP_Importa\
ERPImporta.exe: 00002AC8: 11:07:48 [TUniServerModule]:Debug Mode = ON
ERPImporta.exe: 00002AC8: 11:07:49 [TUniServerModule]:Starting HTTP Server on Port: 8077...
ERPImporta.exe: 00002AC8: 11:07:49 [TUniServerModule]:HTTP Server Started on Port: 8077
ERPImporta.exe: 00001B8C: 11:08:45 []:>--------------------------------------------------------------<
ERPImporta.exe: 00001B8C: 11:08:45 [TUniServerModule]:Server First Init.
ERPImporta.exe: 00001B8C: 11:08:45 [TUniServerModule]:Start Path = D:\Projetos_WEB\ERP_Importa\
ERPImporta.exe: 00001B8C: 11:08:45 [TUniServerModule]:Debug Mode = ON
ERPImporta.exe: 00001B8C: 11:08:46 [TUniServerModule]:Starting HTTP Server on Port: 8077...
ERPImporta.exe: 00001B8C: 11:08:46 [TUniServerModule]:HTTP Server Started on Port: 8077
ERPImporta.exe: 0000445C: 11:52:23 [127.0.0.1]:EUniSessionException : Sessão inváilda ou tempo da sessão expirado. (Session not found: 4deya2v5i1111210ECC ) : Addr: $007D0F44
ERPImporta.exe: 00001EB4: 11:58:07 []:>--------------------------------------------------------------<
ERPImporta.exe: 00001EB4: 11:58:07 [TUniServerModule]:Server First Init.
ERPImporta.exe: 00001EB4: 11:58:07 [TUniServerModule]:Start Path = D:\Projetos_WEB\ERP_Importa\
ERPImporta.exe: 00001EB4: 11:58:07 [TUniServerModule]:Debug Mode = ON
ERPImporta.exe: 00001EB4: 11:58:08 [TUniServerModule]:Starting HTTP Server on Port: 8077...
ERPImporta.exe: 00001EB4: 11:58:08 [TUniServerModule]:HTTP Server Started on Port: 8077
ERPImporta.exe: 00000AA8: 11:59:10 []:>--------------------------------------------------------------<
ERPImporta.exe: 00000AA8: 11:59:10 [TUniServerModule]:Server First Init.
ERPImporta.exe: 00000AA8: 11:59:10 [TUniServerModule]:Start Path = D:\Projetos_WEB\ERP_Importa\
ERPImporta.exe: 00000AA8: 11:59:10 [TUniServerModule]:Debug Mode = ON
ERPImporta.exe: 00000AA8: 11:59:10 [TUniGUISessionManager]:Cache erase job created, Folder count: [1]
ERPImporta.exe: 00000AA8: 11:59:11 [TUniServerModule]:Starting HTTP Server on Port: 8077...
ERPImporta.exe: 00000AA8: 11:59:11 [TUniServerModule]:HTTP Server Started on Port: 8077
ERPImporta.exe: 00003A2C: 12:00:38 []:>--------------------------------------------------------------<
ERPImporta.exe: 00003A2C: 12:00:38 [TUniServerModule]:Server First Init.
ERPImporta.exe: 00003A2C: 12:00:38 [TUniServerModule]:Start Path = D:\Projetos_WEB\ERP_Importa\
ERPImporta.exe: 00003A2C: 12:00:38 [TUniServerModule]:Debug Mode = ON
ERPImporta.exe: 00003A2C: 12:00:39 [TUniServerModule]:Starting HTTP Server on Port: 8077...
ERPImporta.exe: 00003A2C: 12:00:39 [TUniServerModule]:HTTP Server Started on Port: 8077
ERPImporta.exe: 000036A4: 12:04:20 []:>--------------------------------------------------------------<
ERPImporta.exe: 000036A4: 12:04:20 [TUniServerModule]:Server First Init.
ERPImporta.exe: 000036A4: 12:04:20 [TUniServerModule]:Start Path = D:\Projetos_WEB\ERP_Importa\
ERPImporta.exe: 000036A4: 12:04:20 [TUniServerModule]:Debug Mode = ON
ERPImporta.exe: 000036A4: 12:04:21 [TUniServerModule]:Starting HTTP Server on Port: 8077...
ERPImporta.exe: 000036A4: 12:04:21 [TUniServerModule]:HTTP Server Started on Port: 8077
ERPImporta.exe: 00000B70: 12:05:20 []:>--------------------------------------------------------------<
ERPImporta.exe: 00000B70: 12:05:20 [TUniServerModule]:Server First Init.
ERPImporta.exe: 00000B70: 12:05:20 [TUniServerModule]:Start Path = D:\Projetos_WEB\ERP_Importa\
ERPImporta.exe: 00000B70: 12:05:20 [TUniServerModule]:Debug Mode = ON
ERPImporta.exe: 00000B70: 12:05:21 [TUniServerModule]:Starting HTTP Server on Port: 8077...
ERPImporta.exe: 00000B70: 12:05:21 [TUniServerModule]:HTTP Server Started on Port: 8077
ERPImporta.exe: 00003D10: 12:06:02 []:>--------------------------------------------------------------<
ERPImporta.exe: 00003D10: 12:06:02 [TUniServerModule]:Server First Init.
ERPImporta.exe: 00003D10: 12:06:02 [TUniServerModule]:Start Path = D:\Projetos_WEB\ERP_Importa\
ERPImporta.exe: 00003D10: 12:06:03 [TUniServerModule]:Debug Mode = ON
ERPImporta.exe: 00003D10: 12:06:04 [TUniServerModule]:Starting HTTP Server on Port: 8077...
ERPImporta.exe: 00003D10: 12:06:04 [TUniServerModule]:HTTP Server Started on Port: 8077
ERPImporta.exe: 00001E18: 12:15:54 []:>--------------------------------------------------------------<
ERPImporta.exe: 00001E18: 12:15:54 [TUniServerModule]:Server First Init.
ERPImporta.exe: 00001E18: 12:15:54 [TUniServerModule]:Start Path = D:\Projetos_WEB\ERP_Importa\
ERPImporta.exe: 00001E18: 12:15:54 [TUniServerModule]:Debug Mode = ON
ERPImporta.exe: 00001E18: 12:15:55 [TUniServerModule]:Starting HTTP Server on Port: 8077...
ERPImporta.exe: 00001E18: 12:15:55 [TUniServerModule]:HTTP Server Started on Port: 8077
ERPImporta.exe: 000036E0: 12:17:25 []:>--------------------------------------------------------------<
ERPImporta.exe: 000036E0: 12:17:25 [TUniServerModule]:Server First Init.
ERPImporta.exe: 000036E0: 12:17:25 [TUniServerModule]:Start Path = D:\Projetos_WEB\ERP_Importa\
ERPImporta.exe: 000036E0: 12:17:25 [TUniServerModule]:Debug Mode = ON
ERPImporta.exe: 000036E0: 12:17:26 [TUniServerModule]:Starting HTTP Server on Port: 8077...
ERPImporta.exe: 000036E0: 12:17:26 [TUniServerModule]:HTTP Server Started on Port: 8077
ERPImporta.exe: 00000B70: 12:19:22 []:>--------------------------------------------------------------<
ERPImporta.exe: 00000B70: 12:19:22 [TUniServerModule]:Server First Init.
ERPImporta.exe: 00000B70: 12:19:22 [TUniServerModule]:Start Path = D:\Projetos_WEB\ERP_Importa\
ERPImporta.exe: 00000B70: 12:19:22 [TUniServerModule]:Debug Mode = ON
ERPImporta.exe: 00000B70: 12:19:23 [TUniServerModule]:Starting HTTP Server on Port: 8077...
ERPImporta.exe: 00000B70: 12:19:23 [TUniServerModule]:HTTP Server Started on Port: 8077
ERPImporta.exe: 00001354: 12:20:22 []:>--------------------------------------------------------------<
ERPImporta.exe: 00001354: 12:20:22 [TUniServerModule]:Server First Init.
ERPImporta.exe: 00001354: 12:20:22 [TUniServerModule]:Start Path = D:\Projetos_WEB\ERP_Importa\
ERPImporta.exe: 00001354: 12:20:22 [TUniServerModule]:Debug Mode = ON
ERPImporta.exe: 00001354: 12:20:22 [TUniGUISessionManager]:Cache erase job created, Folder count: [1]
ERPImporta.exe: 00001354: 12:20:23 [TUniServerModule]:Starting HTTP Server on Port: 8077...
ERPImporta.exe: 00001354: 12:20:23 [TUniServerModule]:HTTP Server Started on Port: 8077
ERPImporta.exe: 000035CC: 12:21:10 []:>--------------------------------------------------------------<
ERPImporta.exe: 000035CC: 12:21:10 [TUniServerModule]:Server First Init.
ERPImporta.exe: 000035CC: 12:21:10 [TUniServerModule]:Start Path = D:\Projetos_WEB\ERP_Importa\
ERPImporta.exe: 000035CC: 12:21:10 [TUniServerModule]:Debug Mode = ON
ERPImporta.exe: 000035CC: 12:21:10 [TUniGUISessionManager]:Cache erase job created, Folder count: [1]
ERPImporta.exe: 000035CC: 12:21:11 [TUniServerModule]:Starting HTTP Server on Port: 8077...
ERPImporta.exe: 000035CC: 12:21:11 [TUniServerModule]:HTTP Server Started on Port: 8077
ERPImporta.exe: 00003468: 12:45:20 []:>--------------------------------------------------------------<
ERPImporta.exe: 00003468: 12:45:20 [TUniServerModule]:Server First Init.
ERPImporta.exe: 00003468: 12:45:20 [TUniServerModule]:Start Path = D:\Projetos_WEB\ERP_Importa\
ERPImporta.exe: 00003468: 12:45:20 [TUniServerModule]:Debug Mode = ON
ERPImporta.exe: 00003468: 12:45:22 [TUniServerModule]:Starting HTTP Server on Port: 8077...
ERPImporta.exe: 00003468: 12:45:22 [TUniServerModule]:HTTP Server Started on Port: 8077
ERPImporta.exe: 00004484: 12:47:00 []:>--------------------------------------------------------------<
ERPImporta.exe: 00004484: 12:47:00 [TUniServerModule]:Server First Init.
ERPImporta.exe: 00004484: 12:47:00 [TUniServerModule]:Start Path = D:\Projetos_WEB\ERP_Importa\
ERPImporta.exe: 00004484: 12:47:00 [TUniServerModule]:Debug Mode = ON
ERPImporta.exe: 00004484: 12:47:00 [TUniGUISessionManager]:Cache erase job created, Folder count: [1]
ERPImporta.exe: 00004484: 12:47:01 [TUniServerModule]:Starting HTTP Server on Port: 8077...
ERPImporta.exe: 00004484: 12:47:01 [TUniServerModule]:HTTP Server Started on Port: 8077
ERPImporta.exe: 000021F8: 12:48:56 []:>--------------------------------------------------------------<
ERPImporta.exe: 000021F8: 12:48:56 [TUniServerModule]:Server First Init.
ERPImporta.exe: 000021F8: 12:48:56 [TUniServerModule]:Start Path = D:\Projetos_WEB\ERP_Importa\
ERPImporta.exe: 000021F8: 12:48:56 [TUniServerModule]:Debug Mode = ON
ERPImporta.exe: 000021F8: 12:48:57 [TUniServerModule]:Starting HTTP Server on Port: 8077...
ERPImporta.exe: 000021F8: 12:48:57 [TUniServerModule]:HTTP Server Started on Port: 8077
ERPImporta.exe: 00003044: 12:50:06 []:>--------------------------------------------------------------<
ERPImporta.exe: 00003044: 12:50:06 [TUniServerModule]:Server First Init.
ERPImporta.exe: 00003044: 12:50:06 [TUniServerModule]:Start Path = D:\Projetos_WEB\ERP_Importa\
ERPImporta.exe: 00003044: 12:50:06 [TUniServerModule]:Debug Mode = ON
ERPImporta.exe: 00003044: 12:50:07 [TUniServerModule]:Starting HTTP Server on Port: 8077...
ERPImporta.exe: 00003044: 12:50:07 [TUniServerModule]:HTTP Server Started on Port: 8077
ERPImporta.exe: 00003B5C: 12:51:24 []:>--------------------------------------------------------------<
ERPImporta.exe: 00003B5C: 12:51:24 [TUniServerModule]:Server First Init.
ERPImporta.exe: 00003B5C: 12:51:24 [TUniServerModule]:Start Path = D:\Projetos_WEB\ERP_Importa\
ERPImporta.exe: 00003B5C: 12:51:24 [TUniServerModule]:Debug Mode = ON
ERPImporta.exe: 00003B5C: 12:51:25 [TUniServerModule]:Starting HTTP Server on Port: 8077...
ERPImporta.exe: 00003B5C: 12:51:25 [TUniServerModule]:HTTP Server Started on Port: 8077
ERPImporta.exe: 00001FAC: 12:54:41 []:>--------------------------------------------------------------<
ERPImporta.exe: 00001FAC: 12:54:41 [TUniServerModule]:Server First Init.
ERPImporta.exe: 00001FAC: 12:54:41 [TUniServerModule]:Start Path = D:\Projetos_WEB\ERP_Importa\
ERPImporta.exe: 00001FAC: 12:54:41 [TUniServerModule]:Debug Mode = ON
ERPImporta.exe: 00001FAC: 12:54:42 [TUniServerModule]:Starting HTTP Server on Port: 8077...
ERPImporta.exe: 00001FAC: 12:54:42 [TUniServerModule]:HTTP Server Started on Port: 8077
ERPImporta.exe: 000044B0: 12:55:56 []:>--------------------------------------------------------------<
ERPImporta.exe: 000044B0: 12:55:56 [TUniServerModule]:Server First Init.
ERPImporta.exe: 000044B0: 12:55:56 [TUniServerModule]:Start Path = D:\Projetos_WEB\ERP_Importa\
ERPImporta.exe: 000044B0: 12:55:56 [TUniServerModule]:Debug Mode = ON
ERPImporta.exe: 000044B0: 12:55:57 [TUniServerModule]:Starting HTTP Server on Port: 8077...
ERPImporta.exe: 000044B0: 12:55:57 [TUniServerModule]:HTTP Server Started on Port: 8077
ERPImporta.exe: 00003D88: 12:57:38 []:>--------------------------------------------------------------<
ERPImporta.exe: 00003D88: 12:57:38 [TUniServerModule]:Server First Init.
ERPImporta.exe: 00003D88: 12:57:38 [TUniServerModule]:Start Path = D:\Projetos_WEB\ERP_Importa\
ERPImporta.exe: 00003D88: 12:57:38 [TUniServerModule]:Debug Mode = ON
ERPImporta.exe: 00003D88: 12:57:39 [TUniServerModule]:Starting HTTP Server on Port: 8077...
ERPImporta.exe: 00003D88: 12:57:39 [TUniServerModule]:HTTP Server Started on Port: 8077
