ERPImporta.exe: 00000B2C: 09:23:17 []:>--------------------------------------------------------------<
ERPImporta.exe: 00000B2C: 09:23:17 [TUniServerModule]:Server First Init.
ERPImporta.exe: 00000B2C: 09:23:17 [TUniServerModule]:Start Path = C:\Projetos_WEB\ERP_Importa\
ERPImporta.exe: 00000B2C: 09:23:17 [TUniServerModule]:Debug Mode = ON
ERPImporta.exe: 00000B2C: 09:23:17 [TUniServerModule]:Starting HTTP Server on Port: 8077...
ERPImporta.exe: 00000B2C: 09:23:17 [TUniServerModule]:HTTP Server Started on Port: 8077
ERPImporta.exe: 0000181C: 09:26:07 []:>--------------------------------------------------------------<
ERPImporta.exe: 0000181C: 09:26:07 [TUniServerModule]:Server First Init.
ERPImporta.exe: 0000181C: 09:26:07 [TUniServerModule]:Start Path = C:\Projetos_WEB\ERP_Importa\
ERPImporta.exe: 0000181C: 09:26:07 [TUniServerModule]:Debug Mode = ON
ERPImporta.exe: 0000181C: 09:26:07 [TUniServerModule]:Starting HTTP Server on Port: 8077...
ERPImporta.exe: 0000181C: 09:26:08 [TUniServerModule]:HTTP Server Started on Port: 8077
ERPImporta.exe: 00000DF8: 09:27:40 []:>--------------------------------------------------------------<
ERPImporta.exe: 00000DF8: 09:27:40 [TUniServerModule]:Server First Init.
ERPImporta.exe: 00000DF8: 09:27:40 [TUniServerModule]:Start Path = C:\Projetos_WEB\ERP_Importa\
ERPImporta.exe: 00000DF8: 09:27:40 [TUniServerModule]:Debug Mode = ON
ERPImporta.exe: 00000DF8: 09:27:40 [TUniServerModule]:Starting HTTP Server on Port: 8077...
ERPImporta.exe: 00000DF8: 09:27:40 [TUniServerModule]:HTTP Server Started on Port: 8077
ERPImporta.exe: 00002EDC: 09:28:54 []:>--------------------------------------------------------------<
ERPImporta.exe: 00002EDC: 09:28:54 [TUniServerModule]:Server First Init.
ERPImporta.exe: 00002EDC: 09:28:54 [TUniServerModule]:Start Path = C:\Projetos_WEB\ERP_Importa\
ERPImporta.exe: 00002EDC: 09:28:54 [TUniServerModule]:Debug Mode = ON
ERPImporta.exe: 00002EDC: 09:28:54 [TUniServerModule]:Starting HTTP Server on Port: 8077...
ERPImporta.exe: 00002EDC: 09:28:54 [TUniServerModule]:HTTP Server Started on Port: 8077
ERPImporta.exe: 000016FC: 09:29:17 []:>--------------------------------------------------------------<
ERPImporta.exe: 000016FC: 09:29:17 [TUniServerModule]:Server First Init.
ERPImporta.exe: 000016FC: 09:29:17 [TUniServerModule]:Start Path = C:\Projetos_WEB\ERP_Importa\
ERPImporta.exe: 000016FC: 09:29:17 [TUniServerModule]:Debug Mode = ON
ERPImporta.exe: 000016FC: 09:29:18 [TUniServerModule]:Starting HTTP Server on Port: 8077...
ERPImporta.exe: 000016FC: 09:29:18 [TUniServerModule]:HTTP Server Started on Port: 8077
ERPImporta.exe: 00002BBC: 09:29:34 []:>--------------------------------------------------------------<
ERPImporta.exe: 00002BBC: 09:29:34 [TUniServerModule]:Server First Init.
ERPImporta.exe: 00002BBC: 09:29:34 [TUniServerModule]:Start Path = C:\Projetos_WEB\ERP_Importa\
ERPImporta.exe: 00002BBC: 09:29:34 [TUniServerModule]:Debug Mode = ON
ERPImporta.exe: 00002BBC: 09:29:35 [TUniServerModule]:Starting HTTP Server on Port: 8077...
ERPImporta.exe: 00002BBC: 09:29:35 [TUniServerModule]:HTTP Server Started on Port: 8077
ERPImporta.exe: 00000924: 09:30:00 []:>--------------------------------------------------------------<
ERPImporta.exe: 00000924: 09:30:00 [TUniServerModule]:Server First Init.
ERPImporta.exe: 00000924: 09:30:00 [TUniServerModule]:Start Path = C:\Projetos_WEB\ERP_Importa\
ERPImporta.exe: 00000924: 09:30:00 [TUniServerModule]:Debug Mode = ON
ERPImporta.exe: 00000924: 09:30:00 [TUniServerModule]:Starting HTTP Server on Port: 8077...
ERPImporta.exe: 00000924: 09:30:00 [TUniServerModule]:HTTP Server Started on Port: 8077
ERPImporta.exe: 00002CA8: 09:30:57 []:>--------------------------------------------------------------<
ERPImporta.exe: 00002CA8: 09:30:57 [TUniServerModule]:Server First Init.
ERPImporta.exe: 00002CA8: 09:30:57 [TUniServerModule]:Start Path = C:\Projetos_WEB\ERP_Importa\
ERPImporta.exe: 00002CA8: 09:30:57 [TUniServerModule]:Debug Mode = ON
ERPImporta.exe: 00002CA8: 09:30:58 [TUniServerModule]:Starting HTTP Server on Port: 8077...
ERPImporta.exe: 00002CA8: 09:30:58 [TUniServerModule]:HTTP Server Started on Port: 8077
ERPImporta.exe: 00000C1C: 09:32:09 []:>--------------------------------------------------------------<
ERPImporta.exe: 00000C1C: 09:32:09 [TUniServerModule]:Server First Init.
ERPImporta.exe: 00000C1C: 09:32:09 [TUniServerModule]:Start Path = C:\Projetos_WEB\ERP_Importa\
ERPImporta.exe: 00000C1C: 09:32:09 [TUniServerModule]:Debug Mode = ON
ERPImporta.exe: 00000C1C: 09:32:10 [TUniServerModule]:Starting HTTP Server on Port: 8077...
ERPImporta.exe: 00000C1C: 09:32:10 [TUniServerModule]:HTTP Server Started on Port: 8077
ERPImporta.exe: 00001A8C: 09:58:41 []:>--------------------------------------------------------------<
ERPImporta.exe: 00001A8C: 09:58:41 [TUniServerModule]:Server First Init.
ERPImporta.exe: 00001A8C: 09:58:41 [TUniServerModule]:Start Path = C:\Projetos_WEB\ERP_Importa\
ERPImporta.exe: 00001A8C: 09:58:41 [TUniServerModule]:Debug Mode = ON
ERPImporta.exe: 00001A8C: 09:58:41 [TUniServerModule]:Starting HTTP Server on Port: 8077...
ERPImporta.exe: 00001A8C: 09:58:41 [TUniServerModule]:HTTP Server Started on Port: 8077
ERPImporta.exe: 00002198: 10:03:10 []:>--------------------------------------------------------------<
ERPImporta.exe: 00002198: 10:03:10 [TUniServerModule]:Server First Init.
ERPImporta.exe: 00002198: 10:03:10 [TUniServerModule]:Start Path = C:\Projetos_WEB\ERP_Importa\
ERPImporta.exe: 00002198: 10:03:10 [TUniServerModule]:Debug Mode = ON
ERPImporta.exe: 00002198: 10:03:10 [TUniGUISessionManager]:Cache erase job created, Folder count: [1]
ERPImporta.exe: 00002198: 10:03:11 [TUniServerModule]:Starting HTTP Server on Port: 8077...
ERPImporta.exe: 00002198: 10:03:11 [TUniServerModule]:HTTP Server Started on Port: 8077
ERPImporta.exe: 00000B34: 10:04:09 []:>--------------------------------------------------------------<
ERPImporta.exe: 00000B34: 10:04:09 [TUniServerModule]:Server First Init.
ERPImporta.exe: 00000B34: 10:04:09 [TUniServerModule]:Start Path = C:\Projetos_WEB\ERP_Importa\
ERPImporta.exe: 00000B34: 10:04:09 [TUniServerModule]:Debug Mode = ON
ERPImporta.exe: 00000B34: 10:04:09 [TUniServerModule]:Starting HTTP Server on Port: 8077...
ERPImporta.exe: 00000B34: 10:04:09 [TUniServerModule]:HTTP Server Started on Port: 8077
ERPImporta.exe: 00002238: 10:04:53 []:>--------------------------------------------------------------<
ERPImporta.exe: 00002238: 10:04:53 [TUniServerModule]:Server First Init.
ERPImporta.exe: 00002238: 10:04:53 [TUniServerModule]:Start Path = C:\Projetos_WEB\ERP_Importa\
ERPImporta.exe: 00002238: 10:04:53 [TUniServerModule]:Debug Mode = ON
ERPImporta.exe: 00002238: 10:04:53 [TUniGUISessionManager]:Cache erase job created, Folder count: [1]
ERPImporta.exe: 00002238: 10:04:54 [TUniServerModule]:Starting HTTP Server on Port: 8077...
ERPImporta.exe: 00002238: 10:04:54 [TUniServerModule]:HTTP Server Started on Port: 8077
ERPImporta.exe: 000025F0: 10:05:39 []:>--------------------------------------------------------------<
ERPImporta.exe: 000025F0: 10:05:39 [TUniServerModule]:Server First Init.
ERPImporta.exe: 000025F0: 10:05:39 [TUniServerModule]:Start Path = C:\Projetos_WEB\ERP_Importa\
ERPImporta.exe: 000025F0: 10:05:39 [TUniServerModule]:Debug Mode = ON
ERPImporta.exe: 000025F0: 10:05:40 [TUniServerModule]:Starting HTTP Server on Port: 8077...
ERPImporta.exe: 000025F0: 10:05:40 [TUniServerModule]:HTTP Server Started on Port: 8077
ERPImporta.exe: 0000361C: 10:06:50 []:>--------------------------------------------------------------<
ERPImporta.exe: 0000361C: 10:06:50 [TUniServerModule]:Server First Init.
ERPImporta.exe: 0000361C: 10:06:50 [TUniServerModule]:Start Path = C:\Projetos_WEB\ERP_Importa\
ERPImporta.exe: 0000361C: 10:06:50 [TUniServerModule]:Debug Mode = ON
ERPImporta.exe: 0000361C: 10:06:51 [TUniServerModule]:Starting HTTP Server on Port: 8077...
ERPImporta.exe: 0000361C: 10:06:51 [TUniServerModule]:HTTP Server Started on Port: 8077
ERPImporta.exe: 00002578: 10:07:39 []:>--------------------------------------------------------------<
ERPImporta.exe: 00002578: 10:07:39 [TUniServerModule]:Server First Init.
ERPImporta.exe: 00002578: 10:07:39 [TUniServerModule]:Start Path = C:\Projetos_WEB\ERP_Importa\
ERPImporta.exe: 00002578: 10:07:39 [TUniServerModule]:Debug Mode = ON
ERPImporta.exe: 00002578: 10:07:40 [TUniServerModule]:Starting HTTP Server on Port: 8077...
ERPImporta.exe: 00002578: 10:07:40 [TUniServerModule]:HTTP Server Started on Port: 8077
ERPImporta.exe: 00000E40: 10:08:13 []:>--------------------------------------------------------------<
ERPImporta.exe: 00000E40: 10:08:13 [TUniServerModule]:Server First Init.
ERPImporta.exe: 00000E40: 10:08:13 [TUniServerModule]:Start Path = C:\Projetos_WEB\ERP_Importa\
ERPImporta.exe: 00000E40: 10:08:13 [TUniServerModule]:Debug Mode = ON
ERPImporta.exe: 00000E40: 10:08:13 [TUniGUISessionManager]:Cache erase job created, Folder count: [1]
ERPImporta.exe: 00000E40: 10:08:13 [TUniServerModule]:Starting HTTP Server on Port: 8077...
ERPImporta.exe: 00000E40: 10:08:13 [TUniServerModule]:HTTP Server Started on Port: 8077
ERPImporta.exe: 000012DC: 10:08:58 []:>--------------------------------------------------------------<
ERPImporta.exe: 000012DC: 10:08:58 [TUniServerModule]:Server First Init.
ERPImporta.exe: 000012DC: 10:08:58 [TUniServerModule]:Start Path = C:\Projetos_WEB\ERP_Importa\
ERPImporta.exe: 000012DC: 10:08:58 [TUniServerModule]:Debug Mode = ON
ERPImporta.exe: 000012DC: 10:08:59 [TUniServerModule]:Starting HTTP Server on Port: 8077...
ERPImporta.exe: 000012DC: 10:08:59 [TUniServerModule]:HTTP Server Started on Port: 8077
ERPImporta.exe: 0000357C: 10:09:49 []:>--------------------------------------------------------------<
ERPImporta.exe: 0000357C: 10:09:49 [TUniServerModule]:Server First Init.
ERPImporta.exe: 0000357C: 10:09:49 [TUniServerModule]:Start Path = C:\Projetos_WEB\ERP_Importa\
ERPImporta.exe: 0000357C: 10:09:49 [TUniServerModule]:Debug Mode = ON
ERPImporta.exe: 0000357C: 10:09:49 [TUniGUISessionManager]:Cache erase job created, Folder count: [1]
ERPImporta.exe: 0000357C: 10:09:50 [TUniServerModule]:Starting HTTP Server on Port: 8077...
ERPImporta.exe: 0000357C: 10:09:50 [TUniServerModule]:HTTP Server Started on Port: 8077
ERPImporta.exe: 00000970: 10:33:07 []:>--------------------------------------------------------------<
ERPImporta.exe: 00000970: 10:33:07 [TUniServerModule]:Server First Init.
ERPImporta.exe: 00000970: 10:33:07 [TUniServerModule]:Start Path = C:\Projetos_WEB\ERP_Importa\
ERPImporta.exe: 00000970: 10:33:07 [TUniServerModule]:Debug Mode = ON
ERPImporta.exe: 00000970: 10:33:07 [TUniServerModule]:Starting HTTP Server on Port: 8077...
ERPImporta.exe: 00000970: 10:33:07 [TUniServerModule]:HTTP Server Started on Port: 8077
ERPImporta.exe: 00003444: 11:04:48 []:>--------------------------------------------------------------<
ERPImporta.exe: 00003444: 11:04:48 [TUniServerModule]:Server First Init.
ERPImporta.exe: 00003444: 11:04:48 [TUniServerModule]:Start Path = C:\Projetos_WEB\ERP_Importa\
ERPImporta.exe: 00003444: 11:04:48 [TUniServerModule]:Debug Mode = ON
ERPImporta.exe: 00003444: 11:04:49 [TUniServerModule]:Starting HTTP Server on Port: 8077...
ERPImporta.exe: 00003444: 11:04:49 [TUniServerModule]:HTTP Server Started on Port: 8077
ERPImporta.exe: 000029C0: 11:07:15 []:>--------------------------------------------------------------<
ERPImporta.exe: 000029C0: 11:07:15 [TUniServerModule]:Server First Init.
ERPImporta.exe: 000029C0: 11:07:15 [TUniServerModule]:Start Path = C:\Projetos_WEB\ERP_Importa\
ERPImporta.exe: 000029C0: 11:07:15 [TUniServerModule]:Debug Mode = ON
ERPImporta.exe: 000029C0: 11:07:16 [TUniServerModule]:Starting HTTP Server on Port: 8077...
ERPImporta.exe: 000029C0: 11:07:16 [TUniServerModule]:HTTP Server Started on Port: 8077
ERPImporta.exe: 0000233C: 11:08:49 []:>--------------------------------------------------------------<
ERPImporta.exe: 0000233C: 11:08:49 [TUniServerModule]:Server First Init.
ERPImporta.exe: 0000233C: 11:08:49 [TUniServerModule]:Start Path = C:\Projetos_WEB\ERP_Importa\
ERPImporta.exe: 0000233C: 11:08:49 [TUniServerModule]:Debug Mode = ON
ERPImporta.exe: 0000233C: 11:08:49 [TUniServerModule]:Starting HTTP Server on Port: 8077...
ERPImporta.exe: 0000233C: 11:08:49 [TUniServerModule]:HTTP Server Started on Port: 8077
ERPImporta.exe: 0000223C: 11:09:45 []:>--------------------------------------------------------------<
ERPImporta.exe: 0000223C: 11:09:45 [TUniServerModule]:Server First Init.
ERPImporta.exe: 0000223C: 11:09:45 [TUniServerModule]:Start Path = C:\Projetos_WEB\ERP_Importa\
ERPImporta.exe: 0000223C: 11:09:45 [TUniServerModule]:Debug Mode = ON
ERPImporta.exe: 0000223C: 11:09:45 [TUniGUISessionManager]:Cache erase job created, Folder count: [1]
ERPImporta.exe: 0000223C: 11:09:46 [TUniServerModule]:Starting HTTP Server on Port: 8077...
ERPImporta.exe: 0000223C: 11:09:46 [TUniServerModule]:HTTP Server Started on Port: 8077
ERPImporta.exe: 000011F8: 11:19:26 []:>--------------------------------------------------------------<
ERPImporta.exe: 000011F8: 11:19:26 [TUniServerModule]:Server First Init.
ERPImporta.exe: 000011F8: 11:19:26 [TUniServerModule]:Start Path = C:\Projetos_WEB\ERP_Importa\
ERPImporta.exe: 000011F8: 11:19:26 [TUniServerModule]:Debug Mode = ON
ERPImporta.exe: 000011F8: 11:19:27 [TUniServerModule]:Starting HTTP Server on Port: 8077...
ERPImporta.exe: 000011F8: 11:19:27 [TUniServerModule]:HTTP Server Started on Port: 8077
ERPImporta.exe: 000033A0: 11:22:53 []:>--------------------------------------------------------------<
ERPImporta.exe: 000033A0: 11:22:53 [TUniServerModule]:Server First Init.
ERPImporta.exe: 000033A0: 11:22:53 [TUniServerModule]:Start Path = C:\Projetos_WEB\ERP_Importa\
ERPImporta.exe: 000033A0: 11:22:53 [TUniServerModule]:Debug Mode = ON
ERPImporta.exe: 000033A0: 11:22:53 [TUniGUISessionManager]:Cache erase job created, Folder count: [1]
ERPImporta.exe: 000033A0: 11:22:53 [TUniServerModule]:Starting HTTP Server on Port: 8077...
ERPImporta.exe: 000033A0: 11:22:53 [TUniServerModule]:HTTP Server Started on Port: 8077
ERPImporta.exe: 00001CA0: 11:23:50 []:>--------------------------------------------------------------<
ERPImporta.exe: 00001CA0: 11:23:50 [TUniServerModule]:Server First Init.
ERPImporta.exe: 00001CA0: 11:23:50 [TUniServerModule]:Start Path = C:\Projetos_WEB\ERP_Importa\
ERPImporta.exe: 00001CA0: 11:23:50 [TUniServerModule]:Debug Mode = ON
ERPImporta.exe: 00001CA0: 11:23:50 [TUniGUISessionManager]:Cache erase job created, Folder count: [1]
ERPImporta.exe: 00001CA0: 11:23:50 [TUniServerModule]:Starting HTTP Server on Port: 8077...
ERPImporta.exe: 00001CA0: 11:23:50 [TUniServerModule]:HTTP Server Started on Port: 8077
ERPImporta.exe: 00000134: 11:24:32 []:>--------------------------------------------------------------<
ERPImporta.exe: 00000134: 11:24:32 [TUniServerModule]:Server First Init.
ERPImporta.exe: 00000134: 11:24:32 [TUniServerModule]:Start Path = C:\Projetos_WEB\ERP_Importa\
ERPImporta.exe: 00000134: 11:24:32 [TUniServerModule]:Debug Mode = ON
ERPImporta.exe: 00000134: 11:24:32 [TUniServerModule]:Starting HTTP Server on Port: 8077...
ERPImporta.exe: 00000134: 11:24:32 [TUniServerModule]:HTTP Server Started on Port: 8077
ERPImporta.exe: 00000A14: 11:25:20 []:>--------------------------------------------------------------<
ERPImporta.exe: 00000A14: 11:25:20 [TUniServerModule]:Server First Init.
ERPImporta.exe: 00000A14: 11:25:20 [TUniServerModule]:Start Path = C:\Projetos_WEB\ERP_Importa\
ERPImporta.exe: 00000A14: 11:25:20 [TUniServerModule]:Debug Mode = ON
ERPImporta.exe: 00000A14: 11:25:21 [TUniServerModule]:Starting HTTP Server on Port: 8077...
ERPImporta.exe: 00000A14: 11:25:21 [TUniServerModule]:HTTP Server Started on Port: 8077
ERPImporta.exe: 00002D40: 11:26:13 []:>--------------------------------------------------------------<
ERPImporta.exe: 00002D40: 11:26:13 [TUniServerModule]:Server First Init.
ERPImporta.exe: 00002D40: 11:26:13 [TUniServerModule]:Start Path = C:\Projetos_WEB\ERP_Importa\
ERPImporta.exe: 00002D40: 11:26:13 [TUniServerModule]:Debug Mode = ON
ERPImporta.exe: 00002D40: 11:26:14 [TUniServerModule]:Starting HTTP Server on Port: 8077...
ERPImporta.exe: 00002D40: 11:26:14 [TUniServerModule]:HTTP Server Started on Port: 8077
ERPImporta.exe: 00002648: 11:29:47 []:>--------------------------------------------------------------<
ERPImporta.exe: 00002648: 11:29:47 [TUniServerModule]:Server First Init.
ERPImporta.exe: 00002648: 11:29:47 [TUniServerModule]:Start Path = C:\Projetos_WEB\ERP_Importa\
ERPImporta.exe: 00002648: 11:29:47 [TUniServerModule]:Debug Mode = ON
ERPImporta.exe: 00002648: 11:29:47 [TUniGUISessionManager]:Cache erase job created, Folder count: [1]
ERPImporta.exe: 00002648: 11:29:48 [TUniServerModule]:Starting HTTP Server on Port: 8077...
ERPImporta.exe: 00002648: 11:29:48 [TUniServerModule]:HTTP Server Started on Port: 8077
ERPImporta.exe: 00001E4C: 11:30:58 []:>--------------------------------------------------------------<
ERPImporta.exe: 00001E4C: 11:30:58 [TUniServerModule]:Server First Init.
ERPImporta.exe: 00001E4C: 11:30:58 [TUniServerModule]:Start Path = C:\Projetos_WEB\ERP_Importa\
ERPImporta.exe: 00001E4C: 11:30:58 [TUniServerModule]:Debug Mode = ON
ERPImporta.exe: 00001E4C: 11:30:58 [TUniGUISessionManager]:Cache erase job created, Folder count: [1]
ERPImporta.exe: 00001E4C: 11:30:59 [TUniServerModule]:Starting HTTP Server on Port: 8077...
ERPImporta.exe: 00001E4C: 11:30:59 [TUniServerModule]:HTTP Server Started on Port: 8077
ERPImporta.exe: 00000E94: 11:32:10 []:>--------------------------------------------------------------<
ERPImporta.exe: 00000E94: 11:32:10 [TUniServerModule]:Server First Init.
ERPImporta.exe: 00000E94: 11:32:10 [TUniServerModule]:Start Path = C:\Projetos_WEB\ERP_Importa\
ERPImporta.exe: 00000E94: 11:32:10 [TUniServerModule]:Debug Mode = ON
ERPImporta.exe: 00000E94: 11:32:11 [TUniServerModule]:Starting HTTP Server on Port: 8077...
ERPImporta.exe: 00000E94: 11:32:11 [TUniServerModule]:HTTP Server Started on Port: 8077
ERPImporta.exe: 00002178: 11:33:01 []:>--------------------------------------------------------------<
ERPImporta.exe: 00002178: 11:33:01 [TUniServerModule]:Server First Init.
ERPImporta.exe: 00002178: 11:33:01 [TUniServerModule]:Start Path = C:\Projetos_WEB\ERP_Importa\
ERPImporta.exe: 00002178: 11:33:01 [TUniServerModule]:Debug Mode = ON
ERPImporta.exe: 00002178: 11:33:01 [TUniServerModule]:Starting HTTP Server on Port: 8077...
ERPImporta.exe: 00002178: 11:33:01 [TUniServerModule]:HTTP Server Started on Port: 8077
ERPImporta.exe: 000029AC: 11:34:08 []:>--------------------------------------------------------------<
ERPImporta.exe: 000029AC: 11:34:08 [TUniServerModule]:Server First Init.
ERPImporta.exe: 000029AC: 11:34:08 [TUniServerModule]:Start Path = C:\Projetos_WEB\ERP_Importa\
ERPImporta.exe: 000029AC: 11:34:08 [TUniServerModule]:Debug Mode = ON
ERPImporta.exe: 000029AC: 11:34:08 [TUniGUISessionManager]:Cache erase job created, Folder count: [1]
ERPImporta.exe: 000029AC: 11:34:08 [TUniServerModule]:Starting HTTP Server on Port: 8077...
ERPImporta.exe: 000029AC: 11:34:08 [TUniServerModule]:HTTP Server Started on Port: 8077
ERPImporta.exe: 000029C8: 11:35:22 []:>--------------------------------------------------------------<
ERPImporta.exe: 000029C8: 11:35:22 [TUniServerModule]:Server First Init.
ERPImporta.exe: 000029C8: 11:35:22 [TUniServerModule]:Start Path = C:\Projetos_WEB\ERP_Importa\
ERPImporta.exe: 000029C8: 11:35:22 [TUniServerModule]:Debug Mode = ON
ERPImporta.exe: 000029C8: 11:35:22 [TUniGUISessionManager]:Cache erase job created, Folder count: [1]
ERPImporta.exe: 000029C8: 11:35:22 [TUniServerModule]:Starting HTTP Server on Port: 8077...
ERPImporta.exe: 000029C8: 11:35:22 [TUniServerModule]:HTTP Server Started on Port: 8077
ERPImporta.exe: 00002B4C: 11:36:47 []:>--------------------------------------------------------------<
ERPImporta.exe: 00002B4C: 11:36:47 [TUniServerModule]:Server First Init.
ERPImporta.exe: 00002B4C: 11:36:47 [TUniServerModule]:Start Path = C:\Projetos_WEB\ERP_Importa\
ERPImporta.exe: 00002B4C: 11:36:47 [TUniServerModule]:Debug Mode = ON
ERPImporta.exe: 00002B4C: 11:36:47 [TUniServerModule]:Starting HTTP Server on Port: 8077...
ERPImporta.exe: 00002B4C: 11:36:47 [TUniServerModule]:HTTP Server Started on Port: 8077
ERPImporta.exe: 00002C14: 11:38:22 []:>--------------------------------------------------------------<
ERPImporta.exe: 00002C14: 11:38:22 [TUniServerModule]:Server First Init.
ERPImporta.exe: 00002C14: 11:38:22 [TUniServerModule]:Start Path = C:\Projetos_WEB\ERP_Importa\
ERPImporta.exe: 00002C14: 11:38:22 [TUniServerModule]:Debug Mode = ON
ERPImporta.exe: 00002C14: 11:38:23 [TUniServerModule]:Starting HTTP Server on Port: 8077...
ERPImporta.exe: 00002C14: 11:38:23 [TUniServerModule]:HTTP Server Started on Port: 8077
ERPImporta.exe: 00001380: 11:40:03 []:>--------------------------------------------------------------<
ERPImporta.exe: 00001380: 11:40:03 [TUniServerModule]:Server First Init.
ERPImporta.exe: 00001380: 11:40:03 [TUniServerModule]:Start Path = C:\Projetos_WEB\ERP_Importa\
ERPImporta.exe: 00001380: 11:40:03 [TUniServerModule]:Debug Mode = ON
ERPImporta.exe: 00001380: 11:40:04 [TUniServerModule]:Starting HTTP Server on Port: 8077...
ERPImporta.exe: 00001380: 11:40:04 [TUniServerModule]:HTTP Server Started on Port: 8077
ERPImporta.exe: 00003754: 11:41:29 []:>--------------------------------------------------------------<
ERPImporta.exe: 00003754: 11:41:29 [TUniServerModule]:Server First Init.
ERPImporta.exe: 00003754: 11:41:29 [TUniServerModule]:Start Path = C:\Projetos_WEB\ERP_Importa\
ERPImporta.exe: 00003754: 11:41:29 [TUniServerModule]:Debug Mode = ON
ERPImporta.exe: 00003754: 11:41:29 [TUniGUISessionManager]:Cache erase job created, Folder count: [1]
ERPImporta.exe: 00003754: 11:41:30 [TUniServerModule]:Starting HTTP Server on Port: 8077...
ERPImporta.exe: 00003754: 11:41:30 [TUniServerModule]:HTTP Server Started on Port: 8077
ERPImporta.exe: 00001130: 11:47:13 []:>--------------------------------------------------------------<
ERPImporta.exe: 00001130: 11:47:13 [TUniServerModule]:Server First Init.
ERPImporta.exe: 00001130: 11:47:13 [TUniServerModule]:Start Path = C:\Projetos_WEB\ERP_Importa\
ERPImporta.exe: 00001130: 11:47:13 [TUniServerModule]:Debug Mode = ON
ERPImporta.exe: 00001130: 11:47:13 [TUniGUISessionManager]:Cache erase job created, Folder count: [1]
ERPImporta.exe: 00001130: 11:47:13 [TUniServerModule]:Starting HTTP Server on Port: 8077...
ERPImporta.exe: 00001130: 11:47:13 [TUniServerModule]:HTTP Server Started on Port: 8077
ERPImporta.exe: 00001998: 11:48:10 []:>--------------------------------------------------------------<
ERPImporta.exe: 00001998: 11:48:10 [TUniServerModule]:Server First Init.
ERPImporta.exe: 00001998: 11:48:10 [TUniServerModule]:Start Path = C:\Projetos_WEB\ERP_Importa\
ERPImporta.exe: 00001998: 11:48:10 [TUniServerModule]:Debug Mode = ON
ERPImporta.exe: 00001998: 11:48:10 [TUniGUISessionManager]:Cache erase job created, Folder count: [1]
ERPImporta.exe: 00001998: 11:48:10 [TUniServerModule]:Starting HTTP Server on Port: 8077...
ERPImporta.exe: 00001998: 11:48:10 [TUniServerModule]:HTTP Server Started on Port: 8077
ERPImporta.exe: 00000D04: 11:49:23 []:>--------------------------------------------------------------<
ERPImporta.exe: 00000D04: 11:49:23 [TUniServerModule]:Server First Init.
ERPImporta.exe: 00000D04: 11:49:23 [TUniServerModule]:Start Path = C:\Projetos_WEB\ERP_Importa\
ERPImporta.exe: 00000D04: 11:49:23 [TUniServerModule]:Debug Mode = ON
ERPImporta.exe: 00000D04: 11:49:24 [TUniServerModule]:Starting HTTP Server on Port: 8077...
ERPImporta.exe: 00000D04: 11:49:24 [TUniServerModule]:HTTP Server Started on Port: 8077
ERPImporta.exe: 00001810: 11:51:12 []:>--------------------------------------------------------------<
ERPImporta.exe: 00001810: 11:51:12 [TUniServerModule]:Server First Init.
ERPImporta.exe: 00001810: 11:51:12 [TUniServerModule]:Start Path = C:\Projetos_WEB\ERP_Importa\
ERPImporta.exe: 00001810: 11:51:12 [TUniServerModule]:Debug Mode = ON
ERPImporta.exe: 00001810: 11:51:12 [TUniServerModule]:Starting HTTP Server on Port: 8077...
ERPImporta.exe: 00001810: 11:51:12 [TUniServerModule]:HTTP Server Started on Port: 8077
ERPImporta.exe: 000036A4: 11:53:25 []:>--------------------------------------------------------------<
ERPImporta.exe: 000036A4: 11:53:25 [TUniServerModule]:Server First Init.
ERPImporta.exe: 000036A4: 11:53:25 [TUniServerModule]:Start Path = C:\Projetos_WEB\ERP_Importa\
ERPImporta.exe: 000036A4: 11:53:25 [TUniServerModule]:Debug Mode = ON
ERPImporta.exe: 000036A4: 11:53:25 [TUniGUISessionManager]:Cache erase job created, Folder count: [1]
ERPImporta.exe: 000036A4: 11:53:25 [TUniServerModule]:Starting HTTP Server on Port: 8077...
ERPImporta.exe: 000036A4: 11:53:25 [TUniServerModule]:HTTP Server Started on Port: 8077
ERPImporta.exe: 0000370C: 11:54:15 []:>--------------------------------------------------------------<
ERPImporta.exe: 0000370C: 11:54:15 [TUniServerModule]:Server First Init.
ERPImporta.exe: 0000370C: 11:54:15 [TUniServerModule]:Start Path = C:\Projetos_WEB\ERP_Importa\
ERPImporta.exe: 0000370C: 11:54:15 [TUniServerModule]:Debug Mode = ON
ERPImporta.exe: 0000370C: 11:54:16 [TUniServerModule]:Starting HTTP Server on Port: 8077...
ERPImporta.exe: 0000370C: 11:54:16 [TUniServerModule]:HTTP Server Started on Port: 8077
ERPImporta.exe: 00000B30: 11:55:41 []:>--------------------------------------------------------------<
ERPImporta.exe: 00000B30: 11:55:41 [TUniServerModule]:Server First Init.
ERPImporta.exe: 00000B30: 11:55:41 [TUniServerModule]:Start Path = C:\Projetos_WEB\ERP_Importa\
ERPImporta.exe: 00000B30: 11:55:41 [TUniServerModule]:Debug Mode = ON
ERPImporta.exe: 00000B30: 11:55:42 [TUniServerModule]:Starting HTTP Server on Port: 8077...
ERPImporta.exe: 00000B30: 11:55:42 [TUniServerModule]:HTTP Server Started on Port: 8077
ERPImporta.exe: 00002EB8: 11:57:16 []:>--------------------------------------------------------------<
ERPImporta.exe: 00002EB8: 11:57:16 [TUniServerModule]:Server First Init.
ERPImporta.exe: 00002EB8: 11:57:16 [TUniServerModule]:Start Path = C:\Projetos_WEB\ERP_Importa\
ERPImporta.exe: 00002EB8: 11:57:16 [TUniServerModule]:Debug Mode = ON
ERPImporta.exe: 00002EB8: 11:57:16 [TUniServerModule]:Starting HTTP Server on Port: 8077...
ERPImporta.exe: 00002EB8: 11:57:16 [TUniServerModule]:HTTP Server Started on Port: 8077
ERPImporta.exe: 00002EE8: 11:58:15 []:>--------------------------------------------------------------<
ERPImporta.exe: 00002EE8: 11:58:15 [TUniServerModule]:Server First Init.
ERPImporta.exe: 00002EE8: 11:58:15 [TUniServerModule]:Start Path = C:\Projetos_WEB\ERP_Importa\
ERPImporta.exe: 00002EE8: 11:58:15 [TUniServerModule]:Debug Mode = ON
ERPImporta.exe: 00002EE8: 11:58:15 [TUniServerModule]:Starting HTTP Server on Port: 8077...
ERPImporta.exe: 00002EE8: 11:58:15 [TUniServerModule]:HTTP Server Started on Port: 8077
ERPImporta.exe: 00001944: 11:59:20 []:>--------------------------------------------------------------<
ERPImporta.exe: 00001944: 11:59:20 [TUniServerModule]:Server First Init.
ERPImporta.exe: 00001944: 11:59:20 [TUniServerModule]:Start Path = C:\Projetos_WEB\ERP_Importa\
ERPImporta.exe: 00001944: 11:59:20 [TUniServerModule]:Debug Mode = ON
ERPImporta.exe: 00001944: 11:59:20 [TUniGUISessionManager]:Cache erase job created, Folder count: [1]
ERPImporta.exe: 00001944: 11:59:21 [TUniServerModule]:Starting HTTP Server on Port: 8077...
ERPImporta.exe: 00001944: 11:59:21 [TUniServerModule]:HTTP Server Started on Port: 8077
ERPImporta.exe: 00002434: 12:00:13 []:>--------------------------------------------------------------<
ERPImporta.exe: 00002434: 12:00:13 [TUniServerModule]:Server First Init.
ERPImporta.exe: 00002434: 12:00:13 [TUniServerModule]:Start Path = C:\Projetos_WEB\ERP_Importa\
ERPImporta.exe: 00002434: 12:00:13 [TUniServerModule]:Debug Mode = ON
ERPImporta.exe: 00002434: 12:00:14 [TUniServerModule]:Starting HTTP Server on Port: 8077...
ERPImporta.exe: 00002434: 12:00:14 [TUniServerModule]:HTTP Server Started on Port: 8077
ERPImporta.exe: 00003B14: 12:01:04 []:>--------------------------------------------------------------<
ERPImporta.exe: 00003B14: 12:01:04 [TUniServerModule]:Server First Init.
ERPImporta.exe: 00003B14: 12:01:04 [TUniServerModule]:Start Path = C:\Projetos_WEB\ERP_Importa\
ERPImporta.exe: 00003B14: 12:01:04 [TUniServerModule]:Debug Mode = ON
ERPImporta.exe: 00003B14: 12:01:04 [TUniGUISessionManager]:Cache erase job created, Folder count: [1]
ERPImporta.exe: 00003B14: 12:01:04 [TUniServerModule]:Starting HTTP Server on Port: 8077...
ERPImporta.exe: 00003B14: 12:01:04 [TUniServerModule]:HTTP Server Started on Port: 8077
ERPImporta.exe: 00000904: 12:03:12 []:>--------------------------------------------------------------<
ERPImporta.exe: 00000904: 12:03:12 [TUniServerModule]:Server First Init.
ERPImporta.exe: 00000904: 12:03:12 [TUniServerModule]:Start Path = C:\Projetos_WEB\ERP_Importa\
ERPImporta.exe: 00000904: 12:03:12 [TUniServerModule]:Debug Mode = ON
ERPImporta.exe: 00000904: 12:03:13 [TUniServerModule]:Starting HTTP Server on Port: 8077...
ERPImporta.exe: 00000904: 12:03:13 [TUniServerModule]:HTTP Server Started on Port: 8077
ERPImporta.exe: 00003A88: 12:04:12 []:>--------------------------------------------------------------<
ERPImporta.exe: 00003A88: 12:04:12 [TUniServerModule]:Server First Init.
ERPImporta.exe: 00003A88: 12:04:12 [TUniServerModule]:Start Path = C:\Projetos_WEB\ERP_Importa\
ERPImporta.exe: 00003A88: 12:04:12 [TUniServerModule]:Debug Mode = ON
ERPImporta.exe: 00003A88: 12:04:12 [TUniServerModule]:Starting HTTP Server on Port: 8077...
ERPImporta.exe: 00003A88: 12:04:12 [TUniServerModule]:HTTP Server Started on Port: 8077
ERPImporta.exe: 000038C4: 12:05:37 []:>--------------------------------------------------------------<
ERPImporta.exe: 000038C4: 12:05:37 [TUniServerModule]:Server First Init.
ERPImporta.exe: 000038C4: 12:05:37 [TUniServerModule]:Start Path = C:\Projetos_WEB\ERP_Importa\
ERPImporta.exe: 000038C4: 12:05:37 [TUniServerModule]:Debug Mode = ON
ERPImporta.exe: 000038C4: 12:05:38 [TUniServerModule]:Starting HTTP Server on Port: 8077...
ERPImporta.exe: 000038C4: 12:05:38 [TUniServerModule]:HTTP Server Started on Port: 8077
ERPImporta.exe: 00000500: 14:16:06 []:>--------------------------------------------------------------<
ERPImporta.exe: 00000500: 14:16:06 [TUniServerModule]:Server First Init.
ERPImporta.exe: 00000500: 14:16:06 [TUniServerModule]:Start Path = C:\Projetos_WEB\ERP_Importa\
ERPImporta.exe: 00000500: 14:16:06 [TUniServerModule]:Debug Mode = ON
ERPImporta.exe: 00000500: 14:16:07 [TUniServerModule]:Starting HTTP Server on Port: 8077...
ERPImporta.exe: 00000500: 14:16:07 [TUniServerModule]:HTTP Server Started on Port: 8077
ERPImporta.exe: 00002430: 14:26:35 []:>--------------------------------------------------------------<
ERPImporta.exe: 00002430: 14:26:35 [TUniServerModule]:Server First Init.
ERPImporta.exe: 00002430: 14:26:35 [TUniServerModule]:Start Path = C:\Projetos_WEB\ERP_Importa\
ERPImporta.exe: 00002430: 14:26:35 [TUniServerModule]:Debug Mode = ON
ERPImporta.exe: 00002430: 14:26:36 [TUniServerModule]:Starting HTTP Server on Port: 8077...
ERPImporta.exe: 00002430: 14:26:36 [TUniServerModule]:HTTP Server Started on Port: 8077
ERPImporta.exe: 00004420: 14:27:29 []:>--------------------------------------------------------------<
ERPImporta.exe: 00004420: 14:27:29 [TUniServerModule]:Server First Init.
ERPImporta.exe: 00004420: 14:27:29 [TUniServerModule]:Start Path = C:\Projetos_WEB\ERP_Importa\
ERPImporta.exe: 00004420: 14:27:29 [TUniServerModule]:Debug Mode = ON
ERPImporta.exe: 00004420: 14:27:29 [TUniGUISessionManager]:Cache erase job created, Folder count: [1]
ERPImporta.exe: 00004420: 14:27:29 [TUniServerModule]:Starting HTTP Server on Port: 8077...
ERPImporta.exe: 00004420: 14:27:29 [TUniServerModule]:HTTP Server Started on Port: 8077
ERPImporta.exe: 00003330: 14:28:43 []:>--------------------------------------------------------------<
ERPImporta.exe: 00003330: 14:28:43 [TUniServerModule]:Server First Init.
ERPImporta.exe: 00003330: 14:28:43 [TUniServerModule]:Start Path = C:\Projetos_WEB\ERP_Importa\
ERPImporta.exe: 00003330: 14:28:43 [TUniServerModule]:Debug Mode = ON
ERPImporta.exe: 00003330: 14:28:43 [TUniServerModule]:Starting HTTP Server on Port: 8077...
ERPImporta.exe: 00003330: 14:28:43 [TUniServerModule]:HTTP Server Started on Port: 8077
ERPImporta.exe: 00001D48: 14:30:20 []:>--------------------------------------------------------------<
ERPImporta.exe: 00001D48: 14:30:20 [TUniServerModule]:Server First Init.
ERPImporta.exe: 00001D48: 14:30:20 [TUniServerModule]:Start Path = C:\Projetos_WEB\ERP_Importa\
ERPImporta.exe: 00001D48: 14:30:20 [TUniServerModule]:Debug Mode = ON
ERPImporta.exe: 00001D48: 14:30:20 [TUniServerModule]:Starting HTTP Server on Port: 8077...
ERPImporta.exe: 00001D48: 14:30:20 [TUniServerModule]:HTTP Server Started on Port: 8077
ERPImporta.exe: 00002894: 14:30:45 []:>--------------------------------------------------------------<
ERPImporta.exe: 00002894: 14:30:45 [TUniServerModule]:Server First Init.
ERPImporta.exe: 00002894: 14:30:45 [TUniServerModule]:Start Path = C:\Projetos_WEB\ERP_Importa\
ERPImporta.exe: 00002894: 14:30:45 [TUniServerModule]:Debug Mode = ON
ERPImporta.exe: 00002894: 14:30:45 [TUniGUISessionManager]:Cache erase job created, Folder count: [1]
ERPImporta.exe: 00002894: 14:30:45 [TUniServerModule]:Starting HTTP Server on Port: 8077...
ERPImporta.exe: 00002894: 14:30:45 [TUniServerModule]:HTTP Server Started on Port: 8077
ERPImporta.exe: 0000460C: 14:32:03 []:>--------------------------------------------------------------<
ERPImporta.exe: 0000460C: 14:32:03 [TUniServerModule]:Server First Init.
ERPImporta.exe: 0000460C: 14:32:03 [TUniServerModule]:Start Path = C:\Projetos_WEB\ERP_Importa\
ERPImporta.exe: 0000460C: 14:32:03 [TUniServerModule]:Debug Mode = ON
ERPImporta.exe: 0000460C: 14:32:03 [TUniServerModule]:Starting HTTP Server on Port: 8077...
ERPImporta.exe: 0000460C: 14:32:03 [TUniServerModule]:HTTP Server Started on Port: 8077
ERPImporta.exe: 00004B98: 14:41:43 []:>--------------------------------------------------------------<
ERPImporta.exe: 00004B98: 14:41:43 [TUniServerModule]:Server First Init.
ERPImporta.exe: 00004B98: 14:41:43 [TUniServerModule]:Start Path = C:\Projetos_WEB\ERP_Importa\
ERPImporta.exe: 00004B98: 14:41:43 [TUniServerModule]:Debug Mode = ON
ERPImporta.exe: 00004B98: 14:41:44 [TUniServerModule]:Starting HTTP Server on Port: 8077...
ERPImporta.exe: 00004B98: 14:41:44 [TUniServerModule]:HTTP Server Started on Port: 8077
ERPImporta.exe: 000040E0: 14:42:11 []:>--------------------------------------------------------------<
ERPImporta.exe: 000040E0: 14:42:11 [TUniServerModule]:Server First Init.
ERPImporta.exe: 000040E0: 14:42:11 [TUniServerModule]:Start Path = C:\Projetos_WEB\ERP_Importa\
ERPImporta.exe: 000040E0: 14:42:11 [TUniServerModule]:Debug Mode = ON
ERPImporta.exe: 000040E0: 14:42:11 [TUniGUISessionManager]:Cache erase job created, Folder count: [1]
ERPImporta.exe: 000040E0: 14:42:12 [TUniServerModule]:Starting HTTP Server on Port: 8077...
ERPImporta.exe: 000040E0: 14:42:12 [TUniServerModule]:HTTP Server Started on Port: 8077
ERPImporta.exe: 000021DC: 14:42:22 [HandleFileRequest[127.0.0.1]]:File not found: C:\Projetos_WEB\ERP_Importa\files\images\fundo8.jpg
ERPImporta.exe: 000022F0: 15:18:39 []:>--------------------------------------------------------------<
ERPImporta.exe: 000022F0: 15:18:39 [TUniServerModule]:Server First Init.
ERPImporta.exe: 000022F0: 15:18:39 [TUniServerModule]:Start Path = C:\Projetos_WEB\ERP_Importa\
ERPImporta.exe: 000022F0: 15:18:39 [TUniServerModule]:Debug Mode = ON
ERPImporta.exe: 000022F0: 15:18:39 [TUniGUISessionManager]:Cache erase job created, Folder count: [1]
ERPImporta.exe: 000022F0: 15:18:40 [TUniServerModule]:Starting HTTP Server on Port: 8077...
ERPImporta.exe: 000022F0: 15:18:40 [TUniServerModule]:HTTP Server Started on Port: 8077
ERPImporta.exe: 00003A50: 15:18:48 [[FireDAC][Phys][ODBC][Microsoft][SQL Server Native Client 11.0][SQL Server]Invalid object name 'RecintoAlfandegario'.-127.0.0.1]:EMSSQLNativeException : [FireDAC][Phys][ODBC][Microsoft][SQL Server Native Client 11.0][SQL Server]Invalid object name 'RecintoAlfandegario'. : Addr: $008DDB69
ERPImporta.exe: 00003A4C: 15:19:10 []:>--------------------------------------------------------------<
ERPImporta.exe: 00003A4C: 15:19:10 [TUniServerModule]:Server First Init.
ERPImporta.exe: 00003A4C: 15:19:10 [TUniServerModule]:Start Path = C:\Projetos_WEB\ERP_Importa\
ERPImporta.exe: 00003A4C: 15:19:10 [TUniServerModule]:Debug Mode = ON
ERPImporta.exe: 00003A4C: 15:19:10 [TUniGUISessionManager]:Cache erase job created, Folder count: [1]
ERPImporta.exe: 00003A4C: 15:19:10 [TUniServerModule]:Starting HTTP Server on Port: 8077...
ERPImporta.exe: 00003A4C: 15:19:10 [TUniServerModule]:HTTP Server Started on Port: 8077
ERPImporta.exe: 000048BC: 15:19:21 [[FireDAC][Phys][ODBC][Microsoft][SQL Server Native Client 11.0][SQL Server]Invalid column name 'Simbolo'.-127.0.0.1]:EMSSQLNativeException : [FireDAC][Phys][ODBC][Microsoft][SQL Server Native Client 11.0][SQL Server]Invalid column name 'Simbolo'. : Addr: $008DDB69
ERPImporta.exe: 00004580: 15:20:08 []:>--------------------------------------------------------------<
ERPImporta.exe: 00004580: 15:20:08 [TUniServerModule]:Server First Init.
ERPImporta.exe: 00004580: 15:20:08 [TUniServerModule]:Start Path = C:\Projetos_WEB\ERP_Importa\
ERPImporta.exe: 00004580: 15:20:08 [TUniServerModule]:Debug Mode = ON
ERPImporta.exe: 00004580: 15:20:08 [TUniServerModule]:Starting HTTP Server on Port: 8077...
ERPImporta.exe: 00004580: 15:20:08 [TUniServerModule]:HTTP Server Started on Port: 8077
ERPImporta.exe: 00002C48: 15:20:21 [[FireDAC][Phys][ODBC][Microsoft][SQL Server Native Client 11.0][SQL Server]Invalid column name 'Simbolo'.-127.0.0.1]:EMSSQLNativeException : [FireDAC][Phys][ODBC][Microsoft][SQL Server Native Client 11.0][SQL Server]Invalid column name 'Simbolo'. : Addr: $008DDB69
ERPImporta.exe: 000037C8: 15:20:55 []:>--------------------------------------------------------------<
ERPImporta.exe: 000037C8: 15:20:55 [TUniServerModule]:Server First Init.
ERPImporta.exe: 000037C8: 15:20:55 [TUniServerModule]:Start Path = C:\Projetos_WEB\ERP_Importa\
ERPImporta.exe: 000037C8: 15:20:55 [TUniServerModule]:Debug Mode = ON
ERPImporta.exe: 000037C8: 15:20:55 [TUniServerModule]:Starting HTTP Server on Port: 8077...
ERPImporta.exe: 000037C8: 15:20:55 [TUniServerModule]:HTTP Server Started on Port: 8077
ERPImporta.exe: 00003E58: 15:21:27 []:>--------------------------------------------------------------<
ERPImporta.exe: 00003E58: 15:21:27 [TUniServerModule]:Server First Init.
ERPImporta.exe: 00003E58: 15:21:27 [TUniServerModule]:Start Path = C:\Projetos_WEB\ERP_Importa\
ERPImporta.exe: 00003E58: 15:21:27 [TUniServerModule]:Debug Mode = ON
ERPImporta.exe: 00003E58: 15:21:27 [TUniGUISessionManager]:Cache erase job created, Folder count: [1]
ERPImporta.exe: 00003E58: 15:21:28 [TUniServerModule]:Starting HTTP Server on Port: 8077...
ERPImporta.exe: 00003E58: 15:21:28 [TUniServerModule]:HTTP Server Started on Port: 8077
ERPImporta.exe: 00002BB0: 15:23:41 []:>--------------------------------------------------------------<
ERPImporta.exe: 00002BB0: 15:23:41 [TUniServerModule]:Server First Init.
ERPImporta.exe: 00002BB0: 15:23:41 [TUniServerModule]:Start Path = C:\Projetos_WEB\ERP_Importa\
ERPImporta.exe: 00002BB0: 15:23:41 [TUniServerModule]:Debug Mode = ON
ERPImporta.exe: 00002BB0: 15:23:41 [TUniGUISessionManager]:Cache erase job created, Folder count: [1]
ERPImporta.exe: 00002BB0: 15:23:42 [TUniServerModule]:Starting HTTP Server on Port: 8077...
ERPImporta.exe: 00002BB0: 15:23:42 [TUniServerModule]:HTTP Server Started on Port: 8077
ERPImporta.exe: 00002558: 15:27:05 []:>--------------------------------------------------------------<
ERPImporta.exe: 00002558: 15:27:05 [TUniServerModule]:Server First Init.
ERPImporta.exe: 00002558: 15:27:05 [TUniServerModule]:Start Path = C:\Projetos_WEB\ERP_Importa\
ERPImporta.exe: 00002558: 15:27:05 [TUniServerModule]:Debug Mode = ON
ERPImporta.exe: 00002558: 15:27:06 [TUniServerModule]:Starting HTTP Server on Port: 8077...
ERPImporta.exe: 00002558: 15:27:06 [TUniServerModule]:HTTP Server Started on Port: 8077
ERPImporta.exe: 00002F60: 15:34:20 []:>--------------------------------------------------------------<
ERPImporta.exe: 00002F60: 15:34:20 [TUniServerModule]:Server First Init.
ERPImporta.exe: 00002F60: 15:34:20 [TUniServerModule]:Start Path = C:\Projetos_WEB\ERP_Importa\
ERPImporta.exe: 00002F60: 15:34:20 [TUniServerModule]:Debug Mode = ON
ERPImporta.exe: 00002F60: 15:34:21 [TUniServerModule]:Starting HTTP Server on Port: 8077...
ERPImporta.exe: 00002F60: 15:34:21 [TUniServerModule]:HTTP Server Started on Port: 8077
ERPImporta.exe: 00003EB8: 15:35:59 []:>--------------------------------------------------------------<
ERPImporta.exe: 00003EB8: 15:35:59 [TUniServerModule]:Server First Init.
ERPImporta.exe: 00003EB8: 15:35:59 [TUniServerModule]:Start Path = C:\Projetos_WEB\ERP_Importa\
ERPImporta.exe: 00003EB8: 15:35:59 [TUniServerModule]:Debug Mode = ON
ERPImporta.exe: 00003EB8: 15:35:59 [TUniGUISessionManager]:Cache erase job created, Folder count: [1]
ERPImporta.exe: 00003EB8: 15:35:59 [TUniServerModule]:Starting HTTP Server on Port: 8077...
ERPImporta.exe: 00003EB8: 15:35:59 [TUniServerModule]:HTTP Server Started on Port: 8077
ERPImporta.exe: 00003B14: 15:36:38 []:>--------------------------------------------------------------<
ERPImporta.exe: 00003B14: 15:36:38 [TUniServerModule]:Server First Init.
ERPImporta.exe: 00003B14: 15:36:38 [TUniServerModule]:Start Path = C:\Projetos_WEB\ERP_Importa\
ERPImporta.exe: 00003B14: 15:36:38 [TUniServerModule]:Debug Mode = ON
ERPImporta.exe: 00003B14: 15:36:38 [TUniServerModule]:Starting HTTP Server on Port: 8077...
ERPImporta.exe: 00003B14: 15:36:39 [TUniServerModule]:HTTP Server Started on Port: 8077
ERPImporta.exe: 0000444C: 15:37:51 []:>--------------------------------------------------------------<
ERPImporta.exe: 0000444C: 15:37:51 [TUniServerModule]:Server First Init.
ERPImporta.exe: 0000444C: 15:37:51 [TUniServerModule]:Start Path = C:\Projetos_WEB\ERP_Importa\
ERPImporta.exe: 0000444C: 15:37:51 [TUniServerModule]:Debug Mode = ON
ERPImporta.exe: 0000444C: 15:37:51 [TUniGUISessionManager]:Cache erase job created, Folder count: [1]
ERPImporta.exe: 0000444C: 15:37:51 [TUniServerModule]:Starting HTTP Server on Port: 8077...
ERPImporta.exe: 0000444C: 15:37:51 [TUniServerModule]:HTTP Server Started on Port: 8077
ERPImporta.exe: 00003058: 15:49:06 []:>--------------------------------------------------------------<
ERPImporta.exe: 00003058: 15:49:06 [TUniServerModule]:Server First Init.
ERPImporta.exe: 00003058: 15:49:06 [TUniServerModule]:Start Path = C:\Projetos_WEB\ERP_Importa\
ERPImporta.exe: 00003058: 15:49:06 [TUniServerModule]:Debug Mode = ON
ERPImporta.exe: 00003058: 15:49:07 [TUniServerModule]:Starting HTTP Server on Port: 8077...
ERPImporta.exe: 00003058: 15:49:07 [TUniServerModule]:HTTP Server Started on Port: 8077
ERPImporta.exe: 00002AF8: 16:25:24 []:>--------------------------------------------------------------<
ERPImporta.exe: 00002AF8: 16:25:24 [TUniServerModule]:Server First Init.
ERPImporta.exe: 00002AF8: 16:25:24 [TUniServerModule]:Start Path = C:\Projetos_WEB\ERP_Importa\
ERPImporta.exe: 00002AF8: 16:25:24 [TUniServerModule]:Debug Mode = ON
ERPImporta.exe: 00002AF8: 16:25:25 [TUniServerModule]:Starting HTTP Server on Port: 8077...
ERPImporta.exe: 00002AF8: 16:25:25 [TUniServerModule]:HTTP Server Started on Port: 8077
ERPImporta.exe: 000010C8: 16:26:51 []:>--------------------------------------------------------------<
ERPImporta.exe: 000010C8: 16:26:51 [TUniServerModule]:Server First Init.
ERPImporta.exe: 000010C8: 16:26:51 [TUniServerModule]:Start Path = C:\Projetos_WEB\ERP_Importa\
ERPImporta.exe: 000010C8: 16:26:51 [TUniServerModule]:Debug Mode = ON
ERPImporta.exe: 000010C8: 16:26:51 [TUniGUISessionManager]:Cache erase job created, Folder count: [1]
ERPImporta.exe: 000010C8: 16:26:51 [TUniServerModule]:Starting HTTP Server on Port: 8077...
ERPImporta.exe: 000010C8: 16:26:51 [TUniServerModule]:HTTP Server Started on Port: 8077
ERPImporta.exe: 00001778: 16:29:14 []:>--------------------------------------------------------------<
ERPImporta.exe: 00001778: 16:29:14 [TUniServerModule]:Server First Init.
ERPImporta.exe: 00001778: 16:29:14 [TUniServerModule]:Start Path = C:\Projetos_WEB\ERP_Importa\
ERPImporta.exe: 00001778: 16:29:14 [TUniServerModule]:Debug Mode = ON
ERPImporta.exe: 00001778: 16:29:15 [TUniServerModule]:Starting HTTP Server on Port: 8077...
ERPImporta.exe: 00001778: 16:29:15 [TUniServerModule]:HTTP Server Started on Port: 8077
ERPImporta.exe: 00000DB4: 16:31:22 []:>--------------------------------------------------------------<
ERPImporta.exe: 00000DB4: 16:31:22 [TUniServerModule]:Server First Init.
ERPImporta.exe: 00000DB4: 16:31:22 [TUniServerModule]:Start Path = C:\Projetos_WEB\ERP_Importa\
ERPImporta.exe: 00000DB4: 16:31:22 [TUniServerModule]:Debug Mode = ON
ERPImporta.exe: 00000DB4: 16:31:22 [TUniGUISessionManager]:Cache erase job created, Folder count: [1]
ERPImporta.exe: 00000DB4: 16:31:22 [TUniServerModule]:Starting HTTP Server on Port: 8077...
ERPImporta.exe: 00000DB4: 16:31:22 [TUniServerModule]:HTTP Server Started on Port: 8077
ERPImporta.exe: 00003B30: 16:41:14 []:>--------------------------------------------------------------<
ERPImporta.exe: 00003B30: 16:41:14 [TUniServerModule]:Server First Init.
ERPImporta.exe: 00003B30: 16:41:14 [TUniServerModule]:Start Path = C:\Projetos_WEB\ERP_Importa\
ERPImporta.exe: 00003B30: 16:41:14 [TUniServerModule]:Debug Mode = ON
ERPImporta.exe: 00003B30: 16:41:14 [TUniServerModule]:Starting HTTP Server on Port: 8077...
ERPImporta.exe: 00003B30: 16:41:14 [TUniServerModule]:HTTP Server Started on Port: 8077
ERPImporta.exe: 0000305C: 16:43:16 []:>--------------------------------------------------------------<
ERPImporta.exe: 0000305C: 16:43:16 [TUniServerModule]:Server First Init.
ERPImporta.exe: 0000305C: 16:43:16 [TUniServerModule]:Start Path = C:\Projetos_WEB\ERP_Importa\
ERPImporta.exe: 0000305C: 16:43:16 [TUniServerModule]:Debug Mode = ON
ERPImporta.exe: 0000305C: 16:43:16 [TUniGUISessionManager]:Cache erase job created, Folder count: [1]
ERPImporta.exe: 0000305C: 16:43:16 [TUniServerModule]:Starting HTTP Server on Port: 8077...
ERPImporta.exe: 0000305C: 16:43:16 [TUniServerModule]:HTTP Server Started on Port: 8077
ERPImporta.exe: 00001B6C: 16:43:38 []:>--------------------------------------------------------------<
ERPImporta.exe: 00001B6C: 16:43:38 [TUniServerModule]:Server First Init.
ERPImporta.exe: 00001B6C: 16:43:38 [TUniServerModule]:Start Path = C:\Projetos_WEB\ERP_Importa\
ERPImporta.exe: 00001B6C: 16:43:38 [TUniServerModule]:Debug Mode = ON
ERPImporta.exe: 00001B6C: 16:43:38 [TUniServerModule]:Starting HTTP Server on Port: 8077...
ERPImporta.exe: 00001B6C: 16:43:38 [TUniServerModule]:HTTP Server Started on Port: 8077
ERPImporta.exe: 000037EC: 16:45:13 []:>--------------------------------------------------------------<
ERPImporta.exe: 000037EC: 16:45:13 [TUniServerModule]:Server First Init.
ERPImporta.exe: 000037EC: 16:45:13 [TUniServerModule]:Start Path = C:\Projetos_WEB\ERP_Importa\
ERPImporta.exe: 000037EC: 16:45:13 [TUniServerModule]:Debug Mode = ON
ERPImporta.exe: 000037EC: 16:45:13 [TUniGUISessionManager]:Cache erase job created, Folder count: [1]
ERPImporta.exe: 000037EC: 16:45:13 [TUniServerModule]:Starting HTTP Server on Port: 8077...
ERPImporta.exe: 000037EC: 16:45:13 [TUniServerModule]:HTTP Server Started on Port: 8077
ERPImporta.exe: 00000CB4: 16:45:32 []:>--------------------------------------------------------------<
ERPImporta.exe: 00000CB4: 16:45:32 [TUniServerModule]:Server First Init.
ERPImporta.exe: 00000CB4: 16:45:32 [TUniServerModule]:Start Path = C:\Projetos_WEB\ERP_Importa\
ERPImporta.exe: 00000CB4: 16:45:32 [TUniServerModule]:Debug Mode = ON
ERPImporta.exe: 00000CB4: 16:45:32 [TUniGUISessionManager]:Cache erase job created, Folder count: [1]
ERPImporta.exe: 00000CB4: 16:45:32 [TUniServerModule]:Starting HTTP Server on Port: 8077...
ERPImporta.exe: 00000CB4: 16:45:32 [TUniServerModule]:HTTP Server Started on Port: 8077
ERPImporta.exe: 000044B0: 16:49:57 []:>--------------------------------------------------------------<
ERPImporta.exe: 000044B0: 16:49:57 [TUniServerModule]:Server First Init.
ERPImporta.exe: 000044B0: 16:49:57 [TUniServerModule]:Start Path = C:\Projetos_WEB\ERP_Importa\
ERPImporta.exe: 000044B0: 16:49:57 [TUniServerModule]:Debug Mode = ON
ERPImporta.exe: 000044B0: 16:49:58 [TUniServerModule]:Starting HTTP Server on Port: 8077...
ERPImporta.exe: 000044B0: 16:49:58 [TUniServerModule]:HTTP Server Started on Port: 8077
ERPImporta.exe: 00003998: 16:51:30 []:>--------------------------------------------------------------<
ERPImporta.exe: 00003998: 16:51:30 [TUniServerModule]:Server First Init.
ERPImporta.exe: 00003998: 16:51:30 [TUniServerModule]:Start Path = C:\Projetos_WEB\ERP_Importa\
ERPImporta.exe: 00003998: 16:51:30 [TUniGUISessionManager]:Cache erase job created, Folder count: [1]
ERPImporta.exe: 00003998: 16:51:30 [TUniServerModule]:Starting HTTP Server on Port: 8077...
ERPImporta.exe: 00003998: 16:51:30 [TUniServerModule]:HTTP Server Started on Port: 8077
ERPImporta.exe: 00003998: 17:12:09 [TUniServerModule]:Shutting Down Server.
ERPImporta.exe: 00003998: 17:12:09 [TUniServerModule]:Stopping HTTP Server.
ERPImporta.exe: 00003998: 17:12:09 [TUniServerModule]:HTTP Server Stopped.
ERPImporta.exe: 00003998: 17:12:09 [TUniGUISessionManager]:Terminating Session manager.
ERPImporta.exe: 00003998: 17:12:09 [TUniGUISessionManager]:Stopping Cache Eraser...
ERPImporta.exe: 00003998: 17:12:09 [TUniGUISessionManager]:Cache Eraser Stopped.
ERPImporta.exe: 00003998: 17:12:09 [TUniGUISessionManager]:Destroying Worker Threads.
ERPImporta.exe: 00003998: 17:12:09 [TUniGUISessionManager]:Session manager terminated.
ERPImporta.exe: 00003998: 17:12:09 [TUniWebSocketStack]:Terminating...
ERPImporta.exe: 00003998: 17:12:09 [TUniGUIMessageQ]:Terminated.
ERPImporta.exe: 00003998: 17:12:09 [TUniWebSocketStack]:Terminated.
ERPImporta.exe: 00003998: 17:12:09 [TUniServerModule]:Server Shutdown Completed.
ERPImporta.exe: 00003998: 17:12:09 []:<-------------------------------------------------------------->
ERPImporta.exe: 00003998: 17:12:09 [Terminated]:Exit Code: 0
