ERPImporta.exe: 00000C58: 12:40:29 []:>--------------------------------------------------------------<
ERPImporta.exe: 00000C58: 12:40:29 [TUniServerModule]:Server First Init.
ERPImporta.exe: 00000C58: 12:40:29 [TUniServerModule]:Start Path = C:\Projetos_WEB\ERP_Importa\
ERPImporta.exe: 00000C58: 12:40:29 [TUniServerModule]:Debug Mode = ON
ERPImporta.exe: 00000C58: 12:40:29 [TUniGUISessionManager]:Cache erase job created, Folder count: [1]
ERPImporta.exe: 00000C58: 12:40:30 [TUniServerModule]:Starting HTTP Server on Port: 8077...
ERPImporta.exe: 00000C58: 12:40:30 [TUniServerModule]:HTTP Server Started on Port: 8077
ERPImporta.exe: 00003764: 12:43:48 []:>--------------------------------------------------------------<
ERPImporta.exe: 00003764: 12:43:48 [TUniServerModule]:Server First Init.
ERPImporta.exe: 00003764: 12:43:48 [TUniServerModule]:Start Path = C:\Projetos_WEB\ERP_Importa\
ERPImporta.exe: 00003764: 12:43:48 [TUniServerModule]:Debug Mode = ON
ERPImporta.exe: 00003764: 12:43:48 [TUniServerModule]:Starting HTTP Server on Port: 8077...
ERPImporta.exe: 00003764: 12:43:48 [TUniServerModule]:HTTP Server Started on Port: 8077
ERPImporta.exe: 00002C2C: 12:44:48 []:>--------------------------------------------------------------<
ERPImporta.exe: 00002C2C: 12:44:48 [TUniServerModule]:Server First Init.
ERPImporta.exe: 00002C2C: 12:44:48 [TUniServerModule]:Start Path = C:\Projetos_WEB\ERP_Importa\
ERPImporta.exe: 00002C2C: 12:44:48 [TUniServerModule]:Debug Mode = ON
ERPImporta.exe: 00002C2C: 12:44:48 [TUniGUISessionManager]:Cache erase job created, Folder count: [1]
ERPImporta.exe: 00002C2C: 12:44:48 [TUniServerModule]:Starting HTTP Server on Port: 8077...
ERPImporta.exe: 00002C2C: 12:44:48 [TUniServerModule]:HTTP Server Started on Port: 8077
ERPImporta.exe: 00003154: 12:48:24 []:>--------------------------------------------------------------<
ERPImporta.exe: 00003154: 12:48:24 [TUniServerModule]:Server First Init.
ERPImporta.exe: 00003154: 12:48:24 [TUniServerModule]:Start Path = C:\Projetos_WEB\ERP_Importa\
ERPImporta.exe: 00003154: 12:48:24 [TUniServerModule]:Debug Mode = ON
ERPImporta.exe: 00003154: 12:48:25 [TUniServerModule]:Starting HTTP Server on Port: 8077...
ERPImporta.exe: 00003154: 12:48:25 [TUniServerModule]:HTTP Server Started on Port: 8077
ERPImporta.exe: 000016A8: 12:50:10 []:>--------------------------------------------------------------<
ERPImporta.exe: 000016A8: 12:50:10 [TUniServerModule]:Server First Init.
ERPImporta.exe: 000016A8: 12:50:10 [TUniServerModule]:Start Path = C:\Projetos_WEB\ERP_Importa\
ERPImporta.exe: 000016A8: 12:50:10 [TUniServerModule]:Debug Mode = ON
ERPImporta.exe: 000016A8: 12:50:10 [TUniGUISessionManager]:Cache erase job created, Folder count: [1]
ERPImporta.exe: 000016A8: 12:50:10 [TUniServerModule]:Starting HTTP Server on Port: 8077...
ERPImporta.exe: 000016A8: 12:50:10 [TUniServerModule]:HTTP Server Started on Port: 8077
ERPImporta.exe: 000033AC: 12:58:17 []:>--------------------------------------------------------------<
ERPImporta.exe: 000033AC: 12:58:17 [TUniServerModule]:Server First Init.
ERPImporta.exe: 000033AC: 12:58:17 [TUniServerModule]:Start Path = C:\Projetos_WEB\ERP_Importa\
ERPImporta.exe: 000033AC: 12:58:17 [TUniServerModule]:Debug Mode = ON
ERPImporta.exe: 000033AC: 12:58:17 [TUniGUISessionManager]:Cache erase job created, Folder count: [1]
ERPImporta.exe: 000033AC: 12:58:17 [TUniServerModule]:Starting HTTP Server on Port: 8077...
ERPImporta.exe: 000033AC: 12:58:17 [TUniServerModule]:HTTP Server Started on Port: 8077
ERPImporta.exe: 00003788: 13:29:38 []:>--------------------------------------------------------------<
ERPImporta.exe: 00003788: 13:29:38 [TUniServerModule]:Server First Init.
ERPImporta.exe: 00003788: 13:29:38 [TUniServerModule]:Start Path = C:\Projetos_WEB\ERP_Importa\
ERPImporta.exe: 00003788: 13:29:38 [TUniServerModule]:Debug Mode = ON
ERPImporta.exe: 00003788: 13:29:38 [TUniGUISessionManager]:Cache erase job created, Folder count: [1]
ERPImporta.exe: 00003788: 13:29:38 [TUniServerModule]:Starting HTTP Server on Port: 8077...
ERPImporta.exe: 00003788: 13:29:38 [TUniServerModule]:HTTP Server Started on Port: 8077
ERPImporta.exe: 0000272C: 13:31:52 []:>--------------------------------------------------------------<
ERPImporta.exe: 0000272C: 13:31:52 [TUniServerModule]:Server First Init.
ERPImporta.exe: 0000272C: 13:31:52 [TUniServerModule]:Start Path = C:\Projetos_WEB\ERP_Importa\
ERPImporta.exe: 0000272C: 13:31:52 [TUniServerModule]:Debug Mode = ON
ERPImporta.exe: 0000272C: 13:31:52 [TUniGUISessionManager]:Cache erase job created, Folder count: [1]
ERPImporta.exe: 0000272C: 13:31:52 [TUniServerModule]:Starting HTTP Server on Port: 8077...
ERPImporta.exe: 0000272C: 13:31:53 [TUniServerModule]:HTTP Server Started on Port: 8077
ERPImporta.exe: 000031A8: 13:32:03 []:>--------------------------------------------------------------<
ERPImporta.exe: 000031A8: 13:32:03 [TUniServerModule]:Server First Init.
ERPImporta.exe: 000031A8: 13:32:03 [TUniServerModule]:Start Path = C:\Projetos_WEB\ERP_Importa\
ERPImporta.exe: 000031A8: 13:32:03 [TUniServerModule]:Debug Mode = ON
ERPImporta.exe: 000031A8: 13:32:04 [TUniServerModule]:Starting HTTP Server on Port: 8077...
ERPImporta.exe: 000031A8: 13:32:04 [TUniServerModule]:HTTP Server Started on Port: 8077
ERPImporta.exe: 0000207C: 13:32:19 []:>--------------------------------------------------------------<
ERPImporta.exe: 0000207C: 13:32:19 [TUniServerModule]:Server First Init.
ERPImporta.exe: 0000207C: 13:32:19 [TUniServerModule]:Start Path = C:\Projetos_WEB\ERP_Importa\
ERPImporta.exe: 0000207C: 13:32:19 [TUniServerModule]:Debug Mode = ON
ERPImporta.exe: 0000207C: 13:32:19 [TUniGUISessionManager]:Cache erase job created, Folder count: [1]
ERPImporta.exe: 0000207C: 13:32:19 [TUniServerModule]:Starting HTTP Server on Port: 8077...
ERPImporta.exe: 0000207C: 13:32:19 [TUniServerModule]:HTTP Server Started on Port: 8077
ERPImporta.exe: 00000A0C: 13:38:01 []:>--------------------------------------------------------------<
ERPImporta.exe: 00000A0C: 13:38:01 [TUniServerModule]:Server First Init.
ERPImporta.exe: 00000A0C: 13:38:01 [TUniServerModule]:Start Path = C:\Projetos_WEB\ERP_Importa\
ERPImporta.exe: 00000A0C: 13:38:01 [TUniServerModule]:Debug Mode = ON
ERPImporta.exe: 00000A0C: 13:38:01 [TUniServerModule]:Starting HTTP Server on Port: 8077...
ERPImporta.exe: 00000A0C: 13:38:01 [TUniServerModule]:HTTP Server Started on Port: 8077
ERPImporta.exe: 00000100: 13:38:12 [OperacaoFiscal: Type mismatch for field 'Natureza_Dentro', expecting: String actual: SmallInt-127.0.0.1]:EDatabaseError : OperacaoFiscal: Type mismatch for field 'Natureza_Dentro', expecting: String actual: SmallInt : Addr: $0065727A
ERPImporta.exe: 0000397C: 13:38:29 []:>--------------------------------------------------------------<
ERPImporta.exe: 0000397C: 13:38:29 [TUniServerModule]:Server First Init.
ERPImporta.exe: 0000397C: 13:38:29 [TUniServerModule]:Start Path = C:\Projetos_WEB\ERP_Importa\
ERPImporta.exe: 0000397C: 13:38:29 [TUniServerModule]:Debug Mode = ON
ERPImporta.exe: 0000397C: 13:38:29 [TUniGUISessionManager]:Cache erase job created, Folder count: [1]
ERPImporta.exe: 0000397C: 13:38:29 [TUniServerModule]:Starting HTTP Server on Port: 8077...
ERPImporta.exe: 0000397C: 13:38:29 [TUniServerModule]:HTTP Server Started on Port: 8077
ERPImporta.exe: 00000848: 13:38:44 []:>--------------------------------------------------------------<
ERPImporta.exe: 00000848: 13:38:44 [TUniServerModule]:Server First Init.
ERPImporta.exe: 00000848: 13:38:44 [TUniServerModule]:Start Path = C:\Projetos_WEB\ERP_Importa\
ERPImporta.exe: 00000848: 13:38:44 [TUniServerModule]:Debug Mode = ON
ERPImporta.exe: 00000848: 13:38:44 [TUniServerModule]:Starting HTTP Server on Port: 8077...
ERPImporta.exe: 00000848: 13:38:44 [TUniServerModule]:HTTP Server Started on Port: 8077
ERPImporta.exe: 000031E0: 13:39:02 []:>--------------------------------------------------------------<
ERPImporta.exe: 000031E0: 13:39:02 [TUniServerModule]:Server First Init.
ERPImporta.exe: 000031E0: 13:39:02 [TUniServerModule]:Start Path = C:\Projetos_WEB\ERP_Importa\
ERPImporta.exe: 000031E0: 13:39:02 [TUniServerModule]:Debug Mode = ON
ERPImporta.exe: 000031E0: 13:39:02 [TUniGUISessionManager]:Cache erase job created, Folder count: [1]
ERPImporta.exe: 000031E0: 13:39:03 [TUniServerModule]:Starting HTTP Server on Port: 8077...
ERPImporta.exe: 000031E0: 13:39:03 [TUniServerModule]:HTTP Server Started on Port: 8077
ERPImporta.exe: 00002818: 13:39:14 [127.0.0.1]:EUniSessionException : Sessão inváilda ou tempo da sessão expirado. (Session not found: 9veDBmkcSU10BF1B3BA ) : Addr: $007AD8FA
ERPImporta.exe: 00000E98: 13:39:17 [127.0.0.1]:EUniSessionException : Sessão inváilda ou tempo da sessão expirado. (Session not found: 9veDBmkcSU10BF1B3BA ) : Addr: $007AD8FA
ERPImporta.exe: 000006F4: 13:40:09 []:>--------------------------------------------------------------<
ERPImporta.exe: 000006F4: 13:40:09 [TUniServerModule]:Server First Init.
ERPImporta.exe: 000006F4: 13:40:09 [TUniServerModule]:Start Path = C:\Projetos_WEB\ERP_Importa\
ERPImporta.exe: 000006F4: 13:40:09 [TUniServerModule]:Debug Mode = ON
ERPImporta.exe: 000006F4: 13:40:09 [TUniGUISessionManager]:Cache erase job created, Folder count: [1]
ERPImporta.exe: 000006F4: 13:40:09 [TUniServerModule]:Starting HTTP Server on Port: 8077...
ERPImporta.exe: 000006F4: 13:40:09 [TUniServerModule]:HTTP Server Started on Port: 8077
ERPImporta.exe: 0000240C: 13:40:19 []:>--------------------------------------------------------------<
ERPImporta.exe: 0000240C: 13:40:19 [TUniServerModule]:Server First Init.
ERPImporta.exe: 0000240C: 13:40:19 [TUniServerModule]:Start Path = C:\Projetos_WEB\ERP_Importa\
ERPImporta.exe: 0000240C: 13:40:19 [TUniServerModule]:Debug Mode = ON
ERPImporta.exe: 0000240C: 13:40:20 [TUniServerModule]:Starting HTTP Server on Port: 8077...
ERPImporta.exe: 0000240C: 13:40:20 [TUniServerModule]:HTTP Server Started on Port: 8077
ERPImporta.exe: 00000430: 13:41:35 []:>--------------------------------------------------------------<
ERPImporta.exe: 00000430: 13:41:35 [TUniServerModule]:Server First Init.
ERPImporta.exe: 00000430: 13:41:35 [TUniServerModule]:Start Path = C:\Projetos_WEB\ERP_Importa\
ERPImporta.exe: 00000430: 13:41:35 [TUniServerModule]:Debug Mode = ON
ERPImporta.exe: 00000430: 13:41:35 [TUniServerModule]:Starting HTTP Server on Port: 8077...
ERPImporta.exe: 00000430: 13:41:35 [TUniServerModule]:HTTP Server Started on Port: 8077
ERPImporta.exe: 00001258: 13:42:16 []:>--------------------------------------------------------------<
ERPImporta.exe: 00001258: 13:42:16 [TUniServerModule]:Server First Init.
ERPImporta.exe: 00001258: 13:42:16 [TUniServerModule]:Start Path = C:\Projetos_WEB\ERP_Importa\
ERPImporta.exe: 00001258: 13:42:16 [TUniServerModule]:Debug Mode = ON
ERPImporta.exe: 00001258: 13:42:16 [TUniGUISessionManager]:Cache erase job created, Folder count: [1]
ERPImporta.exe: 00001258: 13:42:17 [TUniServerModule]:Starting HTTP Server on Port: 8077...
ERPImporta.exe: 00001258: 13:42:17 [TUniServerModule]:HTTP Server Started on Port: 8077
ERPImporta.exe: 00003490: 13:43:53 []:>--------------------------------------------------------------<
ERPImporta.exe: 00003490: 13:43:53 [TUniServerModule]:Server First Init.
ERPImporta.exe: 00003490: 13:43:53 [TUniServerModule]:Start Path = C:\Projetos_WEB\ERP_Importa\
ERPImporta.exe: 00003490: 13:43:53 [TUniServerModule]:Debug Mode = ON
ERPImporta.exe: 00003490: 13:43:54 [TUniServerModule]:Starting HTTP Server on Port: 8077...
ERPImporta.exe: 00003490: 13:43:54 [TUniServerModule]:HTTP Server Started on Port: 8077
ERPImporta.exe: 00002768: 13:44:32 []:>--------------------------------------------------------------<
ERPImporta.exe: 00002768: 13:44:32 [TUniServerModule]:Server First Init.
ERPImporta.exe: 00002768: 13:44:32 [TUniServerModule]:Start Path = C:\Projetos_WEB\ERP_Importa\
ERPImporta.exe: 00002768: 13:44:32 [TUniServerModule]:Debug Mode = ON
ERPImporta.exe: 00002768: 13:44:33 [TUniServerModule]:Starting HTTP Server on Port: 8077...
ERPImporta.exe: 00002768: 13:44:33 [TUniServerModule]:HTTP Server Started on Port: 8077
ERPImporta.exe: 00003770: 13:47:55 []:>--------------------------------------------------------------<
ERPImporta.exe: 00003770: 13:47:55 [TUniServerModule]:Server First Init.
ERPImporta.exe: 00003770: 13:47:55 [TUniServerModule]:Start Path = C:\Projetos_WEB\ERP_Importa\
ERPImporta.exe: 00003770: 13:47:55 [TUniServerModule]:Debug Mode = ON
ERPImporta.exe: 00003770: 13:47:56 [TUniServerModule]:Starting HTTP Server on Port: 8077...
ERPImporta.exe: 00003770: 13:47:56 [TUniServerModule]:HTTP Server Started on Port: 8077
ERPImporta.exe: 00003BEC: 13:48:03 [[FireDAC][Phys][ODBC][Microsoft][SQL Server Native Client 11.0][SQL Server]Invalid column name 'Descricao'.-127.0.0.1]:EMSSQLNativeException : [FireDAC][Phys][ODBC][Microsoft][SQL Server Native Client 11.0][SQL Server]Invalid column name 'Descricao'. : Addr: $008BB2F5
ERPImporta.exe: 0000076C: 13:48:42 []:>--------------------------------------------------------------<
ERPImporta.exe: 0000076C: 13:48:42 [TUniServerModule]:Server First Init.
ERPImporta.exe: 0000076C: 13:48:42 [TUniServerModule]:Start Path = C:\Projetos_WEB\ERP_Importa\
ERPImporta.exe: 0000076C: 13:48:42 [TUniServerModule]:Debug Mode = ON
ERPImporta.exe: 0000076C: 13:48:43 [TUniServerModule]:Starting HTTP Server on Port: 8077...
ERPImporta.exe: 0000076C: 13:48:43 [TUniServerModule]:HTTP Server Started on Port: 8077
ERPImporta.exe: 000021C8: 13:51:12 []:>--------------------------------------------------------------<
ERPImporta.exe: 000021C8: 13:51:12 [TUniServerModule]:Server First Init.
ERPImporta.exe: 000021C8: 13:51:12 [TUniServerModule]:Start Path = C:\Projetos_WEB\ERP_Importa\
ERPImporta.exe: 000021C8: 13:51:12 [TUniServerModule]:Debug Mode = ON
ERPImporta.exe: 000021C8: 13:51:12 [TUniServerModule]:Starting HTTP Server on Port: 8077...
ERPImporta.exe: 000021C8: 13:51:12 [TUniServerModule]:HTTP Server Started on Port: 8077
ERPImporta.exe: 00002318: 13:51:47 []:>--------------------------------------------------------------<
ERPImporta.exe: 00002318: 13:51:47 [TUniServerModule]:Server First Init.
ERPImporta.exe: 00002318: 13:51:47 [TUniServerModule]:Start Path = C:\Projetos_WEB\ERP_Importa\
ERPImporta.exe: 00002318: 13:51:47 [TUniServerModule]:Debug Mode = ON
ERPImporta.exe: 00002318: 13:51:47 [TUniGUISessionManager]:Cache erase job created, Folder count: [1]
ERPImporta.exe: 00002318: 13:51:48 [TUniServerModule]:Starting HTTP Server on Port: 8077...
ERPImporta.exe: 00002318: 13:51:48 [TUniServerModule]:HTTP Server Started on Port: 8077
ERPImporta.exe: 000003D4: 13:53:27 []:>--------------------------------------------------------------<
ERPImporta.exe: 000003D4: 13:53:27 [TUniServerModule]:Server First Init.
ERPImporta.exe: 000003D4: 13:53:27 [TUniServerModule]:Start Path = C:\Projetos_WEB\ERP_Importa\
ERPImporta.exe: 000003D4: 13:53:27 [TUniServerModule]:Debug Mode = ON
ERPImporta.exe: 000003D4: 13:53:28 [TUniServerModule]:Starting HTTP Server on Port: 8077...
ERPImporta.exe: 000003D4: 13:53:28 [TUniServerModule]:HTTP Server Started on Port: 8077
ERPImporta.exe: 00002A60: 13:54:03 []:>--------------------------------------------------------------<
ERPImporta.exe: 00002A60: 13:54:03 [TUniServerModule]:Server First Init.
ERPImporta.exe: 00002A60: 13:54:03 [TUniServerModule]:Start Path = C:\Projetos_WEB\ERP_Importa\
ERPImporta.exe: 00002A60: 13:54:03 [TUniServerModule]:Debug Mode = ON
ERPImporta.exe: 00002A60: 13:54:03 [TUniServerModule]:Starting HTTP Server on Port: 8077...
ERPImporta.exe: 00002A60: 13:54:03 [TUniServerModule]:HTTP Server Started on Port: 8077
ERPImporta.exe: 00001A38: 13:54:31 []:>--------------------------------------------------------------<
ERPImporta.exe: 00001A38: 13:54:31 [TUniServerModule]:Server First Init.
ERPImporta.exe: 00001A38: 13:54:31 [TUniServerModule]:Start Path = C:\Projetos_WEB\ERP_Importa\
ERPImporta.exe: 00001A38: 13:54:31 [TUniServerModule]:Debug Mode = ON
ERPImporta.exe: 00001A38: 13:54:31 [TUniGUISessionManager]:Cache erase job created, Folder count: [1]
ERPImporta.exe: 00001A38: 13:54:31 [TUniServerModule]:Starting HTTP Server on Port: 8077...
ERPImporta.exe: 00001A38: 13:54:31 [TUniServerModule]:HTTP Server Started on Port: 8077
ERPImporta.exe: 00000C30: 13:55:12 []:>--------------------------------------------------------------<
ERPImporta.exe: 00000C30: 13:55:12 [TUniServerModule]:Server First Init.
ERPImporta.exe: 00000C30: 13:55:12 [TUniServerModule]:Start Path = C:\Projetos_WEB\ERP_Importa\
ERPImporta.exe: 00000C30: 13:55:12 [TUniServerModule]:Debug Mode = ON
ERPImporta.exe: 00000C30: 13:55:13 [TUniServerModule]:Starting HTTP Server on Port: 8077...
ERPImporta.exe: 00000C30: 13:55:13 [TUniServerModule]:HTTP Server Started on Port: 8077
ERPImporta.exe: 000005B8: 13:55:51 []:>--------------------------------------------------------------<
ERPImporta.exe: 000005B8: 13:55:51 [TUniServerModule]:Server First Init.
ERPImporta.exe: 000005B8: 13:55:51 [TUniServerModule]:Start Path = C:\Projetos_WEB\ERP_Importa\
ERPImporta.exe: 000005B8: 13:55:51 [TUniServerModule]:Debug Mode = ON
ERPImporta.exe: 000005B8: 13:55:51 [TUniGUISessionManager]:Cache erase job created, Folder count: [1]
ERPImporta.exe: 000005B8: 13:55:52 [TUniServerModule]:Starting HTTP Server on Port: 8077...
ERPImporta.exe: 000005B8: 13:55:52 [TUniServerModule]:HTTP Server Started on Port: 8077
ERPImporta.exe: 00002FC8: 13:56:27 []:>--------------------------------------------------------------<
ERPImporta.exe: 00002FC8: 13:56:27 [TUniServerModule]:Server First Init.
ERPImporta.exe: 00002FC8: 13:56:27 [TUniServerModule]:Start Path = C:\Projetos_WEB\ERP_Importa\
ERPImporta.exe: 00002FC8: 13:56:27 [TUniServerModule]:Debug Mode = ON
ERPImporta.exe: 00002FC8: 13:56:27 [TUniGUISessionManager]:Cache erase job created, Folder count: [1]
ERPImporta.exe: 00002FC8: 13:56:27 [TUniServerModule]:Starting HTTP Server on Port: 8077...
ERPImporta.exe: 00002FC8: 13:56:27 [TUniServerModule]:HTTP Server Started on Port: 8077
ERPImporta.exe: 0000184C: 13:58:10 []:>--------------------------------------------------------------<
ERPImporta.exe: 0000184C: 13:58:10 [TUniServerModule]:Server First Init.
ERPImporta.exe: 0000184C: 13:58:10 [TUniServerModule]:Start Path = C:\Projetos_WEB\ERP_Importa\
ERPImporta.exe: 0000184C: 13:58:10 [TUniServerModule]:Debug Mode = ON
ERPImporta.exe: 0000184C: 13:58:10 [TUniGUISessionManager]:Cache erase job created, Folder count: [1]
ERPImporta.exe: 0000184C: 13:58:10 [TUniServerModule]:Starting HTTP Server on Port: 8077...
ERPImporta.exe: 0000184C: 13:58:10 [TUniServerModule]:HTTP Server Started on Port: 8077
ERPImporta.exe: 000006A0: 14:02:04 []:>--------------------------------------------------------------<
ERPImporta.exe: 000006A0: 14:02:04 [TUniServerModule]:Server First Init.
ERPImporta.exe: 000006A0: 14:02:04 [TUniServerModule]:Start Path = C:\Projetos_WEB\ERP_Importa\
ERPImporta.exe: 000006A0: 14:02:04 [TUniServerModule]:Debug Mode = ON
ERPImporta.exe: 000006A0: 14:02:04 [TUniGUISessionManager]:Cache erase job created, Folder count: [1]
ERPImporta.exe: 000006A0: 14:02:04 [TUniServerModule]:Starting HTTP Server on Port: 8077...
ERPImporta.exe: 000006A0: 14:02:04 [TUniServerModule]:HTTP Server Started on Port: 8077
ERPImporta.exe: 00000D34: 14:04:18 []:>--------------------------------------------------------------<
ERPImporta.exe: 00000D34: 14:04:18 [TUniServerModule]:Server First Init.
ERPImporta.exe: 00000D34: 14:04:18 [TUniServerModule]:Start Path = C:\Projetos_WEB\ERP_Importa\
ERPImporta.exe: 00000D34: 14:04:18 [TUniServerModule]:Debug Mode = ON
ERPImporta.exe: 00000D34: 14:04:19 [TUniServerModule]:Starting HTTP Server on Port: 8077...
ERPImporta.exe: 00000D34: 14:04:19 [TUniServerModule]:HTTP Server Started on Port: 8077
ERPImporta.exe: 00002C3C: 14:06:17 []:>--------------------------------------------------------------<
ERPImporta.exe: 00002C3C: 14:06:17 [TUniServerModule]:Server First Init.
ERPImporta.exe: 00002C3C: 14:06:17 [TUniServerModule]:Start Path = C:\Projetos_WEB\ERP_Importa\
ERPImporta.exe: 00002C3C: 14:06:17 [TUniServerModule]:Debug Mode = ON
ERPImporta.exe: 00002C3C: 14:06:18 [TUniServerModule]:Starting HTTP Server on Port: 8077...
ERPImporta.exe: 00002C3C: 14:06:18 [TUniServerModule]:HTTP Server Started on Port: 8077
ERPImporta.exe: 00001248: 14:06:39 []:>--------------------------------------------------------------<
ERPImporta.exe: 00001248: 14:06:39 [TUniServerModule]:Server First Init.
ERPImporta.exe: 00001248: 14:06:39 [TUniServerModule]:Start Path = C:\Projetos_WEB\ERP_Importa\
ERPImporta.exe: 00001248: 14:06:39 [TUniServerModule]:Debug Mode = ON
ERPImporta.exe: 00001248: 14:06:39 [TUniServerModule]:Starting HTTP Server on Port: 8077...
ERPImporta.exe: 00001248: 14:06:40 [TUniServerModule]:HTTP Server Started on Port: 8077
ERPImporta.exe: 00001058: 14:08:31 []:>--------------------------------------------------------------<
ERPImporta.exe: 00001058: 14:08:31 [TUniServerModule]:Server First Init.
ERPImporta.exe: 00001058: 14:08:31 [TUniServerModule]:Start Path = C:\Projetos_WEB\ERP_Importa\
ERPImporta.exe: 00001058: 14:08:31 [TUniServerModule]:Debug Mode = ON
ERPImporta.exe: 00001058: 14:08:31 [TUniServerModule]:Starting HTTP Server on Port: 8077...
ERPImporta.exe: 00001058: 14:08:31 [TUniServerModule]:HTTP Server Started on Port: 8077
ERPImporta.exe: 000030E8: 14:10:01 []:>--------------------------------------------------------------<
ERPImporta.exe: 000030E8: 14:10:01 [TUniServerModule]:Server First Init.
ERPImporta.exe: 000030E8: 14:10:01 [TUniServerModule]:Start Path = C:\Projetos_WEB\ERP_Importa\
ERPImporta.exe: 000030E8: 14:10:01 [TUniServerModule]:Debug Mode = ON
ERPImporta.exe: 000030E8: 14:10:01 [TUniServerModule]:Starting HTTP Server on Port: 8077...
ERPImporta.exe: 000030E8: 14:10:01 [TUniServerModule]:HTTP Server Started on Port: 8077
ERPImporta.exe: 000012F8: 14:16:56 []:>--------------------------------------------------------------<
ERPImporta.exe: 000012F8: 14:16:56 [TUniServerModule]:Server First Init.
ERPImporta.exe: 000012F8: 14:16:56 [TUniServerModule]:Start Path = C:\Projetos_WEB\ERP_Importa\
ERPImporta.exe: 000012F8: 14:16:56 [TUniServerModule]:Debug Mode = ON
ERPImporta.exe: 000012F8: 14:16:56 [TUniServerModule]:Starting HTTP Server on Port: 8077...
ERPImporta.exe: 000012F8: 14:16:56 [TUniServerModule]:HTTP Server Started on Port: 8077
ERPImporta.exe: 00003BE0: 14:21:34 []:>--------------------------------------------------------------<
ERPImporta.exe: 00003BE0: 14:21:34 [TUniServerModule]:Server First Init.
ERPImporta.exe: 00003BE0: 14:21:34 [TUniServerModule]:Start Path = C:\Projetos_WEB\ERP_Importa\
ERPImporta.exe: 00003BE0: 14:21:34 [TUniServerModule]:Debug Mode = ON
ERPImporta.exe: 00003BE0: 14:21:34 [TUniGUISessionManager]:Cache erase job created, Folder count: [1]
ERPImporta.exe: 00003BE0: 14:21:35 [TUniServerModule]:Starting HTTP Server on Port: 8077...
ERPImporta.exe: 00003BE0: 14:21:35 [TUniServerModule]:HTTP Server Started on Port: 8077
ERPImporta.exe: 000006B0: 14:22:30 []:>--------------------------------------------------------------<
ERPImporta.exe: 000006B0: 14:22:30 [TUniServerModule]:Server First Init.
ERPImporta.exe: 000006B0: 14:22:30 [TUniServerModule]:Start Path = C:\Projetos_WEB\ERP_Importa\
ERPImporta.exe: 000006B0: 14:22:30 [TUniServerModule]:Debug Mode = ON
ERPImporta.exe: 000006B0: 14:22:30 [TUniGUISessionManager]:Cache erase job created, Folder count: [1]
ERPImporta.exe: 000006B0: 14:22:30 [TUniServerModule]:Starting HTTP Server on Port: 8077...
ERPImporta.exe: 000006B0: 14:22:30 [TUniServerModule]:HTTP Server Started on Port: 8077
ERPImporta.exe: 00000394: 14:24:27 []:>--------------------------------------------------------------<
ERPImporta.exe: 00000394: 14:24:27 [TUniServerModule]:Server First Init.
ERPImporta.exe: 00000394: 14:24:27 [TUniServerModule]:Start Path = C:\Projetos_WEB\ERP_Importa\
ERPImporta.exe: 00000394: 14:24:27 [TUniServerModule]:Debug Mode = ON
ERPImporta.exe: 00000394: 14:24:27 [TUniServerModule]:Starting HTTP Server on Port: 8077...
ERPImporta.exe: 00000394: 14:24:27 [TUniServerModule]:HTTP Server Started on Port: 8077
ERPImporta.exe: 0000161C: 14:25:29 []:>--------------------------------------------------------------<
ERPImporta.exe: 0000161C: 14:25:29 [TUniServerModule]:Server First Init.
ERPImporta.exe: 0000161C: 14:25:29 [TUniServerModule]:Start Path = C:\Projetos_WEB\ERP_Importa\
ERPImporta.exe: 0000161C: 14:25:29 [TUniServerModule]:Debug Mode = ON
ERPImporta.exe: 0000161C: 14:25:29 [TUniServerModule]:Starting HTTP Server on Port: 8077...
ERPImporta.exe: 0000161C: 14:25:29 [TUniServerModule]:HTTP Server Started on Port: 8077
ERPImporta.exe: 00002DDC: 14:26:51 []:>--------------------------------------------------------------<
ERPImporta.exe: 00002DDC: 14:26:51 [TUniServerModule]:Server First Init.
ERPImporta.exe: 00002DDC: 14:26:51 [TUniServerModule]:Start Path = C:\Projetos_WEB\ERP_Importa\
ERPImporta.exe: 00002DDC: 14:26:51 [TUniServerModule]:Debug Mode = ON
ERPImporta.exe: 00002DDC: 14:26:51 [TUniServerModule]:Starting HTTP Server on Port: 8077...
ERPImporta.exe: 00002DDC: 14:26:51 [TUniServerModule]:HTTP Server Started on Port: 8077
ERPImporta.exe: 0000252C: 14:28:29 []:>--------------------------------------------------------------<
ERPImporta.exe: 0000252C: 14:28:29 [TUniServerModule]:Server First Init.
ERPImporta.exe: 0000252C: 14:28:29 [TUniServerModule]:Start Path = C:\Projetos_WEB\ERP_Importa\
ERPImporta.exe: 0000252C: 14:28:29 [TUniServerModule]:Debug Mode = ON
ERPImporta.exe: 0000252C: 14:28:30 [TUniServerModule]:Starting HTTP Server on Port: 8077...
ERPImporta.exe: 0000252C: 14:28:30 [TUniServerModule]:HTTP Server Started on Port: 8077
ERPImporta.exe: 00000464: 14:33:32 []:>--------------------------------------------------------------<
ERPImporta.exe: 00000464: 14:33:32 [TUniServerModule]:Server First Init.
ERPImporta.exe: 00000464: 14:33:32 [TUniServerModule]:Start Path = C:\Projetos_WEB\ERP_Importa\
ERPImporta.exe: 00000464: 14:33:32 [TUniServerModule]:Debug Mode = ON
ERPImporta.exe: 00000464: 14:33:32 [TUniServerModule]:Starting HTTP Server on Port: 8077...
ERPImporta.exe: 00000464: 14:33:32 [TUniServerModule]:HTTP Server Started on Port: 8077
ERPImporta.exe: 00001968: 14:34:53 []:>--------------------------------------------------------------<
ERPImporta.exe: 00001968: 14:34:53 [TUniServerModule]:Server First Init.
ERPImporta.exe: 00001968: 14:34:53 [TUniServerModule]:Start Path = C:\Projetos_WEB\ERP_Importa\
ERPImporta.exe: 00001968: 14:34:53 [TUniServerModule]:Debug Mode = ON
ERPImporta.exe: 00001968: 14:34:54 [TUniServerModule]:Starting HTTP Server on Port: 8077...
ERPImporta.exe: 00001968: 14:34:54 [TUniServerModule]:HTTP Server Started on Port: 8077
ERPImporta.exe: 00003A64: 14:35:17 []:>--------------------------------------------------------------<
ERPImporta.exe: 00003A64: 14:35:17 [TUniServerModule]:Server First Init.
ERPImporta.exe: 00003A64: 14:35:17 [TUniServerModule]:Start Path = C:\Projetos_WEB\ERP_Importa\
ERPImporta.exe: 00003A64: 14:35:17 [TUniServerModule]:Debug Mode = ON
ERPImporta.exe: 00003A64: 14:35:17 [TUniGUISessionManager]:Cache erase job created, Folder count: [1]
ERPImporta.exe: 00003A64: 14:35:18 [TUniServerModule]:Starting HTTP Server on Port: 8077...
ERPImporta.exe: 00003A64: 14:35:18 [TUniServerModule]:HTTP Server Started on Port: 8077
ERPImporta.exe: 000027DC: 14:38:16 []:>--------------------------------------------------------------<
ERPImporta.exe: 000027DC: 14:38:16 [TUniServerModule]:Server First Init.
ERPImporta.exe: 000027DC: 14:38:16 [TUniServerModule]:Start Path = C:\Projetos_WEB\ERP_Importa\
ERPImporta.exe: 000027DC: 14:38:16 [TUniServerModule]:Debug Mode = ON
ERPImporta.exe: 000027DC: 14:38:17 [TUniServerModule]:Starting HTTP Server on Port: 8077...
ERPImporta.exe: 000027DC: 14:38:17 [TUniServerModule]:HTTP Server Started on Port: 8077
ERPImporta.exe: 000036A8: 14:38:45 []:>--------------------------------------------------------------<
ERPImporta.exe: 000036A8: 14:38:45 [TUniServerModule]:Server First Init.
ERPImporta.exe: 000036A8: 14:38:45 [TUniServerModule]:Start Path = C:\Projetos_WEB\ERP_Importa\
ERPImporta.exe: 000036A8: 14:38:45 [TUniServerModule]:Starting HTTP Server on Port: 8077...
ERPImporta.exe: 000036A8: 14:38:45 [TUniServerModule]:HTTP Server Started on Port: 8077
ERPImporta.exe: 000036A8: 14:39:04 [TUniServerModule]:Shutting Down Server.
ERPImporta.exe: 000036A8: 14:39:04 [TUniServerModule]:Stopping HTTP Server.
ERPImporta.exe: 000036A8: 14:39:05 [TUniServerModule]:HTTP Server Stopped.
ERPImporta.exe: 000036A8: 14:39:05 [TUniGUISessionManager]:Terminating Session manager.
ERPImporta.exe: 000036A8: 14:39:05 [TUniGUISessionManager]:Stopping Cache Eraser...
ERPImporta.exe: 000036A8: 14:39:05 [TUniGUISessionManager]:Cache Eraser Stopped.
ERPImporta.exe: 000036A8: 14:39:05 [TUniGUISessionManager]:Destroying Worker Threads.
ERPImporta.exe: 000036A8: 14:39:05 [TUniGUISessionManager]:Session manager terminated.
ERPImporta.exe: 000036A8: 14:39:05 [TUniServerModule]:Server Shutdown Completed.
ERPImporta.exe: 000036A8: 14:39:05 []:<-------------------------------------------------------------->
ERPImporta.exe: 000036A8: 14:39:05 [Terminated]:Exit Code: 0
ERPImporta.exe: 000024C4: 14:39:08 []:>--------------------------------------------------------------<
ERPImporta.exe: 000024C4: 14:39:08 [TUniServerModule]:Server First Init.
ERPImporta.exe: 000024C4: 14:39:08 [TUniServerModule]:Start Path = C:\Projetos_WEB\ERP_Importa\
ERPImporta.exe: 000024C4: 14:39:08 [TUniServerModule]:Debug Mode = ON
ERPImporta.exe: 000024C4: 14:39:09 [TUniServerModule]:Starting HTTP Server on Port: 8077...
ERPImporta.exe: 000024C4: 14:39:09 [TUniServerModule]:HTTP Server Started on Port: 8077
ERPImporta.exe: 00002EA4: 14:39:59 []:>--------------------------------------------------------------<
ERPImporta.exe: 00002EA4: 14:39:59 [TUniServerModule]:Server First Init.
ERPImporta.exe: 00002EA4: 14:39:59 [TUniServerModule]:Start Path = C:\Projetos_WEB\ERP_Importa\
ERPImporta.exe: 00002EA4: 14:39:59 [TUniServerModule]:Debug Mode = ON
ERPImporta.exe: 00002EA4: 14:40:00 [TUniServerModule]:Starting HTTP Server on Port: 8077...
ERPImporta.exe: 00002EA4: 14:40:00 [TUniServerModule]:HTTP Server Started on Port: 8077
ERPImporta.exe: 00002460: 14:40:30 []:>--------------------------------------------------------------<
ERPImporta.exe: 00002460: 14:40:30 [TUniServerModule]:Server First Init.
ERPImporta.exe: 00002460: 14:40:30 [TUniServerModule]:Start Path = C:\Projetos_WEB\ERP_Importa\
ERPImporta.exe: 00002460: 14:40:30 [TUniServerModule]:Debug Mode = ON
ERPImporta.exe: 00002460: 14:40:30 [TUniGUISessionManager]:Cache erase job created, Folder count: [1]
ERPImporta.exe: 00002460: 14:40:31 [TUniServerModule]:Starting HTTP Server on Port: 8077...
ERPImporta.exe: 00002460: 14:40:31 [TUniServerModule]:HTTP Server Started on Port: 8077
ERPImporta.exe: 00002B98: 14:42:35 []:>--------------------------------------------------------------<
ERPImporta.exe: 00002B98: 14:42:35 [TUniServerModule]:Server First Init.
ERPImporta.exe: 00002B98: 14:42:35 [TUniServerModule]:Start Path = C:\Projetos_WEB\ERP_Importa\
ERPImporta.exe: 00002B98: 14:42:35 [TUniServerModule]:Debug Mode = ON
ERPImporta.exe: 00002B98: 14:42:35 [TUniServerModule]:Starting HTTP Server on Port: 8077...
ERPImporta.exe: 00002B98: 14:42:35 [TUniServerModule]:HTTP Server Started on Port: 8077
ERPImporta.exe: 00001358: 14:43:10 []:>--------------------------------------------------------------<
ERPImporta.exe: 00001358: 14:43:10 [TUniServerModule]:Server First Init.
ERPImporta.exe: 00001358: 14:43:10 [TUniServerModule]:Start Path = C:\Projetos_WEB\ERP_Importa\
ERPImporta.exe: 00001358: 14:43:10 [TUniServerModule]:Debug Mode = ON
ERPImporta.exe: 00001358: 14:43:11 [TUniServerModule]:Starting HTTP Server on Port: 8077...
ERPImporta.exe: 00001358: 14:43:11 [TUniServerModule]:HTTP Server Started on Port: 8077
ERPImporta.exe: 000036CC: 14:43:39 []:>--------------------------------------------------------------<
ERPImporta.exe: 000036CC: 14:43:39 [TUniServerModule]:Server First Init.
ERPImporta.exe: 000036CC: 14:43:39 [TUniServerModule]:Start Path = C:\Projetos_WEB\ERP_Importa\
ERPImporta.exe: 000036CC: 14:43:39 [TUniServerModule]:Debug Mode = ON
ERPImporta.exe: 000036CC: 14:43:39 [TUniGUISessionManager]:Cache erase job created, Folder count: [1]
ERPImporta.exe: 000036CC: 14:43:40 [TUniServerModule]:Starting HTTP Server on Port: 8077...
ERPImporta.exe: 000036CC: 14:43:40 [TUniServerModule]:HTTP Server Started on Port: 8077
ERPImporta.exe: 00002AA8: 14:43:58 []:>--------------------------------------------------------------<
ERPImporta.exe: 00002AA8: 14:43:58 [TUniServerModule]:Server First Init.
ERPImporta.exe: 00002AA8: 14:43:58 [TUniServerModule]:Start Path = C:\Projetos_WEB\ERP_Importa\
ERPImporta.exe: 00002AA8: 14:43:58 [TUniServerModule]:Debug Mode = ON
ERPImporta.exe: 00002AA8: 14:43:58 [TUniGUISessionManager]:Cache erase job created, Folder count: [1]
ERPImporta.exe: 00002AA8: 14:43:59 [TUniServerModule]:Starting HTTP Server on Port: 8077...
ERPImporta.exe: 00002AA8: 14:43:59 [TUniServerModule]:HTTP Server Started on Port: 8077
ERPImporta.exe: 00003874: 14:47:11 []:>--------------------------------------------------------------<
ERPImporta.exe: 00003874: 14:47:11 [TUniServerModule]:Server First Init.
ERPImporta.exe: 00003874: 14:47:11 [TUniServerModule]:Start Path = C:\Projetos_WEB\ERP_Importa\
ERPImporta.exe: 00003874: 14:47:11 [TUniServerModule]:Debug Mode = ON
ERPImporta.exe: 00003874: 14:47:12 [TUniServerModule]:Starting HTTP Server on Port: 8077...
ERPImporta.exe: 00003874: 14:47:12 [TUniServerModule]:HTTP Server Started on Port: 8077
ERPImporta.exe: 00000A74: 15:05:32 []:>--------------------------------------------------------------<
ERPImporta.exe: 00000A74: 15:05:32 [TUniServerModule]:Server First Init.
ERPImporta.exe: 00000A74: 15:05:32 [TUniServerModule]:Start Path = C:\Projetos_WEB\ERP_Importa\
ERPImporta.exe: 00000A74: 15:05:32 [TUniServerModule]:Debug Mode = ON
ERPImporta.exe: 00000A74: 15:05:32 [TUniServerModule]:Starting HTTP Server on Port: 8077...
ERPImporta.exe: 00000A74: 15:05:32 [TUniServerModule]:HTTP Server Started on Port: 8077
ERPImporta.exe: 00002F6C: 15:11:21 []:>--------------------------------------------------------------<
ERPImporta.exe: 00002F6C: 15:11:21 [TUniServerModule]:Server First Init.
ERPImporta.exe: 00002F6C: 15:11:21 [TUniServerModule]:Start Path = C:\Projetos_WEB\ERP_Importa\
ERPImporta.exe: 00002F6C: 15:11:21 [TUniServerModule]:Debug Mode = ON
ERPImporta.exe: 00002F6C: 15:11:21 [TUniGUISessionManager]:Cache erase job created, Folder count: [1]
ERPImporta.exe: 00002F6C: 15:11:22 [TUniServerModule]:Starting HTTP Server on Port: 8077...
ERPImporta.exe: 00002F6C: 15:11:22 [TUniServerModule]:HTTP Server Started on Port: 8077
ERPImporta.exe: 000026C0: 15:12:29 []:>--------------------------------------------------------------<
ERPImporta.exe: 000026C0: 15:12:29 [TUniServerModule]:Server First Init.
ERPImporta.exe: 000026C0: 15:12:29 [TUniServerModule]:Start Path = C:\Projetos_WEB\ERP_Importa\
ERPImporta.exe: 000026C0: 15:12:29 [TUniServerModule]:Debug Mode = ON
ERPImporta.exe: 000026C0: 15:12:29 [TUniGUISessionManager]:Cache erase job created, Folder count: [1]
ERPImporta.exe: 000026C0: 15:12:30 [TUniServerModule]:Starting HTTP Server on Port: 8077...
ERPImporta.exe: 000026C0: 15:12:30 [TUniServerModule]:HTTP Server Started on Port: 8077
ERPImporta.exe: 000022F8: 15:13:14 []:>--------------------------------------------------------------<
ERPImporta.exe: 000022F8: 15:13:14 [TUniServerModule]:Server First Init.
ERPImporta.exe: 000022F8: 15:13:14 [TUniServerModule]:Start Path = C:\Projetos_WEB\ERP_Importa\
ERPImporta.exe: 000022F8: 15:13:14 [TUniServerModule]:Debug Mode = ON
ERPImporta.exe: 000022F8: 15:13:15 [TUniServerModule]:Starting HTTP Server on Port: 8077...
ERPImporta.exe: 000022F8: 15:13:15 [TUniServerModule]:HTTP Server Started on Port: 8077
ERPImporta.exe: 00002A1C: 15:39:24 []:>--------------------------------------------------------------<
ERPImporta.exe: 00002A1C: 15:39:24 [TUniServerModule]:Server First Init.
ERPImporta.exe: 00002A1C: 15:39:24 [TUniServerModule]:Start Path = C:\Projetos_WEB\ERP_Importa\
ERPImporta.exe: 00002A1C: 15:39:24 [TUniServerModule]:Debug Mode = ON
ERPImporta.exe: 00002A1C: 15:39:24 [TUniGUISessionManager]:Cache erase job created, Folder count: [1]
ERPImporta.exe: 00002A1C: 15:39:25 [TUniServerModule]:Starting HTTP Server on Port: 8077...
ERPImporta.exe: 00002A1C: 15:39:25 [TUniServerModule]:HTTP Server Started on Port: 8077
ERPImporta.exe: 0000353C: 15:40:49 []:>--------------------------------------------------------------<
ERPImporta.exe: 0000353C: 15:40:49 [TUniServerModule]:Server First Init.
ERPImporta.exe: 0000353C: 15:40:49 [TUniServerModule]:Start Path = C:\Projetos_WEB\ERP_Importa\
ERPImporta.exe: 0000353C: 15:40:49 [TUniServerModule]:Debug Mode = ON
ERPImporta.exe: 0000353C: 15:40:49 [TUniServerModule]:Starting HTTP Server on Port: 8077...
ERPImporta.exe: 0000353C: 15:40:49 [TUniServerModule]:HTTP Server Started on Port: 8077
ERPImporta.exe: 00000784: 15:43:22 []:>--------------------------------------------------------------<
ERPImporta.exe: 00000784: 15:43:22 [TUniServerModule]:Server First Init.
ERPImporta.exe: 00000784: 15:43:22 [TUniServerModule]:Start Path = C:\Projetos_WEB\ERP_Importa\
ERPImporta.exe: 00000784: 15:43:22 [TUniServerModule]:Debug Mode = ON
ERPImporta.exe: 00000784: 15:43:22 [TUniServerModule]:Starting HTTP Server on Port: 8077...
ERPImporta.exe: 00000784: 15:43:22 [TUniServerModule]:HTTP Server Started on Port: 8077
ERPImporta.exe: 00000D9C: 15:43:50 []:>--------------------------------------------------------------<
ERPImporta.exe: 00000D9C: 15:43:50 [TUniServerModule]:Server First Init.
ERPImporta.exe: 00000D9C: 15:43:50 [TUniServerModule]:Start Path = C:\Projetos_WEB\ERP_Importa\
ERPImporta.exe: 00000D9C: 15:43:50 [TUniServerModule]:Debug Mode = ON
ERPImporta.exe: 00000D9C: 15:43:50 [TUniServerModule]:Starting HTTP Server on Port: 8077...
ERPImporta.exe: 00000D9C: 15:43:50 [TUniServerModule]:HTTP Server Started on Port: 8077
ERPImporta.exe: 000027A4: 15:47:32 []:>--------------------------------------------------------------<
ERPImporta.exe: 000027A4: 15:47:32 [TUniServerModule]:Server First Init.
ERPImporta.exe: 000027A4: 15:47:32 [TUniServerModule]:Start Path = C:\Projetos_WEB\ERP_Importa\
ERPImporta.exe: 000027A4: 15:47:32 [TUniServerModule]:Debug Mode = ON
ERPImporta.exe: 000027A4: 15:47:32 [TUniServerModule]:Starting HTTP Server on Port: 8077...
ERPImporta.exe: 000027A4: 15:47:32 [TUniServerModule]:HTTP Server Started on Port: 8077
ERPImporta.exe: 00000E08: 15:48:52 []:>--------------------------------------------------------------<
ERPImporta.exe: 00000E08: 15:48:52 [TUniServerModule]:Server First Init.
ERPImporta.exe: 00000E08: 15:48:52 [TUniServerModule]:Start Path = C:\Projetos_WEB\ERP_Importa\
ERPImporta.exe: 00000E08: 15:48:52 [TUniServerModule]:Debug Mode = ON
ERPImporta.exe: 00000E08: 15:48:53 [TUniServerModule]:Starting HTTP Server on Port: 8077...
ERPImporta.exe: 00000E08: 15:48:53 [TUniServerModule]:HTTP Server Started on Port: 8077
ERPImporta.exe: 00003110: 15:50:57 []:>--------------------------------------------------------------<
ERPImporta.exe: 00003110: 15:50:57 [TUniServerModule]:Server First Init.
ERPImporta.exe: 00003110: 15:50:57 [TUniServerModule]:Start Path = C:\Projetos_WEB\ERP_Importa\
ERPImporta.exe: 00003110: 15:50:57 [TUniServerModule]:Debug Mode = ON
ERPImporta.exe: 00003110: 15:50:57 [TUniServerModule]:Starting HTTP Server on Port: 8077...
ERPImporta.exe: 00003110: 15:50:57 [TUniServerModule]:HTTP Server Started on Port: 8077
ERPImporta.exe: 000037AC: 15:57:06 []:>--------------------------------------------------------------<
ERPImporta.exe: 000037AC: 15:57:06 [TUniServerModule]:Server First Init.
ERPImporta.exe: 000037AC: 15:57:06 [TUniServerModule]:Start Path = C:\Projetos_WEB\ERP_Importa\
ERPImporta.exe: 000037AC: 15:57:06 [TUniServerModule]:Debug Mode = ON
ERPImporta.exe: 000037AC: 15:57:07 [TUniServerModule]:Starting HTTP Server on Port: 8077...
ERPImporta.exe: 000037AC: 15:57:07 [TUniServerModule]:HTTP Server Started on Port: 8077
ERPImporta.exe: 0000068C: 15:57:17 [HandleFileRequest[127.0.0.1]]:File not found: C:\Projetos_WEB\ERP_Importa\files\images\fundo8.jpg
ERPImporta.exe: 00000730: 15:59:10 []:>--------------------------------------------------------------<
ERPImporta.exe: 00000730: 15:59:10 [TUniServerModule]:Server First Init.
ERPImporta.exe: 00000730: 15:59:10 [TUniServerModule]:Start Path = C:\Projetos_WEB\ERP_Importa\
ERPImporta.exe: 00000730: 15:59:10 [TUniServerModule]:Debug Mode = ON
ERPImporta.exe: 00000730: 15:59:10 [TUniServerModule]:Starting HTTP Server on Port: 8077...
ERPImporta.exe: 00000730: 15:59:10 [TUniServerModule]:HTTP Server Started on Port: 8077
ERPImporta.exe: 00001A80: 16:03:41 []:>--------------------------------------------------------------<
ERPImporta.exe: 00001A80: 16:03:41 [TUniServerModule]:Server First Init.
ERPImporta.exe: 00001A80: 16:03:41 [TUniServerModule]:Start Path = C:\Projetos_WEB\ERP_Importa\
ERPImporta.exe: 00001A80: 16:03:41 [TUniServerModule]:Debug Mode = ON
ERPImporta.exe: 00001A80: 16:03:41 [TUniServerModule]:Starting HTTP Server on Port: 8077...
ERPImporta.exe: 00001A80: 16:03:41 [TUniServerModule]:HTTP Server Started on Port: 8077
ERPImporta.exe: 0000309C: 16:04:46 []:>--------------------------------------------------------------<
ERPImporta.exe: 0000309C: 16:04:46 [TUniServerModule]:Server First Init.
ERPImporta.exe: 0000309C: 16:04:46 [TUniServerModule]:Start Path = C:\Projetos_WEB\ERP_Importa\
ERPImporta.exe: 0000309C: 16:04:46 [TUniServerModule]:Debug Mode = ON
ERPImporta.exe: 0000309C: 16:04:46 [TUniGUISessionManager]:Cache erase job created, Folder count: [1]
ERPImporta.exe: 0000309C: 16:04:46 [TUniServerModule]:Starting HTTP Server on Port: 8077...
ERPImporta.exe: 0000309C: 16:04:47 [TUniServerModule]:HTTP Server Started on Port: 8077
ERPImporta.exe: 00000768: 16:05:00 []:>--------------------------------------------------------------<
ERPImporta.exe: 00000768: 16:05:00 [TUniServerModule]:Server First Init.
ERPImporta.exe: 00000768: 16:05:00 [TUniServerModule]:Start Path = C:\Projetos_WEB\ERP_Importa\
ERPImporta.exe: 00000768: 16:05:00 [TUniServerModule]:Debug Mode = ON
ERPImporta.exe: 00000768: 16:05:00 [TUniServerModule]:Starting HTTP Server on Port: 8077...
ERPImporta.exe: 00000768: 16:05:00 [TUniServerModule]:HTTP Server Started on Port: 8077
ERPImporta.exe: 000027A8: 16:13:19 []:>--------------------------------------------------------------<
ERPImporta.exe: 000027A8: 16:13:19 [TUniServerModule]:Server First Init.
ERPImporta.exe: 000027A8: 16:13:19 [TUniServerModule]:Start Path = C:\Projetos_WEB\ERP_Importa\
ERPImporta.exe: 000027A8: 16:13:19 [TUniServerModule]:Debug Mode = ON
ERPImporta.exe: 000027A8: 16:13:19 [TUniGUISessionManager]:Cache erase job created, Folder count: [1]
ERPImporta.exe: 000027A8: 16:13:19 [TUniServerModule]:Starting HTTP Server on Port: 8077...
ERPImporta.exe: 000027A8: 16:13:19 [TUniServerModule]:HTTP Server Started on Port: 8077
ERPImporta.exe: 00002EE4: 16:17:25 []:>--------------------------------------------------------------<
ERPImporta.exe: 00002EE4: 16:17:25 [TUniServerModule]:Server First Init.
ERPImporta.exe: 00002EE4: 16:17:25 [TUniServerModule]:Start Path = C:\Projetos_WEB\ERP_Importa\
ERPImporta.exe: 00002EE4: 16:17:25 [TUniServerModule]:Debug Mode = ON
ERPImporta.exe: 00002EE4: 16:17:25 [TUniServerModule]:Starting HTTP Server on Port: 8077...
ERPImporta.exe: 00002EE4: 16:17:25 [TUniServerModule]:HTTP Server Started on Port: 8077
ERPImporta.exe: 0000350C: 16:18:23 []:>--------------------------------------------------------------<
ERPImporta.exe: 0000350C: 16:18:23 [TUniServerModule]:Server First Init.
ERPImporta.exe: 0000350C: 16:18:23 [TUniServerModule]:Start Path = C:\Projetos_WEB\ERP_Importa\
ERPImporta.exe: 0000350C: 16:18:23 [TUniServerModule]:Debug Mode = ON
ERPImporta.exe: 0000350C: 16:18:23 [TUniServerModule]:Starting HTTP Server on Port: 8077...
ERPImporta.exe: 0000350C: 16:18:23 [TUniServerModule]:HTTP Server Started on Port: 8077
ERPImporta.exe: 000020BC: 16:21:12 []:>--------------------------------------------------------------<
ERPImporta.exe: 000020BC: 16:21:12 [TUniServerModule]:Server First Init.
ERPImporta.exe: 000020BC: 16:21:12 [TUniServerModule]:Start Path = C:\Projetos_WEB\ERP_Importa\
ERPImporta.exe: 000020BC: 16:21:12 [TUniServerModule]:Debug Mode = ON
ERPImporta.exe: 000020BC: 16:21:13 [TUniServerModule]:Starting HTTP Server on Port: 8077...
ERPImporta.exe: 000020BC: 16:21:13 [TUniServerModule]:HTTP Server Started on Port: 8077
ERPImporta.exe: 000020C0: 16:22:17 []:>--------------------------------------------------------------<
ERPImporta.exe: 000020C0: 16:22:17 [TUniServerModule]:Server First Init.
ERPImporta.exe: 000020C0: 16:22:17 [TUniServerModule]:Start Path = C:\Projetos_WEB\ERP_Importa\
ERPImporta.exe: 000020C0: 16:22:17 [TUniServerModule]:Debug Mode = ON
ERPImporta.exe: 000020C0: 16:22:17 [TUniGUISessionManager]:Cache erase job created, Folder count: [1]
ERPImporta.exe: 000020C0: 16:22:18 [TUniServerModule]:Starting HTTP Server on Port: 8077...
ERPImporta.exe: 000020C0: 16:22:18 [TUniServerModule]:HTTP Server Started on Port: 8077
ERPImporta.exe: 000009D4: 16:22:52 []:>--------------------------------------------------------------<
ERPImporta.exe: 000009D4: 16:22:52 [TUniServerModule]:Server First Init.
ERPImporta.exe: 000009D4: 16:22:52 [TUniServerModule]:Start Path = C:\Projetos_WEB\ERP_Importa\
ERPImporta.exe: 000009D4: 16:22:52 [TUniServerModule]:Debug Mode = ON
ERPImporta.exe: 000009D4: 16:22:52 [TUniServerModule]:Starting HTTP Server on Port: 8077...
ERPImporta.exe: 000009D4: 16:22:52 [TUniServerModule]:HTTP Server Started on Port: 8077
ERPImporta.exe: 000038EC: 16:23:52 []:>--------------------------------------------------------------<
ERPImporta.exe: 000038EC: 16:23:52 [TUniServerModule]:Server First Init.
ERPImporta.exe: 000038EC: 16:23:52 [TUniServerModule]:Start Path = C:\Projetos_WEB\ERP_Importa\
ERPImporta.exe: 000038EC: 16:23:52 [TUniServerModule]:Debug Mode = ON
ERPImporta.exe: 000038EC: 16:23:52 [TUniServerModule]:Starting HTTP Server on Port: 8077...
ERPImporta.exe: 000038EC: 16:23:52 [TUniServerModule]:HTTP Server Started on Port: 8077
ERPImporta.exe: 00000464: 16:24:42 []:>--------------------------------------------------------------<
ERPImporta.exe: 00000464: 16:24:42 [TUniServerModule]:Server First Init.
ERPImporta.exe: 00000464: 16:24:42 [TUniServerModule]:Start Path = C:\Projetos_WEB\ERP_Importa\
ERPImporta.exe: 00000464: 16:24:42 [TUniServerModule]:Debug Mode = ON
ERPImporta.exe: 00000464: 16:24:43 [TUniServerModule]:Starting HTTP Server on Port: 8077...
ERPImporta.exe: 00000464: 16:24:43 [TUniServerModule]:HTTP Server Started on Port: 8077
ERPImporta.exe: 00002498: 16:25:06 []:>--------------------------------------------------------------<
ERPImporta.exe: 00002498: 16:25:06 [TUniServerModule]:Server First Init.
ERPImporta.exe: 00002498: 16:25:06 [TUniServerModule]:Start Path = C:\Projetos_WEB\ERP_Importa\
ERPImporta.exe: 00002498: 16:25:06 [TUniServerModule]:Debug Mode = ON
ERPImporta.exe: 00002498: 16:25:06 [TUniGUISessionManager]:Cache erase job created, Folder count: [1]
ERPImporta.exe: 00002498: 16:25:06 [TUniServerModule]:Starting HTTP Server on Port: 8077...
ERPImporta.exe: 00002498: 16:25:06 [TUniServerModule]:HTTP Server Started on Port: 8077
ERPImporta.exe: 000016FC: 16:25:26 []:>--------------------------------------------------------------<
ERPImporta.exe: 000016FC: 16:25:26 [TUniServerModule]:Server First Init.
ERPImporta.exe: 000016FC: 16:25:26 [TUniServerModule]:Start Path = C:\Projetos_WEB\ERP_Importa\
ERPImporta.exe: 000016FC: 16:25:26 [TUniServerModule]:Debug Mode = ON
ERPImporta.exe: 000016FC: 16:25:26 [TUniServerModule]:Starting HTTP Server on Port: 8077...
ERPImporta.exe: 000016FC: 16:25:26 [TUniServerModule]:HTTP Server Started on Port: 8077
ERPImporta.exe: 000011B8: 16:25:58 []:>--------------------------------------------------------------<
ERPImporta.exe: 000011B8: 16:25:58 [TUniServerModule]:Server First Init.
ERPImporta.exe: 000011B8: 16:25:58 [TUniServerModule]:Start Path = C:\Projetos_WEB\ERP_Importa\
ERPImporta.exe: 000011B8: 16:25:58 [TUniServerModule]:Debug Mode = ON
ERPImporta.exe: 000011B8: 16:25:59 [TUniServerModule]:Starting HTTP Server on Port: 8077...
ERPImporta.exe: 000011B8: 16:25:59 [TUniServerModule]:HTTP Server Started on Port: 8077
ERPImporta.exe: 00000CA0: 16:26:31 []:>--------------------------------------------------------------<
ERPImporta.exe: 00000CA0: 16:26:31 [TUniServerModule]:Server First Init.
ERPImporta.exe: 00000CA0: 16:26:31 [TUniServerModule]:Start Path = C:\Projetos_WEB\ERP_Importa\
ERPImporta.exe: 00000CA0: 16:26:31 [TUniServerModule]:Debug Mode = ON
ERPImporta.exe: 00000CA0: 16:26:31 [TUniServerModule]:Starting HTTP Server on Port: 8077...
ERPImporta.exe: 00000CA0: 16:26:32 [TUniServerModule]:HTTP Server Started on Port: 8077
ERPImporta.exe: 00001E7C: 16:27:14 []:>--------------------------------------------------------------<
ERPImporta.exe: 00001E7C: 16:27:14 [TUniServerModule]:Server First Init.
ERPImporta.exe: 00001E7C: 16:27:14 [TUniServerModule]:Start Path = C:\Projetos_WEB\ERP_Importa\
ERPImporta.exe: 00001E7C: 16:27:14 [TUniServerModule]:Debug Mode = ON
ERPImporta.exe: 00001E7C: 16:27:15 [TUniServerModule]:Starting HTTP Server on Port: 8077...
ERPImporta.exe: 00001E7C: 16:27:15 [TUniServerModule]:HTTP Server Started on Port: 8077
ERPImporta.exe: 00001C60: 16:28:11 []:>--------------------------------------------------------------<
ERPImporta.exe: 00001C60: 16:28:11 [TUniServerModule]:Server First Init.
ERPImporta.exe: 00001C60: 16:28:11 [TUniServerModule]:Start Path = C:\Projetos_WEB\ERP_Importa\
ERPImporta.exe: 00001C60: 16:28:11 [TUniServerModule]:Debug Mode = ON
ERPImporta.exe: 00001C60: 16:28:11 [TUniServerModule]:Starting HTTP Server on Port: 8077...
ERPImporta.exe: 00001C60: 16:28:11 [TUniServerModule]:HTTP Server Started on Port: 8077
ERPImporta.exe: 0000026C: 16:30:46 []:>--------------------------------------------------------------<
ERPImporta.exe: 0000026C: 16:30:46 [TUniServerModule]:Server First Init.
ERPImporta.exe: 0000026C: 16:30:46 [TUniServerModule]:Start Path = C:\Projetos_WEB\ERP_Importa\
ERPImporta.exe: 0000026C: 16:30:46 [TUniServerModule]:Debug Mode = ON
ERPImporta.exe: 0000026C: 16:30:46 [TUniServerModule]:Starting HTTP Server on Port: 8077...
ERPImporta.exe: 0000026C: 16:30:46 [TUniServerModule]:HTTP Server Started on Port: 8077
ERPImporta.exe: 000011B4: 16:32:29 []:>--------------------------------------------------------------<
ERPImporta.exe: 000011B4: 16:32:29 [TUniServerModule]:Server First Init.
ERPImporta.exe: 000011B4: 16:32:29 [TUniServerModule]:Start Path = C:\Projetos_WEB\ERP_Importa\
ERPImporta.exe: 000011B4: 16:32:29 [TUniServerModule]:Debug Mode = ON
ERPImporta.exe: 000011B4: 16:32:30 [TUniServerModule]:Starting HTTP Server on Port: 8077...
ERPImporta.exe: 000011B4: 16:32:30 [TUniServerModule]:HTTP Server Started on Port: 8077
ERPImporta.exe: 00000850: 16:33:33 []:>--------------------------------------------------------------<
ERPImporta.exe: 00000850: 16:33:33 [TUniServerModule]:Server First Init.
ERPImporta.exe: 00000850: 16:33:33 [TUniServerModule]:Start Path = C:\Projetos_WEB\ERP_Importa\
ERPImporta.exe: 00000850: 16:33:33 [TUniServerModule]:Debug Mode = ON
ERPImporta.exe: 00000850: 16:33:33 [TUniServerModule]:Starting HTTP Server on Port: 8077...
ERPImporta.exe: 00000850: 16:33:33 [TUniServerModule]:HTTP Server Started on Port: 8077
ERPImporta.exe: 000033B8: 16:34:15 [127.0.0.1]:UniErrorException : Event:confirm, Object: O4ED not found in session list. It could be timed out, refresh page and try again : Addr: $00000000
ERPImporta.exe: 00002AE8: 16:34:45 []:>--------------------------------------------------------------<
ERPImporta.exe: 00002AE8: 16:34:45 [TUniServerModule]:Server First Init.
ERPImporta.exe: 00002AE8: 16:34:45 [TUniServerModule]:Start Path = C:\Projetos_WEB\ERP_Importa\
ERPImporta.exe: 00002AE8: 16:34:45 [TUniServerModule]:Debug Mode = ON
ERPImporta.exe: 00002AE8: 16:34:46 [TUniServerModule]:Starting HTTP Server on Port: 8077...
ERPImporta.exe: 00002AE8: 16:34:46 [TUniServerModule]:HTTP Server Started on Port: 8077
ERPImporta.exe: 000023A4: 16:35:02 []:>--------------------------------------------------------------<
ERPImporta.exe: 000023A4: 16:35:02 [TUniServerModule]:Server First Init.
ERPImporta.exe: 000023A4: 16:35:02 [TUniServerModule]:Start Path = C:\Projetos_WEB\ERP_Importa\
ERPImporta.exe: 000023A4: 16:35:02 [TUniServerModule]:Debug Mode = ON
ERPImporta.exe: 000023A4: 16:35:02 [TUniGUISessionManager]:Cache erase job created, Folder count: [1]
ERPImporta.exe: 000023A4: 16:35:03 [TUniServerModule]:Starting HTTP Server on Port: 8077...
ERPImporta.exe: 000023A4: 16:35:03 [TUniServerModule]:HTTP Server Started on Port: 8077
ERPImporta.exe: 00001690: 16:35:22 []:>--------------------------------------------------------------<
ERPImporta.exe: 00001690: 16:35:22 [TUniServerModule]:Server First Init.
ERPImporta.exe: 00001690: 16:35:22 [TUniServerModule]:Start Path = C:\Projetos_WEB\ERP_Importa\
ERPImporta.exe: 00001690: 16:35:22 [TUniServerModule]:Debug Mode = ON
ERPImporta.exe: 00001690: 16:35:22 [TUniGUISessionManager]:Cache erase job created, Folder count: [1]
ERPImporta.exe: 00001690: 16:35:23 [TUniServerModule]:Starting HTTP Server on Port: 8077...
ERPImporta.exe: 00001690: 16:35:23 [TUniServerModule]:HTTP Server Started on Port: 8077
ERPImporta.exe: 000026A4: 16:35:33 []:>--------------------------------------------------------------<
ERPImporta.exe: 000026A4: 16:35:33 [TUniServerModule]:Server First Init.
ERPImporta.exe: 000026A4: 16:35:33 [TUniServerModule]:Start Path = C:\Projetos_WEB\ERP_Importa\
ERPImporta.exe: 000026A4: 16:35:33 [TUniServerModule]:Debug Mode = ON
ERPImporta.exe: 000026A4: 16:35:33 [TUniGUISessionManager]:Cache erase job created, Folder count: [1]
ERPImporta.exe: 000026A4: 16:35:33 [TUniServerModule]:Starting HTTP Server on Port: 8077...
ERPImporta.exe: 000026A4: 16:35:34 [TUniServerModule]:HTTP Server Started on Port: 8077
ERPImporta.exe: 00000948: 16:35:59 []:>--------------------------------------------------------------<
ERPImporta.exe: 00000948: 16:35:59 [TUniServerModule]:Server First Init.
ERPImporta.exe: 00000948: 16:35:59 [TUniServerModule]:Start Path = C:\Projetos_WEB\ERP_Importa\
ERPImporta.exe: 00000948: 16:35:59 [TUniServerModule]:Debug Mode = ON
ERPImporta.exe: 00000948: 16:35:59 [TUniGUISessionManager]:Cache erase job created, Folder count: [1]
ERPImporta.exe: 00000948: 16:36:00 [TUniServerModule]:Starting HTTP Server on Port: 8077...
ERPImporta.exe: 00000948: 16:36:00 [TUniServerModule]:HTTP Server Started on Port: 8077
ERPImporta.exe: 00002C88: 16:36:17 []:>--------------------------------------------------------------<
ERPImporta.exe: 00002C88: 16:36:17 [TUniServerModule]:Server First Init.
ERPImporta.exe: 00002C88: 16:36:17 [TUniServerModule]:Start Path = C:\Projetos_WEB\ERP_Importa\
ERPImporta.exe: 00002C88: 16:36:17 [TUniServerModule]:Debug Mode = ON
ERPImporta.exe: 00002C88: 16:36:17 [TUniServerModule]:Starting HTTP Server on Port: 8077...
ERPImporta.exe: 00002C88: 16:36:17 [TUniServerModule]:HTTP Server Started on Port: 8077
ERPImporta.exe: 00002420: 16:39:37 []:>--------------------------------------------------------------<
ERPImporta.exe: 00002420: 16:39:37 [TUniServerModule]:Server First Init.
ERPImporta.exe: 00002420: 16:39:37 [TUniServerModule]:Start Path = C:\Projetos_WEB\ERP_Importa\
ERPImporta.exe: 00002420: 16:39:37 [TUniServerModule]:Debug Mode = ON
ERPImporta.exe: 00002420: 16:39:37 [TUniGUISessionManager]:Cache erase job created, Folder count: [1]
ERPImporta.exe: 00002420: 16:39:38 [TUniServerModule]:Starting HTTP Server on Port: 8077...
ERPImporta.exe: 00002420: 16:39:38 [TUniServerModule]:HTTP Server Started on Port: 8077
ERPImporta.exe: 00001D4C: 16:39:53 []:>--------------------------------------------------------------<
ERPImporta.exe: 00001D4C: 16:39:53 [TUniServerModule]:Server First Init.
ERPImporta.exe: 00001D4C: 16:39:53 [TUniServerModule]:Start Path = C:\Projetos_WEB\ERP_Importa\
ERPImporta.exe: 00001D4C: 16:39:53 [TUniServerModule]:Debug Mode = ON
ERPImporta.exe: 00001D4C: 16:39:53 [TUniGUISessionManager]:Cache erase job created, Folder count: [1]
ERPImporta.exe: 00001D4C: 16:39:53 [TUniServerModule]:Starting HTTP Server on Port: 8077...
ERPImporta.exe: 00001D4C: 16:39:53 [TUniServerModule]:HTTP Server Started on Port: 8077
ERPImporta.exe: 00000EEC: 16:40:09 []:>--------------------------------------------------------------<
ERPImporta.exe: 00000EEC: 16:40:09 [TUniServerModule]:Server First Init.
ERPImporta.exe: 00000EEC: 16:40:09 [TUniServerModule]:Start Path = C:\Projetos_WEB\ERP_Importa\
ERPImporta.exe: 00000EEC: 16:40:09 [TUniServerModule]:Debug Mode = ON
ERPImporta.exe: 00000EEC: 16:40:10 [TUniServerModule]:Starting HTTP Server on Port: 8077...
ERPImporta.exe: 00000EEC: 16:40:10 [TUniServerModule]:HTTP Server Started on Port: 8077
ERPImporta.exe: 00002970: 16:42:18 []:>--------------------------------------------------------------<
ERPImporta.exe: 00002970: 16:42:18 [TUniServerModule]:Server First Init.
ERPImporta.exe: 00002970: 16:42:18 [TUniServerModule]:Start Path = C:\Projetos_WEB\ERP_Importa\
ERPImporta.exe: 00002970: 16:42:18 [TUniServerModule]:Debug Mode = ON
ERPImporta.exe: 00002970: 16:42:19 [TUniServerModule]:Starting HTTP Server on Port: 8077...
ERPImporta.exe: 00002970: 16:42:19 [TUniServerModule]:HTTP Server Started on Port: 8077
ERPImporta.exe: 00001418: 16:44:58 []:>--------------------------------------------------------------<
ERPImporta.exe: 00001418: 16:44:58 [TUniServerModule]:Server First Init.
ERPImporta.exe: 00001418: 16:44:58 [TUniServerModule]:Start Path = C:\Projetos_WEB\ERP_Importa\
ERPImporta.exe: 00001418: 16:44:58 [TUniServerModule]:Debug Mode = ON
ERPImporta.exe: 00001418: 16:44:58 [TUniServerModule]:Starting HTTP Server on Port: 8077...
ERPImporta.exe: 00001418: 16:44:58 [TUniServerModule]:HTTP Server Started on Port: 8077
ERPImporta.exe: 00002C7C: 16:46:57 []:>--------------------------------------------------------------<
ERPImporta.exe: 00002C7C: 16:46:57 [TUniServerModule]:Server First Init.
ERPImporta.exe: 00002C7C: 16:46:57 [TUniServerModule]:Start Path = C:\Projetos_WEB\ERP_Importa\
ERPImporta.exe: 00002C7C: 16:46:57 [TUniServerModule]:Debug Mode = ON
ERPImporta.exe: 00002C7C: 16:46:58 [TUniServerModule]:Starting HTTP Server on Port: 8077...
ERPImporta.exe: 00002C7C: 16:46:58 [TUniServerModule]:HTTP Server Started on Port: 8077
ERPImporta.exe: 000029EC: 16:49:11 []:>--------------------------------------------------------------<
ERPImporta.exe: 000029EC: 16:49:11 [TUniServerModule]:Server First Init.
ERPImporta.exe: 000029EC: 16:49:11 [TUniServerModule]:Start Path = C:\Projetos_WEB\ERP_Importa\
ERPImporta.exe: 000029EC: 16:49:11 [TUniServerModule]:Debug Mode = ON
ERPImporta.exe: 000029EC: 16:49:12 [TUniServerModule]:Starting HTTP Server on Port: 8077...
ERPImporta.exe: 000029EC: 16:49:12 [TUniServerModule]:HTTP Server Started on Port: 8077
ERPImporta.exe: 00003BD0: 16:53:06 []:>--------------------------------------------------------------<
ERPImporta.exe: 00003BD0: 16:53:06 [TUniServerModule]:Server First Init.
ERPImporta.exe: 00003BD0: 16:53:06 [TUniServerModule]:Start Path = C:\Projetos_WEB\ERP_Importa\
ERPImporta.exe: 00003BD0: 16:53:06 [TUniServerModule]:Debug Mode = ON
ERPImporta.exe: 00003BD0: 16:53:06 [TUniServerModule]:Starting HTTP Server on Port: 8077...
ERPImporta.exe: 00003BD0: 16:53:06 [TUniServerModule]:HTTP Server Started on Port: 8077
ERPImporta.exe: 00001EE4: 16:56:47 []:>--------------------------------------------------------------<
ERPImporta.exe: 00001EE4: 16:56:47 [TUniServerModule]:Server First Init.
ERPImporta.exe: 00001EE4: 16:56:47 [TUniServerModule]:Start Path = C:\Projetos_WEB\ERP_Importa\
ERPImporta.exe: 00001EE4: 16:56:47 [TUniServerModule]:Debug Mode = ON
ERPImporta.exe: 00001EE4: 16:56:47 [TUniGUISessionManager]:Cache erase job created, Folder count: [1]
ERPImporta.exe: 00001EE4: 16:56:47 [TUniServerModule]:Starting HTTP Server on Port: 8077...
ERPImporta.exe: 00001EE4: 16:56:47 [TUniServerModule]:HTTP Server Started on Port: 8077
ERPImporta.exe: 000038B0: 16:57:47 []:>--------------------------------------------------------------<
ERPImporta.exe: 000038B0: 16:57:47 [TUniServerModule]:Server First Init.
ERPImporta.exe: 000038B0: 16:57:47 [TUniServerModule]:Start Path = C:\Projetos_WEB\ERP_Importa\
ERPImporta.exe: 000038B0: 16:57:47 [TUniServerModule]:Debug Mode = ON
ERPImporta.exe: 000038B0: 16:57:48 [TUniServerModule]:Starting HTTP Server on Port: 8077...
ERPImporta.exe: 000038B0: 16:57:48 [TUniServerModule]:HTTP Server Started on Port: 8077
ERPImporta.exe: 000004D8: 17:10:20 []:>--------------------------------------------------------------<
ERPImporta.exe: 000004D8: 17:10:20 [TUniServerModule]:Server First Init.
ERPImporta.exe: 000004D8: 17:10:20 [TUniServerModule]:Start Path = C:\Projetos_WEB\ERP_Importa\
ERPImporta.exe: 000004D8: 17:10:20 [TUniServerModule]:Debug Mode = ON
ERPImporta.exe: 000004D8: 17:10:20 [TUniServerModule]:Starting HTTP Server on Port: 8077...
ERPImporta.exe: 000004D8: 17:10:20 [TUniServerModule]:HTTP Server Started on Port: 8077
ERPImporta.exe: 00003B6C: 17:22:10 []:>--------------------------------------------------------------<
ERPImporta.exe: 00003B6C: 17:22:10 [TUniServerModule]:Server First Init.
ERPImporta.exe: 00003B6C: 17:22:10 [TUniServerModule]:Start Path = C:\Projetos_WEB\ERP_Importa\
ERPImporta.exe: 00003B6C: 17:22:10 [TUniServerModule]:Debug Mode = ON
ERPImporta.exe: 00003B6C: 17:22:11 [TUniServerModule]:Starting HTTP Server on Port: 8077...
ERPImporta.exe: 00003B6C: 17:22:11 [TUniServerModule]:HTTP Server Started on Port: 8077
ERPImporta.exe: 0000239C: 17:22:58 []:>--------------------------------------------------------------<
ERPImporta.exe: 0000239C: 17:22:58 [TUniServerModule]:Server First Init.
ERPImporta.exe: 0000239C: 17:22:58 [TUniServerModule]:Start Path = C:\Projetos_WEB\ERP_Importa\
ERPImporta.exe: 0000239C: 17:22:58 [TUniServerModule]:Debug Mode = ON
ERPImporta.exe: 0000239C: 17:22:58 [TUniGUISessionManager]:Cache erase job created, Folder count: [1]
ERPImporta.exe: 0000239C: 17:22:59 [TUniServerModule]:Starting HTTP Server on Port: 8077...
ERPImporta.exe: 0000239C: 17:22:59 [TUniServerModule]:HTTP Server Started on Port: 8077
ERPImporta.exe: 00002920: 17:23:20 []:>--------------------------------------------------------------<
ERPImporta.exe: 00002920: 17:23:20 [TUniServerModule]:Server First Init.
ERPImporta.exe: 00002920: 17:23:20 [TUniServerModule]:Start Path = C:\Projetos_WEB\ERP_Importa\
ERPImporta.exe: 00002920: 17:23:20 [TUniServerModule]:Debug Mode = ON
ERPImporta.exe: 00002920: 17:23:21 [TUniServerModule]:Starting HTTP Server on Port: 8077...
ERPImporta.exe: 00002920: 17:23:21 [TUniServerModule]:HTTP Server Started on Port: 8077
ERPImporta.exe: 00001690: 17:24:44 []:>--------------------------------------------------------------<
ERPImporta.exe: 00001690: 17:24:44 [TUniServerModule]:Server First Init.
ERPImporta.exe: 00001690: 17:24:44 [TUniServerModule]:Start Path = C:\Projetos_WEB\ERP_Importa\
ERPImporta.exe: 00001690: 17:24:44 [TUniServerModule]:Debug Mode = ON
ERPImporta.exe: 00001690: 17:24:44 [TUniGUISessionManager]:Cache erase job created, Folder count: [1]
ERPImporta.exe: 00001690: 17:24:44 [TUniServerModule]:Starting HTTP Server on Port: 8077...
ERPImporta.exe: 00001690: 17:24:44 [TUniServerModule]:HTTP Server Started on Port: 8077
ERPImporta.exe: 000032C4: 17:25:07 []:>--------------------------------------------------------------<
ERPImporta.exe: 000032C4: 17:25:07 [TUniServerModule]:Server First Init.
ERPImporta.exe: 000032C4: 17:25:07 [TUniServerModule]:Start Path = C:\Projetos_WEB\ERP_Importa\
ERPImporta.exe: 000032C4: 17:25:07 [TUniServerModule]:Debug Mode = ON
ERPImporta.exe: 000032C4: 17:25:08 [TUniServerModule]:Starting HTTP Server on Port: 8077...
ERPImporta.exe: 000032C4: 17:25:08 [TUniServerModule]:HTTP Server Started on Port: 8077
ERPImporta.exe: 00002DFC: 17:26:23 []:>--------------------------------------------------------------<
ERPImporta.exe: 00002DFC: 17:26:23 [TUniServerModule]:Server First Init.
ERPImporta.exe: 00002DFC: 17:26:23 [TUniServerModule]:Start Path = C:\Projetos_WEB\ERP_Importa\
ERPImporta.exe: 00002DFC: 17:26:23 [TUniServerModule]:Debug Mode = ON
ERPImporta.exe: 00002DFC: 17:26:23 [TUniServerModule]:Starting HTTP Server on Port: 8077...
ERPImporta.exe: 00002DFC: 17:26:23 [TUniServerModule]:HTTP Server Started on Port: 8077
ERPImporta.exe: 000026F0: 17:31:05 []:>--------------------------------------------------------------<
ERPImporta.exe: 000026F0: 17:31:05 [TUniServerModule]:Server First Init.
ERPImporta.exe: 000026F0: 17:31:05 [TUniServerModule]:Start Path = C:\Projetos_WEB\ERP_Importa\
ERPImporta.exe: 000026F0: 17:31:05 [TUniServerModule]:Debug Mode = ON
ERPImporta.exe: 000026F0: 17:31:06 [TUniServerModule]:Starting HTTP Server on Port: 8077...
ERPImporta.exe: 000026F0: 17:31:06 [TUniServerModule]:HTTP Server Started on Port: 8077
ERPImporta.exe: 00000B00: 17:32:14 []:>--------------------------------------------------------------<
ERPImporta.exe: 00000B00: 17:32:14 [TUniServerModule]:Server First Init.
ERPImporta.exe: 00000B00: 17:32:14 [TUniServerModule]:Start Path = C:\Projetos_WEB\ERP_Importa\
ERPImporta.exe: 00000B00: 17:32:14 [TUniServerModule]:Debug Mode = ON
ERPImporta.exe: 00000B00: 17:32:14 [TUniGUISessionManager]:Cache erase job created, Folder count: [1]
ERPImporta.exe: 00000B00: 17:32:15 [TUniServerModule]:Starting HTTP Server on Port: 8077...
ERPImporta.exe: 00000B00: 17:32:15 [TUniServerModule]:HTTP Server Started on Port: 8077
ERPImporta.exe: 0000343C: 17:33:25 []:>--------------------------------------------------------------<
ERPImporta.exe: 0000343C: 17:33:25 [TUniServerModule]:Server First Init.
ERPImporta.exe: 0000343C: 17:33:25 [TUniServerModule]:Start Path = C:\Projetos_WEB\ERP_Importa\
ERPImporta.exe: 0000343C: 17:33:25 [TUniServerModule]:Debug Mode = ON
ERPImporta.exe: 0000343C: 17:33:26 [TUniServerModule]:Starting HTTP Server on Port: 8077...
ERPImporta.exe: 0000343C: 17:33:26 [TUniServerModule]:HTTP Server Started on Port: 8077
ERPImporta.exe: 0000185C: 17:35:35 []:>--------------------------------------------------------------<
ERPImporta.exe: 0000185C: 17:35:35 [TUniServerModule]:Server First Init.
ERPImporta.exe: 0000185C: 17:35:35 [TUniServerModule]:Start Path = C:\Projetos_WEB\ERP_Importa\
ERPImporta.exe: 0000185C: 17:35:35 [TUniServerModule]:Debug Mode = ON
ERPImporta.exe: 0000185C: 17:35:35 [TUniServerModule]:Starting HTTP Server on Port: 8077...
ERPImporta.exe: 0000185C: 17:35:35 [TUniServerModule]:HTTP Server Started on Port: 8077
ERPImporta.exe: 00003304: 17:38:59 []:>--------------------------------------------------------------<
ERPImporta.exe: 00003304: 17:38:59 [TUniServerModule]:Server First Init.
ERPImporta.exe: 00003304: 17:38:59 [TUniServerModule]:Start Path = C:\Projetos_WEB\ERP_Importa\
ERPImporta.exe: 00003304: 17:38:59 [TUniServerModule]:Debug Mode = ON
ERPImporta.exe: 00003304: 17:39:00 [TUniServerModule]:Starting HTTP Server on Port: 8077...
ERPImporta.exe: 00003304: 17:39:00 [TUniServerModule]:HTTP Server Started on Port: 8077
ERPImporta.exe: 00001020: 17:44:32 []:>--------------------------------------------------------------<
ERPImporta.exe: 00001020: 17:44:32 [TUniServerModule]:Server First Init.
ERPImporta.exe: 00001020: 17:44:32 [TUniServerModule]:Start Path = C:\Projetos_WEB\ERP_Importa\
ERPImporta.exe: 00001020: 17:44:32 [TUniServerModule]:Debug Mode = ON
ERPImporta.exe: 00001020: 17:44:32 [TUniGUISessionManager]:Cache erase job created, Folder count: [1]
ERPImporta.exe: 00001020: 17:44:33 [TUniServerModule]:Starting HTTP Server on Port: 8077...
ERPImporta.exe: 00001020: 17:44:33 [TUniServerModule]:HTTP Server Started on Port: 8077
ERPImporta.exe: 00003170: 17:44:45 [127.0.0.1]:EUniSessionException : Sessão inváilda ou tempo da sessão expirado. (Session not found: 2xdliSFuLV10BF1F4E6 ) : Addr: $007AD8FA
ERPImporta.exe: 00002970: 17:44:45 [127.0.0.1]:EUniSessionException : Sessão inváilda ou tempo da sessão expirado. (Session not found: 2xdliSFuLV10BF1F4E6 ) : Addr: $007AD8FA
ERPImporta.exe: 00002C90: 17:44:53 [127.0.0.1]:EDatabaseError : tCSTPIS: Field 'Nome' not found : Addr: $0065727A
ERPImporta.exe: 00000620: 17:46:58 []:>--------------------------------------------------------------<
ERPImporta.exe: 00000620: 17:46:58 [TUniServerModule]:Server First Init.
ERPImporta.exe: 00000620: 17:46:58 [TUniServerModule]:Start Path = C:\Projetos_WEB\ERP_Importa\
ERPImporta.exe: 00000620: 17:46:58 [TUniServerModule]:Debug Mode = ON
ERPImporta.exe: 00000620: 17:46:58 [TUniGUISessionManager]:Cache erase job created, Folder count: [1]
ERPImporta.exe: 00000620: 17:46:59 [TUniServerModule]:Starting HTTP Server on Port: 8077...
ERPImporta.exe: 00000620: 17:46:59 [TUniServerModule]:HTTP Server Started on Port: 8077
ERPImporta.exe: 00003218: 17:48:56 []:>--------------------------------------------------------------<
ERPImporta.exe: 00003218: 17:48:56 [TUniServerModule]:Server First Init.
ERPImporta.exe: 00003218: 17:48:56 [TUniServerModule]:Start Path = C:\Projetos_WEB\ERP_Importa\
ERPImporta.exe: 00003218: 17:48:56 [TUniServerModule]:Debug Mode = ON
ERPImporta.exe: 00003218: 17:48:56 [TUniGUISessionManager]:Cache erase job created, Folder count: [1]
ERPImporta.exe: 00003218: 17:48:56 [TUniServerModule]:Starting HTTP Server on Port: 8077...
ERPImporta.exe: 00003218: 17:48:56 [TUniServerModule]:HTTP Server Started on Port: 8077
ERPImporta.exe: 000037DC: 17:49:23 []:>--------------------------------------------------------------<
ERPImporta.exe: 000037DC: 17:49:23 [TUniServerModule]:Server First Init.
ERPImporta.exe: 000037DC: 17:49:23 [TUniServerModule]:Start Path = C:\Projetos_WEB\ERP_Importa\
ERPImporta.exe: 000037DC: 17:49:23 [TUniServerModule]:Debug Mode = ON
ERPImporta.exe: 000037DC: 17:49:23 [TUniServerModule]:Starting HTTP Server on Port: 8077...
ERPImporta.exe: 000037DC: 17:49:23 [TUniServerModule]:HTTP Server Started on Port: 8077
ERPImporta.exe: 00003780: 18:03:11 []:>--------------------------------------------------------------<
ERPImporta.exe: 00003780: 18:03:11 [TUniServerModule]:Server First Init.
ERPImporta.exe: 00003780: 18:03:11 [TUniServerModule]:Start Path = C:\Projetos_WEB\ERP_Importa\
ERPImporta.exe: 00003780: 18:03:11 [TUniServerModule]:Debug Mode = ON
ERPImporta.exe: 00003780: 18:03:12 [TUniServerModule]:Starting HTTP Server on Port: 8077...
ERPImporta.exe: 00003780: 18:03:12 [TUniServerModule]:HTTP Server Started on Port: 8077
ERPImporta.exe: 000024A8: 18:05:26 []:>--------------------------------------------------------------<
ERPImporta.exe: 000024A8: 18:05:26 [TUniServerModule]:Server First Init.
ERPImporta.exe: 000024A8: 18:05:26 [TUniServerModule]:Start Path = C:\Projetos_WEB\ERP_Importa\
ERPImporta.exe: 000024A8: 18:05:26 [TUniServerModule]:Debug Mode = ON
ERPImporta.exe: 000024A8: 18:05:26 [TUniServerModule]:Starting HTTP Server on Port: 8077...
ERPImporta.exe: 000024A8: 18:05:26 [TUniServerModule]:HTTP Server Started on Port: 8077
ERPImporta.exe: 00001F38: 18:06:43 []:>--------------------------------------------------------------<
ERPImporta.exe: 00001F38: 18:06:43 [TUniServerModule]:Server First Init.
ERPImporta.exe: 00001F38: 18:06:43 [TUniServerModule]:Start Path = C:\Projetos_WEB\ERP_Importa\
ERPImporta.exe: 00001F38: 18:06:43 [TUniServerModule]:Debug Mode = ON
ERPImporta.exe: 00001F38: 18:06:43 [TUniServerModule]:Starting HTTP Server on Port: 8077...
ERPImporta.exe: 00001F38: 18:06:43 [TUniServerModule]:HTTP Server Started on Port: 8077
ERPImporta.exe: 000009C0: 18:10:32 []:>--------------------------------------------------------------<
ERPImporta.exe: 000009C0: 18:10:32 [TUniServerModule]:Server First Init.
ERPImporta.exe: 000009C0: 18:10:32 [TUniServerModule]:Start Path = C:\Projetos_WEB\ERP_Importa\
ERPImporta.exe: 000009C0: 18:10:32 [TUniServerModule]:Debug Mode = ON
ERPImporta.exe: 000009C0: 18:10:32 [TUniGUISessionManager]:Cache erase job created, Folder count: [1]
ERPImporta.exe: 000009C0: 18:10:32 [TUniServerModule]:Starting HTTP Server on Port: 8077...
ERPImporta.exe: 000009C0: 18:10:32 [TUniServerModule]:HTTP Server Started on Port: 8077
ERPImporta.exe: 00001300: 18:11:30 []:>--------------------------------------------------------------<
ERPImporta.exe: 00001300: 18:11:30 [TUniServerModule]:Server First Init.
ERPImporta.exe: 00001300: 18:11:30 [TUniServerModule]:Start Path = C:\Projetos_WEB\ERP_Importa\
ERPImporta.exe: 00001300: 18:11:30 [TUniServerModule]:Debug Mode = ON
ERPImporta.exe: 00001300: 18:11:30 [TUniServerModule]:Starting HTTP Server on Port: 8077...
ERPImporta.exe: 00001300: 18:11:30 [TUniServerModule]:HTTP Server Started on Port: 8077
ERPImporta.exe: 00002DE4: 18:12:23 []:>--------------------------------------------------------------<
ERPImporta.exe: 00002DE4: 18:12:23 [TUniServerModule]:Server First Init.
ERPImporta.exe: 00002DE4: 18:12:23 [TUniServerModule]:Start Path = C:\Projetos_WEB\ERP_Importa\
ERPImporta.exe: 00002DE4: 18:12:23 [TUniServerModule]:Debug Mode = ON
ERPImporta.exe: 00002DE4: 18:12:23 [TUniGUISessionManager]:Cache erase job created, Folder count: [1]
ERPImporta.exe: 00002DE4: 18:12:24 [TUniServerModule]:Starting HTTP Server on Port: 8077...
ERPImporta.exe: 00002DE4: 18:12:24 [TUniServerModule]:HTTP Server Started on Port: 8077
ERPImporta.exe: 0000390C: 18:13:16 []:>--------------------------------------------------------------<
ERPImporta.exe: 0000390C: 18:13:16 [TUniServerModule]:Server First Init.
ERPImporta.exe: 0000390C: 18:13:16 [TUniServerModule]:Start Path = C:\Projetos_WEB\ERP_Importa\
ERPImporta.exe: 0000390C: 18:13:16 [TUniServerModule]:Debug Mode = ON
ERPImporta.exe: 0000390C: 18:13:16 [TUniServerModule]:Starting HTTP Server on Port: 8077...
ERPImporta.exe: 0000390C: 18:13:16 [TUniServerModule]:HTTP Server Started on Port: 8077
ERPImporta.exe: 00002A94: 18:13:54 []:>--------------------------------------------------------------<
ERPImporta.exe: 00002A94: 18:13:54 [TUniServerModule]:Server First Init.
ERPImporta.exe: 00002A94: 18:13:54 [TUniServerModule]:Start Path = C:\Projetos_WEB\ERP_Importa\
ERPImporta.exe: 00002A94: 18:13:54 [TUniServerModule]:Debug Mode = ON
ERPImporta.exe: 00002A94: 18:13:54 [TUniServerModule]:Starting HTTP Server on Port: 8077...
ERPImporta.exe: 00002A94: 18:13:54 [TUniServerModule]:HTTP Server Started on Port: 8077
ERPImporta.exe: 000038E8: 18:16:18 []:>--------------------------------------------------------------<
ERPImporta.exe: 000038E8: 18:16:18 [TUniServerModule]:Server First Init.
ERPImporta.exe: 000038E8: 18:16:18 [TUniServerModule]:Start Path = C:\Projetos_WEB\ERP_Importa\
ERPImporta.exe: 000038E8: 18:16:18 [TUniServerModule]:Debug Mode = ON
ERPImporta.exe: 000038E8: 18:16:18 [TUniGUISessionManager]:Cache erase job created, Folder count: [1]
ERPImporta.exe: 000038E8: 18:16:18 [TUniServerModule]:Starting HTTP Server on Port: 8077...
ERPImporta.exe: 000038E8: 18:16:18 [TUniServerModule]:HTTP Server Started on Port: 8077
ERPImporta.exe: 0000098C: 18:17:16 []:>--------------------------------------------------------------<
ERPImporta.exe: 0000098C: 18:17:16 [TUniServerModule]:Server First Init.
ERPImporta.exe: 0000098C: 18:17:16 [TUniServerModule]:Start Path = C:\Projetos_WEB\ERP_Importa\
ERPImporta.exe: 0000098C: 18:17:16 [TUniServerModule]:Debug Mode = ON
ERPImporta.exe: 0000098C: 18:17:17 [TUniServerModule]:Starting HTTP Server on Port: 8077...
ERPImporta.exe: 0000098C: 18:17:17 [TUniServerModule]:HTTP Server Started on Port: 8077
ERPImporta.exe: 000003EC: 18:23:47 []:>--------------------------------------------------------------<
ERPImporta.exe: 000003EC: 18:23:47 [TUniServerModule]:Server First Init.
ERPImporta.exe: 000003EC: 18:23:47 [TUniServerModule]:Start Path = C:\Projetos_WEB\ERP_Importa\
ERPImporta.exe: 000003EC: 18:23:47 [TUniServerModule]:Debug Mode = ON
ERPImporta.exe: 000003EC: 18:23:47 [TUniServerModule]:Starting HTTP Server on Port: 8077...
ERPImporta.exe: 000003EC: 18:23:47 [TUniServerModule]:HTTP Server Started on Port: 8077
ERPImporta.exe: 00003380: 18:24:40 []:>--------------------------------------------------------------<
ERPImporta.exe: 00003380: 18:24:40 [TUniServerModule]:Server First Init.
ERPImporta.exe: 00003380: 18:24:40 [TUniServerModule]:Start Path = C:\Projetos_WEB\ERP_Importa\
ERPImporta.exe: 00003380: 18:24:40 [TUniServerModule]:Debug Mode = ON
ERPImporta.exe: 00003380: 18:24:41 [TUniServerModule]:Starting HTTP Server on Port: 8077...
ERPImporta.exe: 00003380: 18:24:41 [TUniServerModule]:HTTP Server Started on Port: 8077
