ERPImporta.exe: 0000373C: 08:29:22 []:>--------------------------------------------------------------<
ERPImporta.exe: 0000373C: 08:29:22 [TUniServerModule]:Server First Init.
ERPImporta.exe: 0000373C: 08:29:22 [TUniServerModule]:Start Path = C:\Projetos_WEB\ERP_Importa\
ERPImporta.exe: 0000373C: 08:29:22 [TUniServerModule]:Debug Mode = ON
ERPImporta.exe: 0000373C: 08:29:22 [TUniGUISessionManager]:Cache erase job created, Folder count: [1]
ERPImporta.exe: 0000373C: 08:29:22 [TUniServerModule]:Starting HTTP Server on Port: 8077...
ERPImporta.exe: 0000373C: 08:29:22 [TUniServerModule]:HTTP Server Started on Port: 8077
ERPImporta.exe: 00000D3C: 08:29:31 [127.0.0.1]:EMSSQLNativeException : [FireDAC][Phys][ODBC][Microsoft][SQL Server Native Client 11.0][SQL Server]Login failed for user 'sa'. : Addr: $008DFDA9
ERPImporta.exe: 00000D3C: 08:29:35 [127.0.0.1]:EMSSQLNativeException : [FireDAC][Phys][ODBC][Microsoft][SQL Server Native Client 11.0][SQL Server]Login failed for user 'sa'. : Addr: $008DFDA9
ERPImporta.exe: 000014DC: 08:30:23 []:>--------------------------------------------------------------<
ERPImporta.exe: 000014DC: 08:30:23 [TUniServerModule]:Server First Init.
ERPImporta.exe: 000014DC: 08:30:23 [TUniServerModule]:Start Path = C:\Projetos_WEB\ERP_Importa\
ERPImporta.exe: 000014DC: 08:30:23 [TUniServerModule]:Debug Mode = ON
ERPImporta.exe: 000014DC: 08:30:23 [TUniServerModule]:Starting HTTP Server on Port: 8077...
ERPImporta.exe: 000014DC: 08:30:23 [TUniServerModule]:HTTP Server Started on Port: 8077
ERPImporta.exe: 00003628: 08:30:37 [HandleFileRequest[127.0.0.1]]:File not found: C:\Projetos_WEB\ERP_Importa\files\images\fundo8.jpg
ERPImporta.exe: 00000EF8: 08:31:37 []:>--------------------------------------------------------------<
ERPImporta.exe: 00000EF8: 08:31:37 [TUniServerModule]:Server First Init.
ERPImporta.exe: 00000EF8: 08:31:37 [TUniServerModule]:Start Path = C:\Projetos_WEB\ERP_Importa\
ERPImporta.exe: 00000EF8: 08:31:37 [TUniServerModule]:Debug Mode = ON
ERPImporta.exe: 00000EF8: 08:31:37 [TUniServerModule]:Starting HTTP Server on Port: 8077...
ERPImporta.exe: 00000EF8: 08:31:37 [TUniServerModule]:HTTP Server Started on Port: 8077
ERPImporta.exe: 000028E0: 08:31:47 [HandleFileRequest[127.0.0.1]]:File not found: C:\Projetos_WEB\ERP_Importa\files\images\fundo8.jpg
ERPImporta.exe: 00002190: 08:36:26 []:>--------------------------------------------------------------<
ERPImporta.exe: 00002190: 08:36:26 [TUniServerModule]:Server First Init.
ERPImporta.exe: 00002190: 08:36:26 [TUniServerModule]:Start Path = C:\Projetos_WEB\ERP_Importa\
ERPImporta.exe: 00002190: 08:36:26 [TUniServerModule]:Debug Mode = ON
ERPImporta.exe: 00002190: 08:36:27 [TUniServerModule]:Starting HTTP Server on Port: 8077...
ERPImporta.exe: 00002190: 08:36:27 [TUniServerModule]:HTTP Server Started on Port: 8077
ERPImporta.exe: 000021F0: 08:36:59 [UniDBEdit5: Field 'Fiscal' not found-127.0.0.1]:EDatabaseError : UniDBEdit5: Field 'Fiscal' not found : Addr: $006576F6
ERPImporta.exe: 00000EF8: 08:37:03 [HandleFileRequest[127.0.0.1]]:File not found: C:\Projetos_WEB\ERP_Importa\files\images\fundo8.jpg
ERPImporta.exe: 000021F0: 08:37:04 [127.0.0.1]:EDatabaseError : UniDBEdit5: Field 'Fiscal' not found : Addr: $006576F6
ERPImporta.exe: 00000EF0: 08:40:17 []:>--------------------------------------------------------------<
ERPImporta.exe: 00000EF0: 08:40:17 [TUniServerModule]:Server First Init.
ERPImporta.exe: 00000EF0: 08:40:17 [TUniServerModule]:Start Path = C:\Projetos_WEB\ERP_Importa\
ERPImporta.exe: 00000EF0: 08:40:17 [TUniServerModule]:Debug Mode = ON
ERPImporta.exe: 00000EF0: 08:40:18 [TUniServerModule]:Starting HTTP Server on Port: 8077...
ERPImporta.exe: 00000EF0: 08:40:18 [TUniServerModule]:HTTP Server Started on Port: 8077
ERPImporta.exe: 0000255C: 08:40:28 [HandleFileRequest[127.0.0.1]]:File not found: C:\Projetos_WEB\ERP_Importa\files\images\fundo8.jpg
ERPImporta.exe: 000005A0: 08:42:15 []:>--------------------------------------------------------------<
ERPImporta.exe: 000005A0: 08:42:15 [TUniServerModule]:Server First Init.
ERPImporta.exe: 000005A0: 08:42:15 [TUniServerModule]:Start Path = C:\Projetos_WEB\ERP_Importa\
ERPImporta.exe: 000005A0: 08:42:15 [TUniServerModule]:Debug Mode = ON
ERPImporta.exe: 000005A0: 08:42:16 [TUniServerModule]:Starting HTTP Server on Port: 8077...
ERPImporta.exe: 000005A0: 08:42:16 [TUniServerModule]:HTTP Server Started on Port: 8077
ERPImporta.exe: 00000254: 08:42:29 [HandleFileRequest[127.0.0.1]]:File not found: C:\Projetos_WEB\ERP_Importa\files\images\fundo8.jpg
ERPImporta.exe: 00002868: 08:42:58 [[FireDAC][Phys][ODBC][Microsoft][SQL Server Native Client 11.0][SQL Server]Invalid object name 'ModalidadeImportacao'.-127.0.0.1]:EMSSQLNativeException : [FireDAC][Phys][ODBC][Microsoft][SQL Server Native Client 11.0][SQL Server]Invalid object name 'ModalidadeImportacao'. : Addr: $008DFDA9
ERPImporta.exe: 0000093C: 08:44:35 []:>--------------------------------------------------------------<
ERPImporta.exe: 0000093C: 08:44:35 [TUniServerModule]:Server First Init.
ERPImporta.exe: 0000093C: 08:44:35 [TUniServerModule]:Start Path = C:\Projetos_WEB\ERP_Importa\
ERPImporta.exe: 0000093C: 08:44:35 [TUniServerModule]:Debug Mode = ON
ERPImporta.exe: 0000093C: 08:44:36 [TUniServerModule]:Starting HTTP Server on Port: 8077...
ERPImporta.exe: 0000093C: 08:44:36 [TUniServerModule]:HTTP Server Started on Port: 8077
ERPImporta.exe: 00002A48: 08:44:57 [[FireDAC][Phys][ODBC][Microsoft][SQL Server Native Client 11.0][SQL Server]Invalid object name 'ModalidadeImportacao'.-127.0.0.1]:EMSSQLNativeException : [FireDAC][Phys][ODBC][Microsoft][SQL Server Native Client 11.0][SQL Server]Invalid object name 'ModalidadeImportacao'. : Addr: $008DFDA9
ERPImporta.exe: 0000110C: 08:45:32 []:>--------------------------------------------------------------<
ERPImporta.exe: 0000110C: 08:45:32 [TUniServerModule]:Server First Init.
ERPImporta.exe: 0000110C: 08:45:32 [TUniServerModule]:Start Path = C:\Projetos_WEB\ERP_Importa\
ERPImporta.exe: 0000110C: 08:45:32 [TUniServerModule]:Debug Mode = ON
ERPImporta.exe: 0000110C: 08:45:32 [TUniServerModule]:Starting HTTP Server on Port: 8077...
ERPImporta.exe: 0000110C: 08:45:32 [TUniServerModule]:HTTP Server Started on Port: 8077
ERPImporta.exe: 000009A4: 08:46:59 []:>--------------------------------------------------------------<
ERPImporta.exe: 000009A4: 08:46:59 [TUniServerModule]:Server First Init.
ERPImporta.exe: 000009A4: 08:46:59 [TUniServerModule]:Start Path = C:\Projetos_WEB\ERP_Importa\
ERPImporta.exe: 000009A4: 08:46:59 [TUniServerModule]:Debug Mode = ON
ERPImporta.exe: 000009A4: 08:46:59 [TUniGUISessionManager]:Cache erase job created, Folder count: [1]
ERPImporta.exe: 000009A4: 08:46:59 [TUniServerModule]:Starting HTTP Server on Port: 8077...
ERPImporta.exe: 000009A4: 08:46:59 [TUniServerModule]:HTTP Server Started on Port: 8077
ERPImporta.exe: 00000D20: 08:47:00 [127.0.0.1]:EUniSessionException : Sessão inváilda ou tempo da sessão expirado. (Session not found: Ms8R41KX7j1100E3F70 ) : Addr: $007CFC94
ERPImporta.exe: 00000B64: 08:47:00 [127.0.0.1]:EUniSessionException : Sessão inváilda ou tempo da sessão expirado. (Session not found: Ms8R41KX7j1100E3F70 ) : Addr: $007CFC94
ERPImporta.exe: 00002A88: 08:48:44 []:>--------------------------------------------------------------<
ERPImporta.exe: 00002A88: 08:48:44 [TUniServerModule]:Server First Init.
ERPImporta.exe: 00002A88: 08:48:44 [TUniServerModule]:Start Path = C:\Projetos_WEB\ERP_Importa\
ERPImporta.exe: 00002A88: 08:48:44 [TUniServerModule]:Debug Mode = ON
ERPImporta.exe: 00002A88: 08:48:45 [TUniServerModule]:Starting HTTP Server on Port: 8077...
ERPImporta.exe: 00002A88: 08:48:45 [TUniServerModule]:HTTP Server Started on Port: 8077
ERPImporta.exe: 00001A00: 08:49:26 [HandleFileRequest[127.0.0.1]]:File not found: C:\Projetos_WEB\ERP_Importa\files\images\fundo8.jpg
ERPImporta.exe: 00003470: 08:50:33 []:>--------------------------------------------------------------<
ERPImporta.exe: 00003470: 08:50:33 [TUniServerModule]:Server First Init.
ERPImporta.exe: 00003470: 08:50:33 [TUniServerModule]:Start Path = C:\Projetos_WEB\ERP_Importa\
ERPImporta.exe: 00003470: 08:50:33 [TUniServerModule]:Debug Mode = ON
ERPImporta.exe: 00003470: 08:50:33 [TUniServerModule]:Starting HTTP Server on Port: 8077...
ERPImporta.exe: 00003470: 08:50:33 [TUniServerModule]:HTTP Server Started on Port: 8077
ERPImporta.exe: 00002358: 08:50:42 [HandleFileRequest[127.0.0.1]]:File not found: C:\Projetos_WEB\ERP_Importa\files\images\fundo8.jpg
ERPImporta.exe: 000039AC: 08:52:27 []:>--------------------------------------------------------------<
ERPImporta.exe: 000039AC: 08:52:27 [TUniServerModule]:Server First Init.
ERPImporta.exe: 000039AC: 08:52:27 [TUniServerModule]:Start Path = C:\Projetos_WEB\ERP_Importa\
ERPImporta.exe: 000039AC: 08:52:27 [TUniServerModule]:Debug Mode = ON
ERPImporta.exe: 000039AC: 08:52:27 [TUniServerModule]:Starting HTTP Server on Port: 8077...
ERPImporta.exe: 000039AC: 08:52:27 [TUniServerModule]:HTTP Server Started on Port: 8077
ERPImporta.exe: 00003B74: 08:52:36 [HandleFileRequest[127.0.0.1]]:File not found: C:\Projetos_WEB\ERP_Importa\files\images\fundo8.jpg
