ERPImporta.exe: 00001D6C: 08:07:40 []:>--------------------------------------------------------------<
ERPImporta.exe: 00001D6C: 08:07:40 [TUniServerModule]:Server First Init.
ERPImporta.exe: 00001D6C: 08:07:40 [TUniServerModule]:Start Path = C:\Projetos_WEB\ERP_Importa\
ERPImporta.exe: 00001D6C: 08:07:40 [TUniServerModule]:Debug Mode = ON
ERPImporta.exe: 00001D6C: 08:07:41 [TUniServerModule]:Starting HTTP Server on Port: 8077...
ERPImporta.exe: 00001D6C: 08:07:41 [TUniServerModule]:HTTP Server Started on Port: 8077
ERPImporta.exe: 0000052C: 08:08:09 [TUniGUIServerModule.AppHandleException-127.0.0.1]:EAbort : Operation aborted : Addr: $00BA6EBD
ERPImporta.exe: 00002CEC: 08:08:30 [127.0.0.1]:EMSSQLNativeException : [FireDAC][Phys][ODBC][Microsoft][SQL Server Native Client 11.0]Provedor de Pipes Nomeados: Não foi possível abrir uma conexão com o SQL Server [53].  : Addr: $008C62E2
ERPImporta.exe: 00002CEC: 08:08:46 [127.0.0.1]:EMSSQLNativeException : [FireDAC][Phys][ODBC][Microsoft][SQL Server Native Client 11.0]Provedor de Pipes Nomeados: Não foi possível abrir uma conexão com o SQL Server [53].  : Addr: $008C62E2
ERPImporta.exe: 00002CEC: 08:09:03 [127.0.0.1]:EMSSQLNativeException : [FireDAC][Phys][ODBC][Microsoft][SQL Server Native Client 11.0][SQL Server]Login failed for user 'sa'. : Addr: $008DFDA9
ERPImporta.exe: 000015F0: 08:09:39 []:>--------------------------------------------------------------<
ERPImporta.exe: 000015F0: 08:09:39 [TUniServerModule]:Server First Init.
ERPImporta.exe: 000015F0: 08:09:39 [TUniServerModule]:Start Path = C:\Projetos_WEB\ERP_Importa\
ERPImporta.exe: 000015F0: 08:09:39 [TUniServerModule]:Debug Mode = ON
ERPImporta.exe: 000015F0: 08:09:39 [TUniServerModule]:Starting HTTP Server on Port: 8077...
ERPImporta.exe: 000015F0: 08:09:39 [TUniServerModule]:HTTP Server Started on Port: 8077
ERPImporta.exe: 00003B90: 08:12:05 []:>--------------------------------------------------------------<
ERPImporta.exe: 00003B90: 08:12:05 [TUniServerModule]:Server First Init.
ERPImporta.exe: 00003B90: 08:12:05 [TUniServerModule]:Start Path = C:\Projetos_WEB\ERP_Importa\
ERPImporta.exe: 00003B90: 08:12:05 [TUniServerModule]:Debug Mode = ON
ERPImporta.exe: 00003B90: 08:12:05 [TUniGUISessionManager]:Cache erase job created, Folder count: [1]
ERPImporta.exe: 00003B90: 08:12:05 [TUniServerModule]:Starting HTTP Server on Port: 8077...
ERPImporta.exe: 00003B90: 08:12:05 [TUniServerModule]:HTTP Server Started on Port: 8077
ERPImporta.exe: 00001684: 08:12:22 [127.0.0.1]:EClassNotFound : Class  not found : Addr: $004B7292
ERPImporta.exe: 0000059C: 08:13:44 []:>--------------------------------------------------------------<
ERPImporta.exe: 0000059C: 08:13:44 [TUniServerModule]:Server First Init.
ERPImporta.exe: 0000059C: 08:13:44 [TUniServerModule]:Start Path = C:\Projetos_WEB\ERP_Importa\
ERPImporta.exe: 0000059C: 08:13:44 [TUniServerModule]:Debug Mode = ON
ERPImporta.exe: 0000059C: 08:13:44 [TUniGUISessionManager]:Cache erase job created, Folder count: [1]
ERPImporta.exe: 0000059C: 08:13:44 [TUniServerModule]:Starting HTTP Server on Port: 8077...
ERPImporta.exe: 0000059C: 08:13:44 [TUniServerModule]:HTTP Server Started on Port: 8077
ERPImporta.exe: 0000162C: 08:13:51 [127.0.0.1]:EUniSessionException : Sessão inváilda ou tempo da sessão expirado. (Session not found: 6E8O929ViD1102CBADF ) : Addr: $007CFC94
ERPImporta.exe: 000018D4: 08:14:25 []:>--------------------------------------------------------------<
ERPImporta.exe: 000018D4: 08:14:25 [TUniServerModule]:Server First Init.
ERPImporta.exe: 000018D4: 08:14:25 [TUniServerModule]:Start Path = C:\Projetos_WEB\ERP_Importa\
ERPImporta.exe: 000018D4: 08:14:25 [TUniServerModule]:Debug Mode = ON
ERPImporta.exe: 000018D4: 08:14:26 [TUniServerModule]:Starting HTTP Server on Port: 8077...
ERPImporta.exe: 000018D4: 08:14:26 [TUniServerModule]:HTTP Server Started on Port: 8077
ERPImporta.exe: 00003740: 08:15:13 []:>--------------------------------------------------------------<
ERPImporta.exe: 00003740: 08:15:13 [TUniServerModule]:Server First Init.
ERPImporta.exe: 00003740: 08:15:13 [TUniServerModule]:Start Path = C:\Projetos_WEB\ERP_Importa\
ERPImporta.exe: 00003740: 08:15:13 [TUniServerModule]:Debug Mode = ON
ERPImporta.exe: 00003740: 08:15:14 [TUniServerModule]:Starting HTTP Server on Port: 8077...
ERPImporta.exe: 00003740: 08:15:14 [TUniServerModule]:HTTP Server Started on Port: 8077
ERPImporta.exe: 000031F0: 08:18:46 []:>--------------------------------------------------------------<
ERPImporta.exe: 000031F0: 08:18:46 [TUniServerModule]:Server First Init.
ERPImporta.exe: 000031F0: 08:18:46 [TUniServerModule]:Start Path = C:\Projetos_WEB\ERP_Importa\
ERPImporta.exe: 000031F0: 08:18:46 [TUniServerModule]:Debug Mode = ON
ERPImporta.exe: 000031F0: 08:18:46 [TUniGUISessionManager]:Cache erase job created, Folder count: [1]
ERPImporta.exe: 000031F0: 08:18:47 [TUniServerModule]:Starting HTTP Server on Port: 8077...
ERPImporta.exe: 000031F0: 08:18:47 [TUniServerModule]:HTTP Server Started on Port: 8077
ERPImporta.exe: 00002AF4: 08:20:56 []:>--------------------------------------------------------------<
ERPImporta.exe: 00002AF4: 08:20:56 [TUniServerModule]:Server First Init.
ERPImporta.exe: 00002AF4: 08:20:56 [TUniServerModule]:Start Path = C:\Projetos_WEB\ERP_Importa\
ERPImporta.exe: 00002AF4: 08:20:56 [TUniServerModule]:Debug Mode = ON
ERPImporta.exe: 00002AF4: 08:20:56 [TUniGUISessionManager]:Cache erase job created, Folder count: [1]
ERPImporta.exe: 00002AF4: 08:20:56 [TUniServerModule]:Starting HTTP Server on Port: 8077...
ERPImporta.exe: 00002AF4: 08:20:56 [TUniServerModule]:HTTP Server Started on Port: 8077
ERPImporta.exe: 000032B4: 08:26:47 []:>--------------------------------------------------------------<
ERPImporta.exe: 000032B4: 08:26:47 [TUniServerModule]:Server First Init.
ERPImporta.exe: 000032B4: 08:26:47 [TUniServerModule]:Start Path = C:\Projetos_WEB\ERP_Importa\
ERPImporta.exe: 000032B4: 08:26:47 [TUniServerModule]:Debug Mode = ON
ERPImporta.exe: 000032B4: 08:26:47 [TUniGUISessionManager]:Cache erase job created, Folder count: [1]
ERPImporta.exe: 000032B4: 08:26:48 [TUniServerModule]:Starting HTTP Server on Port: 8077...
ERPImporta.exe: 000032B4: 08:26:48 [TUniServerModule]:HTTP Server Started on Port: 8077
ERPImporta.exe: 00001A08: 08:27:40 []:>--------------------------------------------------------------<
ERPImporta.exe: 00001A08: 08:27:40 [TUniServerModule]:Server First Init.
ERPImporta.exe: 00001A08: 08:27:40 [TUniServerModule]:Start Path = C:\Projetos_WEB\ERP_Importa\
ERPImporta.exe: 00001A08: 08:27:40 [TUniServerModule]:Debug Mode = ON
ERPImporta.exe: 00001A08: 08:27:41 [TUniServerModule]:Starting HTTP Server on Port: 8077...
ERPImporta.exe: 00001A08: 08:27:41 [TUniServerModule]:HTTP Server Started on Port: 8077
ERPImporta.exe: 00002D54: 08:29:26 []:>--------------------------------------------------------------<
ERPImporta.exe: 00002D54: 08:29:26 [TUniServerModule]:Server First Init.
ERPImporta.exe: 00002D54: 08:29:26 [TUniServerModule]:Start Path = C:\Projetos_WEB\ERP_Importa\
ERPImporta.exe: 00002D54: 08:29:26 [TUniServerModule]:Debug Mode = ON
ERPImporta.exe: 00002D54: 08:29:26 [TUniGUISessionManager]:Cache erase job created, Folder count: [1]
ERPImporta.exe: 00002D54: 08:29:27 [TUniServerModule]:Starting HTTP Server on Port: 8077...
ERPImporta.exe: 00002D54: 08:29:27 [TUniServerModule]:HTTP Server Started on Port: 8077
ERPImporta.exe: 0000212C: 08:30:14 []:>--------------------------------------------------------------<
ERPImporta.exe: 0000212C: 08:30:14 [TUniServerModule]:Server First Init.
ERPImporta.exe: 0000212C: 08:30:14 [TUniServerModule]:Start Path = C:\Projetos_WEB\ERP_Importa\
ERPImporta.exe: 0000212C: 08:30:14 [TUniServerModule]:Debug Mode = ON
ERPImporta.exe: 0000212C: 08:30:14 [TUniGUISessionManager]:Cache erase job created, Folder count: [1]
ERPImporta.exe: 0000212C: 08:30:15 [TUniServerModule]:Starting HTTP Server on Port: 8077...
ERPImporta.exe: 0000212C: 08:30:15 [TUniServerModule]:HTTP Server Started on Port: 8077
ERPImporta.exe: 00001B60: 08:31:33 []:>--------------------------------------------------------------<
ERPImporta.exe: 00001B60: 08:31:33 [TUniServerModule]:Server First Init.
ERPImporta.exe: 00001B60: 08:31:33 [TUniServerModule]:Start Path = C:\Projetos_WEB\ERP_Importa\
ERPImporta.exe: 00001B60: 08:31:33 [TUniServerModule]:Debug Mode = ON
ERPImporta.exe: 00001B60: 08:31:34 [TUniServerModule]:Starting HTTP Server on Port: 8077...
ERPImporta.exe: 00001B60: 08:31:34 [TUniServerModule]:HTTP Server Started on Port: 8077
ERPImporta.exe: 00000E88: 08:32:03 []:>--------------------------------------------------------------<
ERPImporta.exe: 00000E88: 08:32:03 [TUniServerModule]:Server First Init.
ERPImporta.exe: 00000E88: 08:32:04 [TUniServerModule]:Start Path = C:\Projetos_WEB\ERP_Importa\
ERPImporta.exe: 00000E88: 08:32:04 [TUniServerModule]:Debug Mode = ON
ERPImporta.exe: 00000E88: 08:32:04 [TUniGUISessionManager]:Cache erase job created, Folder count: [1]
ERPImporta.exe: 00000E88: 08:32:04 [TUniServerModule]:Starting HTTP Server on Port: 8077...
ERPImporta.exe: 00000E88: 08:32:04 [TUniServerModule]:HTTP Server Started on Port: 8077
ERPImporta.exe: 00001638: 08:32:59 []:>--------------------------------------------------------------<
ERPImporta.exe: 00001638: 08:32:59 [TUniServerModule]:Server First Init.
ERPImporta.exe: 00001638: 08:33:00 [TUniServerModule]:Start Path = C:\Projetos_WEB\ERP_Importa\
ERPImporta.exe: 00001638: 08:33:00 [TUniServerModule]:Debug Mode = ON
ERPImporta.exe: 00001638: 08:33:00 [TUniServerModule]:Starting HTTP Server on Port: 8077...
ERPImporta.exe: 00001638: 08:33:00 [TUniServerModule]:HTTP Server Started on Port: 8077
ERPImporta.exe: 00001808: 08:33:36 []:>--------------------------------------------------------------<
ERPImporta.exe: 00001808: 08:33:36 [TUniServerModule]:Server First Init.
ERPImporta.exe: 00001808: 08:33:37 [TUniServerModule]:Start Path = C:\Projetos_WEB\ERP_Importa\
ERPImporta.exe: 00001808: 08:33:37 [TUniServerModule]:Debug Mode = ON
ERPImporta.exe: 00001808: 08:33:37 [TUniGUISessionManager]:Cache erase job created, Folder count: [1]
ERPImporta.exe: 00001808: 08:33:37 [TUniServerModule]:Starting HTTP Server on Port: 8077...
ERPImporta.exe: 00001808: 08:33:37 [TUniServerModule]:HTTP Server Started on Port: 8077
ERPImporta.exe: 00001724: 08:34:40 []:>--------------------------------------------------------------<
ERPImporta.exe: 00001724: 08:34:40 [TUniServerModule]:Server First Init.
ERPImporta.exe: 00001724: 08:34:41 [TUniServerModule]:Start Path = C:\Projetos_WEB\ERP_Importa\
ERPImporta.exe: 00001724: 08:34:41 [TUniServerModule]:Debug Mode = ON
ERPImporta.exe: 00001724: 08:34:41 [TUniGUISessionManager]:Cache erase job created, Folder count: [1]
ERPImporta.exe: 00001724: 08:34:41 [TUniServerModule]:Starting HTTP Server on Port: 8077...
ERPImporta.exe: 00001724: 08:34:41 [TUniServerModule]:HTTP Server Started on Port: 8077
ERPImporta.exe: 00001A74: 08:57:13 [127.0.0.1]:EUniSessionException : Sessão inváilda ou tempo da sessão expirado. (Session not found: AFszZVZ7hB1102CC100 ) : Addr: $007CFC94
ERPImporta.exe: 00000A78: 08:58:18 []:>--------------------------------------------------------------<
ERPImporta.exe: 00000A78: 08:58:18 [TUniServerModule]:Server First Init.
ERPImporta.exe: 00000A78: 08:58:18 [TUniServerModule]:Start Path = C:\Projetos_WEB\ERP_Importa\
ERPImporta.exe: 00000A78: 08:58:18 [TUniServerModule]:Debug Mode = ON
ERPImporta.exe: 00000A78: 08:58:19 [TUniServerModule]:Starting HTTP Server on Port: 8077...
ERPImporta.exe: 00000A78: 08:58:19 [TUniServerModule]:HTTP Server Started on Port: 8077
ERPImporta.exe: 00000514: 08:59:07 []:>--------------------------------------------------------------<
ERPImporta.exe: 00000514: 08:59:07 [TUniServerModule]:Server First Init.
ERPImporta.exe: 00000514: 08:59:07 [TUniServerModule]:Start Path = C:\Projetos_WEB\ERP_Importa\
ERPImporta.exe: 00000514: 08:59:07 [TUniServerModule]:Debug Mode = ON
ERPImporta.exe: 00000514: 08:59:07 [TUniGUISessionManager]:Cache erase job created, Folder count: [1]
ERPImporta.exe: 00000514: 08:59:08 [TUniServerModule]:Starting HTTP Server on Port: 8077...
ERPImporta.exe: 00000514: 08:59:08 [TUniServerModule]:HTTP Server Started on Port: 8077
ERPImporta.exe: 00001580: 09:00:40 []:>--------------------------------------------------------------<
ERPImporta.exe: 00001580: 09:00:40 [TUniServerModule]:Server First Init.
ERPImporta.exe: 00001580: 09:00:40 [TUniServerModule]:Start Path = C:\Projetos_WEB\ERP_Importa\
ERPImporta.exe: 00001580: 09:00:40 [TUniServerModule]:Debug Mode = ON
ERPImporta.exe: 00001580: 09:00:40 [TUniGUISessionManager]:Cache erase job created, Folder count: [1]
ERPImporta.exe: 00001580: 09:00:41 [TUniServerModule]:Starting HTTP Server on Port: 8077...
ERPImporta.exe: 00001580: 09:00:41 [TUniServerModule]:HTTP Server Started on Port: 8077
ERPImporta.exe: 000023B0: 09:02:48 []:>--------------------------------------------------------------<
ERPImporta.exe: 000023B0: 09:02:48 [TUniServerModule]:Server First Init.
ERPImporta.exe: 000023B0: 09:02:49 [TUniServerModule]:Start Path = C:\Projetos_WEB\ERP_Importa\
ERPImporta.exe: 000023B0: 09:02:49 [TUniServerModule]:Debug Mode = ON
ERPImporta.exe: 000023B0: 09:02:49 [TUniGUISessionManager]:Cache erase job created, Folder count: [1]
ERPImporta.exe: 000023B0: 09:02:49 [TUniServerModule]:Starting HTTP Server on Port: 8077...
ERPImporta.exe: 000023B0: 09:02:49 [TUniServerModule]:HTTP Server Started on Port: 8077
ERPImporta.exe: 00000CC0: 09:03:23 []:>--------------------------------------------------------------<
ERPImporta.exe: 00000CC0: 09:03:23 [TUniServerModule]:Server First Init.
ERPImporta.exe: 00000CC0: 09:03:24 [TUniServerModule]:Start Path = C:\Projetos_WEB\ERP_Importa\
ERPImporta.exe: 00000CC0: 09:03:24 [TUniServerModule]:Debug Mode = ON
ERPImporta.exe: 00000CC0: 09:03:24 [TUniGUISessionManager]:Cache erase job created, Folder count: [1]
ERPImporta.exe: 00000CC0: 09:03:24 [TUniServerModule]:Starting HTTP Server on Port: 8077...
ERPImporta.exe: 00000CC0: 09:03:24 [TUniServerModule]:HTTP Server Started on Port: 8077
ERPImporta.exe: 00003A34: 09:03:35 [127.0.0.1]:EUniSessionException : Sessão inváilda ou tempo da sessão expirado. (Session not found: NEsdhwoDj31102CC8A2 ) : Addr: $007CFC94
ERPImporta.exe: 00001B4C: 09:03:53 []:>--------------------------------------------------------------<
ERPImporta.exe: 00001B4C: 09:03:53 [TUniServerModule]:Server First Init.
ERPImporta.exe: 00001B4C: 09:03:53 [TUniServerModule]:Start Path = C:\Projetos_WEB\ERP_Importa\
ERPImporta.exe: 00001B4C: 09:03:53 [TUniServerModule]:Debug Mode = ON
ERPImporta.exe: 00001B4C: 09:03:53 [TUniGUISessionManager]:Cache erase job created, Folder count: [1]
ERPImporta.exe: 00001B4C: 09:03:54 [TUniServerModule]:Starting HTTP Server on Port: 8077...
ERPImporta.exe: 00001B4C: 09:03:54 [TUniServerModule]:HTTP Server Started on Port: 8077
ERPImporta.exe: 00001CDC: 09:06:40 []:>--------------------------------------------------------------<
ERPImporta.exe: 00001CDC: 09:06:40 [TUniServerModule]:Server First Init.
ERPImporta.exe: 00001CDC: 09:06:40 [TUniServerModule]:Start Path = C:\Projetos_WEB\ERP_Importa\
ERPImporta.exe: 00001CDC: 09:06:40 [TUniServerModule]:Debug Mode = ON
ERPImporta.exe: 00001CDC: 09:06:40 [TUniGUISessionManager]:Cache erase job created, Folder count: [1]
ERPImporta.exe: 00001CDC: 09:06:41 [TUniServerModule]:Starting HTTP Server on Port: 8077...
ERPImporta.exe: 00001CDC: 09:06:41 [TUniServerModule]:HTTP Server Started on Port: 8077
ERPImporta.exe: 00001B08: 09:09:33 []:>--------------------------------------------------------------<
ERPImporta.exe: 00001B08: 09:09:33 [TUniServerModule]:Server First Init.
ERPImporta.exe: 00001B08: 09:09:34 [TUniServerModule]:Start Path = C:\Projetos_WEB\ERP_Importa\
ERPImporta.exe: 00001B08: 09:09:34 [TUniServerModule]:Debug Mode = ON
ERPImporta.exe: 00001B08: 09:09:34 [TUniServerModule]:Starting HTTP Server on Port: 8077...
ERPImporta.exe: 00001B08: 09:09:35 [TUniServerModule]:HTTP Server Started on Port: 8077
ERPImporta.exe: 00001E40: 11:52:29 []:>--------------------------------------------------------------<
ERPImporta.exe: 00001E40: 11:52:29 [TUniServerModule]:Server First Init.
ERPImporta.exe: 00001E40: 11:52:29 [TUniServerModule]:Start Path = C:\Projetos_WEB\ERP_Importa\
ERPImporta.exe: 00001E40: 11:52:29 [TUniServerModule]:Debug Mode = ON
ERPImporta.exe: 00001E40: 11:52:29 [TUniGUISessionManager]:Cache erase job created, Folder count: [1]
ERPImporta.exe: 00001E40: 11:52:29 [TUniServerModule]:Starting HTTP Server on Port: 8077...
ERPImporta.exe: 00001E40: 11:52:29 [TUniServerModule]:HTTP Server Started on Port: 8077
ERPImporta.exe: 000031DC: 14:57:49 []:>--------------------------------------------------------------<
ERPImporta.exe: 000031DC: 14:57:49 [TUniServerModule]:Server First Init.
ERPImporta.exe: 000031DC: 14:57:50 [TUniServerModule]:Start Path = C:\Projetos_WEB\ERP_Importa\
ERPImporta.exe: 000031DC: 14:57:50 [TUniServerModule]:Debug Mode = ON
ERPImporta.exe: 000031DC: 14:57:50 [TUniServerModule]:Starting HTTP Server on Port: 8077...
ERPImporta.exe: 000031DC: 14:57:50 [TUniServerModule]:HTTP Server Started on Port: 8077
ERPImporta.exe: 00000FE8: 15:08:01 []:>--------------------------------------------------------------<
ERPImporta.exe: 00000FE8: 15:08:01 [TUniServerModule]:Server First Init.
ERPImporta.exe: 00000FE8: 15:08:02 [TUniServerModule]:Start Path = C:\Projetos_WEB\ERP_Importa\
ERPImporta.exe: 00000FE8: 15:08:02 [TUniServerModule]:Debug Mode = ON
ERPImporta.exe: 00000FE8: 15:08:02 [TUniGUISessionManager]:Cache erase job created, Folder count: [1]
ERPImporta.exe: 00000FE8: 15:08:02 [TUniServerModule]:Starting HTTP Server on Port: 8077...
ERPImporta.exe: 00000FE8: 15:08:02 [TUniServerModule]:HTTP Server Started on Port: 8077
ERPImporta.exe: 00003394: 15:14:01 []:>--------------------------------------------------------------<
ERPImporta.exe: 00003394: 15:14:01 [TUniServerModule]:Server First Init.
ERPImporta.exe: 00003394: 15:14:02 [TUniServerModule]:Start Path = C:\Projetos_WEB\ERP_Importa\
ERPImporta.exe: 00003394: 15:14:02 [TUniServerModule]:Debug Mode = ON
ERPImporta.exe: 00003394: 15:14:02 [TUniServerModule]:Starting HTTP Server on Port: 8077...
ERPImporta.exe: 00003394: 15:14:02 [TUniServerModule]:HTTP Server Started on Port: 8077
ERPImporta.exe: 0000163C: 16:42:14 []:>--------------------------------------------------------------<
ERPImporta.exe: 0000163C: 16:42:14 [TUniServerModule]:Server First Init.
ERPImporta.exe: 0000163C: 16:42:14 [TUniServerModule]:Start Path = C:\Projetos_WEB\ERP_Importa\
ERPImporta.exe: 0000163C: 16:42:14 [TUniServerModule]:Debug Mode = ON
ERPImporta.exe: 0000163C: 16:42:15 [TUniServerModule]:Starting HTTP Server on Port: 8077...
ERPImporta.exe: 0000163C: 16:42:15 [TUniServerModule]:HTTP Server Started on Port: 8077
ERPImporta.exe: 000005CC: 16:43:48 []:>--------------------------------------------------------------<
ERPImporta.exe: 000005CC: 16:43:48 [TUniServerModule]:Server First Init.
ERPImporta.exe: 000005CC: 16:43:48 [TUniServerModule]:Start Path = C:\Projetos_WEB\ERP_Importa\
ERPImporta.exe: 000005CC: 16:43:48 [TUniServerModule]:Debug Mode = ON
ERPImporta.exe: 000005CC: 16:43:48 [TUniGUISessionManager]:Cache erase job created, Folder count: [1]
ERPImporta.exe: 000005CC: 16:43:49 [TUniServerModule]:Starting HTTP Server on Port: 8077...
ERPImporta.exe: 000005CC: 16:43:49 [TUniServerModule]:HTTP Server Started on Port: 8077
ERPImporta.exe: 00002A40: 16:45:31 []:>--------------------------------------------------------------<
ERPImporta.exe: 00002A40: 16:45:31 [TUniServerModule]:Server First Init.
ERPImporta.exe: 00002A40: 16:45:32 [TUniServerModule]:Start Path = C:\Projetos_WEB\ERP_Importa\
ERPImporta.exe: 00002A40: 16:45:32 [TUniServerModule]:Debug Mode = ON
ERPImporta.exe: 00002A40: 16:45:32 [TUniServerModule]:Starting HTTP Server on Port: 8077...
ERPImporta.exe: 00002A40: 16:45:32 [TUniServerModule]:HTTP Server Started on Port: 8077
ERPImporta.exe: 00001F40: 16:46:55 []:>--------------------------------------------------------------<
ERPImporta.exe: 00001F40: 16:46:55 [TUniServerModule]:Server First Init.
ERPImporta.exe: 00001F40: 16:46:55 [TUniServerModule]:Start Path = C:\Projetos_WEB\ERP_Importa\
ERPImporta.exe: 00001F40: 16:46:55 [TUniServerModule]:Debug Mode = ON
ERPImporta.exe: 00001F40: 16:46:56 [TUniServerModule]:Starting HTTP Server on Port: 8077...
ERPImporta.exe: 00001F40: 16:46:56 [TUniServerModule]:HTTP Server Started on Port: 8077
ERPImporta.exe: 00002C18: 16:47:10 [cVariacao_DesPerc: Field 'Variacao_DesPerc' not found-127.0.0.1]:EDatabaseError : cVariacao_DesPerc: Field 'Variacao_DesPerc' not found : Addr: $006576F6
ERPImporta.exe: 00002C18: 16:47:29 [cVariacao_DesPerc: Field 'Variacao_DesPerc' not found-127.0.0.1]:EDatabaseError : cVariacao_DesPerc: Field 'Variacao_DesPerc' not found : Addr: $006576F6
ERPImporta.exe: 00003390: 16:49:23 []:>--------------------------------------------------------------<
ERPImporta.exe: 00003390: 16:49:23 [TUniServerModule]:Server First Init.
ERPImporta.exe: 00003390: 16:49:23 [TUniServerModule]:Start Path = C:\Projetos_WEB\ERP_Importa\
ERPImporta.exe: 00003390: 16:49:23 [TUniServerModule]:Debug Mode = ON
ERPImporta.exe: 00003390: 16:49:23 [TUniServerModule]:Starting HTTP Server on Port: 8077...
ERPImporta.exe: 00003390: 16:49:24 [TUniServerModule]:HTTP Server Started on Port: 8077
ERPImporta.exe: 0000076C: 16:57:24 []:>--------------------------------------------------------------<
ERPImporta.exe: 000009C4: 17:04:01 []:>--------------------------------------------------------------<
ERPImporta.exe: 000009C4: 17:04:01 [TUniServerModule]:Server First Init.
ERPImporta.exe: 000009C4: 17:04:02 [TUniServerModule]:Start Path = C:\Projetos_WEB\ERP_Importa\
ERPImporta.exe: 000009C4: 17:04:02 [TUniServerModule]:Debug Mode = ON
ERPImporta.exe: 000009C4: 17:04:02 [TUniServerModule]:Starting HTTP Server on Port: 8077...
ERPImporta.exe: 000009C4: 17:04:02 [TUniServerModule]:HTTP Server Started on Port: 8077
ERPImporta.exe: 00002B40: 17:06:04 []:>--------------------------------------------------------------<
ERPImporta.exe: 00002B40: 17:06:04 [TUniServerModule]:Server First Init.
ERPImporta.exe: 00002B40: 17:06:04 [TUniServerModule]:Start Path = C:\Projetos_WEB\ERP_Importa\
ERPImporta.exe: 00002B40: 17:06:04 [TUniServerModule]:Debug Mode = ON
ERPImporta.exe: 00002B40: 17:06:04 [TUniServerModule]:Starting HTTP Server on Port: 8077...
ERPImporta.exe: 00002B40: 17:06:05 [TUniServerModule]:HTTP Server Started on Port: 8077
ERPImporta.exe: 000029D4: 17:07:40 []:>--------------------------------------------------------------<
ERPImporta.exe: 000029D4: 17:07:40 [TUniServerModule]:Server First Init.
ERPImporta.exe: 000029D4: 17:07:40 [TUniServerModule]:Start Path = C:\Projetos_WEB\ERP_Importa\
ERPImporta.exe: 000029D4: 17:07:40 [TUniServerModule]:Debug Mode = ON
ERPImporta.exe: 000029D4: 17:07:40 [TUniGUISessionManager]:Cache erase job created, Folder count: [1]
ERPImporta.exe: 000029D4: 17:07:41 [TUniServerModule]:Starting HTTP Server on Port: 8077...
ERPImporta.exe: 000029D4: 17:07:41 [TUniServerModule]:HTTP Server Started on Port: 8077
ERPImporta.exe: 000019D8: 17:08:54 []:>--------------------------------------------------------------<
ERPImporta.exe: 000019D8: 17:08:54 [TUniServerModule]:Server First Init.
ERPImporta.exe: 000019D8: 17:08:54 [TUniServerModule]:Start Path = C:\Projetos_WEB\ERP_Importa\
ERPImporta.exe: 000019D8: 17:08:54 [TUniServerModule]:Debug Mode = ON
ERPImporta.exe: 000019D8: 17:08:54 [TUniGUISessionManager]:Cache erase job created, Folder count: [1]
ERPImporta.exe: 000019D8: 17:08:54 [TUniServerModule]:Starting HTTP Server on Port: 8077...
ERPImporta.exe: 000019D8: 17:08:54 [TUniServerModule]:HTTP Server Started on Port: 8077
