ERPImporta.exe: 0000116C: 07:30:19 []:>--------------------------------------------------------------<
ERPImporta.exe: 0000116C: 07:30:19 [TUniServerModule]:Server First Init.
ERPImporta.exe: 0000116C: 07:30:19 [TUniServerModule]:Start Path = C:\Projetos_WEB\ERP_Importa\
ERPImporta.exe: 0000116C: 07:30:19 [TUniServerModule]:Debug Mode = ON
ERPImporta.exe: 0000116C: 07:30:19 [TUniGUISessionManager]:Cache erase job created, Folder count: [1]
ERPImporta.exe: 0000116C: 07:30:19 [TUniServerModule]:Starting HTTP Server on Port: 8077...
ERPImporta.exe: 0000116C: 07:30:19 [TUniServerModule]:HTTP Server Started on Port: 8077
ERPImporta.exe: 000042F0: 07:34:12 []:>--------------------------------------------------------------<
ERPImporta.exe: 000042F0: 07:34:12 [TUniServerModule]:Server First Init.
ERPImporta.exe: 000042F0: 07:34:12 [TUniServerModule]:Start Path = C:\Projetos_WEB\ERP_Importa\
ERPImporta.exe: 000042F0: 07:34:12 [TUniServerModule]:Debug Mode = ON
ERPImporta.exe: 000042F0: 07:34:12 [TUniGUISessionManager]:Cache erase job created, Folder count: [1]
ERPImporta.exe: 000042F0: 07:34:12 [TUniServerModule]:Starting HTTP Server on Port: 8077...
ERPImporta.exe: 000042F0: 07:34:12 [TUniServerModule]:HTTP Server Started on Port: 8077
ERPImporta.exe: 00001978: 08:09:48 []:>--------------------------------------------------------------<
ERPImporta.exe: 00001978: 08:09:48 [TUniServerModule]:Server First Init.
ERPImporta.exe: 00001978: 08:09:48 [TUniServerModule]:Start Path = C:\Projetos_WEB\ERP_Importa\
ERPImporta.exe: 00001978: 08:09:48 [TUniServerModule]:Debug Mode = ON
ERPImporta.exe: 00001978: 08:09:48 [TUniGUISessionManager]:Cache erase job created, Folder count: [1]
ERPImporta.exe: 00001978: 08:09:49 [TUniServerModule]:Starting HTTP Server on Port: 8077...
ERPImporta.exe: 00001978: 08:09:49 [TUniServerModule]:HTTP Server Started on Port: 8077
ERPImporta.exe: 00000618: 08:11:28 []:>--------------------------------------------------------------<
ERPImporta.exe: 00000618: 08:11:28 [TUniServerModule]:Server First Init.
ERPImporta.exe: 00000618: 08:11:28 [TUniServerModule]:Start Path = C:\Projetos_WEB\ERP_Importa\
ERPImporta.exe: 00000618: 08:11:28 [TUniServerModule]:Debug Mode = ON
ERPImporta.exe: 00000618: 08:11:29 [TUniServerModule]:Starting HTTP Server on Port: 8077...
ERPImporta.exe: 00000618: 08:11:29 [TUniServerModule]:HTTP Server Started on Port: 8077
ERPImporta.exe: 00002B40: 08:11:33 [Item not found-127.0.0.1]:EListError : Item not found : Addr: $00BA2070
ERPImporta.exe: 000023E4: 08:12:52 []:>--------------------------------------------------------------<
ERPImporta.exe: 000023E4: 08:12:52 [TUniServerModule]:Server First Init.
ERPImporta.exe: 000023E4: 08:12:52 [TUniServerModule]:Start Path = C:\Projetos_WEB\ERP_Importa\
ERPImporta.exe: 000023E4: 08:12:52 [TUniServerModule]:Debug Mode = ON
ERPImporta.exe: 000023E4: 08:12:52 [TUniServerModule]:Starting HTTP Server on Port: 8077...
ERPImporta.exe: 000023E4: 08:12:52 [TUniServerModule]:HTTP Server Started on Port: 8077
ERPImporta.exe: 00003574: 08:12:56 [Item not found-127.0.0.1]:EListError : Item not found : Addr: $00BA20A4
ERPImporta.exe: 000030E4: 08:14:11 []:>--------------------------------------------------------------<
ERPImporta.exe: 000030E4: 08:14:11 [TUniServerModule]:Server First Init.
ERPImporta.exe: 000030E4: 08:14:11 [TUniServerModule]:Start Path = C:\Projetos_WEB\ERP_Importa\
ERPImporta.exe: 000030E4: 08:14:11 [TUniServerModule]:Debug Mode = ON
ERPImporta.exe: 000030E4: 08:14:11 [TUniServerModule]:Starting HTTP Server on Port: 8077...
ERPImporta.exe: 000030E4: 08:14:11 [TUniServerModule]:HTTP Server Started on Port: 8077
ERPImporta.exe: 000031C0: 08:14:15 [Item not found-127.0.0.1]:EListError : Item not found : Addr: $00BA20A4
ERPImporta.exe: 00001438: 08:14:31 []:>--------------------------------------------------------------<
ERPImporta.exe: 00001438: 08:14:31 [TUniServerModule]:Server First Init.
ERPImporta.exe: 00001438: 08:14:31 [TUniServerModule]:Start Path = C:\Projetos_WEB\ERP_Importa\
ERPImporta.exe: 00001438: 08:14:31 [TUniServerModule]:Debug Mode = ON
ERPImporta.exe: 00001438: 08:14:31 [TUniGUISessionManager]:Cache erase job created, Folder count: [1]
ERPImporta.exe: 00001438: 08:14:31 [TUniServerModule]:Starting HTTP Server on Port: 8077...
ERPImporta.exe: 00001438: 08:14:31 [TUniServerModule]:HTTP Server Started on Port: 8077
ERPImporta.exe: 0000295C: 08:15:00 []:>--------------------------------------------------------------<
ERPImporta.exe: 0000295C: 08:15:00 [TUniServerModule]:Server First Init.
ERPImporta.exe: 0000295C: 08:15:00 [TUniServerModule]:Start Path = C:\Projetos_WEB\ERP_Importa\
ERPImporta.exe: 0000295C: 08:15:00 [TUniServerModule]:Debug Mode = ON
ERPImporta.exe: 0000295C: 08:15:00 [TUniGUISessionManager]:Cache erase job created, Folder count: [1]
ERPImporta.exe: 0000295C: 08:15:00 [TUniServerModule]:Starting HTTP Server on Port: 8077...
ERPImporta.exe: 0000295C: 08:15:00 [TUniServerModule]:HTTP Server Started on Port: 8077
ERPImporta.exe: 000043DC: 08:15:03 [127.0.0.1]:EUniSessionException : Sessão inváilda ou tempo da sessão expirado. (Session not found: 8t4nGBahvp110020207 ) : Addr: $007CFC94
ERPImporta.exe: 0000409C: 08:15:50 []:>--------------------------------------------------------------<
ERPImporta.exe: 0000409C: 08:15:50 [TUniServerModule]:Server First Init.
ERPImporta.exe: 0000409C: 08:15:50 [TUniServerModule]:Start Path = C:\Projetos_WEB\ERP_Importa\
ERPImporta.exe: 0000409C: 08:15:50 [TUniServerModule]:Debug Mode = ON
ERPImporta.exe: 0000409C: 08:15:50 [TUniGUISessionManager]:Cache erase job created, Folder count: [1]
ERPImporta.exe: 0000409C: 08:15:50 [TUniServerModule]:Starting HTTP Server on Port: 8077...
ERPImporta.exe: 0000409C: 08:15:50 [TUniServerModule]:HTTP Server Started on Port: 8077
ERPImporta.exe: 000008F0: 08:15:54 [Item not found-127.0.0.1]:EListError : Item not found : Addr: $00BA20A4
ERPImporta.exe: 0000295C: 08:19:58 []:>--------------------------------------------------------------<
ERPImporta.exe: 0000295C: 08:19:58 [TUniServerModule]:Server First Init.
ERPImporta.exe: 0000295C: 08:19:58 [TUniServerModule]:Start Path = C:\Projetos_WEB\ERP_Importa\
ERPImporta.exe: 0000295C: 08:19:58 [TUniServerModule]:Debug Mode = ON
ERPImporta.exe: 0000295C: 08:19:58 [TUniGUISessionManager]:Cache erase job created, Folder count: [1]
ERPImporta.exe: 0000295C: 08:19:59 [TUniServerModule]:Starting HTTP Server on Port: 8077...
ERPImporta.exe: 0000295C: 08:19:59 [TUniServerModule]:HTTP Server Started on Port: 8077
ERPImporta.exe: 0000207C: 08:20:03 [[FireDAC][Phys][ODBC][Microsoft][SQL Server Native Client 11.0][SQL Server]Invalid column name 'ParentI'.-127.0.0.1]:EMSSQLNativeException : [FireDAC][Phys][ODBC][Microsoft][SQL Server Native Client 11.0][SQL Server]Invalid column name 'ParentI'. : Addr: $008DFDA9
ERPImporta.exe: 00002504: 08:20:31 []:>--------------------------------------------------------------<
ERPImporta.exe: 00002504: 08:20:31 [TUniServerModule]:Server First Init.
ERPImporta.exe: 00002504: 08:20:31 [TUniServerModule]:Start Path = C:\Projetos_WEB\ERP_Importa\
ERPImporta.exe: 00002504: 08:20:31 [TUniServerModule]:Debug Mode = ON
ERPImporta.exe: 00002504: 08:20:31 [TUniGUISessionManager]:Cache erase job created, Folder count: [1]
ERPImporta.exe: 00002504: 08:20:31 [TUniServerModule]:Starting HTTP Server on Port: 8077...
ERPImporta.exe: 00002504: 08:20:31 [TUniServerModule]:HTTP Server Started on Port: 8077
ERPImporta.exe: 00002354: 08:20:35 [Item not found-127.0.0.1]:EListError : Item not found : Addr: $00BA2100
ERPImporta.exe: 000020EC: 08:21:03 []:>--------------------------------------------------------------<
ERPImporta.exe: 000020EC: 08:21:03 [TUniServerModule]:Server First Init.
ERPImporta.exe: 000020EC: 08:21:03 [TUniServerModule]:Start Path = C:\Projetos_WEB\ERP_Importa\
ERPImporta.exe: 000020EC: 08:21:03 [TUniServerModule]:Debug Mode = ON
ERPImporta.exe: 000020EC: 08:21:03 [TUniGUISessionManager]:Cache erase job created, Folder count: [1]
ERPImporta.exe: 000020EC: 08:21:03 [TUniServerModule]:Starting HTTP Server on Port: 8077...
ERPImporta.exe: 000020EC: 08:21:04 [TUniServerModule]:HTTP Server Started on Port: 8077
ERPImporta.exe: 0000130C: 08:21:08 [Item not found-127.0.0.1]:EListError : Item not found : Addr: $00BA2100
ERPImporta.exe: 000025BC: 08:21:57 []:>--------------------------------------------------------------<
ERPImporta.exe: 000025BC: 08:21:57 [TUniServerModule]:Server First Init.
ERPImporta.exe: 000025BC: 08:21:57 [TUniServerModule]:Start Path = C:\Projetos_WEB\ERP_Importa\
ERPImporta.exe: 000025BC: 08:21:57 [TUniServerModule]:Debug Mode = ON
ERPImporta.exe: 000025BC: 08:21:57 [TUniGUISessionManager]:Cache erase job created, Folder count: [1]
ERPImporta.exe: 000025BC: 08:21:57 [TUniServerModule]:Starting HTTP Server on Port: 8077...
ERPImporta.exe: 000025BC: 08:21:57 [TUniServerModule]:HTTP Server Started on Port: 8077
ERPImporta.exe: 00003E6C: 08:22:02 [Item not found-127.0.0.1]:EListError : Item not found : Addr: $00BA2130
ERPImporta.exe: 000018FC: 08:25:08 []:>--------------------------------------------------------------<
ERPImporta.exe: 000018FC: 08:25:08 [TUniServerModule]:Server First Init.
ERPImporta.exe: 000018FC: 08:25:08 [TUniServerModule]:Start Path = C:\Projetos_WEB\ERP_Importa\
ERPImporta.exe: 000018FC: 08:25:08 [TUniServerModule]:Debug Mode = ON
ERPImporta.exe: 000018FC: 08:25:08 [TUniGUISessionManager]:Cache erase job created, Folder count: [1]
ERPImporta.exe: 000018FC: 08:25:09 [TUniServerModule]:Starting HTTP Server on Port: 8077...
ERPImporta.exe: 000018FC: 08:25:09 [TUniServerModule]:HTTP Server Started on Port: 8077
ERPImporta.exe: 00001848: 08:25:46 []:>--------------------------------------------------------------<
ERPImporta.exe: 00001848: 08:25:46 [TUniServerModule]:Server First Init.
ERPImporta.exe: 00001848: 08:25:46 [TUniServerModule]:Start Path = C:\Projetos_WEB\ERP_Importa\
ERPImporta.exe: 00001848: 08:25:46 [TUniServerModule]:Debug Mode = ON
ERPImporta.exe: 00001848: 08:25:47 [TUniServerModule]:Starting HTTP Server on Port: 8077...
ERPImporta.exe: 00001848: 08:25:47 [TUniServerModule]:HTTP Server Started on Port: 8077
ERPImporta.exe: 00003D00: 08:27:35 []:>--------------------------------------------------------------<
ERPImporta.exe: 00003D00: 08:27:35 [TUniServerModule]:Server First Init.
ERPImporta.exe: 00003D00: 08:27:35 [TUniServerModule]:Start Path = C:\Projetos_WEB\ERP_Importa\
ERPImporta.exe: 00003D00: 08:27:35 [TUniServerModule]:Debug Mode = ON
ERPImporta.exe: 00003D00: 08:27:35 [TUniServerModule]:Starting HTTP Server on Port: 8077...
ERPImporta.exe: 00003D00: 08:27:35 [TUniServerModule]:HTTP Server Started on Port: 8077
ERPImporta.exe: 00003F4C: 08:28:41 []:>--------------------------------------------------------------<
ERPImporta.exe: 00003F4C: 08:28:41 [TUniServerModule]:Server First Init.
ERPImporta.exe: 00003F4C: 08:28:41 [TUniServerModule]:Start Path = C:\Projetos_WEB\ERP_Importa\
ERPImporta.exe: 00003F4C: 08:28:41 [TUniServerModule]:Debug Mode = ON
ERPImporta.exe: 00003F4C: 08:28:41 [TUniGUISessionManager]:Cache erase job created, Folder count: [1]
ERPImporta.exe: 00003F4C: 08:28:41 [TUniServerModule]:Starting HTTP Server on Port: 8077...
ERPImporta.exe: 00003F4C: 08:28:41 [TUniServerModule]:HTTP Server Started on Port: 8077
ERPImporta.exe: 000010FC: 08:30:13 []:>--------------------------------------------------------------<
ERPImporta.exe: 000010FC: 08:30:13 [TUniServerModule]:Server First Init.
ERPImporta.exe: 000010FC: 08:30:13 [TUniServerModule]:Start Path = C:\Projetos_WEB\ERP_Importa\
ERPImporta.exe: 000010FC: 08:30:13 [TUniServerModule]:Debug Mode = ON
ERPImporta.exe: 000010FC: 08:30:13 [TUniGUISessionManager]:Cache erase job created, Folder count: [1]
ERPImporta.exe: 000010FC: 08:30:13 [TUniServerModule]:Starting HTTP Server on Port: 8077...
ERPImporta.exe: 000010FC: 08:30:13 [TUniServerModule]:HTTP Server Started on Port: 8077
ERPImporta.exe: 00002C80: 08:30:19 [Access violation at address 00608328 in module 'ERPImporta.exe'. Read of address 00000068-127.0.0.1]:EAccessViolation : Access violation at address 00608328 in module 'ERPImporta.exe'. Read of address 00000068 : Addr: $00608328
ERPImporta.exe: 00003030: 08:30:49 []:>--------------------------------------------------------------<
ERPImporta.exe: 00003030: 08:30:49 [TUniServerModule]:Server First Init.
ERPImporta.exe: 00003030: 08:30:49 [TUniServerModule]:Start Path = C:\Projetos_WEB\ERP_Importa\
ERPImporta.exe: 00003030: 08:30:49 [TUniServerModule]:Debug Mode = ON
ERPImporta.exe: 00003030: 08:30:49 [TUniServerModule]:Starting HTTP Server on Port: 8077...
ERPImporta.exe: 00003030: 08:30:49 [TUniServerModule]:HTTP Server Started on Port: 8077
ERPImporta.exe: 00003018: 08:31:29 []:>--------------------------------------------------------------<
ERPImporta.exe: 00003018: 08:31:29 [TUniServerModule]:Server First Init.
ERPImporta.exe: 00003018: 08:31:29 [TUniServerModule]:Start Path = C:\Projetos_WEB\ERP_Importa\
ERPImporta.exe: 00003018: 08:31:30 [TUniServerModule]:Debug Mode = ON
ERPImporta.exe: 00003018: 08:31:30 [TUniServerModule]:Starting HTTP Server on Port: 8077...
ERPImporta.exe: 00003018: 08:31:30 [TUniServerModule]:HTTP Server Started on Port: 8077
ERPImporta.exe: 00001660: 08:32:29 []:>--------------------------------------------------------------<
ERPImporta.exe: 00001660: 08:32:29 [TUniServerModule]:Server First Init.
ERPImporta.exe: 00001660: 08:32:29 [TUniServerModule]:Start Path = C:\Projetos_WEB\ERP_Importa\
ERPImporta.exe: 00001660: 08:32:29 [TUniServerModule]:Debug Mode = ON
ERPImporta.exe: 00001660: 08:32:29 [TUniGUISessionManager]:Cache erase job created, Folder count: [1]
ERPImporta.exe: 00001660: 08:32:30 [TUniServerModule]:Starting HTTP Server on Port: 8077...
ERPImporta.exe: 00001660: 08:32:30 [TUniServerModule]:HTTP Server Started on Port: 8077
ERPImporta.exe: 00004374: 08:32:35 [Item not found-127.0.0.1]:EListError : Item not found : Addr: $00BA212C
ERPImporta.exe: 000008E4: 08:32:52 []:>--------------------------------------------------------------<
ERPImporta.exe: 000008E4: 08:32:52 [TUniServerModule]:Server First Init.
ERPImporta.exe: 000008E4: 08:32:52 [TUniServerModule]:Start Path = C:\Projetos_WEB\ERP_Importa\
ERPImporta.exe: 000008E4: 08:32:52 [TUniServerModule]:Debug Mode = ON
ERPImporta.exe: 000008E4: 08:32:52 [TUniGUISessionManager]:Cache erase job created, Folder count: [1]
ERPImporta.exe: 000008E4: 08:32:52 [TUniServerModule]:Starting HTTP Server on Port: 8077...
ERPImporta.exe: 000008E4: 08:32:53 [TUniServerModule]:HTTP Server Started on Port: 8077
ERPImporta.exe: 00003E0C: 08:43:05 []:>--------------------------------------------------------------<
ERPImporta.exe: 00003E0C: 08:43:05 [TUniServerModule]:Server First Init.
ERPImporta.exe: 00003E0C: 08:43:05 [TUniServerModule]:Start Path = C:\Projetos_WEB\ERP_Importa\
ERPImporta.exe: 00003E0C: 08:43:05 [TUniServerModule]:Debug Mode = ON
ERPImporta.exe: 00003E0C: 08:43:05 [TUniGUISessionManager]:Cache erase job created, Folder count: [1]
ERPImporta.exe: 00003E0C: 08:43:05 [TUniServerModule]:Starting HTTP Server on Port: 8077...
ERPImporta.exe: 00003E0C: 08:43:05 [TUniServerModule]:HTTP Server Started on Port: 8077
ERPImporta.exe: 000043DC: 08:43:09 [TabMenu: Field 'FormName' not found-127.0.0.1]:EDatabaseError : TabMenu: Field 'FormName' not found : Addr: $006576F6
ERPImporta.exe: 00002308: 08:43:35 []:>--------------------------------------------------------------<
ERPImporta.exe: 00002308: 08:43:35 [TUniServerModule]:Server First Init.
ERPImporta.exe: 00002308: 08:43:35 [TUniServerModule]:Start Path = C:\Projetos_WEB\ERP_Importa\
ERPImporta.exe: 00002308: 08:43:35 [TUniServerModule]:Debug Mode = ON
ERPImporta.exe: 00002308: 08:43:35 [TUniServerModule]:Starting HTTP Server on Port: 8077...
ERPImporta.exe: 00002308: 08:43:35 [TUniServerModule]:HTTP Server Started on Port: 8077
ERPImporta.exe: 000004C0: 08:47:24 []:>--------------------------------------------------------------<
ERPImporta.exe: 000004C0: 08:47:24 [TUniServerModule]:Server First Init.
ERPImporta.exe: 000004C0: 08:47:25 [TUniServerModule]:Start Path = C:\Projetos_WEB\ERP_Importa\
ERPImporta.exe: 000004C0: 08:47:25 [TUniServerModule]:Debug Mode = ON
ERPImporta.exe: 000004C0: 08:47:25 [TUniGUISessionManager]:Cache erase job created, Folder count: [1]
ERPImporta.exe: 000004C0: 08:47:25 [TUniServerModule]:Starting HTTP Server on Port: 8077...
ERPImporta.exe: 000004C0: 08:47:25 [TUniServerModule]:HTTP Server Started on Port: 8077
ERPImporta.exe: 00003F9C: 08:47:33 [127.0.0.1]:EInvalidCast : Invalid class typecast : Addr: $00B9FE98
ERPImporta.exe: 00003F9C: 08:47:39 [127.0.0.1]:EInvalidCast : Invalid class typecast : Addr: $00B9FE98
ERPImporta.exe: 00003F9C: 08:47:42 [127.0.0.1]:EInvalidCast : Invalid class typecast : Addr: $00B9FE98
ERPImporta.exe: 00003F9C: 08:47:45 [127.0.0.1]:EInvalidCast : Invalid class typecast : Addr: $00B9FE98
ERPImporta.exe: 00004390: 08:54:47 []:>--------------------------------------------------------------<
ERPImporta.exe: 00004390: 08:54:47 [TUniServerModule]:Server First Init.
ERPImporta.exe: 00004390: 08:54:47 [TUniServerModule]:Start Path = C:\Projetos_WEB\ERP_Importa\
ERPImporta.exe: 00004390: 08:54:47 [TUniServerModule]:Debug Mode = ON
ERPImporta.exe: 00004390: 08:54:47 [TUniGUISessionManager]:Cache erase job created, Folder count: [1]
ERPImporta.exe: 00004390: 08:54:48 [TUniServerModule]:Starting HTTP Server on Port: 8077...
ERPImporta.exe: 00004390: 08:54:48 [TUniServerModule]:HTTP Server Started on Port: 8077
ERPImporta.exe: 000032D4: 08:54:54 [127.0.0.1]:EInvalidCast : Invalid class typecast : Addr: $00B9FE98
ERPImporta.exe: 000032D4: 08:54:58 [127.0.0.1]:EInvalidCast : Invalid class typecast : Addr: $00B9FE98
ERPImporta.exe: 000032D4: 08:55:01 [127.0.0.1]:EInvalidCast : Invalid class typecast : Addr: $00B9FE98
ERPImporta.exe: 000032D4: 08:55:05 [127.0.0.1]:EInvalidCast : Invalid class typecast : Addr: $00B9FE98
ERPImporta.exe: 00002B40: 08:56:17 []:>--------------------------------------------------------------<
ERPImporta.exe: 00002B40: 08:56:17 [TUniServerModule]:Server First Init.
ERPImporta.exe: 00002B40: 08:56:17 [TUniServerModule]:Start Path = C:\Projetos_WEB\ERP_Importa\
ERPImporta.exe: 00002B40: 08:56:17 [TUniServerModule]:Debug Mode = ON
ERPImporta.exe: 00002B40: 08:56:17 [TUniServerModule]:Starting HTTP Server on Port: 8077...
ERPImporta.exe: 00002B40: 08:56:17 [TUniServerModule]:HTTP Server Started on Port: 8077
ERPImporta.exe: 00002974: 08:56:24 [127.0.0.1]:EInvalidCast : Invalid class typecast : Addr: $00B9FE98
ERPImporta.exe: 00002974: 08:56:27 [127.0.0.1]:EInvalidCast : Invalid class typecast : Addr: $00B9FE98
ERPImporta.exe: 00002974: 08:56:30 [127.0.0.1]:EInvalidCast : Invalid class typecast : Addr: $00B9FE98
ERPImporta.exe: 000009C8: 08:58:14 []:>--------------------------------------------------------------<
ERPImporta.exe: 000009C8: 08:58:14 [TUniServerModule]:Server First Init.
ERPImporta.exe: 000009C8: 08:58:14 [TUniServerModule]:Start Path = C:\Projetos_WEB\ERP_Importa\
ERPImporta.exe: 000009C8: 08:58:14 [TUniServerModule]:Debug Mode = ON
ERPImporta.exe: 000009C8: 08:58:14 [TUniGUISessionManager]:Cache erase job created, Folder count: [1]
ERPImporta.exe: 000009C8: 08:58:14 [TUniServerModule]:Starting HTTP Server on Port: 8077...
ERPImporta.exe: 000009C8: 08:58:14 [TUniServerModule]:HTTP Server Started on Port: 8077
ERPImporta.exe: 000028A8: 08:58:21 [127.0.0.1]:EInvalidCast : Invalid class typecast : Addr: $00B9FE98
ERPImporta.exe: 000028A8: 08:58:24 [127.0.0.1]:EInvalidCast : Invalid class typecast : Addr: $00B9FE98
ERPImporta.exe: 000028A8: 08:58:27 [127.0.0.1]:EInvalidCast : Invalid class typecast : Addr: $00B9FE98
ERPImporta.exe: 00002D98: 08:59:51 []:>--------------------------------------------------------------<
ERPImporta.exe: 00002D98: 08:59:51 [TUniServerModule]:Server First Init.
ERPImporta.exe: 00002D98: 08:59:51 [TUniServerModule]:Start Path = C:\Projetos_WEB\ERP_Importa\
ERPImporta.exe: 00002D98: 08:59:51 [TUniServerModule]:Debug Mode = ON
ERPImporta.exe: 00002D98: 08:59:51 [TUniGUISessionManager]:Cache erase job created, Folder count: [1]
ERPImporta.exe: 00002D98: 08:59:51 [TUniServerModule]:Starting HTTP Server on Port: 8077...
ERPImporta.exe: 00002D98: 08:59:51 [TUniServerModule]:HTTP Server Started on Port: 8077
ERPImporta.exe: 00004300: 08:59:58 [127.0.0.1]:EInvalidCast : Invalid class typecast : Addr: $00B9FE98
ERPImporta.exe: 00004300: 09:00:01 [127.0.0.1]:EInvalidCast : Invalid class typecast : Addr: $00B9FE98
ERPImporta.exe: 00004300: 09:00:04 [127.0.0.1]:EInvalidCast : Invalid class typecast : Addr: $00B9FE98
ERPImporta.exe: 00004300: 09:00:07 [127.0.0.1]:EInvalidCast : Invalid class typecast : Addr: $00B9FE98
ERPImporta.exe: 000017FC: 09:00:55 []:>--------------------------------------------------------------<
ERPImporta.exe: 000017FC: 09:00:55 [TUniServerModule]:Server First Init.
ERPImporta.exe: 000017FC: 09:00:55 [TUniServerModule]:Start Path = C:\Projetos_WEB\ERP_Importa\
ERPImporta.exe: 000017FC: 09:00:55 [TUniServerModule]:Debug Mode = ON
ERPImporta.exe: 000017FC: 09:00:55 [TUniGUISessionManager]:Cache erase job created, Folder count: [1]
ERPImporta.exe: 000017FC: 09:00:55 [TUniServerModule]:Starting HTTP Server on Port: 8077...
ERPImporta.exe: 000017FC: 09:00:55 [TUniServerModule]:HTTP Server Started on Port: 8077
ERPImporta.exe: 00002264: 09:03:29 []:>--------------------------------------------------------------<
ERPImporta.exe: 00002264: 09:03:29 [TUniServerModule]:Server First Init.
ERPImporta.exe: 00002264: 09:03:29 [TUniServerModule]:Start Path = C:\Projetos_WEB\ERP_Importa\
ERPImporta.exe: 00002264: 09:03:29 [TUniServerModule]:Debug Mode = ON
ERPImporta.exe: 00002264: 09:03:29 [TUniGUISessionManager]:Cache erase job created, Folder count: [1]
ERPImporta.exe: 00002264: 09:03:29 [TUniServerModule]:Starting HTTP Server on Port: 8077...
ERPImporta.exe: 00002264: 09:03:29 [TUniServerModule]:HTTP Server Started on Port: 8077
ERPImporta.exe: 000023AC: 09:06:08 []:>--------------------------------------------------------------<
ERPImporta.exe: 000023AC: 09:06:08 [TUniServerModule]:Server First Init.
ERPImporta.exe: 000023AC: 09:06:08 [TUniServerModule]:Start Path = C:\Projetos_WEB\ERP_Importa\
ERPImporta.exe: 000023AC: 09:06:08 [TUniServerModule]:Debug Mode = ON
ERPImporta.exe: 000023AC: 09:06:08 [TUniGUISessionManager]:Cache erase job created, Folder count: [1]
ERPImporta.exe: 000023AC: 09:06:08 [TUniServerModule]:Starting HTTP Server on Port: 8077...
ERPImporta.exe: 000023AC: 09:06:08 [TUniServerModule]:HTTP Server Started on Port: 8077
ERPImporta.exe: 00002704: 09:06:18 [127.0.0.1]:EInvalidCast : Invalid class typecast : Addr: $00B9FE98
ERPImporta.exe: 00002704: 09:06:24 [127.0.0.1]:EInvalidCast : Invalid class typecast : Addr: $00B9FE98
ERPImporta.exe: 00002704: 09:06:31 [127.0.0.1]:EInvalidCast : Invalid class typecast : Addr: $00B9FE98
ERPImporta.exe: 00004454: 14:42:18 []:>--------------------------------------------------------------<
ERPImporta.exe: 00004454: 14:42:18 [TUniServerModule]:Server First Init.
ERPImporta.exe: 00004454: 14:42:18 [TUniServerModule]:Start Path = C:\Projetos_WEB\ERP_Importa\
ERPImporta.exe: 00004454: 14:42:18 [TUniServerModule]:Debug Mode = ON
ERPImporta.exe: 00004454: 14:42:18 [TUniGUISessionManager]:Cache erase job created, Folder count: [1]
ERPImporta.exe: 00004454: 14:42:18 [TUniServerModule]:Starting HTTP Server on Port: 8077...
ERPImporta.exe: 00004454: 14:42:18 [TUniServerModule]:HTTP Server Started on Port: 8077
ERPImporta.exe: 00001F7C: 14:42:26 [127.0.0.1]:EInvalidCast : Invalid class typecast : Addr: $00B9FE98
ERPImporta.exe: 00001F7C: 14:42:30 [127.0.0.1]:EInvalidCast : Invalid class typecast : Addr: $00B9FE98
ERPImporta.exe: 00001F7C: 14:42:32 [127.0.0.1]:EInvalidCast : Invalid class typecast : Addr: $00B9FE98
ERPImporta.exe: 00003748: 14:43:48 []:>--------------------------------------------------------------<
ERPImporta.exe: 00003748: 14:43:48 [TUniServerModule]:Server First Init.
ERPImporta.exe: 00003748: 14:43:48 [TUniServerModule]:Start Path = C:\Projetos_WEB\ERP_Importa\
ERPImporta.exe: 00003748: 14:43:48 [TUniServerModule]:Debug Mode = ON
ERPImporta.exe: 00003748: 14:43:48 [TUniGUISessionManager]:Cache erase job created, Folder count: [1]
ERPImporta.exe: 00003748: 14:43:48 [TUniServerModule]:Starting HTTP Server on Port: 8077...
ERPImporta.exe: 00003748: 14:43:48 [TUniServerModule]:HTTP Server Started on Port: 8077
ERPImporta.exe: 000011D8: 14:43:57 [127.0.0.1]:EInvalidCast : Invalid class typecast : Addr: $00B9FE98
ERPImporta.exe: 000011D8: 14:44:00 [127.0.0.1]:EInvalidCast : Invalid class typecast : Addr: $00B9FE98
ERPImporta.exe: 00002A18: 14:44:06 [HandleFileRequest[127.0.0.1]]:File not found: C:\Projetos_WEB\ERP_Importa\files\images\fundo8.jpg
ERPImporta.exe: 00001F08: 14:44:56 []:>--------------------------------------------------------------<
ERPImporta.exe: 00001F08: 14:44:56 [TUniServerModule]:Server First Init.
ERPImporta.exe: 00001F08: 14:44:56 [TUniServerModule]:Start Path = C:\Projetos_WEB\ERP_Importa\
ERPImporta.exe: 00001F08: 14:44:56 [TUniServerModule]:Debug Mode = ON
ERPImporta.exe: 00001F08: 14:44:56 [TUniGUISessionManager]:Cache erase job created, Folder count: [1]
ERPImporta.exe: 00001F08: 14:44:57 [TUniServerModule]:Starting HTTP Server on Port: 8077...
ERPImporta.exe: 00001F08: 14:44:57 [TUniServerModule]:HTTP Server Started on Port: 8077
ERPImporta.exe: 0000291C: 14:45:05 [127.0.0.1]:EInvalidCast : Invalid class typecast : Addr: $00B9FE98
ERPImporta.exe: 00003C3C: 14:47:08 []:>--------------------------------------------------------------<
ERPImporta.exe: 00003C3C: 14:47:08 [TUniServerModule]:Server First Init.
ERPImporta.exe: 00003C3C: 14:47:08 [TUniServerModule]:Start Path = C:\Projetos_WEB\ERP_Importa\
ERPImporta.exe: 00003C3C: 14:47:08 [TUniServerModule]:Debug Mode = ON
ERPImporta.exe: 00003C3C: 14:47:08 [TUniGUISessionManager]:Cache erase job created, Folder count: [1]
ERPImporta.exe: 00003C3C: 14:47:09 [TUniServerModule]:Starting HTTP Server on Port: 8077...
ERPImporta.exe: 00003C3C: 14:47:09 [TUniServerModule]:HTTP Server Started on Port: 8077
ERPImporta.exe: 00002C64: 14:47:37 [127.0.0.1]:EInvalidCast : Invalid class typecast : Addr: $00B9FE98
ERPImporta.exe: 000020FC: 14:51:49 []:>--------------------------------------------------------------<
ERPImporta.exe: 000020FC: 14:51:49 [TUniServerModule]:Server First Init.
ERPImporta.exe: 000020FC: 14:51:49 [TUniServerModule]:Start Path = C:\Projetos_WEB\ERP_Importa\
ERPImporta.exe: 000020FC: 14:51:49 [TUniServerModule]:Debug Mode = ON
ERPImporta.exe: 000020FC: 14:51:49 [TUniGUISessionManager]:Cache erase job created, Folder count: [1]
ERPImporta.exe: 000020FC: 14:51:49 [TUniServerModule]:Starting HTTP Server on Port: 8077...
ERPImporta.exe: 000020FC: 14:51:49 [TUniServerModule]:HTTP Server Started on Port: 8077
ERPImporta.exe: 0000406C: 14:51:57 [127.0.0.1]:EInvalidCast : Invalid class typecast : Addr: $00B9FE98
ERPImporta.exe: 0000406C: 14:52:00 [127.0.0.1]:EInvalidCast : Invalid class typecast : Addr: $00B9FE98
ERPImporta.exe: 0000406C: 14:52:03 [127.0.0.1]:EInvalidCast : Invalid class typecast : Addr: $00B9FE98
ERPImporta.exe: 00002D14: 14:53:59 []:>--------------------------------------------------------------<
ERPImporta.exe: 00002D14: 14:53:59 [TUniServerModule]:Server First Init.
ERPImporta.exe: 00002D14: 14:53:59 [TUniServerModule]:Start Path = C:\Projetos_WEB\ERP_Importa\
ERPImporta.exe: 00002D14: 14:53:59 [TUniServerModule]:Debug Mode = ON
ERPImporta.exe: 00002D14: 14:53:59 [TUniGUISessionManager]:Cache erase job created, Folder count: [1]
ERPImporta.exe: 00002D14: 14:53:59 [TUniServerModule]:Starting HTTP Server on Port: 8077...
ERPImporta.exe: 00002D14: 14:53:59 [TUniServerModule]:HTTP Server Started on Port: 8077
ERPImporta.exe: 00000AD0: 14:54:07 [127.0.0.1]:EInvalidCast : Invalid class typecast : Addr: $00B9FE98
ERPImporta.exe: 00000AD0: 14:54:11 [127.0.0.1]:EInvalidCast : Invalid class typecast : Addr: $00B9FE98
ERPImporta.exe: 00000AD0: 14:54:14 [127.0.0.1]:EInvalidCast : Invalid class typecast : Addr: $00B9FE98
ERPImporta.exe: 0000392C: 14:55:07 []:>--------------------------------------------------------------<
ERPImporta.exe: 0000392C: 14:55:07 [TUniServerModule]:Server First Init.
ERPImporta.exe: 0000392C: 14:55:07 [TUniServerModule]:Start Path = C:\Projetos_WEB\ERP_Importa\
ERPImporta.exe: 0000392C: 14:55:07 [TUniServerModule]:Debug Mode = ON
ERPImporta.exe: 0000392C: 14:55:07 [TUniGUISessionManager]:Cache erase job created, Folder count: [1]
ERPImporta.exe: 0000392C: 14:55:07 [TUniServerModule]:Starting HTTP Server on Port: 8077...
ERPImporta.exe: 0000392C: 14:55:07 [TUniServerModule]:HTTP Server Started on Port: 8077
ERPImporta.exe: 00000BDC: 14:55:16 [127.0.0.1]:EInvalidCast : Invalid class typecast : Addr: $00B9FECC
ERPImporta.exe: 0000305C: 14:55:37 []:>--------------------------------------------------------------<
ERPImporta.exe: 0000305C: 14:55:37 [TUniServerModule]:Server First Init.
ERPImporta.exe: 0000305C: 14:55:37 [TUniServerModule]:Start Path = C:\Projetos_WEB\ERP_Importa\
ERPImporta.exe: 0000305C: 14:55:37 [TUniServerModule]:Debug Mode = ON
ERPImporta.exe: 0000305C: 14:55:37 [TUniGUISessionManager]:Cache erase job created, Folder count: [1]
ERPImporta.exe: 0000305C: 14:55:37 [TUniServerModule]:Starting HTTP Server on Port: 8077...
ERPImporta.exe: 0000305C: 14:55:38 [TUniServerModule]:HTTP Server Started on Port: 8077
ERPImporta.exe: 00000E0C: 14:55:46 [127.0.0.1]:EInvalidCast : Invalid class typecast : Addr: $00B9FECC
ERPImporta.exe: 000030FC: 14:57:57 []:>--------------------------------------------------------------<
ERPImporta.exe: 000030FC: 14:57:57 [TUniServerModule]:Server First Init.
ERPImporta.exe: 000030FC: 14:57:57 [TUniServerModule]:Start Path = C:\Projetos_WEB\ERP_Importa\
ERPImporta.exe: 000030FC: 14:57:57 [TUniServerModule]:Debug Mode = ON
ERPImporta.exe: 000030FC: 14:57:57 [TUniServerModule]:Starting HTTP Server on Port: 8077...
ERPImporta.exe: 000030FC: 14:57:57 [TUniServerModule]:HTTP Server Started on Port: 8077
ERPImporta.exe: 00004114: 14:58:10 [127.0.0.1]:EInvalidCast : Invalid class typecast : Addr: $00B9FF0C
ERPImporta.exe: 00004114: 14:58:13 [127.0.0.1]:EInvalidCast : Invalid class typecast : Addr: $00B9FF0C
ERPImporta.exe: 00004114: 14:58:16 [127.0.0.1]:EInvalidCast : Invalid class typecast : Addr: $00B9FF0C
ERPImporta.exe: 00004114: 14:58:20 [127.0.0.1]:EInvalidCast : Invalid class typecast : Addr: $00B9FF0C
ERPImporta.exe: 00004114: 14:58:22 [127.0.0.1]:EInvalidCast : Invalid class typecast : Addr: $00B9FF0C
ERPImporta.exe: 00004454: 15:01:40 []:>--------------------------------------------------------------<
ERPImporta.exe: 00004454: 15:01:40 [TUniServerModule]:Server First Init.
ERPImporta.exe: 00004454: 15:01:40 [TUniServerModule]:Start Path = C:\Projetos_WEB\ERP_Importa\
ERPImporta.exe: 00004454: 15:01:40 [TUniServerModule]:Debug Mode = ON
ERPImporta.exe: 00004454: 15:01:40 [TUniGUISessionManager]:Cache erase job created, Folder count: [1]
ERPImporta.exe: 00004454: 15:01:40 [TUniServerModule]:Starting HTTP Server on Port: 8077...
ERPImporta.exe: 00004454: 15:01:40 [TUniServerModule]:HTTP Server Started on Port: 8077
ERPImporta.exe: 00000820: 15:01:59 [127.0.0.1]:EInvalidCast : Invalid class typecast : Addr: $00B9FEC0
ERPImporta.exe: 000046D4: 15:07:13 []:>--------------------------------------------------------------<
ERPImporta.exe: 000046D4: 15:07:13 [TUniServerModule]:Server First Init.
ERPImporta.exe: 000046D4: 15:07:13 [TUniServerModule]:Start Path = C:\Projetos_WEB\ERP_Importa\
ERPImporta.exe: 000046D4: 15:07:13 [TUniServerModule]:Debug Mode = ON
ERPImporta.exe: 000046D4: 15:07:13 [TUniGUISessionManager]:Cache erase job created, Folder count: [1]
ERPImporta.exe: 000046D4: 15:07:13 [TUniServerModule]:Starting HTTP Server on Port: 8077...
ERPImporta.exe: 000046D4: 15:07:13 [TUniServerModule]:HTTP Server Started on Port: 8077
ERPImporta.exe: 00002564: 15:07:17 [127.0.0.1]:EUniSessionException : Sessão inváilda ou tempo da sessão expirado. (Session not found: QhaSHglnLx110027079 ) : Addr: $007CFC94
ERPImporta.exe: 00003C14: 15:07:17 [127.0.0.1]:EUniSessionException : Sessão inváilda ou tempo da sessão expirado. (Session not found: QhaSHglnLx110027079 ) : Addr: $007CFC94
ERPImporta.exe: 000011FC: 15:09:53 []:>--------------------------------------------------------------<
ERPImporta.exe: 000011FC: 15:09:53 [TUniServerModule]:Server First Init.
ERPImporta.exe: 000011FC: 15:09:53 [TUniServerModule]:Start Path = C:\Projetos_WEB\ERP_Importa\
ERPImporta.exe: 000011FC: 15:09:53 [TUniServerModule]:Debug Mode = ON
ERPImporta.exe: 000011FC: 15:09:53 [TUniGUISessionManager]:Cache erase job created, Folder count: [1]
ERPImporta.exe: 000011FC: 15:09:54 [TUniServerModule]:Starting HTTP Server on Port: 8077...
ERPImporta.exe: 000011FC: 15:09:54 [TUniServerModule]:HTTP Server Started on Port: 8077
ERPImporta.exe: 0000467C: 15:10:02 [127.0.0.1]:EInvalidCast : Invalid class typecast : Addr: $00B9FEC8
ERPImporta.exe: 0000467C: 15:10:05 [127.0.0.1]:EInvalidCast : Invalid class typecast : Addr: $00B9FEC8
ERPImporta.exe: 0000467C: 15:10:07 [127.0.0.1]:EInvalidCast : Invalid class typecast : Addr: $00B9FEC8
ERPImporta.exe: 0000467C: 15:10:12 [127.0.0.1]:EInvalidCast : Invalid class typecast : Addr: $00B9FEC8
ERPImporta.exe: 00001154: 15:29:31 []:>--------------------------------------------------------------<
ERPImporta.exe: 00001154: 15:29:31 [TUniServerModule]:Server First Init.
ERPImporta.exe: 00001154: 15:29:31 [TUniServerModule]:Start Path = C:\Projetos_WEB\ERP_Importa\
ERPImporta.exe: 00001154: 15:29:31 [TUniServerModule]:Debug Mode = ON
ERPImporta.exe: 00001154: 15:29:31 [TUniServerModule]:Starting HTTP Server on Port: 8077...
ERPImporta.exe: 00001154: 15:29:31 [TUniServerModule]:HTTP Server Started on Port: 8077
ERPImporta.exe: 000032AC: 15:29:39 [127.0.0.1]:EInvalidCast : Invalid class typecast : Addr: $00B9FEC8
ERPImporta.exe: 00002228: 15:32:22 []:>--------------------------------------------------------------<
ERPImporta.exe: 00002228: 15:32:22 [TUniServerModule]:Server First Init.
ERPImporta.exe: 00002228: 15:32:22 [TUniServerModule]:Start Path = C:\Projetos_WEB\ERP_Importa\
ERPImporta.exe: 00002228: 15:32:22 [TUniServerModule]:Debug Mode = ON
ERPImporta.exe: 00002228: 15:32:22 [TUniGUISessionManager]:Cache erase job created, Folder count: [1]
ERPImporta.exe: 00002228: 15:32:22 [TUniServerModule]:Starting HTTP Server on Port: 8077...
ERPImporta.exe: 00002228: 15:32:22 [TUniServerModule]:HTTP Server Started on Port: 8077
ERPImporta.exe: 00003C24: 15:32:30 [127.0.0.1]:EInvalidCast : Invalid class typecast : Addr: $00B9FECC
ERPImporta.exe: 00003C24: 15:32:33 [127.0.0.1]:EInvalidCast : Invalid class typecast : Addr: $00B9FECC
ERPImporta.exe: 00003C24: 15:32:36 [127.0.0.1]:EInvalidCast : Invalid class typecast : Addr: $00B9FECC
ERPImporta.exe: 00003EDC: 15:54:22 []:>--------------------------------------------------------------<
ERPImporta.exe: 00003EDC: 15:54:22 [TUniServerModule]:Server First Init.
ERPImporta.exe: 00003EDC: 15:54:22 [TUniServerModule]:Start Path = C:\Projetos_WEB\ERP_Importa\
ERPImporta.exe: 00003EDC: 15:54:22 [TUniServerModule]:Debug Mode = ON
ERPImporta.exe: 00003EDC: 15:54:22 [TUniGUISessionManager]:Cache erase job created, Folder count: [1]
ERPImporta.exe: 00003EDC: 15:54:22 [TUniServerModule]:Starting HTTP Server on Port: 8077...
ERPImporta.exe: 00003EDC: 15:54:22 [TUniServerModule]:HTTP Server Started on Port: 8077
ERPImporta.exe: 00003208: 15:54:29 [127.0.0.1]:EInvalidCast : Invalid class typecast : Addr: $00B9FEC8
ERPImporta.exe: 00003208: 15:54:32 [127.0.0.1]:EInvalidCast : Invalid class typecast : Addr: $00B9FEC8
ERPImporta.exe: 00003208: 15:54:35 [127.0.0.1]:EInvalidCast : Invalid class typecast : Addr: $00B9FEC8
ERPImporta.exe: 00003208: 15:54:40 [127.0.0.1]:EInvalidCast : Invalid class typecast : Addr: $00B9FEC8
ERPImporta.exe: 00003208: 15:54:42 [127.0.0.1]:EInvalidCast : Invalid class typecast : Addr: $00B9FEC8
ERPImporta.exe: 00003208: 15:54:44 [127.0.0.1]:EInvalidCast : Invalid class typecast : Addr: $00B9FEC8
ERPImporta.exe: 00003208: 15:54:45 [127.0.0.1]:EInvalidCast : Invalid class typecast : Addr: $00B9FEC8
ERPImporta.exe: 00003208: 15:54:48 [127.0.0.1]:EInvalidCast : Invalid class typecast : Addr: $00B9FEC8
ERPImporta.exe: 00003208: 15:54:50 [127.0.0.1]:EInvalidCast : Invalid class typecast : Addr: $00B9FEC8
ERPImporta.exe: 00001C40: 15:57:45 []:>--------------------------------------------------------------<
ERPImporta.exe: 00001C40: 15:57:45 [TUniServerModule]:Server First Init.
ERPImporta.exe: 00001C40: 15:57:45 [TUniServerModule]:Start Path = C:\Projetos_WEB\ERP_Importa\
ERPImporta.exe: 00001C40: 15:57:45 [TUniServerModule]:Debug Mode = ON
ERPImporta.exe: 00001C40: 15:57:45 [TUniGUISessionManager]:Cache erase job created, Folder count: [1]
ERPImporta.exe: 00001C40: 15:57:45 [TUniServerModule]:Starting HTTP Server on Port: 8077...
ERPImporta.exe: 00001C40: 15:57:46 [TUniServerModule]:HTTP Server Started on Port: 8077
ERPImporta.exe: 00003154: 15:57:53 [127.0.0.1]:EInvalidCast : Invalid class typecast : Addr: $00B9FEBD
ERPImporta.exe: 00003154: 15:57:56 [127.0.0.1]:EInvalidCast : Invalid class typecast : Addr: $00B9FEBD
ERPImporta.exe: 00003154: 15:58:00 [127.0.0.1]:EInvalidCast : Invalid class typecast : Addr: $00B9FEBD
ERPImporta.exe: 00004708: 15:59:26 []:>--------------------------------------------------------------<
ERPImporta.exe: 00004708: 15:59:26 [TUniServerModule]:Server First Init.
ERPImporta.exe: 00004708: 15:59:26 [TUniServerModule]:Start Path = C:\Projetos_WEB\ERP_Importa\
ERPImporta.exe: 00004708: 15:59:26 [TUniServerModule]:Debug Mode = ON
ERPImporta.exe: 00004708: 15:59:26 [TUniGUISessionManager]:Cache erase job created, Folder count: [1]
ERPImporta.exe: 00004708: 15:59:26 [TUniServerModule]:Starting HTTP Server on Port: 8077...
ERPImporta.exe: 00004708: 15:59:26 [TUniServerModule]:HTTP Server Started on Port: 8077
ERPImporta.exe: 0000212C: 15:59:45 [127.0.0.1]:EInvalidCast : Invalid class typecast : Addr: $00B9FEC0
ERPImporta.exe: 0000212C: 15:59:48 [127.0.0.1]:EInvalidCast : Invalid class typecast : Addr: $00B9FEC0
ERPImporta.exe: 0000212C: 15:59:51 [127.0.0.1]:EInvalidCast : Invalid class typecast : Addr: $00B9FEC0
ERPImporta.exe: 000016AC: 16:01:08 []:>--------------------------------------------------------------<
ERPImporta.exe: 000016AC: 16:01:08 [TUniServerModule]:Server First Init.
ERPImporta.exe: 000016AC: 16:01:08 [TUniServerModule]:Start Path = C:\Projetos_WEB\ERP_Importa\
ERPImporta.exe: 000016AC: 16:01:08 [TUniServerModule]:Debug Mode = ON
ERPImporta.exe: 000016AC: 16:01:08 [TUniGUISessionManager]:Cache erase job created, Folder count: [1]
ERPImporta.exe: 000016AC: 16:01:08 [TUniServerModule]:Starting HTTP Server on Port: 8077...
ERPImporta.exe: 000016AC: 16:01:08 [TUniServerModule]:HTTP Server Started on Port: 8077
ERPImporta.exe: 000045F4: 16:01:19 [127.0.0.1]:EClassNotFound : Class TWebTreeMenuNode not found : Addr: $004B7292
ERPImporta.exe: 000045F4: 16:01:27 [127.0.0.1]:EClassNotFound : Class TWebTreeMenuNode not found : Addr: $004B7292
ERPImporta.exe: 000045F4: 16:01:32 [127.0.0.1]:EClassNotFound : Class TWebTreeMenuNode not found : Addr: $004B7292
ERPImporta.exe: 00003D94: 16:02:21 []:>--------------------------------------------------------------<
ERPImporta.exe: 00003D94: 16:02:21 [TUniServerModule]:Server First Init.
ERPImporta.exe: 00003D94: 16:02:21 [TUniServerModule]:Start Path = C:\Projetos_WEB\ERP_Importa\
ERPImporta.exe: 00003D94: 16:02:21 [TUniServerModule]:Debug Mode = ON
ERPImporta.exe: 00003D94: 16:02:21 [TUniGUISessionManager]:Cache erase job created, Folder count: [1]
ERPImporta.exe: 00003D94: 16:02:21 [TUniServerModule]:Starting HTTP Server on Port: 8077...
ERPImporta.exe: 00003D94: 16:02:21 [TUniServerModule]:HTTP Server Started on Port: 8077
ERPImporta.exe: 00000C58: 16:03:12 []:>--------------------------------------------------------------<
ERPImporta.exe: 00000C58: 16:03:12 [TUniServerModule]:Server First Init.
ERPImporta.exe: 00000C58: 16:03:12 [TUniServerModule]:Start Path = C:\Projetos_WEB\ERP_Importa\
ERPImporta.exe: 00000C58: 16:03:12 [TUniServerModule]:Debug Mode = ON
ERPImporta.exe: 00000C58: 16:03:12 [TUniServerModule]:Starting HTTP Server on Port: 8077...
ERPImporta.exe: 00000C58: 16:03:12 [TUniServerModule]:HTTP Server Started on Port: 8077
ERPImporta.exe: 00000C28: 16:03:21 [127.0.0.1]:EClassNotFound : Class TWebTreeMenuNode not found : Addr: $004B7292
ERPImporta.exe: 00000C28: 16:03:27 [127.0.0.1]:EClassNotFound : Class TWebTreeMenuNode not found : Addr: $004B7292
ERPImporta.exe: 00000C28: 16:03:32 [127.0.0.1]:EClassNotFound : Class TWebTreeMenuNode not found : Addr: $004B7292
ERPImporta.exe: 00003050: 16:03:53 []:>--------------------------------------------------------------<
ERPImporta.exe: 00003050: 16:03:53 [TUniServerModule]:Server First Init.
ERPImporta.exe: 00003050: 16:03:53 [TUniServerModule]:Start Path = C:\Projetos_WEB\ERP_Importa\
ERPImporta.exe: 00003050: 16:03:53 [TUniServerModule]:Debug Mode = ON
ERPImporta.exe: 00003050: 16:03:53 [TUniGUISessionManager]:Cache erase job created, Folder count: [1]
ERPImporta.exe: 00003050: 16:03:53 [TUniServerModule]:Starting HTTP Server on Port: 8077...
ERPImporta.exe: 00003050: 16:03:53 [TUniServerModule]:HTTP Server Started on Port: 8077
ERPImporta.exe: 00003EBC: 16:04:47 []:>--------------------------------------------------------------<
ERPImporta.exe: 00003EBC: 16:04:47 [TUniServerModule]:Server First Init.
ERPImporta.exe: 00003EBC: 16:04:47 [TUniServerModule]:Start Path = C:\Projetos_WEB\ERP_Importa\
ERPImporta.exe: 00003EBC: 16:04:47 [TUniServerModule]:Debug Mode = ON
ERPImporta.exe: 00003EBC: 16:04:47 [TUniGUISessionManager]:Cache erase job created, Folder count: [1]
ERPImporta.exe: 00003EBC: 16:04:47 [TUniServerModule]:Starting HTTP Server on Port: 8077...
ERPImporta.exe: 00003EBC: 16:04:47 [TUniServerModule]:HTTP Server Started on Port: 8077
ERPImporta.exe: 00003A9C: 16:04:57 [127.0.0.1]:EClassNotFound : Class Cadastros not found : Addr: $004B7292
ERPImporta.exe: 00003A9C: 16:05:02 [127.0.0.1]:EClassNotFound : Class Gerais not found : Addr: $004B7292
ERPImporta.exe: 00003A9C: 16:05:09 [127.0.0.1]:EClassNotFound : Class Empresas not found : Addr: $004B7292
ERPImporta.exe: 00001960: 16:08:55 []:>--------------------------------------------------------------<
ERPImporta.exe: 00001960: 16:08:55 [TUniServerModule]:Server First Init.
ERPImporta.exe: 00001960: 16:08:55 [TUniServerModule]:Start Path = C:\Projetos_WEB\ERP_Importa\
ERPImporta.exe: 00001960: 16:08:55 [TUniServerModule]:Debug Mode = ON
ERPImporta.exe: 00001960: 16:08:55 [TUniServerModule]:Starting HTTP Server on Port: 8077...
ERPImporta.exe: 00001960: 16:08:55 [TUniServerModule]:HTTP Server Started on Port: 8077
ERPImporta.exe: 00001E80: 16:09:06 [127.0.0.1]:EClassNotFound : Class Cadastros not found : Addr: $004B7292
ERPImporta.exe: 00001E80: 16:09:10 [127.0.0.1]:EClassNotFound : Class Gerais not found : Addr: $004B7292
ERPImporta.exe: 00001E80: 16:09:12 [127.0.0.1]:EClassNotFound : Class Empresas not found : Addr: $004B7292
ERPImporta.exe: 00002698: 16:09:39 []:>--------------------------------------------------------------<
ERPImporta.exe: 00002698: 16:09:39 [TUniServerModule]:Server First Init.
ERPImporta.exe: 00002698: 16:09:39 [TUniServerModule]:Start Path = C:\Projetos_WEB\ERP_Importa\
ERPImporta.exe: 00002698: 16:09:39 [TUniServerModule]:Debug Mode = ON
ERPImporta.exe: 00002698: 16:09:39 [TUniGUISessionManager]:Cache erase job created, Folder count: [1]
ERPImporta.exe: 00002698: 16:09:39 [TUniServerModule]:Starting HTTP Server on Port: 8077...
ERPImporta.exe: 00002698: 16:09:39 [TUniServerModule]:HTTP Server Started on Port: 8077
ERPImporta.exe: 00001780: 16:09:47 [127.0.0.1]:EInvalidCast : Invalid class typecast : Addr: $00B9FEC0
ERPImporta.exe: 00001780: 16:09:50 [127.0.0.1]:EInvalidCast : Invalid class typecast : Addr: $00B9FEC0
ERPImporta.exe: 00001780: 16:09:53 [127.0.0.1]:EInvalidCast : Invalid class typecast : Addr: $00B9FEC0
ERPImporta.exe: 000030C4: 16:10:59 []:>--------------------------------------------------------------<
ERPImporta.exe: 000030C4: 16:10:59 [TUniServerModule]:Server First Init.
ERPImporta.exe: 000030C4: 16:10:59 [TUniServerModule]:Start Path = C:\Projetos_WEB\ERP_Importa\
ERPImporta.exe: 000030C4: 16:10:59 [TUniServerModule]:Debug Mode = ON
ERPImporta.exe: 000030C4: 16:10:59 [TUniGUISessionManager]:Cache erase job created, Folder count: [1]
ERPImporta.exe: 000030C4: 16:10:59 [TUniServerModule]:Starting HTTP Server on Port: 8077...
ERPImporta.exe: 000030C4: 16:10:59 [TUniServerModule]:HTTP Server Started on Port: 8077
ERPImporta.exe: 00002D50: 16:11:07 [127.0.0.1]:EInvalidCast : Invalid class typecast : Addr: $00B9FEC8
ERPImporta.exe: 00002D50: 16:11:10 [127.0.0.1]:EInvalidCast : Invalid class typecast : Addr: $00B9FEC8
ERPImporta.exe: 00002D50: 16:11:13 [127.0.0.1]:EInvalidCast : Invalid class typecast : Addr: $00B9FEC8
ERPImporta.exe: 00002D50: 16:11:17 [127.0.0.1]:EInvalidCast : Invalid class typecast : Addr: $00B9FEC8
ERPImporta.exe: 00002C14: 16:12:53 []:>--------------------------------------------------------------<
ERPImporta.exe: 00002C14: 16:12:53 [TUniServerModule]:Server First Init.
ERPImporta.exe: 00002C14: 16:12:53 [TUniServerModule]:Start Path = C:\Projetos_WEB\ERP_Importa\
ERPImporta.exe: 00002C14: 16:12:53 [TUniServerModule]:Debug Mode = ON
ERPImporta.exe: 00002C14: 16:12:53 [TUniGUISessionManager]:Cache erase job created, Folder count: [1]
ERPImporta.exe: 00002C14: 16:12:53 [TUniServerModule]:Starting HTTP Server on Port: 8077...
ERPImporta.exe: 00002C14: 16:12:53 [TUniServerModule]:HTTP Server Started on Port: 8077
ERPImporta.exe: 00002608: 16:13:03 [127.0.0.1]:EInvalidCast : Invalid class typecast : Addr: $00B9FEC8
ERPImporta.exe: 00002608: 16:13:06 [127.0.0.1]:EInvalidCast : Invalid class typecast : Addr: $00B9FEC8
ERPImporta.exe: 00002608: 16:13:09 [127.0.0.1]:EInvalidCast : Invalid class typecast : Addr: $00B9FEC8
ERPImporta.exe: 00000B5C: 16:19:47 []:>--------------------------------------------------------------<
ERPImporta.exe: 00000B5C: 16:19:47 [TUniServerModule]:Server First Init.
ERPImporta.exe: 00000B5C: 16:19:47 [TUniServerModule]:Start Path = C:\Projetos_WEB\ERP_Importa\
ERPImporta.exe: 00000B5C: 16:19:47 [TUniServerModule]:Debug Mode = ON
ERPImporta.exe: 00000B5C: 16:19:47 [TUniGUISessionManager]:Cache erase job created, Folder count: [1]
ERPImporta.exe: 00000B5C: 16:19:47 [TUniServerModule]:Starting HTTP Server on Port: 8077...
ERPImporta.exe: 00000B5C: 16:19:47 [TUniServerModule]:HTTP Server Started on Port: 8077
ERPImporta.exe: 00000A64: 16:21:11 []:>--------------------------------------------------------------<
ERPImporta.exe: 00000A64: 16:21:11 [TUniServerModule]:Server First Init.
ERPImporta.exe: 00000A64: 16:21:11 [TUniServerModule]:Start Path = C:\Projetos_WEB\ERP_Importa\
ERPImporta.exe: 00000A64: 16:21:11 [TUniServerModule]:Debug Mode = ON
ERPImporta.exe: 00000A64: 16:21:11 [TUniGUISessionManager]:Cache erase job created, Folder count: [1]
ERPImporta.exe: 00000A64: 16:21:11 [TUniServerModule]:Starting HTTP Server on Port: 8077...
ERPImporta.exe: 00000A64: 16:21:11 [TUniServerModule]:HTTP Server Started on Port: 8077
ERPImporta.exe: 00001A80: 16:22:52 []:>--------------------------------------------------------------<
ERPImporta.exe: 00001A80: 16:22:52 [TUniServerModule]:Server First Init.
ERPImporta.exe: 00001A80: 16:22:52 [TUniServerModule]:Start Path = C:\Projetos_WEB\ERP_Importa\
ERPImporta.exe: 00001A80: 16:22:52 [TUniServerModule]:Debug Mode = ON
ERPImporta.exe: 00001A80: 16:22:52 [TUniServerModule]:Starting HTTP Server on Port: 8077...
ERPImporta.exe: 00001A80: 16:22:52 [TUniServerModule]:HTTP Server Started on Port: 8077
ERPImporta.exe: 00000978: 16:23:44 []:>--------------------------------------------------------------<
ERPImporta.exe: 00000978: 16:23:44 [TUniServerModule]:Server First Init.
ERPImporta.exe: 00000978: 16:23:44 [TUniServerModule]:Start Path = C:\Projetos_WEB\ERP_Importa\
ERPImporta.exe: 00000978: 16:23:44 [TUniServerModule]:Debug Mode = ON
ERPImporta.exe: 00000978: 16:23:44 [TUniGUISessionManager]:Cache erase job created, Folder count: [1]
ERPImporta.exe: 00000978: 16:23:44 [TUniServerModule]:Starting HTTP Server on Port: 8077...
ERPImporta.exe: 00000978: 16:23:44 [TUniServerModule]:HTTP Server Started on Port: 8077
ERPImporta.exe: 00003208: 16:23:55 [127.0.0.1]:EAccessViolation : Access violation at address 004074D3 in module 'ERPImporta.exe'. Read of address 647956DD : Addr: $004074D3
ERPImporta.exe: 000028B8: 16:25:55 []:>--------------------------------------------------------------<
ERPImporta.exe: 000028B8: 16:25:55 [TUniServerModule]:Server First Init.
ERPImporta.exe: 000028B8: 16:25:55 [TUniServerModule]:Start Path = C:\Projetos_WEB\ERP_Importa\
ERPImporta.exe: 000028B8: 16:25:55 [TUniServerModule]:Debug Mode = ON
ERPImporta.exe: 000028B8: 16:25:55 [TUniGUISessionManager]:Cache erase job created, Folder count: [1]
ERPImporta.exe: 000028B8: 16:25:56 [TUniServerModule]:Starting HTTP Server on Port: 8077...
ERPImporta.exe: 000028B8: 16:25:56 [TUniServerModule]:HTTP Server Started on Port: 8077
ERPImporta.exe: 00002828: 16:28:15 []:>--------------------------------------------------------------<
ERPImporta.exe: 00002828: 16:28:15 [TUniServerModule]:Server First Init.
ERPImporta.exe: 00002828: 16:28:15 [TUniServerModule]:Start Path = C:\Projetos_WEB\ERP_Importa\
ERPImporta.exe: 00002828: 16:28:15 [TUniServerModule]:Debug Mode = ON
ERPImporta.exe: 00002828: 16:28:15 [TUniServerModule]:Starting HTTP Server on Port: 8077...
ERPImporta.exe: 00002828: 16:28:15 [TUniServerModule]:HTTP Server Started on Port: 8077
ERPImporta.exe: 0000445C: 16:30:42 []:>--------------------------------------------------------------<
ERPImporta.exe: 0000445C: 16:30:42 [TUniServerModule]:Server First Init.
ERPImporta.exe: 0000445C: 16:30:42 [TUniServerModule]:Start Path = C:\Projetos_WEB\ERP_Importa\
ERPImporta.exe: 0000445C: 16:30:42 [TUniServerModule]:Debug Mode = ON
ERPImporta.exe: 0000445C: 16:30:42 [TUniServerModule]:Starting HTTP Server on Port: 8077...
ERPImporta.exe: 0000445C: 16:30:42 [TUniServerModule]:HTTP Server Started on Port: 8077
ERPImporta.exe: 000047A4: 16:30:50 [127.0.0.1]:EInvalidCast : Invalid class typecast : Addr: $00B9FEC8
ERPImporta.exe: 000047A4: 16:30:53 [127.0.0.1]:EInvalidCast : Invalid class typecast : Addr: $00B9FEC8
ERPImporta.exe: 000047A4: 16:30:55 [127.0.0.1]:EInvalidCast : Invalid class typecast : Addr: $00B9FEC8
ERPImporta.exe: 00000DA4: 16:31:58 []:>--------------------------------------------------------------<
ERPImporta.exe: 00000DA4: 16:31:58 [TUniServerModule]:Server First Init.
ERPImporta.exe: 00000DA4: 16:31:58 [TUniServerModule]:Start Path = C:\Projetos_WEB\ERP_Importa\
ERPImporta.exe: 00000DA4: 16:31:58 [TUniServerModule]:Debug Mode = ON
ERPImporta.exe: 00000DA4: 16:31:58 [TUniGUISessionManager]:Cache erase job created, Folder count: [1]
ERPImporta.exe: 00000DA4: 16:31:58 [TUniServerModule]:Starting HTTP Server on Port: 8077...
ERPImporta.exe: 00000DA4: 16:31:58 [TUniServerModule]:HTTP Server Started on Port: 8077
ERPImporta.exe: 00000E1C: 16:32:06 [127.0.0.1]:EInvalidCast : Invalid class typecast : Addr: $00B9FECB
ERPImporta.exe: 00000E1C: 16:32:09 [127.0.0.1]:EInvalidCast : Invalid class typecast : Addr: $00B9FECB
ERPImporta.exe: 00000E1C: 16:32:11 [127.0.0.1]:EInvalidCast : Invalid class typecast : Addr: $00B9FECB
ERPImporta.exe: 00002218: 16:32:31 []:>--------------------------------------------------------------<
ERPImporta.exe: 00002218: 16:32:31 [TUniServerModule]:Server First Init.
ERPImporta.exe: 00002218: 16:32:31 [TUniServerModule]:Start Path = C:\Projetos_WEB\ERP_Importa\
ERPImporta.exe: 00002218: 16:32:31 [TUniServerModule]:Debug Mode = ON
ERPImporta.exe: 00002218: 16:32:31 [TUniGUISessionManager]:Cache erase job created, Folder count: [1]
ERPImporta.exe: 00002218: 16:32:31 [TUniServerModule]:Starting HTTP Server on Port: 8077...
ERPImporta.exe: 00002218: 16:32:31 [TUniServerModule]:HTTP Server Started on Port: 8077
ERPImporta.exe: 000007C8: 16:33:28 []:>--------------------------------------------------------------<
ERPImporta.exe: 000007C8: 16:33:28 [TUniServerModule]:Server First Init.
ERPImporta.exe: 000007C8: 16:33:28 [TUniServerModule]:Start Path = C:\Projetos_WEB\ERP_Importa\
ERPImporta.exe: 000007C8: 16:33:28 [TUniServerModule]:Debug Mode = ON
ERPImporta.exe: 000007C8: 16:33:28 [TUniGUISessionManager]:Cache erase job created, Folder count: [1]
ERPImporta.exe: 000007C8: 16:33:28 [TUniServerModule]:Starting HTTP Server on Port: 8077...
ERPImporta.exe: 000007C8: 16:33:28 [TUniServerModule]:HTTP Server Started on Port: 8077
ERPImporta.exe: 00000664: 16:34:32 []:>--------------------------------------------------------------<
ERPImporta.exe: 00000664: 16:34:32 [TUniServerModule]:Server First Init.
ERPImporta.exe: 00000664: 16:34:32 [TUniServerModule]:Start Path = C:\Projetos_WEB\ERP_Importa\
ERPImporta.exe: 00000664: 16:34:32 [TUniServerModule]:Debug Mode = ON
ERPImporta.exe: 00000664: 16:34:32 [TUniGUISessionManager]:Cache erase job created, Folder count: [1]
ERPImporta.exe: 00000664: 16:34:33 [TUniServerModule]:Starting HTTP Server on Port: 8077...
ERPImporta.exe: 00000664: 16:34:33 [TUniServerModule]:HTTP Server Started on Port: 8077
ERPImporta.exe: 00002964: 16:36:01 []:>--------------------------------------------------------------<
ERPImporta.exe: 00002964: 16:36:01 [TUniServerModule]:Server First Init.
ERPImporta.exe: 00002964: 16:36:01 [TUniServerModule]:Start Path = C:\Projetos_WEB\ERP_Importa\
ERPImporta.exe: 00002964: 16:36:01 [TUniServerModule]:Debug Mode = ON
ERPImporta.exe: 00002964: 16:36:02 [TUniServerModule]:Starting HTTP Server on Port: 8077...
ERPImporta.exe: 00002964: 16:36:02 [TUniServerModule]:HTTP Server Started on Port: 8077
ERPImporta.exe: 0000090C: 16:36:10 [127.0.0.1]:EInvalidCast : Invalid class typecast : Addr: $00B9FECB
ERPImporta.exe: 0000090C: 16:36:13 [127.0.0.1]:EInvalidCast : Invalid class typecast : Addr: $00B9FECB
ERPImporta.exe: 0000090C: 16:36:16 [127.0.0.1]:EInvalidCast : Invalid class typecast : Addr: $00B9FECB
ERPImporta.exe: 0000090C: 16:36:19 [127.0.0.1]:EInvalidCast : Invalid class typecast : Addr: $00B9FECB
ERPImporta.exe: 0000089C: 16:36:54 []:>--------------------------------------------------------------<
ERPImporta.exe: 0000089C: 16:36:54 [TUniServerModule]:Server First Init.
ERPImporta.exe: 0000089C: 16:36:54 [TUniServerModule]:Start Path = C:\Projetos_WEB\ERP_Importa\
ERPImporta.exe: 0000089C: 16:36:54 [TUniServerModule]:Debug Mode = ON
ERPImporta.exe: 0000089C: 16:36:54 [TUniServerModule]:Starting HTTP Server on Port: 8077...
ERPImporta.exe: 0000089C: 16:36:54 [TUniServerModule]:HTTP Server Started on Port: 8077
ERPImporta.exe: 000009A4: 16:37:02 [127.0.0.1]:EInvalidCast : Invalid class typecast : Addr: $00B9FECB
ERPImporta.exe: 000009A4: 16:37:05 [127.0.0.1]:EInvalidCast : Invalid class typecast : Addr: $00B9FECB
ERPImporta.exe: 000009A4: 16:37:07 [127.0.0.1]:EInvalidCast : Invalid class typecast : Addr: $00B9FECB
ERPImporta.exe: 00001F68: 16:37:27 []:>--------------------------------------------------------------<
ERPImporta.exe: 00001F68: 16:37:27 [TUniServerModule]:Server First Init.
ERPImporta.exe: 00001F68: 16:37:27 [TUniServerModule]:Start Path = C:\Projetos_WEB\ERP_Importa\
ERPImporta.exe: 00001F68: 16:37:27 [TUniServerModule]:Debug Mode = ON
ERPImporta.exe: 00001F68: 16:37:27 [TUniGUISessionManager]:Cache erase job created, Folder count: [1]
ERPImporta.exe: 00001F68: 16:37:28 [TUniServerModule]:Starting HTTP Server on Port: 8077...
ERPImporta.exe: 00001F68: 16:37:28 [TUniServerModule]:HTTP Server Started on Port: 8077
ERPImporta.exe: 00004104: 16:37:35 [127.0.0.1]:EInvalidCast : Invalid class typecast : Addr: $00B9FEC8
ERPImporta.exe: 00004104: 16:37:38 [127.0.0.1]:EInvalidCast : Invalid class typecast : Addr: $00B9FEC8
ERPImporta.exe: 00004104: 16:37:40 [127.0.0.1]:EInvalidCast : Invalid class typecast : Addr: $00B9FEC8
ERPImporta.exe: 00004600: 16:43:02 []:>--------------------------------------------------------------<
ERPImporta.exe: 00004600: 16:43:02 [TUniServerModule]:Server First Init.
ERPImporta.exe: 00004600: 16:43:02 [TUniServerModule]:Start Path = C:\Projetos_WEB\ERP_Importa\
ERPImporta.exe: 00004600: 16:43:02 [TUniServerModule]:Debug Mode = ON
ERPImporta.exe: 00004600: 16:43:02 [TUniGUISessionManager]:Cache erase job created, Folder count: [1]
ERPImporta.exe: 00004600: 16:43:02 [TUniServerModule]:Starting HTTP Server on Port: 8077...
ERPImporta.exe: 00004600: 16:43:02 [TUniServerModule]:HTTP Server Started on Port: 8077
ERPImporta.exe: 00002ADC: 16:43:10 [127.0.0.1]:EInvalidCast : Invalid class typecast : Addr: $00B9FED0
ERPImporta.exe: 00001240: 16:43:36 []:>--------------------------------------------------------------<
ERPImporta.exe: 00001240: 16:43:36 [TUniServerModule]:Server First Init.
ERPImporta.exe: 00001240: 16:43:36 [TUniServerModule]:Start Path = C:\Projetos_WEB\ERP_Importa\
ERPImporta.exe: 00001240: 16:43:36 [TUniServerModule]:Debug Mode = ON
ERPImporta.exe: 00001240: 16:43:36 [TUniGUISessionManager]:Cache erase job created, Folder count: [1]
ERPImporta.exe: 00001240: 16:43:37 [TUniServerModule]:Starting HTTP Server on Port: 8077...
ERPImporta.exe: 00001240: 16:43:37 [TUniServerModule]:HTTP Server Started on Port: 8077
ERPImporta.exe: 000020A0: 16:43:45 [127.0.0.1]:EInvalidCast : Invalid class typecast : Addr: $00B9FED0
ERPImporta.exe: 000020A0: 16:43:48 [127.0.0.1]:EInvalidCast : Invalid class typecast : Addr: $00B9FED0
ERPImporta.exe: 000020A0: 16:43:50 [127.0.0.1]:EInvalidCast : Invalid class typecast : Addr: $00B9FED0
ERPImporta.exe: 00003C0C: 16:45:34 []:>--------------------------------------------------------------<
ERPImporta.exe: 00003C0C: 16:45:34 [TUniServerModule]:Server First Init.
ERPImporta.exe: 00003C0C: 16:45:34 [TUniServerModule]:Start Path = C:\Projetos_WEB\ERP_Importa\
ERPImporta.exe: 00003C0C: 16:45:34 [TUniServerModule]:Debug Mode = ON
ERPImporta.exe: 00003C0C: 16:45:34 [TUniGUISessionManager]:Cache erase job created, Folder count: [1]
ERPImporta.exe: 00003C0C: 16:45:34 [TUniServerModule]:Starting HTTP Server on Port: 8077...
ERPImporta.exe: 00003C0C: 16:45:34 [TUniServerModule]:HTTP Server Started on Port: 8077
ERPImporta.exe: 00001788: 16:45:42 [127.0.0.1]:EInvalidCast : Invalid class typecast : Addr: $00B9FECD
ERPImporta.exe: 00001788: 16:45:44 [127.0.0.1]:EInvalidCast : Invalid class typecast : Addr: $00B9FECD
ERPImporta.exe: 00001788: 16:45:45 [127.0.0.1]:EInvalidCast : Invalid class typecast : Addr: $00B9FECD
ERPImporta.exe: 0000185C: 16:49:57 []:>--------------------------------------------------------------<
ERPImporta.exe: 0000185C: 16:49:57 [TUniServerModule]:Server First Init.
ERPImporta.exe: 0000185C: 16:49:57 [TUniServerModule]:Start Path = C:\Projetos_WEB\ERP_Importa\
ERPImporta.exe: 0000185C: 16:49:57 [TUniServerModule]:Debug Mode = ON
ERPImporta.exe: 0000185C: 16:49:57 [TUniGUISessionManager]:Cache erase job created, Folder count: [1]
ERPImporta.exe: 0000185C: 16:49:58 [TUniServerModule]:Starting HTTP Server on Port: 8077...
ERPImporta.exe: 0000185C: 16:49:58 [TUniServerModule]:HTTP Server Started on Port: 8077
ERPImporta.exe: 000028E0: 16:50:05 [127.0.0.1]:EInvalidCast : Invalid class typecast : Addr: $00B9FECD
ERPImporta.exe: 000028E0: 16:50:08 [127.0.0.1]:EInvalidCast : Invalid class typecast : Addr: $00B9FECD
ERPImporta.exe: 000028E0: 16:50:10 [127.0.0.1]:EInvalidCast : Invalid class typecast : Addr: $00B9FECD
ERPImporta.exe: 000028E0: 16:50:14 [127.0.0.1]:EInvalidCast : Invalid class typecast : Addr: $00B9FECD
ERPImporta.exe: 000028E0: 16:50:15 [127.0.0.1]:EInvalidCast : Invalid class typecast : Addr: $00B9FECD
ERPImporta.exe: 000028E0: 16:50:18 [127.0.0.1]:EInvalidCast : Invalid class typecast : Addr: $00B9FECD
ERPImporta.exe: 000028E0: 16:50:19 [127.0.0.1]:EInvalidCast : Invalid class typecast : Addr: $00B9FECD
ERPImporta.exe: 00001FB0: 16:51:16 []:>--------------------------------------------------------------<
ERPImporta.exe: 00001FB0: 16:51:16 [TUniServerModule]:Server First Init.
ERPImporta.exe: 00001FB0: 16:51:16 [TUniServerModule]:Start Path = C:\Projetos_WEB\ERP_Importa\
ERPImporta.exe: 00001FB0: 16:51:16 [TUniServerModule]:Debug Mode = ON
ERPImporta.exe: 00001FB0: 16:51:16 [TUniGUISessionManager]:Cache erase job created, Folder count: [1]
ERPImporta.exe: 00001FB0: 16:51:17 [TUniServerModule]:Starting HTTP Server on Port: 8077...
ERPImporta.exe: 00001FB0: 16:51:17 [TUniServerModule]:HTTP Server Started on Port: 8077
ERPImporta.exe: 00003860: 16:57:38 []:>--------------------------------------------------------------<
ERPImporta.exe: 00003860: 16:57:38 [TUniServerModule]:Server First Init.
ERPImporta.exe: 00003860: 16:57:38 [TUniServerModule]:Start Path = C:\Projetos_WEB\ERP_Importa\
ERPImporta.exe: 00003860: 16:57:38 [TUniServerModule]:Debug Mode = ON
ERPImporta.exe: 00003860: 16:57:38 [TUniGUISessionManager]:Cache erase job created, Folder count: [1]
ERPImporta.exe: 00003860: 16:57:38 [TUniServerModule]:Starting HTTP Server on Port: 8077...
ERPImporta.exe: 00003860: 16:57:38 [TUniServerModule]:HTTP Server Started on Port: 8077
ERPImporta.exe: 000024F8: 16:58:35 []:>--------------------------------------------------------------<
ERPImporta.exe: 000024F8: 16:58:35 [TUniServerModule]:Server First Init.
ERPImporta.exe: 000024F8: 16:58:35 [TUniServerModule]:Start Path = C:\Projetos_WEB\ERP_Importa\
ERPImporta.exe: 000024F8: 16:58:35 [TUniServerModule]:Debug Mode = ON
ERPImporta.exe: 000024F8: 16:58:35 [TUniGUISessionManager]:Cache erase job created, Folder count: [1]
ERPImporta.exe: 000024F8: 16:58:35 [TUniServerModule]:Starting HTTP Server on Port: 8077...
ERPImporta.exe: 000024F8: 16:58:35 [TUniServerModule]:HTTP Server Started on Port: 8077
ERPImporta.exe: 00002C98: 16:58:42 [127.0.0.1]:Exception : Blocking method ShowMessage() can not be called here. : Addr: $0079F6F6
ERPImporta.exe: 00002C98: 16:58:47 [127.0.0.1]:Exception : Blocking method ShowMessage() can not be called here. : Addr: $0079F6F6
ERPImporta.exe: 00002C98: 16:58:51 [127.0.0.1]:Exception : Blocking method ShowMessage() can not be called here. : Addr: $0079F6F6
ERPImporta.exe: 00004200: 16:59:12 []:>--------------------------------------------------------------<
ERPImporta.exe: 00004200: 16:59:12 [TUniServerModule]:Server First Init.
ERPImporta.exe: 00004200: 16:59:12 [TUniServerModule]:Start Path = C:\Projetos_WEB\ERP_Importa\
ERPImporta.exe: 00004200: 16:59:12 [TUniServerModule]:Debug Mode = ON
ERPImporta.exe: 00004200: 16:59:12 [TUniGUISessionManager]:Cache erase job created, Folder count: [1]
ERPImporta.exe: 00004200: 16:59:12 [TUniServerModule]:Starting HTTP Server on Port: 8077...
ERPImporta.exe: 00004200: 16:59:12 [TUniServerModule]:HTTP Server Started on Port: 8077
ERPImporta.exe: 00002804: 16:59:21 [127.0.0.1]:Exception : Blocking method ShowMessage() can not be called here. : Addr: $0079F6F6
ERPImporta.exe: 00002804: 16:59:25 [127.0.0.1]:Exception : Blocking method ShowMessage() can not be called here. : Addr: $0079F6F6
ERPImporta.exe: 000022A8: 16:59:46 []:>--------------------------------------------------------------<
ERPImporta.exe: 000022A8: 16:59:46 [TUniServerModule]:Server First Init.
ERPImporta.exe: 000022A8: 16:59:46 [TUniServerModule]:Start Path = C:\Projetos_WEB\ERP_Importa\
ERPImporta.exe: 000022A8: 16:59:46 [TUniServerModule]:Debug Mode = ON
ERPImporta.exe: 000022A8: 16:59:46 [TUniServerModule]:Starting HTTP Server on Port: 8077...
ERPImporta.exe: 000022A8: 16:59:47 [TUniServerModule]:HTTP Server Started on Port: 8077
ERPImporta.exe: 00004304: 16:59:56 [127.0.0.1]:Exception : Blocking method ShowMessage() can not be called here. : Addr: $0079F6F6
ERPImporta.exe: 00001E18: 17:00:44 []:>--------------------------------------------------------------<
ERPImporta.exe: 00001E18: 17:00:44 [TUniServerModule]:Server First Init.
ERPImporta.exe: 00001E18: 17:00:44 [TUniServerModule]:Start Path = C:\Projetos_WEB\ERP_Importa\
ERPImporta.exe: 00001E18: 17:00:44 [TUniServerModule]:Debug Mode = ON
ERPImporta.exe: 00001E18: 17:00:44 [TUniServerModule]:Starting HTTP Server on Port: 8077...
ERPImporta.exe: 00001E18: 17:00:44 [TUniServerModule]:HTTP Server Started on Port: 8077
ERPImporta.exe: 00002F04: 17:00:53 [127.0.0.1]:Exception : Blocking method ShowMessage() can not be called here. : Addr: $0079F6F6
ERPImporta.exe: 00003CE4: 17:05:33 []:>--------------------------------------------------------------<
ERPImporta.exe: 00003CE4: 17:05:33 [TUniServerModule]:Server First Init.
ERPImporta.exe: 00003CE4: 17:05:33 [TUniServerModule]:Start Path = C:\Projetos_WEB\ERP_Importa\
ERPImporta.exe: 00003CE4: 17:05:33 [TUniServerModule]:Debug Mode = ON
ERPImporta.exe: 00003CE4: 17:05:33 [TUniGUISessionManager]:Cache erase job created, Folder count: [1]
ERPImporta.exe: 00003CE4: 17:05:33 [TUniServerModule]:Starting HTTP Server on Port: 8077...
ERPImporta.exe: 00003CE4: 17:05:33 [TUniServerModule]:HTTP Server Started on Port: 8077
ERPImporta.exe: 00004778: 17:06:12 []:>--------------------------------------------------------------<
ERPImporta.exe: 00004778: 17:06:12 [TUniServerModule]:Server First Init.
ERPImporta.exe: 00004778: 17:06:12 [TUniServerModule]:Start Path = C:\Projetos_WEB\ERP_Importa\
ERPImporta.exe: 00004778: 17:06:12 [TUniServerModule]:Debug Mode = ON
ERPImporta.exe: 00004778: 17:06:12 [TUniGUISessionManager]:Cache erase job created, Folder count: [1]
ERPImporta.exe: 00004778: 17:06:12 [TUniServerModule]:Starting HTTP Server on Port: 8077...
ERPImporta.exe: 00004778: 17:06:12 [TUniServerModule]:HTTP Server Started on Port: 8077
ERPImporta.exe: 00004588: 17:07:33 []:>--------------------------------------------------------------<
ERPImporta.exe: 00004588: 17:07:33 [TUniServerModule]:Server First Init.
ERPImporta.exe: 00004588: 17:07:33 [TUniServerModule]:Start Path = C:\Projetos_WEB\ERP_Importa\
ERPImporta.exe: 00004588: 17:07:33 [TUniServerModule]:Debug Mode = ON
ERPImporta.exe: 00004588: 17:07:34 [TUniServerModule]:Starting HTTP Server on Port: 8077...
ERPImporta.exe: 00004588: 17:07:34 [TUniServerModule]:HTTP Server Started on Port: 8077
ERPImporta.exe: 000008D0: 17:13:49 []:>--------------------------------------------------------------<
ERPImporta.exe: 000008D0: 17:13:49 [TUniServerModule]:Server First Init.
ERPImporta.exe: 000008D0: 17:13:49 [TUniServerModule]:Start Path = C:\Projetos_WEB\ERP_Importa\
ERPImporta.exe: 000008D0: 17:13:49 [TUniServerModule]:Debug Mode = ON
ERPImporta.exe: 000008D0: 17:13:49 [TUniServerModule]:Starting HTTP Server on Port: 8077...
ERPImporta.exe: 000008D0: 17:13:49 [TUniServerModule]:HTTP Server Started on Port: 8077
ERPImporta.exe: 000041AC: 17:14:08 [127.0.0.1]:EInvalidCast : Invalid class typecast : Addr: $00B9FEBD
ERPImporta.exe: 000041AC: 17:14:12 [127.0.0.1]:EInvalidCast : Invalid class typecast : Addr: $00B9FEBD
ERPImporta.exe: 000041AC: 17:14:14 [127.0.0.1]:EInvalidCast : Invalid class typecast : Addr: $00B9FEBD
