ERPImporta.exe: 00002288: 09:14:34 []:>--------------------------------------------------------------<
ERPImporta.exe: 00002288: 09:14:34 [TUniServerModule]:Server First Init.
ERPImporta.exe: 00002288: 09:14:34 [TUniServerModule]:Start Path = D:\Projetos_WEB\ERP_Importa\
ERPImporta.exe: 00002288: 09:14:34 [TUniServerModule]:Debug Mode = ON
ERPImporta.exe: 00002288: 09:14:34 [TUniGUISessionManager]:Cache erase job created, Folder count: [1]
ERPImporta.exe: 00002288: 09:14:35 [TUniServerModule]:Starting HTTP Server on Port: 8077...
ERPImporta.exe: 00002288: 09:14:35 [TUniServerModule]:HTTP Server Started on Port: 8077
ERPImporta.exe: 00003488: 11:01:06 []:>--------------------------------------------------------------<
ERPImporta.exe: 00003488: 11:01:06 [TUniServerModule]:Server First Init.
ERPImporta.exe: 00003488: 11:01:06 [TUniServerModule]:Start Path = D:\Projetos_WEB\ERP_Importa\
ERPImporta.exe: 00003488: 11:01:06 [TUniServerModule]:Debug Mode = ON
ERPImporta.exe: 00003488: 11:01:06 [TUniGUISessionManager]:Cache erase job created, Folder count: [1]
ERPImporta.exe: 00003488: 11:01:07 [TUniServerModule]:Starting HTTP Server on Port: 8077...
ERPImporta.exe: 00003488: 11:01:07 [TUniServerModule]:HTTP Server Started on Port: 8077
ERPImporta.exe: 00004B64: 11:41:00 []:>--------------------------------------------------------------<
ERPImporta.exe: 00004B64: 11:41:00 [TUniServerModule]:Server First Init.
ERPImporta.exe: 00004B64: 11:41:00 [TUniServerModule]:Start Path = D:\Projetos_WEB\ERP_Importa\
ERPImporta.exe: 00004B64: 11:41:00 [TUniServerModule]:Debug Mode = ON
ERPImporta.exe: 00004B64: 11:41:00 [TUniGUISessionManager]:Cache erase job created, Folder count: [1]
ERPImporta.exe: 00004B64: 11:41:01 [TUniServerModule]:Starting HTTP Server on Port: 8077...
ERPImporta.exe: 00004B64: 11:41:01 [TUniServerModule]:HTTP Server Started on Port: 8077
ERPImporta.exe: 0000123C: 11:41:44 []:>--------------------------------------------------------------<
ERPImporta.exe: 0000123C: 11:41:44 [TUniServerModule]:Server First Init.
ERPImporta.exe: 0000123C: 11:41:44 [TUniServerModule]:Start Path = D:\Projetos_WEB\ERP_Importa\
ERPImporta.exe: 0000123C: 11:41:44 [TUniServerModule]:Debug Mode = ON
ERPImporta.exe: 0000123C: 11:41:45 [TUniServerModule]:Starting HTTP Server on Port: 8077...
ERPImporta.exe: 0000123C: 11:41:45 [TUniServerModule]:HTTP Server Started on Port: 8077
ERPImporta.exe: 00000F18: 11:43:44 []:>--------------------------------------------------------------<
ERPImporta.exe: 00000F18: 11:43:44 [TUniServerModule]:Server First Init.
ERPImporta.exe: 00000F18: 11:43:44 [TUniServerModule]:Start Path = D:\Projetos_WEB\ERP_Importa\
ERPImporta.exe: 00000F18: 11:43:44 [TUniServerModule]:Debug Mode = ON
ERPImporta.exe: 00000F18: 11:43:44 [TUniServerModule]:Starting HTTP Server on Port: 8077...
ERPImporta.exe: 00000F18: 11:43:44 [TUniServerModule]:HTTP Server Started on Port: 8077
ERPImporta.exe: 000036E0: 11:45:25 []:>--------------------------------------------------------------<
ERPImporta.exe: 000036E0: 11:45:25 [TUniServerModule]:Server First Init.
ERPImporta.exe: 000036E0: 11:45:25 [TUniServerModule]:Start Path = D:\Projetos_WEB\ERP_Importa\
ERPImporta.exe: 000036E0: 11:45:25 [TUniServerModule]:Debug Mode = ON
ERPImporta.exe: 000036E0: 11:45:25 [TUniServerModule]:Starting HTTP Server on Port: 8077...
ERPImporta.exe: 000036E0: 11:45:25 [TUniServerModule]:HTTP Server Started on Port: 8077
ERPImporta.exe: 000009D8: 11:46:04 []:>--------------------------------------------------------------<
ERPImporta.exe: 000009D8: 11:46:04 [TUniServerModule]:Server First Init.
ERPImporta.exe: 000009D8: 11:46:04 [TUniServerModule]:Start Path = D:\Projetos_WEB\ERP_Importa\
ERPImporta.exe: 000009D8: 11:46:04 [TUniServerModule]:Debug Mode = ON
ERPImporta.exe: 000009D8: 11:46:04 [TUniGUISessionManager]:Cache erase job created, Folder count: [1]
ERPImporta.exe: 000009D8: 11:46:04 [TUniServerModule]:Starting HTTP Server on Port: 8077...
ERPImporta.exe: 000009D8: 11:46:04 [TUniServerModule]:HTTP Server Started on Port: 8077
ERPImporta.exe: 00001BCC: 11:47:31 []:>--------------------------------------------------------------<
ERPImporta.exe: 00001BCC: 11:47:31 [TUniServerModule]:Server First Init.
ERPImporta.exe: 00001BCC: 11:47:31 [TUniServerModule]:Start Path = D:\Projetos_WEB\ERP_Importa\
ERPImporta.exe: 00001BCC: 11:47:31 [TUniServerModule]:Debug Mode = ON
ERPImporta.exe: 00001BCC: 11:47:31 [TUniGUISessionManager]:Cache erase job created, Folder count: [1]
ERPImporta.exe: 00001BCC: 11:47:31 [TUniServerModule]:Starting HTTP Server on Port: 8077...
ERPImporta.exe: 00001BCC: 11:47:31 [TUniServerModule]:HTTP Server Started on Port: 8077
ERPImporta.exe: 00004968: 11:49:02 []:>--------------------------------------------------------------<
ERPImporta.exe: 00004968: 11:49:02 [TUniServerModule]:Server First Init.
ERPImporta.exe: 00004968: 11:49:02 [TUniServerModule]:Start Path = D:\Projetos_WEB\ERP_Importa\
ERPImporta.exe: 00004968: 11:49:02 [TUniServerModule]:Debug Mode = ON
ERPImporta.exe: 00004968: 11:49:02 [TUniServerModule]:Starting HTTP Server on Port: 8077...
ERPImporta.exe: 00004968: 11:49:02 [TUniServerModule]:HTTP Server Started on Port: 8077
ERPImporta.exe: 00001C0C: 11:49:45 []:>--------------------------------------------------------------<
ERPImporta.exe: 00001C0C: 11:49:45 [TUniServerModule]:Server First Init.
ERPImporta.exe: 00001C0C: 11:49:45 [TUniServerModule]:Start Path = D:\Projetos_WEB\ERP_Importa\
ERPImporta.exe: 00001C0C: 11:49:45 [TUniServerModule]:Debug Mode = ON
ERPImporta.exe: 00001C0C: 11:49:45 [TUniGUISessionManager]:Cache erase job created, Folder count: [1]
ERPImporta.exe: 00001C0C: 11:49:45 [TUniServerModule]:Starting HTTP Server on Port: 8077...
ERPImporta.exe: 00001C0C: 11:49:45 [TUniServerModule]:HTTP Server Started on Port: 8077
ERPImporta.exe: 00002894: 11:54:46 []:>--------------------------------------------------------------<
ERPImporta.exe: 00002894: 11:54:46 [TUniServerModule]:Server First Init.
ERPImporta.exe: 00002894: 11:54:46 [TUniServerModule]:Start Path = D:\Projetos_WEB\ERP_Importa\
ERPImporta.exe: 00002894: 11:54:46 [TUniServerModule]:Debug Mode = ON
ERPImporta.exe: 00002894: 11:54:46 [TUniGUISessionManager]:Cache erase job created, Folder count: [1]
ERPImporta.exe: 00002894: 11:54:46 [TUniServerModule]:Starting HTTP Server on Port: 8077...
ERPImporta.exe: 00002894: 11:54:46 [TUniServerModule]:HTTP Server Started on Port: 8077
ERPImporta.exe: 00000E74: 11:55:56 []:>--------------------------------------------------------------<
ERPImporta.exe: 00000E74: 11:55:56 [TUniServerModule]:Server First Init.
ERPImporta.exe: 00000E74: 11:55:56 [TUniServerModule]:Start Path = D:\Projetos_WEB\ERP_Importa\
ERPImporta.exe: 00000E74: 11:55:56 [TUniServerModule]:Debug Mode = ON
ERPImporta.exe: 00000E74: 11:55:56 [TUniGUISessionManager]:Cache erase job created, Folder count: [1]
ERPImporta.exe: 00000E74: 11:55:56 [TUniServerModule]:Starting HTTP Server on Port: 8077...
ERPImporta.exe: 00000E74: 11:55:56 [TUniServerModule]:HTTP Server Started on Port: 8077
ERPImporta.exe: 00004D7C: 11:57:00 []:>--------------------------------------------------------------<
ERPImporta.exe: 00004D7C: 11:57:00 [TUniServerModule]:Server First Init.
ERPImporta.exe: 00004D7C: 11:57:00 [TUniServerModule]:Start Path = D:\Projetos_WEB\ERP_Importa\
ERPImporta.exe: 00004D7C: 11:57:00 [TUniServerModule]:Debug Mode = ON
ERPImporta.exe: 00004D7C: 11:57:00 [TUniGUISessionManager]:Cache erase job created, Folder count: [1]
ERPImporta.exe: 00004D7C: 11:57:00 [TUniServerModule]:Starting HTTP Server on Port: 8077...
ERPImporta.exe: 00004D7C: 11:57:00 [TUniServerModule]:HTTP Server Started on Port: 8077
ERPImporta.exe: 00000A90: 12:07:20 [127.0.0.1]:EUniSessionException : Sessão inváilda ou tempo da sessão expirado. (Session not found: WsKPs8MO4p110857821 ) : Addr: $007D0ED0
ERPImporta.exe: 000045E4: 12:10:16 []:>--------------------------------------------------------------<
ERPImporta.exe: 000045E4: 12:10:16 [TUniServerModule]:Server First Init.
ERPImporta.exe: 000045E4: 12:10:16 [TUniServerModule]:Start Path = D:\Projetos_WEB\ERP_Importa\
ERPImporta.exe: 000045E4: 12:10:16 [TUniServerModule]:Debug Mode = ON
ERPImporta.exe: 000045E4: 12:10:17 [TUniServerModule]:Starting HTTP Server on Port: 8077...
ERPImporta.exe: 000045E4: 12:10:17 [TUniServerModule]:HTTP Server Started on Port: 8077
ERPImporta.exe: 000028B8: 12:12:43 []:>--------------------------------------------------------------<
ERPImporta.exe: 000028B8: 12:12:43 [TUniServerModule]:Server First Init.
ERPImporta.exe: 000028B8: 12:12:43 [TUniServerModule]:Start Path = D:\Projetos_WEB\ERP_Importa\
ERPImporta.exe: 000028B8: 12:12:43 [TUniServerModule]:Debug Mode = ON
ERPImporta.exe: 000028B8: 12:12:43 [TUniGUISessionManager]:Cache erase job created, Folder count: [1]
ERPImporta.exe: 000028B8: 12:12:43 [TUniServerModule]:Starting HTTP Server on Port: 8077...
ERPImporta.exe: 000028B8: 12:12:43 [TUniServerModule]:HTTP Server Started on Port: 8077
ERPImporta.exe: 00002518: 12:13:34 []:>--------------------------------------------------------------<
ERPImporta.exe: 00002518: 12:13:34 [TUniServerModule]:Server First Init.
ERPImporta.exe: 00002518: 12:13:34 [TUniServerModule]:Start Path = D:\Projetos_WEB\ERP_Importa\
ERPImporta.exe: 00002518: 12:13:34 [TUniServerModule]:Debug Mode = ON
ERPImporta.exe: 00002518: 12:13:35 [TUniServerModule]:Starting HTTP Server on Port: 8077...
ERPImporta.exe: 00002518: 12:13:35 [TUniServerModule]:HTTP Server Started on Port: 8077
ERPImporta.exe: 00000B2C: 12:17:21 []:>--------------------------------------------------------------<
ERPImporta.exe: 00000B2C: 12:17:21 [TUniServerModule]:Server First Init.
ERPImporta.exe: 00000B2C: 12:17:21 [TUniServerModule]:Start Path = D:\Projetos_WEB\ERP_Importa\
ERPImporta.exe: 00000B2C: 12:17:21 [TUniServerModule]:Debug Mode = ON
ERPImporta.exe: 00000B2C: 12:17:21 [TUniServerModule]:Starting HTTP Server on Port: 8077...
ERPImporta.exe: 00000B2C: 12:17:21 [TUniServerModule]:HTTP Server Started on Port: 8077
ERPImporta.exe: 0000278C: 12:18:10 []:>--------------------------------------------------------------<
ERPImporta.exe: 0000278C: 12:18:10 [TUniServerModule]:Server First Init.
ERPImporta.exe: 0000278C: 12:18:10 [TUniServerModule]:Start Path = D:\Projetos_WEB\ERP_Importa\
ERPImporta.exe: 0000278C: 12:18:10 [TUniServerModule]:Debug Mode = ON
ERPImporta.exe: 0000278C: 12:18:10 [TUniGUISessionManager]:Cache erase job created, Folder count: [1]
ERPImporta.exe: 0000278C: 12:18:10 [TUniServerModule]:Starting HTTP Server on Port: 8077...
ERPImporta.exe: 0000278C: 12:18:10 [TUniServerModule]:HTTP Server Started on Port: 8077
ERPImporta.exe: 0000229C: 12:19:53 []:>--------------------------------------------------------------<
ERPImporta.exe: 0000229C: 12:19:53 [TUniServerModule]:Server First Init.
ERPImporta.exe: 0000229C: 12:19:53 [TUniServerModule]:Start Path = D:\Projetos_WEB\ERP_Importa\
ERPImporta.exe: 0000229C: 12:19:53 [TUniServerModule]:Debug Mode = ON
ERPImporta.exe: 0000229C: 12:19:53 [TUniServerModule]:Starting HTTP Server on Port: 8077...
ERPImporta.exe: 0000229C: 12:19:53 [TUniServerModule]:HTTP Server Started on Port: 8077
ERPImporta.exe: 00001B7C: 12:20:17 [127.0.0.1]:EDatabaseError : PedidosNFItens: Dataset not in edit or insert mode : Addr: $00657A3A
ERPImporta.exe: 00003C98: 12:20:21 []:>--------------------------------------------------------------<
ERPImporta.exe: 00003C98: 12:20:21 [TUniServerModule]:Server First Init.
ERPImporta.exe: 00003C98: 12:20:21 [TUniServerModule]:Start Path = D:\Projetos_WEB\ERP_Importa\
ERPImporta.exe: 00003C98: 12:20:21 [TUniServerModule]:Debug Mode = ON
ERPImporta.exe: 00003C98: 12:20:21 [TUniGUISessionManager]:Cache erase job created, Folder count: [1]
ERPImporta.exe: 00003C98: 12:20:21 [TUniServerModule]:Starting HTTP Server on Port: 8077...
ERPImporta.exe: 00003C98: 12:20:21 [TUniServerModule]:HTTP Server Started on Port: 8077
ERPImporta.exe: 00004BFC: 12:20:53 []:>--------------------------------------------------------------<
ERPImporta.exe: 00004BFC: 12:20:53 [TUniServerModule]:Server First Init.
ERPImporta.exe: 00004BFC: 12:20:53 [TUniServerModule]:Start Path = D:\Projetos_WEB\ERP_Importa\
ERPImporta.exe: 00004BFC: 12:20:53 [TUniServerModule]:Debug Mode = ON
ERPImporta.exe: 00004BFC: 12:20:53 [TUniGUISessionManager]:Cache erase job created, Folder count: [1]
ERPImporta.exe: 00004BFC: 12:20:53 [TUniServerModule]:Starting HTTP Server on Port: 8077...
ERPImporta.exe: 00004BFC: 12:20:53 [TUniServerModule]:HTTP Server Started on Port: 8077
ERPImporta.exe: 000045C4: 12:23:06 []:>--------------------------------------------------------------<
ERPImporta.exe: 000045C4: 12:23:06 [TUniServerModule]:Server First Init.
ERPImporta.exe: 000045C4: 12:23:06 [TUniServerModule]:Start Path = D:\Projetos_WEB\ERP_Importa\
ERPImporta.exe: 000045C4: 12:23:06 [TUniServerModule]:Debug Mode = ON
ERPImporta.exe: 000045C4: 12:23:06 [TUniServerModule]:Starting HTTP Server on Port: 8077...
ERPImporta.exe: 000045C4: 12:23:06 [TUniServerModule]:HTTP Server Started on Port: 8077
ERPImporta.exe: 00001900: 15:31:33 []:>--------------------------------------------------------------<
ERPImporta.exe: 00001900: 15:31:33 [TUniServerModule]:Server First Init.
ERPImporta.exe: 00001900: 15:31:33 [TUniServerModule]:Start Path = D:\Projetos_WEB\ERP_Importa\
ERPImporta.exe: 00001900: 15:31:33 [TUniServerModule]:Debug Mode = ON
ERPImporta.exe: 00001900: 15:31:33 [TUniGUISessionManager]:Cache erase job created, Folder count: [1]
ERPImporta.exe: 00001900: 15:31:33 [TUniServerModule]:Starting HTTP Server on Port: 8077...
ERPImporta.exe: 00001900: 15:31:33 [TUniServerModule]:HTTP Server Started on Port: 8077
ERPImporta.exe: 00001354: 16:23:22 []:>--------------------------------------------------------------<
ERPImporta.exe: 00001354: 16:23:22 [TUniServerModule]:Server First Init.
ERPImporta.exe: 00001354: 16:23:22 [TUniServerModule]:Start Path = D:\Projetos_WEB\ERP_Importa\
ERPImporta.exe: 00001354: 16:23:22 [TUniServerModule]:Debug Mode = ON
ERPImporta.exe: 00001354: 16:23:22 [TUniServerModule]:Starting HTTP Server on Port: 8077...
ERPImporta.exe: 00001354: 16:23:22 [TUniServerModule]:HTTP Server Started on Port: 8077
ERPImporta.exe: 00000BA4: 16:24:14 []:>--------------------------------------------------------------<
ERPImporta.exe: 00000BA4: 16:24:14 [TUniServerModule]:Server First Init.
ERPImporta.exe: 00000BA4: 16:24:14 [TUniServerModule]:Start Path = D:\Projetos_WEB\ERP_Importa\
ERPImporta.exe: 00000BA4: 16:24:14 [TUniServerModule]:Debug Mode = ON
ERPImporta.exe: 00000BA4: 16:24:15 [TUniServerModule]:Starting HTTP Server on Port: 8077...
ERPImporta.exe: 00000BA4: 16:24:15 [TUniServerModule]:HTTP Server Started on Port: 8077
ERPImporta.exe: 000043D8: 16:25:04 []:>--------------------------------------------------------------<
ERPImporta.exe: 000043D8: 16:25:04 [TUniServerModule]:Server First Init.
ERPImporta.exe: 000043D8: 16:25:04 [TUniServerModule]:Start Path = D:\Projetos_WEB\ERP_Importa\
ERPImporta.exe: 000043D8: 16:25:04 [TUniServerModule]:Debug Mode = ON
ERPImporta.exe: 000043D8: 16:25:04 [TUniServerModule]:Starting HTTP Server on Port: 8077...
ERPImporta.exe: 000043D8: 16:25:04 [TUniServerModule]:HTTP Server Started on Port: 8077
ERPImporta.exe: 00003E88: 16:27:01 []:>--------------------------------------------------------------<
ERPImporta.exe: 00003E88: 16:27:01 [TUniServerModule]:Server First Init.
ERPImporta.exe: 00003E88: 16:27:01 [TUniServerModule]:Start Path = D:\Projetos_WEB\ERP_Importa\
ERPImporta.exe: 00003E88: 16:27:01 [TUniServerModule]:Debug Mode = ON
ERPImporta.exe: 00003E88: 16:27:01 [TUniServerModule]:Starting HTTP Server on Port: 8077...
ERPImporta.exe: 00003E88: 16:27:01 [TUniServerModule]:HTTP Server Started on Port: 8077
ERPImporta.exe: 000042FC: 16:28:22 []:>--------------------------------------------------------------<
ERPImporta.exe: 000042FC: 16:28:22 [TUniServerModule]:Server First Init.
ERPImporta.exe: 000042FC: 16:28:22 [TUniServerModule]:Start Path = D:\Projetos_WEB\ERP_Importa\
ERPImporta.exe: 000042FC: 16:28:22 [TUniServerModule]:Debug Mode = ON
ERPImporta.exe: 000042FC: 16:28:22 [TUniServerModule]:Starting HTTP Server on Port: 8077...
ERPImporta.exe: 000042FC: 16:28:22 [TUniServerModule]:HTTP Server Started on Port: 8077
ERPImporta.exe: 00002600: 16:29:43 []:>--------------------------------------------------------------<
ERPImporta.exe: 00002600: 16:29:43 [TUniServerModule]:Server First Init.
ERPImporta.exe: 00002600: 16:29:43 [TUniServerModule]:Start Path = D:\Projetos_WEB\ERP_Importa\
ERPImporta.exe: 00002600: 16:29:43 [TUniServerModule]:Debug Mode = ON
ERPImporta.exe: 00002600: 16:29:43 [TUniGUISessionManager]:Cache erase job created, Folder count: [1]
ERPImporta.exe: 00002600: 16:29:43 [TUniServerModule]:Starting HTTP Server on Port: 8077...
ERPImporta.exe: 00002600: 16:29:44 [TUniServerModule]:HTTP Server Started on Port: 8077
ERPImporta.exe: 00001F60: 16:40:59 []:>--------------------------------------------------------------<
ERPImporta.exe: 00001F60: 16:40:59 [TUniServerModule]:Server First Init.
ERPImporta.exe: 00001F60: 16:40:59 [TUniServerModule]:Start Path = D:\Projetos_WEB\ERP_Importa\
ERPImporta.exe: 00001F60: 16:40:59 [TUniServerModule]:Debug Mode = ON
ERPImporta.exe: 00001F60: 16:40:59 [TUniServerModule]:Starting HTTP Server on Port: 8077...
ERPImporta.exe: 00001F60: 16:40:59 [TUniServerModule]:HTTP Server Started on Port: 8077
ERPImporta.exe: 00000418: 16:43:42 []:>--------------------------------------------------------------<
ERPImporta.exe: 00000418: 16:43:42 [TUniServerModule]:Server First Init.
ERPImporta.exe: 00000418: 16:43:42 [TUniServerModule]:Start Path = D:\Projetos_WEB\ERP_Importa\
ERPImporta.exe: 00000418: 16:43:42 [TUniServerModule]:Debug Mode = ON
ERPImporta.exe: 00000418: 16:43:42 [TUniGUISessionManager]:Cache erase job created, Folder count: [1]
ERPImporta.exe: 00000418: 16:43:43 [TUniServerModule]:Starting HTTP Server on Port: 8077...
ERPImporta.exe: 00000418: 16:43:43 [TUniServerModule]:HTTP Server Started on Port: 8077
ERPImporta.exe: 00003B5C: 16:44:06 []:>--------------------------------------------------------------<
ERPImporta.exe: 00003B5C: 16:44:06 [TUniServerModule]:Server First Init.
ERPImporta.exe: 00003B5C: 16:44:06 [TUniServerModule]:Start Path = D:\Projetos_WEB\ERP_Importa\
ERPImporta.exe: 00003B5C: 16:44:06 [TUniServerModule]:Debug Mode = ON
ERPImporta.exe: 00003B5C: 16:44:06 [TUniGUISessionManager]:Cache erase job created, Folder count: [1]
ERPImporta.exe: 00003B5C: 16:44:06 [TUniServerModule]:Starting HTTP Server on Port: 8077...
ERPImporta.exe: 00003B5C: 16:44:06 [TUniServerModule]:HTTP Server Started on Port: 8077
ERPImporta.exe: 00001EC0: 16:44:21 [127.0.0.1]:EDatabaseError : PedidosNFItensTributos: Cannot perform this operation on a closed dataset : Addr: $00657A3A
ERPImporta.exe: 000043B4: 16:46:16 []:>--------------------------------------------------------------<
ERPImporta.exe: 000043B4: 16:46:16 [TUniServerModule]:Server First Init.
ERPImporta.exe: 000043B4: 16:46:16 [TUniServerModule]:Start Path = D:\Projetos_WEB\ERP_Importa\
ERPImporta.exe: 000043B4: 16:46:16 [TUniServerModule]:Debug Mode = ON
ERPImporta.exe: 000043B4: 16:46:16 [TUniGUISessionManager]:Cache erase job created, Folder count: [1]
ERPImporta.exe: 000043B4: 16:46:16 [TUniServerModule]:Starting HTTP Server on Port: 8077...
ERPImporta.exe: 000043B4: 16:46:16 [TUniServerModule]:HTTP Server Started on Port: 8077
ERPImporta.exe: 00003BB4: 16:47:42 []:>--------------------------------------------------------------<
ERPImporta.exe: 00003BB4: 16:47:42 [TUniServerModule]:Server First Init.
ERPImporta.exe: 00003BB4: 16:47:42 [TUniServerModule]:Start Path = D:\Projetos_WEB\ERP_Importa\
ERPImporta.exe: 00003BB4: 16:47:42 [TUniServerModule]:Debug Mode = ON
ERPImporta.exe: 00003BB4: 16:47:43 [TUniServerModule]:Starting HTTP Server on Port: 8077...
ERPImporta.exe: 00003BB4: 16:47:43 [TUniServerModule]:HTTP Server Started on Port: 8077
ERPImporta.exe: 00003A80: 16:50:34 []:>--------------------------------------------------------------<
ERPImporta.exe: 00003A80: 16:50:34 [TUniServerModule]:Server First Init.
ERPImporta.exe: 00003A80: 16:50:34 [TUniServerModule]:Start Path = D:\Projetos_WEB\ERP_Importa\
ERPImporta.exe: 00003A80: 16:50:34 [TUniServerModule]:Debug Mode = ON
ERPImporta.exe: 00003A80: 16:50:34 [TUniGUISessionManager]:Cache erase job created, Folder count: [1]
ERPImporta.exe: 00003A80: 16:50:34 [TUniServerModule]:Starting HTTP Server on Port: 8077...
ERPImporta.exe: 00003A80: 16:50:34 [TUniServerModule]:HTTP Server Started on Port: 8077
ERPImporta.exe: 00002388: 16:50:40 [127.0.0.1]:EUniSessionException : Sessão inváilda ou tempo da sessão expirado. (Session not found: 6XS9mXeedv11085C6FE ) : Addr: $007D0ED0
ERPImporta.exe: 00002574: 16:55:45 []:>--------------------------------------------------------------<
ERPImporta.exe: 00002574: 16:55:45 [TUniServerModule]:Server First Init.
ERPImporta.exe: 00002574: 16:55:45 [TUniServerModule]:Start Path = D:\Projetos_WEB\ERP_Importa\
ERPImporta.exe: 00002574: 16:55:45 [TUniServerModule]:Debug Mode = ON
ERPImporta.exe: 00002574: 16:55:45 [TUniGUISessionManager]:Cache erase job created, Folder count: [1]
ERPImporta.exe: 00002574: 16:55:46 [TUniServerModule]:Starting HTTP Server on Port: 8077...
ERPImporta.exe: 00002574: 16:55:46 [TUniServerModule]:HTTP Server Started on Port: 8077
ERPImporta.exe: 00003660: 16:56:05 []:>--------------------------------------------------------------<
ERPImporta.exe: 00003660: 16:56:05 [TUniServerModule]:Server First Init.
ERPImporta.exe: 00003660: 16:56:05 [TUniServerModule]:Start Path = D:\Projetos_WEB\ERP_Importa\
ERPImporta.exe: 00003660: 16:56:05 [TUniServerModule]:Debug Mode = ON
ERPImporta.exe: 00003660: 16:56:05 [TUniGUISessionManager]:Cache erase job created, Folder count: [1]
ERPImporta.exe: 00003660: 16:56:05 [TUniServerModule]:Starting HTTP Server on Port: 8077...
ERPImporta.exe: 00003660: 16:56:05 [TUniServerModule]:HTTP Server Started on Port: 8077
ERPImporta.exe: 00004DDC: 16:56:08 [127.0.0.1]:EUniSessionException : Sessão inváilda ou tempo da sessão expirado. (Session not found: zIHevsgKZg11085C92C ) : Addr: $007D0ED0
ERPImporta.exe: 00004BAC: 16:56:08 [127.0.0.1]:EUniSessionException : Sessão inváilda ou tempo da sessão expirado. (Session not found: zIHevsgKZg11085C92C ) : Addr: $007D0ED0
ERPImporta.exe: 00001A64: 16:56:08 [127.0.0.1]:EUniSessionException : Sessão inváilda ou tempo da sessão expirado. (Session not found: zIHevsgKZg11085C92C ) : Addr: $007D0ED0
ERPImporta.exe: 00000A48: 16:56:20 [127.0.0.1]:EMSSQLNativeException : [FireDAC][Phys][ODBC][Microsoft][SQL Server Native Client 11.0][SQL Server]Invalid column name 'Item'. : Addr: $008E1C75
ERPImporta.exe: 000014D8: 16:57:15 []:>--------------------------------------------------------------<
ERPImporta.exe: 000014D8: 16:57:15 [TUniServerModule]:Server First Init.
ERPImporta.exe: 000014D8: 16:57:15 [TUniServerModule]:Start Path = D:\Projetos_WEB\ERP_Importa\
ERPImporta.exe: 000014D8: 16:57:15 [TUniServerModule]:Debug Mode = ON
ERPImporta.exe: 000014D8: 16:57:15 [TUniGUISessionManager]:Cache erase job created, Folder count: [1]
ERPImporta.exe: 000014D8: 16:57:15 [TUniServerModule]:Starting HTTP Server on Port: 8077...
ERPImporta.exe: 000014D8: 16:57:15 [TUniServerModule]:HTTP Server Started on Port: 8077
ERPImporta.exe: 00001C08: 17:21:36 []:>--------------------------------------------------------------<
ERPImporta.exe: 00001C08: 17:21:36 [TUniServerModule]:Server First Init.
ERPImporta.exe: 00001C08: 17:21:36 [TUniServerModule]:Start Path = D:\Projetos_WEB\ERP_Importa\
ERPImporta.exe: 00001C08: 17:21:36 [TUniServerModule]:Debug Mode = ON
ERPImporta.exe: 00001C08: 17:21:36 [TUniServerModule]:Starting HTTP Server on Port: 8077...
ERPImporta.exe: 00001C08: 17:21:36 [TUniServerModule]:HTTP Server Started on Port: 8077
ERPImporta.exe: 000038F4: 17:25:37 []:>--------------------------------------------------------------<
ERPImporta.exe: 000038F4: 17:25:37 [TUniServerModule]:Server First Init.
ERPImporta.exe: 000038F4: 17:25:37 [TUniServerModule]:Start Path = D:\Projetos_WEB\ERP_Importa\
ERPImporta.exe: 000038F4: 17:25:37 [TUniServerModule]:Debug Mode = ON
ERPImporta.exe: 000038F4: 17:25:37 [TUniServerModule]:Starting HTTP Server on Port: 8077...
ERPImporta.exe: 000038F4: 17:25:37 [TUniServerModule]:HTTP Server Started on Port: 8077
ERPImporta.exe: 00003084: 17:42:14 []:>--------------------------------------------------------------<
ERPImporta.exe: 00003084: 17:42:14 [TUniServerModule]:Server First Init.
ERPImporta.exe: 00003084: 17:42:14 [TUniServerModule]:Start Path = D:\Projetos_WEB\ERP_Importa\
ERPImporta.exe: 00003084: 17:42:14 [TUniServerModule]:Debug Mode = ON
ERPImporta.exe: 00003084: 17:42:14 [TUniGUISessionManager]:Cache erase job created, Folder count: [1]
ERPImporta.exe: 00003084: 17:42:14 [TUniServerModule]:Starting HTTP Server on Port: 8077...
ERPImporta.exe: 00003084: 17:42:14 [TUniServerModule]:HTTP Server Started on Port: 8077
ERPImporta.exe: 00001D0C: 17:42:21 [127.0.0.1]:EUniSessionException : Sessão inváilda ou tempo da sessão expirado. (Session not found: CbCO3KMlbC11085D146 ) : Addr: $007D0ED0
ERPImporta.exe: 000014F0: 17:44:20 []:>--------------------------------------------------------------<
ERPImporta.exe: 000014F0: 17:44:20 [TUniServerModule]:Server First Init.
ERPImporta.exe: 000014F0: 17:44:20 [TUniServerModule]:Start Path = D:\Projetos_WEB\ERP_Importa\
ERPImporta.exe: 000014F0: 17:44:20 [TUniServerModule]:Debug Mode = ON
ERPImporta.exe: 000014F0: 17:44:20 [TUniServerModule]:Starting HTTP Server on Port: 8077...
ERPImporta.exe: 000014F0: 17:44:20 [TUniServerModule]:HTTP Server Started on Port: 8077
ERPImporta.exe: 00002774: 17:48:12 []:>--------------------------------------------------------------<
ERPImporta.exe: 00002774: 17:48:12 [TUniServerModule]:Server First Init.
ERPImporta.exe: 00002774: 17:48:12 [TUniServerModule]:Start Path = D:\Projetos_WEB\ERP_Importa\
ERPImporta.exe: 00002774: 17:48:12 [TUniServerModule]:Debug Mode = ON
ERPImporta.exe: 00002774: 17:48:12 [TUniServerModule]:Starting HTTP Server on Port: 8077...
ERPImporta.exe: 00002774: 17:48:12 [TUniServerModule]:HTTP Server Started on Port: 8077
ERPImporta.exe: 000035E0: 17:49:12 []:>--------------------------------------------------------------<
ERPImporta.exe: 000035E0: 17:49:12 [TUniServerModule]:Server First Init.
ERPImporta.exe: 000035E0: 17:49:12 [TUniServerModule]:Start Path = D:\Projetos_WEB\ERP_Importa\
ERPImporta.exe: 000035E0: 17:49:12 [TUniServerModule]:Debug Mode = ON
ERPImporta.exe: 000035E0: 17:49:12 [TUniGUISessionManager]:Cache erase job created, Folder count: [1]
ERPImporta.exe: 000035E0: 17:49:12 [TUniServerModule]:Starting HTTP Server on Port: 8077...
ERPImporta.exe: 000035E0: 17:49:12 [TUniServerModule]:HTTP Server Started on Port: 8077
ERPImporta.exe: 000016E0: 17:53:38 []:>--------------------------------------------------------------<
ERPImporta.exe: 000016E0: 17:53:38 [TUniServerModule]:Server First Init.
ERPImporta.exe: 000016E0: 17:53:38 [TUniServerModule]:Start Path = D:\Projetos_WEB\ERP_Importa\
ERPImporta.exe: 000016E0: 17:53:38 [TUniServerModule]:Debug Mode = ON
ERPImporta.exe: 000016E0: 17:53:38 [TUniServerModule]:Starting HTTP Server on Port: 8077...
ERPImporta.exe: 000016E0: 17:53:38 [TUniServerModule]:HTTP Server Started on Port: 8077
ERPImporta.exe: 00000D8C: 17:54:44 []:>--------------------------------------------------------------<
ERPImporta.exe: 00000D8C: 17:54:44 [TUniServerModule]:Server First Init.
ERPImporta.exe: 00000D8C: 17:54:44 [TUniServerModule]:Start Path = D:\Projetos_WEB\ERP_Importa\
ERPImporta.exe: 00000D8C: 17:54:44 [TUniServerModule]:Debug Mode = ON
ERPImporta.exe: 00000D8C: 17:54:44 [TUniServerModule]:Starting HTTP Server on Port: 8077...
ERPImporta.exe: 00000D8C: 17:54:44 [TUniServerModule]:HTTP Server Started on Port: 8077
ERPImporta.exe: 00000FEC: 17:56:24 []:>--------------------------------------------------------------<
ERPImporta.exe: 00000FEC: 17:56:24 [TUniServerModule]:Server First Init.
ERPImporta.exe: 00000FEC: 17:56:24 [TUniServerModule]:Start Path = D:\Projetos_WEB\ERP_Importa\
ERPImporta.exe: 00000FEC: 17:56:24 [TUniServerModule]:Debug Mode = ON
ERPImporta.exe: 00000FEC: 17:56:24 [TUniGUISessionManager]:Cache erase job created, Folder count: [1]
ERPImporta.exe: 00000FEC: 17:56:24 [TUniServerModule]:Starting HTTP Server on Port: 8077...
ERPImporta.exe: 00000FEC: 17:56:24 [TUniServerModule]:HTTP Server Started on Port: 8077
ERPImporta.exe: 00002BD8: 17:58:18 []:>--------------------------------------------------------------<
ERPImporta.exe: 00002BD8: 17:58:18 [TUniServerModule]:Server First Init.
ERPImporta.exe: 00002BD8: 17:58:18 [TUniServerModule]:Start Path = D:\Projetos_WEB\ERP_Importa\
ERPImporta.exe: 00002BD8: 17:58:18 [TUniServerModule]:Debug Mode = ON
ERPImporta.exe: 00002BD8: 17:58:18 [TUniServerModule]:Starting HTTP Server on Port: 8077...
ERPImporta.exe: 00002BD8: 17:58:18 [TUniServerModule]:HTTP Server Started on Port: 8077
ERPImporta.exe: 00003E3C: 18:00:39 []:>--------------------------------------------------------------<
ERPImporta.exe: 00003E3C: 18:00:39 [TUniServerModule]:Server First Init.
ERPImporta.exe: 00003E3C: 18:00:39 [TUniServerModule]:Start Path = D:\Projetos_WEB\ERP_Importa\
ERPImporta.exe: 00003E3C: 18:00:39 [TUniServerModule]:Debug Mode = ON
ERPImporta.exe: 00003E3C: 18:00:39 [TUniServerModule]:Starting HTTP Server on Port: 8077...
ERPImporta.exe: 00003E3C: 18:00:39 [TUniServerModule]:HTTP Server Started on Port: 8077
ERPImporta.exe: 000036B8: 18:01:31 []:>--------------------------------------------------------------<
ERPImporta.exe: 000036B8: 18:01:31 [TUniServerModule]:Server First Init.
ERPImporta.exe: 000036B8: 18:01:31 [TUniServerModule]:Start Path = D:\Projetos_WEB\ERP_Importa\
ERPImporta.exe: 000036B8: 18:01:31 [TUniServerModule]:Debug Mode = ON
ERPImporta.exe: 000036B8: 18:01:31 [TUniServerModule]:Starting HTTP Server on Port: 8077...
ERPImporta.exe: 000036B8: 18:01:32 [TUniServerModule]:HTTP Server Started on Port: 8077
ERPImporta.exe: 00001AEC: 18:04:17 []:>--------------------------------------------------------------<
ERPImporta.exe: 00001AEC: 18:04:17 [TUniServerModule]:Server First Init.
ERPImporta.exe: 00001AEC: 18:04:17 [TUniServerModule]:Start Path = D:\Projetos_WEB\ERP_Importa\
ERPImporta.exe: 00001AEC: 18:04:17 [TUniServerModule]:Debug Mode = ON
ERPImporta.exe: 00001AEC: 18:04:17 [TUniGUISessionManager]:Cache erase job created, Folder count: [1]
ERPImporta.exe: 00001AEC: 18:04:18 [TUniServerModule]:Starting HTTP Server on Port: 8077...
ERPImporta.exe: 00001AEC: 18:04:18 [TUniServerModule]:HTTP Server Started on Port: 8077
ERPImporta.exe: 00000E88: 18:05:40 []:>--------------------------------------------------------------<
ERPImporta.exe: 00000E88: 18:05:40 [TUniServerModule]:Server First Init.
ERPImporta.exe: 00000E88: 18:05:40 [TUniServerModule]:Start Path = D:\Projetos_WEB\ERP_Importa\
ERPImporta.exe: 00000E88: 18:05:40 [TUniServerModule]:Debug Mode = ON
ERPImporta.exe: 00000E88: 18:05:40 [TUniGUISessionManager]:Cache erase job created, Folder count: [1]
ERPImporta.exe: 00000E88: 18:05:40 [TUniServerModule]:Starting HTTP Server on Port: 8077...
ERPImporta.exe: 00000E88: 18:05:40 [TUniServerModule]:HTTP Server Started on Port: 8077
ERPImporta.exe: 00002E64: 18:06:22 []:>--------------------------------------------------------------<
ERPImporta.exe: 00002E64: 18:06:22 [TUniServerModule]:Server First Init.
ERPImporta.exe: 00002E64: 18:06:22 [TUniServerModule]:Start Path = D:\Projetos_WEB\ERP_Importa\
ERPImporta.exe: 00002E64: 18:06:22 [TUniServerModule]:Debug Mode = ON
ERPImporta.exe: 00002E64: 18:06:22 [TUniServerModule]:Starting HTTP Server on Port: 8077...
ERPImporta.exe: 00002E64: 18:06:22 [TUniServerModule]:HTTP Server Started on Port: 8077
ERPImporta.exe: 00000B34: 18:09:29 []:>--------------------------------------------------------------<
ERPImporta.exe: 00000B34: 18:09:29 [TUniServerModule]:Server First Init.
ERPImporta.exe: 00000B34: 18:09:29 [TUniServerModule]:Start Path = D:\Projetos_WEB\ERP_Importa\
ERPImporta.exe: 00000B34: 18:09:29 [TUniServerModule]:Debug Mode = ON
ERPImporta.exe: 00000B34: 18:09:29 [TUniGUISessionManager]:Cache erase job created, Folder count: [1]
ERPImporta.exe: 00000B34: 18:09:29 [TUniServerModule]:Starting HTTP Server on Port: 8077...
ERPImporta.exe: 00000B34: 18:09:29 [TUniServerModule]:HTTP Server Started on Port: 8077
ERPImporta.exe: 000021CC: 18:10:54 []:>--------------------------------------------------------------<
ERPImporta.exe: 000021CC: 18:10:54 [TUniServerModule]:Server First Init.
ERPImporta.exe: 000021CC: 18:10:54 [TUniServerModule]:Start Path = D:\Projetos_WEB\ERP_Importa\
ERPImporta.exe: 000021CC: 18:10:54 [TUniServerModule]:Debug Mode = ON
ERPImporta.exe: 000021CC: 18:10:54 [TUniGUISessionManager]:Cache erase job created, Folder count: [1]
ERPImporta.exe: 000021CC: 18:10:54 [TUniServerModule]:Starting HTTP Server on Port: 8077...
ERPImporta.exe: 000021CC: 18:10:54 [TUniServerModule]:HTTP Server Started on Port: 8077
ERPImporta.exe: 00003344: 18:23:37 []:>--------------------------------------------------------------<
ERPImporta.exe: 00003344: 18:23:37 [TUniServerModule]:Server First Init.
ERPImporta.exe: 00003344: 18:23:37 [TUniServerModule]:Start Path = D:\Projetos_WEB\ERP_Importa\
ERPImporta.exe: 00003344: 18:23:37 [TUniServerModule]:Debug Mode = ON
ERPImporta.exe: 00003344: 18:23:37 [TUniGUISessionManager]:Cache erase job created, Folder count: [1]
ERPImporta.exe: 00003344: 18:23:38 [TUniServerModule]:Starting HTTP Server on Port: 8077...
ERPImporta.exe: 00003344: 18:23:38 [TUniServerModule]:HTTP Server Started on Port: 8077
ERPImporta.exe: 00001F7C: 18:27:15 []:>--------------------------------------------------------------<
ERPImporta.exe: 00001F7C: 18:27:15 [TUniServerModule]:Server First Init.
ERPImporta.exe: 00001F7C: 18:27:15 [TUniServerModule]:Start Path = D:\Projetos_WEB\ERP_Importa\
ERPImporta.exe: 00001F7C: 18:27:15 [TUniServerModule]:Debug Mode = ON
ERPImporta.exe: 00001F7C: 18:27:15 [TUniServerModule]:Starting HTTP Server on Port: 8077...
ERPImporta.exe: 00001F7C: 18:27:15 [TUniServerModule]:HTTP Server Started on Port: 8077
ERPImporta.exe: 00002C14: 18:28:49 []:>--------------------------------------------------------------<
ERPImporta.exe: 00002C14: 18:28:49 [TUniServerModule]:Server First Init.
ERPImporta.exe: 00002C14: 18:28:49 [TUniServerModule]:Start Path = D:\Projetos_WEB\ERP_Importa\
ERPImporta.exe: 00002C14: 18:28:49 [TUniServerModule]:Debug Mode = ON
ERPImporta.exe: 00002C14: 18:28:50 [TUniServerModule]:Starting HTTP Server on Port: 8077...
ERPImporta.exe: 00002C14: 18:28:50 [TUniServerModule]:HTTP Server Started on Port: 8077
ERPImporta.exe: 00002E00: 18:35:03 []:>--------------------------------------------------------------<
ERPImporta.exe: 00002E00: 18:35:03 [TUniServerModule]:Server First Init.
ERPImporta.exe: 00002E00: 18:35:03 [TUniServerModule]:Start Path = D:\Projetos_WEB\ERP_Importa\
ERPImporta.exe: 00002E00: 18:35:03 [TUniServerModule]:Debug Mode = ON
ERPImporta.exe: 00002E00: 18:35:03 [TUniGUISessionManager]:Cache erase job created, Folder count: [1]
ERPImporta.exe: 00002E00: 18:35:04 [TUniServerModule]:Starting HTTP Server on Port: 8077...
ERPImporta.exe: 00002E00: 18:35:04 [TUniServerModule]:HTTP Server Started on Port: 8077
ERPImporta.exe: 0000480C: 18:41:30 []:>--------------------------------------------------------------<
ERPImporta.exe: 0000480C: 18:41:30 [TUniServerModule]:Server First Init.
ERPImporta.exe: 0000480C: 18:41:30 [TUniServerModule]:Start Path = D:\Projetos_WEB\ERP_Importa\
ERPImporta.exe: 0000480C: 18:41:30 [TUniServerModule]:Debug Mode = ON
ERPImporta.exe: 0000480C: 18:41:30 [TUniServerModule]:Starting HTTP Server on Port: 8077...
ERPImporta.exe: 0000480C: 18:41:30 [TUniServerModule]:HTTP Server Started on Port: 8077
ERPImporta.exe: 000015CC: 18:48:57 []:>--------------------------------------------------------------<
ERPImporta.exe: 000015CC: 18:48:57 [TUniServerModule]:Server First Init.
ERPImporta.exe: 000015CC: 18:48:57 [TUniServerModule]:Start Path = D:\Projetos_WEB\ERP_Importa\
ERPImporta.exe: 000015CC: 18:48:57 [TUniServerModule]:Debug Mode = ON
ERPImporta.exe: 000015CC: 18:48:58 [TUniServerModule]:Starting HTTP Server on Port: 8077...
ERPImporta.exe: 000015CC: 18:48:58 [TUniServerModule]:HTTP Server Started on Port: 8077
ERPImporta.exe: 00002E30: 18:51:14 []:>--------------------------------------------------------------<
ERPImporta.exe: 00002E30: 18:51:14 [TUniServerModule]:Server First Init.
ERPImporta.exe: 00002E30: 18:51:14 [TUniServerModule]:Start Path = D:\Projetos_WEB\ERP_Importa\
ERPImporta.exe: 00002E30: 18:51:14 [TUniServerModule]:Debug Mode = ON
ERPImporta.exe: 00002E30: 18:51:14 [TUniGUISessionManager]:Cache erase job created, Folder count: [1]
ERPImporta.exe: 00002E30: 18:51:14 [TUniServerModule]:Starting HTTP Server on Port: 8077...
ERPImporta.exe: 00002E30: 18:51:14 [TUniServerModule]:HTTP Server Started on Port: 8077
ERPImporta.exe: 000020F0: 19:52:33 []:>--------------------------------------------------------------<
ERPImporta.exe: 000020F0: 19:52:33 [TUniServerModule]:Server First Init.
ERPImporta.exe: 000020F0: 19:52:33 [TUniServerModule]:Start Path = D:\Projetos_WEB\ERP_Importa\
ERPImporta.exe: 000020F0: 19:52:33 [TUniServerModule]:Debug Mode = ON
ERPImporta.exe: 000020F0: 19:52:33 [TUniGUISessionManager]:Cache erase job created, Folder count: [1]
ERPImporta.exe: 000020F0: 19:52:33 [TUniServerModule]:Starting HTTP Server on Port: 8077...
ERPImporta.exe: 000020F0: 19:52:33 [TUniServerModule]:HTTP Server Started on Port: 8077
ERPImporta.exe: 00003004: 20:01:35 []:>--------------------------------------------------------------<
ERPImporta.exe: 00003004: 20:01:35 [TUniServerModule]:Server First Init.
ERPImporta.exe: 00003004: 20:01:35 [TUniServerModule]:Start Path = D:\Projetos_WEB\ERP_Importa\
ERPImporta.exe: 00003004: 20:01:35 [TUniServerModule]:Debug Mode = ON
ERPImporta.exe: 00003004: 20:01:36 [TUniServerModule]:Starting HTTP Server on Port: 8077...
ERPImporta.exe: 00003004: 20:01:36 [TUniServerModule]:HTTP Server Started on Port: 8077
ERPImporta.exe: 00002DE8: 20:13:52 []:>--------------------------------------------------------------<
ERPImporta.exe: 00002DE8: 20:13:52 [TUniServerModule]:Server First Init.
ERPImporta.exe: 00002DE8: 20:13:52 [TUniServerModule]:Start Path = D:\Projetos_WEB\ERP_Importa\
ERPImporta.exe: 00002DE8: 20:13:52 [TUniServerModule]:Debug Mode = ON
ERPImporta.exe: 00002DE8: 20:13:52 [TUniServerModule]:Starting HTTP Server on Port: 8077...
ERPImporta.exe: 00002DE8: 20:13:52 [TUniServerModule]:HTTP Server Started on Port: 8077
ERPImporta.exe: 000039FC: 20:14:52 []:>--------------------------------------------------------------<
ERPImporta.exe: 000039FC: 20:14:52 [TUniServerModule]:Server First Init.
ERPImporta.exe: 000039FC: 20:14:52 [TUniServerModule]:Start Path = D:\Projetos_WEB\ERP_Importa\
ERPImporta.exe: 000039FC: 20:14:52 [TUniServerModule]:Debug Mode = ON
ERPImporta.exe: 000039FC: 20:14:52 [TUniServerModule]:Starting HTTP Server on Port: 8077...
ERPImporta.exe: 000039FC: 20:14:52 [TUniServerModule]:HTTP Server Started on Port: 8077
ERPImporta.exe: 00002B78: 20:15:43 []:>--------------------------------------------------------------<
ERPImporta.exe: 00002B78: 20:15:43 [TUniServerModule]:Server First Init.
ERPImporta.exe: 00002B78: 20:15:43 [TUniServerModule]:Start Path = D:\Projetos_WEB\ERP_Importa\
ERPImporta.exe: 00002B78: 20:15:43 [TUniServerModule]:Debug Mode = ON
ERPImporta.exe: 00002B78: 20:15:43 [TUniGUISessionManager]:Cache erase job created, Folder count: [1]
ERPImporta.exe: 00002B78: 20:15:43 [TUniServerModule]:Starting HTTP Server on Port: 8077...
ERPImporta.exe: 00002B78: 20:15:43 [TUniServerModule]:HTTP Server Started on Port: 8077
ERPImporta.exe: 00003240: 20:18:41 []:>--------------------------------------------------------------<
ERPImporta.exe: 00003240: 20:18:41 [TUniServerModule]:Server First Init.
ERPImporta.exe: 00003240: 20:18:41 [TUniServerModule]:Start Path = D:\Projetos_WEB\ERP_Importa\
ERPImporta.exe: 00003240: 20:18:41 [TUniServerModule]:Debug Mode = ON
ERPImporta.exe: 00003240: 20:18:41 [TUniServerModule]:Starting HTTP Server on Port: 8077...
ERPImporta.exe: 00003240: 20:18:41 [TUniServerModule]:HTTP Server Started on Port: 8077
ERPImporta.exe: 0000181C: 20:19:43 []:>--------------------------------------------------------------<
ERPImporta.exe: 0000181C: 20:19:43 [TUniServerModule]:Server First Init.
ERPImporta.exe: 0000181C: 20:19:43 [TUniServerModule]:Start Path = D:\Projetos_WEB\ERP_Importa\
ERPImporta.exe: 0000181C: 20:19:43 [TUniServerModule]:Debug Mode = ON
ERPImporta.exe: 0000181C: 20:19:43 [TUniServerModule]:Starting HTTP Server on Port: 8077...
ERPImporta.exe: 0000181C: 20:19:43 [TUniServerModule]:HTTP Server Started on Port: 8077
ERPImporta.exe: 00003F80: 20:20:46 []:>--------------------------------------------------------------<
ERPImporta.exe: 00003F80: 20:20:46 [TUniServerModule]:Server First Init.
ERPImporta.exe: 00003F80: 20:20:46 [TUniServerModule]:Start Path = D:\Projetos_WEB\ERP_Importa\
ERPImporta.exe: 00003F80: 20:20:46 [TUniServerModule]:Debug Mode = ON
ERPImporta.exe: 00003F80: 20:20:47 [TUniServerModule]:Starting HTTP Server on Port: 8077...
ERPImporta.exe: 00003F80: 20:20:47 [TUniServerModule]:HTTP Server Started on Port: 8077
ERPImporta.exe: 00001E1C: 20:21:37 []:>--------------------------------------------------------------<
ERPImporta.exe: 00001E1C: 20:21:37 [TUniServerModule]:Server First Init.
ERPImporta.exe: 00001E1C: 20:21:37 [TUniServerModule]:Start Path = D:\Projetos_WEB\ERP_Importa\
ERPImporta.exe: 00001E1C: 20:21:37 [TUniServerModule]:Debug Mode = ON
ERPImporta.exe: 00001E1C: 20:21:37 [TUniServerModule]:Starting HTTP Server on Port: 8077...
ERPImporta.exe: 00001E1C: 20:21:37 [TUniServerModule]:HTTP Server Started on Port: 8077
ERPImporta.exe: 000014D8: 20:22:31 []:>--------------------------------------------------------------<
ERPImporta.exe: 000014D8: 20:22:31 [TUniServerModule]:Server First Init.
ERPImporta.exe: 000014D8: 20:22:31 [TUniServerModule]:Start Path = D:\Projetos_WEB\ERP_Importa\
ERPImporta.exe: 000014D8: 20:22:31 [TUniServerModule]:Debug Mode = ON
ERPImporta.exe: 000014D8: 20:22:31 [TUniServerModule]:Starting HTTP Server on Port: 8077...
ERPImporta.exe: 000014D8: 20:22:31 [TUniServerModule]:HTTP Server Started on Port: 8077
ERPImporta.exe: 00001CD8: 20:23:04 []:>--------------------------------------------------------------<
ERPImporta.exe: 00001CD8: 20:23:04 [TUniServerModule]:Server First Init.
ERPImporta.exe: 00001CD8: 20:23:04 [TUniServerModule]:Start Path = D:\Projetos_WEB\ERP_Importa\
ERPImporta.exe: 00001CD8: 20:23:04 [TUniServerModule]:Debug Mode = ON
ERPImporta.exe: 00001CD8: 20:23:04 [TUniServerModule]:Starting HTTP Server on Port: 8077...
ERPImporta.exe: 00001CD8: 20:23:04 [TUniServerModule]:HTTP Server Started on Port: 8077
