ERPImporta.exe: 00000148: 12:39:34 []:>--------------------------------------------------------------<
ERPImporta.exe: 00000148: 12:39:34 [TUniServerModule]:Server First Init.
ERPImporta.exe: 00000148: 12:39:34 [TUniServerModule]:Start Path = C:\Projetos_WEB\ERP_Importa\
ERPImporta.exe: 00000148: 12:39:34 [TUniServerModule]:Debug Mode = ON
ERPImporta.exe: 00000148: 12:39:34 [TUniGUISessionManager]:Cache erase job created, Folder count: [1]
ERPImporta.exe: 00000148: 12:39:35 [TUniServerModule]:Starting HTTP Server on Port: 8077...
ERPImporta.exe: 00000148: 12:39:35 [TUniServerModule]:HTTP Server Started on Port: 8077
ERPImporta.exe: 000009AC: 12:39:45 []:>--------------------------------------------------------------<
ERPImporta.exe: 000009AC: 12:39:45 [TUniServerModule]:Server First Init.
ERPImporta.exe: 000009AC: 12:39:45 [TUniServerModule]:Start Path = C:\Projetos_WEB\ERP_Importa\
ERPImporta.exe: 000009AC: 12:39:45 [TUniServerModule]:Debug Mode = ON
ERPImporta.exe: 000009AC: 12:39:45 [TUniGUISessionManager]:Cache erase job created, Folder count: [1]
ERPImporta.exe: 000009AC: 12:39:46 [TUniServerModule]:Starting HTTP Server on Port: 8077...
ERPImporta.exe: 000009AC: 12:39:46 [TUniServerModule]:HTTP Server Started on Port: 8077
ERPImporta.exe: 000006D8: 12:41:12 []:>--------------------------------------------------------------<
ERPImporta.exe: 000006D8: 12:41:12 [TUniServerModule]:Server First Init.
ERPImporta.exe: 000006D8: 12:41:12 [TUniServerModule]:Start Path = C:\Projetos_WEB\ERP_Importa\
ERPImporta.exe: 000006D8: 12:41:12 [TUniServerModule]:Debug Mode = ON
ERPImporta.exe: 000006D8: 12:41:12 [TUniGUISessionManager]:Cache erase job created, Folder count: [1]
ERPImporta.exe: 000006D8: 12:41:12 [TUniServerModule]:Starting HTTP Server on Port: 8077...
ERPImporta.exe: 000006D8: 12:41:12 [TUniServerModule]:HTTP Server Started on Port: 8077
ERPImporta.exe: 000024C4: 12:41:27 [[FireDAC][Phys][ODBC][Microsoft][SQL Server Native Client 11.0][SQL Server]Invalid object name 'CSTICMS'.-127.0.0.1]:EMSSQLNativeException : [FireDAC][Phys][ODBC][Microsoft][SQL Server Native Client 11.0][SQL Server]Invalid object name 'CSTICMS'. : Addr: $008E1D71
ERPImporta.exe: 0000369C: 12:42:03 []:>--------------------------------------------------------------<
ERPImporta.exe: 0000369C: 12:42:03 [TUniServerModule]:Server First Init.
ERPImporta.exe: 0000369C: 12:42:03 [TUniServerModule]:Start Path = C:\Projetos_WEB\ERP_Importa\
ERPImporta.exe: 0000369C: 12:42:03 [TUniServerModule]:Debug Mode = ON
ERPImporta.exe: 0000369C: 12:42:03 [TUniGUISessionManager]:Cache erase job created, Folder count: [1]
ERPImporta.exe: 0000369C: 12:42:04 [TUniServerModule]:Starting HTTP Server on Port: 8077...
ERPImporta.exe: 0000369C: 12:42:04 [TUniServerModule]:HTTP Server Started on Port: 8077
ERPImporta.exe: 00002F44: 12:42:21 [[FireDAC][Phys][ODBC][Microsoft][SQL Server Native Client 11.0][SQL Server]Invalid object name 'CSTICMS'.-127.0.0.1]:EMSSQLNativeException : [FireDAC][Phys][ODBC][Microsoft][SQL Server Native Client 11.0][SQL Server]Invalid object name 'CSTICMS'. : Addr: $008E1D71
ERPImporta.exe: 00001FEC: 12:44:15 []:>--------------------------------------------------------------<
ERPImporta.exe: 00001FEC: 12:44:15 [TUniServerModule]:Server First Init.
ERPImporta.exe: 00001FEC: 12:44:15 [TUniServerModule]:Start Path = C:\Projetos_WEB\ERP_Importa\
ERPImporta.exe: 00001FEC: 12:44:15 [TUniServerModule]:Debug Mode = ON
ERPImporta.exe: 00001FEC: 12:44:15 [TUniServerModule]:Starting HTTP Server on Port: 8077...
ERPImporta.exe: 00001FEC: 12:44:15 [TUniServerModule]:HTTP Server Started on Port: 8077
ERPImporta.exe: 0000307C: 12:44:34 [[FireDAC][Phys][ODBC][Microsoft][SQL Server Native Client 11.0][SQL Server]Invalid object name 'CSTICMS'.-127.0.0.1]:EMSSQLNativeException : [FireDAC][Phys][ODBC][Microsoft][SQL Server Native Client 11.0][SQL Server]Invalid object name 'CSTICMS'. : Addr: $008E1D71
ERPImporta.exe: 00001CEC: 12:56:10 []:>--------------------------------------------------------------<
ERPImporta.exe: 00001CEC: 12:56:10 [TUniServerModule]:Server First Init.
ERPImporta.exe: 00001CEC: 12:56:10 [TUniServerModule]:Start Path = C:\Projetos_WEB\ERP_Importa\
ERPImporta.exe: 00001CEC: 12:56:10 [TUniServerModule]:Debug Mode = ON
ERPImporta.exe: 00001CEC: 12:56:10 [TUniServerModule]:Starting HTTP Server on Port: 8077...
ERPImporta.exe: 00001CEC: 12:56:10 [TUniServerModule]:HTTP Server Started on Port: 8077
ERPImporta.exe: 00000ABC: 12:56:30 [[FireDAC][Phys][ODBC][Microsoft][SQL Server Native Client 11.0][SQL Server]Invalid object name 'CSTICMS'.-127.0.0.1]:EMSSQLNativeException : [FireDAC][Phys][ODBC][Microsoft][SQL Server Native Client 11.0][SQL Server]Invalid object name 'CSTICMS'. : Addr: $008E1D71
ERPImporta.exe: 00000C98: 13:38:54 []:>--------------------------------------------------------------<
ERPImporta.exe: 00000C98: 13:38:54 [TUniServerModule]:Server First Init.
ERPImporta.exe: 00000C98: 13:38:54 [TUniServerModule]:Start Path = C:\Projetos_WEB\ERP_Importa\
ERPImporta.exe: 00000C98: 13:38:54 [TUniServerModule]:Debug Mode = ON
ERPImporta.exe: 00000C98: 13:38:54 [TUniGUISessionManager]:Cache erase job created, Folder count: [1]
ERPImporta.exe: 00000C98: 13:38:54 [TUniServerModule]:Starting HTTP Server on Port: 8077...
ERPImporta.exe: 00000C98: 13:38:54 [TUniServerModule]:HTTP Server Started on Port: 8077
