ERPImporta.exe: 0000097C: 08:28:05 []:>--------------------------------------------------------------<
ERPImporta.exe: 0000097C: 08:28:05 [TUniServerModule]:Server First Init.
ERPImporta.exe: 0000097C: 08:28:05 [TUniServerModule]:Start Path = C:\Projetos_WEB\ERP_Importa\
ERPImporta.exe: 0000097C: 08:28:05 [TUniServerModule]:Debug Mode = ON
ERPImporta.exe: 0000097C: 08:28:05 [TUniGUISessionManager]:Cache erase job created, Folder count: [1]
ERPImporta.exe: 0000097C: 08:28:05 [TUniServerModule]:Starting HTTP Server on Port: 8077...
ERPImporta.exe: 0000097C: 08:28:05 [TUniServerModule]:HTTP Server Started on Port: 8077
ERPImporta.exe: 00003994: 08:28:15 [HandleFileRequest[127.0.0.1]]:File not found: C:\Projetos_WEB\ERP_Importa\files\images\fundo8.jpg
ERPImporta.exe: 00002628: 08:33:53 []:>--------------------------------------------------------------<
ERPImporta.exe: 00002628: 08:33:53 [TUniServerModule]:Server First Init.
ERPImporta.exe: 00002628: 08:33:53 [TUniServerModule]:Start Path = C:\Projetos_WEB\ERP_Importa\
ERPImporta.exe: 00002628: 08:33:53 [TUniServerModule]:Debug Mode = ON
ERPImporta.exe: 00002628: 08:33:53 [TUniServerModule]:Starting HTTP Server on Port: 8077...
ERPImporta.exe: 00002628: 08:33:53 [TUniServerModule]:HTTP Server Started on Port: 8077
ERPImporta.exe: 00001DB0: 08:34:04 [HandleFileRequest[127.0.0.1]]:File not found: C:\Projetos_WEB\ERP_Importa\files\images\fundo8.jpg
ERPImporta.exe: 000021E8: 08:36:05 []:>--------------------------------------------------------------<
ERPImporta.exe: 000021E8: 08:36:05 [TUniServerModule]:Server First Init.
ERPImporta.exe: 000021E8: 08:36:05 [TUniServerModule]:Start Path = C:\Projetos_WEB\ERP_Importa\
ERPImporta.exe: 000021E8: 08:36:05 [TUniServerModule]:Debug Mode = ON
ERPImporta.exe: 000021E8: 08:36:05 [TUniServerModule]:Starting HTTP Server on Port: 8077...
ERPImporta.exe: 000021E8: 08:36:05 [TUniServerModule]:HTTP Server Started on Port: 8077
ERPImporta.exe: 000015A8: 08:36:14 [HandleFileRequest[127.0.0.1]]:File not found: C:\Projetos_WEB\ERP_Importa\files\images\fundo8.jpg
ERPImporta.exe: 00002810: 08:36:55 []:>--------------------------------------------------------------<
ERPImporta.exe: 00002810: 08:36:55 [TUniServerModule]:Server First Init.
ERPImporta.exe: 00002810: 08:36:55 [TUniServerModule]:Start Path = C:\Projetos_WEB\ERP_Importa\
ERPImporta.exe: 00002810: 08:36:55 [TUniServerModule]:Debug Mode = ON
ERPImporta.exe: 00002810: 08:36:55 [TUniServerModule]:Starting HTTP Server on Port: 8077...
ERPImporta.exe: 00002810: 08:36:55 [TUniServerModule]:HTTP Server Started on Port: 8077
ERPImporta.exe: 00000998: 08:37:07 [HandleFileRequest[127.0.0.1]]:File not found: C:\Projetos_WEB\ERP_Importa\files\images\fundo8.jpg
ERPImporta.exe: 00001D20: 08:38:00 []:>--------------------------------------------------------------<
ERPImporta.exe: 00001D20: 08:38:00 [TUniServerModule]:Server First Init.
ERPImporta.exe: 00001D20: 08:38:00 [TUniServerModule]:Start Path = C:\Projetos_WEB\ERP_Importa\
ERPImporta.exe: 00001D20: 08:38:00 [TUniServerModule]:Debug Mode = ON
ERPImporta.exe: 00001D20: 08:38:00 [TUniGUISessionManager]:Cache erase job created, Folder count: [1]
ERPImporta.exe: 00001D20: 08:38:00 [TUniServerModule]:Starting HTTP Server on Port: 8077...
ERPImporta.exe: 00001D20: 08:38:00 [TUniServerModule]:HTTP Server Started on Port: 8077
ERPImporta.exe: 00002550: 08:38:11 [HandleFileRequest[127.0.0.1]]:File not found: C:\Projetos_WEB\ERP_Importa\files\images\fundo8.jpg
ERPImporta.exe: 0000242C: 08:38:39 []:>--------------------------------------------------------------<
ERPImporta.exe: 0000242C: 08:38:39 [TUniServerModule]:Server First Init.
ERPImporta.exe: 0000242C: 08:38:39 [TUniServerModule]:Start Path = C:\Projetos_WEB\ERP_Importa\
ERPImporta.exe: 0000242C: 08:38:39 [TUniServerModule]:Debug Mode = ON
ERPImporta.exe: 0000242C: 08:38:40 [TUniServerModule]:Starting HTTP Server on Port: 8077...
ERPImporta.exe: 0000242C: 08:38:40 [TUniServerModule]:HTTP Server Started on Port: 8077
ERPImporta.exe: 00000CBC: 08:38:50 [HandleFileRequest[127.0.0.1]]:File not found: C:\Projetos_WEB\ERP_Importa\files\images\fundo8.jpg
ERPImporta.exe: 0000382C: 08:41:25 []:>--------------------------------------------------------------<
ERPImporta.exe: 0000382C: 08:41:25 [TUniServerModule]:Server First Init.
ERPImporta.exe: 0000382C: 08:41:25 [TUniServerModule]:Start Path = C:\Projetos_WEB\ERP_Importa\
ERPImporta.exe: 0000382C: 08:41:25 [TUniServerModule]:Debug Mode = ON
ERPImporta.exe: 0000382C: 08:41:25 [TUniServerModule]:Starting HTTP Server on Port: 8077...
ERPImporta.exe: 0000382C: 08:41:25 [TUniServerModule]:HTTP Server Started on Port: 8077
ERPImporta.exe: 000030E8: 08:41:35 [HandleFileRequest[127.0.0.1]]:File not found: C:\Projetos_WEB\ERP_Importa\files\images\fundo8.jpg
ERPImporta.exe: 00000BB4: 08:45:58 []:>--------------------------------------------------------------<
ERPImporta.exe: 00000BB4: 08:45:58 [TUniServerModule]:Server First Init.
ERPImporta.exe: 00000BB4: 08:45:58 [TUniServerModule]:Start Path = C:\Projetos_WEB\ERP_Importa\
ERPImporta.exe: 00000BB4: 08:45:58 [TUniServerModule]:Debug Mode = ON
ERPImporta.exe: 00000BB4: 08:45:58 [TUniServerModule]:Starting HTTP Server on Port: 8077...
ERPImporta.exe: 00000BB4: 08:45:58 [TUniServerModule]:HTTP Server Started on Port: 8077
ERPImporta.exe: 00000958: 08:46:08 [HandleFileRequest[127.0.0.1]]:File not found: C:\Projetos_WEB\ERP_Importa\files\images\fundo8.jpg
ERPImporta.exe: 00001AF8: 08:46:51 []:>--------------------------------------------------------------<
ERPImporta.exe: 00001AF8: 08:46:51 [TUniServerModule]:Server First Init.
ERPImporta.exe: 00001AF8: 08:46:51 [TUniServerModule]:Start Path = C:\Projetos_WEB\ERP_Importa\
ERPImporta.exe: 00001AF8: 08:46:51 [TUniServerModule]:Debug Mode = ON
ERPImporta.exe: 00001AF8: 08:46:51 [TUniServerModule]:Starting HTTP Server on Port: 8077...
ERPImporta.exe: 00001AF8: 08:46:51 [TUniServerModule]:HTTP Server Started on Port: 8077
ERPImporta.exe: 00000CC4: 08:47:01 [HandleFileRequest[127.0.0.1]]:File not found: C:\Projetos_WEB\ERP_Importa\files\images\fundo8.jpg
ERPImporta.exe: 00001B94: 08:48:28 []:>--------------------------------------------------------------<
ERPImporta.exe: 00001B94: 08:48:28 [TUniServerModule]:Server First Init.
ERPImporta.exe: 00001B94: 08:48:28 [TUniServerModule]:Start Path = C:\Projetos_WEB\ERP_Importa\
ERPImporta.exe: 00001B94: 08:48:28 [TUniServerModule]:Debug Mode = ON
ERPImporta.exe: 00001B94: 08:48:28 [TUniServerModule]:Starting HTTP Server on Port: 8077...
ERPImporta.exe: 00001B94: 08:48:28 [TUniServerModule]:HTTP Server Started on Port: 8077
ERPImporta.exe: 0000063C: 08:48:38 [HandleFileRequest[127.0.0.1]]:File not found: C:\Projetos_WEB\ERP_Importa\files\images\fundo8.jpg
ERPImporta.exe: 0000295C: 09:00:26 [HandleFileRequest[127.0.0.1]]:File not found: C:\Projetos_WEB\ERP_Importa\files\images\fundo8.jpg
ERPImporta.exe: 00000F70: 09:01:25 []:>--------------------------------------------------------------<
ERPImporta.exe: 00000F70: 09:01:25 [TUniServerModule]:Server First Init.
ERPImporta.exe: 00000F70: 09:01:25 [TUniServerModule]:Start Path = C:\Projetos_WEB\ERP_Importa\
ERPImporta.exe: 00000F70: 09:01:25 [TUniServerModule]:Debug Mode = ON
ERPImporta.exe: 00000F70: 09:01:25 [TUniGUISessionManager]:Cache erase job created, Folder count: [1]
ERPImporta.exe: 00000F70: 09:01:25 [TUniServerModule]:Starting HTTP Server on Port: 8077...
ERPImporta.exe: 00000F70: 09:01:25 [TUniServerModule]:HTTP Server Started on Port: 8077
ERPImporta.exe: 00003AC0: 09:01:50 [HandleFileRequest[127.0.0.1]]:File not found: C:\Projetos_WEB\ERP_Importa\files\images\fundo8.jpg
ERPImporta.exe: 00002AC0: 09:11:02 [127.0.0.1]:EMSSQLNativeException : [FireDAC][Phys][ODBC][Microsoft][SQL Server Native Client 11.0][SQL Server]Incorrect syntax near '='. : Addr: $008DFDA9
ERPImporta.exe: 00002AC0: 09:15:39 [127.0.0.1]:EMSSQLNativeException : [FireDAC][Phys][ODBC][Microsoft][SQL Server Native Client 11.0][SQL Server]Incorrect syntax near '='. : Addr: $008DFDA9
ERPImporta.exe: 0000298C: 09:19:20 [HandleFileRequest[127.0.0.1]]:File not found: C:\Projetos_WEB\ERP_Importa\files\images\fundo8.jpg
ERPImporta.exe: 00001404: 09:23:09 []:>--------------------------------------------------------------<
ERPImporta.exe: 00001404: 09:23:09 [TUniServerModule]:Server First Init.
ERPImporta.exe: 00001404: 09:23:09 [TUniServerModule]:Start Path = C:\Projetos_WEB\ERP_Importa\
ERPImporta.exe: 00001404: 09:23:09 [TUniServerModule]:Debug Mode = ON
ERPImporta.exe: 00001404: 09:23:09 [TUniServerModule]:Starting HTTP Server on Port: 8077...
ERPImporta.exe: 00001404: 09:23:09 [TUniServerModule]:HTTP Server Started on Port: 8077
ERPImporta.exe: 000039F0: 09:23:17 [HandleFileRequest[127.0.0.1]]:File not found: C:\Projetos_WEB\ERP_Importa\files\images\fundo8.jpg
ERPImporta.exe: 00000A04: 09:24:19 []:>--------------------------------------------------------------<
ERPImporta.exe: 00000A04: 09:24:19 [TUniServerModule]:Server First Init.
ERPImporta.exe: 00000A04: 09:24:19 [TUniServerModule]:Start Path = C:\Projetos_WEB\ERP_Importa\
ERPImporta.exe: 00000A04: 09:24:19 [TUniServerModule]:Debug Mode = ON
ERPImporta.exe: 00000A04: 09:24:19 [TUniServerModule]:Starting HTTP Server on Port: 8077...
ERPImporta.exe: 00000A04: 09:24:19 [TUniServerModule]:HTTP Server Started on Port: 8077
ERPImporta.exe: 000038D8: 09:24:30 [HandleFileRequest[127.0.0.1]]:File not found: C:\Projetos_WEB\ERP_Importa\files\images\fundo8.jpg
ERPImporta.exe: 00002984: 09:25:10 []:>--------------------------------------------------------------<
ERPImporta.exe: 00002984: 09:25:10 [TUniServerModule]:Server First Init.
ERPImporta.exe: 00002984: 09:25:10 [TUniServerModule]:Start Path = C:\Projetos_WEB\ERP_Importa\
ERPImporta.exe: 00002984: 09:25:10 [TUniServerModule]:Debug Mode = ON
ERPImporta.exe: 00002984: 09:25:10 [TUniServerModule]:Starting HTTP Server on Port: 8077...
ERPImporta.exe: 00002984: 09:25:10 [TUniServerModule]:HTTP Server Started on Port: 8077
ERPImporta.exe: 0000154C: 09:25:36 [HandleFileRequest[127.0.0.1]]:File not found: C:\Projetos_WEB\ERP_Importa\files\images\fundo8.jpg
ERPImporta.exe: 0000372C: 09:27:19 []:>--------------------------------------------------------------<
ERPImporta.exe: 0000372C: 09:27:19 [TUniServerModule]:Server First Init.
ERPImporta.exe: 0000372C: 09:27:19 [TUniServerModule]:Start Path = C:\Projetos_WEB\ERP_Importa\
ERPImporta.exe: 0000372C: 09:27:19 [TUniServerModule]:Debug Mode = ON
ERPImporta.exe: 0000372C: 09:27:19 [TUniGUISessionManager]:Cache erase job created, Folder count: [1]
ERPImporta.exe: 0000372C: 09:27:19 [TUniServerModule]:Starting HTTP Server on Port: 8077...
ERPImporta.exe: 0000372C: 09:27:20 [TUniServerModule]:HTTP Server Started on Port: 8077
ERPImporta.exe: 00003BE4: 09:27:28 [HandleFileRequest[127.0.0.1]]:File not found: C:\Projetos_WEB\ERP_Importa\files\images\fundo8.jpg
ERPImporta.exe: 00000258: 09:27:45 []:>--------------------------------------------------------------<
ERPImporta.exe: 00000258: 09:27:45 [TUniServerModule]:Server First Init.
ERPImporta.exe: 00000258: 09:27:45 [TUniServerModule]:Start Path = C:\Projetos_WEB\ERP_Importa\
ERPImporta.exe: 00000258: 09:27:45 [TUniServerModule]:Debug Mode = ON
ERPImporta.exe: 00000258: 09:27:45 [TUniServerModule]:Starting HTTP Server on Port: 8077...
ERPImporta.exe: 00000258: 09:27:45 [TUniServerModule]:HTTP Server Started on Port: 8077
ERPImporta.exe: 000039FC: 09:27:54 [HandleFileRequest[127.0.0.1]]:File not found: C:\Projetos_WEB\ERP_Importa\files\images\fundo8.jpg
ERPImporta.exe: 00001F8C: 09:28:49 []:>--------------------------------------------------------------<
ERPImporta.exe: 00001F8C: 09:28:49 [TUniServerModule]:Server First Init.
ERPImporta.exe: 00001F8C: 09:28:49 [TUniServerModule]:Start Path = C:\Projetos_WEB\ERP_Importa\
ERPImporta.exe: 00001F8C: 09:28:49 [TUniServerModule]:Debug Mode = ON
ERPImporta.exe: 00001F8C: 09:28:49 [TUniServerModule]:Starting HTTP Server on Port: 8077...
ERPImporta.exe: 00001F8C: 09:28:49 [TUniServerModule]:HTTP Server Started on Port: 8077
ERPImporta.exe: 00001690: 09:28:58 [HandleFileRequest[127.0.0.1]]:File not found: C:\Projetos_WEB\ERP_Importa\files\images\fundo8.jpg
ERPImporta.exe: 00000CEC: 09:29:29 []:>--------------------------------------------------------------<
ERPImporta.exe: 00000CEC: 09:29:29 [TUniServerModule]:Server First Init.
ERPImporta.exe: 00000CEC: 09:29:29 [TUniServerModule]:Start Path = C:\Projetos_WEB\ERP_Importa\
ERPImporta.exe: 00000CEC: 09:29:29 [TUniServerModule]:Debug Mode = ON
ERPImporta.exe: 00000CEC: 09:29:29 [TUniServerModule]:Starting HTTP Server on Port: 8077...
ERPImporta.exe: 00000CEC: 09:29:29 [TUniServerModule]:HTTP Server Started on Port: 8077
ERPImporta.exe: 000013A4: 09:29:38 [HandleFileRequest[127.0.0.1]]:File not found: C:\Projetos_WEB\ERP_Importa\files\images\fundo8.jpg
ERPImporta.exe: 0000104C: 09:30:42 []:>--------------------------------------------------------------<
ERPImporta.exe: 0000104C: 09:30:42 [TUniServerModule]:Server First Init.
ERPImporta.exe: 0000104C: 09:30:42 [TUniServerModule]:Start Path = C:\Projetos_WEB\ERP_Importa\
ERPImporta.exe: 0000104C: 09:30:42 [TUniServerModule]:Debug Mode = ON
ERPImporta.exe: 0000104C: 09:30:43 [TUniServerModule]:Starting HTTP Server on Port: 8077...
ERPImporta.exe: 0000104C: 09:30:43 [TUniServerModule]:HTTP Server Started on Port: 8077
ERPImporta.exe: 00003AEC: 09:30:50 [HandleFileRequest[127.0.0.1]]:File not found: C:\Projetos_WEB\ERP_Importa\files\images\fundo8.jpg
ERPImporta.exe: 000029A8: 09:31:12 []:>--------------------------------------------------------------<
ERPImporta.exe: 000029A8: 09:31:12 [TUniServerModule]:Server First Init.
ERPImporta.exe: 000029A8: 09:31:12 [TUniServerModule]:Start Path = C:\Projetos_WEB\ERP_Importa\
ERPImporta.exe: 000029A8: 09:31:12 [TUniServerModule]:Debug Mode = ON
ERPImporta.exe: 000029A8: 09:31:13 [TUniServerModule]:Starting HTTP Server on Port: 8077...
ERPImporta.exe: 000029A8: 09:31:13 [TUniServerModule]:HTTP Server Started on Port: 8077
ERPImporta.exe: 00000BF4: 09:31:21 [HandleFileRequest[127.0.0.1]]:File not found: C:\Projetos_WEB\ERP_Importa\files\images\fundo8.jpg
ERPImporta.exe: 00000A2C: 09:32:05 []:>--------------------------------------------------------------<
ERPImporta.exe: 00000A2C: 09:32:05 [TUniServerModule]:Server First Init.
ERPImporta.exe: 00000A2C: 09:32:05 [TUniServerModule]:Start Path = C:\Projetos_WEB\ERP_Importa\
ERPImporta.exe: 00000A2C: 09:32:05 [TUniServerModule]:Debug Mode = ON
ERPImporta.exe: 00000A2C: 09:32:05 [TUniServerModule]:Starting HTTP Server on Port: 8077...
ERPImporta.exe: 00000A2C: 09:32:05 [TUniServerModule]:HTTP Server Started on Port: 8077
ERPImporta.exe: 00001EAC: 09:32:14 [HandleFileRequest[127.0.0.1]]:File not found: C:\Projetos_WEB\ERP_Importa\files\images\fundo8.jpg
ERPImporta.exe: 00001458: 09:32:53 []:>--------------------------------------------------------------<
ERPImporta.exe: 00001458: 09:32:53 [TUniServerModule]:Server First Init.
ERPImporta.exe: 00001458: 09:32:53 [TUniServerModule]:Start Path = C:\Projetos_WEB\ERP_Importa\
ERPImporta.exe: 00001458: 09:32:53 [TUniServerModule]:Debug Mode = ON
ERPImporta.exe: 00001458: 09:32:53 [TUniServerModule]:Starting HTTP Server on Port: 8077...
ERPImporta.exe: 00001458: 09:32:53 [TUniServerModule]:HTTP Server Started on Port: 8077
ERPImporta.exe: 00003A24: 09:33:02 [HandleFileRequest[127.0.0.1]]:File not found: C:\Projetos_WEB\ERP_Importa\files\images\fundo8.jpg
