ERPImporta.exe: 00003140: 08:53:13 []:>--------------------------------------------------------------<
ERPImporta.exe: 00003140: 08:53:13 [TUniServerModule]:Server First Init.
ERPImporta.exe: 00003140: 08:53:13 [TUniServerModule]:Start Path = D:\Projetos_WEB\ERP_Importa\
ERPImporta.exe: 00003140: 08:53:13 [TUniServerModule]:Debug Mode = ON
ERPImporta.exe: 00003140: 08:53:14 [TUniServerModule]:Starting HTTP Server on Port: 8077...
ERPImporta.exe: 00003140: 08:53:14 [TUniServerModule]:HTTP Server Started on Port: 8077
ERPImporta.exe: 0000162C: 09:03:32 []:>--------------------------------------------------------------<
ERPImporta.exe: 0000162C: 09:03:32 [TUniServerModule]:Server First Init.
ERPImporta.exe: 0000162C: 09:03:32 [TUniServerModule]:Start Path = D:\Projetos_WEB\ERP_Importa\
ERPImporta.exe: 0000162C: 09:03:32 [TUniServerModule]:Debug Mode = ON
ERPImporta.exe: 0000162C: 09:03:32 [TUniGUISessionManager]:Cache erase job created, Folder count: [1]
ERPImporta.exe: 0000162C: 09:03:33 [TUniServerModule]:Starting HTTP Server on Port: 8077...
ERPImporta.exe: 0000162C: 09:03:33 [TUniServerModule]:HTTP Server Started on Port: 8077
ERPImporta.exe: 00003260: 09:53:48 []:>--------------------------------------------------------------<
ERPImporta.exe: 00003260: 09:53:48 [TUniServerModule]:Server First Init.
ERPImporta.exe: 00003260: 09:53:48 [TUniServerModule]:Start Path = D:\Projetos_WEB\ERP_Importa\
ERPImporta.exe: 00003260: 09:53:48 [TUniServerModule]:Debug Mode = ON
ERPImporta.exe: 00003260: 09:53:49 [TUniServerModule]:Starting HTTP Server on Port: 8077...
ERPImporta.exe: 00003260: 09:53:49 [TUniServerModule]:HTTP Server Started on Port: 8077
ERPImporta.exe: 00004754: 09:55:20 []:>--------------------------------------------------------------<
ERPImporta.exe: 00004754: 09:55:20 [TUniServerModule]:Server First Init.
ERPImporta.exe: 00004754: 09:55:20 [TUniServerModule]:Start Path = D:\Projetos_WEB\ERP_Importa\
ERPImporta.exe: 00004754: 09:55:20 [TUniServerModule]:Starting HTTP Server on Port: 8077...
ERPImporta.exe: 00004754: 09:55:20 [TUniServerModule]:HTTP Server Started on Port: 8077
ERPImporta.exe: 00002628: 10:40:42 []:>--------------------------------------------------------------<
ERPImporta.exe: 00002628: 10:40:42 [TUniServerModule]:Server First Init.
ERPImporta.exe: 00002628: 10:40:42 [TUniServerModule]:Start Path = D:\Projetos_WEB\ERP_Importa\
ERPImporta.exe: 00002628: 10:40:42 [TUniServerModule]:Debug Mode = ON
ERPImporta.exe: 00002628: 10:40:43 [TUniServerModule]:Starting HTTP Server on Port: 8077...
ERPImporta.exe: 00002628: 10:40:43 [TUniServerModule]:HTTP Server Started on Port: 8077
ERPImporta.exe: 000026F4: 10:44:55 []:>--------------------------------------------------------------<
ERPImporta.exe: 000026F4: 10:44:55 [TUniServerModule]:Server First Init.
ERPImporta.exe: 000026F4: 10:44:55 [TUniServerModule]:Start Path = D:\Projetos_WEB\ERP_Importa\
ERPImporta.exe: 000026F4: 10:44:55 [TUniServerModule]:Debug Mode = ON
ERPImporta.exe: 000026F4: 10:44:55 [TUniGUISessionManager]:Cache erase job created, Folder count: [1]
ERPImporta.exe: 000026F4: 10:44:55 [TUniServerModule]:Starting HTTP Server on Port: 8077...
ERPImporta.exe: 000026F4: 10:44:55 [TUniServerModule]:HTTP Server Started on Port: 8077
ERPImporta.exe: 00005010: 10:50:01 []:>--------------------------------------------------------------<
ERPImporta.exe: 00005010: 10:50:01 [TUniServerModule]:Server First Init.
ERPImporta.exe: 00005010: 10:50:01 [TUniServerModule]:Start Path = D:\Projetos_WEB\ERP_Importa\
ERPImporta.exe: 00005010: 10:50:01 [TUniServerModule]:Debug Mode = ON
ERPImporta.exe: 00005010: 10:50:01 [TUniGUISessionManager]:Cache erase job created, Folder count: [1]
ERPImporta.exe: 00005010: 10:50:01 [TUniServerModule]:Starting HTTP Server on Port: 8077...
ERPImporta.exe: 00005010: 10:50:01 [TUniServerModule]:HTTP Server Started on Port: 8077
ERPImporta.exe: 00001A04: 10:51:46 []:>--------------------------------------------------------------<
ERPImporta.exe: 00001A04: 10:51:46 [TUniServerModule]:Server First Init.
ERPImporta.exe: 00001A04: 10:51:46 [TUniServerModule]:Start Path = D:\Projetos_WEB\ERP_Importa\
ERPImporta.exe: 00001A04: 10:51:46 [TUniServerModule]:Debug Mode = ON
ERPImporta.exe: 00001A04: 10:51:46 [TUniGUISessionManager]:Cache erase job created, Folder count: [1]
ERPImporta.exe: 00001A04: 10:51:46 [TUniServerModule]:Starting HTTP Server on Port: 8077...
ERPImporta.exe: 00001A04: 10:51:46 [TUniServerModule]:HTTP Server Started on Port: 8077
ERPImporta.exe: 00000DB8: 10:59:04 []:>--------------------------------------------------------------<
ERPImporta.exe: 00000DB8: 10:59:04 [TUniServerModule]:Server First Init.
ERPImporta.exe: 00000DB8: 10:59:04 [TUniServerModule]:Start Path = D:\Projetos_WEB\ERP_Importa\
ERPImporta.exe: 00000DB8: 10:59:04 [TUniServerModule]:Debug Mode = ON
ERPImporta.exe: 00000DB8: 10:59:04 [TUniGUISessionManager]:Cache erase job created, Folder count: [1]
ERPImporta.exe: 00000DB8: 10:59:05 [TUniServerModule]:Starting HTTP Server on Port: 8077...
ERPImporta.exe: 00000DB8: 10:59:05 [TUniServerModule]:HTTP Server Started on Port: 8077
ERPImporta.exe: 00003310: 11:00:31 []:>--------------------------------------------------------------<
ERPImporta.exe: 00003310: 11:00:31 [TUniServerModule]:Server First Init.
ERPImporta.exe: 00003310: 11:00:31 [TUniServerModule]:Start Path = D:\Projetos_WEB\ERP_Importa\
ERPImporta.exe: 00003310: 11:00:31 [TUniServerModule]:Debug Mode = ON
ERPImporta.exe: 00003310: 11:00:31 [TUniGUISessionManager]:Cache erase job created, Folder count: [1]
ERPImporta.exe: 00003310: 11:00:31 [TUniServerModule]:Starting HTTP Server on Port: 8077...
ERPImporta.exe: 00003310: 11:00:31 [TUniServerModule]:HTTP Server Started on Port: 8077
ERPImporta.exe: 000025C4: 11:00:55 [Produtos: Field 'Reducao_COFINS' not found-127.0.0.1]:EDatabaseError : Produtos: Field 'Reducao_COFINS' not found : Addr: $00657A82
ERPImporta.exe: 00001C8C: 11:01:17 []:>--------------------------------------------------------------<
ERPImporta.exe: 00001C8C: 11:01:17 [TUniServerModule]:Server First Init.
ERPImporta.exe: 00001C8C: 11:01:17 [TUniServerModule]:Start Path = D:\Projetos_WEB\ERP_Importa\
ERPImporta.exe: 00001C8C: 11:01:17 [TUniServerModule]:Debug Mode = ON
ERPImporta.exe: 00001C8C: 11:01:17 [TUniGUISessionManager]:Cache erase job created, Folder count: [1]
ERPImporta.exe: 00001C8C: 11:01:17 [TUniServerModule]:Starting HTTP Server on Port: 8077...
ERPImporta.exe: 00001C8C: 11:01:17 [TUniServerModule]:HTTP Server Started on Port: 8077
ERPImporta.exe: 00003090: 11:04:49 []:>--------------------------------------------------------------<
ERPImporta.exe: 00003090: 11:04:49 [TUniServerModule]:Server First Init.
ERPImporta.exe: 00003090: 11:04:49 [TUniServerModule]:Start Path = D:\Projetos_WEB\ERP_Importa\
ERPImporta.exe: 00003090: 11:04:49 [TUniServerModule]:Debug Mode = ON
ERPImporta.exe: 00003090: 11:04:50 [TUniServerModule]:Starting HTTP Server on Port: 8077...
ERPImporta.exe: 00003090: 11:04:50 [TUniServerModule]:HTTP Server Started on Port: 8077
ERPImporta.exe: 000052B8: 11:10:07 []:>--------------------------------------------------------------<
ERPImporta.exe: 000052B8: 11:10:07 [TUniServerModule]:Server First Init.
ERPImporta.exe: 000052B8: 11:10:07 [TUniServerModule]:Start Path = D:\Projetos_WEB\ERP_Importa\
ERPImporta.exe: 000052B8: 11:10:07 [TUniServerModule]:Debug Mode = ON
ERPImporta.exe: 000052B8: 11:10:07 [TUniGUISessionManager]:Cache erase job created, Folder count: [1]
ERPImporta.exe: 000052B8: 11:10:07 [TUniServerModule]:Starting HTTP Server on Port: 8077...
ERPImporta.exe: 000052B8: 11:10:08 [TUniServerModule]:HTTP Server Started on Port: 8077
ERPImporta.exe: 00003564: 11:26:14 []:>--------------------------------------------------------------<
ERPImporta.exe: 00003564: 11:26:14 [TUniServerModule]:Server First Init.
ERPImporta.exe: 00003564: 11:26:14 [TUniServerModule]:Start Path = D:\Projetos_WEB\ERP_Importa\
ERPImporta.exe: 00003564: 11:26:14 [TUniServerModule]:Debug Mode = ON
ERPImporta.exe: 00003564: 11:26:14 [TUniServerModule]:Starting HTTP Server on Port: 8077...
ERPImporta.exe: 00003564: 11:26:14 [TUniServerModule]:HTTP Server Started on Port: 8077
ERPImporta.exe: 00004D18: 11:26:33 [[FireDAC][Phys][ODBC][Microsoft][SQL Server Native Client 11.0][SQL Server]Invalid object name 'FormaPagamento'.-127.0.0.1]:EMSSQLNativeException : [FireDAC][Phys][ODBC][Microsoft][SQL Server Native Client 11.0][SQL Server]Invalid object name 'FormaPagamento'. : Addr: $008E1CBD
ERPImporta.exe: 000025E0: 11:26:37 [HandleFileRequest[127.0.0.1]]:File not found: D:\Projetos_WEB\ERP_Importa\files\images\fundo8.jpg
ERPImporta.exe: 000030B0: 11:26:59 []:>--------------------------------------------------------------<
ERPImporta.exe: 000030B0: 11:26:59 [TUniServerModule]:Server First Init.
ERPImporta.exe: 000030B0: 11:26:59 [TUniServerModule]:Start Path = D:\Projetos_WEB\ERP_Importa\
ERPImporta.exe: 000030B0: 11:26:59 [TUniServerModule]:Debug Mode = ON
ERPImporta.exe: 000030B0: 11:27:00 [TUniServerModule]:Starting HTTP Server on Port: 8077...
ERPImporta.exe: 000030B0: 11:27:00 [TUniServerModule]:HTTP Server Started on Port: 8077
ERPImporta.exe: 000004A8: 11:34:23 []:>--------------------------------------------------------------<
ERPImporta.exe: 000004A8: 11:34:23 [TUniServerModule]:Server First Init.
ERPImporta.exe: 000004A8: 11:34:23 [TUniServerModule]:Start Path = D:\Projetos_WEB\ERP_Importa\
ERPImporta.exe: 000004A8: 11:34:23 [TUniServerModule]:Debug Mode = ON
ERPImporta.exe: 000004A8: 11:34:24 [TUniServerModule]:Starting HTTP Server on Port: 8077...
ERPImporta.exe: 000004A8: 11:34:24 [TUniServerModule]:HTTP Server Started on Port: 8077
ERPImporta.exe: 000023BC: 11:36:08 []:>--------------------------------------------------------------<
ERPImporta.exe: 000023BC: 11:36:08 [TUniServerModule]:Server First Init.
ERPImporta.exe: 000023BC: 11:36:08 [TUniServerModule]:Start Path = D:\Projetos_WEB\ERP_Importa\
ERPImporta.exe: 000023BC: 11:36:08 [TUniServerModule]:Debug Mode = ON
ERPImporta.exe: 000023BC: 11:36:08 [TUniGUISessionManager]:Cache erase job created, Folder count: [1]
ERPImporta.exe: 000023BC: 11:36:09 [TUniServerModule]:Starting HTTP Server on Port: 8077...
ERPImporta.exe: 000023BC: 11:36:09 [TUniServerModule]:HTTP Server Started on Port: 8077
ERPImporta.exe: 00002128: 12:07:36 []:>--------------------------------------------------------------<
ERPImporta.exe: 00002128: 12:07:36 [TUniServerModule]:Server First Init.
ERPImporta.exe: 00002128: 12:07:36 [TUniServerModule]:Start Path = D:\Projetos_WEB\ERP_Importa\
ERPImporta.exe: 00002128: 12:07:36 [TUniServerModule]:Debug Mode = ON
ERPImporta.exe: 00002128: 12:07:36 [TUniServerModule]:Starting HTTP Server on Port: 8077...
ERPImporta.exe: 00002128: 12:07:36 [TUniServerModule]:HTTP Server Started on Port: 8077
ERPImporta.exe: 00003DF4: 12:09:53 []:>--------------------------------------------------------------<
ERPImporta.exe: 00003DF4: 12:09:53 [TUniServerModule]:Server First Init.
ERPImporta.exe: 00003DF4: 12:09:53 [TUniServerModule]:Start Path = D:\Projetos_WEB\ERP_Importa\
ERPImporta.exe: 00003DF4: 12:09:53 [TUniServerModule]:Debug Mode = ON
ERPImporta.exe: 00003DF4: 12:09:53 [TUniGUISessionManager]:Cache erase job created, Folder count: [1]
ERPImporta.exe: 00003DF4: 12:09:53 [TUniServerModule]:Starting HTTP Server on Port: 8077...
ERPImporta.exe: 00003DF4: 12:09:53 [TUniServerModule]:HTTP Server Started on Port: 8077
ERPImporta.exe: 000027B0: 12:13:11 []:>--------------------------------------------------------------<
ERPImporta.exe: 000027B0: 12:13:11 [TUniServerModule]:Server First Init.
ERPImporta.exe: 000027B0: 12:13:11 [TUniServerModule]:Start Path = D:\Projetos_WEB\ERP_Importa\
ERPImporta.exe: 000027B0: 12:13:11 [TUniServerModule]:Debug Mode = ON
ERPImporta.exe: 000027B0: 12:13:11 [TUniGUISessionManager]:Cache erase job created, Folder count: [1]
ERPImporta.exe: 000027B0: 12:13:11 [TUniServerModule]:Starting HTTP Server on Port: 8077...
ERPImporta.exe: 000027B0: 12:13:11 [TUniServerModule]:HTTP Server Started on Port: 8077
ERPImporta.exe: 00004CE0: 12:18:13 []:>--------------------------------------------------------------<
ERPImporta.exe: 00004CE0: 12:18:13 [TUniServerModule]:Server First Init.
ERPImporta.exe: 00004CE0: 12:18:13 [TUniServerModule]:Start Path = D:\Projetos_WEB\ERP_Importa\
ERPImporta.exe: 00004CE0: 12:18:13 [TUniServerModule]:Debug Mode = ON
ERPImporta.exe: 00004CE0: 12:18:13 [TUniGUISessionManager]:Cache erase job created, Folder count: [1]
ERPImporta.exe: 00004CE0: 12:18:13 [TUniServerModule]:Starting HTTP Server on Port: 8077...
ERPImporta.exe: 00004CE0: 12:18:13 [TUniServerModule]:HTTP Server Started on Port: 8077
ERPImporta.exe: 0000319C: 15:35:20 []:>--------------------------------------------------------------<
ERPImporta.exe: 0000319C: 15:35:20 [TUniServerModule]:Server First Init.
ERPImporta.exe: 0000319C: 15:35:20 [TUniServerModule]:Start Path = D:\Projetos_WEB\ERP_Importa\
ERPImporta.exe: 0000319C: 15:35:20 [TUniServerModule]:Debug Mode = ON
ERPImporta.exe: 0000319C: 15:35:20 [TUniServerModule]:Starting HTTP Server on Port: 8077...
ERPImporta.exe: 0000319C: 15:35:20 [TUniServerModule]:HTTP Server Started on Port: 8077
ERPImporta.exe: 00003C50: 15:39:16 []:>--------------------------------------------------------------<
ERPImporta.exe: 00003C50: 15:39:16 [TUniServerModule]:Server First Init.
ERPImporta.exe: 00003C50: 15:39:16 [TUniServerModule]:Start Path = D:\Projetos_WEB\ERP_Importa\
ERPImporta.exe: 00003C50: 15:39:16 [TUniServerModule]:Debug Mode = ON
ERPImporta.exe: 00003C50: 15:39:16 [TUniServerModule]:Starting HTTP Server on Port: 8077...
ERPImporta.exe: 00003C50: 15:39:16 [TUniServerModule]:HTTP Server Started on Port: 8077
ERPImporta.exe: 0000221C: 15:40:15 []:>--------------------------------------------------------------<
ERPImporta.exe: 0000221C: 15:40:15 [TUniServerModule]:Server First Init.
ERPImporta.exe: 0000221C: 15:40:15 [TUniServerModule]:Start Path = D:\Projetos_WEB\ERP_Importa\
ERPImporta.exe: 0000221C: 15:40:15 [TUniServerModule]:Debug Mode = ON
ERPImporta.exe: 0000221C: 15:40:15 [TUniGUISessionManager]:Cache erase job created, Folder count: [1]
ERPImporta.exe: 0000221C: 15:40:15 [TUniServerModule]:Starting HTTP Server on Port: 8077...
ERPImporta.exe: 0000221C: 15:40:15 [TUniServerModule]:HTTP Server Started on Port: 8077
ERPImporta.exe: 00003680: 15:41:30 []:>--------------------------------------------------------------<
ERPImporta.exe: 00003680: 15:41:30 [TUniServerModule]:Server First Init.
ERPImporta.exe: 00003680: 15:41:30 [TUniServerModule]:Start Path = D:\Projetos_WEB\ERP_Importa\
ERPImporta.exe: 00003680: 15:41:30 [TUniServerModule]:Debug Mode = ON
ERPImporta.exe: 00003680: 15:41:30 [TUniGUISessionManager]:Cache erase job created, Folder count: [1]
ERPImporta.exe: 00003680: 15:41:30 [TUniServerModule]:Starting HTTP Server on Port: 8077...
ERPImporta.exe: 00003680: 15:41:30 [TUniServerModule]:HTTP Server Started on Port: 8077
ERPImporta.exe: 00002750: 16:09:06 []:>--------------------------------------------------------------<
ERPImporta.exe: 00002750: 16:09:06 [TUniServerModule]:Server First Init.
ERPImporta.exe: 00002750: 16:09:06 [TUniServerModule]:Start Path = D:\Projetos_WEB\ERP_Importa\
ERPImporta.exe: 00002750: 16:09:06 [TUniServerModule]:Debug Mode = ON
ERPImporta.exe: 00002750: 16:09:06 [TUniGUISessionManager]:Cache erase job created, Folder count: [1]
ERPImporta.exe: 00002750: 16:09:06 [TUniServerModule]:Starting HTTP Server on Port: 8077...
ERPImporta.exe: 00002750: 16:09:06 [TUniServerModule]:HTTP Server Started on Port: 8077
ERPImporta.exe: 0000094C: 16:09:30 [127.0.0.1]:EDatabaseError : OpFiscal: Field 'Isencao_IPI' not found : Addr: $00657A82
ERPImporta.exe: 000044F0: 16:10:08 []:>--------------------------------------------------------------<
ERPImporta.exe: 000044F0: 16:10:08 [TUniServerModule]:Server First Init.
ERPImporta.exe: 000044F0: 16:10:08 [TUniServerModule]:Start Path = D:\Projetos_WEB\ERP_Importa\
ERPImporta.exe: 000044F0: 16:10:08 [TUniServerModule]:Debug Mode = ON
ERPImporta.exe: 000044F0: 16:10:08 [TUniGUISessionManager]:Cache erase job created, Folder count: [1]
ERPImporta.exe: 000044F0: 16:10:08 [TUniServerModule]:Starting HTTP Server on Port: 8077...
ERPImporta.exe: 000044F0: 16:10:09 [TUniServerModule]:HTTP Server Started on Port: 8077
ERPImporta.exe: 00003A30: 16:10:14 [[FireDAC][Phys][ODBC][Microsoft][SQL Server Native Client 11.0][SQL Server]Invalid column name 'Insencao_IPI'.-127.0.0.1]:EMSSQLNativeException : [FireDAC][Phys][ODBC][Microsoft][SQL Server Native Client 11.0][SQL Server]Invalid column name 'Insencao_IPI'. : Addr: $008E1CBD
ERPImporta.exe: 00002284: 16:12:06 []:>--------------------------------------------------------------<
ERPImporta.exe: 00002284: 16:12:06 [TUniServerModule]:Server First Init.
ERPImporta.exe: 00002284: 16:12:06 [TUniServerModule]:Start Path = D:\Projetos_WEB\ERP_Importa\
ERPImporta.exe: 00002284: 16:12:06 [TUniServerModule]:Debug Mode = ON
ERPImporta.exe: 00002284: 16:12:06 [TUniServerModule]:Starting HTTP Server on Port: 8077...
ERPImporta.exe: 00002284: 16:12:06 [TUniServerModule]:HTTP Server Started on Port: 8077
ERPImporta.exe: 000009CC: 16:12:22 [127.0.0.1]:EDatabaseError : OpFiscal: Field 'Isencao_IPI' not found : Addr: $00657A82
ERPImporta.exe: 00004D6C: 16:13:43 []:>--------------------------------------------------------------<
ERPImporta.exe: 00004D6C: 16:13:43 [TUniServerModule]:Server First Init.
ERPImporta.exe: 00004D6C: 16:13:43 [TUniServerModule]:Start Path = D:\Projetos_WEB\ERP_Importa\
ERPImporta.exe: 00004D6C: 16:13:43 [TUniServerModule]:Debug Mode = ON
ERPImporta.exe: 00004D6C: 16:13:43 [TUniGUISessionManager]:Cache erase job created, Folder count: [1]
ERPImporta.exe: 00004D6C: 16:13:43 [TUniServerModule]:Starting HTTP Server on Port: 8077...
ERPImporta.exe: 00004D6C: 16:13:43 [TUniServerModule]:HTTP Server Started on Port: 8077
ERPImporta.exe: 00003EDC: 16:20:10 []:>--------------------------------------------------------------<
ERPImporta.exe: 00003EDC: 16:20:10 [TUniServerModule]:Server First Init.
ERPImporta.exe: 00003EDC: 16:20:10 [TUniServerModule]:Start Path = D:\Projetos_WEB\ERP_Importa\
ERPImporta.exe: 00003EDC: 16:20:10 [TUniServerModule]:Debug Mode = ON
ERPImporta.exe: 00003EDC: 16:20:10 [TUniServerModule]:Starting HTTP Server on Port: 8077...
ERPImporta.exe: 00003EDC: 16:20:10 [TUniServerModule]:HTTP Server Started on Port: 8077
ERPImporta.exe: 000016D4: 16:21:19 []:>--------------------------------------------------------------<
ERPImporta.exe: 000016D4: 16:21:19 [TUniServerModule]:Server First Init.
ERPImporta.exe: 000016D4: 16:21:19 [TUniServerModule]:Start Path = D:\Projetos_WEB\ERP_Importa\
ERPImporta.exe: 000016D4: 16:21:19 [TUniServerModule]:Debug Mode = ON
ERPImporta.exe: 000016D4: 16:21:19 [TUniGUISessionManager]:Cache erase job created, Folder count: [1]
ERPImporta.exe: 000016D4: 16:21:19 [TUniServerModule]:Starting HTTP Server on Port: 8077...
ERPImporta.exe: 000016D4: 16:21:19 [TUniServerModule]:HTTP Server Started on Port: 8077
ERPImporta.exe: 00001228: 16:44:46 []:>--------------------------------------------------------------<
ERPImporta.exe: 00001228: 16:44:46 [TUniServerModule]:Server First Init.
ERPImporta.exe: 00001228: 16:44:46 [TUniServerModule]:Start Path = D:\Projetos_WEB\ERP_Importa\
ERPImporta.exe: 00001228: 16:44:46 [TUniServerModule]:Debug Mode = ON
ERPImporta.exe: 00001228: 16:44:46 [TUniGUISessionManager]:Cache erase job created, Folder count: [1]
ERPImporta.exe: 00001228: 16:44:46 [TUniServerModule]:Starting HTTP Server on Port: 8077...
ERPImporta.exe: 00001228: 16:44:46 [TUniServerModule]:HTTP Server Started on Port: 8077
ERPImporta.exe: 0000279C: 16:45:04 [127.0.0.1]:EDatabaseError : Config: Field 'PIS_AliquotaBasicaSaida' not found : Addr: $00657A82
ERPImporta.exe: 00004F30: 16:46:38 []:>--------------------------------------------------------------<
ERPImporta.exe: 00004F30: 16:46:38 [TUniServerModule]:Server First Init.
ERPImporta.exe: 00004F30: 16:46:38 [TUniServerModule]:Start Path = D:\Projetos_WEB\ERP_Importa\
ERPImporta.exe: 00004F30: 16:46:38 [TUniServerModule]:Debug Mode = ON
ERPImporta.exe: 00004F30: 16:46:39 [TUniServerModule]:Starting HTTP Server on Port: 8077...
ERPImporta.exe: 00004F30: 16:46:39 [TUniServerModule]:HTTP Server Started on Port: 8077
ERPImporta.exe: 000044A8: 16:46:46 [[FireDAC][Phys][ODBC][Microsoft][SQL Server Native Client 11.0][SQL Server]Invalid column name 'PIS_AliquotaBasicaSaida'.-127.0.0.1]:EMSSQLNativeException : [FireDAC][Phys][ODBC][Microsoft][SQL Server Native Client 11.0][SQL Server]Invalid column name 'PIS_AliquotaBasicaSaida'. : Addr: $008E1CBD
ERPImporta.exe: 000044A8: 16:46:55 [[FireDAC][Phys][ODBC][Microsoft][SQL Server Native Client 11.0][SQL Server]Invalid column name 'PIS_AliquotaBasicaSaida'.-127.0.0.1]:EMSSQLNativeException : [FireDAC][Phys][ODBC][Microsoft][SQL Server Native Client 11.0][SQL Server]Invalid column name 'PIS_AliquotaBasicaSaida'. : Addr: $008E1CBD
ERPImporta.exe: 000027FC: 16:48:47 []:>--------------------------------------------------------------<
ERPImporta.exe: 000027FC: 16:48:47 [TUniServerModule]:Server First Init.
ERPImporta.exe: 000027FC: 16:48:47 [TUniServerModule]:Start Path = D:\Projetos_WEB\ERP_Importa\
ERPImporta.exe: 000027FC: 16:48:47 [TUniServerModule]:Debug Mode = ON
ERPImporta.exe: 000027FC: 16:48:47 [TUniGUISessionManager]:Cache erase job created, Folder count: [1]
ERPImporta.exe: 000027FC: 16:48:47 [TUniServerModule]:Starting HTTP Server on Port: 8077...
ERPImporta.exe: 000027FC: 16:48:47 [TUniServerModule]:HTTP Server Started on Port: 8077
ERPImporta.exe: 000022C8: 16:48:57 [[FireDAC][Phys][ODBC][Microsoft][SQL Server Native Client 11.0][SQL Server]Invalid object name 'TipoNota'.-127.0.0.1]:EMSSQLNativeException : [FireDAC][Phys][ODBC][Microsoft][SQL Server Native Client 11.0][SQL Server]Invalid object name 'TipoNota'. : Addr: $008E1CBD
ERPImporta.exe: 00000934: 17:03:56 []:>--------------------------------------------------------------<
ERPImporta.exe: 00000934: 17:03:56 [TUniServerModule]:Server First Init.
ERPImporta.exe: 00000934: 17:03:56 [TUniServerModule]:Start Path = D:\Projetos_WEB\ERP_Importa\
ERPImporta.exe: 00000934: 17:03:56 [TUniServerModule]:Debug Mode = ON
ERPImporta.exe: 00000934: 17:03:56 [TUniServerModule]:Starting HTTP Server on Port: 8077...
ERPImporta.exe: 00000934: 17:03:56 [TUniServerModule]:HTTP Server Started on Port: 8077
ERPImporta.exe: 00001954: 17:04:58 [127.0.0.1]:Exception : Blocking method ShowMessage() can not be called here. : Addr: $007A00A2
ERPImporta.exe: 0000360C: 17:07:25 []:>--------------------------------------------------------------<
ERPImporta.exe: 0000360C: 17:07:25 [TUniServerModule]:Server First Init.
ERPImporta.exe: 0000360C: 17:07:25 [TUniServerModule]:Start Path = D:\Projetos_WEB\ERP_Importa\
ERPImporta.exe: 0000360C: 17:07:25 [TUniServerModule]:Debug Mode = ON
ERPImporta.exe: 0000360C: 17:07:25 [TUniGUISessionManager]:Cache erase job created, Folder count: [1]
ERPImporta.exe: 0000360C: 17:07:26 [TUniServerModule]:Starting HTTP Server on Port: 8077...
ERPImporta.exe: 0000360C: 17:07:26 [TUniServerModule]:HTTP Server Started on Port: 8077
ERPImporta.exe: 00000DC4: 17:09:27 []:>--------------------------------------------------------------<
ERPImporta.exe: 00000DC4: 17:09:27 [TUniServerModule]:Server First Init.
ERPImporta.exe: 00000DC4: 17:09:27 [TUniServerModule]:Start Path = D:\Projetos_WEB\ERP_Importa\
ERPImporta.exe: 00000DC4: 17:09:27 [TUniServerModule]:Debug Mode = ON
ERPImporta.exe: 00000DC4: 17:09:27 [TUniGUISessionManager]:Cache erase job created, Folder count: [1]
ERPImporta.exe: 00000DC4: 17:09:27 [TUniServerModule]:Starting HTTP Server on Port: 8077...
ERPImporta.exe: 00000DC4: 17:09:27 [TUniServerModule]:HTTP Server Started on Port: 8077
ERPImporta.exe: 00003174: 17:12:29 []:>--------------------------------------------------------------<
ERPImporta.exe: 00003174: 17:12:29 [TUniServerModule]:Server First Init.
ERPImporta.exe: 00003174: 17:12:29 [TUniServerModule]:Start Path = D:\Projetos_WEB\ERP_Importa\
ERPImporta.exe: 00003174: 17:12:29 [TUniServerModule]:Debug Mode = ON
ERPImporta.exe: 00003174: 17:12:29 [TUniGUISessionManager]:Cache erase job created, Folder count: [1]
ERPImporta.exe: 00003174: 17:12:29 [TUniServerModule]:Starting HTTP Server on Port: 8077...
ERPImporta.exe: 00003174: 17:12:29 [TUniServerModule]:HTTP Server Started on Port: 8077
ERPImporta.exe: 00005374: 17:12:56 [[FireDAC][Phys][ODBC][Microsoft][SQL Server Native Client 11.0][SQL Server]Invalid column name 'PIS_AliquotaBasicaSaida'.-127.0.0.1]:EMSSQLNativeException : [FireDAC][Phys][ODBC][Microsoft][SQL Server Native Client 11.0][SQL Server]Invalid column name 'PIS_AliquotaBasicaSaida'. : Addr: $008E1CBD
ERPImporta.exe: 00005374: 17:13:32 [127.0.0.1]:Exception : Blocking method ShowMessage() can not be called here. : Addr: $007A00A2
ERPImporta.exe: 00003088: 17:14:28 []:>--------------------------------------------------------------<
ERPImporta.exe: 00003088: 17:14:28 [TUniServerModule]:Server First Init.
ERPImporta.exe: 00003088: 17:14:28 [TUniServerModule]:Start Path = D:\Projetos_WEB\ERP_Importa\
ERPImporta.exe: 00003088: 17:14:28 [TUniServerModule]:Debug Mode = ON
ERPImporta.exe: 00003088: 17:14:28 [TUniServerModule]:Starting HTTP Server on Port: 8077...
ERPImporta.exe: 00003088: 17:14:28 [TUniServerModule]:HTTP Server Started on Port: 8077
ERPImporta.exe: 00004F30: 17:14:37 [[FireDAC][Phys][ODBC][Microsoft][SQL Server Native Client 11.0][SQL Server]Invalid column name 'Tipo_Desc'.-127.0.0.1]:EMSSQLNativeException : [FireDAC][Phys][ODBC][Microsoft][SQL Server Native Client 11.0][SQL Server]Invalid column name 'Tipo_Desc'. : Addr: $008E1CBD
ERPImporta.exe: 000033CC: 17:15:32 []:>--------------------------------------------------------------<
ERPImporta.exe: 000033CC: 17:15:32 [TUniServerModule]:Server First Init.
ERPImporta.exe: 000033CC: 17:15:32 [TUniServerModule]:Start Path = D:\Projetos_WEB\ERP_Importa\
ERPImporta.exe: 000033CC: 17:15:32 [TUniServerModule]:Debug Mode = ON
ERPImporta.exe: 000033CC: 17:15:32 [TUniGUISessionManager]:Cache erase job created, Folder count: [1]
ERPImporta.exe: 000033CC: 17:15:33 [TUniServerModule]:Starting HTTP Server on Port: 8077...
ERPImporta.exe: 000033CC: 17:15:33 [TUniServerModule]:HTTP Server Started on Port: 8077
ERPImporta.exe: 00001C78: 17:15:46 [[FireDAC][Phys][ODBC][Microsoft][SQL Server Native Client 11.0][SQL Server]Invalid column name 'Tipo_Desc'.-127.0.0.1]:EMSSQLNativeException : [FireDAC][Phys][ODBC][Microsoft][SQL Server Native Client 11.0][SQL Server]Invalid column name 'Tipo_Desc'. : Addr: $008E1CBD
ERPImporta.exe: 000049C4: 17:16:29 []:>--------------------------------------------------------------<
ERPImporta.exe: 000049C4: 17:16:29 [TUniServerModule]:Server First Init.
ERPImporta.exe: 000049C4: 17:16:29 [TUniServerModule]:Start Path = D:\Projetos_WEB\ERP_Importa\
ERPImporta.exe: 000049C4: 17:16:29 [TUniServerModule]:Debug Mode = ON
ERPImporta.exe: 000049C4: 17:16:29 [TUniServerModule]:Starting HTTP Server on Port: 8077...
ERPImporta.exe: 000049C4: 17:16:29 [TUniServerModule]:HTTP Server Started on Port: 8077
ERPImporta.exe: 00004A98: 17:17:13 [127.0.0.1]:Exception : Blocking method ShowMessage() can not be called here. : Addr: $007A00A2
ERPImporta.exe: 00005230: 17:20:44 []:>--------------------------------------------------------------<
ERPImporta.exe: 00005230: 17:20:44 [TUniServerModule]:Server First Init.
ERPImporta.exe: 00005230: 17:20:44 [TUniServerModule]:Start Path = D:\Projetos_WEB\ERP_Importa\
ERPImporta.exe: 00005230: 17:20:44 [TUniServerModule]:Debug Mode = ON
ERPImporta.exe: 00005230: 17:20:44 [TUniServerModule]:Starting HTTP Server on Port: 8077...
ERPImporta.exe: 00005230: 17:20:44 [TUniServerModule]:HTTP Server Started on Port: 8077
ERPImporta.exe: 000026B8: 17:23:19 []:>--------------------------------------------------------------<
ERPImporta.exe: 000026B8: 17:23:19 [TUniServerModule]:Server First Init.
ERPImporta.exe: 000026B8: 17:23:19 [TUniServerModule]:Start Path = D:\Projetos_WEB\ERP_Importa\
ERPImporta.exe: 000026B8: 17:23:19 [TUniServerModule]:Debug Mode = ON
ERPImporta.exe: 000026B8: 17:23:19 [TUniServerModule]:Starting HTTP Server on Port: 8077...
ERPImporta.exe: 000026B8: 17:23:19 [TUniServerModule]:HTTP Server Started on Port: 8077
ERPImporta.exe: 00004758: 17:23:28 [[FireDAC][Phys][ODBC][Microsoft][SQL Server Native Client 11.0][SQL Server]Incorrect syntax near the keyword 'end'.-127.0.0.1]:EMSSQLNativeException : [FireDAC][Phys][ODBC][Microsoft][SQL Server Native Client 11.0][SQL Server]Incorrect syntax near the keyword 'end'. : Addr: $008E1CBD
ERPImporta.exe: 0000431C: 17:23:43 []:>--------------------------------------------------------------<
ERPImporta.exe: 0000431C: 17:23:43 [TUniServerModule]:Server First Init.
ERPImporta.exe: 0000431C: 17:23:43 [TUniServerModule]:Start Path = D:\Projetos_WEB\ERP_Importa\
ERPImporta.exe: 0000431C: 17:23:43 [TUniServerModule]:Debug Mode = ON
ERPImporta.exe: 0000431C: 17:23:43 [TUniGUISessionManager]:Cache erase job created, Folder count: [1]
ERPImporta.exe: 0000431C: 17:23:43 [TUniServerModule]:Starting HTTP Server on Port: 8077...
ERPImporta.exe: 0000431C: 17:23:43 [TUniServerModule]:HTTP Server Started on Port: 8077
ERPImporta.exe: 00002240: 17:24:38 []:>--------------------------------------------------------------<
ERPImporta.exe: 00002240: 17:24:38 [TUniServerModule]:Server First Init.
ERPImporta.exe: 00002240: 17:24:38 [TUniServerModule]:Start Path = D:\Projetos_WEB\ERP_Importa\
ERPImporta.exe: 00002240: 17:24:39 [TUniServerModule]:Debug Mode = ON
ERPImporta.exe: 00002240: 17:24:39 [TUniServerModule]:Starting HTTP Server on Port: 8077...
ERPImporta.exe: 00002240: 17:24:39 [TUniServerModule]:HTTP Server Started on Port: 8077
ERPImporta.exe: 00004BB0: 17:25:33 []:>--------------------------------------------------------------<
ERPImporta.exe: 00004BB0: 17:25:33 [TUniServerModule]:Server First Init.
ERPImporta.exe: 00004BB0: 17:25:33 [TUniServerModule]:Start Path = D:\Projetos_WEB\ERP_Importa\
ERPImporta.exe: 00004BB0: 17:25:33 [TUniServerModule]:Debug Mode = ON
ERPImporta.exe: 00004BB0: 17:25:33 [TUniServerModule]:Starting HTTP Server on Port: 8077...
ERPImporta.exe: 00004BB0: 17:25:33 [TUniServerModule]:HTTP Server Started on Port: 8077
ERPImporta.exe: 00001614: 17:29:26 []:>--------------------------------------------------------------<
ERPImporta.exe: 00001614: 17:29:26 [TUniServerModule]:Server First Init.
ERPImporta.exe: 00001614: 17:29:26 [TUniServerModule]:Start Path = D:\Projetos_WEB\ERP_Importa\
ERPImporta.exe: 00001614: 17:29:26 [TUniServerModule]:Debug Mode = ON
ERPImporta.exe: 00001614: 17:29:26 [TUniServerModule]:Starting HTTP Server on Port: 8077...
ERPImporta.exe: 00001614: 17:29:26 [TUniServerModule]:HTTP Server Started on Port: 8077
ERPImporta.exe: 000038F4: 17:30:11 []:>--------------------------------------------------------------<
ERPImporta.exe: 000038F4: 17:30:11 [TUniServerModule]:Server First Init.
ERPImporta.exe: 000038F4: 17:30:11 [TUniServerModule]:Start Path = D:\Projetos_WEB\ERP_Importa\
ERPImporta.exe: 000038F4: 17:30:11 [TUniServerModule]:Debug Mode = ON
ERPImporta.exe: 000038F4: 17:30:11 [TUniGUISessionManager]:Cache erase job created, Folder count: [1]
ERPImporta.exe: 000038F4: 17:30:11 [TUniServerModule]:Starting HTTP Server on Port: 8077...
ERPImporta.exe: 000038F4: 17:30:11 [TUniServerModule]:HTTP Server Started on Port: 8077
ERPImporta.exe: 000031D0: 17:30:19 [[FireDAC][Phys][ODBC][Microsoft][SQL Server Native Client 11.0][SQL Server]Invalid column name 'PIS_AliquotaBasicaSaida'.-127.0.0.1]:EMSSQLNativeException : [FireDAC][Phys][ODBC][Microsoft][SQL Server Native Client 11.0][SQL Server]Invalid column name 'PIS_AliquotaBasicaSaida'. : Addr: $008E1CBD
ERPImporta.exe: 00004EA8: 17:30:46 []:>--------------------------------------------------------------<
ERPImporta.exe: 00004EA8: 17:30:46 [TUniServerModule]:Server First Init.
ERPImporta.exe: 00004EA8: 17:30:46 [TUniServerModule]:Start Path = D:\Projetos_WEB\ERP_Importa\
ERPImporta.exe: 00004EA8: 17:30:46 [TUniServerModule]:Debug Mode = ON
ERPImporta.exe: 00004EA8: 17:30:46 [TUniGUISessionManager]:Cache erase job created, Folder count: [1]
ERPImporta.exe: 00004EA8: 17:30:46 [TUniServerModule]:Starting HTTP Server on Port: 8077...
ERPImporta.exe: 00004EA8: 17:30:46 [TUniServerModule]:HTTP Server Started on Port: 8077
ERPImporta.exe: 00001C20: 17:32:50 []:>--------------------------------------------------------------<
ERPImporta.exe: 00001C20: 17:32:50 [TUniServerModule]:Server First Init.
ERPImporta.exe: 00001C20: 17:32:50 [TUniServerModule]:Start Path = D:\Projetos_WEB\ERP_Importa\
ERPImporta.exe: 00001C20: 17:32:50 [TUniServerModule]:Debug Mode = ON
ERPImporta.exe: 00001C20: 17:32:50 [TUniServerModule]:Starting HTTP Server on Port: 8077...
ERPImporta.exe: 00001C20: 17:32:50 [TUniServerModule]:HTTP Server Started on Port: 8077
ERPImporta.exe: 00003044: 17:34:02 []:>--------------------------------------------------------------<
ERPImporta.exe: 00003044: 17:34:02 [TUniServerModule]:Server First Init.
ERPImporta.exe: 00003044: 17:34:02 [TUniServerModule]:Start Path = D:\Projetos_WEB\ERP_Importa\
ERPImporta.exe: 00003044: 17:34:02 [TUniServerModule]:Debug Mode = ON
ERPImporta.exe: 00003044: 17:34:02 [TUniServerModule]:Starting HTTP Server on Port: 8077...
ERPImporta.exe: 00003044: 17:34:03 [TUniServerModule]:HTTP Server Started on Port: 8077
ERPImporta.exe: 00002444: 17:48:24 []:>--------------------------------------------------------------<
ERPImporta.exe: 00002444: 17:48:24 [TUniServerModule]:Server First Init.
ERPImporta.exe: 00002444: 17:48:24 [TUniServerModule]:Start Path = D:\Projetos_WEB\ERP_Importa\
ERPImporta.exe: 00002444: 17:48:24 [TUniServerModule]:Debug Mode = ON
ERPImporta.exe: 00002444: 17:48:24 [TUniGUISessionManager]:Cache erase job created, Folder count: [1]
ERPImporta.exe: 00002444: 17:48:24 [TUniServerModule]:Starting HTTP Server on Port: 8077...
ERPImporta.exe: 00002444: 17:48:24 [TUniServerModule]:HTTP Server Started on Port: 8077
ERPImporta.exe: 000007BC: 17:48:44 [127.0.0.1]:EDatabaseError : Config: Field 'PIS_AliquotaBasicaSaida' not found : Addr: $00657A82
ERPImporta.exe: 00005374: 17:54:34 []:>--------------------------------------------------------------<
ERPImporta.exe: 00005374: 17:54:34 [TUniServerModule]:Server First Init.
ERPImporta.exe: 00005374: 17:54:34 [TUniServerModule]:Start Path = D:\Projetos_WEB\ERP_Importa\
ERPImporta.exe: 00005374: 17:54:34 [TUniServerModule]:Debug Mode = ON
ERPImporta.exe: 00005374: 17:54:34 [TUniServerModule]:Starting HTTP Server on Port: 8077...
ERPImporta.exe: 00005374: 17:54:34 [TUniServerModule]:HTTP Server Started on Port: 8077
ERPImporta.exe: 00000CD4: 17:56:38 []:>--------------------------------------------------------------<
ERPImporta.exe: 00000CD4: 17:56:38 [TUniServerModule]:Server First Init.
ERPImporta.exe: 00000CD4: 17:56:38 [TUniServerModule]:Start Path = D:\Projetos_WEB\ERP_Importa\
ERPImporta.exe: 00000CD4: 17:56:38 [TUniServerModule]:Debug Mode = ON
ERPImporta.exe: 00000CD4: 17:56:38 [TUniGUISessionManager]:Cache erase job created, Folder count: [1]
ERPImporta.exe: 00000CD4: 17:56:38 [TUniServerModule]:Starting HTTP Server on Port: 8077...
ERPImporta.exe: 00000CD4: 17:56:38 [TUniServerModule]:HTTP Server Started on Port: 8077
ERPImporta.exe: 00000D90: 17:56:54 [127.0.0.1]:EDatabaseError : OpFiscal: Field 'CSTPIS_AliquotaUM' not found : Addr: $00657A82
ERPImporta.exe: 00002E84: 18:00:24 []:>--------------------------------------------------------------<
ERPImporta.exe: 00002E84: 18:00:24 [TUniServerModule]:Server First Init.
ERPImporta.exe: 00002E84: 18:00:24 [TUniServerModule]:Start Path = D:\Projetos_WEB\ERP_Importa\
ERPImporta.exe: 00002E84: 18:00:24 [TUniServerModule]:Debug Mode = ON
ERPImporta.exe: 00002E84: 18:00:24 [TUniServerModule]:Starting HTTP Server on Port: 8077...
ERPImporta.exe: 00002E84: 18:00:24 [TUniServerModule]:HTTP Server Started on Port: 8077
ERPImporta.exe: 00004840: 18:00:39 [127.0.0.1]:EDatabaseError : Produtos: Field 'CSTPIS_AliquotaUM' not found : Addr: $00657A82
ERPImporta.exe: 00003C98: 18:06:02 []:>--------------------------------------------------------------<
ERPImporta.exe: 00003C98: 18:06:02 [TUniServerModule]:Server First Init.
ERPImporta.exe: 00003C98: 18:06:02 [TUniServerModule]:Start Path = D:\Projetos_WEB\ERP_Importa\
ERPImporta.exe: 00003C98: 18:06:02 [TUniServerModule]:Debug Mode = ON
ERPImporta.exe: 00003C98: 18:06:02 [TUniServerModule]:Starting HTTP Server on Port: 8077...
ERPImporta.exe: 00003C98: 18:06:02 [TUniServerModule]:HTTP Server Started on Port: 8077
ERPImporta.exe: 00004CEC: 18:06:24 [127.0.0.1]:EDatabaseError : Produtos: Field 'CSTPIS_AliquotaUM' not found : Addr: $00657A82
ERPImporta.exe: 00004CEC: 18:06:45 [127.0.0.1]:EDatabaseError : Produtos: Field 'CSTPIS_AliquotaUM' not found : Addr: $00657A82
ERPImporta.exe: 00002644: 18:08:20 []:>--------------------------------------------------------------<
ERPImporta.exe: 00002644: 18:08:20 [TUniServerModule]:Server First Init.
ERPImporta.exe: 00002644: 18:08:20 [TUniServerModule]:Start Path = D:\Projetos_WEB\ERP_Importa\
ERPImporta.exe: 00002644: 18:08:20 [TUniServerModule]:Debug Mode = ON
ERPImporta.exe: 00002644: 18:08:20 [TUniServerModule]:Starting HTTP Server on Port: 8077...
ERPImporta.exe: 00002644: 18:08:20 [TUniServerModule]:HTTP Server Started on Port: 8077
ERPImporta.exe: 00000A88: 18:09:25 []:>--------------------------------------------------------------<
ERPImporta.exe: 00000A88: 18:09:25 [TUniServerModule]:Server First Init.
ERPImporta.exe: 00000A88: 18:09:25 [TUniServerModule]:Start Path = D:\Projetos_WEB\ERP_Importa\
ERPImporta.exe: 00000A88: 18:09:25 [TUniServerModule]:Debug Mode = ON
ERPImporta.exe: 00000A88: 18:09:25 [TUniGUISessionManager]:Cache erase job created, Folder count: [1]
ERPImporta.exe: 00000A88: 18:09:25 [TUniServerModule]:Starting HTTP Server on Port: 8077...
ERPImporta.exe: 00000A88: 18:09:25 [TUniServerModule]:HTTP Server Started on Port: 8077
ERPImporta.exe: 00000CC8: 18:09:41 [127.0.0.1]:EDatabaseError : Produtos: Field 'CSTPIS_Monofasica' not found : Addr: $00657A82
ERPImporta.exe: 00002E54: 18:10:27 []:>--------------------------------------------------------------<
ERPImporta.exe: 00002E54: 18:10:27 [TUniServerModule]:Server First Init.
ERPImporta.exe: 00002E54: 18:10:27 [TUniServerModule]:Start Path = D:\Projetos_WEB\ERP_Importa\
ERPImporta.exe: 00002E54: 18:10:27 [TUniServerModule]:Debug Mode = ON
ERPImporta.exe: 00002E54: 18:10:27 [TUniServerModule]:Starting HTTP Server on Port: 8077...
ERPImporta.exe: 00002E54: 18:10:27 [TUniServerModule]:HTTP Server Started on Port: 8077
ERPImporta.exe: 00002ADC: 18:11:05 []:>--------------------------------------------------------------<
ERPImporta.exe: 00002ADC: 18:11:05 [TUniServerModule]:Server First Init.
ERPImporta.exe: 00002ADC: 18:11:05 [TUniServerModule]:Start Path = D:\Projetos_WEB\ERP_Importa\
ERPImporta.exe: 00002ADC: 18:11:05 [TUniServerModule]:Debug Mode = ON
ERPImporta.exe: 00002ADC: 18:11:05 [TUniGUISessionManager]:Cache erase job created, Folder count: [1]
ERPImporta.exe: 00002ADC: 18:11:05 [TUniServerModule]:Starting HTTP Server on Port: 8077...
ERPImporta.exe: 00002ADC: 18:11:05 [TUniServerModule]:HTTP Server Started on Port: 8077
ERPImporta.exe: 00000684: 18:11:24 [127.0.0.1]:EDatabaseError : tNCM: Field 'PIS_ST' not found : Addr: $00657A82
ERPImporta.exe: 00004D40: 18:11:32 [127.0.0.1]:EUniSessionException : Sessão inváilda ou tempo da sessão expirado. (Session not found: TxRiFYuXhK11088EAAF ) : Addr: $007D0F18
ERPImporta.exe: 00000CEC: 18:14:11 []:>--------------------------------------------------------------<
ERPImporta.exe: 00000CEC: 18:14:11 [TUniServerModule]:Server First Init.
ERPImporta.exe: 00000CEC: 18:14:12 [TUniServerModule]:Start Path = D:\Projetos_WEB\ERP_Importa\
ERPImporta.exe: 00000CEC: 18:14:12 [TUniServerModule]:Debug Mode = ON
ERPImporta.exe: 00000CEC: 18:14:12 [TUniServerModule]:Starting HTTP Server on Port: 8077...
ERPImporta.exe: 00000CEC: 18:14:12 [TUniServerModule]:HTTP Server Started on Port: 8077
ERPImporta.exe: 00001670: 18:17:04 []:>--------------------------------------------------------------<
ERPImporta.exe: 00001670: 18:17:04 [TUniServerModule]:Server First Init.
ERPImporta.exe: 00001670: 18:17:04 [TUniServerModule]:Start Path = D:\Projetos_WEB\ERP_Importa\
ERPImporta.exe: 00001670: 18:17:04 [TUniServerModule]:Debug Mode = ON
ERPImporta.exe: 00001670: 18:17:04 [TUniGUISessionManager]:Cache erase job created, Folder count: [1]
ERPImporta.exe: 00001670: 18:17:04 [TUniServerModule]:Starting HTTP Server on Port: 8077...
ERPImporta.exe: 00001670: 18:17:04 [TUniServerModule]:HTTP Server Started on Port: 8077
ERPImporta.exe: 00002078: 18:18:08 []:>--------------------------------------------------------------<
ERPImporta.exe: 00002078: 18:18:08 [TUniServerModule]:Server First Init.
ERPImporta.exe: 00002078: 18:18:08 [TUniServerModule]:Start Path = D:\Projetos_WEB\ERP_Importa\
ERPImporta.exe: 00002078: 18:18:08 [TUniServerModule]:Debug Mode = ON
ERPImporta.exe: 00002078: 18:18:08 [TUniGUISessionManager]:Cache erase job created, Folder count: [1]
ERPImporta.exe: 00002078: 18:18:08 [TUniServerModule]:Starting HTTP Server on Port: 8077...
ERPImporta.exe: 00002078: 18:18:08 [TUniServerModule]:HTTP Server Started on Port: 8077
ERPImporta.exe: 00002CE8: 18:27:06 []:>--------------------------------------------------------------<
ERPImporta.exe: 00002CE8: 18:27:06 [TUniServerModule]:Server First Init.
ERPImporta.exe: 00002CE8: 18:27:06 [TUniServerModule]:Start Path = D:\Projetos_WEB\ERP_Importa\
ERPImporta.exe: 00002CE8: 18:27:06 [TUniServerModule]:Debug Mode = ON
ERPImporta.exe: 00002CE8: 18:27:06 [TUniServerModule]:Starting HTTP Server on Port: 8077...
ERPImporta.exe: 00002CE8: 18:27:06 [TUniServerModule]:HTTP Server Started on Port: 8077
ERPImporta.exe: 0000427C: 18:29:09 []:>--------------------------------------------------------------<
ERPImporta.exe: 0000427C: 18:29:09 [TUniServerModule]:Server First Init.
ERPImporta.exe: 0000427C: 18:29:09 [TUniServerModule]:Start Path = D:\Projetos_WEB\ERP_Importa\
ERPImporta.exe: 0000427C: 18:29:09 [TUniServerModule]:Debug Mode = ON
ERPImporta.exe: 0000427C: 18:29:09 [TUniGUISessionManager]:Cache erase job created, Folder count: [1]
ERPImporta.exe: 0000427C: 18:29:09 [TUniServerModule]:Starting HTTP Server on Port: 8077...
ERPImporta.exe: 0000427C: 18:29:09 [TUniServerModule]:HTTP Server Started on Port: 8077
ERPImporta.exe: 00004954: 18:30:21 []:>--------------------------------------------------------------<
ERPImporta.exe: 00004954: 18:30:21 [TUniServerModule]:Server First Init.
ERPImporta.exe: 00004954: 18:30:21 [TUniServerModule]:Start Path = D:\Projetos_WEB\ERP_Importa\
ERPImporta.exe: 00004954: 18:30:21 [TUniServerModule]:Debug Mode = ON
ERPImporta.exe: 00004954: 18:30:21 [TUniGUISessionManager]:Cache erase job created, Folder count: [1]
ERPImporta.exe: 00004954: 18:30:22 [TUniServerModule]:Starting HTTP Server on Port: 8077...
ERPImporta.exe: 00004954: 18:30:22 [TUniServerModule]:HTTP Server Started on Port: 8077
ERPImporta.exe: 0000455C: 18:33:09 []:>--------------------------------------------------------------<
ERPImporta.exe: 0000455C: 18:33:09 [TUniServerModule]:Server First Init.
ERPImporta.exe: 0000455C: 18:33:09 [TUniServerModule]:Start Path = D:\Projetos_WEB\ERP_Importa\
ERPImporta.exe: 0000455C: 18:33:09 [TUniServerModule]:Debug Mode = ON
ERPImporta.exe: 0000455C: 18:33:09 [TUniServerModule]:Starting HTTP Server on Port: 8077...
ERPImporta.exe: 0000455C: 18:33:09 [TUniServerModule]:HTTP Server Started on Port: 8077
ERPImporta.exe: 00004568: 18:34:29 []:>--------------------------------------------------------------<
ERPImporta.exe: 00004568: 18:34:29 [TUniServerModule]:Server First Init.
ERPImporta.exe: 00004568: 18:34:29 [TUniServerModule]:Start Path = D:\Projetos_WEB\ERP_Importa\
ERPImporta.exe: 00004568: 18:34:29 [TUniServerModule]:Debug Mode = ON
ERPImporta.exe: 00004568: 18:34:29 [TUniGUISessionManager]:Cache erase job created, Folder count: [1]
ERPImporta.exe: 00004568: 18:34:30 [TUniServerModule]:Starting HTTP Server on Port: 8077...
ERPImporta.exe: 00004568: 18:34:30 [TUniServerModule]:HTTP Server Started on Port: 8077
ERPImporta.exe: 00002360: 18:34:50 [127.0.0.1]:EVariantTypeCastError : Could not convert variant of type (Null) into type (OleStr) : Addr: $0043BA78
ERPImporta.exe: 000001E8: 18:35:50 []:>--------------------------------------------------------------<
ERPImporta.exe: 000001E8: 18:35:50 [TUniServerModule]:Server First Init.
ERPImporta.exe: 000001E8: 18:35:50 [TUniServerModule]:Start Path = D:\Projetos_WEB\ERP_Importa\
ERPImporta.exe: 000001E8: 18:35:50 [TUniServerModule]:Debug Mode = ON
ERPImporta.exe: 000001E8: 18:35:50 [TUniServerModule]:Starting HTTP Server on Port: 8077...
ERPImporta.exe: 000001E8: 18:35:50 [TUniServerModule]:HTTP Server Started on Port: 8077
ERPImporta.exe: 00001970: 18:56:53 []:>--------------------------------------------------------------<
ERPImporta.exe: 00001970: 18:56:53 [TUniServerModule]:Server First Init.
ERPImporta.exe: 00001970: 18:56:53 [TUniServerModule]:Start Path = D:\Projetos_WEB\ERP_Importa\
ERPImporta.exe: 00001970: 18:56:53 [TUniServerModule]:Debug Mode = ON
ERPImporta.exe: 00001970: 18:56:53 [TUniGUISessionManager]:Cache erase job created, Folder count: [1]
ERPImporta.exe: 00001970: 18:56:53 [TUniServerModule]:Starting HTTP Server on Port: 8077...
ERPImporta.exe: 00001970: 18:56:53 [TUniServerModule]:HTTP Server Started on Port: 8077
ERPImporta.exe: 00001E8C: 19:43:20 []:>--------------------------------------------------------------<
ERPImporta.exe: 00001E8C: 19:43:20 [TUniServerModule]:Server First Init.
ERPImporta.exe: 00001E8C: 19:43:20 [TUniServerModule]:Start Path = D:\Projetos_WEB\ERP_Importa\
ERPImporta.exe: 00001E8C: 19:43:20 [TUniServerModule]:Debug Mode = ON
ERPImporta.exe: 00001E8C: 19:43:20 [TUniGUISessionManager]:Cache erase job created, Folder count: [1]
ERPImporta.exe: 00001E8C: 19:43:21 [TUniServerModule]:Starting HTTP Server on Port: 8077...
ERPImporta.exe: 00001E8C: 19:43:21 [TUniServerModule]:HTTP Server Started on Port: 8077
ERPImporta.exe: 00002D2C: 19:47:31 []:>--------------------------------------------------------------<
ERPImporta.exe: 00002D2C: 19:47:31 [TUniServerModule]:Server First Init.
ERPImporta.exe: 00002D2C: 19:47:31 [TUniServerModule]:Start Path = D:\Projetos_WEB\ERP_Importa\
ERPImporta.exe: 00002D2C: 19:47:31 [TUniServerModule]:Debug Mode = ON
ERPImporta.exe: 00002D2C: 19:47:31 [TUniServerModule]:Starting HTTP Server on Port: 8077...
ERPImporta.exe: 00002D2C: 19:47:31 [TUniServerModule]:HTTP Server Started on Port: 8077
ERPImporta.exe: 000047E0: 19:48:50 []:>--------------------------------------------------------------<
ERPImporta.exe: 000047E0: 19:48:50 [TUniServerModule]:Server First Init.
ERPImporta.exe: 000047E0: 19:48:50 [TUniServerModule]:Start Path = D:\Projetos_WEB\ERP_Importa\
ERPImporta.exe: 000047E0: 19:48:50 [TUniServerModule]:Debug Mode = ON
ERPImporta.exe: 000047E0: 19:48:50 [TUniGUISessionManager]:Cache erase job created, Folder count: [1]
ERPImporta.exe: 000047E0: 19:48:50 [TUniServerModule]:Starting HTTP Server on Port: 8077...
ERPImporta.exe: 000047E0: 19:48:50 [TUniServerModule]:HTTP Server Started on Port: 8077
ERPImporta.exe: 00001068: 19:49:57 []:>--------------------------------------------------------------<
ERPImporta.exe: 00001068: 19:49:57 [TUniServerModule]:Server First Init.
ERPImporta.exe: 00001068: 19:49:57 [TUniServerModule]:Start Path = D:\Projetos_WEB\ERP_Importa\
ERPImporta.exe: 00001068: 19:49:57 [TUniServerModule]:Debug Mode = ON
ERPImporta.exe: 00001068: 19:49:57 [TUniGUISessionManager]:Cache erase job created, Folder count: [1]
ERPImporta.exe: 00001068: 19:49:58 [TUniServerModule]:Starting HTTP Server on Port: 8077...
ERPImporta.exe: 00001068: 19:49:58 [TUniServerModule]:HTTP Server Started on Port: 8077
ERPImporta.exe: 000014D4: 19:52:16 []:>--------------------------------------------------------------<
ERPImporta.exe: 000014D4: 19:52:16 [TUniServerModule]:Server First Init.
ERPImporta.exe: 000014D4: 19:52:16 [TUniServerModule]:Start Path = D:\Projetos_WEB\ERP_Importa\
ERPImporta.exe: 000014D4: 19:52:16 [TUniGUISessionManager]:Cache erase job created, Folder count: [1]
ERPImporta.exe: 000014D4: 19:52:16 [TUniServerModule]:Starting HTTP Server on Port: 8077...
ERPImporta.exe: 000014D4: 19:52:16 [TUniServerModule]:HTTP Server Started on Port: 8077
ERPImporta.exe: 00001FC8: 19:52:22 [127.0.0.1]:EConvertError : '' is not a valid floating point value : Addr: $00427B72
ERPImporta.exe: 00001FC8: 19:52:25 [127.0.0.1]:EConvertError : '' is not a valid floating point value : Addr: $00427B72
ERPImporta.exe: 00001FC8: 19:52:25 [127.0.0.1]:EConvertError : '' is not a valid floating point value : Addr: $00427B72
ERPImporta.exe: 00001FC8: 19:52:37 [127.0.0.1]:EDatabaseError : tFormulas: Cannot perform this operation on a closed dataset : Addr: $00657A82
ERPImporta.exe: 00001FC8: 19:52:40 [127.0.0.1]:EDatabaseError : tFormulas: Cannot perform this operation on a closed dataset : Addr: $00657A82
ERPImporta.exe: 00001FC8: 19:52:41 [127.0.0.1]:EDatabaseError : tFormulas: Cannot perform this operation on a closed dataset : Addr: $00657A82
ERPImporta.exe: 00001FC8: 19:52:42 [127.0.0.1]:EDatabaseError : tFormulas: Cannot perform this operation on a closed dataset : Addr: $00657A82
ERPImporta.exe: 00001FC8: 19:52:43 [127.0.0.1]:EDatabaseError : tFormulas: Cannot perform this operation on a closed dataset : Addr: $00657A82
ERPImporta.exe: 00001FC8: 19:52:43 [127.0.0.1]:EDatabaseError : tFormulas: Cannot perform this operation on a closed dataset : Addr: $00657A82
ERPImporta.exe: 00001FC8: 19:52:47 [127.0.0.1]:EDatabaseError : tFormulas: Cannot perform this operation on a closed dataset : Addr: $00657A82
ERPImporta.exe: 00000154: 19:52:47 [127.0.0.1]:EUniSessionException : Sessão inváilda ou tempo da sessão expirado. (Session not found: PCjWOEvLPM1108905AD ) : Addr: $007D0F18
ERPImporta.exe: 00000B80: 19:52:47 [127.0.0.1]:EUniSessionException : Sessão inváilda ou tempo da sessão expirado. (Session not found: PCjWOEvLPM1108905AD ) : Addr: $007D0F18
ERPImporta.exe: 0000533C: 19:56:55 []:>--------------------------------------------------------------<
ERPImporta.exe: 0000533C: 19:56:55 [TUniServerModule]:Server First Init.
ERPImporta.exe: 0000533C: 19:56:55 [TUniServerModule]:Start Path = D:\Projetos_WEB\ERP_Importa\
ERPImporta.exe: 0000533C: 19:56:55 [TUniServerModule]:Debug Mode = ON
ERPImporta.exe: 0000533C: 19:56:55 [TUniGUISessionManager]:Cache erase job created, Folder count: [1]
ERPImporta.exe: 0000533C: 19:56:55 [TUniServerModule]:Starting HTTP Server on Port: 8077...
ERPImporta.exe: 0000533C: 19:56:55 [TUniServerModule]:HTTP Server Started on Port: 8077
ERPImporta.exe: 00003918: 20:01:19 []:>--------------------------------------------------------------<
ERPImporta.exe: 00003918: 20:01:19 [TUniServerModule]:Server First Init.
ERPImporta.exe: 00003918: 20:01:19 [TUniServerModule]:Start Path = D:\Projetos_WEB\ERP_Importa\
ERPImporta.exe: 00003918: 20:01:19 [TUniServerModule]:Debug Mode = ON
ERPImporta.exe: 00003918: 20:01:19 [TUniGUISessionManager]:Cache erase job created, Folder count: [1]
ERPImporta.exe: 00003918: 20:01:19 [TUniServerModule]:Starting HTTP Server on Port: 8077...
ERPImporta.exe: 00003918: 20:01:19 [TUniServerModule]:HTTP Server Started on Port: 8077
ERPImporta.exe: 00002090: 20:07:47 []:>--------------------------------------------------------------<
ERPImporta.exe: 00002090: 20:07:47 [TUniServerModule]:Server First Init.
ERPImporta.exe: 00002090: 20:07:47 [TUniServerModule]:Start Path = D:\Projetos_WEB\ERP_Importa\
ERPImporta.exe: 00002090: 20:07:47 [TUniServerModule]:Debug Mode = ON
ERPImporta.exe: 00002090: 20:07:47 [TUniGUISessionManager]:Cache erase job created, Folder count: [1]
ERPImporta.exe: 00002090: 20:07:47 [TUniServerModule]:Starting HTTP Server on Port: 8077...
ERPImporta.exe: 00002090: 20:07:47 [TUniServerModule]:HTTP Server Started on Port: 8077
ERPImporta.exe: 00004B54: 20:11:34 []:>--------------------------------------------------------------<
ERPImporta.exe: 00004B54: 20:11:34 [TUniServerModule]:Server First Init.
ERPImporta.exe: 00004B54: 20:11:34 [TUniServerModule]:Start Path = D:\Projetos_WEB\ERP_Importa\
ERPImporta.exe: 00004B54: 20:11:34 [TUniServerModule]:Debug Mode = ON
ERPImporta.exe: 00004B54: 20:11:34 [TUniServerModule]:Starting HTTP Server on Port: 8077...
ERPImporta.exe: 00004B54: 20:11:34 [TUniServerModule]:HTTP Server Started on Port: 8077
ERPImporta.exe: 00001E10: 20:13:22 []:>--------------------------------------------------------------<
ERPImporta.exe: 00001E10: 20:13:22 [TUniServerModule]:Server First Init.
ERPImporta.exe: 00001E10: 20:13:22 [TUniServerModule]:Start Path = D:\Projetos_WEB\ERP_Importa\
ERPImporta.exe: 00001E10: 20:13:22 [TUniServerModule]:Debug Mode = ON
ERPImporta.exe: 00001E10: 20:13:22 [TUniGUISessionManager]:Cache erase job created, Folder count: [1]
ERPImporta.exe: 00001E10: 20:13:22 [TUniServerModule]:Starting HTTP Server on Port: 8077...
ERPImporta.exe: 00001E10: 20:13:23 [TUniServerModule]:HTTP Server Started on Port: 8077
ERPImporta.exe: 00004B18: 20:14:06 []:>--------------------------------------------------------------<
ERPImporta.exe: 00004B18: 20:14:06 [TUniServerModule]:Server First Init.
ERPImporta.exe: 00004B18: 20:14:06 [TUniServerModule]:Start Path = D:\Projetos_WEB\ERP_Importa\
ERPImporta.exe: 00004B18: 20:14:06 [TUniServerModule]:Debug Mode = ON
ERPImporta.exe: 00004B18: 20:14:06 [TUniServerModule]:Starting HTTP Server on Port: 8077...
ERPImporta.exe: 00004B18: 20:14:06 [TUniServerModule]:HTTP Server Started on Port: 8077
ERPImporta.exe: 00003120: 20:15:20 []:>--------------------------------------------------------------<
ERPImporta.exe: 00003120: 20:15:20 [TUniServerModule]:Server First Init.
ERPImporta.exe: 00003120: 20:15:20 [TUniServerModule]:Start Path = D:\Projetos_WEB\ERP_Importa\
ERPImporta.exe: 00003120: 20:15:20 [TUniServerModule]:Debug Mode = ON
ERPImporta.exe: 00003120: 20:15:21 [TUniServerModule]:Starting HTTP Server on Port: 8077...
ERPImporta.exe: 00003120: 20:15:21 [TUniServerModule]:HTTP Server Started on Port: 8077
ERPImporta.exe: 00003DD8: 20:17:35 []:>--------------------------------------------------------------<
ERPImporta.exe: 00003DD8: 20:17:35 [TUniServerModule]:Server First Init.
ERPImporta.exe: 00003DD8: 20:17:35 [TUniServerModule]:Start Path = D:\Projetos_WEB\ERP_Importa\
ERPImporta.exe: 00003DD8: 20:17:35 [TUniServerModule]:Debug Mode = ON
ERPImporta.exe: 00003DD8: 20:17:35 [TUniServerModule]:Starting HTTP Server on Port: 8077...
ERPImporta.exe: 00003DD8: 20:17:36 [TUniServerModule]:HTTP Server Started on Port: 8077
ERPImporta.exe: 00000F44: 20:18:37 []:>--------------------------------------------------------------<
ERPImporta.exe: 00000F44: 20:18:37 [TUniServerModule]:Server First Init.
ERPImporta.exe: 00000F44: 20:18:37 [TUniServerModule]:Start Path = D:\Projetos_WEB\ERP_Importa\
ERPImporta.exe: 00000F44: 20:18:37 [TUniServerModule]:Debug Mode = ON
ERPImporta.exe: 00000F44: 20:18:37 [TUniGUISessionManager]:Cache erase job created, Folder count: [1]
ERPImporta.exe: 00000F44: 20:18:38 [TUniServerModule]:Starting HTTP Server on Port: 8077...
ERPImporta.exe: 00000F44: 20:18:38 [TUniServerModule]:HTTP Server Started on Port: 8077
ERPImporta.exe: 000031E4: 20:25:52 []:>--------------------------------------------------------------<
ERPImporta.exe: 000031E4: 20:25:52 [TUniServerModule]:Server First Init.
ERPImporta.exe: 000031E4: 20:25:52 [TUniServerModule]:Start Path = D:\Projetos_WEB\ERP_Importa\
ERPImporta.exe: 000031E4: 20:25:52 [TUniServerModule]:Debug Mode = ON
ERPImporta.exe: 000031E4: 20:25:52 [TUniServerModule]:Starting HTTP Server on Port: 8077...
ERPImporta.exe: 000031E4: 20:25:52 [TUniServerModule]:HTTP Server Started on Port: 8077
ERPImporta.exe: 00002DBC: 20:26:43 []:>--------------------------------------------------------------<
ERPImporta.exe: 00002DBC: 20:26:43 [TUniServerModule]:Server First Init.
ERPImporta.exe: 00002DBC: 20:26:43 [TUniServerModule]:Start Path = D:\Projetos_WEB\ERP_Importa\
ERPImporta.exe: 00002DBC: 20:26:43 [TUniServerModule]:Debug Mode = ON
ERPImporta.exe: 00002DBC: 20:26:43 [TUniGUISessionManager]:Cache erase job created, Folder count: [1]
ERPImporta.exe: 00002DBC: 20:26:43 [TUniServerModule]:Starting HTTP Server on Port: 8077...
ERPImporta.exe: 00002DBC: 20:26:43 [TUniServerModule]:HTTP Server Started on Port: 8077
ERPImporta.exe: 00005324: 20:28:15 []:>--------------------------------------------------------------<
ERPImporta.exe: 00005324: 20:28:15 [TUniServerModule]:Server First Init.
ERPImporta.exe: 00005324: 20:28:15 [TUniServerModule]:Start Path = D:\Projetos_WEB\ERP_Importa\
ERPImporta.exe: 00005324: 20:28:15 [TUniServerModule]:Debug Mode = ON
ERPImporta.exe: 00005324: 20:28:15 [TUniServerModule]:Starting HTTP Server on Port: 8077...
ERPImporta.exe: 00005324: 20:28:15 [TUniServerModule]:HTTP Server Started on Port: 8077
ERPImporta.exe: 000042AC: 20:35:04 []:>--------------------------------------------------------------<
ERPImporta.exe: 000042AC: 20:35:04 [TUniServerModule]:Server First Init.
ERPImporta.exe: 000042AC: 20:35:04 [TUniServerModule]:Start Path = D:\Projetos_WEB\ERP_Importa\
ERPImporta.exe: 000042AC: 20:35:04 [TUniServerModule]:Debug Mode = ON
ERPImporta.exe: 000042AC: 20:35:04 [TUniServerModule]:Starting HTTP Server on Port: 8077...
ERPImporta.exe: 000042AC: 20:35:04 [TUniServerModule]:HTTP Server Started on Port: 8077
ERPImporta.exe: 00003A70: 20:36:45 []:>--------------------------------------------------------------<
ERPImporta.exe: 00003A70: 20:36:45 [TUniServerModule]:Server First Init.
ERPImporta.exe: 00003A70: 20:36:45 [TUniServerModule]:Start Path = D:\Projetos_WEB\ERP_Importa\
ERPImporta.exe: 00003A70: 20:36:45 [TUniServerModule]:Debug Mode = ON
ERPImporta.exe: 00003A70: 20:36:45 [TUniServerModule]:Starting HTTP Server on Port: 8077...
ERPImporta.exe: 00003A70: 20:36:45 [TUniServerModule]:HTTP Server Started on Port: 8077
ERPImporta.exe: 00004F44: 20:39:48 []:>--------------------------------------------------------------<
ERPImporta.exe: 00004F44: 20:39:48 [TUniServerModule]:Server First Init.
ERPImporta.exe: 00004F44: 20:39:48 [TUniServerModule]:Start Path = D:\Projetos_WEB\ERP_Importa\
ERPImporta.exe: 00004F44: 20:39:48 [TUniServerModule]:Debug Mode = ON
ERPImporta.exe: 00004F44: 20:39:48 [TUniServerModule]:Starting HTTP Server on Port: 8077...
ERPImporta.exe: 00004F44: 20:39:49 [TUniServerModule]:HTTP Server Started on Port: 8077
ERPImporta.exe: 000009BC: 20:41:07 []:>--------------------------------------------------------------<
ERPImporta.exe: 000009BC: 20:41:07 [TUniServerModule]:Server First Init.
ERPImporta.exe: 000009BC: 20:41:07 [TUniServerModule]:Start Path = D:\Projetos_WEB\ERP_Importa\
ERPImporta.exe: 000009BC: 20:41:07 [TUniServerModule]:Debug Mode = ON
ERPImporta.exe: 000009BC: 20:41:08 [TUniServerModule]:Starting HTTP Server on Port: 8077...
ERPImporta.exe: 000009BC: 20:41:08 [TUniServerModule]:HTTP Server Started on Port: 8077
ERPImporta.exe: 00004270: 20:42:43 []:>--------------------------------------------------------------<
ERPImporta.exe: 00004270: 20:42:43 [TUniServerModule]:Server First Init.
ERPImporta.exe: 00004270: 20:42:43 [TUniServerModule]:Start Path = D:\Projetos_WEB\ERP_Importa\
ERPImporta.exe: 00004270: 20:42:43 [TUniServerModule]:Debug Mode = ON
ERPImporta.exe: 00004270: 20:42:43 [TUniServerModule]:Starting HTTP Server on Port: 8077...
ERPImporta.exe: 00004270: 20:42:43 [TUniServerModule]:HTTP Server Started on Port: 8077
ERPImporta.exe: 00005130: 20:43:34 []:>--------------------------------------------------------------<
ERPImporta.exe: 00005130: 20:43:34 [TUniServerModule]:Server First Init.
ERPImporta.exe: 00005130: 20:43:34 [TUniServerModule]:Start Path = D:\Projetos_WEB\ERP_Importa\
ERPImporta.exe: 00005130: 20:43:34 [TUniServerModule]:Debug Mode = ON
ERPImporta.exe: 00005130: 20:43:34 [TUniServerModule]:Starting HTTP Server on Port: 8077...
ERPImporta.exe: 00005130: 20:43:34 [TUniServerModule]:HTTP Server Started on Port: 8077
ERPImporta.exe: 00001F2C: 20:44:04 []:>--------------------------------------------------------------<
ERPImporta.exe: 00001F2C: 20:44:04 [TUniServerModule]:Server First Init.
ERPImporta.exe: 00001F2C: 20:44:04 [TUniServerModule]:Start Path = D:\Projetos_WEB\ERP_Importa\
ERPImporta.exe: 00001F2C: 20:44:04 [TUniServerModule]:Debug Mode = ON
ERPImporta.exe: 00001F2C: 20:44:04 [TUniServerModule]:Starting HTTP Server on Port: 8077...
ERPImporta.exe: 00001F2C: 20:44:04 [TUniServerModule]:HTTP Server Started on Port: 8077
ERPImporta.exe: 00000154: 20:44:31 []:>--------------------------------------------------------------<
ERPImporta.exe: 00000154: 20:44:31 [TUniServerModule]:Server First Init.
ERPImporta.exe: 00000154: 20:44:31 [TUniServerModule]:Start Path = D:\Projetos_WEB\ERP_Importa\
ERPImporta.exe: 00000154: 20:44:31 [TUniServerModule]:Debug Mode = ON
ERPImporta.exe: 00000154: 20:44:31 [TUniGUISessionManager]:Cache erase job created, Folder count: [1]
ERPImporta.exe: 00000154: 20:44:32 [TUniServerModule]:Starting HTTP Server on Port: 8077...
ERPImporta.exe: 00000154: 20:44:32 [TUniServerModule]:HTTP Server Started on Port: 8077
ERPImporta.exe: 000037C4: 20:45:11 []:>--------------------------------------------------------------<
ERPImporta.exe: 000037C4: 20:45:11 [TUniServerModule]:Server First Init.
ERPImporta.exe: 000037C4: 20:45:11 [TUniServerModule]:Start Path = D:\Projetos_WEB\ERP_Importa\
ERPImporta.exe: 000037C4: 20:45:11 [TUniServerModule]:Debug Mode = ON
ERPImporta.exe: 000037C4: 20:45:11 [TUniServerModule]:Starting HTTP Server on Port: 8077...
ERPImporta.exe: 000037C4: 20:45:11 [TUniServerModule]:HTTP Server Started on Port: 8077
ERPImporta.exe: 00002DFC: 20:46:23 []:>--------------------------------------------------------------<
ERPImporta.exe: 00002DFC: 20:46:23 [TUniServerModule]:Server First Init.
ERPImporta.exe: 00002DFC: 20:46:23 [TUniServerModule]:Start Path = D:\Projetos_WEB\ERP_Importa\
ERPImporta.exe: 00002DFC: 20:46:23 [TUniServerModule]:Debug Mode = ON
ERPImporta.exe: 00002DFC: 20:46:24 [TUniServerModule]:Starting HTTP Server on Port: 8077...
ERPImporta.exe: 00002DFC: 20:46:24 [TUniServerModule]:HTTP Server Started on Port: 8077
ERPImporta.exe: 000049B4: 20:49:02 []:>--------------------------------------------------------------<
ERPImporta.exe: 000049B4: 20:49:02 [TUniServerModule]:Server First Init.
ERPImporta.exe: 000049B4: 20:49:02 [TUniServerModule]:Start Path = D:\Projetos_WEB\ERP_Importa\
ERPImporta.exe: 000049B4: 20:49:02 [TUniServerModule]:Debug Mode = ON
ERPImporta.exe: 000049B4: 20:49:02 [TUniServerModule]:Starting HTTP Server on Port: 8077...
ERPImporta.exe: 000049B4: 20:49:02 [TUniServerModule]:HTTP Server Started on Port: 8077
