ERPImporta.exe: 00003E68: 11:49:11 []:>--------------------------------------------------------------<
ERPImporta.exe: 00003E68: 11:49:11 [TUniServerModule]:Server First Init.
ERPImporta.exe: 00003E68: 11:49:11 [TUniServerModule]:Start Path = C:\Projetos_WEB\ERP_Importa\
ERPImporta.exe: 00003E68: 11:49:11 [TUniServerModule]:Debug Mode = ON
ERPImporta.exe: 00003E68: 11:49:11 [TUniServerModule]:Starting HTTP Server on Port: 8077...
ERPImporta.exe: 00003E68: 11:49:11 [TUniServerModule]:HTTP Server Started on Port: 8077
ERPImporta.exe: 000027C8: 11:49:27 [127.0.0.1]:EMSSQLNativeException : [FireDAC][Phys][ODBC][Microsoft][SQL Server Native Client 11.0]Provedor de Pipes Nomeados: Não foi possível abrir uma conexão com o SQL Server [53].  : Addr: $008C8222
ERPImporta.exe: 000015F0: 11:49:27 [HandleFileRequest[127.0.0.1]]:File not found: C:\Projetos_WEB\ERP_Importa\favicon.ico
ERPImporta.exe: 00002A90: 11:51:00 []:>--------------------------------------------------------------<
ERPImporta.exe: 00002A90: 11:51:00 [TUniServerModule]:Server First Init.
ERPImporta.exe: 00002A90: 11:51:00 [TUniServerModule]:Start Path = C:\Projetos_WEB\ERP_Importa\
ERPImporta.exe: 00002A90: 11:51:00 [TUniServerModule]:Debug Mode = ON
ERPImporta.exe: 00002A90: 11:51:00 [TUniGUISessionManager]:Cache erase job created, Folder count: [1]
ERPImporta.exe: 00002A90: 11:51:01 [TUniServerModule]:Starting HTTP Server on Port: 8077...
ERPImporta.exe: 00002A90: 11:51:01 [TUniServerModule]:HTTP Server Started on Port: 8077
ERPImporta.exe: 000007B8: 11:52:47 []:>--------------------------------------------------------------<
ERPImporta.exe: 000007B8: 11:52:47 [TUniServerModule]:Server First Init.
ERPImporta.exe: 000007B8: 11:52:47 [TUniServerModule]:Start Path = C:\Projetos_WEB\ERP_Importa\
ERPImporta.exe: 000007B8: 11:52:47 [TUniGUISessionManager]:Cache erase job created, Folder count: [1]
ERPImporta.exe: 000007B8: 11:52:47 [TUniServerModule]:Starting HTTP Server on Port: 8077...
ERPImporta.exe: 000007B8: 11:52:47 [TUniServerModule]:HTTP Server Started on Port: 8077
ERPImporta.exe: 00003A0C: 11:52:49 []:>--------------------------------------------------------------<
ERPImporta.exe: 00003A0C: 11:52:49 [TUniServerModule]:Server First Init.
ERPImporta.exe: 00003A0C: 11:52:49 [TUniServerModule]:Start Path = C:\Projetos_WEB\ERP_Importa\
ERPImporta.exe: 00003A0C: 11:52:49 [TUniServerModule]:Debug Mode = ON
ERPImporta.exe: 00003A0C: 11:52:49 [TUniGUISessionManager]:Cache erase job created, Folder count: [1]
ERPImporta.exe: 00003A0C: 11:52:49 [TUniServerModule]:Starting HTTP Server on Port: 8077...
ERPImporta.exe: 00003A0C: 11:52:49 [InitWebServer]:EIdCouldNotBindSocket : Could not bind socket. : Addr: $006BC4B3
ERPImporta.exe: 00000FA0: 11:53:02 []:>--------------------------------------------------------------<
ERPImporta.exe: 00000FA0: 11:53:02 [TUniServerModule]:Server First Init.
ERPImporta.exe: 00000FA0: 11:53:02 [TUniServerModule]:Start Path = C:\Projetos_WEB\ERP_Importa\
ERPImporta.exe: 00000FA0: 11:53:02 [TUniServerModule]:Debug Mode = ON
ERPImporta.exe: 00000FA0: 11:53:02 [TUniServerModule]:Starting HTTP Server on Port: 8077...
ERPImporta.exe: 00000FA0: 11:53:03 [InitWebServer]:EIdCouldNotBindSocket : Could not bind socket. : Addr: $006BC4B3
ERPImporta.exe: 00002CF8: 11:53:06 [127.0.0.1]:EMSSQLNativeException : [FireDAC][Phys][ODBC][Microsoft][SQL Server Native Client 11.0]Provedor de Pipes Nomeados: Não foi possível abrir uma conexão com o SQL Server [53].  : Addr: $008C8222
ERPImporta.exe: 00002B3C: 11:53:22 []:Error deleting folder: "C:\Projetos_WEB\ERP_Importa\cache\erpimporta_exe\WwujlBGRmz110A5821D\" [OS Error:2]
ERPImporta.exe: 0000391C: 11:53:22 [127.0.0.1]:EMSSQLNativeException : [FireDAC][Phys][ODBC][Microsoft][SQL Server Native Client 11.0]Provedor de Pipes Nomeados: Não foi possível abrir uma conexão com o SQL Server [53].  : Addr: $008C8222
ERPImporta.exe: 00003B84: 16:10:27 []:>--------------------------------------------------------------<
ERPImporta.exe: 00003B84: 16:10:27 [TUniServerModule]:Server First Init.
ERPImporta.exe: 00003B84: 16:10:27 [TUniServerModule]:Start Path = C:\Projetos_WEB\ERP_Importa\
ERPImporta.exe: 00003B84: 16:10:27 [TUniServerModule]:Debug Mode = ON
ERPImporta.exe: 00003B84: 16:10:28 [TUniServerModule]:Starting HTTP Server on Port: 8077...
ERPImporta.exe: 00003B84: 16:10:28 [TUniServerModule]:HTTP Server Started on Port: 8077
ERPImporta.exe: 00004080: 16:18:50 []:>--------------------------------------------------------------<
ERPImporta.exe: 00004080: 16:18:50 [TUniServerModule]:Server First Init.
ERPImporta.exe: 00004080: 16:18:50 [TUniServerModule]:Start Path = C:\Projetos_WEB\ERP_Importa\
ERPImporta.exe: 00004080: 16:18:50 [TUniServerModule]:Debug Mode = ON
ERPImporta.exe: 00004080: 16:18:50 [TUniServerModule]:Starting HTTP Server on Port: 8077...
ERPImporta.exe: 00004080: 16:18:50 [TUniServerModule]:HTTP Server Started on Port: 8077
ERPImporta.exe: 000018D0: 16:20:26 [127.0.0.1]:EDatabaseError : Produtos: Field 'UM' not found : Addr: $00657AAE
ERPImporta.exe: 00003D44: 16:21:07 []:>--------------------------------------------------------------<
ERPImporta.exe: 00003D44: 16:21:07 [TUniServerModule]:Server First Init.
ERPImporta.exe: 00003D44: 16:21:07 [TUniServerModule]:Start Path = C:\Projetos_WEB\ERP_Importa\
ERPImporta.exe: 00003D44: 16:21:07 [TUniServerModule]:Debug Mode = ON
ERPImporta.exe: 00003D44: 16:21:07 [TUniGUISessionManager]:Cache erase job created, Folder count: [1]
ERPImporta.exe: 00003D44: 16:21:07 [TUniServerModule]:Starting HTTP Server on Port: 8077...
ERPImporta.exe: 00003D44: 16:21:07 [TUniServerModule]:HTTP Server Started on Port: 8077
ERPImporta.exe: 00003688: 16:21:15 [127.0.0.1]:EUniSessionException : Sessão inváilda ou tempo da sessão expirado. (Session not found: ELPjqskHRP110A5CA49 ) : Addr: $007D0F44
ERPImporta.exe: 00003524: 16:21:52 []:>--------------------------------------------------------------<
ERPImporta.exe: 00003524: 16:21:52 [TUniServerModule]:Server First Init.
ERPImporta.exe: 00003524: 16:21:52 [TUniServerModule]:Start Path = C:\Projetos_WEB\ERP_Importa\
ERPImporta.exe: 00003524: 16:21:52 [TUniServerModule]:Debug Mode = ON
ERPImporta.exe: 00003524: 16:21:52 [TUniGUISessionManager]:Cache erase job created, Folder count: [1]
ERPImporta.exe: 00003524: 16:21:52 [TUniServerModule]:Starting HTTP Server on Port: 8077...
ERPImporta.exe: 00003524: 16:21:52 [TUniServerModule]:HTTP Server Started on Port: 8077
