ERPImporta.exe: 00001EB4: 08:30:06 []:>--------------------------------------------------------------<
ERPImporta.exe: 00001EB4: 08:30:06 [TUniServerModule]:Server First Init.
ERPImporta.exe: 00001EB4: 08:30:06 [TUniServerModule]:Start Path = C:\Projetos_WEB\ERP_Importa\
ERPImporta.exe: 00001EB4: 08:30:06 [TUniServerModule]:Debug Mode = ON
ERPImporta.exe: 00001EB4: 08:30:11 [TUniServerModule]:Starting HTTP Server on Port: 8077...
ERPImporta.exe: 00001EB4: 08:30:11 [TUniServerModule]:HTTP Server Started on Port: 8077
ERPImporta.exe: 00001E08: 08:32:41 [HandleFileRequest[127.0.0.1]]:File not found: C:\Projetos_WEB\ERP_Importa\files\images\fundo8.jpg
ERPImporta.exe: 00002784: 08:48:15 [HandleFileRequest[127.0.0.1]]:File not found: C:\Projetos_WEB\ERP_Importa\files\images\fundo8.jpg
ERPImporta.exe: 00000120: 09:06:52 []:>--------------------------------------------------------------<
ERPImporta.exe: 00000120: 09:06:52 [TUniServerModule]:Server First Init.
ERPImporta.exe: 00000120: 09:06:52 [TUniServerModule]:Start Path = C:\Projetos_WEB\ERP_Importa\
ERPImporta.exe: 00000120: 09:06:53 [TUniServerModule]:Debug Mode = ON
ERPImporta.exe: 00000120: 09:06:53 [TUniGUISessionManager]:Cache erase job created, Folder count: [1]
ERPImporta.exe: 00000120: 09:06:53 [TUniServerModule]:Starting HTTP Server on Port: 8077...
ERPImporta.exe: 00000120: 09:06:53 [TUniServerModule]:HTTP Server Started on Port: 8077
ERPImporta.exe: 00001F80: 09:08:22 []:>--------------------------------------------------------------<
ERPImporta.exe: 00001F80: 09:08:22 [TUniServerModule]:Server First Init.
ERPImporta.exe: 00001F80: 09:08:22 [TUniServerModule]:Start Path = C:\Projetos_WEB\ERP_Importa\
ERPImporta.exe: 00001F80: 09:08:22 [TUniServerModule]:Debug Mode = ON
ERPImporta.exe: 00001F80: 09:08:22 [TUniGUISessionManager]:Cache erase job created, Folder count: [1]
ERPImporta.exe: 00001F80: 09:08:22 [TUniServerModule]:Starting HTTP Server on Port: 8077...
ERPImporta.exe: 00001F80: 09:08:22 [TUniServerModule]:HTTP Server Started on Port: 8077
ERPImporta.exe: 00002314: 09:08:38 [HandleFileRequest[127.0.0.1]]:File not found: C:\Projetos_WEB\ERP_Importa\files\images\fundo8.jpg
