ERPImporta.exe: 00004198: 08:42:42 []:>--------------------------------------------------------------<
ERPImporta.exe: 00004198: 08:42:42 [TUniServerModule]:Server First Init.
ERPImporta.exe: 00004198: 08:42:42 [TUniServerModule]:Start Path = D:\Projetos_WEB\ERP_Importa\
ERPImporta.exe: 00004198: 08:42:42 [TUniServerModule]:Debug Mode = ON
ERPImporta.exe: 00004198: 08:42:43 [TUniServerModule]:Starting HTTP Server on Port: 8077...
ERPImporta.exe: 00004198: 08:42:43 [TUniServerModule]:HTTP Server Started on Port: 8077
ERPImporta.exe: 000025D0: 08:55:28 []:>--------------------------------------------------------------<
ERPImporta.exe: 000025D0: 08:55:28 [TUniServerModule]:Server First Init.
ERPImporta.exe: 000025D0: 08:55:28 [TUniServerModule]:Start Path = D:\Projetos_WEB\ERP_Importa\
ERPImporta.exe: 000025D0: 08:55:28 [TUniServerModule]:Debug Mode = ON
ERPImporta.exe: 000025D0: 08:55:29 [TUniServerModule]:Starting HTTP Server on Port: 8077...
ERPImporta.exe: 000025D0: 08:55:29 [TUniServerModule]:HTTP Server Started on Port: 8077
ERPImporta.exe: 00003634: 08:55:55 [127.0.0.1]:EAccessViolation : Access violation at address 00B9E6E1 in module 'ERPImporta.exe'. Read of address 00000000 : Addr: $00B9E6E1
ERPImporta.exe: 00003634: 08:55:57 [127.0.0.1]:EAccessViolation : Access violation at address 00B9E6E1 in module 'ERPImporta.exe'. Read of address 00000000 : Addr: $00B9E6E1
ERPImporta.exe: 00000CE8: 09:02:24 []:>--------------------------------------------------------------<
ERPImporta.exe: 00000CE8: 09:02:24 [TUniServerModule]:Server First Init.
ERPImporta.exe: 00000CE8: 09:02:24 [TUniServerModule]:Start Path = D:\Projetos_WEB\ERP_Importa\
ERPImporta.exe: 00000CE8: 09:02:24 [TUniServerModule]:Debug Mode = ON
ERPImporta.exe: 00000CE8: 09:02:24 [TUniGUISessionManager]:Cache erase job created, Folder count: [1]
ERPImporta.exe: 00000CE8: 09:02:25 [TUniServerModule]:Starting HTTP Server on Port: 8077...
ERPImporta.exe: 00000CE8: 09:02:25 [TUniServerModule]:HTTP Server Started on Port: 8077
ERPImporta.exe: 000043A8: 09:02:54 [127.0.0.1]:EPrivilege : Privileged instruction : Addr: $00BDFE6C
ERPImporta.exe: 00004F48: 09:07:46 []:>--------------------------------------------------------------<
ERPImporta.exe: 00004F48: 09:07:46 [TUniServerModule]:Server First Init.
ERPImporta.exe: 00004F48: 09:07:46 [TUniServerModule]:Start Path = D:\Projetos_WEB\ERP_Importa\
ERPImporta.exe: 00004F48: 09:07:46 [TUniServerModule]:Debug Mode = ON
ERPImporta.exe: 00004F48: 09:07:46 [TUniGUISessionManager]:Cache erase job created, Folder count: [1]
ERPImporta.exe: 00004F48: 09:07:46 [TUniServerModule]:Starting HTTP Server on Port: 8077...
ERPImporta.exe: 00004F48: 09:07:46 [TUniServerModule]:HTTP Server Started on Port: 8077
ERPImporta.exe: 00000834: 09:08:47 []:>--------------------------------------------------------------<
ERPImporta.exe: 00000834: 09:08:47 [TUniServerModule]:Server First Init.
ERPImporta.exe: 00000834: 09:08:47 [TUniServerModule]:Start Path = D:\Projetos_WEB\ERP_Importa\
ERPImporta.exe: 00000834: 09:08:47 [TUniServerModule]:Debug Mode = ON
ERPImporta.exe: 00000834: 09:08:48 [TUniServerModule]:Starting HTTP Server on Port: 8077...
ERPImporta.exe: 00000834: 09:08:48 [TUniServerModule]:HTTP Server Started on Port: 8077
ERPImporta.exe: 00003A1C: 09:10:06 []:>--------------------------------------------------------------<
ERPImporta.exe: 00003A1C: 09:10:06 [TUniServerModule]:Server First Init.
ERPImporta.exe: 00003A1C: 09:10:06 [TUniServerModule]:Start Path = D:\Projetos_WEB\ERP_Importa\
ERPImporta.exe: 00003A1C: 09:10:06 [TUniServerModule]:Debug Mode = ON
ERPImporta.exe: 00003A1C: 09:10:07 [TUniServerModule]:Starting HTTP Server on Port: 8077...
ERPImporta.exe: 00003A1C: 09:10:07 [TUniServerModule]:HTTP Server Started on Port: 8077
ERPImporta.exe: 000051A4: 09:11:04 []:>--------------------------------------------------------------<
ERPImporta.exe: 000051A4: 09:11:04 [TUniServerModule]:Server First Init.
ERPImporta.exe: 000051A4: 09:11:05 [TUniServerModule]:Start Path = D:\Projetos_WEB\ERP_Importa\
ERPImporta.exe: 000051A4: 09:11:05 [TUniServerModule]:Debug Mode = ON
ERPImporta.exe: 000051A4: 09:11:05 [TUniGUISessionManager]:Cache erase job created, Folder count: [1]
ERPImporta.exe: 000051A4: 09:11:05 [TUniServerModule]:Starting HTTP Server on Port: 8077...
ERPImporta.exe: 000051A4: 09:11:05 [TUniServerModule]:HTTP Server Started on Port: 8077
ERPImporta.exe: 00004100: 09:11:05 [127.0.0.1]:EUniSessionException : Sessão inváilda ou tempo da sessão expirado. (Session not found: Bg9wK8NXgq1107A9C7B ) : Addr: $007D0ED0
ERPImporta.exe: 00000610: 09:11:05 [127.0.0.1]:EUniSessionException : Sessão inváilda ou tempo da sessão expirado. (Session not found: Bg9wK8NXgq1107A9C7B ) : Addr: $007D0ED0
ERPImporta.exe: 00003C6C: 09:11:06 [127.0.0.1]:EUniSessionException : Sessão inváilda ou tempo da sessão expirado. (Session not found: Bg9wK8NXgq1107A9C7B ) : Addr: $007D0ED0
ERPImporta.exe: 000023E8: 09:11:31 [127.0.0.1]:EAccessViolation : Access violation at address 00B9E156 in module 'ERPImporta.exe'. Read of address 00000000 : Addr: $00B9E156
ERPImporta.exe: 000023E8: 09:11:34 [127.0.0.1]:EAccessViolation : Access violation at address 00B9E156 in module 'ERPImporta.exe'. Read of address 00000000 : Addr: $00B9E156
ERPImporta.exe: 00001814: 09:13:01 []:>--------------------------------------------------------------<
ERPImporta.exe: 00001814: 09:13:01 [TUniServerModule]:Server First Init.
ERPImporta.exe: 00001814: 09:13:01 [TUniServerModule]:Start Path = D:\Projetos_WEB\ERP_Importa\
ERPImporta.exe: 00001814: 09:13:01 [TUniServerModule]:Debug Mode = ON
ERPImporta.exe: 00001814: 09:13:01 [TUniGUISessionManager]:Cache erase job created, Folder count: [1]
ERPImporta.exe: 00001814: 09:13:01 [TUniServerModule]:Starting HTTP Server on Port: 8077...
ERPImporta.exe: 00001814: 09:13:01 [TUniServerModule]:HTTP Server Started on Port: 8077
ERPImporta.exe: 00003890: 09:13:02 [127.0.0.1]:EUniSessionException : Sessão inváilda ou tempo da sessão expirado. (Session not found: EETfElPwH31107A9CBF ) : Addr: $007D0ED0
ERPImporta.exe: 00005344: 09:13:02 [127.0.0.1]:EUniSessionException : Sessão inváilda ou tempo da sessão expirado. (Session not found: EETfElPwH31107A9CBF ) : Addr: $007D0ED0
ERPImporta.exe: 00000A9C: 10:05:00 []:>--------------------------------------------------------------<
ERPImporta.exe: 00000A9C: 10:05:00 [TUniServerModule]:Server First Init.
ERPImporta.exe: 00000A9C: 10:05:00 [TUniServerModule]:Start Path = D:\Projetos_WEB\ERP_Importa\
ERPImporta.exe: 00000A9C: 10:05:00 [TUniServerModule]:Debug Mode = ON
ERPImporta.exe: 00000A9C: 10:05:01 [TUniServerModule]:Starting HTTP Server on Port: 8077...
ERPImporta.exe: 00000A9C: 10:05:01 [TUniServerModule]:HTTP Server Started on Port: 8077
ERPImporta.exe: 00003E0C: 13:44:09 []:>--------------------------------------------------------------<
ERPImporta.exe: 00003E0C: 13:44:09 [TUniServerModule]:Server First Init.
ERPImporta.exe: 00003E0C: 13:44:09 [TUniServerModule]:Start Path = D:\Projetos_WEB\ERP_Importa\
ERPImporta.exe: 00003E0C: 13:44:09 [TUniServerModule]:Debug Mode = ON
ERPImporta.exe: 00003E0C: 13:44:09 [TUniServerModule]:Starting HTTP Server on Port: 8077...
ERPImporta.exe: 00003E0C: 13:44:09 [TUniServerModule]:HTTP Server Started on Port: 8077
ERPImporta.exe: 0000273C: 13:45:08 []:>--------------------------------------------------------------<
ERPImporta.exe: 0000273C: 13:45:08 [TUniServerModule]:Server First Init.
ERPImporta.exe: 0000273C: 13:45:08 [TUniServerModule]:Start Path = D:\Projetos_WEB\ERP_Importa\
ERPImporta.exe: 0000273C: 13:45:08 [TUniServerModule]:Debug Mode = ON
ERPImporta.exe: 0000273C: 13:45:08 [TUniGUISessionManager]:Cache erase job created, Folder count: [1]
ERPImporta.exe: 0000273C: 13:45:08 [TUniServerModule]:Starting HTTP Server on Port: 8077...
ERPImporta.exe: 0000273C: 13:45:08 [TUniServerModule]:HTTP Server Started on Port: 8077
ERPImporta.exe: 00002EE4: 13:47:30 []:>--------------------------------------------------------------<
ERPImporta.exe: 00002EE4: 13:47:30 [TUniServerModule]:Server First Init.
ERPImporta.exe: 00002EE4: 13:47:30 [TUniServerModule]:Start Path = D:\Projetos_WEB\ERP_Importa\
ERPImporta.exe: 00002EE4: 13:47:30 [TUniServerModule]:Debug Mode = ON
ERPImporta.exe: 00002EE4: 13:47:31 [TUniServerModule]:Starting HTTP Server on Port: 8077...
ERPImporta.exe: 00002EE4: 13:47:31 [TUniServerModule]:HTTP Server Started on Port: 8077
ERPImporta.exe: 0000061C: 13:48:38 []:>--------------------------------------------------------------<
ERPImporta.exe: 0000061C: 13:48:38 [TUniServerModule]:Server First Init.
ERPImporta.exe: 0000061C: 13:48:38 [TUniServerModule]:Start Path = D:\Projetos_WEB\ERP_Importa\
ERPImporta.exe: 0000061C: 13:48:38 [TUniServerModule]:Debug Mode = ON
ERPImporta.exe: 0000061C: 13:48:38 [TUniServerModule]:Starting HTTP Server on Port: 8077...
ERPImporta.exe: 0000061C: 13:48:38 [TUniServerModule]:HTTP Server Started on Port: 8077
ERPImporta.exe: 0000375C: 13:49:31 []:>--------------------------------------------------------------<
ERPImporta.exe: 0000375C: 13:49:31 [TUniServerModule]:Server First Init.
ERPImporta.exe: 0000375C: 13:49:31 [TUniServerModule]:Start Path = D:\Projetos_WEB\ERP_Importa\
ERPImporta.exe: 0000375C: 13:49:31 [TUniServerModule]:Debug Mode = ON
ERPImporta.exe: 0000375C: 13:49:31 [TUniServerModule]:Starting HTTP Server on Port: 8077...
ERPImporta.exe: 0000375C: 13:49:31 [TUniServerModule]:HTTP Server Started on Port: 8077
ERPImporta.exe: 00002298: 13:49:47 []:>--------------------------------------------------------------<
ERPImporta.exe: 00002298: 13:49:47 [TUniServerModule]:Server First Init.
ERPImporta.exe: 00002298: 13:49:47 [TUniServerModule]:Start Path = D:\Projetos_WEB\ERP_Importa\
ERPImporta.exe: 00002298: 13:49:47 [TUniServerModule]:Debug Mode = ON
ERPImporta.exe: 00002298: 13:49:47 [TUniGUISessionManager]:Cache erase job created, Folder count: [1]
ERPImporta.exe: 00002298: 13:49:47 [TUniServerModule]:Starting HTTP Server on Port: 8077...
ERPImporta.exe: 00002298: 13:49:47 [TUniServerModule]:HTTP Server Started on Port: 8077
ERPImporta.exe: 00002070: 13:49:51 [127.0.0.1]:EUniSessionException : Sessão inváilda ou tempo da sessão expirado. (Session not found: ulTvortkrw1107AE847 ) : Addr: $007D0ED0
ERPImporta.exe: 00003650: 13:51:25 []:>--------------------------------------------------------------<
ERPImporta.exe: 00003650: 13:51:25 [TUniServerModule]:Server First Init.
ERPImporta.exe: 00003650: 13:51:25 [TUniServerModule]:Start Path = D:\Projetos_WEB\ERP_Importa\
ERPImporta.exe: 00003650: 13:51:25 [TUniServerModule]:Debug Mode = ON
ERPImporta.exe: 00003650: 13:51:25 [TUniGUISessionManager]:Cache erase job created, Folder count: [1]
ERPImporta.exe: 00003650: 13:51:25 [TUniServerModule]:Starting HTTP Server on Port: 8077...
ERPImporta.exe: 00003650: 13:51:25 [TUniServerModule]:HTTP Server Started on Port: 8077
ERPImporta.exe: 00001DA0: 13:55:17 []:>--------------------------------------------------------------<
ERPImporta.exe: 00001DA0: 13:55:17 [TUniServerModule]:Server First Init.
ERPImporta.exe: 00001DA0: 13:55:17 [TUniServerModule]:Start Path = D:\Projetos_WEB\ERP_Importa\
ERPImporta.exe: 00001DA0: 13:55:17 [TUniServerModule]:Debug Mode = ON
ERPImporta.exe: 00001DA0: 13:55:17 [TUniGUISessionManager]:Cache erase job created, Folder count: [1]
ERPImporta.exe: 00001DA0: 13:55:18 [TUniServerModule]:Starting HTTP Server on Port: 8077...
ERPImporta.exe: 00001DA0: 13:55:18 [TUniServerModule]:HTTP Server Started on Port: 8077
ERPImporta.exe: 00003A38: 13:55:37 [127.0.0.1]:EUniSessionException : Sessão inváilda ou tempo da sessão expirado. (Session not found: VLCFScH4271107AE8CA ) : Addr: $007D0ED0
ERPImporta.exe: 00002458: 13:55:46 []:>--------------------------------------------------------------<
ERPImporta.exe: 00002458: 13:55:46 [TUniServerModule]:Server First Init.
ERPImporta.exe: 00002458: 13:55:46 [TUniServerModule]:Start Path = D:\Projetos_WEB\ERP_Importa\
ERPImporta.exe: 00002458: 13:55:46 [TUniServerModule]:Debug Mode = ON
ERPImporta.exe: 00002458: 13:55:47 [TUniServerModule]:Starting HTTP Server on Port: 8077...
ERPImporta.exe: 00002458: 13:55:47 [TUniServerModule]:HTTP Server Started on Port: 8077
ERPImporta.exe: 00004734: 13:58:00 []:>--------------------------------------------------------------<
ERPImporta.exe: 00004734: 13:58:00 [TUniServerModule]:Server First Init.
ERPImporta.exe: 00004734: 13:58:00 [TUniServerModule]:Start Path = D:\Projetos_WEB\ERP_Importa\
ERPImporta.exe: 00004734: 13:58:00 [TUniServerModule]:Debug Mode = ON
ERPImporta.exe: 00004734: 13:58:00 [TUniGUISessionManager]:Cache erase job created, Folder count: [1]
ERPImporta.exe: 00004734: 13:58:00 [TUniServerModule]:Starting HTTP Server on Port: 8077...
ERPImporta.exe: 00004734: 13:58:00 [TUniServerModule]:HTTP Server Started on Port: 8077
ERPImporta.exe: 00003A6C: 13:59:21 []:>--------------------------------------------------------------<
ERPImporta.exe: 00003A6C: 13:59:21 [TUniServerModule]:Server First Init.
ERPImporta.exe: 00003A6C: 13:59:21 [TUniServerModule]:Start Path = D:\Projetos_WEB\ERP_Importa\
ERPImporta.exe: 00003A6C: 13:59:21 [TUniServerModule]:Debug Mode = ON
ERPImporta.exe: 00003A6C: 13:59:21 [TUniGUISessionManager]:Cache erase job created, Folder count: [1]
ERPImporta.exe: 00003A6C: 13:59:21 [TUniServerModule]:Starting HTTP Server on Port: 8077...
ERPImporta.exe: 00003A6C: 13:59:22 [TUniServerModule]:HTTP Server Started on Port: 8077
ERPImporta.exe: 000002C4: 14:00:48 []:>--------------------------------------------------------------<
ERPImporta.exe: 000002C4: 14:00:48 [TUniServerModule]:Server First Init.
ERPImporta.exe: 000002C4: 14:00:48 [TUniServerModule]:Start Path = D:\Projetos_WEB\ERP_Importa\
ERPImporta.exe: 000002C4: 14:00:48 [TUniServerModule]:Debug Mode = ON
ERPImporta.exe: 000002C4: 14:00:48 [TUniGUISessionManager]:Cache erase job created, Folder count: [1]
ERPImporta.exe: 000002C4: 14:00:49 [TUniServerModule]:Starting HTTP Server on Port: 8077...
ERPImporta.exe: 000002C4: 14:00:49 [TUniServerModule]:HTTP Server Started on Port: 8077
ERPImporta.exe: 00002094: 14:01:00 [127.0.0.1]:EDatabaseError : PedidosNFItens: Dataset not in edit or insert mode : Addr: $00657A3A
ERPImporta.exe: 00001C7C: 14:01:16 []:>--------------------------------------------------------------<
ERPImporta.exe: 00001C7C: 14:01:16 [TUniServerModule]:Server First Init.
ERPImporta.exe: 00001C7C: 14:01:16 [TUniServerModule]:Start Path = D:\Projetos_WEB\ERP_Importa\
ERPImporta.exe: 00001C7C: 14:01:16 [TUniServerModule]:Debug Mode = ON
ERPImporta.exe: 00001C7C: 14:01:16 [TUniGUISessionManager]:Cache erase job created, Folder count: [1]
ERPImporta.exe: 00001C7C: 14:01:17 [TUniServerModule]:Starting HTTP Server on Port: 8077...
ERPImporta.exe: 00001C7C: 14:01:17 [TUniServerModule]:HTTP Server Started on Port: 8077
ERPImporta.exe: 000047D4: 14:03:55 []:>--------------------------------------------------------------<
ERPImporta.exe: 000047D4: 14:03:55 [TUniServerModule]:Server First Init.
ERPImporta.exe: 000047D4: 14:03:55 [TUniServerModule]:Start Path = D:\Projetos_WEB\ERP_Importa\
ERPImporta.exe: 000047D4: 14:03:55 [TUniServerModule]:Debug Mode = ON
ERPImporta.exe: 000047D4: 14:03:55 [TUniServerModule]:Starting HTTP Server on Port: 8077...
ERPImporta.exe: 000047D4: 14:03:55 [TUniServerModule]:HTTP Server Started on Port: 8077
ERPImporta.exe: 00002BF4: 14:05:12 []:>--------------------------------------------------------------<
ERPImporta.exe: 00002BF4: 14:05:12 [TUniServerModule]:Server First Init.
ERPImporta.exe: 00002BF4: 14:05:12 [TUniServerModule]:Start Path = D:\Projetos_WEB\ERP_Importa\
ERPImporta.exe: 00002BF4: 14:05:12 [TUniServerModule]:Debug Mode = ON
ERPImporta.exe: 00002BF4: 14:05:12 [TUniGUISessionManager]:Cache erase job created, Folder count: [1]
ERPImporta.exe: 00002BF4: 14:05:12 [TUniServerModule]:Starting HTTP Server on Port: 8077...
ERPImporta.exe: 00002BF4: 14:05:12 [TUniServerModule]:HTTP Server Started on Port: 8077
ERPImporta.exe: 00001DFC: 14:06:01 []:>--------------------------------------------------------------<
ERPImporta.exe: 00001DFC: 14:06:01 [TUniServerModule]:Server First Init.
ERPImporta.exe: 00001DFC: 14:06:01 [TUniServerModule]:Start Path = D:\Projetos_WEB\ERP_Importa\
ERPImporta.exe: 00001DFC: 14:06:01 [TUniServerModule]:Debug Mode = ON
ERPImporta.exe: 00001DFC: 14:06:01 [TUniGUISessionManager]:Cache erase job created, Folder count: [1]
ERPImporta.exe: 00001DFC: 14:06:01 [TUniServerModule]:Starting HTTP Server on Port: 8077...
ERPImporta.exe: 00001DFC: 14:06:01 [TUniServerModule]:HTTP Server Started on Port: 8077
ERPImporta.exe: 000044FC: 14:08:03 []:>--------------------------------------------------------------<
ERPImporta.exe: 000044FC: 14:08:03 [TUniServerModule]:Server First Init.
ERPImporta.exe: 000044FC: 14:08:03 [TUniServerModule]:Start Path = D:\Projetos_WEB\ERP_Importa\
ERPImporta.exe: 000044FC: 14:08:03 [TUniServerModule]:Debug Mode = ON
ERPImporta.exe: 000044FC: 14:08:03 [TUniGUISessionManager]:Cache erase job created, Folder count: [1]
ERPImporta.exe: 000044FC: 14:08:03 [TUniServerModule]:Starting HTTP Server on Port: 8077...
ERPImporta.exe: 000044FC: 14:08:03 [TUniServerModule]:HTTP Server Started on Port: 8077
ERPImporta.exe: 00003108: 14:10:54 []:>--------------------------------------------------------------<
ERPImporta.exe: 00003108: 14:10:54 [TUniServerModule]:Server First Init.
ERPImporta.exe: 00003108: 14:10:54 [TUniServerModule]:Start Path = D:\Projetos_WEB\ERP_Importa\
ERPImporta.exe: 00003108: 14:10:54 [TUniServerModule]:Debug Mode = ON
ERPImporta.exe: 00003108: 14:10:54 [TUniGUISessionManager]:Cache erase job created, Folder count: [1]
ERPImporta.exe: 00003108: 14:10:54 [TUniServerModule]:Starting HTTP Server on Port: 8077...
ERPImporta.exe: 00003108: 14:10:54 [TUniServerModule]:HTTP Server Started on Port: 8077
ERPImporta.exe: 0000353C: 14:11:47 []:>--------------------------------------------------------------<
ERPImporta.exe: 0000353C: 14:11:47 [TUniServerModule]:Server First Init.
ERPImporta.exe: 0000353C: 14:11:47 [TUniServerModule]:Start Path = D:\Projetos_WEB\ERP_Importa\
ERPImporta.exe: 0000353C: 14:11:47 [TUniServerModule]:Debug Mode = ON
ERPImporta.exe: 0000353C: 14:11:47 [TUniGUISessionManager]:Cache erase job created, Folder count: [1]
ERPImporta.exe: 0000353C: 14:11:48 [TUniServerModule]:Starting HTTP Server on Port: 8077...
ERPImporta.exe: 0000353C: 14:11:48 [TUniServerModule]:HTTP Server Started on Port: 8077
ERPImporta.exe: 00003C28: 14:13:42 []:>--------------------------------------------------------------<
ERPImporta.exe: 00003C28: 14:13:42 [TUniServerModule]:Server First Init.
ERPImporta.exe: 00003C28: 14:13:42 [TUniServerModule]:Start Path = D:\Projetos_WEB\ERP_Importa\
ERPImporta.exe: 00003C28: 14:13:42 [TUniServerModule]:Debug Mode = ON
ERPImporta.exe: 00003C28: 14:13:43 [TUniServerModule]:Starting HTTP Server on Port: 8077...
ERPImporta.exe: 00003C28: 14:13:43 [TUniServerModule]:HTTP Server Started on Port: 8077
ERPImporta.exe: 000029B8: 14:14:33 []:>--------------------------------------------------------------<
ERPImporta.exe: 000029B8: 14:14:33 [TUniServerModule]:Server First Init.
ERPImporta.exe: 000029B8: 14:14:33 [TUniServerModule]:Start Path = D:\Projetos_WEB\ERP_Importa\
ERPImporta.exe: 000029B8: 14:14:33 [TUniServerModule]:Debug Mode = ON
ERPImporta.exe: 000029B8: 14:14:33 [TUniGUISessionManager]:Cache erase job created, Folder count: [1]
ERPImporta.exe: 000029B8: 14:14:33 [TUniServerModule]:Starting HTTP Server on Port: 8077...
ERPImporta.exe: 000029B8: 14:14:33 [TUniServerModule]:HTTP Server Started on Port: 8077
ERPImporta.exe: 00001D70: 14:16:14 []:>--------------------------------------------------------------<
ERPImporta.exe: 00001D70: 14:16:14 [TUniServerModule]:Server First Init.
ERPImporta.exe: 00001D70: 14:16:14 [TUniServerModule]:Start Path = D:\Projetos_WEB\ERP_Importa\
ERPImporta.exe: 00001D70: 14:16:14 [TUniServerModule]:Debug Mode = ON
ERPImporta.exe: 00001D70: 14:16:14 [TUniGUISessionManager]:Cache erase job created, Folder count: [1]
ERPImporta.exe: 00001D70: 14:16:14 [TUniServerModule]:Starting HTTP Server on Port: 8077...
ERPImporta.exe: 00001D70: 14:16:14 [TUniServerModule]:HTTP Server Started on Port: 8077
ERPImporta.exe: 000046E8: 14:17:36 []:>--------------------------------------------------------------<
ERPImporta.exe: 000046E8: 14:17:36 [TUniServerModule]:Server First Init.
ERPImporta.exe: 000046E8: 14:17:36 [TUniServerModule]:Start Path = D:\Projetos_WEB\ERP_Importa\
ERPImporta.exe: 000046E8: 14:17:36 [TUniServerModule]:Debug Mode = ON
ERPImporta.exe: 000046E8: 14:17:36 [TUniGUISessionManager]:Cache erase job created, Folder count: [1]
ERPImporta.exe: 000046E8: 14:17:36 [TUniServerModule]:Starting HTTP Server on Port: 8077...
ERPImporta.exe: 000046E8: 14:17:36 [TUniServerModule]:HTTP Server Started on Port: 8077
ERPImporta.exe: 00000354: 14:20:01 []:>--------------------------------------------------------------<
ERPImporta.exe: 00000354: 14:20:01 [TUniServerModule]:Server First Init.
ERPImporta.exe: 00000354: 14:20:01 [TUniServerModule]:Start Path = D:\Projetos_WEB\ERP_Importa\
ERPImporta.exe: 00000354: 14:20:01 [TUniServerModule]:Debug Mode = ON
ERPImporta.exe: 00000354: 14:20:01 [TUniGUISessionManager]:Cache erase job created, Folder count: [1]
ERPImporta.exe: 00000354: 14:20:02 [TUniServerModule]:Starting HTTP Server on Port: 8077...
ERPImporta.exe: 00000354: 14:20:02 [TUniServerModule]:HTTP Server Started on Port: 8077
ERPImporta.exe: 00001964: 14:21:04 []:>--------------------------------------------------------------<
ERPImporta.exe: 00001964: 14:21:04 [TUniServerModule]:Server First Init.
ERPImporta.exe: 00001964: 14:21:04 [TUniServerModule]:Start Path = D:\Projetos_WEB\ERP_Importa\
ERPImporta.exe: 00001964: 14:21:04 [TUniServerModule]:Debug Mode = ON
ERPImporta.exe: 00001964: 14:21:04 [TUniGUISessionManager]:Cache erase job created, Folder count: [1]
ERPImporta.exe: 00001964: 14:21:04 [TUniServerModule]:Starting HTTP Server on Port: 8077...
ERPImporta.exe: 00001964: 14:21:04 [TUniServerModule]:HTTP Server Started on Port: 8077
ERPImporta.exe: 00001FA8: 14:23:03 []:>--------------------------------------------------------------<
ERPImporta.exe: 00001FA8: 14:23:03 [TUniServerModule]:Server First Init.
ERPImporta.exe: 00001FA8: 14:23:03 [TUniServerModule]:Start Path = D:\Projetos_WEB\ERP_Importa\
ERPImporta.exe: 00001FA8: 14:23:03 [TUniServerModule]:Debug Mode = ON
ERPImporta.exe: 00001FA8: 14:23:03 [TUniGUISessionManager]:Cache erase job created, Folder count: [1]
ERPImporta.exe: 00001FA8: 14:23:03 [TUniServerModule]:Starting HTTP Server on Port: 8077...
ERPImporta.exe: 00001FA8: 14:23:03 [TUniServerModule]:HTTP Server Started on Port: 8077
ERPImporta.exe: 00000E60: 14:25:13 []:>--------------------------------------------------------------<
ERPImporta.exe: 00000E60: 14:25:13 [TUniServerModule]:Server First Init.
ERPImporta.exe: 00000E60: 14:25:13 [TUniServerModule]:Start Path = D:\Projetos_WEB\ERP_Importa\
ERPImporta.exe: 00000E60: 14:25:13 [TUniServerModule]:Debug Mode = ON
ERPImporta.exe: 00000E60: 14:25:14 [TUniServerModule]:Starting HTTP Server on Port: 8077...
ERPImporta.exe: 00000E60: 14:25:14 [TUniServerModule]:HTTP Server Started on Port: 8077
ERPImporta.exe: 00002484: 14:28:05 []:>--------------------------------------------------------------<
ERPImporta.exe: 00002484: 14:28:05 [TUniServerModule]:Server First Init.
ERPImporta.exe: 00002484: 14:28:05 [TUniServerModule]:Start Path = D:\Projetos_WEB\ERP_Importa\
ERPImporta.exe: 00002484: 14:28:06 [TUniServerModule]:Debug Mode = ON
ERPImporta.exe: 00002484: 14:28:06 [TUniServerModule]:Starting HTTP Server on Port: 8077...
ERPImporta.exe: 00002484: 14:28:06 [TUniServerModule]:HTTP Server Started on Port: 8077
ERPImporta.exe: 000020CC: 14:37:52 []:>--------------------------------------------------------------<
ERPImporta.exe: 000020CC: 14:37:52 [TUniServerModule]:Server First Init.
ERPImporta.exe: 000020CC: 14:37:52 [TUniServerModule]:Start Path = D:\Projetos_WEB\ERP_Importa\
ERPImporta.exe: 000020CC: 14:37:52 [TUniServerModule]:Debug Mode = ON
ERPImporta.exe: 000020CC: 14:37:52 [TUniServerModule]:Starting HTTP Server on Port: 8077...
ERPImporta.exe: 000020CC: 14:37:52 [TUniServerModule]:HTTP Server Started on Port: 8077
ERPImporta.exe: 00001A08: 14:38:08 [127.0.0.1]:EDatabaseError : tFormulas: Field 'Desativado' not found : Addr: $00657A3A
ERPImporta.exe: 00002A14: 14:39:05 []:>--------------------------------------------------------------<
ERPImporta.exe: 00002A14: 14:39:05 [TUniServerModule]:Server First Init.
ERPImporta.exe: 00002A14: 14:39:05 [TUniServerModule]:Start Path = D:\Projetos_WEB\ERP_Importa\
ERPImporta.exe: 00002A14: 14:39:05 [TUniServerModule]:Debug Mode = ON
ERPImporta.exe: 00002A14: 14:39:05 [TUniGUISessionManager]:Cache erase job created, Folder count: [1]
ERPImporta.exe: 00002A14: 14:39:05 [TUniServerModule]:Starting HTTP Server on Port: 8077...
ERPImporta.exe: 00002A14: 14:39:05 [TUniServerModule]:HTTP Server Started on Port: 8077
ERPImporta.exe: 00000504: 14:39:25 [127.0.0.1]:EDatabaseError : tFormulas: Field 'Desativado' not found : Addr: $00657A3A
ERPImporta.exe: 00000504: 14:39:29 [127.0.0.1]:EDatabaseError : tFormulas: Field 'Desativado' not found : Addr: $00657A3A
ERPImporta.exe: 00002724: 14:40:10 []:>--------------------------------------------------------------<
ERPImporta.exe: 00002724: 14:40:10 [TUniServerModule]:Server First Init.
ERPImporta.exe: 00002724: 14:40:10 [TUniServerModule]:Start Path = D:\Projetos_WEB\ERP_Importa\
ERPImporta.exe: 00002724: 14:40:10 [TUniServerModule]:Debug Mode = ON
ERPImporta.exe: 00002724: 14:40:10 [TUniGUISessionManager]:Cache erase job created, Folder count: [1]
ERPImporta.exe: 00002724: 14:40:10 [TUniServerModule]:Starting HTTP Server on Port: 8077...
ERPImporta.exe: 00002724: 14:40:10 [TUniServerModule]:HTTP Server Started on Port: 8077
ERPImporta.exe: 0000331C: 14:40:10 [127.0.0.1]:EUniSessionException : Sessão inváilda ou tempo da sessão expirado. (Session not found: hME9jza8hg1107AF5B9 ) : Addr: $007D0ED0
ERPImporta.exe: 00000BE0: 14:40:10 [127.0.0.1]:EUniSessionException : Sessão inváilda ou tempo da sessão expirado. (Session not found: hME9jza8hg1107AF5B9 ) : Addr: $007D0ED0
ERPImporta.exe: 000020A0: 14:44:04 []:>--------------------------------------------------------------<
ERPImporta.exe: 000020A0: 14:44:04 [TUniServerModule]:Server First Init.
ERPImporta.exe: 000020A0: 14:44:04 [TUniServerModule]:Start Path = D:\Projetos_WEB\ERP_Importa\
ERPImporta.exe: 000020A0: 14:44:04 [TUniServerModule]:Debug Mode = ON
ERPImporta.exe: 000020A0: 14:44:05 [TUniServerModule]:Starting HTTP Server on Port: 8077...
ERPImporta.exe: 000020A0: 14:44:05 [TUniServerModule]:HTTP Server Started on Port: 8077
ERPImporta.exe: 000025AC: 14:47:54 []:>--------------------------------------------------------------<
ERPImporta.exe: 000025AC: 14:47:54 [TUniServerModule]:Server First Init.
ERPImporta.exe: 000025AC: 14:47:54 [TUniServerModule]:Start Path = D:\Projetos_WEB\ERP_Importa\
ERPImporta.exe: 000025AC: 14:47:54 [TUniServerModule]:Debug Mode = ON
ERPImporta.exe: 000025AC: 14:47:54 [TUniGUISessionManager]:Cache erase job created, Folder count: [1]
ERPImporta.exe: 000025AC: 14:47:54 [TUniServerModule]:Starting HTTP Server on Port: 8077...
ERPImporta.exe: 000025AC: 14:47:54 [TUniServerModule]:HTTP Server Started on Port: 8077
ERPImporta.exe: 000046B4: 14:57:52 []:>--------------------------------------------------------------<
ERPImporta.exe: 000046B4: 14:57:52 [TUniServerModule]:Server First Init.
ERPImporta.exe: 000046B4: 14:57:52 [TUniServerModule]:Start Path = D:\Projetos_WEB\ERP_Importa\
ERPImporta.exe: 000046B4: 14:57:52 [TUniServerModule]:Debug Mode = ON
ERPImporta.exe: 000046B4: 14:57:52 [TUniGUISessionManager]:Cache erase job created, Folder count: [1]
ERPImporta.exe: 000046B4: 14:57:52 [TUniServerModule]:Starting HTTP Server on Port: 8077...
ERPImporta.exe: 000046B4: 14:57:52 [TUniServerModule]:HTTP Server Started on Port: 8077
ERPImporta.exe: 00001FA8: 14:58:20 [127.0.0.1]:EUniSessionException : Sessão inváilda ou tempo da sessão expirado. (Session not found: cNqDNNSfCr1107AF81E ) : Addr: $007D0ED0
ERPImporta.exe: 00003374: 14:59:32 []:>--------------------------------------------------------------<
ERPImporta.exe: 00003374: 14:59:32 [TUniServerModule]:Server First Init.
ERPImporta.exe: 00003374: 14:59:32 [TUniServerModule]:Start Path = D:\Projetos_WEB\ERP_Importa\
ERPImporta.exe: 00003374: 14:59:32 [TUniServerModule]:Debug Mode = ON
ERPImporta.exe: 00003374: 14:59:32 [TUniGUISessionManager]:Cache erase job created, Folder count: [1]
ERPImporta.exe: 00003374: 14:59:32 [TUniServerModule]:Starting HTTP Server on Port: 8077...
ERPImporta.exe: 00003374: 14:59:32 [TUniServerModule]:HTTP Server Started on Port: 8077
ERPImporta.exe: 00002DA4: 15:05:09 []:>--------------------------------------------------------------<
ERPImporta.exe: 00002DA4: 15:05:09 [TUniServerModule]:Server First Init.
ERPImporta.exe: 00002DA4: 15:05:09 [TUniServerModule]:Start Path = D:\Projetos_WEB\ERP_Importa\
ERPImporta.exe: 00002DA4: 15:05:09 [TUniServerModule]:Debug Mode = ON
ERPImporta.exe: 00002DA4: 15:05:09 [TUniGUISessionManager]:Cache erase job created, Folder count: [1]
ERPImporta.exe: 00002DA4: 15:05:09 [TUniServerModule]:Starting HTTP Server on Port: 8077...
ERPImporta.exe: 00002DA4: 15:05:10 [TUniServerModule]:HTTP Server Started on Port: 8077
ERPImporta.exe: 0000089C: 15:05:45 []:>--------------------------------------------------------------<
ERPImporta.exe: 0000089C: 15:05:45 [TUniServerModule]:Server First Init.
ERPImporta.exe: 0000089C: 15:05:45 [TUniServerModule]:Start Path = D:\Projetos_WEB\ERP_Importa\
ERPImporta.exe: 0000089C: 15:05:45 [TUniServerModule]:Debug Mode = ON
ERPImporta.exe: 0000089C: 15:05:45 [TUniGUISessionManager]:Cache erase job created, Folder count: [1]
ERPImporta.exe: 0000089C: 15:05:46 [TUniServerModule]:Starting HTTP Server on Port: 8077...
ERPImporta.exe: 0000089C: 15:05:46 [TUniServerModule]:HTTP Server Started on Port: 8077
ERPImporta.exe: 0000431C: 15:08:04 []:>--------------------------------------------------------------<
ERPImporta.exe: 0000431C: 15:08:04 [TUniServerModule]:Server First Init.
ERPImporta.exe: 0000431C: 15:08:04 [TUniServerModule]:Start Path = D:\Projetos_WEB\ERP_Importa\
ERPImporta.exe: 0000431C: 15:08:04 [TUniServerModule]:Debug Mode = ON
ERPImporta.exe: 0000431C: 15:08:05 [TUniGUISessionManager]:Cache erase job created, Folder count: [1]
ERPImporta.exe: 0000431C: 15:08:05 [TUniServerModule]:Starting HTTP Server on Port: 8077...
ERPImporta.exe: 0000431C: 15:08:05 [TUniServerModule]:HTTP Server Started on Port: 8077
ERPImporta.exe: 00002528: 15:08:42 []:>--------------------------------------------------------------<
ERPImporta.exe: 00002528: 15:08:42 [TUniServerModule]:Server First Init.
ERPImporta.exe: 00002528: 15:08:42 [TUniServerModule]:Start Path = D:\Projetos_WEB\ERP_Importa\
ERPImporta.exe: 00002528: 15:08:42 [TUniServerModule]:Debug Mode = ON
ERPImporta.exe: 00002528: 15:08:42 [TUniGUISessionManager]:Cache erase job created, Folder count: [1]
ERPImporta.exe: 00002528: 15:08:42 [TUniServerModule]:Starting HTTP Server on Port: 8077...
ERPImporta.exe: 00002528: 15:08:42 [TUniServerModule]:HTTP Server Started on Port: 8077
ERPImporta.exe: 00004480: 15:11:37 []:>--------------------------------------------------------------<
ERPImporta.exe: 00004480: 15:11:37 [TUniServerModule]:Server First Init.
ERPImporta.exe: 00004480: 15:11:37 [TUniServerModule]:Start Path = D:\Projetos_WEB\ERP_Importa\
ERPImporta.exe: 00004480: 15:11:37 [TUniServerModule]:Debug Mode = ON
ERPImporta.exe: 00004480: 15:11:37 [TUniServerModule]:Starting HTTP Server on Port: 8077...
ERPImporta.exe: 00004480: 15:11:37 [TUniServerModule]:HTTP Server Started on Port: 8077
ERPImporta.exe: 00002790: 15:13:06 []:>--------------------------------------------------------------<
ERPImporta.exe: 00002790: 15:13:06 [TUniServerModule]:Server First Init.
ERPImporta.exe: 00002790: 15:13:06 [TUniServerModule]:Start Path = D:\Projetos_WEB\ERP_Importa\
ERPImporta.exe: 00002790: 15:13:06 [TUniServerModule]:Debug Mode = ON
ERPImporta.exe: 00002790: 15:13:06 [TUniGUISessionManager]:Cache erase job created, Folder count: [1]
ERPImporta.exe: 00002790: 15:13:06 [TUniServerModule]:Starting HTTP Server on Port: 8077...
ERPImporta.exe: 00002790: 15:13:06 [TUniServerModule]:HTTP Server Started on Port: 8077
ERPImporta.exe: 00003B48: 15:13:40 []:>--------------------------------------------------------------<
ERPImporta.exe: 00003B48: 15:13:40 [TUniServerModule]:Server First Init.
ERPImporta.exe: 00003B48: 15:13:40 [TUniServerModule]:Start Path = D:\Projetos_WEB\ERP_Importa\
ERPImporta.exe: 00003B48: 15:13:40 [TUniServerModule]:Debug Mode = ON
ERPImporta.exe: 00003B48: 15:13:40 [TUniGUISessionManager]:Cache erase job created, Folder count: [1]
ERPImporta.exe: 00003B48: 15:13:40 [TUniServerModule]:Starting HTTP Server on Port: 8077...
ERPImporta.exe: 00003B48: 15:13:40 [TUniServerModule]:HTTP Server Started on Port: 8077
ERPImporta.exe: 000007FC: 15:14:12 []:>--------------------------------------------------------------<
ERPImporta.exe: 000007FC: 15:14:12 [TUniServerModule]:Server First Init.
ERPImporta.exe: 000007FC: 15:14:12 [TUniServerModule]:Start Path = D:\Projetos_WEB\ERP_Importa\
ERPImporta.exe: 000007FC: 15:14:12 [TUniServerModule]:Debug Mode = ON
ERPImporta.exe: 000007FC: 15:14:12 [TUniGUISessionManager]:Cache erase job created, Folder count: [1]
ERPImporta.exe: 000007FC: 15:14:12 [TUniServerModule]:Starting HTTP Server on Port: 8077...
ERPImporta.exe: 000007FC: 15:14:12 [TUniServerModule]:HTTP Server Started on Port: 8077
ERPImporta.exe: 000010B4: 15:15:07 []:>--------------------------------------------------------------<
ERPImporta.exe: 000010B4: 15:15:07 [TUniServerModule]:Server First Init.
ERPImporta.exe: 000010B4: 15:15:07 [TUniServerModule]:Start Path = D:\Projetos_WEB\ERP_Importa\
ERPImporta.exe: 000010B4: 15:15:07 [TUniServerModule]:Debug Mode = ON
ERPImporta.exe: 000010B4: 15:15:07 [TUniGUISessionManager]:Cache erase job created, Folder count: [1]
ERPImporta.exe: 000010B4: 15:15:07 [TUniServerModule]:Starting HTTP Server on Port: 8077...
ERPImporta.exe: 000010B4: 15:15:07 [TUniServerModule]:HTTP Server Started on Port: 8077
ERPImporta.exe: 000047B0: 15:15:48 []:>--------------------------------------------------------------<
ERPImporta.exe: 000047B0: 15:15:48 [TUniServerModule]:Server First Init.
ERPImporta.exe: 000047B0: 15:15:48 [TUniServerModule]:Start Path = D:\Projetos_WEB\ERP_Importa\
ERPImporta.exe: 000047B0: 15:15:48 [TUniServerModule]:Debug Mode = ON
ERPImporta.exe: 000047B0: 15:15:49 [TUniServerModule]:Starting HTTP Server on Port: 8077...
ERPImporta.exe: 000047B0: 15:15:49 [TUniServerModule]:HTTP Server Started on Port: 8077
ERPImporta.exe: 00000B74: 15:30:27 []:>--------------------------------------------------------------<
ERPImporta.exe: 00000B74: 15:30:27 [TUniServerModule]:Server First Init.
ERPImporta.exe: 00000B74: 15:30:27 [TUniServerModule]:Start Path = D:\Projetos_WEB\ERP_Importa\
ERPImporta.exe: 00000B74: 15:30:27 [TUniServerModule]:Debug Mode = ON
ERPImporta.exe: 00000B74: 15:30:27 [TUniGUISessionManager]:Cache erase job created, Folder count: [1]
ERPImporta.exe: 00000B74: 15:30:28 [TUniServerModule]:Starting HTTP Server on Port: 8077...
ERPImporta.exe: 00000B74: 15:30:28 [TUniServerModule]:HTTP Server Started on Port: 8077
ERPImporta.exe: 00001BCC: 15:33:55 []:>--------------------------------------------------------------<
ERPImporta.exe: 00001BCC: 15:33:55 [TUniServerModule]:Server First Init.
ERPImporta.exe: 00001BCC: 15:33:55 [TUniServerModule]:Start Path = D:\Projetos_WEB\ERP_Importa\
ERPImporta.exe: 00001BCC: 15:33:55 [TUniServerModule]:Debug Mode = ON
ERPImporta.exe: 00001BCC: 15:33:55 [TUniGUISessionManager]:Cache erase job created, Folder count: [1]
ERPImporta.exe: 00001BCC: 15:33:55 [TUniServerModule]:Starting HTTP Server on Port: 8077...
ERPImporta.exe: 00001BCC: 15:33:55 [TUniServerModule]:HTTP Server Started on Port: 8077
ERPImporta.exe: 00002EC8: 15:38:58 []:>--------------------------------------------------------------<
ERPImporta.exe: 00002EC8: 15:38:58 [TUniServerModule]:Server First Init.
ERPImporta.exe: 00002EC8: 15:38:58 [TUniServerModule]:Start Path = D:\Projetos_WEB\ERP_Importa\
ERPImporta.exe: 00002EC8: 15:38:58 [TUniServerModule]:Debug Mode = ON
ERPImporta.exe: 00002EC8: 15:38:58 [TUniGUISessionManager]:Cache erase job created, Folder count: [1]
ERPImporta.exe: 00002EC8: 15:38:59 [TUniServerModule]:Starting HTTP Server on Port: 8077...
ERPImporta.exe: 00002EC8: 15:38:59 [TUniServerModule]:HTTP Server Started on Port: 8077
ERPImporta.exe: 00000880: 16:07:13 []:>--------------------------------------------------------------<
ERPImporta.exe: 00000880: 16:07:13 [TUniServerModule]:Server First Init.
ERPImporta.exe: 00000880: 16:07:13 [TUniServerModule]:Start Path = D:\Projetos_WEB\ERP_Importa\
ERPImporta.exe: 00000880: 16:07:13 [TUniServerModule]:Debug Mode = ON
ERPImporta.exe: 00000880: 16:07:13 [TUniGUISessionManager]:Cache erase job created, Folder count: [1]
ERPImporta.exe: 00000880: 16:07:14 [TUniServerModule]:Starting HTTP Server on Port: 8077...
ERPImporta.exe: 00000880: 16:07:14 [TUniServerModule]:HTTP Server Started on Port: 8077
ERPImporta.exe: 000044AC: 16:08:34 [127.0.0.1]:EAccessViolation : Access violation at address 00B9EB88 in module 'ERPImporta.exe'. Read of address 00000000 : Addr: $00B9EB88
ERPImporta.exe: 000009E0: 16:10:32 []:>--------------------------------------------------------------<
ERPImporta.exe: 000009E0: 16:10:32 [TUniServerModule]:Server First Init.
ERPImporta.exe: 000009E0: 16:10:32 [TUniServerModule]:Start Path = D:\Projetos_WEB\ERP_Importa\
ERPImporta.exe: 000009E0: 16:10:32 [TUniServerModule]:Debug Mode = ON
ERPImporta.exe: 000009E0: 16:10:33 [TUniGUISessionManager]:Cache erase job created, Folder count: [1]
ERPImporta.exe: 000009E0: 16:10:33 [TUniServerModule]:Starting HTTP Server on Port: 8077...
ERPImporta.exe: 000009E0: 16:10:33 [TUniServerModule]:HTTP Server Started on Port: 8077
ERPImporta.exe: 0000188C: 16:11:28 [127.0.0.1]:EAccessViolation : Access violation at address 00B9EB88 in module 'ERPImporta.exe'. Read of address 00000000 : Addr: $00B9EB88
ERPImporta.exe: 0000188C: 16:11:30 [127.0.0.1]:EAccessViolation : Access violation at address 00B9EB88 in module 'ERPImporta.exe'. Read of address 00000000 : Addr: $00B9EB88
ERPImporta.exe: 00003AF0: 16:11:46 []:>--------------------------------------------------------------<
ERPImporta.exe: 00003AF0: 16:11:46 [TUniServerModule]:Server First Init.
ERPImporta.exe: 00003AF0: 16:11:46 [TUniServerModule]:Start Path = D:\Projetos_WEB\ERP_Importa\
ERPImporta.exe: 00003AF0: 16:11:47 [TUniServerModule]:Debug Mode = ON
ERPImporta.exe: 00003AF0: 16:11:47 [TUniGUISessionManager]:Cache erase job created, Folder count: [1]
ERPImporta.exe: 00003AF0: 16:11:47 [TUniServerModule]:Starting HTTP Server on Port: 8077...
ERPImporta.exe: 00003AF0: 16:11:47 [TUniServerModule]:HTTP Server Started on Port: 8077
ERPImporta.exe: 00003314: 16:12:00 [127.0.0.1]:EDatabaseError : PedidosNFItens: Dataset not in edit or insert mode : Addr: $00657A3A
ERPImporta.exe: 00002774: 16:12:25 []:>--------------------------------------------------------------<
ERPImporta.exe: 00002774: 16:12:25 [TUniServerModule]:Server First Init.
ERPImporta.exe: 00002774: 16:12:25 [TUniServerModule]:Start Path = D:\Projetos_WEB\ERP_Importa\
ERPImporta.exe: 00002774: 16:12:25 [TUniServerModule]:Debug Mode = ON
ERPImporta.exe: 00002774: 16:12:25 [TUniServerModule]:Starting HTTP Server on Port: 8077...
ERPImporta.exe: 00002774: 16:12:25 [TUniServerModule]:HTTP Server Started on Port: 8077
ERPImporta.exe: 00004788: 16:18:19 []:>--------------------------------------------------------------<
ERPImporta.exe: 00004788: 16:18:19 [TUniServerModule]:Server First Init.
ERPImporta.exe: 00004788: 16:18:19 [TUniServerModule]:Start Path = D:\Projetos_WEB\ERP_Importa\
ERPImporta.exe: 00004788: 16:18:19 [TUniServerModule]:Debug Mode = ON
ERPImporta.exe: 00004788: 16:18:19 [TUniGUISessionManager]:Cache erase job created, Folder count: [1]
ERPImporta.exe: 00004788: 16:18:19 [TUniServerModule]:Starting HTTP Server on Port: 8077...
ERPImporta.exe: 00004788: 16:18:19 [TUniServerModule]:HTTP Server Started on Port: 8077
ERPImporta.exe: 00000DD8: 16:25:02 []:>--------------------------------------------------------------<
ERPImporta.exe: 00000DD8: 16:25:02 [TUniServerModule]:Server First Init.
ERPImporta.exe: 00000DD8: 16:25:03 [TUniServerModule]:Start Path = D:\Projetos_WEB\ERP_Importa\
ERPImporta.exe: 00000DD8: 16:25:03 [TUniServerModule]:Debug Mode = ON
ERPImporta.exe: 00000DD8: 16:25:03 [TUniServerModule]:Starting HTTP Server on Port: 8077...
ERPImporta.exe: 00000DD8: 16:25:03 [TUniServerModule]:HTTP Server Started on Port: 8077
ERPImporta.exe: 00001FB0: 16:25:57 []:>--------------------------------------------------------------<
ERPImporta.exe: 00001FB0: 16:25:57 [TUniServerModule]:Server First Init.
ERPImporta.exe: 00001FB0: 16:25:57 [TUniServerModule]:Start Path = D:\Projetos_WEB\ERP_Importa\
ERPImporta.exe: 00001FB0: 16:25:57 [TUniGUISessionManager]:Cache erase job created, Folder count: [1]
ERPImporta.exe: 00001FB0: 16:25:57 [TUniServerModule]:Starting HTTP Server on Port: 8077...
ERPImporta.exe: 00001FB0: 16:25:57 [TUniServerModule]:HTTP Server Started on Port: 8077
ERPImporta.exe: 000042A8: 16:30:32 []:>--------------------------------------------------------------<
ERPImporta.exe: 000042A8: 16:30:32 [TUniServerModule]:Server First Init.
ERPImporta.exe: 000042A8: 16:30:32 [TUniServerModule]:Start Path = D:\Projetos_WEB\ERP_Importa\
ERPImporta.exe: 000042A8: 16:30:32 [TUniServerModule]:Debug Mode = ON
ERPImporta.exe: 000042A8: 16:30:32 [TUniServerModule]:Starting HTTP Server on Port: 8077...
ERPImporta.exe: 000042A8: 16:30:32 [TUniServerModule]:HTTP Server Started on Port: 8077
ERPImporta.exe: 000041A8: 16:30:57 [127.0.0.1]:Exception : Blocking method Execute() could not be called. : Addr: $00835C98
ERPImporta.exe: 000041A8: 16:31:01 [127.0.0.1]:Exception : Blocking method Execute() could not be called. : Addr: $00835C98
ERPImporta.exe: 000041A4: 16:32:24 []:>--------------------------------------------------------------<
ERPImporta.exe: 000041A4: 16:32:24 [TUniServerModule]:Server First Init.
ERPImporta.exe: 000041A4: 16:32:25 [TUniServerModule]:Start Path = D:\Projetos_WEB\ERP_Importa\
ERPImporta.exe: 000041A4: 16:32:25 [TUniServerModule]:Debug Mode = ON
ERPImporta.exe: 000041A4: 16:32:25 [TUniGUISessionManager]:Cache erase job created, Folder count: [1]
ERPImporta.exe: 000041A4: 16:32:25 [TUniServerModule]:Starting HTTP Server on Port: 8077...
ERPImporta.exe: 000041A4: 16:32:25 [TUniServerModule]:HTTP Server Started on Port: 8077
ERPImporta.exe: 00003564: 16:34:03 [127.0.0.1]:Exception : Blocking method Execute() could not be called. : Addr: $00835C98
ERPImporta.exe: 00003564: 16:34:06 [127.0.0.1]:Exception : Blocking method Execute() could not be called. : Addr: $00835C98
ERPImporta.exe: 00003564: 16:35:18 [127.0.0.1]:Exception : Blocking method Execute() could not be called. : Addr: $00835C98
ERPImporta.exe: 00003D38: 16:40:03 []:>--------------------------------------------------------------<
ERPImporta.exe: 00003D38: 16:40:03 [TUniServerModule]:Server First Init.
ERPImporta.exe: 00003D38: 16:40:03 [TUniServerModule]:Start Path = D:\Projetos_WEB\ERP_Importa\
ERPImporta.exe: 00003D38: 16:40:03 [TUniGUISessionManager]:Cache erase job created, Folder count: [1]
ERPImporta.exe: 00003D38: 16:40:03 [TUniServerModule]:Starting HTTP Server on Port: 8077...
ERPImporta.exe: 00003D38: 16:40:03 [TUniServerModule]:HTTP Server Started on Port: 8077
ERPImporta.exe: 0000279C: 16:40:23 [127.0.0.1]:Exception : Blocking method Execute() could not be called. : Addr: $00835C98
ERPImporta.exe: 0000279C: 16:40:27 [127.0.0.1]:Exception : Blocking method Execute() could not be called. : Addr: $00835C98
ERPImporta.exe: 0000279C: 16:40:29 [127.0.0.1]:Exception : Blocking method Execute() could not be called. : Addr: $00835C98
ERPImporta.exe: 0000279C: 16:40:30 [127.0.0.1]:Exception : Blocking method Execute() could not be called. : Addr: $00835C98
ERPImporta.exe: 0000279C: 16:40:30 [127.0.0.1]:Exception : Blocking method Execute() could not be called. : Addr: $00835C98
ERPImporta.exe: 0000279C: 16:40:31 [127.0.0.1]:Exception : Blocking method Execute() could not be called. : Addr: $00835C98
ERPImporta.exe: 0000279C: 16:40:32 [127.0.0.1]:Exception : Blocking method Execute() could not be called. : Addr: $00835C98
ERPImporta.exe: 0000279C: 16:40:35 [127.0.0.1]:Exception : Blocking method Execute() could not be called. : Addr: $00835C98
ERPImporta.exe: 0000279C: 16:40:38 [127.0.0.1]:Exception : Blocking method Execute() could not be called. : Addr: $00835C98
ERPImporta.exe: 0000279C: 16:40:38 [127.0.0.1]:Exception : Blocking method Execute() could not be called. : Addr: $00835C98
ERPImporta.exe: 0000279C: 16:40:39 [127.0.0.1]:Exception : Blocking method Execute() could not be called. : Addr: $00835C98
ERPImporta.exe: 0000279C: 16:40:39 [127.0.0.1]:Exception : Blocking method Execute() could not be called. : Addr: $00835C98
ERPImporta.exe: 0000279C: 16:40:39 [127.0.0.1]:Exception : Blocking method Execute() could not be called. : Addr: $00835C98
ERPImporta.exe: 0000279C: 16:40:39 [127.0.0.1]:Exception : Blocking method Execute() could not be called. : Addr: $00835C98
ERPImporta.exe: 0000279C: 16:40:39 [127.0.0.1]:Exception : Blocking method Execute() could not be called. : Addr: $00835C98
ERPImporta.exe: 0000279C: 16:40:39 [127.0.0.1]:Exception : Blocking method Execute() could not be called. : Addr: $00835C98
ERPImporta.exe: 0000279C: 16:40:40 [127.0.0.1]:Exception : Blocking method Execute() could not be called. : Addr: $00835C98
ERPImporta.exe: 0000279C: 16:40:40 [127.0.0.1]:Exception : Blocking method Execute() could not be called. : Addr: $00835C98
ERPImporta.exe: 0000279C: 16:40:40 [127.0.0.1]:Exception : Blocking method Execute() could not be called. : Addr: $00835C98
ERPImporta.exe: 0000279C: 16:40:40 [127.0.0.1]:Exception : Blocking method Execute() could not be called. : Addr: $00835C98
ERPImporta.exe: 0000279C: 16:40:40 [127.0.0.1]:Exception : Blocking method Execute() could not be called. : Addr: $00835C98
ERPImporta.exe: 0000279C: 16:40:40 [127.0.0.1]:Exception : Blocking method Execute() could not be called. : Addr: $00835C98
ERPImporta.exe: 0000279C: 16:40:41 [127.0.0.1]:Exception : Blocking method Execute() could not be called. : Addr: $00835C98
ERPImporta.exe: 0000279C: 16:40:41 [127.0.0.1]:Exception : Blocking method Execute() could not be called. : Addr: $00835C98
ERPImporta.exe: 0000279C: 16:40:41 [127.0.0.1]:Exception : Blocking method Execute() could not be called. : Addr: $00835C98
ERPImporta.exe: 0000279C: 16:40:41 [127.0.0.1]:Exception : Blocking method Execute() could not be called. : Addr: $00835C98
ERPImporta.exe: 0000279C: 16:40:41 [127.0.0.1]:Exception : Blocking method Execute() could not be called. : Addr: $00835C98
ERPImporta.exe: 0000279C: 16:40:42 [127.0.0.1]:Exception : Blocking method Execute() could not be called. : Addr: $00835C98
ERPImporta.exe: 0000279C: 16:40:42 [127.0.0.1]:Exception : Blocking method Execute() could not be called. : Addr: $00835C98
ERPImporta.exe: 0000279C: 16:40:42 [127.0.0.1]:Exception : Blocking method Execute() could not be called. : Addr: $00835C98
ERPImporta.exe: 0000279C: 16:40:42 [127.0.0.1]:Exception : Blocking method Execute() could not be called. : Addr: $00835C98
ERPImporta.exe: 0000279C: 16:40:42 [127.0.0.1]:Exception : Blocking method Execute() could not be called. : Addr: $00835C98
ERPImporta.exe: 0000279C: 16:40:42 [127.0.0.1]:Exception : Blocking method Execute() could not be called. : Addr: $00835C98
ERPImporta.exe: 0000279C: 16:40:43 [127.0.0.1]:Exception : Blocking method Execute() could not be called. : Addr: $00835C98
ERPImporta.exe: 0000279C: 16:40:43 [127.0.0.1]:Exception : Blocking method Execute() could not be called. : Addr: $00835C98
ERPImporta.exe: 0000279C: 16:40:43 [127.0.0.1]:Exception : Blocking method Execute() could not be called. : Addr: $00835C98
ERPImporta.exe: 0000279C: 16:40:43 [127.0.0.1]:Exception : Blocking method Execute() could not be called. : Addr: $00835C98
ERPImporta.exe: 0000279C: 16:40:43 [127.0.0.1]:Exception : Blocking method Execute() could not be called. : Addr: $00835C98
ERPImporta.exe: 0000279C: 16:40:44 [127.0.0.1]:Exception : Blocking method Execute() could not be called. : Addr: $00835C98
ERPImporta.exe: 0000279C: 16:40:44 [127.0.0.1]:Exception : Blocking method Execute() could not be called. : Addr: $00835C98
ERPImporta.exe: 0000279C: 16:40:44 [127.0.0.1]:Exception : Blocking method Execute() could not be called. : Addr: $00835C98
ERPImporta.exe: 0000279C: 16:40:44 [127.0.0.1]:Exception : Blocking method Execute() could not be called. : Addr: $00835C98
ERPImporta.exe: 0000279C: 16:40:44 [127.0.0.1]:Exception : Blocking method Execute() could not be called. : Addr: $00835C98
ERPImporta.exe: 0000279C: 16:40:45 [127.0.0.1]:Exception : Blocking method Execute() could not be called. : Addr: $00835C98
ERPImporta.exe: 0000279C: 16:40:45 [127.0.0.1]:Exception : Blocking method Execute() could not be called. : Addr: $00835C98
ERPImporta.exe: 0000279C: 16:40:45 [127.0.0.1]:Exception : Blocking method Execute() could not be called. : Addr: $00835C98
ERPImporta.exe: 0000279C: 16:40:45 [127.0.0.1]:Exception : Blocking method Execute() could not be called. : Addr: $00835C98
ERPImporta.exe: 0000279C: 16:40:45 [127.0.0.1]:Exception : Blocking method Execute() could not be called. : Addr: $00835C98
ERPImporta.exe: 0000279C: 16:40:45 [127.0.0.1]:Exception : Blocking method Execute() could not be called. : Addr: $00835C98
ERPImporta.exe: 0000279C: 16:40:46 [127.0.0.1]:Exception : Blocking method Execute() could not be called. : Addr: $00835C98
ERPImporta.exe: 0000279C: 16:40:47 [127.0.0.1]:Exception : Blocking method Execute() could not be called. : Addr: $00835C98
ERPImporta.exe: 000042B0: 16:42:11 []:>--------------------------------------------------------------<
ERPImporta.exe: 000042B0: 16:42:11 [TUniServerModule]:Server First Init.
ERPImporta.exe: 000042B0: 16:42:11 [TUniServerModule]:Start Path = D:\Projetos_WEB\ERP_Importa\
ERPImporta.exe: 000042B0: 16:42:11 [TUniServerModule]:Starting HTTP Server on Port: 8077...
ERPImporta.exe: 000042B0: 16:42:11 [InitWebServer]:EIdCouldNotBindSocket : Could not bind socket. : Addr: $006BC43F
ERPImporta.exe: 0000279C: 16:42:28 [127.0.0.1]:Exception : Blocking method Execute() could not be called. : Addr: $00835C98
ERPImporta.exe: 0000279C: 16:42:33 [127.0.0.1]:Exception : Blocking method Execute() could not be called. : Addr: $00835C98
ERPImporta.exe: 0000279C: 16:42:34 [127.0.0.1]:Exception : Blocking method Execute() could not be called. : Addr: $00835C98
ERPImporta.exe: 0000279C: 16:42:36 [127.0.0.1]:Exception : Blocking method Execute() could not be called. : Addr: $00835C98
ERPImporta.exe: 00000354: 16:43:58 []:>--------------------------------------------------------------<
ERPImporta.exe: 00000354: 16:43:58 [TUniServerModule]:Server First Init.
ERPImporta.exe: 00000354: 16:43:58 [TUniServerModule]:Start Path = D:\Projetos_WEB\ERP_Importa\
ERPImporta.exe: 00000354: 16:43:58 [TUniGUISessionManager]:Cache erase job created, Folder count: [1]
ERPImporta.exe: 00000354: 16:43:58 [TUniServerModule]:Starting HTTP Server on Port: 8077...
ERPImporta.exe: 00000354: 16:43:58 [TUniServerModule]:HTTP Server Started on Port: 8077
ERPImporta.exe: 000034B0: 16:47:10 []:>--------------------------------------------------------------<
ERPImporta.exe: 000034B0: 16:47:10 [TUniServerModule]:Server First Init.
ERPImporta.exe: 000034B0: 16:47:10 [TUniServerModule]:Start Path = D:\Projetos_WEB\ERP_Importa\
ERPImporta.exe: 000034B0: 16:47:10 [TUniServerModule]:Debug Mode = ON
ERPImporta.exe: 000034B0: 16:47:10 [TUniServerModule]:Starting HTTP Server on Port: 8077...
ERPImporta.exe: 000034B0: 16:47:10 [TUniServerModule]:HTTP Server Started on Port: 8077
ERPImporta.exe: 00003D44: 21:36:32 []:>--------------------------------------------------------------<
ERPImporta.exe: 00003D44: 21:36:32 [TUniServerModule]:Server First Init.
ERPImporta.exe: 00003D44: 21:36:32 [TUniServerModule]:Start Path = D:\Projetos_WEB\ERP_Importa\
ERPImporta.exe: 00003D44: 21:36:32 [TUniServerModule]:Debug Mode = ON
ERPImporta.exe: 00003D44: 21:36:33 [TUniServerModule]:Starting HTTP Server on Port: 8077...
ERPImporta.exe: 00003D44: 21:36:33 [TUniServerModule]:HTTP Server Started on Port: 8077
ERPImporta.exe: 000024CC: 21:38:25 []:>--------------------------------------------------------------<
ERPImporta.exe: 000024CC: 21:38:25 [TUniServerModule]:Server First Init.
ERPImporta.exe: 000024CC: 21:38:25 [TUniServerModule]:Start Path = D:\Projetos_WEB\ERP_Importa\
ERPImporta.exe: 000024CC: 21:38:25 [TUniServerModule]:Debug Mode = ON
ERPImporta.exe: 000024CC: 21:38:25 [TUniGUISessionManager]:Cache erase job created, Folder count: [1]
ERPImporta.exe: 000024CC: 21:38:25 [TUniServerModule]:Starting HTTP Server on Port: 8077...
ERPImporta.exe: 000024CC: 21:38:25 [TUniServerModule]:HTTP Server Started on Port: 8077
ERPImporta.exe: 00003BA0: 21:44:51 []:>--------------------------------------------------------------<
ERPImporta.exe: 00003BA0: 21:44:51 [TUniServerModule]:Server First Init.
ERPImporta.exe: 00003BA0: 21:44:51 [TUniServerModule]:Start Path = D:\Projetos_WEB\ERP_Importa\
ERPImporta.exe: 00003BA0: 21:44:51 [TUniServerModule]:Debug Mode = ON
ERPImporta.exe: 00003BA0: 21:44:51 [TUniGUISessionManager]:Cache erase job created, Folder count: [1]
ERPImporta.exe: 00003BA0: 21:44:51 [TUniServerModule]:Starting HTTP Server on Port: 8077...
ERPImporta.exe: 00003BA0: 21:44:51 [TUniServerModule]:HTTP Server Started on Port: 8077
ERPImporta.exe: 00003A48: 21:45:00 [127.0.0.1]:EUniSessionException : Sessão inváilda ou tempo da sessão expirado. (Session not found: nTLMwwFNEi1107B6779 ) : Addr: $007D0ED0
ERPImporta.exe: 000046E0: 21:45:01 [127.0.0.1]:EUniSessionException : Sessão inváilda ou tempo da sessão expirado. (Session not found: nTLMwwFNEi1107B6779 ) : Addr: $007D0ED0
ERPImporta.exe: 000042B8: 21:46:02 []:>--------------------------------------------------------------<
ERPImporta.exe: 000042B8: 21:46:02 [TUniServerModule]:Server First Init.
ERPImporta.exe: 000042B8: 21:46:02 [TUniServerModule]:Start Path = D:\Projetos_WEB\ERP_Importa\
ERPImporta.exe: 000042B8: 21:46:02 [TUniServerModule]:Debug Mode = ON
ERPImporta.exe: 000042B8: 21:46:02 [TUniGUISessionManager]:Cache erase job created, Folder count: [1]
ERPImporta.exe: 000042B8: 21:46:02 [TUniServerModule]:Starting HTTP Server on Port: 8077...
ERPImporta.exe: 000042B8: 21:46:03 [TUniServerModule]:HTTP Server Started on Port: 8077
ERPImporta.exe: 00004138: 21:46:41 []:>--------------------------------------------------------------<
ERPImporta.exe: 00004138: 21:46:41 [TUniServerModule]:Server First Init.
ERPImporta.exe: 00004138: 21:46:41 [TUniServerModule]:Start Path = D:\Projetos_WEB\ERP_Importa\
ERPImporta.exe: 00004138: 21:46:41 [TUniServerModule]:Debug Mode = ON
ERPImporta.exe: 00004138: 21:46:41 [TUniGUISessionManager]:Cache erase job created, Folder count: [1]
ERPImporta.exe: 00004138: 21:46:42 [TUniServerModule]:Starting HTTP Server on Port: 8077...
ERPImporta.exe: 00004138: 21:46:42 [TUniServerModule]:HTTP Server Started on Port: 8077
ERPImporta.exe: 00002BE8: 21:50:15 []:>--------------------------------------------------------------<
ERPImporta.exe: 00002BE8: 21:50:15 [TUniServerModule]:Server First Init.
ERPImporta.exe: 00002BE8: 21:50:15 [TUniServerModule]:Start Path = D:\Projetos_WEB\ERP_Importa\
ERPImporta.exe: 00002BE8: 21:50:15 [TUniServerModule]:Debug Mode = ON
ERPImporta.exe: 00002BE8: 21:50:15 [TUniGUISessionManager]:Cache erase job created, Folder count: [1]
ERPImporta.exe: 00002BE8: 21:50:15 [TUniServerModule]:Starting HTTP Server on Port: 8077...
ERPImporta.exe: 00002BE8: 21:50:15 [TUniServerModule]:HTTP Server Started on Port: 8077
ERPImporta.exe: 000040F0: 21:57:02 []:>--------------------------------------------------------------<
ERPImporta.exe: 000040F0: 21:57:02 [TUniServerModule]:Server First Init.
ERPImporta.exe: 000040F0: 21:57:02 [TUniServerModule]:Start Path = D:\Projetos_WEB\ERP_Importa\
ERPImporta.exe: 000040F0: 21:57:02 [TUniServerModule]:Debug Mode = ON
ERPImporta.exe: 000040F0: 21:57:02 [TUniGUISessionManager]:Cache erase job created, Folder count: [1]
ERPImporta.exe: 000040F0: 21:57:03 [TUniServerModule]:Starting HTTP Server on Port: 8077...
ERPImporta.exe: 000040F0: 21:57:03 [TUniServerModule]:HTTP Server Started on Port: 8077
ERPImporta.exe: 00002634: 22:01:38 []:>--------------------------------------------------------------<
ERPImporta.exe: 00002634: 22:01:38 [TUniServerModule]:Server First Init.
ERPImporta.exe: 00002634: 22:01:38 [TUniServerModule]:Start Path = D:\Projetos_WEB\ERP_Importa\
ERPImporta.exe: 00002634: 22:01:38 [TUniServerModule]:Debug Mode = ON
ERPImporta.exe: 00002634: 22:01:38 [TUniGUISessionManager]:Cache erase job created, Folder count: [1]
ERPImporta.exe: 00002634: 22:01:39 [TUniServerModule]:Starting HTTP Server on Port: 8077...
ERPImporta.exe: 00002634: 22:01:39 [TUniServerModule]:HTTP Server Started on Port: 8077
ERPImporta.exe: 00003590: 22:08:10 []:>--------------------------------------------------------------<
ERPImporta.exe: 00003590: 22:08:10 [TUniServerModule]:Server First Init.
ERPImporta.exe: 00003590: 22:08:10 [TUniServerModule]:Start Path = D:\Projetos_WEB\ERP_Importa\
ERPImporta.exe: 00003590: 22:08:10 [TUniServerModule]:Debug Mode = ON
ERPImporta.exe: 00003590: 22:08:11 [TUniServerModule]:Starting HTTP Server on Port: 8077...
ERPImporta.exe: 00003590: 22:08:11 [TUniServerModule]:HTTP Server Started on Port: 8077
ERPImporta.exe: 0000213C: 22:11:11 []:>--------------------------------------------------------------<
ERPImporta.exe: 0000213C: 22:11:11 [TUniServerModule]:Server First Init.
ERPImporta.exe: 0000213C: 22:11:11 [TUniServerModule]:Start Path = D:\Projetos_WEB\ERP_Importa\
ERPImporta.exe: 0000213C: 22:11:11 [TUniServerModule]:Debug Mode = ON
ERPImporta.exe: 0000213C: 22:11:11 [TUniGUISessionManager]:Cache erase job created, Folder count: [1]
ERPImporta.exe: 0000213C: 22:11:12 [TUniServerModule]:Starting HTTP Server on Port: 8077...
ERPImporta.exe: 0000213C: 22:11:12 [TUniServerModule]:HTTP Server Started on Port: 8077
ERPImporta.exe: 00003928: 22:11:27 []:>--------------------------------------------------------------<
ERPImporta.exe: 00003928: 22:11:27 [TUniServerModule]:Server First Init.
ERPImporta.exe: 00003928: 22:11:27 [TUniServerModule]:Start Path = D:\Projetos_WEB\ERP_Importa\
ERPImporta.exe: 00003928: 22:11:27 [TUniServerModule]:Debug Mode = ON
ERPImporta.exe: 00003928: 22:11:27 [TUniServerModule]:Starting HTTP Server on Port: 8077...
ERPImporta.exe: 00003928: 22:11:27 [TUniServerModule]:HTTP Server Started on Port: 8077
ERPImporta.exe: 000037F8: 22:13:53 []:>--------------------------------------------------------------<
ERPImporta.exe: 000037F8: 22:13:53 [TUniServerModule]:Server First Init.
ERPImporta.exe: 000037F8: 22:13:53 [TUniServerModule]:Start Path = D:\Projetos_WEB\ERP_Importa\
ERPImporta.exe: 000037F8: 22:13:53 [TUniServerModule]:Debug Mode = ON
ERPImporta.exe: 000037F8: 22:13:53 [TUniGUISessionManager]:Cache erase job created, Folder count: [1]
ERPImporta.exe: 000037F8: 22:13:53 [TUniServerModule]:Starting HTTP Server on Port: 8077...
ERPImporta.exe: 000037F8: 22:13:53 [TUniServerModule]:HTTP Server Started on Port: 8077
