ERPImporta.exe: 00000774: 09:22:37 []:>--------------------------------------------------------------<
ERPImporta.exe: 00000774: 09:22:37 [TUniServerModule]:Server First Init.
ERPImporta.exe: 00000774: 09:22:37 [TUniServerModule]:Start Path = C:\Projetos_WEB\ERP_Importa\
ERPImporta.exe: 00000774: 09:22:37 [TUniServerModule]:Debug Mode = ON
ERPImporta.exe: 00000774: 09:22:37 [TUniServerModule]:Starting HTTP Server on Port: 8077...
ERPImporta.exe: 00000774: 09:22:37 [TUniServerModule]:HTTP Server Started on Port: 8077
ERPImporta.exe: 00003810: 09:22:46 [HandleFileRequest[127.0.0.1]]:File not found: C:\Projetos_WEB\ERP_Importa\files\images\fundo8.jpg
ERPImporta.exe: 000019F0: 09:55:13 []:>--------------------------------------------------------------<
ERPImporta.exe: 000019F0: 09:55:13 [TUniServerModule]:Server First Init.
ERPImporta.exe: 000019F0: 09:55:13 [TUniServerModule]:Start Path = C:\Projetos_WEB\ERP_Importa\
ERPImporta.exe: 000019F0: 09:55:13 [TUniServerModule]:Debug Mode = ON
ERPImporta.exe: 000019F0: 09:55:13 [TUniServerModule]:Starting HTTP Server on Port: 8077...
ERPImporta.exe: 000019F0: 09:55:14 [TUniServerModule]:HTTP Server Started on Port: 8077
ERPImporta.exe: 00001BB8: 10:24:57 []:>--------------------------------------------------------------<
ERPImporta.exe: 00001BB8: 10:24:57 [TUniServerModule]:Server First Init.
ERPImporta.exe: 00001BB8: 10:24:57 [TUniServerModule]:Start Path = C:\Projetos_WEB\ERP_Importa\
ERPImporta.exe: 00001BB8: 10:24:57 [TUniServerModule]:Debug Mode = ON
ERPImporta.exe: 00001BB8: 10:24:57 [TUniServerModule]:Starting HTTP Server on Port: 8077...
ERPImporta.exe: 00001BB8: 10:24:57 [TUniServerModule]:HTTP Server Started on Port: 8077
ERPImporta.exe: 000030F4: 10:45:15 []:>--------------------------------------------------------------<
ERPImporta.exe: 000030F4: 10:45:15 [TUniServerModule]:Server First Init.
ERPImporta.exe: 000030F4: 10:45:15 [TUniServerModule]:Start Path = C:\Projetos_WEB\ERP_Importa\
ERPImporta.exe: 000030F4: 10:45:15 [TUniServerModule]:Debug Mode = ON
ERPImporta.exe: 000030F4: 10:45:15 [TUniServerModule]:Starting HTTP Server on Port: 8077...
ERPImporta.exe: 000030F4: 10:45:15 [TUniServerModule]:HTTP Server Started on Port: 8077
ERPImporta.exe: 00003B28: 10:46:12 [HandleFileRequest[127.0.0.1]]:File not found: C:\Projetos_WEB\ERP_Importa\files\images\fundo8.jpg
ERPImporta.exe: 00003808: 11:01:31 []:>--------------------------------------------------------------<
ERPImporta.exe: 00003808: 11:01:31 [TUniServerModule]:Server First Init.
ERPImporta.exe: 00003808: 11:01:31 [TUniServerModule]:Start Path = C:\Projetos_WEB\ERP_Importa\
ERPImporta.exe: 00003808: 11:01:31 [TUniServerModule]:Debug Mode = ON
ERPImporta.exe: 00003808: 11:01:31 [TUniGUISessionManager]:Cache erase job created, Folder count: [1]
ERPImporta.exe: 00003808: 11:01:31 [TUniServerModule]:Starting HTTP Server on Port: 8077...
ERPImporta.exe: 00003808: 11:01:31 [TUniServerModule]:HTTP Server Started on Port: 8077
ERPImporta.exe: 00000528: 11:01:39 [HandleFileRequest[127.0.0.1]]:File not found: C:\Projetos_WEB\ERP_Importa\files\images\fundo8.jpg
ERPImporta.exe: 000039B4: 11:09:13 []:>--------------------------------------------------------------<
ERPImporta.exe: 000039B4: 11:09:13 [TUniServerModule]:Server First Init.
ERPImporta.exe: 000039B4: 11:09:13 [TUniServerModule]:Start Path = C:\Projetos_WEB\ERP_Importa\
ERPImporta.exe: 000039B4: 11:09:13 [TUniServerModule]:Debug Mode = ON
ERPImporta.exe: 000039B4: 11:09:14 [TUniServerModule]:Starting HTTP Server on Port: 8077...
ERPImporta.exe: 000039B4: 11:09:14 [TUniServerModule]:HTTP Server Started on Port: 8077
ERPImporta.exe: 00001CD4: 11:09:22 [HandleFileRequest[127.0.0.1]]:File not found: C:\Projetos_WEB\ERP_Importa\files\images\fundo8.jpg
ERPImporta.exe: 000023BC: 11:13:52 []:>--------------------------------------------------------------<
ERPImporta.exe: 000023BC: 11:13:52 [TUniServerModule]:Server First Init.
ERPImporta.exe: 000023BC: 11:13:52 [TUniServerModule]:Start Path = C:\Projetos_WEB\ERP_Importa\
ERPImporta.exe: 000023BC: 11:13:52 [TUniServerModule]:Debug Mode = ON
ERPImporta.exe: 000023BC: 11:13:52 [TUniGUISessionManager]:Cache erase job created, Folder count: [1]
ERPImporta.exe: 000023BC: 11:13:52 [TUniServerModule]:Starting HTTP Server on Port: 8077...
ERPImporta.exe: 000023BC: 11:13:52 [TUniServerModule]:HTTP Server Started on Port: 8077
ERPImporta.exe: 00002884: 11:13:59 [HandleFileRequest[127.0.0.1]]:File not found: C:\Projetos_WEB\ERP_Importa\files\images\fundo8.jpg
ERPImporta.exe: 00001FA4: 12:15:58 []:>--------------------------------------------------------------<
ERPImporta.exe: 00001FA4: 12:15:58 [TUniServerModule]:Server First Init.
ERPImporta.exe: 00001FA4: 12:15:58 [TUniServerModule]:Start Path = C:\Projetos_WEB\ERP_Importa\
ERPImporta.exe: 00001FA4: 12:15:58 [TUniServerModule]:Debug Mode = ON
ERPImporta.exe: 00001FA4: 12:15:58 [TUniGUISessionManager]:Cache erase job created, Folder count: [1]
ERPImporta.exe: 00001FA4: 12:15:58 [TUniServerModule]:Starting HTTP Server on Port: 8077...
ERPImporta.exe: 00001FA4: 12:15:58 [TUniServerModule]:HTTP Server Started on Port: 8077
ERPImporta.exe: 00003168: 12:16:11 [HandleFileRequest[127.0.0.1]]:File not found: C:\Projetos_WEB\ERP_Importa\files\images\fundo8.jpg
