ERPImporta.exe: 00004864: 13:08:46 []:>--------------------------------------------------------------<
ERPImporta.exe: 00004864: 13:08:46 [TUniServerModule]:Server First Init.
ERPImporta.exe: 00004864: 13:08:46 [TUniServerModule]:Start Path = D:\Projetos_WEB\ERP_Importa\
ERPImporta.exe: 00004864: 13:08:46 [TUniServerModule]:Debug Mode = ON
ERPImporta.exe: 00004864: 13:08:46 [TUniGUISessionManager]:Cache erase job created, Folder count: [1]
ERPImporta.exe: 00004864: 13:08:47 [TUniServerModule]:Starting HTTP Server on Port: 8077...
ERPImporta.exe: 00004864: 13:08:47 [TUniServerModule]:HTTP Server Started on Port: 8077
ERPImporta.exe: 00002B00: 13:15:16 []:>--------------------------------------------------------------<
ERPImporta.exe: 00002B00: 13:15:16 [TUniServerModule]:Server First Init.
ERPImporta.exe: 00002B00: 13:15:16 [TUniServerModule]:Start Path = D:\Projetos_WEB\ERP_Importa\
ERPImporta.exe: 00002B00: 13:15:16 [TUniServerModule]:Debug Mode = ON
ERPImporta.exe: 00002B00: 13:15:17 [TUniServerModule]:Starting HTTP Server on Port: 8077...
ERPImporta.exe: 00002B00: 13:15:17 [TUniServerModule]:HTTP Server Started on Port: 8077
ERPImporta.exe: 000046B4: 13:16:37 [127.0.0.1]:EConvertError : '' is not a valid integer value : Addr: $00427B72
ERPImporta.exe: 000046B4: 13:16:53 [127.0.0.1]:EDatabaseError : PedidosNFItens: Dataset not in edit or insert mode : Addr: $00657A82
ERPImporta.exe: 000034B0: 13:18:10 []:>--------------------------------------------------------------<
ERPImporta.exe: 000034B0: 13:18:10 [TUniServerModule]:Server First Init.
ERPImporta.exe: 000034B0: 13:18:10 [TUniServerModule]:Start Path = D:\Projetos_WEB\ERP_Importa\
ERPImporta.exe: 000034B0: 13:18:10 [TUniServerModule]:Debug Mode = ON
ERPImporta.exe: 000034B0: 13:18:10 [TUniServerModule]:Starting HTTP Server on Port: 8077...
ERPImporta.exe: 000034B0: 13:18:10 [TUniServerModule]:HTTP Server Started on Port: 8077
ERPImporta.exe: 00004B28: 13:23:17 []:>--------------------------------------------------------------<
ERPImporta.exe: 00004B28: 13:23:17 [TUniServerModule]:Server First Init.
ERPImporta.exe: 00004B28: 13:23:17 [TUniServerModule]:Start Path = D:\Projetos_WEB\ERP_Importa\
ERPImporta.exe: 00004B28: 13:23:17 [TUniServerModule]:Debug Mode = ON
ERPImporta.exe: 00004B28: 13:23:17 [TUniServerModule]:Starting HTTP Server on Port: 8077...
ERPImporta.exe: 00004B28: 13:23:17 [TUniServerModule]:HTTP Server Started on Port: 8077
ERPImporta.exe: 000020CC: 13:44:11 []:>--------------------------------------------------------------<
ERPImporta.exe: 000020CC: 13:44:11 [TUniServerModule]:Server First Init.
ERPImporta.exe: 000020CC: 13:44:11 [TUniServerModule]:Start Path = D:\Projetos_WEB\ERP_Importa\
ERPImporta.exe: 000020CC: 13:44:11 [TUniServerModule]:Debug Mode = ON
ERPImporta.exe: 000020CC: 13:44:12 [TUniServerModule]:Starting HTTP Server on Port: 8077...
ERPImporta.exe: 000020CC: 13:44:12 [TUniServerModule]:HTTP Server Started on Port: 8077
ERPImporta.exe: 0000043C: 13:48:53 []:>--------------------------------------------------------------<
ERPImporta.exe: 0000043C: 13:48:53 [TUniServerModule]:Server First Init.
ERPImporta.exe: 0000043C: 13:48:53 [TUniServerModule]:Start Path = D:\Projetos_WEB\ERP_Importa\
ERPImporta.exe: 0000043C: 13:48:53 [TUniServerModule]:Debug Mode = ON
ERPImporta.exe: 0000043C: 13:48:53 [TUniGUISessionManager]:Cache erase job created, Folder count: [1]
ERPImporta.exe: 0000043C: 13:48:54 [TUniServerModule]:Starting HTTP Server on Port: 8077...
ERPImporta.exe: 0000043C: 13:48:54 [TUniServerModule]:HTTP Server Started on Port: 8077
ERPImporta.exe: 000053F4: 13:49:59 [127.0.0.1]:EMSSQLNativeException : [FireDAC][Phys][ODBC][Microsoft][SQL Server Native Client 11.0][SQL Server]Incorrect syntax near ')'. : Addr: $008E1CBD
ERPImporta.exe: 0000536C: 13:50:47 []:>--------------------------------------------------------------<
ERPImporta.exe: 0000536C: 13:50:47 [TUniServerModule]:Server First Init.
ERPImporta.exe: 0000536C: 13:50:47 [TUniServerModule]:Start Path = D:\Projetos_WEB\ERP_Importa\
ERPImporta.exe: 0000536C: 13:50:47 [TUniServerModule]:Debug Mode = ON
ERPImporta.exe: 0000536C: 13:50:47 [TUniServerModule]:Starting HTTP Server on Port: 8077...
ERPImporta.exe: 0000536C: 13:50:47 [TUniServerModule]:HTTP Server Started on Port: 8077
ERPImporta.exe: 000052F0: 13:51:14 [127.0.0.1]:EMSSQLNativeException : [FireDAC][Phys][ODBC][Microsoft][SQL Server Native Client 11.0][SQL Server]Invalid column name 'Ordem'. : Addr: $008E1CBD
ERPImporta.exe: 00002D20: 13:52:14 []:>--------------------------------------------------------------<
ERPImporta.exe: 00002D20: 13:52:14 [TUniServerModule]:Server First Init.
ERPImporta.exe: 00002D20: 13:52:14 [TUniServerModule]:Start Path = D:\Projetos_WEB\ERP_Importa\
ERPImporta.exe: 00002D20: 13:52:14 [TUniServerModule]:Debug Mode = ON
ERPImporta.exe: 00002D20: 13:52:14 [TUniServerModule]:Starting HTTP Server on Port: 8077...
ERPImporta.exe: 00002D20: 13:52:14 [TUniServerModule]:HTTP Server Started on Port: 8077
ERPImporta.exe: 00000CE0: 13:57:56 []:>--------------------------------------------------------------<
ERPImporta.exe: 00000CE0: 13:57:56 [TUniServerModule]:Server First Init.
ERPImporta.exe: 00000CE0: 13:57:56 [TUniServerModule]:Start Path = D:\Projetos_WEB\ERP_Importa\
ERPImporta.exe: 00000CE0: 13:57:56 [TUniServerModule]:Debug Mode = ON
ERPImporta.exe: 00000CE0: 13:57:56 [TUniServerModule]:Starting HTTP Server on Port: 8077...
ERPImporta.exe: 00000CE0: 13:57:56 [TUniServerModule]:HTTP Server Started on Port: 8077
ERPImporta.exe: 000024F4: 15:31:18 []:>--------------------------------------------------------------<
ERPImporta.exe: 000024F4: 15:31:18 [TUniServerModule]:Server First Init.
ERPImporta.exe: 000024F4: 15:31:18 [TUniServerModule]:Start Path = D:\Projetos_WEB\ERP_Importa\
ERPImporta.exe: 000024F4: 15:31:18 [TUniServerModule]:Debug Mode = ON
ERPImporta.exe: 000024F4: 15:31:18 [TUniServerModule]:Starting HTTP Server on Port: 8077...
ERPImporta.exe: 000024F4: 15:31:18 [TUniServerModule]:HTTP Server Started on Port: 8077
ERPImporta.exe: 00000C90: 15:32:59 []:>--------------------------------------------------------------<
ERPImporta.exe: 00000C90: 15:32:59 [TUniServerModule]:Server First Init.
ERPImporta.exe: 00000C90: 15:32:59 [TUniServerModule]:Start Path = D:\Projetos_WEB\ERP_Importa\
ERPImporta.exe: 00000C90: 15:32:59 [TUniServerModule]:Debug Mode = ON
ERPImporta.exe: 00000C90: 15:32:59 [TUniGUISessionManager]:Cache erase job created, Folder count: [1]
ERPImporta.exe: 00000C90: 15:32:59 [TUniServerModule]:Starting HTTP Server on Port: 8077...
ERPImporta.exe: 00000C90: 15:32:59 [TUniServerModule]:HTTP Server Started on Port: 8077
ERPImporta.exe: 00002D0C: 15:36:01 []:>--------------------------------------------------------------<
ERPImporta.exe: 00002D0C: 15:36:01 [TUniServerModule]:Server First Init.
ERPImporta.exe: 00002D0C: 15:36:01 [TUniServerModule]:Start Path = D:\Projetos_WEB\ERP_Importa\
ERPImporta.exe: 00002D0C: 15:36:01 [TUniServerModule]:Debug Mode = ON
ERPImporta.exe: 00002D0C: 15:36:01 [TUniGUISessionManager]:Cache erase job created, Folder count: [1]
ERPImporta.exe: 00002D0C: 15:36:01 [TUniServerModule]:Starting HTTP Server on Port: 8077...
ERPImporta.exe: 00002D0C: 15:36:02 [TUniServerModule]:HTTP Server Started on Port: 8077
ERPImporta.exe: 00000D44: 15:39:28 []:>--------------------------------------------------------------<
ERPImporta.exe: 00000D44: 15:39:28 [TUniServerModule]:Server First Init.
ERPImporta.exe: 00000D44: 15:39:28 [TUniServerModule]:Start Path = D:\Projetos_WEB\ERP_Importa\
ERPImporta.exe: 00000D44: 15:39:28 [TUniServerModule]:Debug Mode = ON
ERPImporta.exe: 00000D44: 15:39:28 [TUniGUISessionManager]:Cache erase job created, Folder count: [1]
ERPImporta.exe: 00000D44: 15:39:28 [TUniServerModule]:Starting HTTP Server on Port: 8077...
ERPImporta.exe: 00000D44: 15:39:28 [TUniServerModule]:HTTP Server Started on Port: 8077
ERPImporta.exe: 00000FE0: 15:56:12 []:>--------------------------------------------------------------<
ERPImporta.exe: 00000FE0: 15:56:12 [TUniServerModule]:Server First Init.
ERPImporta.exe: 00000FE0: 15:56:12 [TUniServerModule]:Start Path = D:\Projetos_WEB\ERP_Importa\
ERPImporta.exe: 00000FE0: 15:56:12 [TUniServerModule]:Debug Mode = ON
ERPImporta.exe: 00000FE0: 15:56:12 [TUniServerModule]:Starting HTTP Server on Port: 8077...
ERPImporta.exe: 00000FE0: 15:56:12 [TUniServerModule]:HTTP Server Started on Port: 8077
ERPImporta.exe: 00004EC0: 15:58:19 []:>--------------------------------------------------------------<
ERPImporta.exe: 00004EC0: 15:58:19 [TUniServerModule]:Server First Init.
ERPImporta.exe: 00004EC0: 15:58:19 [TUniServerModule]:Start Path = D:\Projetos_WEB\ERP_Importa\
ERPImporta.exe: 00004EC0: 15:58:19 [TUniServerModule]:Debug Mode = ON
ERPImporta.exe: 00004EC0: 15:58:20 [TUniServerModule]:Starting HTTP Server on Port: 8077...
ERPImporta.exe: 00004EC0: 15:58:20 [TUniServerModule]:HTTP Server Started on Port: 8077
ERPImporta.exe: 00001F34: 17:00:26 []:>--------------------------------------------------------------<
ERPImporta.exe: 00001F34: 17:00:26 [TUniServerModule]:Server First Init.
ERPImporta.exe: 00001F34: 17:00:26 [TUniServerModule]:Start Path = D:\Projetos_WEB\ERP_Importa\
ERPImporta.exe: 00001F34: 17:00:26 [TUniServerModule]:Debug Mode = ON
ERPImporta.exe: 00001F34: 17:00:26 [TUniServerModule]:Starting HTTP Server on Port: 8077...
ERPImporta.exe: 00001F34: 17:00:26 [TUniServerModule]:HTTP Server Started on Port: 8077
ERPImporta.exe: 0000256C: 17:03:42 [127.0.0.1]:EDatabaseError : Destinatarios: Field 'Simples_Nacional' not found : Addr: $00657A82
ERPImporta.exe: 00001EBC: 17:07:27 []:>--------------------------------------------------------------<
ERPImporta.exe: 00001EBC: 17:07:27 [TUniServerModule]:Server First Init.
ERPImporta.exe: 00001EBC: 17:07:27 [TUniServerModule]:Start Path = D:\Projetos_WEB\ERP_Importa\
ERPImporta.exe: 00001EBC: 17:07:27 [TUniServerModule]:Debug Mode = ON
ERPImporta.exe: 00001EBC: 17:07:27 [TUniGUISessionManager]:Cache erase job created, Folder count: [1]
ERPImporta.exe: 00001EBC: 17:07:28 [TUniServerModule]:Starting HTTP Server on Port: 8077...
ERPImporta.exe: 00001EBC: 17:07:28 [TUniServerModule]:HTTP Server Started on Port: 8077
ERPImporta.exe: 00002FDC: 17:07:49 [127.0.0.1]:EDatabaseError : Produtos: Field 'ICMS_ForaEstadoEntrada' not found : Addr: $00657A82
ERPImporta.exe: 000015E0: 17:09:24 []:>--------------------------------------------------------------<
ERPImporta.exe: 000015E0: 17:09:24 [TUniServerModule]:Server First Init.
ERPImporta.exe: 000015E0: 17:09:24 [TUniServerModule]:Start Path = D:\Projetos_WEB\ERP_Importa\
ERPImporta.exe: 000015E0: 17:09:24 [TUniServerModule]:Debug Mode = ON
ERPImporta.exe: 000015E0: 17:09:24 [TUniServerModule]:Starting HTTP Server on Port: 8077...
ERPImporta.exe: 000015E0: 17:09:24 [TUniServerModule]:HTTP Server Started on Port: 8077
ERPImporta.exe: 000026E8: 17:09:44 [127.0.0.1]:EDatabaseError : Produtos: Field 'ICMS_ForaEstadoEnt' not found : Addr: $00657A82
ERPImporta.exe: 00001FEC: 17:14:47 []:>--------------------------------------------------------------<
ERPImporta.exe: 00001FEC: 17:14:47 [TUniServerModule]:Server First Init.
ERPImporta.exe: 00001FEC: 17:14:47 [TUniServerModule]:Start Path = D:\Projetos_WEB\ERP_Importa\
ERPImporta.exe: 00001FEC: 17:14:47 [TUniServerModule]:Debug Mode = ON
ERPImporta.exe: 00001FEC: 17:14:47 [TUniGUISessionManager]:Cache erase job created, Folder count: [1]
ERPImporta.exe: 00001FEC: 17:14:47 [TUniServerModule]:Starting HTTP Server on Port: 8077...
ERPImporta.exe: 00001FEC: 17:14:48 [TUniServerModule]:HTTP Server Started on Port: 8077
ERPImporta.exe: 000001E4: 17:15:46 [127.0.0.1]:EDatabaseError : Produtos: Field 'ICMS_ForaEstadoEnt' not found : Addr: $00657A82
ERPImporta.exe: 00002658: 17:18:44 []:>--------------------------------------------------------------<
ERPImporta.exe: 00002658: 17:18:44 [TUniServerModule]:Server First Init.
ERPImporta.exe: 00002658: 17:18:44 [TUniServerModule]:Start Path = D:\Projetos_WEB\ERP_Importa\
ERPImporta.exe: 00002658: 17:18:44 [TUniServerModule]:Debug Mode = ON
ERPImporta.exe: 00002658: 17:18:45 [TUniServerModule]:Starting HTTP Server on Port: 8077...
ERPImporta.exe: 00002658: 17:18:45 [TUniServerModule]:HTTP Server Started on Port: 8077
ERPImporta.exe: 00003584: 17:19:07 [127.0.0.1]:EDatabaseError : Produtos: Field 'ICMS_ForaEstadoEnt' not found : Addr: $00657A82
ERPImporta.exe: 00001F44: 17:20:53 []:>--------------------------------------------------------------<
ERPImporta.exe: 00001F44: 17:20:53 [TUniServerModule]:Server First Init.
ERPImporta.exe: 00001F44: 17:20:53 [TUniServerModule]:Start Path = D:\Projetos_WEB\ERP_Importa\
ERPImporta.exe: 00001F44: 17:20:53 [TUniServerModule]:Debug Mode = ON
ERPImporta.exe: 00001F44: 17:20:54 [TUniServerModule]:Starting HTTP Server on Port: 8077...
ERPImporta.exe: 00001F44: 17:20:54 [TUniServerModule]:HTTP Server Started on Port: 8077
ERPImporta.exe: 00000458: 17:21:42 [127.0.0.1]:EDatabaseError : PedidosNFItens: Dataset not in edit or insert mode : Addr: $00657A82
ERPImporta.exe: 000024D4: 17:29:26 []:>--------------------------------------------------------------<
ERPImporta.exe: 000024D4: 17:29:26 [TUniServerModule]:Server First Init.
ERPImporta.exe: 000024D4: 17:29:26 [TUniServerModule]:Start Path = D:\Projetos_WEB\ERP_Importa\
ERPImporta.exe: 000024D4: 17:29:26 [TUniServerModule]:Debug Mode = ON
ERPImporta.exe: 000024D4: 17:29:26 [TUniGUISessionManager]:Cache erase job created, Folder count: [1]
ERPImporta.exe: 000024D4: 17:29:26 [TUniServerModule]:Starting HTTP Server on Port: 8077...
ERPImporta.exe: 000024D4: 17:29:26 [TUniServerModule]:HTTP Server Started on Port: 8077
ERPImporta.exe: 00003C44: 17:29:47 [127.0.0.1]:EDatabaseError : Produtos: Field 'ICMS_ForaEstado' not found : Addr: $00657A82
ERPImporta.exe: 000019A0: 17:30:32 []:>--------------------------------------------------------------<
ERPImporta.exe: 000019A0: 17:30:33 [TUniServerModule]:Server First Init.
ERPImporta.exe: 000019A0: 17:30:33 [TUniServerModule]:Start Path = D:\Projetos_WEB\ERP_Importa\
ERPImporta.exe: 000019A0: 17:30:33 [TUniServerModule]:Debug Mode = ON
ERPImporta.exe: 000019A0: 17:30:33 [TUniGUISessionManager]:Cache erase job created, Folder count: [1]
ERPImporta.exe: 000019A0: 17:30:33 [TUniServerModule]:Starting HTTP Server on Port: 8077...
ERPImporta.exe: 000019A0: 17:30:33 [TUniServerModule]:HTTP Server Started on Port: 8077
ERPImporta.exe: 00005008: 17:31:12 [127.0.0.1]:EDatabaseError : PedidosNFItens: Dataset not in edit or insert mode : Addr: $00657A82
ERPImporta.exe: 0000526C: 17:31:51 []:>--------------------------------------------------------------<
ERPImporta.exe: 0000526C: 17:31:51 [TUniServerModule]:Server First Init.
ERPImporta.exe: 0000526C: 17:31:51 [TUniServerModule]:Start Path = D:\Projetos_WEB\ERP_Importa\
ERPImporta.exe: 0000526C: 17:31:51 [TUniServerModule]:Debug Mode = ON
ERPImporta.exe: 0000526C: 17:31:51 [TUniServerModule]:Starting HTTP Server on Port: 8077...
ERPImporta.exe: 0000526C: 17:31:51 [TUniServerModule]:HTTP Server Started on Port: 8077
ERPImporta.exe: 00004824: 17:39:32 []:>--------------------------------------------------------------<
ERPImporta.exe: 00004824: 17:39:32 [TUniServerModule]:Server First Init.
ERPImporta.exe: 00004824: 17:39:32 [TUniServerModule]:Start Path = D:\Projetos_WEB\ERP_Importa\
ERPImporta.exe: 00004824: 17:39:32 [TUniServerModule]:Debug Mode = ON
ERPImporta.exe: 00004824: 17:39:33 [TUniServerModule]:Starting HTTP Server on Port: 8077...
ERPImporta.exe: 00004824: 17:39:33 [TUniServerModule]:HTTP Server Started on Port: 8077
ERPImporta.exe: 000055A4: 17:45:39 []:>--------------------------------------------------------------<
ERPImporta.exe: 000055A4: 17:45:39 [TUniServerModule]:Server First Init.
ERPImporta.exe: 000055A4: 17:45:39 [TUniServerModule]:Start Path = D:\Projetos_WEB\ERP_Importa\
ERPImporta.exe: 000055A4: 17:45:39 [TUniServerModule]:Debug Mode = ON
ERPImporta.exe: 000055A4: 17:45:40 [TUniServerModule]:Starting HTTP Server on Port: 8077...
ERPImporta.exe: 000055A4: 17:45:40 [TUniServerModule]:HTTP Server Started on Port: 8077
ERPImporta.exe: 00005474: 17:47:05 []:>--------------------------------------------------------------<
ERPImporta.exe: 00005474: 17:47:05 [TUniServerModule]:Server First Init.
ERPImporta.exe: 00005474: 17:47:05 [TUniServerModule]:Start Path = D:\Projetos_WEB\ERP_Importa\
ERPImporta.exe: 00005474: 17:47:05 [TUniServerModule]:Debug Mode = ON
ERPImporta.exe: 00005474: 17:47:05 [TUniGUISessionManager]:Cache erase job created, Folder count: [1]
ERPImporta.exe: 00005474: 17:47:05 [TUniServerModule]:Starting HTTP Server on Port: 8077...
ERPImporta.exe: 00005474: 17:47:05 [TUniServerModule]:HTTP Server Started on Port: 8077
ERPImporta.exe: 00004450: 17:47:56 []:>--------------------------------------------------------------<
ERPImporta.exe: 00004450: 17:47:56 [TUniServerModule]:Server First Init.
ERPImporta.exe: 00004450: 17:47:56 [TUniServerModule]:Start Path = D:\Projetos_WEB\ERP_Importa\
ERPImporta.exe: 00004450: 17:47:56 [TUniServerModule]:Debug Mode = ON
ERPImporta.exe: 00004450: 17:47:56 [TUniGUISessionManager]:Cache erase job created, Folder count: [1]
ERPImporta.exe: 00004450: 17:47:56 [TUniServerModule]:Starting HTTP Server on Port: 8077...
ERPImporta.exe: 00004450: 17:47:56 [TUniServerModule]:HTTP Server Started on Port: 8077
ERPImporta.exe: 00003B74: 17:51:27 []:>--------------------------------------------------------------<
ERPImporta.exe: 00003B74: 17:51:27 [TUniServerModule]:Server First Init.
ERPImporta.exe: 00003B74: 17:51:27 [TUniServerModule]:Start Path = D:\Projetos_WEB\ERP_Importa\
ERPImporta.exe: 00003B74: 17:51:27 [TUniServerModule]:Debug Mode = ON
ERPImporta.exe: 00003B74: 17:51:27 [TUniServerModule]:Starting HTTP Server on Port: 8077...
ERPImporta.exe: 00003B74: 17:51:28 [TUniServerModule]:HTTP Server Started on Port: 8077
ERPImporta.exe: 00005564: 17:53:52 []:>--------------------------------------------------------------<
ERPImporta.exe: 00005564: 17:53:52 [TUniServerModule]:Server First Init.
ERPImporta.exe: 00005564: 17:53:52 [TUniServerModule]:Start Path = D:\Projetos_WEB\ERP_Importa\
ERPImporta.exe: 00005564: 17:53:52 [TUniServerModule]:Debug Mode = ON
ERPImporta.exe: 00005564: 17:53:53 [TUniServerModule]:Starting HTTP Server on Port: 8077...
ERPImporta.exe: 00005564: 17:53:53 [TUniServerModule]:HTTP Server Started on Port: 8077
ERPImporta.exe: 00003550: 17:55:42 []:>--------------------------------------------------------------<
ERPImporta.exe: 00003550: 17:55:42 [TUniServerModule]:Server First Init.
ERPImporta.exe: 00003550: 17:55:42 [TUniServerModule]:Start Path = D:\Projetos_WEB\ERP_Importa\
ERPImporta.exe: 00003550: 17:55:42 [TUniServerModule]:Debug Mode = ON
ERPImporta.exe: 00003550: 17:55:42 [TUniGUISessionManager]:Cache erase job created, Folder count: [1]
ERPImporta.exe: 00003550: 17:55:43 [TUniServerModule]:Starting HTTP Server on Port: 8077...
ERPImporta.exe: 00003550: 17:55:43 [TUniServerModule]:HTTP Server Started on Port: 8077
ERPImporta.exe: 00001CD4: 17:58:02 []:>--------------------------------------------------------------<
ERPImporta.exe: 00001CD4: 17:58:02 [TUniServerModule]:Server First Init.
ERPImporta.exe: 00001CD4: 17:58:02 [TUniServerModule]:Start Path = D:\Projetos_WEB\ERP_Importa\
ERPImporta.exe: 00001CD4: 17:58:02 [TUniServerModule]:Debug Mode = ON
ERPImporta.exe: 00001CD4: 17:58:03 [TUniServerModule]:Starting HTTP Server on Port: 8077...
ERPImporta.exe: 00001CD4: 17:58:03 [TUniServerModule]:HTTP Server Started on Port: 8077
ERPImporta.exe: 00002944: 17:58:49 []:>--------------------------------------------------------------<
ERPImporta.exe: 00002944: 17:58:49 [TUniServerModule]:Server First Init.
ERPImporta.exe: 00002944: 17:58:49 [TUniServerModule]:Start Path = D:\Projetos_WEB\ERP_Importa\
ERPImporta.exe: 00002944: 17:58:49 [TUniServerModule]:Debug Mode = ON
ERPImporta.exe: 00002944: 17:58:49 [TUniGUISessionManager]:Cache erase job created, Folder count: [1]
ERPImporta.exe: 00002944: 17:58:50 [TUniServerModule]:Starting HTTP Server on Port: 8077...
ERPImporta.exe: 00002944: 17:58:50 [TUniServerModule]:HTTP Server Started on Port: 8077
ERPImporta.exe: 00002EE4: 18:00:33 []:>--------------------------------------------------------------<
ERPImporta.exe: 00002EE4: 18:00:33 [TUniServerModule]:Server First Init.
ERPImporta.exe: 00002EE4: 18:00:33 [TUniServerModule]:Start Path = D:\Projetos_WEB\ERP_Importa\
ERPImporta.exe: 00002EE4: 18:00:33 [TUniServerModule]:Debug Mode = ON
ERPImporta.exe: 00002EE4: 18:00:33 [TUniGUISessionManager]:Cache erase job created, Folder count: [1]
ERPImporta.exe: 00002EE4: 18:00:34 [TUniServerModule]:Starting HTTP Server on Port: 8077...
ERPImporta.exe: 00002EE4: 18:00:34 [TUniServerModule]:HTTP Server Started on Port: 8077
ERPImporta.exe: 00003124: 18:02:49 []:>--------------------------------------------------------------<
ERPImporta.exe: 00003124: 18:02:49 [TUniServerModule]:Server First Init.
ERPImporta.exe: 00003124: 18:02:49 [TUniServerModule]:Start Path = D:\Projetos_WEB\ERP_Importa\
ERPImporta.exe: 00003124: 18:02:49 [TUniServerModule]:Debug Mode = ON
ERPImporta.exe: 00003124: 18:02:50 [TUniGUISessionManager]:Cache erase job created, Folder count: [1]
ERPImporta.exe: 00003124: 18:02:50 [TUniServerModule]:Starting HTTP Server on Port: 8077...
ERPImporta.exe: 00003124: 18:02:50 [TUniServerModule]:HTTP Server Started on Port: 8077
ERPImporta.exe: 00001B0C: 18:03:36 []:>--------------------------------------------------------------<
ERPImporta.exe: 00001B0C: 18:03:36 [TUniServerModule]:Server First Init.
ERPImporta.exe: 00001B0C: 18:03:36 [TUniServerModule]:Start Path = D:\Projetos_WEB\ERP_Importa\
ERPImporta.exe: 00001B0C: 18:03:36 [TUniServerModule]:Debug Mode = ON
ERPImporta.exe: 00001B0C: 18:03:36 [TUniServerModule]:Starting HTTP Server on Port: 8077...
ERPImporta.exe: 00001B0C: 18:03:37 [TUniServerModule]:HTTP Server Started on Port: 8077
ERPImporta.exe: 00005260: 18:04:25 []:>--------------------------------------------------------------<
ERPImporta.exe: 00005260: 18:04:25 [TUniServerModule]:Server First Init.
ERPImporta.exe: 00005260: 18:04:25 [TUniServerModule]:Start Path = D:\Projetos_WEB\ERP_Importa\
ERPImporta.exe: 00005260: 18:04:25 [TUniServerModule]:Debug Mode = ON
ERPImporta.exe: 00005260: 18:04:25 [TUniGUISessionManager]:Cache erase job created, Folder count: [1]
ERPImporta.exe: 00005260: 18:04:26 [TUniServerModule]:Starting HTTP Server on Port: 8077...
ERPImporta.exe: 00005260: 18:04:26 [TUniServerModule]:HTTP Server Started on Port: 8077
ERPImporta.exe: 00001A58: 18:05:06 []:>--------------------------------------------------------------<
ERPImporta.exe: 00001A58: 18:05:06 [TUniServerModule]:Server First Init.
ERPImporta.exe: 00001A58: 18:05:06 [TUniServerModule]:Start Path = D:\Projetos_WEB\ERP_Importa\
ERPImporta.exe: 00001A58: 18:05:06 [TUniServerModule]:Debug Mode = ON
ERPImporta.exe: 00001A58: 18:05:07 [TUniServerModule]:Starting HTTP Server on Port: 8077...
ERPImporta.exe: 00001A58: 18:05:07 [TUniServerModule]:HTTP Server Started on Port: 8077
ERPImporta.exe: 00005360: 18:06:10 []:>--------------------------------------------------------------<
ERPImporta.exe: 00005360: 18:06:10 [TUniServerModule]:Server First Init.
ERPImporta.exe: 00005360: 18:06:10 [TUniServerModule]:Start Path = D:\Projetos_WEB\ERP_Importa\
ERPImporta.exe: 00005360: 18:06:10 [TUniServerModule]:Debug Mode = ON
ERPImporta.exe: 00005360: 18:06:11 [TUniServerModule]:Starting HTTP Server on Port: 8077...
ERPImporta.exe: 00005360: 18:06:11 [TUniServerModule]:HTTP Server Started on Port: 8077
ERPImporta.exe: 00003104: 18:06:27 []:>--------------------------------------------------------------<
ERPImporta.exe: 00003104: 18:06:27 [TUniServerModule]:Server First Init.
ERPImporta.exe: 00003104: 18:06:27 [TUniServerModule]:Start Path = D:\Projetos_WEB\ERP_Importa\
ERPImporta.exe: 00003104: 18:06:27 [TUniServerModule]:Debug Mode = ON
ERPImporta.exe: 00003104: 18:06:27 [TUniGUISessionManager]:Cache erase job created, Folder count: [1]
ERPImporta.exe: 00003104: 18:06:27 [TUniServerModule]:Starting HTTP Server on Port: 8077...
ERPImporta.exe: 00003104: 18:06:27 [TUniServerModule]:HTTP Server Started on Port: 8077
ERPImporta.exe: 00001D40: 18:06:33 [127.0.0.1]:EUniSessionException : Sessão inváilda ou tempo da sessão expirado. (Session not found: ejCqZVVnVy1108D7D67 ) : Addr: $007D0F18
ERPImporta.exe: 00003A5C: 18:07:10 []:>--------------------------------------------------------------<
ERPImporta.exe: 00003A5C: 18:07:10 [TUniServerModule]:Server First Init.
ERPImporta.exe: 00003A5C: 18:07:10 [TUniServerModule]:Start Path = D:\Projetos_WEB\ERP_Importa\
ERPImporta.exe: 00003A5C: 18:07:10 [TUniServerModule]:Debug Mode = ON
ERPImporta.exe: 00003A5C: 18:07:10 [TUniGUISessionManager]:Cache erase job created, Folder count: [1]
ERPImporta.exe: 00003A5C: 18:07:11 [TUniServerModule]:Starting HTTP Server on Port: 8077...
ERPImporta.exe: 00003A5C: 18:07:11 [TUniServerModule]:HTTP Server Started on Port: 8077
ERPImporta.exe: 00002208: 18:09:43 []:>--------------------------------------------------------------<
ERPImporta.exe: 00002208: 18:09:43 [TUniServerModule]:Server First Init.
ERPImporta.exe: 00002208: 18:09:43 [TUniServerModule]:Start Path = D:\Projetos_WEB\ERP_Importa\
ERPImporta.exe: 00002208: 18:09:43 [TUniServerModule]:Debug Mode = ON
ERPImporta.exe: 00002208: 18:09:43 [TUniGUISessionManager]:Cache erase job created, Folder count: [1]
ERPImporta.exe: 00002208: 18:09:43 [TUniServerModule]:Starting HTTP Server on Port: 8077...
ERPImporta.exe: 00002208: 18:09:43 [TUniServerModule]:HTTP Server Started on Port: 8077
ERPImporta.exe: 000044E4: 18:13:18 []:>--------------------------------------------------------------<
ERPImporta.exe: 000044E4: 18:13:18 [TUniServerModule]:Server First Init.
ERPImporta.exe: 000044E4: 18:13:18 [TUniServerModule]:Start Path = D:\Projetos_WEB\ERP_Importa\
ERPImporta.exe: 000044E4: 18:13:18 [TUniServerModule]:Debug Mode = ON
ERPImporta.exe: 000044E4: 18:13:18 [TUniGUISessionManager]:Cache erase job created, Folder count: [1]
ERPImporta.exe: 000044E4: 18:13:18 [TUniServerModule]:Starting HTTP Server on Port: 8077...
ERPImporta.exe: 000044E4: 18:13:18 [TUniServerModule]:HTTP Server Started on Port: 8077
ERPImporta.exe: 000049A0: 18:14:02 []:>--------------------------------------------------------------<
ERPImporta.exe: 000049A0: 18:14:02 [TUniServerModule]:Server First Init.
ERPImporta.exe: 000049A0: 18:14:02 [TUniServerModule]:Start Path = D:\Projetos_WEB\ERP_Importa\
ERPImporta.exe: 000049A0: 18:14:02 [TUniServerModule]:Debug Mode = ON
ERPImporta.exe: 000049A0: 18:14:02 [TUniGUISessionManager]:Cache erase job created, Folder count: [1]
ERPImporta.exe: 000049A0: 18:14:02 [TUniServerModule]:Starting HTTP Server on Port: 8077...
ERPImporta.exe: 000049A0: 18:14:02 [TUniServerModule]:HTTP Server Started on Port: 8077
ERPImporta.exe: 0000520C: 18:15:44 []:>--------------------------------------------------------------<
ERPImporta.exe: 0000520C: 18:15:44 [TUniServerModule]:Server First Init.
ERPImporta.exe: 0000520C: 18:15:44 [TUniServerModule]:Start Path = D:\Projetos_WEB\ERP_Importa\
ERPImporta.exe: 0000520C: 18:15:44 [TUniServerModule]:Debug Mode = ON
ERPImporta.exe: 0000520C: 18:15:44 [TUniServerModule]:Starting HTTP Server on Port: 8077...
ERPImporta.exe: 0000520C: 18:15:44 [TUniServerModule]:HTTP Server Started on Port: 8077
ERPImporta.exe: 00002750: 18:16:53 []:>--------------------------------------------------------------<
ERPImporta.exe: 00002750: 18:16:53 [TUniServerModule]:Server First Init.
ERPImporta.exe: 00002750: 18:16:53 [TUniServerModule]:Start Path = D:\Projetos_WEB\ERP_Importa\
ERPImporta.exe: 00002750: 18:16:53 [TUniServerModule]:Debug Mode = ON
ERPImporta.exe: 00002750: 18:16:54 [TUniServerModule]:Starting HTTP Server on Port: 8077...
ERPImporta.exe: 00002750: 18:16:54 [TUniServerModule]:HTTP Server Started on Port: 8077
ERPImporta.exe: 0000443C: 18:19:30 []:>--------------------------------------------------------------<
ERPImporta.exe: 0000443C: 18:19:30 [TUniServerModule]:Server First Init.
ERPImporta.exe: 0000443C: 18:19:30 [TUniServerModule]:Start Path = D:\Projetos_WEB\ERP_Importa\
ERPImporta.exe: 0000443C: 18:19:30 [TUniServerModule]:Debug Mode = ON
ERPImporta.exe: 0000443C: 18:19:30 [TUniServerModule]:Starting HTTP Server on Port: 8077...
ERPImporta.exe: 0000443C: 18:19:30 [TUniServerModule]:HTTP Server Started on Port: 8077
ERPImporta.exe: 00002E80: 18:21:58 []:>--------------------------------------------------------------<
ERPImporta.exe: 00002E80: 18:21:58 [TUniServerModule]:Server First Init.
ERPImporta.exe: 00002E80: 18:21:58 [TUniServerModule]:Start Path = D:\Projetos_WEB\ERP_Importa\
ERPImporta.exe: 00002E80: 18:21:58 [TUniServerModule]:Debug Mode = ON
ERPImporta.exe: 00002E80: 18:21:59 [TUniServerModule]:Starting HTTP Server on Port: 8077...
ERPImporta.exe: 00002E80: 18:21:59 [TUniServerModule]:HTTP Server Started on Port: 8077
ERPImporta.exe: 000038E4: 18:25:33 []:>--------------------------------------------------------------<
ERPImporta.exe: 000038E4: 18:25:33 [TUniServerModule]:Server First Init.
ERPImporta.exe: 000038E4: 18:25:33 [TUniServerModule]:Start Path = D:\Projetos_WEB\ERP_Importa\
ERPImporta.exe: 000038E4: 18:25:34 [TUniServerModule]:Debug Mode = ON
ERPImporta.exe: 000038E4: 18:25:34 [TUniGUISessionManager]:Cache erase job created, Folder count: [1]
ERPImporta.exe: 000038E4: 18:25:34 [TUniServerModule]:Starting HTTP Server on Port: 8077...
ERPImporta.exe: 000038E4: 18:25:34 [TUniServerModule]:HTTP Server Started on Port: 8077
ERPImporta.exe: 000020D8: 18:26:52 []:>--------------------------------------------------------------<
ERPImporta.exe: 000020D8: 18:26:52 [TUniServerModule]:Server First Init.
ERPImporta.exe: 000020D8: 18:26:52 [TUniServerModule]:Start Path = D:\Projetos_WEB\ERP_Importa\
ERPImporta.exe: 000020D8: 18:26:52 [TUniServerModule]:Debug Mode = ON
ERPImporta.exe: 000020D8: 18:26:53 [TUniServerModule]:Starting HTTP Server on Port: 8077...
ERPImporta.exe: 000020D8: 18:26:53 [TUniServerModule]:HTTP Server Started on Port: 8077
ERPImporta.exe: 000028C4: 18:27:27 []:>--------------------------------------------------------------<
ERPImporta.exe: 000028C4: 18:27:27 [TUniServerModule]:Server First Init.
ERPImporta.exe: 000028C4: 18:27:27 [TUniServerModule]:Start Path = D:\Projetos_WEB\ERP_Importa\
ERPImporta.exe: 000028C4: 18:27:27 [TUniServerModule]:Debug Mode = ON
ERPImporta.exe: 000028C4: 18:27:27 [TUniGUISessionManager]:Cache erase job created, Folder count: [1]
ERPImporta.exe: 000028C4: 18:27:27 [TUniServerModule]:Starting HTTP Server on Port: 8077...
ERPImporta.exe: 000028C4: 18:27:27 [TUniServerModule]:HTTP Server Started on Port: 8077
ERPImporta.exe: 000048C8: 18:28:21 []:>--------------------------------------------------------------<
ERPImporta.exe: 000048C8: 18:28:21 [TUniServerModule]:Server First Init.
ERPImporta.exe: 000048C8: 18:28:21 [TUniServerModule]:Start Path = D:\Projetos_WEB\ERP_Importa\
ERPImporta.exe: 000048C8: 18:28:21 [TUniServerModule]:Debug Mode = ON
ERPImporta.exe: 000048C8: 18:28:21 [TUniGUISessionManager]:Cache erase job created, Folder count: [1]
ERPImporta.exe: 000048C8: 18:28:21 [TUniServerModule]:Starting HTTP Server on Port: 8077...
ERPImporta.exe: 000048C8: 18:28:21 [TUniServerModule]:HTTP Server Started on Port: 8077
ERPImporta.exe: 000028D4: 18:28:48 []:>--------------------------------------------------------------<
ERPImporta.exe: 000028D4: 18:28:48 [TUniServerModule]:Server First Init.
ERPImporta.exe: 000028D4: 18:28:48 [TUniServerModule]:Start Path = D:\Projetos_WEB\ERP_Importa\
ERPImporta.exe: 000028D4: 18:28:48 [TUniServerModule]:Debug Mode = ON
ERPImporta.exe: 000028D4: 18:28:48 [TUniGUISessionManager]:Cache erase job created, Folder count: [1]
ERPImporta.exe: 000028D4: 18:28:48 [TUniServerModule]:Starting HTTP Server on Port: 8077...
ERPImporta.exe: 000028D4: 18:28:48 [TUniServerModule]:HTTP Server Started on Port: 8077
ERPImporta.exe: 0000477C: 18:31:19 []:>--------------------------------------------------------------<
ERPImporta.exe: 0000477C: 18:31:19 [TUniServerModule]:Server First Init.
ERPImporta.exe: 0000477C: 18:31:19 [TUniServerModule]:Start Path = D:\Projetos_WEB\ERP_Importa\
ERPImporta.exe: 0000477C: 18:31:19 [TUniServerModule]:Debug Mode = ON
ERPImporta.exe: 0000477C: 18:31:19 [TUniServerModule]:Starting HTTP Server on Port: 8077...
ERPImporta.exe: 0000477C: 18:31:19 [TUniServerModule]:HTTP Server Started on Port: 8077
ERPImporta.exe: 00004E84: 18:32:47 []:>--------------------------------------------------------------<
ERPImporta.exe: 00004E84: 18:32:47 [TUniServerModule]:Server First Init.
ERPImporta.exe: 00004E84: 18:32:48 [TUniServerModule]:Start Path = D:\Projetos_WEB\ERP_Importa\
ERPImporta.exe: 00004E84: 18:32:48 [TUniServerModule]:Debug Mode = ON
ERPImporta.exe: 00004E84: 18:32:48 [TUniGUISessionManager]:Cache erase job created, Folder count: [1]
ERPImporta.exe: 00004E84: 18:32:48 [TUniServerModule]:Starting HTTP Server on Port: 8077...
ERPImporta.exe: 00004E84: 18:32:48 [TUniServerModule]:HTTP Server Started on Port: 8077
ERPImporta.exe: 00000944: 18:33:51 []:>--------------------------------------------------------------<
ERPImporta.exe: 00000944: 18:33:51 [TUniServerModule]:Server First Init.
ERPImporta.exe: 00000944: 18:33:51 [TUniServerModule]:Start Path = D:\Projetos_WEB\ERP_Importa\
ERPImporta.exe: 00000944: 18:33:51 [TUniServerModule]:Debug Mode = ON
ERPImporta.exe: 00000944: 18:33:51 [TUniServerModule]:Starting HTTP Server on Port: 8077...
ERPImporta.exe: 00000944: 18:33:51 [TUniServerModule]:HTTP Server Started on Port: 8077
ERPImporta.exe: 00004BF0: 18:35:36 []:>--------------------------------------------------------------<
ERPImporta.exe: 00004BF0: 18:35:36 [TUniServerModule]:Server First Init.
ERPImporta.exe: 00004BF0: 18:35:36 [TUniServerModule]:Start Path = D:\Projetos_WEB\ERP_Importa\
ERPImporta.exe: 00004BF0: 18:35:36 [TUniServerModule]:Debug Mode = ON
ERPImporta.exe: 00004BF0: 18:35:36 [TUniGUISessionManager]:Cache erase job created, Folder count: [1]
ERPImporta.exe: 00004BF0: 18:35:36 [TUniServerModule]:Starting HTTP Server on Port: 8077...
ERPImporta.exe: 00004BF0: 18:35:36 [TUniServerModule]:HTTP Server Started on Port: 8077
ERPImporta.exe: 00005434: 18:37:57 []:>--------------------------------------------------------------<
ERPImporta.exe: 00005434: 18:37:57 [TUniServerModule]:Server First Init.
ERPImporta.exe: 00005434: 18:37:57 [TUniServerModule]:Start Path = D:\Projetos_WEB\ERP_Importa\
ERPImporta.exe: 00005434: 18:37:57 [TUniServerModule]:Debug Mode = ON
ERPImporta.exe: 00005434: 18:37:57 [TUniGUISessionManager]:Cache erase job created, Folder count: [1]
ERPImporta.exe: 00005434: 18:37:57 [TUniServerModule]:Starting HTTP Server on Port: 8077...
ERPImporta.exe: 00005434: 18:37:57 [TUniServerModule]:HTTP Server Started on Port: 8077
ERPImporta.exe: 00002010: 18:38:34 []:>--------------------------------------------------------------<
ERPImporta.exe: 00002010: 18:38:34 [TUniServerModule]:Server First Init.
ERPImporta.exe: 00002010: 18:38:34 [TUniServerModule]:Start Path = D:\Projetos_WEB\ERP_Importa\
ERPImporta.exe: 00002010: 18:38:34 [TUniServerModule]:Debug Mode = ON
ERPImporta.exe: 00002010: 18:38:34 [TUniGUISessionManager]:Cache erase job created, Folder count: [1]
ERPImporta.exe: 00002010: 18:38:35 [TUniServerModule]:Starting HTTP Server on Port: 8077...
ERPImporta.exe: 00002010: 18:38:35 [TUniServerModule]:HTTP Server Started on Port: 8077
ERPImporta.exe: 00002328: 18:40:15 []:>--------------------------------------------------------------<
ERPImporta.exe: 00002328: 18:40:15 [TUniServerModule]:Server First Init.
ERPImporta.exe: 00002328: 18:40:15 [TUniServerModule]:Start Path = D:\Projetos_WEB\ERP_Importa\
ERPImporta.exe: 00002328: 18:40:15 [TUniServerModule]:Debug Mode = ON
ERPImporta.exe: 00002328: 18:40:15 [TUniGUISessionManager]:Cache erase job created, Folder count: [1]
ERPImporta.exe: 00002328: 18:40:16 [TUniServerModule]:Starting HTTP Server on Port: 8077...
ERPImporta.exe: 00002328: 18:40:16 [TUniServerModule]:HTTP Server Started on Port: 8077
ERPImporta.exe: 0000296C: 18:44:24 []:>--------------------------------------------------------------<
ERPImporta.exe: 0000296C: 18:44:24 [TUniServerModule]:Server First Init.
ERPImporta.exe: 0000296C: 18:44:24 [TUniServerModule]:Start Path = D:\Projetos_WEB\ERP_Importa\
ERPImporta.exe: 0000296C: 18:44:24 [TUniServerModule]:Debug Mode = ON
ERPImporta.exe: 0000296C: 18:44:25 [TUniServerModule]:Starting HTTP Server on Port: 8077...
ERPImporta.exe: 0000296C: 18:44:25 [TUniServerModule]:HTTP Server Started on Port: 8077
ERPImporta.exe: 00000C68: 18:48:26 []:>--------------------------------------------------------------<
ERPImporta.exe: 00000C68: 18:48:26 [TUniServerModule]:Server First Init.
ERPImporta.exe: 00000C68: 18:48:26 [TUniServerModule]:Start Path = D:\Projetos_WEB\ERP_Importa\
ERPImporta.exe: 00000C68: 18:48:26 [TUniServerModule]:Debug Mode = ON
ERPImporta.exe: 00000C68: 18:48:26 [TUniServerModule]:Starting HTTP Server on Port: 8077...
ERPImporta.exe: 00000C68: 18:48:26 [TUniServerModule]:HTTP Server Started on Port: 8077
ERPImporta.exe: 00002E18: 18:53:15 []:>--------------------------------------------------------------<
ERPImporta.exe: 00002E18: 18:53:15 [TUniServerModule]:Server First Init.
ERPImporta.exe: 00002E18: 18:53:15 [TUniServerModule]:Start Path = D:\Projetos_WEB\ERP_Importa\
ERPImporta.exe: 00002E18: 18:53:15 [TUniServerModule]:Debug Mode = ON
ERPImporta.exe: 00002E18: 18:53:16 [TUniServerModule]:Starting HTTP Server on Port: 8077...
ERPImporta.exe: 00002E18: 18:53:16 [TUniServerModule]:HTTP Server Started on Port: 8077
ERPImporta.exe: 00003514: 19:44:06 []:>--------------------------------------------------------------<
ERPImporta.exe: 00003514: 19:44:06 [TUniServerModule]:Server First Init.
ERPImporta.exe: 00003514: 19:44:06 [TUniServerModule]:Start Path = D:\Projetos_WEB\ERP_Importa\
ERPImporta.exe: 00003514: 19:44:06 [TUniServerModule]:Debug Mode = ON
ERPImporta.exe: 00003514: 19:44:06 [TUniGUISessionManager]:Cache erase job created, Folder count: [1]
ERPImporta.exe: 00003514: 19:44:07 [TUniServerModule]:Starting HTTP Server on Port: 8077...
ERPImporta.exe: 00003514: 19:44:07 [TUniServerModule]:HTTP Server Started on Port: 8077
ERPImporta.exe: 00000660: 19:47:19 []:>--------------------------------------------------------------<
ERPImporta.exe: 00000660: 19:47:19 [TUniServerModule]:Server First Init.
ERPImporta.exe: 00000660: 19:47:19 [TUniServerModule]:Start Path = D:\Projetos_WEB\ERP_Importa\
ERPImporta.exe: 00000660: 19:47:19 [TUniServerModule]:Debug Mode = ON
ERPImporta.exe: 00000660: 19:47:19 [TUniServerModule]:Starting HTTP Server on Port: 8077...
ERPImporta.exe: 00000660: 19:47:19 [TUniServerModule]:HTTP Server Started on Port: 8077
ERPImporta.exe: 0000566C: 20:56:32 []:>--------------------------------------------------------------<
ERPImporta.exe: 0000566C: 20:56:32 [TUniServerModule]:Server First Init.
ERPImporta.exe: 0000566C: 20:56:32 [TUniServerModule]:Start Path = D:\Projetos_WEB\ERP_Importa\
ERPImporta.exe: 0000566C: 20:56:32 [TUniServerModule]:Debug Mode = ON
ERPImporta.exe: 0000566C: 20:56:32 [TUniServerModule]:Starting HTTP Server on Port: 8077...
ERPImporta.exe: 0000566C: 20:56:33 [TUniServerModule]:HTTP Server Started on Port: 8077
