ERPImporta.exe: 00003C4C: 08:24:38 [Exit]:Unexpected attempt to terminate server application with Exit Code: 0
ERPImporta.exe: 00003A40: 16:00:44 []:>--------------------------------------------------------------<
ERPImporta.exe: 00003A40: 16:00:44 [TUniServerModule]:Server First Init.
ERPImporta.exe: 00003A40: 16:00:44 [TUniServerModule]:Start Path = C:\Projetos_WEB\ERP_Importa\
ERPImporta.exe: 00003A40: 16:00:44 [TUniServerModule]:Debug Mode = ON
ERPImporta.exe: 00003A40: 16:00:44 [TUniGUISessionManager]:Cache erase job created, Folder count: [1]
ERPImporta.exe: 00003A40: 16:00:44 [TUniServerModule]:Starting HTTP Server on Port: 8077...
ERPImporta.exe: 00003A40: 16:00:44 [TUniServerModule]:HTTP Server Started on Port: 8077
ERPImporta.exe: 0000363C: 16:01:15 [TUniGUIServerModule.AppHandleException-127.0.0.1]:EAbort : Operation aborted : Addr: $00BD219B
ERPImporta.exe: 00000F44: 16:01:38 [127.0.0.1]:EMSSQLNativeException : [FireDAC][Phys][ODBC][Microsoft][SQL Server Native Client 11.0]Provedor de Pipes Nomeados: Não foi possível abrir uma conexão com o SQL Server [53].  : Addr: $008C8222
ERPImporta.exe: 00000F44: 16:01:54 [127.0.0.1]:EMSSQLNativeException : [FireDAC][Phys][ODBC][Microsoft][SQL Server Native Client 11.0]Provedor de Pipes Nomeados: Não foi possível abrir uma conexão com o SQL Server [53].  : Addr: $008C8222
ERPImporta.exe: 000036E8: 16:02:15 []:>--------------------------------------------------------------<
ERPImporta.exe: 000036E8: 16:02:15 [TUniServerModule]:Server First Init.
ERPImporta.exe: 000036E8: 16:02:15 [TUniServerModule]:Start Path = C:\Projetos_WEB\ERP_Importa\
ERPImporta.exe: 000036E8: 16:02:15 [TUniServerModule]:Debug Mode = ON
ERPImporta.exe: 000036E8: 16:02:15 [TUniGUISessionManager]:Cache erase job created, Folder count: [1]
ERPImporta.exe: 000036E8: 16:02:15 [TUniServerModule]:Starting HTTP Server on Port: 8077...
ERPImporta.exe: 000036E8: 16:02:15 [TUniServerModule]:HTTP Server Started on Port: 8077
ERPImporta.exe: 00001790: 16:08:11 []:>--------------------------------------------------------------<
ERPImporta.exe: 00001790: 16:08:11 [TUniServerModule]:Server First Init.
ERPImporta.exe: 00001790: 16:08:11 [TUniServerModule]:Start Path = C:\Projetos_WEB\ERP_Importa\
ERPImporta.exe: 00001790: 16:08:11 [TUniServerModule]:Debug Mode = ON
ERPImporta.exe: 00001790: 16:08:11 [TUniGUISessionManager]:Cache erase job created, Folder count: [1]
ERPImporta.exe: 00001790: 16:08:11 [TUniServerModule]:Starting HTTP Server on Port: 8077...
ERPImporta.exe: 00001790: 16:08:11 [TUniServerModule]:HTTP Server Started on Port: 8077
ERPImporta.exe: 00003ED8: 16:34:10 []:>--------------------------------------------------------------<
ERPImporta.exe: 00003ED8: 16:34:10 [TUniServerModule]:Server First Init.
ERPImporta.exe: 00003ED8: 16:34:10 [TUniServerModule]:Start Path = C:\Projetos_WEB\ERP_Importa\
ERPImporta.exe: 00003ED8: 16:34:10 [TUniServerModule]:Debug Mode = ON
ERPImporta.exe: 00003ED8: 16:34:10 [TUniGUISessionManager]:Cache erase job created, Folder count: [1]
ERPImporta.exe: 00003ED8: 16:34:10 [TUniServerModule]:Starting HTTP Server on Port: 8077...
ERPImporta.exe: 00003ED8: 16:34:10 [TUniServerModule]:HTTP Server Started on Port: 8077
ERPImporta.exe: 00001FBC: 16:34:42 [127.0.0.1]:EDatabaseError : PedidosNFItens: Dataset not in edit or insert mode : Addr: $00657AAE
ERPImporta.exe: 00001FBC: 16:34:46 [127.0.0.1]:EDatabaseError : PedidosNFItens: Dataset not in edit or insert mode : Addr: $00657AAE
ERPImporta.exe: 00003F80: 16:37:45 []:>--------------------------------------------------------------<
ERPImporta.exe: 00003F80: 16:37:45 [TUniServerModule]:Server First Init.
ERPImporta.exe: 00003F80: 16:37:45 [TUniServerModule]:Start Path = C:\Projetos_WEB\ERP_Importa\
ERPImporta.exe: 00003F80: 16:37:45 [TUniServerModule]:Debug Mode = ON
ERPImporta.exe: 00003F80: 16:37:45 [TUniServerModule]:Starting HTTP Server on Port: 8077...
ERPImporta.exe: 00003F80: 16:37:45 [TUniServerModule]:HTTP Server Started on Port: 8077
ERPImporta.exe: 00002B80: 16:38:39 []:>--------------------------------------------------------------<
ERPImporta.exe: 00002B80: 16:38:39 [TUniServerModule]:Server First Init.
ERPImporta.exe: 00002B80: 16:38:39 [TUniServerModule]:Start Path = C:\Projetos_WEB\ERP_Importa\
ERPImporta.exe: 00002B80: 16:38:39 [TUniServerModule]:Debug Mode = ON
ERPImporta.exe: 00002B80: 16:38:39 [TUniGUISessionManager]:Cache erase job created, Folder count: [1]
ERPImporta.exe: 00002B80: 16:38:39 [TUniServerModule]:Starting HTTP Server on Port: 8077...
ERPImporta.exe: 00002B80: 16:38:39 [TUniServerModule]:HTTP Server Started on Port: 8077
ERPImporta.exe: 00003A38: 16:38:55 []:>--------------------------------------------------------------<
ERPImporta.exe: 00003A38: 16:38:55 [TUniServerModule]:Server First Init.
ERPImporta.exe: 00003A38: 16:38:55 [TUniServerModule]:Start Path = C:\Projetos_WEB\ERP_Importa\
ERPImporta.exe: 00003A38: 16:38:55 [TUniServerModule]:Debug Mode = ON
ERPImporta.exe: 00003A38: 16:38:55 [TUniGUISessionManager]:Cache erase job created, Folder count: [1]
ERPImporta.exe: 00003A38: 16:38:55 [TUniServerModule]:Starting HTTP Server on Port: 8077...
ERPImporta.exe: 00003A38: 16:38:55 [TUniServerModule]:HTTP Server Started on Port: 8077
ERPImporta.exe: 00002F54: 16:39:07 [[FireDAC][Phys][ODBC][Microsoft][SQL Server Native Client 11.0][SQL Server]Invalid column name 'Registro'.-127.0.0.1]:EMSSQLNativeException : [FireDAC][Phys][ODBC][Microsoft][SQL Server Native Client 11.0][SQL Server]Invalid column name 'Registro'. : Addr: $008E1CE9
ERPImporta.exe: 0000310C: 16:39:10 [HandleFileRequest[127.0.0.1]]:File not found: C:\Projetos_WEB\ERP_Importa\files\images\fundo8.jpg
