ERPImporta.exe: 00000F04: 11:24:22 []:>--------------------------------------------------------------<
ERPImporta.exe: 00000F04: 11:24:22 [TUniServerModule]:Server First Init.
ERPImporta.exe: 00000F04: 11:24:22 [TUniServerModule]:Start Path = C:\Projetos_WEB\ERP_Importa\
ERPImporta.exe: 00000F04: 11:24:22 [TUniServerModule]:Debug Mode = ON
ERPImporta.exe: 00000F04: 11:24:22 [TUniServerModule]:Starting HTTP Server on Port: 8077...
ERPImporta.exe: 00000F04: 11:24:22 [TUniServerModule]:HTTP Server Started on Port: 8077
ERPImporta.exe: 00001B88: 11:31:15 []:>--------------------------------------------------------------<
ERPImporta.exe: 00001B88: 11:31:15 [TUniServerModule]:Server First Init.
ERPImporta.exe: 00001B88: 11:31:15 [TUniServerModule]:Start Path = C:\Projetos_WEB\ERP_Importa\
ERPImporta.exe: 00001B88: 11:31:15 [TUniServerModule]:Debug Mode = ON
ERPImporta.exe: 00001B88: 11:31:15 [TUniGUISessionManager]:Cache erase job created, Folder count: [1]
ERPImporta.exe: 00001B88: 11:31:16 [TUniServerModule]:Starting HTTP Server on Port: 8077...
ERPImporta.exe: 00001B88: 11:31:16 [TUniServerModule]:HTTP Server Started on Port: 8077
ERPImporta.exe: 00001C74: 11:33:22 []:>--------------------------------------------------------------<
ERPImporta.exe: 00001C74: 11:33:22 [TUniServerModule]:Server First Init.
ERPImporta.exe: 00001C74: 11:33:22 [TUniServerModule]:Start Path = C:\Projetos_WEB\ERP_Importa\
ERPImporta.exe: 00001C74: 11:33:22 [TUniServerModule]:Debug Mode = ON
ERPImporta.exe: 00001C74: 11:33:22 [TUniGUISessionManager]:Cache erase job created, Folder count: [1]
ERPImporta.exe: 00001C74: 11:33:22 [TUniServerModule]:Starting HTTP Server on Port: 8077...
ERPImporta.exe: 00001C74: 11:33:22 [TUniServerModule]:HTTP Server Started on Port: 8077
ERPImporta.exe: 000022C4: 11:41:20 []:>--------------------------------------------------------------<
ERPImporta.exe: 000022C4: 11:41:20 [TUniServerModule]:Server First Init.
ERPImporta.exe: 000022C4: 11:41:20 [TUniServerModule]:Start Path = C:\Projetos_WEB\ERP_Importa\
ERPImporta.exe: 000022C4: 11:41:20 [TUniServerModule]:Debug Mode = ON
ERPImporta.exe: 000022C4: 11:41:20 [TUniGUISessionManager]:Cache erase job created, Folder count: [1]
ERPImporta.exe: 000022C4: 11:41:21 [TUniServerModule]:Starting HTTP Server on Port: 8077...
ERPImporta.exe: 000022C4: 11:41:21 [TUniServerModule]:HTTP Server Started on Port: 8077
ERPImporta.exe: 00002F48: 11:42:39 []:>--------------------------------------------------------------<
ERPImporta.exe: 00002F48: 11:42:39 [TUniServerModule]:Server First Init.
ERPImporta.exe: 00002F48: 11:42:39 [TUniServerModule]:Start Path = C:\Projetos_WEB\ERP_Importa\
ERPImporta.exe: 00002F48: 11:42:39 [TUniServerModule]:Debug Mode = ON
ERPImporta.exe: 00002F48: 11:42:39 [TUniGUISessionManager]:Cache erase job created, Folder count: [1]
ERPImporta.exe: 00002F48: 11:42:39 [TUniServerModule]:Starting HTTP Server on Port: 8077...
ERPImporta.exe: 00002F48: 11:42:39 [TUniServerModule]:HTTP Server Started on Port: 8077
ERPImporta.exe: 000007DC: 11:43:33 []:>--------------------------------------------------------------<
ERPImporta.exe: 000007DC: 11:43:33 [TUniServerModule]:Server First Init.
ERPImporta.exe: 000007DC: 11:43:33 [TUniServerModule]:Start Path = C:\Projetos_WEB\ERP_Importa\
ERPImporta.exe: 000007DC: 11:43:33 [TUniServerModule]:Debug Mode = ON
ERPImporta.exe: 000007DC: 11:43:33 [TUniGUISessionManager]:Cache erase job created, Folder count: [1]
ERPImporta.exe: 000007DC: 11:43:34 [TUniServerModule]:Starting HTTP Server on Port: 8077...
ERPImporta.exe: 000007DC: 11:43:34 [TUniServerModule]:HTTP Server Started on Port: 8077
ERPImporta.exe: 0000225C: 11:44:02 []:>--------------------------------------------------------------<
ERPImporta.exe: 0000225C: 11:44:02 [TUniServerModule]:Server First Init.
ERPImporta.exe: 0000225C: 11:44:02 [TUniServerModule]:Start Path = C:\Projetos_WEB\ERP_Importa\
ERPImporta.exe: 0000225C: 11:44:02 [TUniServerModule]:Debug Mode = ON
ERPImporta.exe: 0000225C: 11:44:02 [TUniServerModule]:Starting HTTP Server on Port: 8077...
ERPImporta.exe: 0000225C: 11:44:02 [TUniServerModule]:HTTP Server Started on Port: 8077
ERPImporta.exe: 00001F34: 11:44:45 []:>--------------------------------------------------------------<
ERPImporta.exe: 00001F34: 11:44:45 [TUniServerModule]:Server First Init.
ERPImporta.exe: 00001F34: 11:44:45 [TUniServerModule]:Start Path = C:\Projetos_WEB\ERP_Importa\
ERPImporta.exe: 00001F34: 11:44:45 [TUniServerModule]:Debug Mode = ON
ERPImporta.exe: 00001F34: 11:44:45 [TUniGUISessionManager]:Cache erase job created, Folder count: [1]
ERPImporta.exe: 00001F34: 11:44:45 [TUniServerModule]:Starting HTTP Server on Port: 8077...
ERPImporta.exe: 00001F34: 11:44:45 [TUniServerModule]:HTTP Server Started on Port: 8077
ERPImporta.exe: 000025D4: 11:45:11 []:>--------------------------------------------------------------<
ERPImporta.exe: 000025D4: 11:45:11 [TUniServerModule]:Server First Init.
ERPImporta.exe: 000025D4: 11:45:11 [TUniServerModule]:Start Path = C:\Projetos_WEB\ERP_Importa\
ERPImporta.exe: 000025D4: 11:45:11 [TUniServerModule]:Debug Mode = ON
ERPImporta.exe: 000025D4: 11:45:11 [TUniServerModule]:Starting HTTP Server on Port: 8077...
ERPImporta.exe: 000025D4: 11:45:12 [TUniServerModule]:HTTP Server Started on Port: 8077
ERPImporta.exe: 0000028C: 11:47:08 []:>--------------------------------------------------------------<
ERPImporta.exe: 0000028C: 11:47:08 [TUniServerModule]:Server First Init.
ERPImporta.exe: 0000028C: 11:47:08 [TUniServerModule]:Start Path = C:\Projetos_WEB\ERP_Importa\
ERPImporta.exe: 0000028C: 11:47:08 [TUniServerModule]:Debug Mode = ON
ERPImporta.exe: 0000028C: 11:47:08 [TUniGUISessionManager]:Cache erase job created, Folder count: [1]
ERPImporta.exe: 0000028C: 11:47:09 [TUniServerModule]:Starting HTTP Server on Port: 8077...
ERPImporta.exe: 0000028C: 11:47:09 [TUniServerModule]:HTTP Server Started on Port: 8077
ERPImporta.exe: 0000307C: 11:50:12 []:>--------------------------------------------------------------<
ERPImporta.exe: 0000307C: 11:50:12 [TUniServerModule]:Server First Init.
ERPImporta.exe: 0000307C: 11:50:12 [TUniServerModule]:Start Path = C:\Projetos_WEB\ERP_Importa\
ERPImporta.exe: 0000307C: 11:50:12 [TUniServerModule]:Debug Mode = ON
ERPImporta.exe: 0000307C: 11:50:13 [TUniServerModule]:Starting HTTP Server on Port: 8077...
ERPImporta.exe: 0000307C: 11:50:13 [TUniServerModule]:HTTP Server Started on Port: 8077
ERPImporta.exe: 00002314: 11:55:13 []:>--------------------------------------------------------------<
ERPImporta.exe: 00002314: 11:55:13 [TUniServerModule]:Server First Init.
ERPImporta.exe: 00002314: 11:55:13 [TUniServerModule]:Start Path = C:\Projetos_WEB\ERP_Importa\
ERPImporta.exe: 00002314: 11:55:13 [TUniServerModule]:Debug Mode = ON
ERPImporta.exe: 00002314: 11:55:14 [TUniServerModule]:Starting HTTP Server on Port: 8077...
ERPImporta.exe: 00002314: 11:55:14 [TUniServerModule]:HTTP Server Started on Port: 8077
ERPImporta.exe: 00001430: 11:57:08 []:>--------------------------------------------------------------<
ERPImporta.exe: 00001430: 11:57:08 [TUniServerModule]:Server First Init.
ERPImporta.exe: 00001430: 11:57:08 [TUniServerModule]:Start Path = C:\Projetos_WEB\ERP_Importa\
ERPImporta.exe: 00001430: 11:57:08 [TUniServerModule]:Debug Mode = ON
ERPImporta.exe: 00001430: 11:57:08 [TUniGUISessionManager]:Cache erase job created, Folder count: [1]
ERPImporta.exe: 00001430: 11:57:08 [TUniServerModule]:Starting HTTP Server on Port: 8077...
ERPImporta.exe: 00001430: 11:57:08 [TUniServerModule]:HTTP Server Started on Port: 8077
ERPImporta.exe: 00000B24: 11:58:01 []:>--------------------------------------------------------------<
ERPImporta.exe: 00000B24: 11:58:01 [TUniServerModule]:Server First Init.
ERPImporta.exe: 00000B24: 11:58:01 [TUniServerModule]:Start Path = C:\Projetos_WEB\ERP_Importa\
ERPImporta.exe: 00000B24: 11:58:01 [TUniServerModule]:Debug Mode = ON
ERPImporta.exe: 00000B24: 11:58:01 [TUniServerModule]:Starting HTTP Server on Port: 8077...
ERPImporta.exe: 00000B24: 11:58:01 [TUniServerModule]:HTTP Server Started on Port: 8077
ERPImporta.exe: 00000550: 11:58:48 []:>--------------------------------------------------------------<
ERPImporta.exe: 00000550: 11:58:48 [TUniServerModule]:Server First Init.
ERPImporta.exe: 00000550: 11:58:48 [TUniServerModule]:Start Path = C:\Projetos_WEB\ERP_Importa\
ERPImporta.exe: 00000550: 11:58:48 [TUniServerModule]:Debug Mode = ON
ERPImporta.exe: 00000550: 11:58:49 [TUniServerModule]:Starting HTTP Server on Port: 8077...
ERPImporta.exe: 00000550: 11:58:49 [TUniServerModule]:HTTP Server Started on Port: 8077
ERPImporta.exe: 00000430: 12:01:49 []:>--------------------------------------------------------------<
ERPImporta.exe: 00000430: 12:01:49 [TUniServerModule]:Server First Init.
ERPImporta.exe: 00000430: 12:01:49 [TUniServerModule]:Start Path = C:\Projetos_WEB\ERP_Importa\
ERPImporta.exe: 00000430: 12:01:49 [TUniServerModule]:Debug Mode = ON
ERPImporta.exe: 00000430: 12:01:49 [TUniServerModule]:Starting HTTP Server on Port: 8077...
ERPImporta.exe: 00000430: 12:01:49 [TUniServerModule]:HTTP Server Started on Port: 8077
ERPImporta.exe: 00003354: 12:02:14 []:>--------------------------------------------------------------<
ERPImporta.exe: 00003354: 12:02:14 [TUniServerModule]:Server First Init.
ERPImporta.exe: 00003354: 12:02:14 [TUniServerModule]:Start Path = C:\Projetos_WEB\ERP_Importa\
ERPImporta.exe: 00003354: 12:02:14 [TUniServerModule]:Debug Mode = ON
ERPImporta.exe: 00003354: 12:02:14 [TUniGUISessionManager]:Cache erase job created, Folder count: [1]
ERPImporta.exe: 00003354: 12:02:14 [TUniServerModule]:Starting HTTP Server on Port: 8077...
ERPImporta.exe: 00003354: 12:02:14 [TUniServerModule]:HTTP Server Started on Port: 8077
ERPImporta.exe: 00000858: 12:03:07 []:>--------------------------------------------------------------<
ERPImporta.exe: 00000858: 12:03:07 [TUniServerModule]:Server First Init.
ERPImporta.exe: 00000858: 12:03:07 [TUniServerModule]:Start Path = C:\Projetos_WEB\ERP_Importa\
ERPImporta.exe: 00000858: 12:03:07 [TUniServerModule]:Debug Mode = ON
ERPImporta.exe: 00000858: 12:03:07 [TUniServerModule]:Starting HTTP Server on Port: 8077...
ERPImporta.exe: 00000858: 12:03:07 [TUniServerModule]:HTTP Server Started on Port: 8077
ERPImporta.exe: 00002E74: 12:03:31 []:>--------------------------------------------------------------<
ERPImporta.exe: 00002E74: 12:03:31 [TUniServerModule]:Server First Init.
ERPImporta.exe: 00002E74: 12:03:31 [TUniServerModule]:Start Path = C:\Projetos_WEB\ERP_Importa\
ERPImporta.exe: 00002E74: 12:03:31 [TUniServerModule]:Debug Mode = ON
ERPImporta.exe: 00002E74: 12:03:31 [TUniServerModule]:Starting HTTP Server on Port: 8077...
ERPImporta.exe: 00002E74: 12:03:31 [TUniServerModule]:HTTP Server Started on Port: 8077
ERPImporta.exe: 00003A38: 13:06:22 []:>--------------------------------------------------------------<
ERPImporta.exe: 00003A38: 13:06:22 [TUniServerModule]:Server First Init.
ERPImporta.exe: 00003A38: 13:06:22 [TUniServerModule]:Start Path = C:\Projetos_WEB\ERP_Importa\
ERPImporta.exe: 00003A38: 13:06:22 [TUniServerModule]:Debug Mode = ON
ERPImporta.exe: 00003A38: 13:06:23 [TUniServerModule]:Starting HTTP Server on Port: 8077...
ERPImporta.exe: 00003A38: 13:06:23 [TUniServerModule]:HTTP Server Started on Port: 8077
ERPImporta.exe: 00001B6C: 13:08:23 []:>--------------------------------------------------------------<
ERPImporta.exe: 00001B6C: 13:08:23 [TUniServerModule]:Server First Init.
ERPImporta.exe: 00001B6C: 13:08:23 [TUniServerModule]:Start Path = C:\Projetos_WEB\ERP_Importa\
ERPImporta.exe: 00001B6C: 13:08:23 [TUniServerModule]:Debug Mode = ON
ERPImporta.exe: 00001B6C: 13:08:23 [TUniServerModule]:Starting HTTP Server on Port: 8077...
ERPImporta.exe: 00001B6C: 13:08:23 [TUniServerModule]:HTTP Server Started on Port: 8077
ERPImporta.exe: 00003838: 13:11:03 []:>--------------------------------------------------------------<
ERPImporta.exe: 00003838: 13:11:03 [TUniServerModule]:Server First Init.
ERPImporta.exe: 00003838: 13:11:03 [TUniServerModule]:Start Path = C:\Projetos_WEB\ERP_Importa\
ERPImporta.exe: 00003838: 13:11:03 [TUniServerModule]:Debug Mode = ON
ERPImporta.exe: 00003838: 13:11:03 [TUniServerModule]:Starting HTTP Server on Port: 8077...
ERPImporta.exe: 00003838: 13:11:04 [TUniServerModule]:HTTP Server Started on Port: 8077
ERPImporta.exe: 00001AF4: 13:15:03 []:>--------------------------------------------------------------<
ERPImporta.exe: 00001AF4: 13:15:03 [TUniServerModule]:Server First Init.
ERPImporta.exe: 00001AF4: 13:15:03 [TUniServerModule]:Start Path = C:\Projetos_WEB\ERP_Importa\
ERPImporta.exe: 00001AF4: 13:15:03 [TUniServerModule]:Debug Mode = ON
ERPImporta.exe: 00001AF4: 13:15:04 [TUniServerModule]:Starting HTTP Server on Port: 8077...
ERPImporta.exe: 00001AF4: 13:15:04 [TUniServerModule]:HTTP Server Started on Port: 8077
ERPImporta.exe: 00001B98: 13:16:08 []:>--------------------------------------------------------------<
ERPImporta.exe: 00001B98: 13:16:08 [TUniServerModule]:Server First Init.
ERPImporta.exe: 00001B98: 13:16:08 [TUniServerModule]:Start Path = C:\Projetos_WEB\ERP_Importa\
ERPImporta.exe: 00001B98: 13:16:08 [TUniServerModule]:Debug Mode = ON
ERPImporta.exe: 00001B98: 13:16:08 [TUniGUISessionManager]:Cache erase job created, Folder count: [1]
ERPImporta.exe: 00001B98: 13:16:08 [TUniServerModule]:Starting HTTP Server on Port: 8077...
ERPImporta.exe: 00001B98: 13:16:08 [TUniServerModule]:HTTP Server Started on Port: 8077
ERPImporta.exe: 00001764: 13:18:21 []:>--------------------------------------------------------------<
ERPImporta.exe: 00001764: 13:18:21 [TUniServerModule]:Server First Init.
ERPImporta.exe: 00001764: 13:18:21 [TUniServerModule]:Start Path = C:\Projetos_WEB\ERP_Importa\
ERPImporta.exe: 00001764: 13:18:21 [TUniServerModule]:Debug Mode = ON
ERPImporta.exe: 00001764: 13:18:21 [TUniGUISessionManager]:Cache erase job created, Folder count: [1]
ERPImporta.exe: 00001764: 13:18:21 [TUniServerModule]:Starting HTTP Server on Port: 8077...
ERPImporta.exe: 00001764: 13:18:21 [TUniServerModule]:HTTP Server Started on Port: 8077
ERPImporta.exe: 00001684: 13:18:25 [127.0.0.1]:EUniSessionException : Sessão inváilda ou tempo da sessão expirado. (Session not found: 3lGNIqFEHl10BE57898 ) : Addr: $007AD8FA
ERPImporta.exe: 00003AA4: 13:19:29 []:>--------------------------------------------------------------<
ERPImporta.exe: 00003AA4: 13:19:29 [TUniServerModule]:Server First Init.
ERPImporta.exe: 00003AA4: 13:19:29 [TUniServerModule]:Start Path = C:\Projetos_WEB\ERP_Importa\
ERPImporta.exe: 00003AA4: 13:19:29 [TUniServerModule]:Debug Mode = ON
ERPImporta.exe: 00003AA4: 13:19:29 [TUniServerModule]:Starting HTTP Server on Port: 8077...
ERPImporta.exe: 00003AA4: 13:19:29 [TUniServerModule]:HTTP Server Started on Port: 8077
ERPImporta.exe: 00002DB4: 13:20:05 []:>--------------------------------------------------------------<
ERPImporta.exe: 00002DB4: 13:20:05 [TUniServerModule]:Server First Init.
ERPImporta.exe: 00002DB4: 13:20:05 [TUniServerModule]:Start Path = C:\Projetos_WEB\ERP_Importa\
ERPImporta.exe: 00002DB4: 13:20:05 [TUniServerModule]:Debug Mode = ON
ERPImporta.exe: 00002DB4: 13:20:06 [TUniServerModule]:Starting HTTP Server on Port: 8077...
ERPImporta.exe: 00002DB4: 13:20:06 [TUniServerModule]:HTTP Server Started on Port: 8077
ERPImporta.exe: 00002254: 13:39:28 []:>--------------------------------------------------------------<
ERPImporta.exe: 00002254: 13:39:28 [TUniServerModule]:Server First Init.
ERPImporta.exe: 00002254: 13:39:28 [TUniServerModule]:Start Path = C:\Projetos_WEB\ERP_Importa\
ERPImporta.exe: 00002254: 13:39:28 [TUniServerModule]:Debug Mode = ON
ERPImporta.exe: 00002254: 13:39:29 [TUniServerModule]:Starting HTTP Server on Port: 8077...
ERPImporta.exe: 00002254: 13:39:29 [TUniServerModule]:HTTP Server Started on Port: 8077
ERPImporta.exe: 0000374C: 13:40:30 []:>--------------------------------------------------------------<
ERPImporta.exe: 0000374C: 13:40:30 [TUniServerModule]:Server First Init.
ERPImporta.exe: 0000374C: 13:40:30 [TUniServerModule]:Start Path = C:\Projetos_WEB\ERP_Importa\
ERPImporta.exe: 0000374C: 13:40:30 [TUniServerModule]:Debug Mode = ON
ERPImporta.exe: 0000374C: 13:40:30 [TUniGUISessionManager]:Cache erase job created, Folder count: [1]
ERPImporta.exe: 0000374C: 13:40:30 [TUniServerModule]:Starting HTTP Server on Port: 8077...
ERPImporta.exe: 0000374C: 13:40:30 [TUniServerModule]:HTTP Server Started on Port: 8077
ERPImporta.exe: 000037F4: 13:41:13 []:>--------------------------------------------------------------<
ERPImporta.exe: 000037F4: 13:41:13 [TUniServerModule]:Server First Init.
ERPImporta.exe: 000037F4: 13:41:13 [TUniServerModule]:Start Path = C:\Projetos_WEB\ERP_Importa\
ERPImporta.exe: 000037F4: 13:41:13 [TUniServerModule]:Debug Mode = ON
ERPImporta.exe: 000037F4: 13:41:13 [TUniGUISessionManager]:Cache erase job created, Folder count: [1]
ERPImporta.exe: 000037F4: 13:41:13 [TUniServerModule]:Starting HTTP Server on Port: 8077...
ERPImporta.exe: 000037F4: 13:41:14 [TUniServerModule]:HTTP Server Started on Port: 8077
ERPImporta.exe: 00003774: 13:41:55 []:>--------------------------------------------------------------<
ERPImporta.exe: 00003774: 13:41:55 [TUniServerModule]:Server First Init.
ERPImporta.exe: 00003774: 13:41:55 [TUniServerModule]:Start Path = C:\Projetos_WEB\ERP_Importa\
ERPImporta.exe: 00003774: 13:41:55 [TUniServerModule]:Debug Mode = ON
ERPImporta.exe: 00003774: 13:41:56 [TUniServerModule]:Starting HTTP Server on Port: 8077...
ERPImporta.exe: 00003774: 13:41:56 [TUniServerModule]:HTTP Server Started on Port: 8077
ERPImporta.exe: 00000964: 13:46:17 []:>--------------------------------------------------------------<
ERPImporta.exe: 00000964: 13:46:17 [TUniServerModule]:Server First Init.
ERPImporta.exe: 00000964: 13:46:17 [TUniServerModule]:Start Path = C:\Projetos_WEB\ERP_Importa\
ERPImporta.exe: 00000964: 13:46:17 [TUniServerModule]:Debug Mode = ON
ERPImporta.exe: 00000964: 13:46:17 [TUniServerModule]:Starting HTTP Server on Port: 8077...
ERPImporta.exe: 00000964: 13:46:17 [TUniServerModule]:HTTP Server Started on Port: 8077
ERPImporta.exe: 00003BC4: 13:47:10 []:>--------------------------------------------------------------<
ERPImporta.exe: 00003BC4: 13:47:10 [TUniServerModule]:Server First Init.
ERPImporta.exe: 00003BC4: 13:47:10 [TUniServerModule]:Start Path = C:\Projetos_WEB\ERP_Importa\
ERPImporta.exe: 00003BC4: 13:47:10 [TUniServerModule]:Debug Mode = ON
ERPImporta.exe: 00003BC4: 13:47:10 [TUniGUISessionManager]:Cache erase job created, Folder count: [1]
ERPImporta.exe: 00003BC4: 13:47:10 [TUniServerModule]:Starting HTTP Server on Port: 8077...
ERPImporta.exe: 00003BC4: 13:47:10 [TUniServerModule]:HTTP Server Started on Port: 8077
ERPImporta.exe: 00002B70: 13:47:25 []:>--------------------------------------------------------------<
ERPImporta.exe: 00002B70: 13:47:25 [TUniServerModule]:Server First Init.
ERPImporta.exe: 00002B70: 13:47:25 [TUniServerModule]:Start Path = C:\Projetos_WEB\ERP_Importa\
ERPImporta.exe: 00002B70: 13:47:25 [TUniServerModule]:Debug Mode = ON
ERPImporta.exe: 00002B70: 13:47:25 [TUniServerModule]:Starting HTTP Server on Port: 8077...
ERPImporta.exe: 00002B70: 13:47:25 [TUniServerModule]:HTTP Server Started on Port: 8077
ERPImporta.exe: 0000387C: 13:47:33 []:>--------------------------------------------------------------<
ERPImporta.exe: 0000387C: 13:47:33 [TUniServerModule]:Server First Init.
ERPImporta.exe: 0000387C: 13:47:33 [TUniServerModule]:Start Path = C:\Projetos_WEB\ERP_Importa\
ERPImporta.exe: 0000387C: 13:47:33 [TUniServerModule]:Debug Mode = ON
ERPImporta.exe: 0000387C: 13:47:34 [TUniServerModule]:Starting HTTP Server on Port: 8077...
ERPImporta.exe: 0000387C: 13:47:34 [TUniServerModule]:HTTP Server Started on Port: 8077
ERPImporta.exe: 00002AA0: 13:53:00 []:>--------------------------------------------------------------<
ERPImporta.exe: 00002AA0: 13:53:00 [TUniServerModule]:Server First Init.
ERPImporta.exe: 00002AA0: 13:53:00 [TUniServerModule]:Start Path = C:\Projetos_WEB\ERP_Importa\
ERPImporta.exe: 00002AA0: 13:53:00 [TUniServerModule]:Debug Mode = ON
ERPImporta.exe: 00002AA0: 13:53:00 [TUniServerModule]:Starting HTTP Server on Port: 8077...
ERPImporta.exe: 00002AA0: 13:53:01 [TUniServerModule]:HTTP Server Started on Port: 8077
ERPImporta.exe: 000032E8: 13:57:33 []:>--------------------------------------------------------------<
ERPImporta.exe: 000032E8: 13:57:33 [TUniServerModule]:Server First Init.
ERPImporta.exe: 000032E8: 13:57:33 [TUniServerModule]:Start Path = C:\Projetos_WEB\ERP_Importa\
ERPImporta.exe: 000032E8: 13:57:33 [TUniServerModule]:Debug Mode = ON
ERPImporta.exe: 000032E8: 13:57:33 [TUniServerModule]:Starting HTTP Server on Port: 8077...
ERPImporta.exe: 000032E8: 13:57:33 [TUniServerModule]:HTTP Server Started on Port: 8077
ERPImporta.exe: 000022FC: 13:58:49 []:>--------------------------------------------------------------<
ERPImporta.exe: 000022FC: 13:58:49 [TUniServerModule]:Server First Init.
ERPImporta.exe: 000022FC: 13:58:49 [TUniServerModule]:Start Path = C:\Projetos_WEB\ERP_Importa\
ERPImporta.exe: 000022FC: 13:58:49 [TUniServerModule]:Debug Mode = ON
ERPImporta.exe: 000022FC: 13:58:49 [TUniGUISessionManager]:Cache erase job created, Folder count: [1]
ERPImporta.exe: 000022FC: 13:58:49 [TUniServerModule]:Starting HTTP Server on Port: 8077...
ERPImporta.exe: 000022FC: 13:58:49 [TUniServerModule]:HTTP Server Started on Port: 8077
ERPImporta.exe: 00003B30: 14:01:58 []:>--------------------------------------------------------------<
ERPImporta.exe: 00003B30: 14:01:58 [TUniServerModule]:Server First Init.
ERPImporta.exe: 00003B30: 14:01:58 [TUniServerModule]:Start Path = C:\Projetos_WEB\ERP_Importa\
ERPImporta.exe: 00003B30: 14:01:58 [TUniServerModule]:Debug Mode = ON
ERPImporta.exe: 00003B30: 14:01:58 [TUniServerModule]:Starting HTTP Server on Port: 8077...
ERPImporta.exe: 00003B30: 14:01:59 [TUniServerModule]:HTTP Server Started on Port: 8077
ERPImporta.exe: 00002814: 14:02:37 []:>--------------------------------------------------------------<
ERPImporta.exe: 00002814: 14:02:37 [TUniServerModule]:Server First Init.
ERPImporta.exe: 00002814: 14:02:37 [TUniServerModule]:Start Path = C:\Projetos_WEB\ERP_Importa\
ERPImporta.exe: 00002814: 14:02:37 [TUniServerModule]:Debug Mode = ON
ERPImporta.exe: 00002814: 14:02:38 [TUniServerModule]:Starting HTTP Server on Port: 8077...
ERPImporta.exe: 00002814: 14:02:38 [TUniServerModule]:HTTP Server Started on Port: 8077
ERPImporta.exe: 000030EC: 14:04:35 []:>--------------------------------------------------------------<
ERPImporta.exe: 000030EC: 14:04:35 [TUniServerModule]:Server First Init.
ERPImporta.exe: 000030EC: 14:04:35 [TUniServerModule]:Start Path = C:\Projetos_WEB\ERP_Importa\
ERPImporta.exe: 000030EC: 14:04:35 [TUniServerModule]:Debug Mode = ON
ERPImporta.exe: 000030EC: 14:04:36 [TUniServerModule]:Starting HTTP Server on Port: 8077...
ERPImporta.exe: 000030EC: 14:04:36 [TUniServerModule]:HTTP Server Started on Port: 8077
ERPImporta.exe: 000014EC: 14:05:50 []:>--------------------------------------------------------------<
ERPImporta.exe: 000014EC: 14:05:50 [TUniServerModule]:Server First Init.
ERPImporta.exe: 000014EC: 14:05:50 [TUniServerModule]:Start Path = C:\Projetos_WEB\ERP_Importa\
ERPImporta.exe: 000014EC: 14:05:50 [TUniServerModule]:Debug Mode = ON
ERPImporta.exe: 000014EC: 14:05:50 [TUniServerModule]:Starting HTTP Server on Port: 8077...
ERPImporta.exe: 000014EC: 14:05:50 [TUniServerModule]:HTTP Server Started on Port: 8077
ERPImporta.exe: 00000D74: 14:06:02 [HandleFileRequest[127.0.0.1]]:File not found: C:\Projetos_WEB\ERP_Importa\files\images\fundo8.jpg
ERPImporta.exe: 00000978: 14:11:23 []:>--------------------------------------------------------------<
ERPImporta.exe: 00000978: 14:11:23 [TUniServerModule]:Server First Init.
ERPImporta.exe: 00000978: 14:11:23 [TUniServerModule]:Start Path = C:\Projetos_WEB\ERP_Importa\
ERPImporta.exe: 00000978: 14:11:23 [TUniServerModule]:Debug Mode = ON
ERPImporta.exe: 00000978: 14:11:23 [TUniGUISessionManager]:Cache erase job created, Folder count: [1]
ERPImporta.exe: 00000978: 14:11:24 [TUniServerModule]:Starting HTTP Server on Port: 8077...
ERPImporta.exe: 00000978: 14:11:24 [TUniServerModule]:HTTP Server Started on Port: 8077
ERPImporta.exe: 000037CC: 14:14:29 []:>--------------------------------------------------------------<
ERPImporta.exe: 000037CC: 14:14:29 [TUniServerModule]:Server First Init.
ERPImporta.exe: 000037CC: 14:14:29 [TUniServerModule]:Start Path = C:\Projetos_WEB\ERP_Importa\
ERPImporta.exe: 000037CC: 14:14:29 [TUniServerModule]:Debug Mode = ON
ERPImporta.exe: 000037CC: 14:14:29 [TUniServerModule]:Starting HTTP Server on Port: 8077...
ERPImporta.exe: 000037CC: 14:14:29 [TUniServerModule]:HTTP Server Started on Port: 8077
ERPImporta.exe: 000020E4: 14:15:24 []:>--------------------------------------------------------------<
ERPImporta.exe: 000020E4: 14:15:24 [TUniServerModule]:Server First Init.
ERPImporta.exe: 000020E4: 14:15:24 [TUniServerModule]:Start Path = C:\Projetos_WEB\ERP_Importa\
ERPImporta.exe: 000020E4: 14:15:24 [TUniServerModule]:Debug Mode = ON
ERPImporta.exe: 000020E4: 14:15:24 [TUniGUISessionManager]:Cache erase job created, Folder count: [1]
ERPImporta.exe: 000020E4: 14:15:24 [TUniServerModule]:Starting HTTP Server on Port: 8077...
ERPImporta.exe: 000020E4: 14:15:24 [TUniServerModule]:HTTP Server Started on Port: 8077
ERPImporta.exe: 00002A70: 14:17:04 []:>--------------------------------------------------------------<
ERPImporta.exe: 00002A70: 14:17:04 [TUniServerModule]:Server First Init.
ERPImporta.exe: 00002A70: 14:17:04 [TUniServerModule]:Start Path = C:\Projetos_WEB\ERP_Importa\
ERPImporta.exe: 00002A70: 14:17:04 [TUniServerModule]:Debug Mode = ON
ERPImporta.exe: 00002A70: 14:17:04 [TUniServerModule]:Starting HTTP Server on Port: 8077...
ERPImporta.exe: 00002A70: 14:17:04 [TUniServerModule]:HTTP Server Started on Port: 8077
ERPImporta.exe: 00002564: 14:17:47 []:>--------------------------------------------------------------<
ERPImporta.exe: 00002564: 14:17:47 [TUniServerModule]:Server First Init.
ERPImporta.exe: 00002564: 14:17:47 [TUniServerModule]:Start Path = C:\Projetos_WEB\ERP_Importa\
ERPImporta.exe: 00002564: 14:17:47 [TUniServerModule]:Debug Mode = ON
ERPImporta.exe: 00002564: 14:17:47 [TUniGUISessionManager]:Cache erase job created, Folder count: [1]
ERPImporta.exe: 00002564: 14:17:47 [TUniServerModule]:Starting HTTP Server on Port: 8077...
ERPImporta.exe: 00002564: 14:17:47 [TUniServerModule]:HTTP Server Started on Port: 8077
ERPImporta.exe: 00000A40: 14:20:10 []:>--------------------------------------------------------------<
ERPImporta.exe: 00000A40: 14:20:10 [TUniServerModule]:Server First Init.
ERPImporta.exe: 00000A40: 14:20:10 [TUniServerModule]:Start Path = C:\Projetos_WEB\ERP_Importa\
ERPImporta.exe: 00000A40: 14:20:10 [TUniServerModule]:Debug Mode = ON
ERPImporta.exe: 00000A40: 14:20:10 [TUniServerModule]:Starting HTTP Server on Port: 8077...
ERPImporta.exe: 00000A40: 14:20:11 [TUniServerModule]:HTTP Server Started on Port: 8077
ERPImporta.exe: 00001034: 14:21:04 []:>--------------------------------------------------------------<
ERPImporta.exe: 00001034: 14:21:04 [TUniServerModule]:Server First Init.
ERPImporta.exe: 00001034: 14:21:04 [TUniServerModule]:Start Path = C:\Projetos_WEB\ERP_Importa\
ERPImporta.exe: 00001034: 14:21:04 [TUniServerModule]:Debug Mode = ON
ERPImporta.exe: 00001034: 14:21:04 [TUniServerModule]:Starting HTTP Server on Port: 8077...
ERPImporta.exe: 00001034: 14:21:04 [TUniServerModule]:HTTP Server Started on Port: 8077
ERPImporta.exe: 000008C4: 14:23:45 []:>--------------------------------------------------------------<
ERPImporta.exe: 000008C4: 14:23:45 [TUniServerModule]:Server First Init.
ERPImporta.exe: 000008C4: 14:23:45 [TUniServerModule]:Start Path = C:\Projetos_WEB\ERP_Importa\
ERPImporta.exe: 000008C4: 14:23:45 [TUniServerModule]:Debug Mode = ON
ERPImporta.exe: 000008C4: 14:23:45 [TUniServerModule]:Starting HTTP Server on Port: 8077...
ERPImporta.exe: 000008C4: 14:23:45 [TUniServerModule]:HTTP Server Started on Port: 8077
ERPImporta.exe: 00000C7C: 14:26:35 []:>--------------------------------------------------------------<
ERPImporta.exe: 00000C7C: 14:26:35 [TUniServerModule]:Server First Init.
ERPImporta.exe: 00000C7C: 14:26:35 [TUniServerModule]:Start Path = C:\Projetos_WEB\ERP_Importa\
ERPImporta.exe: 00000C7C: 14:26:35 [TUniServerModule]:Debug Mode = ON
ERPImporta.exe: 00000C7C: 14:26:35 [TUniServerModule]:Starting HTTP Server on Port: 8077...
ERPImporta.exe: 00000C7C: 14:26:36 [TUniServerModule]:HTTP Server Started on Port: 8077
ERPImporta.exe: 00003384: 14:27:41 []:>--------------------------------------------------------------<
ERPImporta.exe: 00003384: 14:27:41 [TUniServerModule]:Server First Init.
ERPImporta.exe: 00003384: 14:27:41 [TUniServerModule]:Start Path = C:\Projetos_WEB\ERP_Importa\
ERPImporta.exe: 00003384: 14:27:41 [TUniServerModule]:Debug Mode = ON
ERPImporta.exe: 00003384: 14:27:41 [TUniServerModule]:Starting HTTP Server on Port: 8077...
ERPImporta.exe: 00003384: 14:27:41 [TUniServerModule]:HTTP Server Started on Port: 8077
ERPImporta.exe: 00003730: 14:32:04 []:>--------------------------------------------------------------<
ERPImporta.exe: 00003730: 14:32:04 [TUniServerModule]:Server First Init.
ERPImporta.exe: 00003730: 14:32:04 [TUniServerModule]:Start Path = C:\Projetos_WEB\ERP_Importa\
ERPImporta.exe: 00003730: 14:32:04 [TUniServerModule]:Debug Mode = ON
ERPImporta.exe: 00003730: 14:32:05 [TUniServerModule]:Starting HTTP Server on Port: 8077...
ERPImporta.exe: 00003730: 14:32:05 [TUniServerModule]:HTTP Server Started on Port: 8077
ERPImporta.exe: 00003490: 14:39:39 []:>--------------------------------------------------------------<
ERPImporta.exe: 00003490: 14:39:39 [TUniServerModule]:Server First Init.
ERPImporta.exe: 00003490: 14:39:39 [TUniServerModule]:Start Path = C:\Projetos_WEB\ERP_Importa\
ERPImporta.exe: 00003490: 14:39:39 [TUniServerModule]:Debug Mode = ON
ERPImporta.exe: 00003490: 14:39:39 [TUniGUISessionManager]:Cache erase job created, Folder count: [1]
ERPImporta.exe: 00003490: 14:39:39 [TUniServerModule]:Starting HTTP Server on Port: 8077...
ERPImporta.exe: 00003490: 14:39:39 [TUniServerModule]:HTTP Server Started on Port: 8077
ERPImporta.exe: 000017FC: 15:02:18 []:>--------------------------------------------------------------<
ERPImporta.exe: 000017FC: 15:02:18 [TUniServerModule]:Server First Init.
ERPImporta.exe: 000017FC: 15:02:18 [TUniServerModule]:Start Path = C:\Projetos_WEB\ERP_Importa\
ERPImporta.exe: 000017FC: 15:02:18 [TUniServerModule]:Debug Mode = ON
ERPImporta.exe: 000017FC: 15:02:18 [TUniGUISessionManager]:Cache erase job created, Folder count: [1]
ERPImporta.exe: 000017FC: 15:02:18 [TUniServerModule]:Starting HTTP Server on Port: 8077...
ERPImporta.exe: 000017FC: 15:02:18 [TUniServerModule]:HTTP Server Started on Port: 8077
ERPImporta.exe: 00001CF8: 15:03:28 []:>--------------------------------------------------------------<
ERPImporta.exe: 00001CF8: 15:03:28 [TUniServerModule]:Server First Init.
ERPImporta.exe: 00001CF8: 15:03:28 [TUniServerModule]:Start Path = C:\Projetos_WEB\ERP_Importa\
ERPImporta.exe: 00001CF8: 15:03:28 [TUniServerModule]:Debug Mode = ON
ERPImporta.exe: 00001CF8: 15:03:28 [TUniGUISessionManager]:Cache erase job created, Folder count: [1]
ERPImporta.exe: 00001CF8: 15:03:28 [TUniServerModule]:Starting HTTP Server on Port: 8077...
ERPImporta.exe: 00001CF8: 15:03:28 [TUniServerModule]:HTTP Server Started on Port: 8077
ERPImporta.exe: 00003B08: 15:04:55 []:>--------------------------------------------------------------<
ERPImporta.exe: 00003B08: 15:04:55 [TUniServerModule]:Server First Init.
ERPImporta.exe: 00003B08: 15:04:55 [TUniServerModule]:Start Path = C:\Projetos_WEB\ERP_Importa\
ERPImporta.exe: 00003B08: 15:04:55 [TUniServerModule]:Debug Mode = ON
ERPImporta.exe: 00003B08: 15:04:55 [TUniServerModule]:Starting HTTP Server on Port: 8077...
ERPImporta.exe: 00003B08: 15:04:55 [TUniServerModule]:HTTP Server Started on Port: 8077
ERPImporta.exe: 000033E0: 15:07:05 []:>--------------------------------------------------------------<
ERPImporta.exe: 000033E0: 15:07:05 [TUniServerModule]:Server First Init.
ERPImporta.exe: 000033E0: 15:07:05 [TUniServerModule]:Start Path = C:\Projetos_WEB\ERP_Importa\
ERPImporta.exe: 000033E0: 15:07:05 [TUniServerModule]:Debug Mode = ON
ERPImporta.exe: 000033E0: 15:07:05 [TUniServerModule]:Starting HTTP Server on Port: 8077...
ERPImporta.exe: 000033E0: 15:07:06 [TUniServerModule]:HTTP Server Started on Port: 8077
ERPImporta.exe: 00001350: 15:09:14 []:>--------------------------------------------------------------<
ERPImporta.exe: 00001350: 15:09:14 [TUniServerModule]:Server First Init.
ERPImporta.exe: 00001350: 15:09:14 [TUniServerModule]:Start Path = C:\Projetos_WEB\ERP_Importa\
ERPImporta.exe: 00001350: 15:09:14 [TUniServerModule]:Debug Mode = ON
ERPImporta.exe: 00001350: 15:09:14 [TUniServerModule]:Starting HTTP Server on Port: 8077...
ERPImporta.exe: 00001350: 15:09:14 [TUniServerModule]:HTTP Server Started on Port: 8077
ERPImporta.exe: 00003914: 15:10:29 []:>--------------------------------------------------------------<
ERPImporta.exe: 00003914: 15:10:29 [TUniServerModule]:Server First Init.
ERPImporta.exe: 00003914: 15:10:29 [TUniServerModule]:Start Path = C:\Projetos_WEB\ERP_Importa\
ERPImporta.exe: 00003914: 15:10:29 [TUniServerModule]:Debug Mode = ON
ERPImporta.exe: 00003914: 15:10:29 [TUniServerModule]:Starting HTTP Server on Port: 8077...
ERPImporta.exe: 00003914: 15:10:29 [TUniServerModule]:HTTP Server Started on Port: 8077
ERPImporta.exe: 000028D4: 15:12:15 []:>--------------------------------------------------------------<
ERPImporta.exe: 000028D4: 15:12:15 [TUniServerModule]:Server First Init.
ERPImporta.exe: 000028D4: 15:12:15 [TUniServerModule]:Start Path = C:\Projetos_WEB\ERP_Importa\
ERPImporta.exe: 000028D4: 15:12:15 [TUniServerModule]:Debug Mode = ON
ERPImporta.exe: 000028D4: 15:12:15 [TUniGUISessionManager]:Cache erase job created, Folder count: [1]
ERPImporta.exe: 000028D4: 15:12:16 [TUniServerModule]:Starting HTTP Server on Port: 8077...
ERPImporta.exe: 000028D4: 15:12:16 [TUniServerModule]:HTTP Server Started on Port: 8077
ERPImporta.exe: 0000361C: 15:13:04 []:>--------------------------------------------------------------<
ERPImporta.exe: 0000361C: 15:13:04 [TUniServerModule]:Server First Init.
ERPImporta.exe: 0000361C: 15:13:04 [TUniServerModule]:Start Path = C:\Projetos_WEB\ERP_Importa\
ERPImporta.exe: 0000361C: 15:13:04 [TUniServerModule]:Debug Mode = ON
ERPImporta.exe: 0000361C: 15:13:04 [TUniGUISessionManager]:Cache erase job created, Folder count: [1]
ERPImporta.exe: 0000361C: 15:13:05 [TUniServerModule]:Starting HTTP Server on Port: 8077...
ERPImporta.exe: 0000361C: 15:13:05 [TUniServerModule]:HTTP Server Started on Port: 8077
ERPImporta.exe: 00000524: 15:13:45 []:>--------------------------------------------------------------<
ERPImporta.exe: 00000524: 15:13:45 [TUniServerModule]:Server First Init.
ERPImporta.exe: 00000524: 15:13:45 [TUniServerModule]:Start Path = C:\Projetos_WEB\ERP_Importa\
ERPImporta.exe: 00000524: 15:13:45 [TUniServerModule]:Debug Mode = ON
ERPImporta.exe: 00000524: 15:13:46 [TUniServerModule]:Starting HTTP Server on Port: 8077...
ERPImporta.exe: 00000524: 15:13:46 [TUniServerModule]:HTTP Server Started on Port: 8077
ERPImporta.exe: 00000F0C: 15:14:22 []:>--------------------------------------------------------------<
ERPImporta.exe: 00000F0C: 15:14:22 [TUniServerModule]:Server First Init.
ERPImporta.exe: 00000F0C: 15:14:22 [TUniServerModule]:Start Path = C:\Projetos_WEB\ERP_Importa\
ERPImporta.exe: 00000F0C: 15:14:22 [TUniServerModule]:Debug Mode = ON
ERPImporta.exe: 00000F0C: 15:14:23 [TUniServerModule]:Starting HTTP Server on Port: 8077...
ERPImporta.exe: 00000F0C: 15:14:23 [TUniServerModule]:HTTP Server Started on Port: 8077
ERPImporta.exe: 00000DD4: 15:15:42 []:>--------------------------------------------------------------<
ERPImporta.exe: 00000DD4: 15:15:42 [TUniServerModule]:Server First Init.
ERPImporta.exe: 00000DD4: 15:15:42 [TUniServerModule]:Start Path = C:\Projetos_WEB\ERP_Importa\
ERPImporta.exe: 00000DD4: 15:15:42 [TUniServerModule]:Debug Mode = ON
ERPImporta.exe: 00000DD4: 15:15:42 [TUniGUISessionManager]:Cache erase job created, Folder count: [1]
ERPImporta.exe: 00000DD4: 15:15:42 [TUniServerModule]:Starting HTTP Server on Port: 8077...
ERPImporta.exe: 00000DD4: 15:15:42 [TUniServerModule]:HTTP Server Started on Port: 8077
ERPImporta.exe: 00001AF0: 15:16:05 []:>--------------------------------------------------------------<
ERPImporta.exe: 00001AF0: 15:16:05 [TUniServerModule]:Server First Init.
ERPImporta.exe: 00001AF0: 15:16:05 [TUniServerModule]:Start Path = C:\Projetos_WEB\ERP_Importa\
ERPImporta.exe: 00001AF0: 15:16:05 [TUniServerModule]:Debug Mode = ON
ERPImporta.exe: 00001AF0: 15:16:05 [TUniServerModule]:Starting HTTP Server on Port: 8077...
ERPImporta.exe: 00001AF0: 15:16:05 [TUniServerModule]:HTTP Server Started on Port: 8077
ERPImporta.exe: 00003AB4: 15:16:38 []:>--------------------------------------------------------------<
ERPImporta.exe: 00003AB4: 15:16:38 [TUniServerModule]:Server First Init.
ERPImporta.exe: 00003AB4: 15:16:38 [TUniServerModule]:Start Path = C:\Projetos_WEB\ERP_Importa\
ERPImporta.exe: 00003AB4: 15:16:38 [TUniServerModule]:Debug Mode = ON
ERPImporta.exe: 00003AB4: 15:16:38 [TUniServerModule]:Starting HTTP Server on Port: 8077...
ERPImporta.exe: 00003AB4: 15:16:39 [TUniServerModule]:HTTP Server Started on Port: 8077
ERPImporta.exe: 000027B8: 15:17:25 []:>--------------------------------------------------------------<
ERPImporta.exe: 000027B8: 15:17:25 [TUniServerModule]:Server First Init.
ERPImporta.exe: 000027B8: 15:17:25 [TUniServerModule]:Start Path = C:\Projetos_WEB\ERP_Importa\
ERPImporta.exe: 000027B8: 15:17:25 [TUniServerModule]:Debug Mode = ON
ERPImporta.exe: 000027B8: 15:17:26 [TUniServerModule]:Starting HTTP Server on Port: 8077...
ERPImporta.exe: 000027B8: 15:17:26 [TUniServerModule]:HTTP Server Started on Port: 8077
ERPImporta.exe: 000001D0: 15:18:23 []:>--------------------------------------------------------------<
ERPImporta.exe: 000001D0: 15:18:23 [TUniServerModule]:Server First Init.
ERPImporta.exe: 000001D0: 15:18:23 [TUniServerModule]:Start Path = C:\Projetos_WEB\ERP_Importa\
ERPImporta.exe: 000001D0: 15:18:23 [TUniServerModule]:Debug Mode = ON
ERPImporta.exe: 000001D0: 15:18:23 [TUniGUISessionManager]:Cache erase job created, Folder count: [1]
ERPImporta.exe: 000001D0: 15:18:24 [TUniServerModule]:Starting HTTP Server on Port: 8077...
ERPImporta.exe: 000001D0: 15:18:24 [TUniServerModule]:HTTP Server Started on Port: 8077
ERPImporta.exe: 00000C20: 16:06:47 []:>--------------------------------------------------------------<
ERPImporta.exe: 00000C20: 16:06:47 [TUniServerModule]:Server First Init.
ERPImporta.exe: 00000C20: 16:06:47 [TUniServerModule]:Start Path = C:\Projetos_WEB\ERP_Importa\
ERPImporta.exe: 00000C20: 16:06:47 [TUniServerModule]:Debug Mode = ON
ERPImporta.exe: 00000C20: 16:06:47 [TUniGUISessionManager]:Cache erase job created, Folder count: [1]
ERPImporta.exe: 00000C20: 16:06:47 [TUniServerModule]:Starting HTTP Server on Port: 8077...
ERPImporta.exe: 00000C20: 16:06:47 [TUniServerModule]:HTTP Server Started on Port: 8077
ERPImporta.exe: 0000346C: 16:08:19 []:>--------------------------------------------------------------<
ERPImporta.exe: 0000346C: 16:08:19 [TUniServerModule]:Server First Init.
ERPImporta.exe: 0000346C: 16:08:19 [TUniServerModule]:Start Path = C:\Projetos_WEB\ERP_Importa\
ERPImporta.exe: 0000346C: 16:08:19 [TUniServerModule]:Debug Mode = ON
ERPImporta.exe: 0000346C: 16:08:19 [TUniServerModule]:Starting HTTP Server on Port: 8077...
ERPImporta.exe: 0000346C: 16:08:19 [TUniServerModule]:HTTP Server Started on Port: 8077
ERPImporta.exe: 000020B8: 16:09:43 []:>--------------------------------------------------------------<
ERPImporta.exe: 000020B8: 16:09:43 [TUniServerModule]:Server First Init.
ERPImporta.exe: 000020B8: 16:09:43 [TUniServerModule]:Start Path = C:\Projetos_WEB\ERP_Importa\
ERPImporta.exe: 000020B8: 16:09:43 [TUniServerModule]:Debug Mode = ON
ERPImporta.exe: 000020B8: 16:09:43 [TUniServerModule]:Starting HTTP Server on Port: 8077...
ERPImporta.exe: 000020B8: 16:09:44 [TUniServerModule]:HTTP Server Started on Port: 8077
ERPImporta.exe: 00000724: 16:10:12 []:>--------------------------------------------------------------<
ERPImporta.exe: 00000724: 16:10:12 [TUniServerModule]:Server First Init.
ERPImporta.exe: 00000724: 16:10:12 [TUniServerModule]:Start Path = C:\Projetos_WEB\ERP_Importa\
ERPImporta.exe: 00000724: 16:10:12 [TUniServerModule]:Debug Mode = ON
ERPImporta.exe: 00000724: 16:10:12 [TUniServerModule]:Starting HTTP Server on Port: 8077...
ERPImporta.exe: 00000724: 16:10:12 [TUniServerModule]:HTTP Server Started on Port: 8077
ERPImporta.exe: 000021B4: 16:12:11 []:>--------------------------------------------------------------<
ERPImporta.exe: 000021B4: 16:12:11 [TUniServerModule]:Server First Init.
ERPImporta.exe: 000021B4: 16:12:11 [TUniServerModule]:Start Path = C:\Projetos_WEB\ERP_Importa\
ERPImporta.exe: 000021B4: 16:12:11 [TUniServerModule]:Debug Mode = ON
ERPImporta.exe: 000021B4: 16:12:11 [TUniServerModule]:Starting HTTP Server on Port: 8077...
ERPImporta.exe: 000021B4: 16:12:11 [TUniServerModule]:HTTP Server Started on Port: 8077
ERPImporta.exe: 00000DC8: 16:16:15 []:>--------------------------------------------------------------<
ERPImporta.exe: 00000DC8: 16:16:15 [TUniServerModule]:Server First Init.
ERPImporta.exe: 00000DC8: 16:16:15 [TUniServerModule]:Start Path = C:\Projetos_WEB\ERP_Importa\
ERPImporta.exe: 00000DC8: 16:16:15 [TUniServerModule]:Debug Mode = ON
ERPImporta.exe: 00000DC8: 16:16:16 [TUniServerModule]:Starting HTTP Server on Port: 8077...
ERPImporta.exe: 00000DC8: 16:16:16 [TUniServerModule]:HTTP Server Started on Port: 8077
ERPImporta.exe: 00000CE4: 16:18:58 []:>--------------------------------------------------------------<
ERPImporta.exe: 00000CE4: 16:18:58 [TUniServerModule]:Server First Init.
ERPImporta.exe: 00000CE4: 16:18:58 [TUniServerModule]:Start Path = C:\Projetos_WEB\ERP_Importa\
ERPImporta.exe: 00000CE4: 16:18:58 [TUniServerModule]:Debug Mode = ON
ERPImporta.exe: 00000CE4: 16:18:59 [TUniServerModule]:Starting HTTP Server on Port: 8077...
ERPImporta.exe: 00000CE4: 16:18:59 [TUniServerModule]:HTTP Server Started on Port: 8077
ERPImporta.exe: 000017F4: 16:21:30 []:>--------------------------------------------------------------<
ERPImporta.exe: 000017F4: 16:21:30 [TUniServerModule]:Server First Init.
ERPImporta.exe: 000017F4: 16:21:30 [TUniServerModule]:Start Path = C:\Projetos_WEB\ERP_Importa\
ERPImporta.exe: 000017F4: 16:21:30 [TUniServerModule]:Debug Mode = ON
ERPImporta.exe: 000017F4: 16:21:30 [TUniGUISessionManager]:Cache erase job created, Folder count: [1]
ERPImporta.exe: 000017F4: 16:21:30 [TUniServerModule]:Starting HTTP Server on Port: 8077...
ERPImporta.exe: 000017F4: 16:21:30 [TUniServerModule]:HTTP Server Started on Port: 8077
ERPImporta.exe: 00002114: 16:22:34 []:>--------------------------------------------------------------<
ERPImporta.exe: 00002114: 16:22:34 [TUniServerModule]:Server First Init.
ERPImporta.exe: 00002114: 16:22:34 [TUniServerModule]:Start Path = C:\Projetos_WEB\ERP_Importa\
ERPImporta.exe: 00002114: 16:22:34 [TUniServerModule]:Debug Mode = ON
ERPImporta.exe: 00002114: 16:22:34 [TUniServerModule]:Starting HTTP Server on Port: 8077...
ERPImporta.exe: 00002114: 16:22:34 [TUniServerModule]:HTTP Server Started on Port: 8077
ERPImporta.exe: 00002088: 16:23:52 []:>--------------------------------------------------------------<
ERPImporta.exe: 00002088: 16:23:52 [TUniServerModule]:Server First Init.
ERPImporta.exe: 00002088: 16:23:52 [TUniServerModule]:Start Path = C:\Projetos_WEB\ERP_Importa\
ERPImporta.exe: 00002088: 16:23:52 [TUniServerModule]:Debug Mode = ON
ERPImporta.exe: 00002088: 16:23:52 [TUniServerModule]:Starting HTTP Server on Port: 8077...
ERPImporta.exe: 00002088: 16:23:53 [TUniServerModule]:HTTP Server Started on Port: 8077
ERPImporta.exe: 00000728: 16:24:46 [HandleFileRequest[127.0.0.1]]:File not found: C:\Projetos_WEB\ERP_Importa\files\images\fundo8.jpg
ERPImporta.exe: 0000195C: 16:27:04 []:>--------------------------------------------------------------<
ERPImporta.exe: 0000195C: 16:27:04 [TUniServerModule]:Server First Init.
ERPImporta.exe: 0000195C: 16:27:04 [TUniServerModule]:Start Path = C:\Projetos_WEB\ERP_Importa\
ERPImporta.exe: 0000195C: 16:27:04 [TUniServerModule]:Debug Mode = ON
ERPImporta.exe: 0000195C: 16:27:04 [TUniGUISessionManager]:Cache erase job created, Folder count: [1]
ERPImporta.exe: 0000195C: 16:27:04 [TUniServerModule]:Starting HTTP Server on Port: 8077...
ERPImporta.exe: 0000195C: 16:27:04 [TUniServerModule]:HTTP Server Started on Port: 8077
ERPImporta.exe: 00001F70: 16:28:35 []:>--------------------------------------------------------------<
ERPImporta.exe: 00001F70: 16:28:35 [TUniServerModule]:Server First Init.
ERPImporta.exe: 00001F70: 16:28:35 [TUniServerModule]:Start Path = C:\Projetos_WEB\ERP_Importa\
ERPImporta.exe: 00001F70: 16:28:35 [TUniServerModule]:Debug Mode = ON
ERPImporta.exe: 00001F70: 16:28:35 [TUniServerModule]:Starting HTTP Server on Port: 8077...
ERPImporta.exe: 00001F70: 16:28:35 [TUniServerModule]:HTTP Server Started on Port: 8077
ERPImporta.exe: 00003AF8: 16:29:35 []:>--------------------------------------------------------------<
ERPImporta.exe: 00003AF8: 16:29:35 [TUniServerModule]:Server First Init.
ERPImporta.exe: 00003AF8: 16:29:35 [TUniServerModule]:Start Path = C:\Projetos_WEB\ERP_Importa\
ERPImporta.exe: 00003AF8: 16:29:35 [TUniServerModule]:Debug Mode = ON
ERPImporta.exe: 00003AF8: 16:29:35 [TUniGUISessionManager]:Cache erase job created, Folder count: [1]
ERPImporta.exe: 00003AF8: 16:29:35 [TUniServerModule]:Starting HTTP Server on Port: 8077...
ERPImporta.exe: 00003AF8: 16:29:35 [TUniServerModule]:HTTP Server Started on Port: 8077
ERPImporta.exe: 00003AA4: 16:30:32 []:>--------------------------------------------------------------<
ERPImporta.exe: 00003AA4: 16:30:32 [TUniServerModule]:Server First Init.
ERPImporta.exe: 00003AA4: 16:30:32 [TUniServerModule]:Start Path = C:\Projetos_WEB\ERP_Importa\
ERPImporta.exe: 00003AA4: 16:30:32 [TUniServerModule]:Debug Mode = ON
ERPImporta.exe: 00003AA4: 16:30:32 [TUniServerModule]:Starting HTTP Server on Port: 8077...
ERPImporta.exe: 00003AA4: 16:30:32 [TUniServerModule]:HTTP Server Started on Port: 8077
ERPImporta.exe: 000029C4: 16:31:43 []:>--------------------------------------------------------------<
ERPImporta.exe: 000029C4: 16:31:43 [TUniServerModule]:Server First Init.
ERPImporta.exe: 000029C4: 16:31:43 [TUniServerModule]:Start Path = C:\Projetos_WEB\ERP_Importa\
ERPImporta.exe: 000029C4: 16:31:43 [TUniServerModule]:Debug Mode = ON
ERPImporta.exe: 000029C4: 16:31:44 [TUniServerModule]:Starting HTTP Server on Port: 8077...
ERPImporta.exe: 000029C4: 16:31:44 [TUniServerModule]:HTTP Server Started on Port: 8077
ERPImporta.exe: 00003494: 16:52:35 []:>--------------------------------------------------------------<
ERPImporta.exe: 00003494: 16:52:35 [TUniServerModule]:Server First Init.
ERPImporta.exe: 00003494: 16:52:35 [TUniServerModule]:Start Path = C:\Projetos_WEB\ERP_Importa\
ERPImporta.exe: 00003494: 16:52:35 [TUniServerModule]:Debug Mode = ON
ERPImporta.exe: 00003494: 16:52:35 [TUniGUISessionManager]:Cache erase job created, Folder count: [1]
ERPImporta.exe: 00003494: 16:52:36 [TUniServerModule]:Starting HTTP Server on Port: 8077...
ERPImporta.exe: 00003494: 16:52:36 [TUniServerModule]:HTTP Server Started on Port: 8077
ERPImporta.exe: 000030EC: 16:53:48 []:>--------------------------------------------------------------<
ERPImporta.exe: 000030EC: 16:53:48 [TUniServerModule]:Server First Init.
ERPImporta.exe: 000030EC: 16:53:48 [TUniServerModule]:Start Path = C:\Projetos_WEB\ERP_Importa\
ERPImporta.exe: 000030EC: 16:53:48 [TUniServerModule]:Debug Mode = ON
ERPImporta.exe: 000030EC: 16:53:48 [TUniGUISessionManager]:Cache erase job created, Folder count: [1]
ERPImporta.exe: 000030EC: 16:53:49 [TUniServerModule]:Starting HTTP Server on Port: 8077...
ERPImporta.exe: 000030EC: 16:53:49 [TUniServerModule]:HTTP Server Started on Port: 8077
ERPImporta.exe: 000035CC: 16:54:55 []:>--------------------------------------------------------------<
ERPImporta.exe: 000035CC: 16:54:55 [TUniServerModule]:Server First Init.
ERPImporta.exe: 000035CC: 16:54:55 [TUniServerModule]:Start Path = C:\Projetos_WEB\ERP_Importa\
ERPImporta.exe: 000035CC: 16:54:55 [TUniServerModule]:Debug Mode = ON
ERPImporta.exe: 000035CC: 16:54:55 [TUniGUISessionManager]:Cache erase job created, Folder count: [1]
ERPImporta.exe: 000035CC: 16:54:55 [TUniServerModule]:Starting HTTP Server on Port: 8077...
ERPImporta.exe: 000035CC: 16:54:55 [TUniServerModule]:HTTP Server Started on Port: 8077
ERPImporta.exe: 00002244: 16:58:45 []:>--------------------------------------------------------------<
ERPImporta.exe: 00002244: 16:58:45 [TUniServerModule]:Server First Init.
ERPImporta.exe: 00002244: 16:58:45 [TUniServerModule]:Start Path = C:\Projetos_WEB\ERP_Importa\
ERPImporta.exe: 00002244: 16:58:45 [TUniServerModule]:Debug Mode = ON
ERPImporta.exe: 00002244: 16:58:46 [TUniServerModule]:Starting HTTP Server on Port: 8077...
ERPImporta.exe: 00002244: 16:58:46 [TUniServerModule]:HTTP Server Started on Port: 8077
ERPImporta.exe: 00001718: 17:01:58 []:>--------------------------------------------------------------<
ERPImporta.exe: 00001718: 17:01:58 [TUniServerModule]:Server First Init.
ERPImporta.exe: 00001718: 17:01:58 [TUniServerModule]:Start Path = C:\Projetos_WEB\ERP_Importa\
ERPImporta.exe: 00001718: 17:01:58 [TUniServerModule]:Debug Mode = ON
ERPImporta.exe: 00001718: 17:01:58 [TUniServerModule]:Starting HTTP Server on Port: 8077...
ERPImporta.exe: 00001718: 17:01:58 [TUniServerModule]:HTTP Server Started on Port: 8077
ERPImporta.exe: 00001218: 17:02:50 []:>--------------------------------------------------------------<
ERPImporta.exe: 00001218: 17:02:50 [TUniServerModule]:Server First Init.
ERPImporta.exe: 00001218: 17:02:50 [TUniServerModule]:Start Path = C:\Projetos_WEB\ERP_Importa\
ERPImporta.exe: 00001218: 17:02:50 [TUniServerModule]:Debug Mode = ON
ERPImporta.exe: 00001218: 17:02:50 [TUniServerModule]:Starting HTTP Server on Port: 8077...
ERPImporta.exe: 00001218: 17:02:50 [TUniServerModule]:HTTP Server Started on Port: 8077
ERPImporta.exe: 00002808: 17:03:33 []:>--------------------------------------------------------------<
ERPImporta.exe: 00002808: 17:03:33 [TUniServerModule]:Server First Init.
ERPImporta.exe: 00002808: 17:03:33 [TUniServerModule]:Start Path = C:\Projetos_WEB\ERP_Importa\
ERPImporta.exe: 00002808: 17:03:33 [TUniServerModule]:Debug Mode = ON
ERPImporta.exe: 00002808: 17:03:34 [TUniServerModule]:Starting HTTP Server on Port: 8077...
ERPImporta.exe: 00002808: 17:03:34 [TUniServerModule]:HTTP Server Started on Port: 8077
ERPImporta.exe: 000037D0: 17:05:40 []:>--------------------------------------------------------------<
ERPImporta.exe: 000037D0: 17:05:40 [TUniServerModule]:Server First Init.
ERPImporta.exe: 000037D0: 17:05:40 [TUniServerModule]:Start Path = C:\Projetos_WEB\ERP_Importa\
ERPImporta.exe: 000037D0: 17:05:40 [TUniServerModule]:Debug Mode = ON
ERPImporta.exe: 000037D0: 17:05:40 [TUniGUISessionManager]:Cache erase job created, Folder count: [1]
ERPImporta.exe: 000037D0: 17:05:40 [TUniServerModule]:Starting HTTP Server on Port: 8077...
ERPImporta.exe: 000037D0: 17:05:40 [TUniServerModule]:HTTP Server Started on Port: 8077
ERPImporta.exe: 00003164: 17:06:30 []:>--------------------------------------------------------------<
ERPImporta.exe: 00003164: 17:06:30 [TUniServerModule]:Server First Init.
ERPImporta.exe: 00003164: 17:06:30 [TUniServerModule]:Start Path = C:\Projetos_WEB\ERP_Importa\
ERPImporta.exe: 00003164: 17:06:30 [TUniServerModule]:Debug Mode = ON
ERPImporta.exe: 00003164: 17:06:31 [TUniServerModule]:Starting HTTP Server on Port: 8077...
ERPImporta.exe: 00003164: 17:06:31 [TUniServerModule]:HTTP Server Started on Port: 8077
ERPImporta.exe: 000021BC: 17:07:24 []:>--------------------------------------------------------------<
ERPImporta.exe: 000021BC: 17:07:24 [TUniServerModule]:Server First Init.
ERPImporta.exe: 000021BC: 17:07:24 [TUniServerModule]:Start Path = C:\Projetos_WEB\ERP_Importa\
ERPImporta.exe: 000021BC: 17:07:24 [TUniServerModule]:Debug Mode = ON
ERPImporta.exe: 000021BC: 17:07:25 [TUniServerModule]:Starting HTTP Server on Port: 8077...
ERPImporta.exe: 000021BC: 17:07:25 [TUniServerModule]:HTTP Server Started on Port: 8077
ERPImporta.exe: 00003120: 17:13:17 []:>--------------------------------------------------------------<
ERPImporta.exe: 00003120: 17:13:17 [TUniServerModule]:Server First Init.
ERPImporta.exe: 00003120: 17:13:17 [TUniServerModule]:Start Path = C:\Projetos_WEB\ERP_Importa\
ERPImporta.exe: 00003120: 17:13:17 [TUniServerModule]:Debug Mode = ON
ERPImporta.exe: 00003120: 17:13:17 [TUniGUISessionManager]:Cache erase job created, Folder count: [1]
ERPImporta.exe: 00003120: 17:13:17 [TUniServerModule]:Starting HTTP Server on Port: 8077...
ERPImporta.exe: 00003120: 17:13:17 [TUniServerModule]:HTTP Server Started on Port: 8077
ERPImporta.exe: 000036E4: 17:22:50 []:>--------------------------------------------------------------<
ERPImporta.exe: 000036E4: 17:22:50 [TUniServerModule]:Server First Init.
ERPImporta.exe: 000036E4: 17:22:50 [TUniServerModule]:Start Path = C:\Projetos_WEB\ERP_Importa\
ERPImporta.exe: 000036E4: 17:22:50 [TUniServerModule]:Debug Mode = ON
ERPImporta.exe: 000036E4: 17:22:50 [TUniGUISessionManager]:Cache erase job created, Folder count: [1]
ERPImporta.exe: 000036E4: 17:22:50 [TUniServerModule]:Starting HTTP Server on Port: 8077...
ERPImporta.exe: 000036E4: 17:22:51 [TUniServerModule]:HTTP Server Started on Port: 8077
ERPImporta.exe: 00000DE8: 17:24:17 []:>--------------------------------------------------------------<
ERPImporta.exe: 00000DE8: 17:24:17 [TUniServerModule]:Server First Init.
ERPImporta.exe: 00000DE8: 17:24:17 [TUniServerModule]:Start Path = C:\Projetos_WEB\ERP_Importa\
ERPImporta.exe: 00000DE8: 17:24:17 [TUniServerModule]:Debug Mode = ON
ERPImporta.exe: 00000DE8: 17:24:17 [TUniServerModule]:Starting HTTP Server on Port: 8077...
ERPImporta.exe: 00000DE8: 17:24:17 [TUniServerModule]:HTTP Server Started on Port: 8077
ERPImporta.exe: 000011DC: 17:28:52 []:>--------------------------------------------------------------<
ERPImporta.exe: 000011DC: 17:28:52 [TUniServerModule]:Server First Init.
ERPImporta.exe: 000011DC: 17:28:52 [TUniServerModule]:Start Path = C:\Projetos_WEB\ERP_Importa\
ERPImporta.exe: 000011DC: 17:28:52 [TUniServerModule]:Debug Mode = ON
ERPImporta.exe: 000011DC: 17:28:52 [TUniGUISessionManager]:Cache erase job created, Folder count: [1]
ERPImporta.exe: 000011DC: 17:28:53 [TUniServerModule]:Starting HTTP Server on Port: 8077...
ERPImporta.exe: 000011DC: 17:28:53 [TUniServerModule]:HTTP Server Started on Port: 8077
ERPImporta.exe: 00000614: 17:32:42 []:>--------------------------------------------------------------<
ERPImporta.exe: 00000614: 17:32:42 [TUniServerModule]:Server First Init.
ERPImporta.exe: 00000614: 17:32:42 [TUniServerModule]:Start Path = C:\Projetos_WEB\ERP_Importa\
ERPImporta.exe: 00000614: 17:32:42 [TUniServerModule]:Debug Mode = ON
ERPImporta.exe: 00000614: 17:32:42 [TUniGUISessionManager]:Cache erase job created, Folder count: [1]
ERPImporta.exe: 00000614: 17:32:42 [TUniServerModule]:Starting HTTP Server on Port: 8077...
ERPImporta.exe: 00000614: 17:32:42 [TUniServerModule]:HTTP Server Started on Port: 8077
ERPImporta.exe: 0000399C: 17:34:29 []:>--------------------------------------------------------------<
ERPImporta.exe: 0000399C: 17:34:29 [TUniServerModule]:Server First Init.
ERPImporta.exe: 0000399C: 17:34:29 [TUniServerModule]:Start Path = C:\Projetos_WEB\ERP_Importa\
ERPImporta.exe: 0000399C: 17:34:29 [TUniServerModule]:Debug Mode = ON
ERPImporta.exe: 0000399C: 17:34:29 [TUniGUISessionManager]:Cache erase job created, Folder count: [1]
ERPImporta.exe: 0000399C: 17:34:29 [TUniServerModule]:Starting HTTP Server on Port: 8077...
ERPImporta.exe: 0000399C: 17:34:29 [TUniServerModule]:HTTP Server Started on Port: 8077
ERPImporta.exe: 0000333C: 17:35:15 []:>--------------------------------------------------------------<
ERPImporta.exe: 0000333C: 17:35:15 [TUniServerModule]:Server First Init.
ERPImporta.exe: 0000333C: 17:35:15 [TUniServerModule]:Start Path = C:\Projetos_WEB\ERP_Importa\
ERPImporta.exe: 0000333C: 17:35:15 [TUniGUISessionManager]:Cache erase job created, Folder count: [1]
ERPImporta.exe: 0000333C: 17:35:15 [TUniServerModule]:Starting HTTP Server on Port: 8077...
ERPImporta.exe: 0000333C: 17:35:15 [TUniServerModule]:HTTP Server Started on Port: 8077
ERPImporta.exe: 00003824: 17:35:51 [HandleFileRequest[127.0.0.1]]:File not found: C:\Projetos_WEB\ERP_Importa\files\images\fundo8.jpg
ERPImporta.exe: 0000333C: 17:36:57 [TUniServerModule]:Shutting Down Server.
ERPImporta.exe: 0000333C: 17:36:57 [TUniServerModule]:Stopping HTTP Server.
ERPImporta.exe: 0000333C: 17:36:58 [TUniServerModule]:HTTP Server Stopped.
ERPImporta.exe: 0000333C: 17:36:58 [TUniGUISessionManager]:Terminating Session manager.
ERPImporta.exe: 0000333C: 17:36:58 [TUniGUISessionManager]:Stopping Cache Eraser...
ERPImporta.exe: 0000333C: 17:36:58 [TUniGUISessionManager]:Cache Eraser Stopped.
ERPImporta.exe: 0000333C: 17:36:58 [TUniGUISessionManager]:Destroying Worker Threads.
ERPImporta.exe: 0000333C: 17:36:58 [TUniGUISessionManager]:Session manager terminated.
ERPImporta.exe: 0000333C: 17:36:58 [TUniServerModule]:Server Shutdown Completed.
ERPImporta.exe: 0000333C: 17:36:58 []:<-------------------------------------------------------------->
ERPImporta.exe: 0000333C: 17:36:58 [Terminated]:Exit Code: 0
ERPImporta.exe: 00002F98: 17:37:11 []:>--------------------------------------------------------------<
ERPImporta.exe: 00002F98: 17:37:11 [TUniServerModule]:Server First Init.
ERPImporta.exe: 00002F98: 17:37:11 [TUniServerModule]:Start Path = C:\Projetos_WEB\ERP_Importa\
ERPImporta.exe: 00002F98: 17:37:11 [TUniServerModule]:Debug Mode = ON
ERPImporta.exe: 00002F98: 17:37:11 [TUniServerModule]:Starting HTTP Server on Port: 8077...
ERPImporta.exe: 00002F98: 17:37:11 [TUniServerModule]:HTTP Server Started on Port: 8077
ERPImporta.exe: 0000153C: 17:37:23 [HandleFileRequest[127.0.0.1]]:File not found: C:\Projetos_WEB\ERP_Importa\files\images\fundo8.jpg
ERPImporta.exe: 00000CA4: 17:38:16 [[FireDAC][Phys][ODBC][Microsoft][SQL Server Native Client 11.0][SQL Server]Invalid object name 'PlanoFinanceiro'.-127.0.0.1]:EMSSQLNativeException : [FireDAC][Phys][ODBC][Microsoft][SQL Server Native Client 11.0][SQL Server]Invalid object name 'PlanoFinanceiro'. : Addr: $008BB2F5
ERPImporta.exe: 00000CA4: 17:38:23 [[FireDAC][Phys][ODBC][Microsoft][SQL Server Native Client 11.0][SQL Server]Invalid column name 'Nome'.-127.0.0.1]:EMSSQLNativeException : [FireDAC][Phys][ODBC][Microsoft][SQL Server Native Client 11.0][SQL Server]Invalid column name 'Nome'. : Addr: $008BB2F5
