ERPImporta.exe: 00001B1C: 10:06:19 []:>--------------------------------------------------------------<
ERPImporta.exe: 00001B1C: 10:06:19 [TUniServerModule]:Server First Init.
ERPImporta.exe: 00001B1C: 10:06:19 [TUniServerModule]:Start Path = C:\Projetos_WEB\ERP_Importa\
ERPImporta.exe: 00001B1C: 10:06:19 [TUniServerModule]:Debug Mode = ON
ERPImporta.exe: 00001B1C: 10:06:19 [TUniServerModule]:Starting HTTP Server on Port: 8077...
ERPImporta.exe: 00001B1C: 10:06:19 [TUniServerModule]:HTTP Server Started on Port: 8077
ERPImporta.exe: 000030A8: 10:08:57 []:>--------------------------------------------------------------<
ERPImporta.exe: 000030A8: 10:08:57 [TUniServerModule]:Server First Init.
ERPImporta.exe: 000030A8: 10:08:57 [TUniServerModule]:Start Path = C:\Projetos_WEB\ERP_Importa\
ERPImporta.exe: 000030A8: 10:08:57 [TUniServerModule]:Debug Mode = ON
ERPImporta.exe: 000030A8: 10:08:57 [TUniGUISessionManager]:Cache erase job created, Folder count: [1]
ERPImporta.exe: 000030A8: 10:08:58 [TUniServerModule]:Starting HTTP Server on Port: 8077...
ERPImporta.exe: 000030A8: 10:08:58 [TUniServerModule]:HTTP Server Started on Port: 8077
ERPImporta.exe: 00002404: 10:13:08 []:>--------------------------------------------------------------<
ERPImporta.exe: 00002404: 10:13:08 [TUniServerModule]:Server First Init.
ERPImporta.exe: 00002404: 10:13:08 [TUniServerModule]:Start Path = C:\Projetos_WEB\ERP_Importa\
ERPImporta.exe: 00002404: 10:13:08 [TUniServerModule]:Debug Mode = ON
ERPImporta.exe: 00002404: 10:13:08 [TUniGUISessionManager]:Cache erase job created, Folder count: [1]
ERPImporta.exe: 00002404: 10:13:08 [TUniServerModule]:Starting HTTP Server on Port: 8077...
ERPImporta.exe: 00002404: 10:13:08 [TUniServerModule]:HTTP Server Started on Port: 8077
ERPImporta.exe: 00003044: 10:13:11 [127.0.0.1]:EUniSessionException : Sessão inváilda ou tempo da sessão expirado. (Session not found: 5jic7BBiOu110AE8DB2 ) : Addr: $007D0F44
ERPImporta.exe: 00000C8C: 10:13:13 [127.0.0.1]:EUniSessionException : Sessão inváilda ou tempo da sessão expirado. (Session not found: jXCOtk3jhM110AE8CFB ) : Addr: $007D0F44
ERPImporta.exe: 00000A60: 10:13:59 [HandleFileRequest[127.0.0.1]]:File not found: C:\Projetos_WEB\ERP_Importa\favicon.ico
ERPImporta.exe: 0000172C: 10:26:35 []:>--------------------------------------------------------------<
ERPImporta.exe: 0000172C: 10:26:35 [TUniServerModule]:Server First Init.
ERPImporta.exe: 0000172C: 10:26:35 [TUniServerModule]:Start Path = C:\Projetos_WEB\ERP_Importa\
ERPImporta.exe: 0000172C: 10:26:35 [TUniServerModule]:Debug Mode = ON
ERPImporta.exe: 0000172C: 10:26:35 [TUniGUISessionManager]:Cache erase job created, Folder count: [1]
ERPImporta.exe: 0000172C: 10:26:36 [TUniServerModule]:Starting HTTP Server on Port: 8077...
ERPImporta.exe: 0000172C: 10:26:36 [TUniServerModule]:HTTP Server Started on Port: 8077
ERPImporta.exe: 00000348: 10:30:58 []:>--------------------------------------------------------------<
ERPImporta.exe: 00000348: 10:30:58 [TUniServerModule]:Server First Init.
ERPImporta.exe: 00000348: 10:30:58 [TUniServerModule]:Start Path = C:\Projetos_WEB\ERP_Importa\
ERPImporta.exe: 00000348: 10:30:58 [TUniServerModule]:Debug Mode = ON
ERPImporta.exe: 00000348: 10:30:59 [TUniServerModule]:Starting HTTP Server on Port: 8077...
ERPImporta.exe: 00000348: 10:30:59 [TUniServerModule]:HTTP Server Started on Port: 8077
ERPImporta.exe: 000016A0: 10:33:55 []:>--------------------------------------------------------------<
ERPImporta.exe: 000016A0: 10:33:55 [TUniServerModule]:Server First Init.
ERPImporta.exe: 000016A0: 10:33:55 [TUniServerModule]:Start Path = C:\Projetos_WEB\ERP_Importa\
ERPImporta.exe: 000016A0: 10:33:55 [TUniServerModule]:Debug Mode = ON
ERPImporta.exe: 000016A0: 10:33:55 [TUniServerModule]:Starting HTTP Server on Port: 8077...
ERPImporta.exe: 000016A0: 10:33:55 [TUniServerModule]:HTTP Server Started on Port: 8077
ERPImporta.exe: 00000C60: 10:58:48 []:>--------------------------------------------------------------<
ERPImporta.exe: 00000C60: 10:58:48 [TUniServerModule]:Server First Init.
ERPImporta.exe: 00000C60: 10:58:48 [TUniServerModule]:Start Path = C:\Projetos_WEB\ERP_Importa\
ERPImporta.exe: 00000C60: 10:58:48 [TUniServerModule]:Debug Mode = ON
ERPImporta.exe: 00000C60: 10:58:48 [TUniGUISessionManager]:Cache erase job created, Folder count: [1]
ERPImporta.exe: 00000C60: 10:58:49 [TUniServerModule]:Starting HTTP Server on Port: 8077...
ERPImporta.exe: 00000C60: 10:58:49 [TUniServerModule]:HTTP Server Started on Port: 8077
ERPImporta.exe: 00000A14: 11:31:19 []:>--------------------------------------------------------------<
ERPImporta.exe: 00000A14: 11:31:19 [TUniServerModule]:Server First Init.
ERPImporta.exe: 00000A14: 11:31:19 [TUniServerModule]:Start Path = C:\Projetos_WEB\ERP_Importa\
ERPImporta.exe: 00000A14: 11:31:19 [TUniServerModule]:Debug Mode = ON
ERPImporta.exe: 00000A14: 11:31:20 [TUniServerModule]:Starting HTTP Server on Port: 8077...
ERPImporta.exe: 00000A14: 11:31:20 [TUniServerModule]:HTTP Server Started on Port: 8077
ERPImporta.exe: 000021C4: 11:33:51 []:>--------------------------------------------------------------<
ERPImporta.exe: 000021C4: 11:33:51 [TUniServerModule]:Server First Init.
ERPImporta.exe: 000021C4: 11:33:51 [TUniServerModule]:Start Path = C:\Projetos_WEB\ERP_Importa\
ERPImporta.exe: 000021C4: 11:33:51 [TUniServerModule]:Debug Mode = ON
ERPImporta.exe: 000021C4: 11:33:52 [TUniServerModule]:Starting HTTP Server on Port: 8077...
ERPImporta.exe: 000021C4: 11:33:52 [TUniServerModule]:HTTP Server Started on Port: 8077
ERPImporta.exe: 00001994: 11:36:27 []:>--------------------------------------------------------------<
ERPImporta.exe: 00001994: 11:36:27 [TUniServerModule]:Server First Init.
ERPImporta.exe: 00001994: 11:36:27 [TUniServerModule]:Start Path = C:\Projetos_WEB\ERP_Importa\
ERPImporta.exe: 00001994: 11:36:28 [TUniServerModule]:Debug Mode = ON
ERPImporta.exe: 00001994: 11:36:28 [TUniServerModule]:Starting HTTP Server on Port: 8077...
ERPImporta.exe: 00001994: 11:36:28 [TUniServerModule]:HTTP Server Started on Port: 8077
ERPImporta.exe: 000002F4: 11:39:13 []:>--------------------------------------------------------------<
ERPImporta.exe: 000002F4: 11:39:13 [TUniServerModule]:Server First Init.
ERPImporta.exe: 000002F4: 11:39:13 [TUniServerModule]:Start Path = C:\Projetos_WEB\ERP_Importa\
ERPImporta.exe: 000002F4: 11:39:13 [TUniServerModule]:Debug Mode = ON
ERPImporta.exe: 000002F4: 11:39:13 [TUniServerModule]:Starting HTTP Server on Port: 8077...
ERPImporta.exe: 000002F4: 11:39:14 [TUniServerModule]:HTTP Server Started on Port: 8077
