ERPImporta.exe: 000007EC: 08:12:38 []:>--------------------------------------------------------------<
ERPImporta.exe: 000007EC: 08:12:38 [TUniServerModule]:Server First Init.
ERPImporta.exe: 000007EC: 08:12:38 [TUniServerModule]:Start Path = C:\Projetos_WEB\ERP_Importa\
ERPImporta.exe: 000007EC: 08:12:38 [TUniServerModule]:Debug Mode = ON
ERPImporta.exe: 000007EC: 08:12:38 [TUniGUISessionManager]:Cache erase job created, Folder count: [1]
ERPImporta.exe: 000007EC: 08:12:39 [TUniServerModule]:Starting HTTP Server on Port: 8077...
ERPImporta.exe: 000007EC: 08:12:39 [TUniServerModule]:HTTP Server Started on Port: 8077
ERPImporta.exe: 00000D00: 08:12:51 [HandleFileRequest[127.0.0.1]]:File not found: C:\Projetos_WEB\ERP_Importa\files\images\fundo8.jpg
ERPImporta.exe: 00002274: 08:15:48 []:>--------------------------------------------------------------<
ERPImporta.exe: 00002274: 08:15:48 [TUniServerModule]:Server First Init.
ERPImporta.exe: 00002274: 08:15:48 [TUniServerModule]:Start Path = C:\Projetos_WEB\ERP_Importa\
ERPImporta.exe: 00002274: 08:15:48 [TUniServerModule]:Debug Mode = ON
ERPImporta.exe: 00002274: 08:15:48 [TUniServerModule]:Starting HTTP Server on Port: 8077...
ERPImporta.exe: 00002274: 08:15:48 [TUniServerModule]:HTTP Server Started on Port: 8077
ERPImporta.exe: 00000B60: 08:15:53 [Access violation at address 00B98370 in module 'ERPImporta.exe'. Read of address 00000003-127.0.0.1]:EAccessViolation : Access violation at address 00B98370 in module 'ERPImporta.exe'. Read of address 00000003 : Addr: $00B98370
ERPImporta.exe: 00002BD4: 08:17:03 []:>--------------------------------------------------------------<
ERPImporta.exe: 00002BD4: 08:17:03 [TUniServerModule]:Server First Init.
ERPImporta.exe: 00002BD4: 08:17:03 [TUniServerModule]:Start Path = C:\Projetos_WEB\ERP_Importa\
ERPImporta.exe: 00002BD4: 08:17:03 [TUniServerModule]:Debug Mode = ON
ERPImporta.exe: 00002BD4: 08:17:03 [TUniGUISessionManager]:Cache erase job created, Folder count: [1]
ERPImporta.exe: 00002BD4: 08:17:04 [TUniServerModule]:Starting HTTP Server on Port: 8077...
ERPImporta.exe: 00002BD4: 08:17:04 [TUniServerModule]:HTTP Server Started on Port: 8077
ERPImporta.exe: 00001E14: 08:17:13 [HandleFileRequest[127.0.0.1]]:File not found: C:\Projetos_WEB\ERP_Importa\files\images\fundo8.jpg
ERPImporta.exe: 00001B8C: 08:19:13 []:>--------------------------------------------------------------<
ERPImporta.exe: 00001B8C: 08:19:13 [TUniServerModule]:Server First Init.
ERPImporta.exe: 00001B8C: 08:19:13 [TUniServerModule]:Start Path = C:\Projetos_WEB\ERP_Importa\
ERPImporta.exe: 00001B8C: 08:19:13 [TUniServerModule]:Debug Mode = ON
ERPImporta.exe: 00001B8C: 08:19:13 [TUniServerModule]:Starting HTTP Server on Port: 8077...
ERPImporta.exe: 00001B8C: 08:19:13 [TUniServerModule]:HTTP Server Started on Port: 8077
ERPImporta.exe: 000011C4: 08:21:00 []:>--------------------------------------------------------------<
ERPImporta.exe: 000011C4: 08:21:00 [TUniServerModule]:Server First Init.
ERPImporta.exe: 000011C4: 08:21:00 [TUniServerModule]:Start Path = C:\Projetos_WEB\ERP_Importa\
ERPImporta.exe: 000011C4: 08:21:00 [TUniServerModule]:Debug Mode = ON
ERPImporta.exe: 000011C4: 08:21:00 [TUniServerModule]:Starting HTTP Server on Port: 8077...
ERPImporta.exe: 000011C4: 08:21:00 [TUniServerModule]:HTTP Server Started on Port: 8077
ERPImporta.exe: 00000B10: 08:21:16 [HandleFileRequest[127.0.0.1]]:File not found: C:\Projetos_WEB\ERP_Importa\files\images\fundo8.jpg
ERPImporta.exe: 00000744: 08:21:36 []:>--------------------------------------------------------------<
ERPImporta.exe: 00000744: 08:21:36 [TUniServerModule]:Server First Init.
ERPImporta.exe: 00000744: 08:21:36 [TUniServerModule]:Start Path = C:\Projetos_WEB\ERP_Importa\
ERPImporta.exe: 00000744: 08:21:36 [TUniServerModule]:Debug Mode = ON
ERPImporta.exe: 00000744: 08:21:36 [TUniGUISessionManager]:Cache erase job created, Folder count: [1]
ERPImporta.exe: 00000744: 08:21:37 [TUniServerModule]:Starting HTTP Server on Port: 8077...
ERPImporta.exe: 00000744: 08:21:37 [TUniServerModule]:HTTP Server Started on Port: 8077
ERPImporta.exe: 00002768: 08:21:48 [HandleFileRequest[127.0.0.1]]:File not found: C:\Projetos_WEB\ERP_Importa\files\images\fundo8.jpg
ERPImporta.exe: 0000026C: 08:23:51 []:>--------------------------------------------------------------<
ERPImporta.exe: 0000026C: 08:23:51 [TUniServerModule]:Server First Init.
ERPImporta.exe: 0000026C: 08:23:51 [TUniServerModule]:Start Path = C:\Projetos_WEB\ERP_Importa\
ERPImporta.exe: 0000026C: 08:23:51 [TUniServerModule]:Debug Mode = ON
ERPImporta.exe: 0000026C: 08:23:51 [TUniGUISessionManager]:Cache erase job created, Folder count: [1]
ERPImporta.exe: 0000026C: 08:23:51 [TUniServerModule]:Starting HTTP Server on Port: 8077...
ERPImporta.exe: 0000026C: 08:23:51 [TUniServerModule]:HTTP Server Started on Port: 8077
ERPImporta.exe: 00001814: 08:24:33 []:>--------------------------------------------------------------<
ERPImporta.exe: 00001814: 08:24:33 [TUniServerModule]:Server First Init.
ERPImporta.exe: 00001814: 08:24:33 [TUniServerModule]:Start Path = C:\Projetos_WEB\ERP_Importa\
ERPImporta.exe: 00001814: 08:24:33 [TUniServerModule]:Debug Mode = ON
ERPImporta.exe: 00001814: 08:24:34 [TUniServerModule]:Starting HTTP Server on Port: 8077...
ERPImporta.exe: 00001814: 08:24:34 [TUniServerModule]:HTTP Server Started on Port: 8077
ERPImporta.exe: 00000A38: 08:25:32 []:>--------------------------------------------------------------<
ERPImporta.exe: 00000A38: 08:25:32 [TUniServerModule]:Server First Init.
ERPImporta.exe: 00000A38: 08:25:32 [TUniServerModule]:Start Path = C:\Projetos_WEB\ERP_Importa\
ERPImporta.exe: 00000A38: 08:25:32 [TUniServerModule]:Debug Mode = ON
ERPImporta.exe: 00000A38: 08:25:32 [TUniServerModule]:Starting HTTP Server on Port: 8077...
ERPImporta.exe: 00000A38: 08:25:32 [TUniServerModule]:HTTP Server Started on Port: 8077
ERPImporta.exe: 00003690: 08:26:01 []:>--------------------------------------------------------------<
ERPImporta.exe: 00003690: 08:26:01 [TUniServerModule]:Server First Init.
ERPImporta.exe: 00003690: 08:26:01 [TUniServerModule]:Start Path = C:\Projetos_WEB\ERP_Importa\
ERPImporta.exe: 00003690: 08:26:01 [TUniServerModule]:Debug Mode = ON
ERPImporta.exe: 00003690: 08:26:01 [TUniServerModule]:Starting HTTP Server on Port: 8077...
ERPImporta.exe: 00003690: 08:26:01 [TUniServerModule]:HTTP Server Started on Port: 8077
ERPImporta.exe: 0000325C: 08:26:41 []:>--------------------------------------------------------------<
ERPImporta.exe: 0000325C: 08:26:41 [TUniServerModule]:Server First Init.
ERPImporta.exe: 0000325C: 08:26:41 [TUniServerModule]:Start Path = C:\Projetos_WEB\ERP_Importa\
ERPImporta.exe: 0000325C: 08:26:41 [TUniServerModule]:Debug Mode = ON
ERPImporta.exe: 0000325C: 08:26:41 [TUniGUISessionManager]:Cache erase job created, Folder count: [1]
ERPImporta.exe: 0000325C: 08:26:41 [TUniServerModule]:Starting HTTP Server on Port: 8077...
ERPImporta.exe: 0000325C: 08:26:41 [TUniServerModule]:HTTP Server Started on Port: 8077
ERPImporta.exe: 0000282C: 08:30:32 []:>--------------------------------------------------------------<
ERPImporta.exe: 0000282C: 08:30:32 [TUniServerModule]:Server First Init.
ERPImporta.exe: 0000282C: 08:30:32 [TUniServerModule]:Start Path = C:\Projetos_WEB\ERP_Importa\
ERPImporta.exe: 0000282C: 08:30:32 [TUniServerModule]:Debug Mode = ON
ERPImporta.exe: 0000282C: 08:30:32 [TUniServerModule]:Starting HTTP Server on Port: 8077...
ERPImporta.exe: 0000282C: 08:30:32 [TUniServerModule]:HTTP Server Started on Port: 8077
ERPImporta.exe: 00001560: 08:32:06 []:>--------------------------------------------------------------<
ERPImporta.exe: 00001560: 08:32:06 [TUniServerModule]:Server First Init.
ERPImporta.exe: 00001560: 08:32:06 [TUniServerModule]:Start Path = C:\Projetos_WEB\ERP_Importa\
ERPImporta.exe: 00001560: 08:32:06 [TUniServerModule]:Debug Mode = ON
ERPImporta.exe: 00001560: 08:32:06 [TUniServerModule]:Starting HTTP Server on Port: 8077...
ERPImporta.exe: 00001560: 08:32:06 [TUniServerModule]:HTTP Server Started on Port: 8077
ERPImporta.exe: 000024A4: 08:32:48 []:>--------------------------------------------------------------<
ERPImporta.exe: 000024A4: 08:32:48 [TUniServerModule]:Server First Init.
ERPImporta.exe: 000024A4: 08:32:48 [TUniServerModule]:Start Path = C:\Projetos_WEB\ERP_Importa\
ERPImporta.exe: 000024A4: 08:32:48 [TUniServerModule]:Debug Mode = ON
ERPImporta.exe: 000024A4: 08:32:48 [TUniGUISessionManager]:Cache erase job created, Folder count: [1]
ERPImporta.exe: 000024A4: 08:32:48 [TUniServerModule]:Starting HTTP Server on Port: 8077...
ERPImporta.exe: 000024A4: 08:32:48 [TUniServerModule]:HTTP Server Started on Port: 8077
ERPImporta.exe: 00000F98: 08:33:13 []:>--------------------------------------------------------------<
ERPImporta.exe: 00000F98: 08:33:13 [TUniServerModule]:Server First Init.
ERPImporta.exe: 00000F98: 08:33:13 [TUniServerModule]:Start Path = C:\Projetos_WEB\ERP_Importa\
ERPImporta.exe: 00000F98: 08:33:13 [TUniServerModule]:Debug Mode = ON
ERPImporta.exe: 00000F98: 08:33:13 [TUniGUISessionManager]:Cache erase job created, Folder count: [1]
ERPImporta.exe: 00000F98: 08:33:13 [TUniServerModule]:Starting HTTP Server on Port: 8077...
ERPImporta.exe: 00000F98: 08:33:13 [TUniServerModule]:HTTP Server Started on Port: 8077
ERPImporta.exe: 000036F0: 08:35:49 []:>--------------------------------------------------------------<
ERPImporta.exe: 000036F0: 08:35:49 [TUniServerModule]:Server First Init.
ERPImporta.exe: 000036F0: 08:35:49 [TUniServerModule]:Start Path = C:\Projetos_WEB\ERP_Importa\
ERPImporta.exe: 000036F0: 08:35:49 [TUniServerModule]:Debug Mode = ON
ERPImporta.exe: 000036F0: 08:35:49 [TUniGUISessionManager]:Cache erase job created, Folder count: [1]
ERPImporta.exe: 000036F0: 08:35:49 [TUniServerModule]:Starting HTTP Server on Port: 8077...
ERPImporta.exe: 000036F0: 08:35:49 [TUniServerModule]:HTTP Server Started on Port: 8077
ERPImporta.exe: 00001688: 08:41:26 [HandleFileRequest[127.0.0.1]]:File not found: C:\Projetos_WEB\ERP_Importa\files\images\fundo8.jpg
ERPImporta.exe: 00000494: 08:46:30 []:>--------------------------------------------------------------<
ERPImporta.exe: 00000494: 08:46:30 [TUniServerModule]:Server First Init.
ERPImporta.exe: 00000494: 08:46:30 [TUniServerModule]:Start Path = C:\Projetos_WEB\ERP_Importa\
ERPImporta.exe: 00000494: 08:46:30 [TUniServerModule]:Debug Mode = ON
ERPImporta.exe: 00000494: 08:46:30 [TUniGUISessionManager]:Cache erase job created, Folder count: [1]
ERPImporta.exe: 00000494: 08:46:30 [TUniServerModule]:Starting HTTP Server on Port: 8077...
ERPImporta.exe: 00000494: 08:46:30 [TUniServerModule]:HTTP Server Started on Port: 8077
ERPImporta.exe: 000011C8: 08:46:51 [HandleFileRequest[127.0.0.1]]:File not found: C:\Projetos_WEB\ERP_Importa\files\images\fundo8.jpg
ERPImporta.exe: 000030FC: 08:46:59 [127.0.0.1]:EUniSessionException : Sessão inváilda ou tempo da sessão expirado. (Session not found: 6ic3AK8PNv11017648E ) : Addr: $007CFC94
ERPImporta.exe: 00001BC0: 08:47:05 []:>--------------------------------------------------------------<
ERPImporta.exe: 00001BC0: 08:47:05 [TUniServerModule]:Server First Init.
ERPImporta.exe: 00001BC0: 08:47:05 [TUniServerModule]:Start Path = C:\Projetos_WEB\ERP_Importa\
ERPImporta.exe: 00001BC0: 08:47:05 [TUniServerModule]:Debug Mode = ON
ERPImporta.exe: 00001BC0: 08:47:05 [TUniServerModule]:Starting HTTP Server on Port: 8077...
ERPImporta.exe: 00001BC0: 08:47:06 [TUniServerModule]:HTTP Server Started on Port: 8077
ERPImporta.exe: 00003570: 08:47:24 []:>--------------------------------------------------------------<
ERPImporta.exe: 00003570: 08:47:24 [TUniServerModule]:Server First Init.
ERPImporta.exe: 00003570: 08:47:24 [TUniServerModule]:Start Path = C:\Projetos_WEB\ERP_Importa\
ERPImporta.exe: 00003570: 08:47:24 [TUniServerModule]:Debug Mode = ON
ERPImporta.exe: 00003570: 08:47:24 [TUniGUISessionManager]:Cache erase job created, Folder count: [1]
ERPImporta.exe: 00003570: 08:47:24 [TUniServerModule]:Starting HTTP Server on Port: 8077...
ERPImporta.exe: 00003570: 08:47:24 [TUniServerModule]:HTTP Server Started on Port: 8077
ERPImporta.exe: 00000DA8: 08:49:12 []:>--------------------------------------------------------------<
ERPImporta.exe: 00000DA8: 08:49:12 [TUniServerModule]:Server First Init.
ERPImporta.exe: 00000DA8: 08:49:12 [TUniServerModule]:Start Path = C:\Projetos_WEB\ERP_Importa\
ERPImporta.exe: 00000DA8: 08:49:12 [TUniServerModule]:Debug Mode = ON
ERPImporta.exe: 00000DA8: 08:49:12 [TUniGUISessionManager]:Cache erase job created, Folder count: [1]
ERPImporta.exe: 00000DA8: 08:49:13 [TUniServerModule]:Starting HTTP Server on Port: 8077...
ERPImporta.exe: 00000DA8: 08:49:13 [TUniServerModule]:HTTP Server Started on Port: 8077
ERPImporta.exe: 0000193C: 08:51:02 []:>--------------------------------------------------------------<
ERPImporta.exe: 0000193C: 08:51:02 [TUniServerModule]:Server First Init.
ERPImporta.exe: 0000193C: 08:51:02 [TUniServerModule]:Start Path = C:\Projetos_WEB\ERP_Importa\
ERPImporta.exe: 0000193C: 08:51:02 [TUniServerModule]:Debug Mode = ON
ERPImporta.exe: 0000193C: 08:51:02 [TUniServerModule]:Starting HTTP Server on Port: 8077...
ERPImporta.exe: 0000193C: 08:51:02 [TUniServerModule]:HTTP Server Started on Port: 8077
ERPImporta.exe: 000020FC: 08:51:43 []:>--------------------------------------------------------------<
ERPImporta.exe: 000020FC: 08:51:43 [TUniServerModule]:Server First Init.
ERPImporta.exe: 000020FC: 08:51:43 [TUniServerModule]:Start Path = C:\Projetos_WEB\ERP_Importa\
ERPImporta.exe: 000020FC: 08:51:43 [TUniServerModule]:Debug Mode = ON
ERPImporta.exe: 000020FC: 08:51:43 [TUniGUISessionManager]:Cache erase job created, Folder count: [1]
ERPImporta.exe: 000020FC: 08:51:43 [TUniServerModule]:Starting HTTP Server on Port: 8077...
ERPImporta.exe: 000020FC: 08:51:43 [TUniServerModule]:HTTP Server Started on Port: 8077
ERPImporta.exe: 00001DAC: 08:54:54 []:>--------------------------------------------------------------<
ERPImporta.exe: 00001DAC: 08:54:54 [TUniServerModule]:Server First Init.
ERPImporta.exe: 00001DAC: 08:54:54 [TUniServerModule]:Start Path = C:\Projetos_WEB\ERP_Importa\
ERPImporta.exe: 00001DAC: 08:54:54 [TUniServerModule]:Debug Mode = ON
ERPImporta.exe: 00001DAC: 08:54:55 [TUniServerModule]:Starting HTTP Server on Port: 8077...
ERPImporta.exe: 00001DAC: 08:54:55 [TUniServerModule]:HTTP Server Started on Port: 8077
ERPImporta.exe: 000037AC: 08:59:19 []:>--------------------------------------------------------------<
ERPImporta.exe: 000037AC: 08:59:19 [TUniServerModule]:Server First Init.
ERPImporta.exe: 000037AC: 08:59:19 [TUniServerModule]:Start Path = C:\Projetos_WEB\ERP_Importa\
ERPImporta.exe: 000037AC: 08:59:19 [TUniServerModule]:Debug Mode = ON
ERPImporta.exe: 000037AC: 08:59:20 [TUniServerModule]:Starting HTTP Server on Port: 8077...
ERPImporta.exe: 000037AC: 08:59:20 [TUniServerModule]:HTTP Server Started on Port: 8077
ERPImporta.exe: 0000203C: 09:02:27 []:>--------------------------------------------------------------<
ERPImporta.exe: 0000203C: 09:02:27 [TUniServerModule]:Server First Init.
ERPImporta.exe: 0000203C: 09:02:27 [TUniServerModule]:Start Path = C:\Projetos_WEB\ERP_Importa\
ERPImporta.exe: 0000203C: 09:02:27 [TUniServerModule]:Debug Mode = ON
ERPImporta.exe: 0000203C: 09:02:27 [TUniGUISessionManager]:Cache erase job created, Folder count: [1]
ERPImporta.exe: 0000203C: 09:02:28 [TUniServerModule]:Starting HTTP Server on Port: 8077...
ERPImporta.exe: 0000203C: 09:02:28 [TUniServerModule]:HTTP Server Started on Port: 8077
ERPImporta.exe: 00001724: 09:04:04 []:>--------------------------------------------------------------<
ERPImporta.exe: 00001724: 09:04:04 [TUniServerModule]:Server First Init.
ERPImporta.exe: 00001724: 09:04:04 [TUniServerModule]:Start Path = C:\Projetos_WEB\ERP_Importa\
ERPImporta.exe: 00001724: 09:04:04 [TUniServerModule]:Debug Mode = ON
ERPImporta.exe: 00001724: 09:04:05 [TUniServerModule]:Starting HTTP Server on Port: 8077...
ERPImporta.exe: 00001724: 09:04:05 [TUniServerModule]:HTTP Server Started on Port: 8077
ERPImporta.exe: 0000247C: 09:04:49 []:>--------------------------------------------------------------<
ERPImporta.exe: 0000247C: 09:04:49 [TUniServerModule]:Server First Init.
ERPImporta.exe: 0000247C: 09:04:50 [TUniServerModule]:Start Path = C:\Projetos_WEB\ERP_Importa\
ERPImporta.exe: 0000247C: 09:04:50 [TUniServerModule]:Debug Mode = ON
ERPImporta.exe: 0000247C: 09:04:50 [TUniGUISessionManager]:Cache erase job created, Folder count: [1]
ERPImporta.exe: 0000247C: 09:04:50 [TUniServerModule]:Starting HTTP Server on Port: 8077...
ERPImporta.exe: 0000247C: 09:04:50 [TUniServerModule]:HTTP Server Started on Port: 8077
ERPImporta.exe: 00000360: 09:09:03 []:>--------------------------------------------------------------<
ERPImporta.exe: 00000360: 09:09:03 [TUniServerModule]:Server First Init.
ERPImporta.exe: 00000360: 09:09:03 [TUniServerModule]:Start Path = C:\Projetos_WEB\ERP_Importa\
ERPImporta.exe: 00000360: 09:09:03 [TUniServerModule]:Debug Mode = ON
ERPImporta.exe: 00000360: 09:09:03 [TUniGUISessionManager]:Cache erase job created, Folder count: [1]
ERPImporta.exe: 00000360: 09:09:03 [TUniServerModule]:Starting HTTP Server on Port: 8077...
ERPImporta.exe: 00000360: 09:09:03 [TUniServerModule]:HTTP Server Started on Port: 8077
ERPImporta.exe: 00002BD4: 09:11:03 []:>--------------------------------------------------------------<
ERPImporta.exe: 00002BD4: 09:11:03 [TUniServerModule]:Server First Init.
ERPImporta.exe: 00002BD4: 09:11:03 [TUniServerModule]:Start Path = C:\Projetos_WEB\ERP_Importa\
ERPImporta.exe: 00002BD4: 09:11:03 [TUniServerModule]:Debug Mode = ON
ERPImporta.exe: 00002BD4: 09:11:03 [TUniGUISessionManager]:Cache erase job created, Folder count: [1]
ERPImporta.exe: 00002BD4: 09:11:03 [TUniServerModule]:Starting HTTP Server on Port: 8077...
ERPImporta.exe: 00002BD4: 09:11:03 [TUniServerModule]:HTTP Server Started on Port: 8077
ERPImporta.exe: 0000354C: 09:11:56 []:>--------------------------------------------------------------<
ERPImporta.exe: 0000354C: 09:11:56 [TUniServerModule]:Server First Init.
ERPImporta.exe: 0000354C: 09:11:56 [TUniServerModule]:Start Path = C:\Projetos_WEB\ERP_Importa\
ERPImporta.exe: 0000354C: 09:11:56 [TUniServerModule]:Debug Mode = ON
ERPImporta.exe: 0000354C: 09:11:56 [TUniServerModule]:Starting HTTP Server on Port: 8077...
ERPImporta.exe: 0000354C: 09:11:56 [TUniServerModule]:HTTP Server Started on Port: 8077
ERPImporta.exe: 00000FC4: 09:12:42 []:>--------------------------------------------------------------<
ERPImporta.exe: 00000FC4: 09:12:42 [TUniServerModule]:Server First Init.
ERPImporta.exe: 00000FC4: 09:12:42 [TUniServerModule]:Start Path = C:\Projetos_WEB\ERP_Importa\
ERPImporta.exe: 00000FC4: 09:12:42 [TUniServerModule]:Debug Mode = ON
ERPImporta.exe: 00000FC4: 09:12:42 [TUniServerModule]:Starting HTTP Server on Port: 8077...
ERPImporta.exe: 00000FC4: 09:12:42 [TUniServerModule]:HTTP Server Started on Port: 8077
ERPImporta.exe: 000017E0: 09:13:18 []:>--------------------------------------------------------------<
ERPImporta.exe: 000017E0: 09:13:18 [TUniServerModule]:Server First Init.
ERPImporta.exe: 000017E0: 09:13:18 [TUniServerModule]:Start Path = C:\Projetos_WEB\ERP_Importa\
ERPImporta.exe: 000017E0: 09:13:18 [TUniServerModule]:Debug Mode = ON
ERPImporta.exe: 000017E0: 09:13:18 [TUniServerModule]:Starting HTTP Server on Port: 8077...
ERPImporta.exe: 000017E0: 09:13:18 [TUniServerModule]:HTTP Server Started on Port: 8077
ERPImporta.exe: 00002BD4: 09:13:52 [HandleFileRequest[127.0.0.1]]:File not found: C:\Projetos_WEB\ERP_Importa\files\images\fundo8.jpg
ERPImporta.exe: 0000102C: 09:14:28 []:>--------------------------------------------------------------<
ERPImporta.exe: 0000102C: 09:14:28 [TUniServerModule]:Server First Init.
ERPImporta.exe: 0000102C: 09:14:28 [TUniServerModule]:Start Path = C:\Projetos_WEB\ERP_Importa\
ERPImporta.exe: 0000102C: 09:14:28 [TUniServerModule]:Debug Mode = ON
ERPImporta.exe: 0000102C: 09:14:28 [TUniGUISessionManager]:Cache erase job created, Folder count: [1]
ERPImporta.exe: 0000102C: 09:14:28 [TUniServerModule]:Starting HTTP Server on Port: 8077...
ERPImporta.exe: 0000102C: 09:14:28 [TUniServerModule]:HTTP Server Started on Port: 8077
ERPImporta.exe: 00003794: 09:16:02 []:>--------------------------------------------------------------<
ERPImporta.exe: 00003794: 09:16:02 [TUniServerModule]:Server First Init.
ERPImporta.exe: 00003794: 09:16:02 [TUniServerModule]:Start Path = C:\Projetos_WEB\ERP_Importa\
ERPImporta.exe: 00003794: 09:16:02 [TUniServerModule]:Debug Mode = ON
ERPImporta.exe: 00003794: 09:16:02 [TUniGUISessionManager]:Cache erase job created, Folder count: [1]
ERPImporta.exe: 00003794: 09:16:02 [TUniServerModule]:Starting HTTP Server on Port: 8077...
ERPImporta.exe: 00003794: 09:16:02 [TUniServerModule]:HTTP Server Started on Port: 8077
ERPImporta.exe: 000023E4: 09:16:06 [Access violation at address 0053C011 in module 'ERPImporta.exe'. Read of address 00000010-127.0.0.1]:EAccessViolation : Access violation at address 0053C011 in module 'ERPImporta.exe'. Read of address 00000010 : Addr: $0053C011
ERPImporta.exe: 00002188: 09:16:24 []:>--------------------------------------------------------------<
ERPImporta.exe: 00002188: 09:16:24 [TUniServerModule]:Server First Init.
ERPImporta.exe: 00002188: 09:16:24 [TUniServerModule]:Start Path = C:\Projetos_WEB\ERP_Importa\
ERPImporta.exe: 00002188: 09:16:24 [TUniServerModule]:Debug Mode = ON
ERPImporta.exe: 00002188: 09:16:24 [TUniGUISessionManager]:Cache erase job created, Folder count: [1]
ERPImporta.exe: 00002188: 09:16:24 [TUniServerModule]:Starting HTTP Server on Port: 8077...
ERPImporta.exe: 00002188: 09:16:24 [TUniServerModule]:HTTP Server Started on Port: 8077
ERPImporta.exe: 0000293C: 09:17:21 []:>--------------------------------------------------------------<
ERPImporta.exe: 0000293C: 09:17:21 [TUniServerModule]:Server First Init.
ERPImporta.exe: 0000293C: 09:17:21 [TUniServerModule]:Start Path = C:\Projetos_WEB\ERP_Importa\
ERPImporta.exe: 0000293C: 09:17:21 [TUniServerModule]:Debug Mode = ON
ERPImporta.exe: 0000293C: 09:17:21 [TUniGUISessionManager]:Cache erase job created, Folder count: [1]
ERPImporta.exe: 0000293C: 09:17:21 [TUniServerModule]:Starting HTTP Server on Port: 8077...
ERPImporta.exe: 0000293C: 09:17:21 [TUniServerModule]:HTTP Server Started on Port: 8077
ERPImporta.exe: 00000CEC: 09:17:25 [Access violation at address 0053C011 in module 'ERPImporta.exe'. Read of address 00000010-127.0.0.1]:EAccessViolation : Access violation at address 0053C011 in module 'ERPImporta.exe'. Read of address 00000010 : Addr: $0053C011
ERPImporta.exe: 00002530: 09:17:41 []:>--------------------------------------------------------------<
ERPImporta.exe: 00002530: 09:17:41 [TUniServerModule]:Server First Init.
ERPImporta.exe: 00002530: 09:17:41 [TUniServerModule]:Start Path = C:\Projetos_WEB\ERP_Importa\
ERPImporta.exe: 00002530: 09:17:41 [TUniServerModule]:Debug Mode = ON
ERPImporta.exe: 00002530: 09:17:41 [TUniGUISessionManager]:Cache erase job created, Folder count: [1]
ERPImporta.exe: 00002530: 09:17:41 [TUniServerModule]:Starting HTTP Server on Port: 8077...
ERPImporta.exe: 00002530: 09:17:41 [TUniServerModule]:HTTP Server Started on Port: 8077
ERPImporta.exe: 00000CCC: 09:22:00 []:>--------------------------------------------------------------<
ERPImporta.exe: 00000CCC: 09:22:00 [TUniServerModule]:Server First Init.
ERPImporta.exe: 00000CCC: 09:22:00 [TUniServerModule]:Start Path = C:\Projetos_WEB\ERP_Importa\
ERPImporta.exe: 00000CCC: 09:22:00 [TUniServerModule]:Debug Mode = ON
ERPImporta.exe: 00000CCC: 09:22:00 [TUniServerModule]:Starting HTTP Server on Port: 8077...
ERPImporta.exe: 00000CCC: 09:22:00 [TUniServerModule]:HTTP Server Started on Port: 8077
ERPImporta.exe: 0000074C: 09:23:19 []:>--------------------------------------------------------------<
ERPImporta.exe: 0000074C: 09:23:19 [TUniServerModule]:Server First Init.
ERPImporta.exe: 0000074C: 09:23:19 [TUniServerModule]:Start Path = C:\Projetos_WEB\ERP_Importa\
ERPImporta.exe: 0000074C: 09:23:19 [TUniServerModule]:Debug Mode = ON
ERPImporta.exe: 0000074C: 09:23:20 [TUniServerModule]:Starting HTTP Server on Port: 8077...
ERPImporta.exe: 0000074C: 09:23:20 [TUniServerModule]:HTTP Server Started on Port: 8077
ERPImporta.exe: 0000192C: 09:28:27 []:>--------------------------------------------------------------<
ERPImporta.exe: 0000192C: 09:28:27 [TUniServerModule]:Server First Init.
ERPImporta.exe: 0000192C: 09:28:27 [TUniServerModule]:Start Path = C:\Projetos_WEB\ERP_Importa\
ERPImporta.exe: 0000192C: 09:28:27 [TUniServerModule]:Debug Mode = ON
ERPImporta.exe: 0000192C: 09:28:28 [TUniServerModule]:Starting HTTP Server on Port: 8077...
ERPImporta.exe: 0000192C: 09:28:28 [TUniServerModule]:HTTP Server Started on Port: 8077
ERPImporta.exe: 00002828: 09:28:38 [HandleFileRequest[127.0.0.1]]:File not found: C:\Projetos_WEB\ERP_Importa\files\images\fundo8.jpg
ERPImporta.exe: 00000810: 12:57:00 []:>--------------------------------------------------------------<
ERPImporta.exe: 00000810: 12:57:00 [TUniServerModule]:Server First Init.
ERPImporta.exe: 00000810: 12:57:00 [TUniServerModule]:Start Path = C:\Projetos_WEB\ERP_Importa\
ERPImporta.exe: 00000810: 12:57:00 [TUniServerModule]:Debug Mode = ON
ERPImporta.exe: 00000810: 12:57:01 [TUniServerModule]:Starting HTTP Server on Port: 8077...
ERPImporta.exe: 00000810: 12:57:01 [TUniServerModule]:HTTP Server Started on Port: 8077
ERPImporta.exe: 00001B34: 12:57:11 [HandleFileRequest[127.0.0.1]]:File not found: C:\Projetos_WEB\ERP_Importa\files\images\fundo8.jpg
ERPImporta.exe: 00001AA0: 12:58:42 []:>--------------------------------------------------------------<
ERPImporta.exe: 00001AA0: 12:58:42 [TUniServerModule]:Server First Init.
ERPImporta.exe: 00001AA0: 12:58:42 [TUniServerModule]:Start Path = C:\Projetos_WEB\ERP_Importa\
ERPImporta.exe: 00001AA0: 12:58:42 [TUniServerModule]:Debug Mode = ON
ERPImporta.exe: 00001AA0: 12:58:42 [TUniServerModule]:Starting HTTP Server on Port: 8077...
ERPImporta.exe: 00001AA0: 12:58:43 [TUniServerModule]:HTTP Server Started on Port: 8077
ERPImporta.exe: 00000430: 12:59:01 [HandleFileRequest[127.0.0.1]]:File not found: C:\Projetos_WEB\ERP_Importa\files\images\fundo8.jpg
ERPImporta.exe: 00001AC4: 13:00:25 [[FireDAC][Phys][ODBC][Microsoft][SQL Server Native Client 11.0][SQL Server]Invalid column name 'Descricao'.-127.0.0.1]:EMSSQLNativeException : [FireDAC][Phys][ODBC][Microsoft][SQL Server Native Client 11.0][SQL Server]Invalid column name 'Descricao'. : Addr: $008DFDA9
ERPImporta.exe: 00000C98: 13:01:44 []:>--------------------------------------------------------------<
ERPImporta.exe: 00000C98: 13:01:44 [TUniServerModule]:Server First Init.
ERPImporta.exe: 00000C98: 13:01:44 [TUniServerModule]:Start Path = C:\Projetos_WEB\ERP_Importa\
ERPImporta.exe: 00000C98: 13:01:44 [TUniServerModule]:Debug Mode = ON
ERPImporta.exe: 00000C98: 13:01:45 [TUniServerModule]:Starting HTTP Server on Port: 8077...
ERPImporta.exe: 00000C98: 13:01:45 [TUniServerModule]:HTTP Server Started on Port: 8077
ERPImporta.exe: 00001448: 13:01:56 [[FireDAC][Phys][ODBC][Microsoft][SQL Server Native Client 11.0][SQL Server]Invalid column name 'Descricao'.-127.0.0.1]:EMSSQLNativeException : [FireDAC][Phys][ODBC][Microsoft][SQL Server Native Client 11.0][SQL Server]Invalid column name 'Descricao'. : Addr: $008DFDA9
ERPImporta.exe: 00001098: 13:03:05 []:>--------------------------------------------------------------<
ERPImporta.exe: 00001098: 13:03:05 [TUniServerModule]:Server First Init.
ERPImporta.exe: 00001098: 13:03:05 [TUniServerModule]:Start Path = C:\Projetos_WEB\ERP_Importa\
ERPImporta.exe: 00001098: 13:03:05 [TUniServerModule]:Debug Mode = ON
ERPImporta.exe: 00001098: 13:03:05 [TUniServerModule]:Starting HTTP Server on Port: 8077...
ERPImporta.exe: 00001098: 13:03:05 [TUniServerModule]:HTTP Server Started on Port: 8077
ERPImporta.exe: 000006D4: 13:03:19 [[FireDAC][Phys][ODBC][Microsoft][SQL Server Native Client 11.0][SQL Server]Invalid column name 'Descricao'.-127.0.0.1]:EMSSQLNativeException : [FireDAC][Phys][ODBC][Microsoft][SQL Server Native Client 11.0][SQL Server]Invalid column name 'Descricao'. : Addr: $008DFDA9
ERPImporta.exe: 00001E74: 13:05:05 []:>--------------------------------------------------------------<
ERPImporta.exe: 00001E74: 13:05:05 [TUniServerModule]:Server First Init.
ERPImporta.exe: 00001E74: 13:05:05 [TUniServerModule]:Start Path = C:\Projetos_WEB\ERP_Importa\
ERPImporta.exe: 00001E74: 13:05:05 [TUniServerModule]:Debug Mode = ON
ERPImporta.exe: 00001E74: 13:05:06 [TUniServerModule]:Starting HTTP Server on Port: 8077...
ERPImporta.exe: 00001E74: 13:05:06 [TUniServerModule]:HTTP Server Started on Port: 8077
ERPImporta.exe: 0000102C: 13:05:19 [[FireDAC][Phys][ODBC][Microsoft][SQL Server Native Client 11.0][SQL Server]Invalid column name 'Descricao'.-127.0.0.1]:EMSSQLNativeException : [FireDAC][Phys][ODBC][Microsoft][SQL Server Native Client 11.0][SQL Server]Invalid column name 'Descricao'. : Addr: $008DFDA9
ERPImporta.exe: 0000246C: 13:08:48 []:>--------------------------------------------------------------<
ERPImporta.exe: 0000246C: 13:08:48 [TUniServerModule]:Server First Init.
ERPImporta.exe: 0000246C: 13:08:48 [TUniServerModule]:Start Path = C:\Projetos_WEB\ERP_Importa\
ERPImporta.exe: 0000246C: 13:08:48 [TUniServerModule]:Debug Mode = ON
ERPImporta.exe: 0000246C: 13:08:48 [TUniServerModule]:Starting HTTP Server on Port: 8077...
ERPImporta.exe: 0000246C: 13:08:48 [TUniServerModule]:HTTP Server Started on Port: 8077
ERPImporta.exe: 000010AC: 13:08:58 [HandleFileRequest[127.0.0.1]]:File not found: C:\Projetos_WEB\ERP_Importa\files\images\fundo8.jpg
ERPImporta.exe: 000005A4: 13:10:39 []:>--------------------------------------------------------------<
ERPImporta.exe: 000005A4: 13:10:39 [TUniServerModule]:Server First Init.
ERPImporta.exe: 000005A4: 13:10:39 [TUniServerModule]:Start Path = C:\Projetos_WEB\ERP_Importa\
ERPImporta.exe: 000005A4: 13:10:39 [TUniServerModule]:Debug Mode = ON
ERPImporta.exe: 000005A4: 13:10:39 [TUniGUISessionManager]:Cache erase job created, Folder count: [1]
ERPImporta.exe: 000005A4: 13:10:39 [TUniServerModule]:Starting HTTP Server on Port: 8077...
ERPImporta.exe: 000005A4: 13:10:39 [TUniServerModule]:HTTP Server Started on Port: 8077
ERPImporta.exe: 00000B3C: 13:10:49 [HandleFileRequest[127.0.0.1]]:File not found: C:\Projetos_WEB\ERP_Importa\files\images\fundo8.jpg
ERPImporta.exe: 000037A4: 13:12:13 []:>--------------------------------------------------------------<
ERPImporta.exe: 000037A4: 13:12:13 [TUniServerModule]:Server First Init.
ERPImporta.exe: 000037A4: 13:12:13 [TUniServerModule]:Start Path = C:\Projetos_WEB\ERP_Importa\
ERPImporta.exe: 000037A4: 13:12:13 [TUniServerModule]:Debug Mode = ON
ERPImporta.exe: 000037A4: 13:12:13 [TUniGUISessionManager]:Cache erase job created, Folder count: [1]
ERPImporta.exe: 000037A4: 13:12:13 [TUniServerModule]:Starting HTTP Server on Port: 8077...
ERPImporta.exe: 000037A4: 13:12:13 [TUniServerModule]:HTTP Server Started on Port: 8077
ERPImporta.exe: 0000313C: 13:12:38 [HandleFileRequest[127.0.0.1]]:File not found: C:\Projetos_WEB\ERP_Importa\files\images\fundo8.jpg
ERPImporta.exe: 00001A40: 13:14:33 []:>--------------------------------------------------------------<
ERPImporta.exe: 00001A40: 13:14:33 [TUniServerModule]:Server First Init.
ERPImporta.exe: 00001A40: 13:14:33 [TUniServerModule]:Start Path = C:\Projetos_WEB\ERP_Importa\
ERPImporta.exe: 00001A40: 13:14:33 [TUniServerModule]:Debug Mode = ON
ERPImporta.exe: 00001A40: 13:14:33 [TUniServerModule]:Starting HTTP Server on Port: 8077...
ERPImporta.exe: 00001A40: 13:14:33 [TUniServerModule]:HTTP Server Started on Port: 8077
ERPImporta.exe: 00001B10: 13:14:43 [HandleFileRequest[127.0.0.1]]:File not found: C:\Projetos_WEB\ERP_Importa\files\images\fundo8.jpg
ERPImporta.exe: 00003728: 13:16:05 []:>--------------------------------------------------------------<
ERPImporta.exe: 00003728: 13:16:05 [TUniServerModule]:Server First Init.
ERPImporta.exe: 00003728: 13:16:05 [TUniServerModule]:Start Path = C:\Projetos_WEB\ERP_Importa\
ERPImporta.exe: 00003728: 13:16:05 [TUniServerModule]:Debug Mode = ON
ERPImporta.exe: 00003728: 13:16:05 [TUniServerModule]:Starting HTTP Server on Port: 8077...
ERPImporta.exe: 00003728: 13:16:05 [TUniServerModule]:HTTP Server Started on Port: 8077
ERPImporta.exe: 00003638: 13:16:17 [HandleFileRequest[127.0.0.1]]:File not found: C:\Projetos_WEB\ERP_Importa\files\images\fundo8.jpg
ERPImporta.exe: 00001F04: 13:17:23 []:>--------------------------------------------------------------<
ERPImporta.exe: 00001F04: 13:17:23 [TUniServerModule]:Server First Init.
ERPImporta.exe: 00001F04: 13:17:23 [TUniServerModule]:Start Path = C:\Projetos_WEB\ERP_Importa\
ERPImporta.exe: 00001F04: 13:17:23 [TUniServerModule]:Debug Mode = ON
ERPImporta.exe: 00001F04: 13:17:23 [TUniGUISessionManager]:Cache erase job created, Folder count: [1]
ERPImporta.exe: 00001F04: 13:17:24 [TUniServerModule]:Starting HTTP Server on Port: 8077...
ERPImporta.exe: 00001F04: 13:17:24 [TUniServerModule]:HTTP Server Started on Port: 8077
ERPImporta.exe: 00002A10: 13:17:34 [HandleFileRequest[127.0.0.1]]:File not found: C:\Projetos_WEB\ERP_Importa\files\images\fundo8.jpg
ERPImporta.exe: 00002384: 13:19:12 []:>--------------------------------------------------------------<
ERPImporta.exe: 00002384: 13:19:12 [TUniServerModule]:Server First Init.
ERPImporta.exe: 00002384: 13:19:12 [TUniServerModule]:Start Path = C:\Projetos_WEB\ERP_Importa\
ERPImporta.exe: 00002384: 13:19:12 [TUniServerModule]:Debug Mode = ON
ERPImporta.exe: 00002384: 13:19:12 [TUniServerModule]:Starting HTTP Server on Port: 8077...
ERPImporta.exe: 00002384: 13:19:12 [TUniServerModule]:HTTP Server Started on Port: 8077
ERPImporta.exe: 00002B14: 13:19:23 [HandleFileRequest[127.0.0.1]]:File not found: C:\Projetos_WEB\ERP_Importa\files\images\fundo8.jpg
ERPImporta.exe: 00001BD0: 13:20:26 []:>--------------------------------------------------------------<
ERPImporta.exe: 00001BD0: 13:20:26 [TUniServerModule]:Server First Init.
ERPImporta.exe: 00001BD0: 13:20:26 [TUniServerModule]:Start Path = C:\Projetos_WEB\ERP_Importa\
ERPImporta.exe: 00001BD0: 13:20:26 [TUniServerModule]:Debug Mode = ON
ERPImporta.exe: 00001BD0: 13:20:26 [TUniServerModule]:Starting HTTP Server on Port: 8077...
ERPImporta.exe: 00001BD0: 13:20:26 [TUniServerModule]:HTTP Server Started on Port: 8077
ERPImporta.exe: 00002B58: 13:20:37 [HandleFileRequest[127.0.0.1]]:File not found: C:\Projetos_WEB\ERP_Importa\files\images\fundo8.jpg
ERPImporta.exe: 0000205C: 13:22:13 []:>--------------------------------------------------------------<
ERPImporta.exe: 0000205C: 13:22:13 [TUniServerModule]:Server First Init.
ERPImporta.exe: 0000205C: 13:22:13 [TUniServerModule]:Start Path = C:\Projetos_WEB\ERP_Importa\
ERPImporta.exe: 0000205C: 13:22:13 [TUniServerModule]:Debug Mode = ON
ERPImporta.exe: 0000205C: 13:22:13 [TUniGUISessionManager]:Cache erase job created, Folder count: [1]
ERPImporta.exe: 0000205C: 13:22:13 [TUniServerModule]:Starting HTTP Server on Port: 8077...
ERPImporta.exe: 0000205C: 13:22:13 [TUniServerModule]:HTTP Server Started on Port: 8077
ERPImporta.exe: 000020F0: 13:22:24 [HandleFileRequest[127.0.0.1]]:File not found: C:\Projetos_WEB\ERP_Importa\files\images\fundo8.jpg
ERPImporta.exe: 00003638: 13:23:06 []:>--------------------------------------------------------------<
ERPImporta.exe: 00003638: 13:23:06 [TUniServerModule]:Server First Init.
ERPImporta.exe: 00003638: 13:23:06 [TUniServerModule]:Start Path = C:\Projetos_WEB\ERP_Importa\
ERPImporta.exe: 00003638: 13:23:06 [TUniServerModule]:Debug Mode = ON
ERPImporta.exe: 00003638: 13:23:07 [TUniServerModule]:Starting HTTP Server on Port: 8077...
ERPImporta.exe: 00003638: 13:23:07 [TUniServerModule]:HTTP Server Started on Port: 8077
ERPImporta.exe: 000003C4: 13:29:08 []:>--------------------------------------------------------------<
ERPImporta.exe: 000003C4: 13:29:08 [TUniServerModule]:Server First Init.
ERPImporta.exe: 000003C4: 13:29:08 [TUniServerModule]:Start Path = C:\Projetos_WEB\ERP_Importa\
ERPImporta.exe: 000003C4: 13:29:08 [TUniServerModule]:Debug Mode = ON
ERPImporta.exe: 000003C4: 13:29:08 [TUniGUISessionManager]:Cache erase job created, Folder count: [1]
ERPImporta.exe: 000003C4: 13:29:09 [TUniServerModule]:Starting HTTP Server on Port: 8077...
ERPImporta.exe: 000003C4: 13:29:09 [TUniServerModule]:HTTP Server Started on Port: 8077
ERPImporta.exe: 0000220C: 13:29:20 [HandleFileRequest[127.0.0.1]]:File not found: C:\Projetos_WEB\ERP_Importa\files\images\fundo8.jpg
ERPImporta.exe: 000005B8: 13:30:36 []:>--------------------------------------------------------------<
ERPImporta.exe: 000005B8: 13:30:36 [TUniServerModule]:Server First Init.
ERPImporta.exe: 000005B8: 13:30:36 [TUniServerModule]:Start Path = C:\Projetos_WEB\ERP_Importa\
ERPImporta.exe: 000005B8: 13:30:36 [TUniServerModule]:Debug Mode = ON
ERPImporta.exe: 000005B8: 13:30:36 [TUniServerModule]:Starting HTTP Server on Port: 8077...
ERPImporta.exe: 000005B8: 13:30:36 [TUniServerModule]:HTTP Server Started on Port: 8077
ERPImporta.exe: 00001D9C: 13:30:46 [HandleFileRequest[127.0.0.1]]:File not found: C:\Projetos_WEB\ERP_Importa\files\images\fundo8.jpg
ERPImporta.exe: 000029AC: 13:31:32 []:>--------------------------------------------------------------<
ERPImporta.exe: 000029AC: 13:31:32 [TUniServerModule]:Server First Init.
ERPImporta.exe: 000029AC: 13:31:32 [TUniServerModule]:Start Path = C:\Projetos_WEB\ERP_Importa\
ERPImporta.exe: 000029AC: 13:31:32 [TUniServerModule]:Debug Mode = ON
ERPImporta.exe: 000029AC: 13:31:32 [TUniServerModule]:Starting HTTP Server on Port: 8077...
ERPImporta.exe: 000029AC: 13:31:32 [TUniServerModule]:HTTP Server Started on Port: 8077
ERPImporta.exe: 00002B60: 13:32:06 []:>--------------------------------------------------------------<
ERPImporta.exe: 00002B60: 13:32:06 [TUniServerModule]:Server First Init.
ERPImporta.exe: 00002B60: 13:32:06 [TUniServerModule]:Start Path = C:\Projetos_WEB\ERP_Importa\
ERPImporta.exe: 00002B60: 13:32:06 [TUniServerModule]:Debug Mode = ON
ERPImporta.exe: 00002B60: 13:32:06 [TUniGUISessionManager]:Cache erase job created, Folder count: [1]
ERPImporta.exe: 00002B60: 13:32:07 [TUniServerModule]:Starting HTTP Server on Port: 8077...
ERPImporta.exe: 00002B60: 13:32:07 [TUniServerModule]:HTTP Server Started on Port: 8077
ERPImporta.exe: 00002010: 13:32:18 [HandleFileRequest[127.0.0.1]]:File not found: C:\Projetos_WEB\ERP_Importa\files\images\fundo8.jpg
ERPImporta.exe: 00000A48: 13:33:35 []:>--------------------------------------------------------------<
ERPImporta.exe: 00000A48: 13:33:35 [TUniServerModule]:Server First Init.
ERPImporta.exe: 00000A48: 13:33:35 [TUniServerModule]:Start Path = C:\Projetos_WEB\ERP_Importa\
ERPImporta.exe: 00000A48: 13:33:35 [TUniServerModule]:Debug Mode = ON
ERPImporta.exe: 00000A48: 13:33:36 [TUniServerModule]:Starting HTTP Server on Port: 8077...
ERPImporta.exe: 00000A48: 13:33:36 [TUniServerModule]:HTTP Server Started on Port: 8077
ERPImporta.exe: 000037F0: 13:33:47 [HandleFileRequest[127.0.0.1]]:File not found: C:\Projetos_WEB\ERP_Importa\files\images\fundo8.jpg
ERPImporta.exe: 00003794: 13:36:47 []:>--------------------------------------------------------------<
ERPImporta.exe: 00003794: 13:36:47 [TUniServerModule]:Server First Init.
ERPImporta.exe: 00003794: 13:36:47 [TUniServerModule]:Start Path = C:\Projetos_WEB\ERP_Importa\
ERPImporta.exe: 00003794: 13:36:47 [TUniServerModule]:Debug Mode = ON
ERPImporta.exe: 00003794: 13:36:48 [TUniServerModule]:Starting HTTP Server on Port: 8077...
ERPImporta.exe: 00003794: 13:36:48 [TUniServerModule]:HTTP Server Started on Port: 8077
ERPImporta.exe: 000028E8: 13:36:57 [HandleFileRequest[127.0.0.1]]:File not found: C:\Projetos_WEB\ERP_Importa\files\images\fundo8.jpg
ERPImporta.exe: 00001E6C: 13:37:52 []:>--------------------------------------------------------------<
ERPImporta.exe: 00001E6C: 13:37:52 [TUniServerModule]:Server First Init.
ERPImporta.exe: 00001E6C: 13:37:52 [TUniServerModule]:Start Path = C:\Projetos_WEB\ERP_Importa\
ERPImporta.exe: 00001E6C: 13:37:52 [TUniServerModule]:Debug Mode = ON
ERPImporta.exe: 00001E6C: 13:37:52 [TUniGUISessionManager]:Cache erase job created, Folder count: [1]
ERPImporta.exe: 00001E6C: 13:37:52 [TUniServerModule]:Starting HTTP Server on Port: 8077...
ERPImporta.exe: 00001E6C: 13:37:52 [TUniServerModule]:HTTP Server Started on Port: 8077
ERPImporta.exe: 000037F8: 13:38:01 [HandleFileRequest[127.0.0.1]]:File not found: C:\Projetos_WEB\ERP_Importa\files\images\fundo8.jpg
ERPImporta.exe: 00002018: 13:39:23 []:>--------------------------------------------------------------<
ERPImporta.exe: 00002018: 13:39:23 [TUniServerModule]:Server First Init.
ERPImporta.exe: 00002018: 13:39:23 [TUniServerModule]:Start Path = C:\Projetos_WEB\ERP_Importa\
ERPImporta.exe: 00002018: 13:39:23 [TUniServerModule]:Debug Mode = ON
ERPImporta.exe: 00002018: 13:39:23 [TUniGUISessionManager]:Cache erase job created, Folder count: [1]
ERPImporta.exe: 00002018: 13:39:23 [TUniServerModule]:Starting HTTP Server on Port: 8077...
ERPImporta.exe: 00002018: 13:39:23 [TUniServerModule]:HTTP Server Started on Port: 8077
ERPImporta.exe: 00000B68: 13:39:32 [HandleFileRequest[127.0.0.1]]:File not found: C:\Projetos_WEB\ERP_Importa\files\images\fundo8.jpg
ERPImporta.exe: 000011AC: 13:40:08 []:>--------------------------------------------------------------<
ERPImporta.exe: 000011AC: 13:40:08 [TUniServerModule]:Server First Init.
ERPImporta.exe: 000011AC: 13:40:08 [TUniServerModule]:Start Path = C:\Projetos_WEB\ERP_Importa\
ERPImporta.exe: 000011AC: 13:40:08 [TUniServerModule]:Debug Mode = ON
ERPImporta.exe: 000011AC: 13:40:08 [TUniServerModule]:Starting HTTP Server on Port: 8077...
ERPImporta.exe: 000011AC: 13:40:08 [TUniServerModule]:HTTP Server Started on Port: 8077
ERPImporta.exe: 00002890: 13:40:42 [HandleFileRequest[127.0.0.1]]:File not found: C:\Projetos_WEB\ERP_Importa\files\images\fundo8.jpg
ERPImporta.exe: 0000042C: 13:41:27 []:>--------------------------------------------------------------<
ERPImporta.exe: 0000042C: 13:41:27 [TUniServerModule]:Server First Init.
ERPImporta.exe: 0000042C: 13:41:27 [TUniServerModule]:Start Path = C:\Projetos_WEB\ERP_Importa\
ERPImporta.exe: 0000042C: 13:41:27 [TUniServerModule]:Debug Mode = ON
ERPImporta.exe: 0000042C: 13:41:28 [TUniServerModule]:Starting HTTP Server on Port: 8077...
ERPImporta.exe: 0000042C: 13:41:28 [TUniServerModule]:HTTP Server Started on Port: 8077
ERPImporta.exe: 00000A6C: 13:41:38 [HandleFileRequest[127.0.0.1]]:File not found: C:\Projetos_WEB\ERP_Importa\files\images\fundo8.jpg
ERPImporta.exe: 00003120: 13:48:48 []:>--------------------------------------------------------------<
ERPImporta.exe: 00003120: 13:48:48 [TUniServerModule]:Server First Init.
ERPImporta.exe: 00003120: 13:48:48 [TUniServerModule]:Start Path = C:\Projetos_WEB\ERP_Importa\
ERPImporta.exe: 00003120: 13:48:48 [TUniServerModule]:Debug Mode = ON
ERPImporta.exe: 00003120: 13:48:48 [TUniServerModule]:Starting HTTP Server on Port: 8077...
ERPImporta.exe: 00003120: 13:48:48 [TUniServerModule]:HTTP Server Started on Port: 8077
ERPImporta.exe: 00002524: 13:48:58 [HandleFileRequest[127.0.0.1]]:File not found: C:\Projetos_WEB\ERP_Importa\files\images\fundo8.jpg
ERPImporta.exe: 00001064: 13:50:43 []:>--------------------------------------------------------------<
ERPImporta.exe: 00001064: 13:50:43 [TUniServerModule]:Server First Init.
ERPImporta.exe: 00001064: 13:50:43 [TUniServerModule]:Start Path = C:\Projetos_WEB\ERP_Importa\
ERPImporta.exe: 00001064: 13:50:43 [TUniServerModule]:Debug Mode = ON
ERPImporta.exe: 00001064: 13:50:43 [TUniServerModule]:Starting HTTP Server on Port: 8077...
ERPImporta.exe: 00001064: 13:50:43 [TUniServerModule]:HTTP Server Started on Port: 8077
ERPImporta.exe: 00002240: 13:50:52 [HandleFileRequest[127.0.0.1]]:File not found: C:\Projetos_WEB\ERP_Importa\files\images\fundo8.jpg
ERPImporta.exe: 00001978: 13:51:29 []:>--------------------------------------------------------------<
ERPImporta.exe: 00001978: 13:51:29 [TUniServerModule]:Server First Init.
ERPImporta.exe: 00001978: 13:51:29 [TUniServerModule]:Start Path = C:\Projetos_WEB\ERP_Importa\
ERPImporta.exe: 00001978: 13:51:29 [TUniServerModule]:Debug Mode = ON
ERPImporta.exe: 00001978: 13:51:29 [TUniServerModule]:Starting HTTP Server on Port: 8077...
ERPImporta.exe: 00001978: 13:51:30 [TUniServerModule]:HTTP Server Started on Port: 8077
ERPImporta.exe: 000026D0: 13:51:37 [HandleFileRequest[127.0.0.1]]:File not found: C:\Projetos_WEB\ERP_Importa\files\images\fundo8.jpg
ERPImporta.exe: 000023A8: 13:52:40 []:>--------------------------------------------------------------<
ERPImporta.exe: 000023A8: 13:52:40 [TUniServerModule]:Server First Init.
ERPImporta.exe: 000023A8: 13:52:40 [TUniServerModule]:Start Path = C:\Projetos_WEB\ERP_Importa\
ERPImporta.exe: 000023A8: 13:52:40 [TUniServerModule]:Debug Mode = ON
ERPImporta.exe: 000023A8: 13:52:40 [TUniGUISessionManager]:Cache erase job created, Folder count: [1]
ERPImporta.exe: 000023A8: 13:52:40 [TUniServerModule]:Starting HTTP Server on Port: 8077...
ERPImporta.exe: 000023A8: 13:52:40 [TUniServerModule]:HTTP Server Started on Port: 8077
ERPImporta.exe: 00000DA0: 13:52:54 [HandleFileRequest[127.0.0.1]]:File not found: C:\Projetos_WEB\ERP_Importa\files\images\fundo8.jpg
ERPImporta.exe: 0000195C: 13:54:34 []:>--------------------------------------------------------------<
ERPImporta.exe: 0000195C: 13:54:34 [TUniServerModule]:Server First Init.
ERPImporta.exe: 0000195C: 13:54:34 [TUniServerModule]:Start Path = C:\Projetos_WEB\ERP_Importa\
ERPImporta.exe: 0000195C: 13:54:34 [TUniServerModule]:Debug Mode = ON
ERPImporta.exe: 0000195C: 13:54:34 [TUniServerModule]:Starting HTTP Server on Port: 8077...
ERPImporta.exe: 0000195C: 13:54:34 [TUniServerModule]:HTTP Server Started on Port: 8077
ERPImporta.exe: 000031C4: 13:54:43 [HandleFileRequest[127.0.0.1]]:File not found: C:\Projetos_WEB\ERP_Importa\files\images\fundo8.jpg
ERPImporta.exe: 000000BC: 13:56:05 []:>--------------------------------------------------------------<
ERPImporta.exe: 000000BC: 13:56:05 [TUniServerModule]:Server First Init.
ERPImporta.exe: 000000BC: 13:56:05 [TUniServerModule]:Start Path = C:\Projetos_WEB\ERP_Importa\
ERPImporta.exe: 000000BC: 13:56:05 [TUniServerModule]:Debug Mode = ON
ERPImporta.exe: 000000BC: 13:56:05 [TUniGUISessionManager]:Cache erase job created, Folder count: [1]
ERPImporta.exe: 000000BC: 13:56:05 [TUniServerModule]:Starting HTTP Server on Port: 8077...
ERPImporta.exe: 000000BC: 13:56:05 [TUniServerModule]:HTTP Server Started on Port: 8077
ERPImporta.exe: 00001A90: 13:56:08 [127.0.0.1]:EUniSessionException : Sessão inváilda ou tempo da sessão expirado. (Session not found: F5mmYuZNVd11017BB05 ) : Addr: $007CFC94
ERPImporta.exe: 00001048: 13:56:15 [HandleFileRequest[127.0.0.1]]:File not found: C:\Projetos_WEB\ERP_Importa\files\images\fundo8.jpg
ERPImporta.exe: 00000A6C: 13:58:34 []:>--------------------------------------------------------------<
ERPImporta.exe: 00000A6C: 13:58:34 [TUniServerModule]:Server First Init.
ERPImporta.exe: 00000A6C: 13:58:34 [TUniServerModule]:Start Path = C:\Projetos_WEB\ERP_Importa\
ERPImporta.exe: 00000A6C: 13:58:34 [TUniServerModule]:Debug Mode = ON
ERPImporta.exe: 00000A6C: 13:58:34 [TUniServerModule]:Starting HTTP Server on Port: 8077...
ERPImporta.exe: 00000A6C: 13:58:34 [TUniServerModule]:HTTP Server Started on Port: 8077
ERPImporta.exe: 000029DC: 13:59:57 [HandleFileRequest[127.0.0.1]]:File not found: C:\Projetos_WEB\ERP_Importa\files\images\fundo8.jpg
ERPImporta.exe: 0000066C: 14:06:28 []:>--------------------------------------------------------------<
ERPImporta.exe: 0000066C: 14:06:28 [TUniServerModule]:Server First Init.
ERPImporta.exe: 0000066C: 14:06:28 [TUniServerModule]:Start Path = C:\Projetos_WEB\ERP_Importa\
ERPImporta.exe: 0000066C: 14:06:28 [TUniServerModule]:Debug Mode = ON
ERPImporta.exe: 0000066C: 14:06:28 [TUniGUISessionManager]:Cache erase job created, Folder count: [1]
ERPImporta.exe: 0000066C: 14:06:29 [TUniServerModule]:Starting HTTP Server on Port: 8077...
ERPImporta.exe: 0000066C: 14:06:29 [TUniServerModule]:HTTP Server Started on Port: 8077
ERPImporta.exe: 00001730: 14:06:38 [HandleFileRequest[127.0.0.1]]:File not found: C:\Projetos_WEB\ERP_Importa\files\images\fundo8.jpg
ERPImporta.exe: 000006AC: 14:09:57 []:>--------------------------------------------------------------<
ERPImporta.exe: 000006AC: 14:09:57 [TUniServerModule]:Server First Init.
ERPImporta.exe: 000006AC: 14:09:57 [TUniServerModule]:Start Path = C:\Projetos_WEB\ERP_Importa\
ERPImporta.exe: 000006AC: 14:09:57 [TUniServerModule]:Debug Mode = ON
ERPImporta.exe: 000006AC: 14:09:57 [TUniGUISessionManager]:Cache erase job created, Folder count: [1]
ERPImporta.exe: 000006AC: 14:09:57 [TUniServerModule]:Starting HTTP Server on Port: 8077...
ERPImporta.exe: 000006AC: 14:09:57 [TUniServerModule]:HTTP Server Started on Port: 8077
ERPImporta.exe: 000026FC: 14:10:06 [HandleFileRequest[127.0.0.1]]:File not found: C:\Projetos_WEB\ERP_Importa\files\images\fundo8.jpg
ERPImporta.exe: 00001AF4: 14:10:50 []:>--------------------------------------------------------------<
ERPImporta.exe: 00001AF4: 14:10:50 [TUniServerModule]:Server First Init.
ERPImporta.exe: 00001AF4: 14:10:50 [TUniServerModule]:Start Path = C:\Projetos_WEB\ERP_Importa\
ERPImporta.exe: 00001AF4: 14:10:50 [TUniServerModule]:Debug Mode = ON
ERPImporta.exe: 00001AF4: 14:10:50 [TUniServerModule]:Starting HTTP Server on Port: 8077...
ERPImporta.exe: 00001AF4: 14:10:50 [TUniServerModule]:HTTP Server Started on Port: 8077
ERPImporta.exe: 00000DF4: 14:11:01 [HandleFileRequest[127.0.0.1]]:File not found: C:\Projetos_WEB\ERP_Importa\files\images\fundo8.jpg
ERPImporta.exe: 00001AD8: 14:35:38 []:>--------------------------------------------------------------<
ERPImporta.exe: 00001AD8: 14:35:38 [TUniServerModule]:Server First Init.
ERPImporta.exe: 00001AD8: 14:35:38 [TUniServerModule]:Start Path = C:\Projetos_WEB\ERP_Importa\
ERPImporta.exe: 00001AD8: 14:35:38 [TUniServerModule]:Debug Mode = ON
ERPImporta.exe: 00001AD8: 14:35:38 [TUniGUISessionManager]:Cache erase job created, Folder count: [1]
ERPImporta.exe: 00001AD8: 14:35:38 [TUniServerModule]:Starting HTTP Server on Port: 8077...
ERPImporta.exe: 00001AD8: 14:35:38 [TUniServerModule]:HTTP Server Started on Port: 8077
ERPImporta.exe: 00002734: 14:35:51 [127.0.0.1]:EClassNotFound : Class TfCadNavios not found : Addr: $004B7292
ERPImporta.exe: 00002734: 14:35:59 [127.0.0.1]:EClassNotFound : Class TfCadNavios not found : Addr: $004B7292
ERPImporta.exe: 00001D78: 14:38:58 []:>--------------------------------------------------------------<
ERPImporta.exe: 00001D78: 14:38:58 [TUniServerModule]:Server First Init.
ERPImporta.exe: 00001D78: 14:38:58 [TUniServerModule]:Start Path = C:\Projetos_WEB\ERP_Importa\
ERPImporta.exe: 00001D78: 14:38:58 [TUniServerModule]:Debug Mode = ON
ERPImporta.exe: 00001D78: 14:38:58 [TUniGUISessionManager]:Cache erase job created, Folder count: [1]
ERPImporta.exe: 00001D78: 14:38:59 [TUniServerModule]:Starting HTTP Server on Port: 8077...
ERPImporta.exe: 00001D78: 14:38:59 [TUniServerModule]:HTTP Server Started on Port: 8077
ERPImporta.exe: 00001570: 14:39:10 [HandleFileRequest[127.0.0.1]]:File not found: C:\Projetos_WEB\ERP_Importa\files\images\fundo8.jpg
ERPImporta.exe: 00000E20: 14:39:44 []:>--------------------------------------------------------------<
ERPImporta.exe: 00000E20: 14:39:44 [TUniServerModule]:Server First Init.
ERPImporta.exe: 00000E20: 14:39:44 [TUniServerModule]:Start Path = C:\Projetos_WEB\ERP_Importa\
ERPImporta.exe: 00000E20: 14:39:44 [TUniServerModule]:Debug Mode = ON
ERPImporta.exe: 00000E20: 14:39:44 [TUniServerModule]:Starting HTTP Server on Port: 8077...
ERPImporta.exe: 00000E20: 14:39:45 [TUniServerModule]:HTTP Server Started on Port: 8077
ERPImporta.exe: 00002D10: 14:39:55 [HandleFileRequest[127.0.0.1]]:File not found: C:\Projetos_WEB\ERP_Importa\files\images\fundo8.jpg
ERPImporta.exe: 00001EB4: 14:40:00 [127.0.0.1]:EClassNotFound : Class TfCadNavios not found : Addr: $004B7292
ERPImporta.exe: 00001E98: 14:44:11 []:>--------------------------------------------------------------<
ERPImporta.exe: 00001E98: 14:44:11 [TUniServerModule]:Server First Init.
ERPImporta.exe: 00001E98: 14:44:11 [TUniServerModule]:Start Path = C:\Projetos_WEB\ERP_Importa\
ERPImporta.exe: 00001E98: 14:44:11 [TUniServerModule]:Debug Mode = ON
ERPImporta.exe: 00001E98: 14:44:11 [TUniGUISessionManager]:Cache erase job created, Folder count: [1]
ERPImporta.exe: 00001E98: 14:44:12 [TUniServerModule]:Starting HTTP Server on Port: 8077...
ERPImporta.exe: 00001E98: 14:44:12 [TUniServerModule]:HTTP Server Started on Port: 8077
ERPImporta.exe: 00002644: 14:48:01 []:>--------------------------------------------------------------<
ERPImporta.exe: 00002644: 14:48:01 [TUniServerModule]:Server First Init.
ERPImporta.exe: 00002644: 14:48:01 [TUniServerModule]:Start Path = C:\Projetos_WEB\ERP_Importa\
ERPImporta.exe: 00002644: 14:48:01 [TUniServerModule]:Debug Mode = ON
ERPImporta.exe: 00002644: 14:48:02 [TUniServerModule]:Starting HTTP Server on Port: 8077...
ERPImporta.exe: 00002644: 14:48:02 [TUniServerModule]:HTTP Server Started on Port: 8077
ERPImporta.exe: 000037C8: 14:48:11 [127.0.0.1]:EClassNotFound : Class TfCadNavios not found : Addr: $004B7292
ERPImporta.exe: 00000704: 14:49:28 []:>--------------------------------------------------------------<
ERPImporta.exe: 00000704: 14:49:28 [TUniServerModule]:Server First Init.
ERPImporta.exe: 00000704: 14:49:28 [TUniServerModule]:Start Path = C:\Projetos_WEB\ERP_Importa\
ERPImporta.exe: 00000704: 14:49:28 [TUniServerModule]:Debug Mode = ON
ERPImporta.exe: 00000704: 14:49:28 [TUniGUISessionManager]:Cache erase job created, Folder count: [1]
ERPImporta.exe: 00000704: 14:49:29 [TUniServerModule]:Starting HTTP Server on Port: 8077...
ERPImporta.exe: 00000704: 14:49:29 [TUniServerModule]:HTTP Server Started on Port: 8077
ERPImporta.exe: 000035C0: 14:50:55 []:>--------------------------------------------------------------<
ERPImporta.exe: 000035C0: 14:50:55 [TUniServerModule]:Server First Init.
ERPImporta.exe: 000035C0: 14:50:55 [TUniServerModule]:Start Path = C:\Projetos_WEB\ERP_Importa\
ERPImporta.exe: 000035C0: 14:50:55 [TUniServerModule]:Debug Mode = ON
ERPImporta.exe: 000035C0: 14:50:55 [TUniGUISessionManager]:Cache erase job created, Folder count: [1]
ERPImporta.exe: 000035C0: 14:50:55 [TUniServerModule]:Starting HTTP Server on Port: 8077...
ERPImporta.exe: 000035C0: 14:50:55 [TUniServerModule]:HTTP Server Started on Port: 8077
ERPImporta.exe: 0000145C: 14:52:37 []:>--------------------------------------------------------------<
ERPImporta.exe: 0000145C: 14:52:37 [TUniServerModule]:Server First Init.
ERPImporta.exe: 0000145C: 14:52:37 [TUniServerModule]:Start Path = C:\Projetos_WEB\ERP_Importa\
ERPImporta.exe: 0000145C: 14:52:37 [TUniServerModule]:Debug Mode = ON
ERPImporta.exe: 0000145C: 14:52:37 [TUniServerModule]:Starting HTTP Server on Port: 8077...
ERPImporta.exe: 0000145C: 14:52:37 [TUniServerModule]:HTTP Server Started on Port: 8077
ERPImporta.exe: 00001CA0: 14:54:14 []:>--------------------------------------------------------------<
ERPImporta.exe: 00001CA0: 14:54:14 [TUniServerModule]:Server First Init.
ERPImporta.exe: 00001CA0: 14:54:14 [TUniServerModule]:Start Path = C:\Projetos_WEB\ERP_Importa\
ERPImporta.exe: 00001CA0: 14:54:14 [TUniServerModule]:Debug Mode = ON
ERPImporta.exe: 00001CA0: 14:54:15 [TUniServerModule]:Starting HTTP Server on Port: 8077...
ERPImporta.exe: 00001CA0: 14:54:15 [TUniServerModule]:HTTP Server Started on Port: 8077
