ERPImporta.exe: 0000066C: 05:32:27 []:>--------------------------------------------------------------<
ERPImporta.exe: 0000066C: 05:32:27 [TUniServerModule]:Server First Init.
ERPImporta.exe: 0000066C: 05:32:27 [TUniServerModule]:Start Path = C:\Projetos_WEB\ERP_Importa\
ERPImporta.exe: 0000066C: 05:32:27 [TUniServerModule]:Debug Mode = ON
ERPImporta.exe: 0000066C: 05:32:27 [TUniServerModule]:Starting HTTP Server on Port: 8077...
ERPImporta.exe: 0000066C: 05:32:27 [TUniServerModule]:HTTP Server Started on Port: 8077
ERPImporta.exe: 00004B38: 05:33:00 [HandleFileRequest[127.0.0.1]]:File not found: C:\Projetos_WEB\ERP_Importa\files\images\fundo8.jpg
ERPImporta.exe: 0000195C: 05:38:08 []:>--------------------------------------------------------------<
ERPImporta.exe: 0000195C: 05:38:08 [TUniServerModule]:Server First Init.
ERPImporta.exe: 0000195C: 05:38:08 [TUniServerModule]:Start Path = C:\Projetos_WEB\ERP_Importa\
ERPImporta.exe: 0000195C: 05:38:08 [TUniServerModule]:Debug Mode = ON
ERPImporta.exe: 0000195C: 05:38:09 [TUniServerModule]:Starting HTTP Server on Port: 8077...
ERPImporta.exe: 0000195C: 05:38:09 [TUniServerModule]:HTTP Server Started on Port: 8077
ERPImporta.exe: 000044F0: 05:38:37 [HandleFileRequest[127.0.0.1]]:File not found: C:\Projetos_WEB\ERP_Importa\files\images\fundo8.jpg
ERPImporta.exe: 00004C24: 05:42:12 []:>--------------------------------------------------------------<
ERPImporta.exe: 00004C24: 05:42:12 [TUniServerModule]:Server First Init.
ERPImporta.exe: 00004C24: 05:42:12 [TUniServerModule]:Start Path = C:\Projetos_WEB\ERP_Importa\
ERPImporta.exe: 00004C24: 05:42:12 [TUniServerModule]:Debug Mode = ON
ERPImporta.exe: 00004C24: 05:42:12 [TUniServerModule]:Starting HTTP Server on Port: 8077...
ERPImporta.exe: 00004C24: 05:42:12 [TUniServerModule]:HTTP Server Started on Port: 8077
ERPImporta.exe: 00001450: 05:42:37 [HandleFileRequest[127.0.0.1]]:File not found: C:\Projetos_WEB\ERP_Importa\files\images\fundo8.jpg
ERPImporta.exe: 00003428: 05:43:22 []:>--------------------------------------------------------------<
ERPImporta.exe: 00003428: 05:43:22 [TUniServerModule]:Server First Init.
ERPImporta.exe: 00003428: 05:43:22 [TUniServerModule]:Start Path = C:\Projetos_WEB\ERP_Importa\
ERPImporta.exe: 00003428: 05:43:23 [TUniServerModule]:Debug Mode = ON
ERPImporta.exe: 00003428: 05:43:23 [TUniServerModule]:Starting HTTP Server on Port: 8077...
ERPImporta.exe: 00003428: 05:43:23 [TUniServerModule]:HTTP Server Started on Port: 8077
ERPImporta.exe: 00004D94: 05:44:02 []:>--------------------------------------------------------------<
ERPImporta.exe: 00004D94: 05:44:02 [TUniServerModule]:Server First Init.
ERPImporta.exe: 00004D94: 05:44:02 [TUniServerModule]:Start Path = C:\Projetos_WEB\ERP_Importa\
ERPImporta.exe: 00004D94: 05:44:02 [TUniServerModule]:Debug Mode = ON
ERPImporta.exe: 00004D94: 05:44:02 [TUniServerModule]:Starting HTTP Server on Port: 8077...
ERPImporta.exe: 00004D94: 05:44:02 [TUniServerModule]:HTTP Server Started on Port: 8077
ERPImporta.exe: 000005E4: 05:44:29 [HandleFileRequest[127.0.0.1]]:File not found: C:\Projetos_WEB\ERP_Importa\files\images\fundo8.jpg
ERPImporta.exe: 00000CB8: 05:55:41 []:>--------------------------------------------------------------<
ERPImporta.exe: 00000CB8: 05:55:41 [TUniServerModule]:Server First Init.
ERPImporta.exe: 00000CB8: 05:55:41 [TUniServerModule]:Start Path = C:\Projetos_WEB\ERP_Importa\
ERPImporta.exe: 00000CB8: 05:55:41 [TUniServerModule]:Debug Mode = ON
ERPImporta.exe: 00000CB8: 05:55:41 [TUniGUISessionManager]:Cache erase job created, Folder count: [1]
ERPImporta.exe: 00000CB8: 05:55:41 [TUniServerModule]:Starting HTTP Server on Port: 8077...
ERPImporta.exe: 00000CB8: 05:55:41 [TUniServerModule]:HTTP Server Started on Port: 8077
ERPImporta.exe: 00003E94: 05:57:27 []:>--------------------------------------------------------------<
ERPImporta.exe: 00003E94: 05:57:27 [TUniServerModule]:Server First Init.
ERPImporta.exe: 00003E94: 05:57:27 [TUniServerModule]:Start Path = C:\Projetos_WEB\ERP_Importa\
ERPImporta.exe: 00003E94: 05:57:27 [TUniServerModule]:Debug Mode = ON
ERPImporta.exe: 00003E94: 05:57:27 [TUniGUISessionManager]:Cache erase job created, Folder count: [1]
ERPImporta.exe: 00003E94: 05:57:27 [TUniServerModule]:Starting HTTP Server on Port: 8077...
ERPImporta.exe: 00003E94: 05:57:27 [TUniServerModule]:HTTP Server Started on Port: 8077
ERPImporta.exe: 00003BD0: 05:57:41 [HandleFileRequest[127.0.0.1]]:File not found: C:\Projetos_WEB\ERP_Importa\files\images\fundo8.jpg
ERPImporta.exe: 00003770: 05:57:58 []:>--------------------------------------------------------------<
ERPImporta.exe: 00003770: 05:57:58 [TUniServerModule]:Server First Init.
ERPImporta.exe: 00003770: 05:57:58 [TUniServerModule]:Start Path = C:\Projetos_WEB\ERP_Importa\
ERPImporta.exe: 00003770: 05:57:58 [TUniServerModule]:Debug Mode = ON
ERPImporta.exe: 00003770: 05:57:58 [TUniServerModule]:Starting HTTP Server on Port: 8077...
ERPImporta.exe: 00003770: 05:57:58 [TUniServerModule]:HTTP Server Started on Port: 8077
ERPImporta.exe: 00003578: 05:58:15 [HandleFileRequest[127.0.0.1]]:File not found: C:\Projetos_WEB\ERP_Importa\files\images\fundo8.jpg
ERPImporta.exe: 00002E10: 05:58:49 []:>--------------------------------------------------------------<
ERPImporta.exe: 00002E10: 05:58:49 [TUniServerModule]:Server First Init.
ERPImporta.exe: 00002E10: 05:58:49 [TUniServerModule]:Start Path = C:\Projetos_WEB\ERP_Importa\
ERPImporta.exe: 00002E10: 05:58:49 [TUniServerModule]:Debug Mode = ON
ERPImporta.exe: 00002E10: 05:58:49 [TUniGUISessionManager]:Cache erase job created, Folder count: [1]
ERPImporta.exe: 00002E10: 05:58:50 [TUniServerModule]:Starting HTTP Server on Port: 8077...
ERPImporta.exe: 00002E10: 05:58:50 [TUniServerModule]:HTTP Server Started on Port: 8077
ERPImporta.exe: 00001A24: 05:59:05 [HandleFileRequest[127.0.0.1]]:File not found: C:\Projetos_WEB\ERP_Importa\files\images\fundo8.jpg
ERPImporta.exe: 000015D4: 05:59:12 [127.0.0.1]:EUniSessionException : Sessão inváilda ou tempo da sessão expirado. (Session not found: SdRG2Xwc1S10CB793FC ) : Addr: $007CE9EE
ERPImporta.exe: 00004A78: 06:01:09 []:>--------------------------------------------------------------<
ERPImporta.exe: 00004A78: 06:01:09 [TUniServerModule]:Server First Init.
ERPImporta.exe: 00004A78: 06:01:09 [TUniServerModule]:Start Path = C:\Projetos_WEB\ERP_Importa\
ERPImporta.exe: 00004A78: 06:01:09 [TUniServerModule]:Debug Mode = ON
ERPImporta.exe: 00004A78: 06:01:09 [TUniServerModule]:Starting HTTP Server on Port: 8077...
ERPImporta.exe: 00004A78: 06:01:10 [TUniServerModule]:HTTP Server Started on Port: 8077
ERPImporta.exe: 00003BD0: 06:02:50 []:>--------------------------------------------------------------<
ERPImporta.exe: 00003BD0: 06:02:50 [TUniServerModule]:Server First Init.
ERPImporta.exe: 00003BD0: 06:02:50 [TUniServerModule]:Start Path = C:\Projetos_WEB\ERP_Importa\
ERPImporta.exe: 00003BD0: 06:02:50 [TUniServerModule]:Debug Mode = ON
ERPImporta.exe: 00003BD0: 06:02:51 [TUniServerModule]:Starting HTTP Server on Port: 8077...
ERPImporta.exe: 00003BD0: 06:02:51 [TUniServerModule]:HTTP Server Started on Port: 8077
ERPImporta.exe: 0000065C: 06:03:08 [HandleFileRequest[127.0.0.1]]:File not found: C:\Projetos_WEB\ERP_Importa\files\images\fundo8.jpg
ERPImporta.exe: 00005104: 06:07:04 []:>--------------------------------------------------------------<
ERPImporta.exe: 00005104: 06:07:04 [TUniServerModule]:Server First Init.
ERPImporta.exe: 00005104: 06:07:04 [TUniServerModule]:Start Path = C:\Projetos_WEB\ERP_Importa\
ERPImporta.exe: 00005104: 06:07:04 [TUniServerModule]:Debug Mode = ON
ERPImporta.exe: 00005104: 06:07:05 [TUniServerModule]:Starting HTTP Server on Port: 8077...
ERPImporta.exe: 00005104: 06:07:05 [TUniServerModule]:HTTP Server Started on Port: 8077
ERPImporta.exe: 00002A18: 06:07:17 [HandleFileRequest[127.0.0.1]]:File not found: C:\Projetos_WEB\ERP_Importa\files\images\fundo8.jpg
ERPImporta.exe: 00004EC8: 06:08:36 []:>--------------------------------------------------------------<
ERPImporta.exe: 00004EC8: 06:08:36 [TUniServerModule]:Server First Init.
ERPImporta.exe: 00004EC8: 06:08:36 [TUniServerModule]:Start Path = C:\Projetos_WEB\ERP_Importa\
ERPImporta.exe: 00004EC8: 06:08:36 [TUniServerModule]:Debug Mode = ON
ERPImporta.exe: 00004EC8: 06:08:36 [TUniGUISessionManager]:Cache erase job created, Folder count: [1]
ERPImporta.exe: 00004EC8: 06:08:37 [TUniServerModule]:Starting HTTP Server on Port: 8077...
ERPImporta.exe: 00004EC8: 06:08:37 [TUniServerModule]:HTTP Server Started on Port: 8077
ERPImporta.exe: 00000A88: 06:08:50 [HandleFileRequest[127.0.0.1]]:File not found: C:\Projetos_WEB\ERP_Importa\files\images\fundo8.jpg
ERPImporta.exe: 00001350: 06:09:30 []:>--------------------------------------------------------------<
ERPImporta.exe: 00001350: 06:09:30 [TUniServerModule]:Server First Init.
ERPImporta.exe: 00001350: 06:09:30 [TUniServerModule]:Start Path = C:\Projetos_WEB\ERP_Importa\
ERPImporta.exe: 00001350: 06:09:30 [TUniServerModule]:Debug Mode = ON
ERPImporta.exe: 00001350: 06:09:30 [TUniServerModule]:Starting HTTP Server on Port: 8077...
ERPImporta.exe: 00001350: 06:09:30 [TUniServerModule]:HTTP Server Started on Port: 8077
ERPImporta.exe: 00001F60: 06:09:41 [HandleFileRequest[127.0.0.1]]:File not found: C:\Projetos_WEB\ERP_Importa\files\images\fundo8.jpg
ERPImporta.exe: 00001B68: 06:12:20 []:>--------------------------------------------------------------<
ERPImporta.exe: 00001B68: 06:12:20 [TUniServerModule]:Server First Init.
ERPImporta.exe: 00001B68: 06:12:20 [TUniServerModule]:Start Path = C:\Projetos_WEB\ERP_Importa\
ERPImporta.exe: 00001B68: 06:12:20 [TUniServerModule]:Debug Mode = ON
ERPImporta.exe: 00001B68: 06:12:20 [TUniGUISessionManager]:Cache erase job created, Folder count: [1]
ERPImporta.exe: 00001B68: 06:12:20 [TUniServerModule]:Starting HTTP Server on Port: 8077...
ERPImporta.exe: 00001B68: 06:12:21 [TUniServerModule]:HTTP Server Started on Port: 8077
ERPImporta.exe: 000020BC: 06:13:12 [HandleFileRequest[127.0.0.1]]:File not found: C:\Projetos_WEB\ERP_Importa\files\images\fundo8.jpg
ERPImporta.exe: 00004B84: 06:14:03 []:>--------------------------------------------------------------<
ERPImporta.exe: 00004B84: 06:14:03 [TUniServerModule]:Server First Init.
ERPImporta.exe: 00004B84: 06:14:03 [TUniServerModule]:Start Path = C:\Projetos_WEB\ERP_Importa\
ERPImporta.exe: 00004B84: 06:14:03 [TUniServerModule]:Debug Mode = ON
ERPImporta.exe: 00004B84: 06:14:03 [TUniServerModule]:Starting HTTP Server on Port: 8077...
ERPImporta.exe: 00004B84: 06:14:03 [TUniServerModule]:HTTP Server Started on Port: 8077
ERPImporta.exe: 0000202C: 06:14:19 [HandleFileRequest[127.0.0.1]]:File not found: C:\Projetos_WEB\ERP_Importa\files\images\fundo8.jpg
ERPImporta.exe: 00003EBC: 06:16:43 []:>--------------------------------------------------------------<
ERPImporta.exe: 00003EBC: 06:16:43 [TUniServerModule]:Server First Init.
ERPImporta.exe: 00003EBC: 06:16:43 [TUniServerModule]:Start Path = C:\Projetos_WEB\ERP_Importa\
ERPImporta.exe: 00003EBC: 06:16:43 [TUniServerModule]:Debug Mode = ON
ERPImporta.exe: 00003EBC: 06:16:43 [TUniServerModule]:Starting HTTP Server on Port: 8077...
ERPImporta.exe: 00003EBC: 06:16:43 [TUniServerModule]:HTTP Server Started on Port: 8077
ERPImporta.exe: 000026BC: 06:16:57 [HandleFileRequest[127.0.0.1]]:File not found: C:\Projetos_WEB\ERP_Importa\files\images\fundo8.jpg
ERPImporta.exe: 000028F0: 06:20:36 []:>--------------------------------------------------------------<
ERPImporta.exe: 000028F0: 06:20:36 [TUniServerModule]:Server First Init.
ERPImporta.exe: 000028F0: 06:20:36 [TUniServerModule]:Start Path = C:\Projetos_WEB\ERP_Importa\
ERPImporta.exe: 000028F0: 06:20:36 [TUniServerModule]:Debug Mode = ON
ERPImporta.exe: 000028F0: 06:20:36 [TUniServerModule]:Starting HTTP Server on Port: 8077...
ERPImporta.exe: 000028F0: 06:20:36 [TUniServerModule]:HTTP Server Started on Port: 8077
ERPImporta.exe: 000038D8: 06:21:02 [HandleFileRequest[127.0.0.1]]:File not found: C:\Projetos_WEB\ERP_Importa\files\images\fundo8.jpg
ERPImporta.exe: 00003C88: 06:22:25 []:>--------------------------------------------------------------<
ERPImporta.exe: 00003C88: 06:22:25 [TUniServerModule]:Server First Init.
ERPImporta.exe: 00003C88: 06:22:25 [TUniServerModule]:Start Path = C:\Projetos_WEB\ERP_Importa\
ERPImporta.exe: 00003C88: 06:22:25 [TUniServerModule]:Debug Mode = ON
ERPImporta.exe: 00003C88: 06:22:25 [TUniServerModule]:Starting HTTP Server on Port: 8077...
ERPImporta.exe: 00003C88: 06:22:25 [TUniServerModule]:HTTP Server Started on Port: 8077
ERPImporta.exe: 00004B4C: 06:23:06 []:>--------------------------------------------------------------<
ERPImporta.exe: 00004B4C: 06:23:06 [TUniServerModule]:Server First Init.
ERPImporta.exe: 00004B4C: 06:23:06 [TUniServerModule]:Start Path = C:\Projetos_WEB\ERP_Importa\
ERPImporta.exe: 00004B4C: 06:23:06 [TUniServerModule]:Debug Mode = ON
ERPImporta.exe: 00004B4C: 06:23:06 [TUniGUISessionManager]:Cache erase job created, Folder count: [1]
ERPImporta.exe: 00004B4C: 06:23:06 [TUniServerModule]:Starting HTTP Server on Port: 8077...
ERPImporta.exe: 00004B4C: 06:23:06 [TUniServerModule]:HTTP Server Started on Port: 8077
ERPImporta.exe: 00002454: 06:24:19 []:>--------------------------------------------------------------<
ERPImporta.exe: 00002454: 06:24:19 [TUniServerModule]:Server First Init.
ERPImporta.exe: 00002454: 06:24:19 [TUniServerModule]:Start Path = C:\Projetos_WEB\ERP_Importa\
ERPImporta.exe: 00002454: 06:24:19 [TUniServerModule]:Debug Mode = ON
ERPImporta.exe: 00002454: 06:24:20 [TUniServerModule]:Starting HTTP Server on Port: 8077...
ERPImporta.exe: 00002454: 06:24:20 [TUniServerModule]:HTTP Server Started on Port: 8077
ERPImporta.exe: 000034CC: 06:24:59 []:>--------------------------------------------------------------<
ERPImporta.exe: 000034CC: 06:24:59 [TUniServerModule]:Server First Init.
ERPImporta.exe: 000034CC: 06:24:59 [TUniServerModule]:Start Path = C:\Projetos_WEB\ERP_Importa\
ERPImporta.exe: 000034CC: 06:24:59 [TUniServerModule]:Debug Mode = ON
ERPImporta.exe: 000034CC: 06:24:59 [TUniGUISessionManager]:Cache erase job created, Folder count: [1]
ERPImporta.exe: 000034CC: 06:24:59 [TUniServerModule]:Starting HTTP Server on Port: 8077...
ERPImporta.exe: 000034CC: 06:24:59 [TUniServerModule]:HTTP Server Started on Port: 8077
ERPImporta.exe: 00002D44: 06:26:44 []:>--------------------------------------------------------------<
ERPImporta.exe: 00002D44: 06:26:44 [TUniServerModule]:Server First Init.
ERPImporta.exe: 00002D44: 06:26:44 [TUniServerModule]:Start Path = C:\Projetos_WEB\ERP_Importa\
ERPImporta.exe: 00002D44: 06:26:44 [TUniServerModule]:Debug Mode = ON
ERPImporta.exe: 00002D44: 06:26:44 [TUniGUISessionManager]:Cache erase job created, Folder count: [1]
ERPImporta.exe: 00002D44: 06:26:44 [TUniServerModule]:Starting HTTP Server on Port: 8077...
ERPImporta.exe: 00002D44: 06:26:45 [TUniServerModule]:HTTP Server Started on Port: 8077
ERPImporta.exe: 00001F30: 06:27:58 []:>--------------------------------------------------------------<
ERPImporta.exe: 00001F30: 06:27:58 [TUniServerModule]:Server First Init.
ERPImporta.exe: 00001F30: 06:27:58 [TUniServerModule]:Start Path = C:\Projetos_WEB\ERP_Importa\
ERPImporta.exe: 00001F30: 06:27:58 [TUniServerModule]:Debug Mode = ON
ERPImporta.exe: 00001F30: 06:27:58 [TUniServerModule]:Starting HTTP Server on Port: 8077...
ERPImporta.exe: 00001F30: 06:27:58 [TUniServerModule]:HTTP Server Started on Port: 8077
ERPImporta.exe: 00003A28: 06:29:27 []:>--------------------------------------------------------------<
ERPImporta.exe: 00003A28: 06:29:27 [TUniServerModule]:Server First Init.
ERPImporta.exe: 00003A28: 06:29:27 [TUniServerModule]:Start Path = C:\Projetos_WEB\ERP_Importa\
ERPImporta.exe: 00003A28: 06:29:27 [TUniServerModule]:Debug Mode = ON
ERPImporta.exe: 00003A28: 06:29:27 [TUniServerModule]:Starting HTTP Server on Port: 8077...
ERPImporta.exe: 00003A28: 06:29:27 [TUniServerModule]:HTTP Server Started on Port: 8077
ERPImporta.exe: 00004058: 06:31:53 []:>--------------------------------------------------------------<
ERPImporta.exe: 00004058: 06:31:53 [TUniServerModule]:Server First Init.
ERPImporta.exe: 00004058: 06:31:53 [TUniServerModule]:Start Path = C:\Projetos_WEB\ERP_Importa\
ERPImporta.exe: 00004058: 06:31:53 [TUniServerModule]:Debug Mode = ON
ERPImporta.exe: 00004058: 06:31:53 [TUniGUISessionManager]:Cache erase job created, Folder count: [1]
ERPImporta.exe: 00004058: 06:31:53 [TUniServerModule]:Starting HTTP Server on Port: 8077...
ERPImporta.exe: 00004058: 06:31:53 [TUniServerModule]:HTTP Server Started on Port: 8077
ERPImporta.exe: 000015D0: 06:32:05 [HandleFileRequest[127.0.0.1]]:File not found: C:\Projetos_WEB\ERP_Importa\files\images\fundo8.jpg
ERPImporta.exe: 00000900: 06:33:16 []:>--------------------------------------------------------------<
ERPImporta.exe: 00000900: 06:33:16 [TUniServerModule]:Server First Init.
ERPImporta.exe: 00000900: 06:33:16 [TUniServerModule]:Start Path = C:\Projetos_WEB\ERP_Importa\
ERPImporta.exe: 00000900: 06:33:16 [TUniServerModule]:Debug Mode = ON
ERPImporta.exe: 00000900: 06:33:17 [TUniServerModule]:Starting HTTP Server on Port: 8077...
ERPImporta.exe: 00000900: 06:33:17 [TUniServerModule]:HTTP Server Started on Port: 8077
ERPImporta.exe: 000049BC: 06:33:29 [HandleFileRequest[127.0.0.1]]:File not found: C:\Projetos_WEB\ERP_Importa\files\images\fundo8.jpg
ERPImporta.exe: 00000A28: 06:36:07 []:>--------------------------------------------------------------<
ERPImporta.exe: 00000A28: 06:36:07 [TUniServerModule]:Server First Init.
ERPImporta.exe: 00000A28: 06:36:07 [TUniServerModule]:Start Path = C:\Projetos_WEB\ERP_Importa\
ERPImporta.exe: 00000A28: 06:36:07 [TUniServerModule]:Debug Mode = ON
ERPImporta.exe: 00000A28: 06:36:08 [TUniServerModule]:Starting HTTP Server on Port: 8077...
ERPImporta.exe: 00000A28: 06:36:08 [TUniServerModule]:HTTP Server Started on Port: 8077
ERPImporta.exe: 000010D8: 06:36:20 [HandleFileRequest[127.0.0.1]]:File not found: C:\Projetos_WEB\ERP_Importa\files\images\fundo8.jpg
ERPImporta.exe: 00001868: 06:39:34 []:>--------------------------------------------------------------<
ERPImporta.exe: 00001868: 06:39:34 [TUniServerModule]:Server First Init.
ERPImporta.exe: 00001868: 06:39:34 [TUniServerModule]:Start Path = C:\Projetos_WEB\ERP_Importa\
ERPImporta.exe: 00001868: 06:39:34 [TUniServerModule]:Debug Mode = ON
ERPImporta.exe: 00001868: 06:39:35 [TUniServerModule]:Starting HTTP Server on Port: 8077...
ERPImporta.exe: 00001868: 06:39:35 [TUniServerModule]:HTTP Server Started on Port: 8077
ERPImporta.exe: 00002964: 06:39:48 [HandleFileRequest[127.0.0.1]]:File not found: C:\Projetos_WEB\ERP_Importa\files\images\fundo8.jpg
ERPImporta.exe: 00002AD4: 07:37:52 []:>--------------------------------------------------------------<
ERPImporta.exe: 00002AD4: 07:37:52 [TUniServerModule]:Server First Init.
ERPImporta.exe: 00002AD4: 07:37:52 [TUniServerModule]:Start Path = C:\Projetos_WEB\ERP_Importa\
ERPImporta.exe: 00002AD4: 07:37:52 [TUniServerModule]:Debug Mode = ON
ERPImporta.exe: 00002AD4: 07:37:52 [TUniServerModule]:Starting HTTP Server on Port: 8077...
ERPImporta.exe: 00002AD4: 07:37:52 [TUniServerModule]:HTTP Server Started on Port: 8077
ERPImporta.exe: 00004104: 07:38:05 [HandleFileRequest[127.0.0.1]]:File not found: C:\Projetos_WEB\ERP_Importa\files\images\fundo8.jpg
ERPImporta.exe: 00002484: 07:40:24 []:>--------------------------------------------------------------<
ERPImporta.exe: 00002484: 07:40:24 [TUniServerModule]:Server First Init.
ERPImporta.exe: 00002484: 07:40:24 [TUniServerModule]:Start Path = C:\Projetos_WEB\ERP_Importa\
ERPImporta.exe: 00002484: 07:40:24 [TUniServerModule]:Debug Mode = ON
ERPImporta.exe: 00002484: 07:40:24 [TUniServerModule]:Starting HTTP Server on Port: 8077...
ERPImporta.exe: 00002484: 07:40:24 [TUniServerModule]:HTTP Server Started on Port: 8077
ERPImporta.exe: 00004840: 07:46:11 []:>--------------------------------------------------------------<
ERPImporta.exe: 00004840: 07:46:11 [TUniServerModule]:Server First Init.
ERPImporta.exe: 00004840: 07:46:11 [TUniServerModule]:Start Path = C:\Projetos_WEB\ERP_Importa\
ERPImporta.exe: 00004840: 07:46:11 [TUniServerModule]:Debug Mode = ON
ERPImporta.exe: 00004840: 07:46:11 [TUniServerModule]:Starting HTTP Server on Port: 8077...
ERPImporta.exe: 00004840: 07:46:11 [TUniServerModule]:HTTP Server Started on Port: 8077
ERPImporta.exe: 00003338: 07:46:23 [HandleFileRequest[127.0.0.1]]:File not found: C:\Projetos_WEB\ERP_Importa\files\images\fundo8.jpg
ERPImporta.exe: 00004AF8: 07:49:39 []:>--------------------------------------------------------------<
ERPImporta.exe: 00004AF8: 07:49:39 [TUniServerModule]:Server First Init.
ERPImporta.exe: 00004AF8: 07:49:39 [TUniServerModule]:Start Path = C:\Projetos_WEB\ERP_Importa\
ERPImporta.exe: 00004AF8: 07:49:39 [TUniServerModule]:Debug Mode = ON
ERPImporta.exe: 00004AF8: 07:49:39 [TUniGUISessionManager]:Cache erase job created, Folder count: [1]
ERPImporta.exe: 00004AF8: 07:49:39 [TUniServerModule]:Starting HTTP Server on Port: 8077...
ERPImporta.exe: 00004AF8: 07:49:39 [TUniServerModule]:HTTP Server Started on Port: 8077
ERPImporta.exe: 0000490C: 07:49:55 [HandleFileRequest[127.0.0.1]]:File not found: C:\Projetos_WEB\ERP_Importa\files\images\fundo8.jpg
ERPImporta.exe: 000024E4: 07:50:31 []:>--------------------------------------------------------------<
ERPImporta.exe: 000024E4: 07:50:31 [TUniServerModule]:Server First Init.
ERPImporta.exe: 000024E4: 07:50:31 [TUniServerModule]:Start Path = C:\Projetos_WEB\ERP_Importa\
ERPImporta.exe: 000024E4: 07:50:31 [TUniServerModule]:Debug Mode = ON
ERPImporta.exe: 000024E4: 07:50:31 [TUniGUISessionManager]:Cache erase job created, Folder count: [1]
ERPImporta.exe: 000024E4: 07:50:32 [TUniServerModule]:Starting HTTP Server on Port: 8077...
ERPImporta.exe: 000024E4: 07:50:32 [TUniServerModule]:HTTP Server Started on Port: 8077
ERPImporta.exe: 000049D8: 07:50:44 [HandleFileRequest[127.0.0.1]]:File not found: C:\Projetos_WEB\ERP_Importa\files\images\fundo8.jpg
ERPImporta.exe: 00004518: 07:53:24 []:>--------------------------------------------------------------<
ERPImporta.exe: 00004518: 07:53:24 [TUniServerModule]:Server First Init.
ERPImporta.exe: 00004518: 07:53:24 [TUniServerModule]:Start Path = C:\Projetos_WEB\ERP_Importa\
ERPImporta.exe: 00004518: 07:53:24 [TUniServerModule]:Debug Mode = ON
ERPImporta.exe: 00004518: 07:53:24 [TUniServerModule]:Starting HTTP Server on Port: 8077...
ERPImporta.exe: 00004518: 07:53:24 [TUniServerModule]:HTTP Server Started on Port: 8077
ERPImporta.exe: 00003CAC: 07:54:32 []:>--------------------------------------------------------------<
ERPImporta.exe: 00003CAC: 07:54:32 [TUniServerModule]:Server First Init.
ERPImporta.exe: 00003CAC: 07:54:32 [TUniServerModule]:Start Path = C:\Projetos_WEB\ERP_Importa\
ERPImporta.exe: 00003CAC: 07:54:32 [TUniServerModule]:Debug Mode = ON
ERPImporta.exe: 00003CAC: 07:54:32 [TUniServerModule]:Starting HTTP Server on Port: 8077...
ERPImporta.exe: 00003CAC: 07:54:32 [TUniServerModule]:HTTP Server Started on Port: 8077
ERPImporta.exe: 00003E2C: 07:54:44 [HandleFileRequest[127.0.0.1]]:File not found: C:\Projetos_WEB\ERP_Importa\files\images\fundo8.jpg
ERPImporta.exe: 00004F18: 08:00:41 []:>--------------------------------------------------------------<
ERPImporta.exe: 00004F18: 08:00:41 [TUniServerModule]:Server First Init.
ERPImporta.exe: 00004F18: 08:00:41 [TUniServerModule]:Start Path = C:\Projetos_WEB\ERP_Importa\
ERPImporta.exe: 00004F18: 08:00:41 [TUniServerModule]:Debug Mode = ON
ERPImporta.exe: 00004F18: 08:00:41 [TUniServerModule]:Starting HTTP Server on Port: 8077...
ERPImporta.exe: 00004F18: 08:00:41 [TUniServerModule]:HTTP Server Started on Port: 8077
ERPImporta.exe: 00002484: 08:03:13 []:>--------------------------------------------------------------<
ERPImporta.exe: 00002484: 08:03:13 [TUniServerModule]:Server First Init.
ERPImporta.exe: 00002484: 08:03:13 [TUniServerModule]:Start Path = C:\Projetos_WEB\ERP_Importa\
ERPImporta.exe: 00002484: 08:03:13 [TUniServerModule]:Debug Mode = ON
ERPImporta.exe: 00002484: 08:03:13 [TUniServerModule]:Starting HTTP Server on Port: 8077...
ERPImporta.exe: 00002484: 08:03:13 [TUniServerModule]:HTTP Server Started on Port: 8077
ERPImporta.exe: 00004DD8: 08:03:57 [HandleFileRequest[127.0.0.1]]:File not found: C:\Projetos_WEB\ERP_Importa\files\images\fundo8.jpg
ERPImporta.exe: 000000A4: 08:04:29 []:>--------------------------------------------------------------<
ERPImporta.exe: 000000A4: 08:04:29 [TUniServerModule]:Server First Init.
ERPImporta.exe: 000000A4: 08:04:29 [TUniServerModule]:Start Path = C:\Projetos_WEB\ERP_Importa\
ERPImporta.exe: 000000A4: 08:04:29 [TUniServerModule]:Debug Mode = ON
ERPImporta.exe: 000000A4: 08:04:29 [TUniServerModule]:Starting HTTP Server on Port: 8077...
ERPImporta.exe: 000000A4: 08:04:29 [TUniServerModule]:HTTP Server Started on Port: 8077
ERPImporta.exe: 00003D84: 08:04:43 [HandleFileRequest[127.0.0.1]]:File not found: C:\Projetos_WEB\ERP_Importa\files\images\fundo8.jpg
ERPImporta.exe: 00004020: 08:05:17 []:>--------------------------------------------------------------<
ERPImporta.exe: 00004020: 08:05:17 [TUniServerModule]:Server First Init.
ERPImporta.exe: 00004020: 08:05:17 [TUniServerModule]:Start Path = C:\Projetos_WEB\ERP_Importa\
ERPImporta.exe: 00004020: 08:05:17 [TUniServerModule]:Debug Mode = ON
ERPImporta.exe: 00004020: 08:05:17 [TUniServerModule]:Starting HTTP Server on Port: 8077...
ERPImporta.exe: 00004020: 08:05:17 [TUniServerModule]:HTTP Server Started on Port: 8077
ERPImporta.exe: 0000442C: 08:05:28 [HandleFileRequest[127.0.0.1]]:File not found: C:\Projetos_WEB\ERP_Importa\files\images\fundo8.jpg
ERPImporta.exe: 00005008: 08:06:30 []:>--------------------------------------------------------------<
ERPImporta.exe: 00005008: 08:06:30 [TUniServerModule]:Server First Init.
ERPImporta.exe: 00005008: 08:06:30 [TUniServerModule]:Start Path = C:\Projetos_WEB\ERP_Importa\
ERPImporta.exe: 00005008: 08:06:30 [TUniServerModule]:Debug Mode = ON
ERPImporta.exe: 00005008: 08:06:30 [TUniGUISessionManager]:Cache erase job created, Folder count: [1]
ERPImporta.exe: 00005008: 08:06:31 [TUniServerModule]:Starting HTTP Server on Port: 8077...
ERPImporta.exe: 00005008: 08:06:31 [TUniServerModule]:HTTP Server Started on Port: 8077
ERPImporta.exe: 00005324: 08:08:54 [HandleFileRequest[127.0.0.1]]:File not found: C:\Projetos_WEB\ERP_Importa\files\images\fundo8.jpg
ERPImporta.exe: 00004D70: 08:12:48 []:>--------------------------------------------------------------<
ERPImporta.exe: 00004D70: 08:12:48 [TUniServerModule]:Server First Init.
ERPImporta.exe: 00004D70: 08:12:48 [TUniServerModule]:Start Path = C:\Projetos_WEB\ERP_Importa\
ERPImporta.exe: 00004D70: 08:12:48 [TUniServerModule]:Debug Mode = ON
ERPImporta.exe: 00004D70: 08:12:48 [TUniGUISessionManager]:Cache erase job created, Folder count: [1]
ERPImporta.exe: 00004D70: 08:12:48 [TUniServerModule]:Starting HTTP Server on Port: 8077...
ERPImporta.exe: 00004D70: 08:12:49 [TUniServerModule]:HTTP Server Started on Port: 8077
ERPImporta.exe: 00003FEC: 08:13:01 [HandleFileRequest[127.0.0.1]]:File not found: C:\Projetos_WEB\ERP_Importa\files\images\fundo8.jpg
ERPImporta.exe: 0000279C: 08:14:38 []:>--------------------------------------------------------------<
ERPImporta.exe: 0000279C: 08:14:38 [TUniServerModule]:Server First Init.
ERPImporta.exe: 0000279C: 08:14:38 [TUniServerModule]:Start Path = C:\Projetos_WEB\ERP_Importa\
ERPImporta.exe: 0000279C: 08:14:38 [TUniServerModule]:Debug Mode = ON
ERPImporta.exe: 0000279C: 08:14:39 [TUniServerModule]:Starting HTTP Server on Port: 8077...
ERPImporta.exe: 0000279C: 08:14:39 [TUniServerModule]:HTTP Server Started on Port: 8077
ERPImporta.exe: 00001098: 08:14:51 [HandleFileRequest[127.0.0.1]]:File not found: C:\Projetos_WEB\ERP_Importa\files\images\fundo8.jpg
ERPImporta.exe: 000042C8: 08:15:44 []:>--------------------------------------------------------------<
ERPImporta.exe: 000042C8: 08:15:44 [TUniServerModule]:Server First Init.
ERPImporta.exe: 000042C8: 08:15:44 [TUniServerModule]:Start Path = C:\Projetos_WEB\ERP_Importa\
ERPImporta.exe: 000042C8: 08:15:44 [TUniServerModule]:Debug Mode = ON
ERPImporta.exe: 000042C8: 08:15:44 [TUniGUISessionManager]:Cache erase job created, Folder count: [1]
ERPImporta.exe: 000042C8: 08:15:44 [TUniServerModule]:Starting HTTP Server on Port: 8077...
ERPImporta.exe: 000042C8: 08:15:44 [TUniServerModule]:HTTP Server Started on Port: 8077
ERPImporta.exe: 0000282C: 08:15:56 [HandleFileRequest[127.0.0.1]]:File not found: C:\Projetos_WEB\ERP_Importa\files\images\fundo8.jpg
ERPImporta.exe: 00000B4C: 08:16:30 []:>--------------------------------------------------------------<
ERPImporta.exe: 00000B4C: 08:16:30 [TUniServerModule]:Server First Init.
ERPImporta.exe: 00000B4C: 08:16:30 [TUniServerModule]:Start Path = C:\Projetos_WEB\ERP_Importa\
ERPImporta.exe: 00000B4C: 08:16:30 [TUniServerModule]:Debug Mode = ON
ERPImporta.exe: 00000B4C: 08:16:30 [TUniGUISessionManager]:Cache erase job created, Folder count: [1]
ERPImporta.exe: 00000B4C: 08:16:31 [TUniServerModule]:Starting HTTP Server on Port: 8077...
ERPImporta.exe: 00000B4C: 08:16:31 [TUniServerModule]:HTTP Server Started on Port: 8077
ERPImporta.exe: 000032E8: 08:16:42 [HandleFileRequest[127.0.0.1]]:File not found: C:\Projetos_WEB\ERP_Importa\files\images\fundo8.jpg
ERPImporta.exe: 00002D70: 08:17:05 []:>--------------------------------------------------------------<
ERPImporta.exe: 00002D70: 08:17:05 [TUniServerModule]:Server First Init.
ERPImporta.exe: 00002D70: 08:17:05 [TUniServerModule]:Start Path = C:\Projetos_WEB\ERP_Importa\
ERPImporta.exe: 00002D70: 08:17:05 [TUniServerModule]:Debug Mode = ON
ERPImporta.exe: 00002D70: 08:17:05 [TUniGUISessionManager]:Cache erase job created, Folder count: [1]
ERPImporta.exe: 00002D70: 08:17:05 [TUniServerModule]:Starting HTTP Server on Port: 8077...
ERPImporta.exe: 00002D70: 08:17:06 [TUniServerModule]:HTTP Server Started on Port: 8077
ERPImporta.exe: 000048A0: 08:17:17 [HandleFileRequest[127.0.0.1]]:File not found: C:\Projetos_WEB\ERP_Importa\files\images\fundo8.jpg
ERPImporta.exe: 00002470: 08:17:54 []:>--------------------------------------------------------------<
ERPImporta.exe: 00002470: 08:17:54 [TUniServerModule]:Server First Init.
ERPImporta.exe: 00002470: 08:17:54 [TUniServerModule]:Start Path = C:\Projetos_WEB\ERP_Importa\
ERPImporta.exe: 00002470: 08:17:54 [TUniServerModule]:Debug Mode = ON
ERPImporta.exe: 00002470: 08:17:54 [TUniGUISessionManager]:Cache erase job created, Folder count: [1]
ERPImporta.exe: 00002470: 08:17:55 [TUniServerModule]:Starting HTTP Server on Port: 8077...
ERPImporta.exe: 00002470: 08:17:55 [TUniServerModule]:HTTP Server Started on Port: 8077
ERPImporta.exe: 000050BC: 08:18:07 [HandleFileRequest[127.0.0.1]]:File not found: C:\Projetos_WEB\ERP_Importa\files\images\fundo8.jpg
ERPImporta.exe: 000017A8: 08:18:37 []:>--------------------------------------------------------------<
ERPImporta.exe: 000017A8: 08:18:37 [TUniServerModule]:Server First Init.
ERPImporta.exe: 000017A8: 08:18:37 [TUniServerModule]:Start Path = C:\Projetos_WEB\ERP_Importa\
ERPImporta.exe: 000017A8: 08:18:37 [TUniServerModule]:Debug Mode = ON
ERPImporta.exe: 000017A8: 08:18:37 [TUniGUISessionManager]:Cache erase job created, Folder count: [1]
ERPImporta.exe: 000017A8: 08:18:38 [TUniServerModule]:Starting HTTP Server on Port: 8077...
ERPImporta.exe: 000017A8: 08:18:38 [TUniServerModule]:HTTP Server Started on Port: 8077
ERPImporta.exe: 00002BA4: 08:18:51 [HandleFileRequest[127.0.0.1]]:File not found: C:\Projetos_WEB\ERP_Importa\files\images\fundo8.jpg
ERPImporta.exe: 00004AE0: 08:19:15 []:>--------------------------------------------------------------<
ERPImporta.exe: 00004AE0: 08:19:15 [TUniServerModule]:Server First Init.
ERPImporta.exe: 00004AE0: 08:19:15 [TUniServerModule]:Start Path = C:\Projetos_WEB\ERP_Importa\
ERPImporta.exe: 00004AE0: 08:19:15 [TUniServerModule]:Debug Mode = ON
ERPImporta.exe: 00004AE0: 08:19:15 [TUniGUISessionManager]:Cache erase job created, Folder count: [1]
ERPImporta.exe: 00004AE0: 08:19:16 [TUniServerModule]:Starting HTTP Server on Port: 8077...
ERPImporta.exe: 00004AE0: 08:19:16 [TUniServerModule]:HTTP Server Started on Port: 8077
ERPImporta.exe: 00003C90: 08:19:26 [HandleFileRequest[127.0.0.1]]:File not found: C:\Projetos_WEB\ERP_Importa\files\images\fundo8.jpg
ERPImporta.exe: 000032BC: 08:21:03 []:>--------------------------------------------------------------<
ERPImporta.exe: 000032BC: 08:21:03 [TUniServerModule]:Server First Init.
ERPImporta.exe: 000032BC: 08:21:03 [TUniServerModule]:Start Path = C:\Projetos_WEB\ERP_Importa\
ERPImporta.exe: 000032BC: 08:21:03 [TUniServerModule]:Debug Mode = ON
ERPImporta.exe: 000032BC: 08:21:03 [TUniGUISessionManager]:Cache erase job created, Folder count: [1]
ERPImporta.exe: 000032BC: 08:21:04 [TUniServerModule]:Starting HTTP Server on Port: 8077...
ERPImporta.exe: 000032BC: 08:21:04 [TUniServerModule]:HTTP Server Started on Port: 8077
ERPImporta.exe: 000028A0: 08:21:15 [HandleFileRequest[127.0.0.1]]:File not found: C:\Projetos_WEB\ERP_Importa\files\images\fundo8.jpg
ERPImporta.exe: 00004090: 08:22:52 []:>--------------------------------------------------------------<
ERPImporta.exe: 00004090: 08:22:52 [TUniServerModule]:Server First Init.
ERPImporta.exe: 00004090: 08:22:52 [TUniServerModule]:Start Path = C:\Projetos_WEB\ERP_Importa\
ERPImporta.exe: 00004090: 08:22:52 [TUniServerModule]:Debug Mode = ON
ERPImporta.exe: 00004090: 08:22:52 [TUniGUISessionManager]:Cache erase job created, Folder count: [1]
ERPImporta.exe: 00004090: 08:22:52 [TUniServerModule]:Starting HTTP Server on Port: 8077...
ERPImporta.exe: 00004090: 08:22:52 [TUniServerModule]:HTTP Server Started on Port: 8077
ERPImporta.exe: 00004690: 08:25:49 []:>--------------------------------------------------------------<
ERPImporta.exe: 00004690: 08:25:49 [TUniServerModule]:Server First Init.
ERPImporta.exe: 00004690: 08:25:49 [TUniServerModule]:Start Path = C:\Projetos_WEB\ERP_Importa\
ERPImporta.exe: 00004690: 08:25:49 [TUniServerModule]:Debug Mode = ON
ERPImporta.exe: 00004690: 08:25:50 [TUniServerModule]:Starting HTTP Server on Port: 8077...
ERPImporta.exe: 00004690: 08:25:50 [TUniServerModule]:HTTP Server Started on Port: 8077
ERPImporta.exe: 000017EC: 08:28:48 []:>--------------------------------------------------------------<
ERPImporta.exe: 000017EC: 08:28:48 [TUniServerModule]:Server First Init.
ERPImporta.exe: 000017EC: 08:28:48 [TUniServerModule]:Start Path = C:\Projetos_WEB\ERP_Importa\
ERPImporta.exe: 000017EC: 08:28:48 [TUniServerModule]:Debug Mode = ON
ERPImporta.exe: 000017EC: 08:28:49 [TUniServerModule]:Starting HTTP Server on Port: 8077...
ERPImporta.exe: 000017EC: 08:28:49 [TUniServerModule]:HTTP Server Started on Port: 8077
ERPImporta.exe: 00003E20: 08:32:14 []:>--------------------------------------------------------------<
ERPImporta.exe: 00003E20: 08:32:14 [TUniServerModule]:Server First Init.
ERPImporta.exe: 00003E20: 08:32:14 [TUniServerModule]:Start Path = C:\Projetos_WEB\ERP_Importa\
ERPImporta.exe: 00003E20: 08:32:14 [TUniServerModule]:Debug Mode = ON
ERPImporta.exe: 00003E20: 08:32:14 [TUniServerModule]:Starting HTTP Server on Port: 8077...
ERPImporta.exe: 00003E20: 08:32:14 [TUniServerModule]:HTTP Server Started on Port: 8077
ERPImporta.exe: 00004110: 08:34:15 []:>--------------------------------------------------------------<
ERPImporta.exe: 00004110: 08:34:15 [TUniServerModule]:Server First Init.
ERPImporta.exe: 00004110: 08:34:15 [TUniServerModule]:Start Path = C:\Projetos_WEB\ERP_Importa\
ERPImporta.exe: 00004110: 08:34:15 [TUniServerModule]:Debug Mode = ON
ERPImporta.exe: 00004110: 08:34:15 [TUniGUISessionManager]:Cache erase job created, Folder count: [1]
ERPImporta.exe: 00004110: 08:34:15 [TUniServerModule]:Starting HTTP Server on Port: 8077...
ERPImporta.exe: 00004110: 08:34:15 [TUniServerModule]:HTTP Server Started on Port: 8077
ERPImporta.exe: 00002284: 08:37:18 []:>--------------------------------------------------------------<
ERPImporta.exe: 00002284: 08:37:18 [TUniServerModule]:Server First Init.
ERPImporta.exe: 00002284: 08:37:18 [TUniServerModule]:Start Path = C:\Projetos_WEB\ERP_Importa\
ERPImporta.exe: 00002284: 08:37:18 [TUniServerModule]:Debug Mode = ON
ERPImporta.exe: 00002284: 08:37:18 [TUniServerModule]:Starting HTTP Server on Port: 8077...
ERPImporta.exe: 00002284: 08:37:19 [TUniServerModule]:HTTP Server Started on Port: 8077
ERPImporta.exe: 0000299C: 08:42:47 []:>--------------------------------------------------------------<
ERPImporta.exe: 0000299C: 08:42:47 [TUniServerModule]:Server First Init.
ERPImporta.exe: 0000299C: 08:42:47 [TUniServerModule]:Start Path = C:\Projetos_WEB\ERP_Importa\
ERPImporta.exe: 0000299C: 08:42:47 [TUniServerModule]:Debug Mode = ON
ERPImporta.exe: 0000299C: 08:42:48 [TUniServerModule]:Starting HTTP Server on Port: 8077...
ERPImporta.exe: 0000299C: 08:42:48 [TUniServerModule]:HTTP Server Started on Port: 8077
ERPImporta.exe: 00004970: 08:44:07 []:>--------------------------------------------------------------<
ERPImporta.exe: 00004970: 08:44:07 [TUniServerModule]:Server First Init.
ERPImporta.exe: 00004970: 08:44:07 [TUniServerModule]:Start Path = C:\Projetos_WEB\ERP_Importa\
ERPImporta.exe: 00004970: 08:44:07 [TUniServerModule]:Debug Mode = ON
ERPImporta.exe: 00004970: 08:44:07 [TUniServerModule]:Starting HTTP Server on Port: 8077...
ERPImporta.exe: 00004970: 08:44:07 [TUniServerModule]:HTTP Server Started on Port: 8077
ERPImporta.exe: 00001934: 08:46:50 []:>--------------------------------------------------------------<
ERPImporta.exe: 00001934: 08:46:50 [TUniServerModule]:Server First Init.
ERPImporta.exe: 00001934: 08:46:50 [TUniServerModule]:Start Path = C:\Projetos_WEB\ERP_Importa\
ERPImporta.exe: 00001934: 08:46:50 [TUniServerModule]:Debug Mode = ON
ERPImporta.exe: 00001934: 08:46:50 [TUniGUISessionManager]:Cache erase job created, Folder count: [1]
ERPImporta.exe: 00001934: 08:46:50 [TUniServerModule]:Starting HTTP Server on Port: 8077...
ERPImporta.exe: 00001934: 08:46:50 [TUniServerModule]:HTTP Server Started on Port: 8077
ERPImporta.exe: 00004B34: 08:47:47 []:>--------------------------------------------------------------<
ERPImporta.exe: 00004B34: 08:47:47 [TUniServerModule]:Server First Init.
ERPImporta.exe: 00004B34: 08:47:47 [TUniServerModule]:Start Path = C:\Projetos_WEB\ERP_Importa\
ERPImporta.exe: 00004B34: 08:47:47 [TUniServerModule]:Debug Mode = ON
ERPImporta.exe: 00004B34: 08:47:47 [TUniServerModule]:Starting HTTP Server on Port: 8077...
ERPImporta.exe: 00004B34: 08:47:47 [TUniServerModule]:HTTP Server Started on Port: 8077
ERPImporta.exe: 0000531C: 08:48:55 []:>--------------------------------------------------------------<
ERPImporta.exe: 0000531C: 08:48:55 [TUniServerModule]:Server First Init.
ERPImporta.exe: 0000531C: 08:48:55 [TUniServerModule]:Start Path = C:\Projetos_WEB\ERP_Importa\
ERPImporta.exe: 0000531C: 08:48:55 [TUniServerModule]:Debug Mode = ON
ERPImporta.exe: 0000531C: 08:48:55 [TUniGUISessionManager]:Cache erase job created, Folder count: [1]
ERPImporta.exe: 0000531C: 08:48:55 [TUniServerModule]:Starting HTTP Server on Port: 8077...
ERPImporta.exe: 0000531C: 08:48:56 [TUniServerModule]:HTTP Server Started on Port: 8077
ERPImporta.exe: 00000CA4: 08:50:44 []:>--------------------------------------------------------------<
ERPImporta.exe: 00000CA4: 08:50:44 [TUniServerModule]:Server First Init.
ERPImporta.exe: 00000CA4: 08:50:44 [TUniServerModule]:Start Path = C:\Projetos_WEB\ERP_Importa\
ERPImporta.exe: 00000CA4: 08:50:44 [TUniServerModule]:Debug Mode = ON
ERPImporta.exe: 00000CA4: 08:50:44 [TUniServerModule]:Starting HTTP Server on Port: 8077...
ERPImporta.exe: 00000CA4: 08:50:44 [TUniServerModule]:HTTP Server Started on Port: 8077
ERPImporta.exe: 000034E0: 08:59:53 []:>--------------------------------------------------------------<
ERPImporta.exe: 000034E0: 08:59:53 [TUniServerModule]:Server First Init.
ERPImporta.exe: 000034E0: 08:59:53 [TUniServerModule]:Start Path = C:\Projetos_WEB\ERP_Importa\
ERPImporta.exe: 000034E0: 08:59:53 [TUniServerModule]:Debug Mode = ON
ERPImporta.exe: 000034E0: 08:59:53 [TUniServerModule]:Starting HTTP Server on Port: 8077...
ERPImporta.exe: 000034E0: 08:59:53 [TUniServerModule]:HTTP Server Started on Port: 8077
ERPImporta.exe: 00004758: 09:01:04 []:>--------------------------------------------------------------<
ERPImporta.exe: 00004758: 09:01:04 [TUniServerModule]:Server First Init.
ERPImporta.exe: 00004758: 09:01:04 [TUniServerModule]:Start Path = C:\Projetos_WEB\ERP_Importa\
ERPImporta.exe: 00004758: 09:01:04 [TUniServerModule]:Debug Mode = ON
ERPImporta.exe: 00004758: 09:01:04 [TUniServerModule]:Starting HTTP Server on Port: 8077...
ERPImporta.exe: 00004758: 09:01:04 [TUniServerModule]:HTTP Server Started on Port: 8077
ERPImporta.exe: 00000120: 09:01:43 []:>--------------------------------------------------------------<
ERPImporta.exe: 00000120: 09:01:43 [TUniServerModule]:Server First Init.
ERPImporta.exe: 00000120: 09:01:43 [TUniServerModule]:Start Path = C:\Projetos_WEB\ERP_Importa\
ERPImporta.exe: 00000120: 09:01:43 [TUniServerModule]:Debug Mode = ON
ERPImporta.exe: 00000120: 09:01:43 [TUniServerModule]:Starting HTTP Server on Port: 8077...
ERPImporta.exe: 00000120: 09:01:43 [TUniServerModule]:HTTP Server Started on Port: 8077
ERPImporta.exe: 00003450: 09:02:16 []:>--------------------------------------------------------------<
ERPImporta.exe: 00003450: 09:02:16 [TUniServerModule]:Server First Init.
ERPImporta.exe: 00003450: 09:02:16 [TUniServerModule]:Start Path = C:\Projetos_WEB\ERP_Importa\
ERPImporta.exe: 00003450: 09:02:16 [TUniServerModule]:Debug Mode = ON
ERPImporta.exe: 00003450: 09:02:17 [TUniServerModule]:Starting HTTP Server on Port: 8077...
ERPImporta.exe: 00003450: 09:02:17 [TUniServerModule]:HTTP Server Started on Port: 8077
ERPImporta.exe: 000051FC: 09:05:50 []:>--------------------------------------------------------------<
ERPImporta.exe: 000051FC: 09:05:50 [TUniServerModule]:Server First Init.
ERPImporta.exe: 000051FC: 09:05:50 [TUniServerModule]:Start Path = C:\Projetos_WEB\ERP_Importa\
ERPImporta.exe: 000051FC: 09:05:50 [TUniServerModule]:Debug Mode = ON
ERPImporta.exe: 000051FC: 09:05:50 [TUniGUISessionManager]:Cache erase job created, Folder count: [1]
ERPImporta.exe: 000051FC: 09:05:51 [TUniServerModule]:Starting HTTP Server on Port: 8077...
ERPImporta.exe: 000051FC: 09:05:51 [TUniServerModule]:HTTP Server Started on Port: 8077
ERPImporta.exe: 000006AC: 09:08:18 []:>--------------------------------------------------------------<
ERPImporta.exe: 000006AC: 09:08:18 [TUniServerModule]:Server First Init.
ERPImporta.exe: 000006AC: 09:08:18 [TUniServerModule]:Start Path = C:\Projetos_WEB\ERP_Importa\
ERPImporta.exe: 000006AC: 09:08:18 [TUniServerModule]:Debug Mode = ON
ERPImporta.exe: 000006AC: 09:08:18 [TUniGUISessionManager]:Cache erase job created, Folder count: [1]
ERPImporta.exe: 000006AC: 09:08:18 [TUniServerModule]:Starting HTTP Server on Port: 8077...
ERPImporta.exe: 000006AC: 09:08:18 [TUniServerModule]:HTTP Server Started on Port: 8077
ERPImporta.exe: 000008A4: 09:09:36 []:>--------------------------------------------------------------<
ERPImporta.exe: 000008A4: 09:09:36 [TUniServerModule]:Server First Init.
ERPImporta.exe: 000008A4: 09:09:36 [TUniServerModule]:Start Path = C:\Projetos_WEB\ERP_Importa\
ERPImporta.exe: 000008A4: 09:09:36 [TUniServerModule]:Debug Mode = ON
ERPImporta.exe: 000008A4: 09:09:36 [TUniGUISessionManager]:Cache erase job created, Folder count: [1]
ERPImporta.exe: 000008A4: 09:09:36 [TUniServerModule]:Starting HTTP Server on Port: 8077...
ERPImporta.exe: 000008A4: 09:09:36 [TUniServerModule]:HTTP Server Started on Port: 8077
ERPImporta.exe: 00000E50: 09:10:11 []:>--------------------------------------------------------------<
ERPImporta.exe: 00000E50: 09:10:11 [TUniServerModule]:Server First Init.
ERPImporta.exe: 00000E50: 09:10:11 [TUniServerModule]:Start Path = C:\Projetos_WEB\ERP_Importa\
ERPImporta.exe: 00000E50: 09:10:11 [TUniServerModule]:Debug Mode = ON
ERPImporta.exe: 00000E50: 09:10:11 [TUniGUISessionManager]:Cache erase job created, Folder count: [1]
ERPImporta.exe: 00000E50: 09:10:12 [TUniServerModule]:Starting HTTP Server on Port: 8077...
ERPImporta.exe: 00000E50: 09:10:12 [TUniServerModule]:HTTP Server Started on Port: 8077
ERPImporta.exe: 00001B68: 09:11:27 []:>--------------------------------------------------------------<
ERPImporta.exe: 00001B68: 09:11:27 [TUniServerModule]:Server First Init.
ERPImporta.exe: 00001B68: 09:11:27 [TUniServerModule]:Start Path = C:\Projetos_WEB\ERP_Importa\
ERPImporta.exe: 00001B68: 09:11:27 [TUniServerModule]:Debug Mode = ON
ERPImporta.exe: 00001B68: 09:11:27 [TUniServerModule]:Starting HTTP Server on Port: 8077...
ERPImporta.exe: 00001B68: 09:11:28 [TUniServerModule]:HTTP Server Started on Port: 8077
ERPImporta.exe: 00004864: 09:29:29 []:>--------------------------------------------------------------<
ERPImporta.exe: 00004864: 09:29:29 [TUniServerModule]:Server First Init.
ERPImporta.exe: 00004864: 09:29:29 [TUniServerModule]:Start Path = C:\Projetos_WEB\ERP_Importa\
ERPImporta.exe: 00004864: 09:29:29 [TUniServerModule]:Debug Mode = ON
ERPImporta.exe: 00004864: 09:29:30 [TUniServerModule]:Starting HTTP Server on Port: 8077...
ERPImporta.exe: 00004864: 09:29:30 [TUniServerModule]:HTTP Server Started on Port: 8077
ERPImporta.exe: 00001D7C: 09:30:51 []:>--------------------------------------------------------------<
ERPImporta.exe: 00001D7C: 09:30:51 [TUniServerModule]:Server First Init.
ERPImporta.exe: 00001D7C: 09:30:51 [TUniServerModule]:Start Path = C:\Projetos_WEB\ERP_Importa\
ERPImporta.exe: 00001D7C: 09:30:51 [TUniServerModule]:Debug Mode = ON
ERPImporta.exe: 00001D7C: 09:30:52 [TUniServerModule]:Starting HTTP Server on Port: 8077...
ERPImporta.exe: 00001D7C: 09:30:52 [TUniServerModule]:HTTP Server Started on Port: 8077
ERPImporta.exe: 00004750: 09:32:43 []:>--------------------------------------------------------------<
ERPImporta.exe: 00004750: 09:32:43 [TUniServerModule]:Server First Init.
ERPImporta.exe: 00004750: 09:32:43 [TUniServerModule]:Start Path = C:\Projetos_WEB\ERP_Importa\
ERPImporta.exe: 00004750: 09:32:43 [TUniServerModule]:Debug Mode = ON
ERPImporta.exe: 00004750: 09:32:43 [TUniServerModule]:Starting HTTP Server on Port: 8077...
ERPImporta.exe: 00004750: 09:32:43 [TUniServerModule]:HTTP Server Started on Port: 8077
ERPImporta.exe: 00004E90: 09:36:48 []:>--------------------------------------------------------------<
ERPImporta.exe: 00004E90: 09:36:48 [TUniServerModule]:Server First Init.
ERPImporta.exe: 00004E90: 09:36:48 [TUniServerModule]:Start Path = C:\Projetos_WEB\ERP_Importa\
ERPImporta.exe: 00004E90: 09:36:48 [TUniServerModule]:Debug Mode = ON
ERPImporta.exe: 00004E90: 09:36:49 [TUniServerModule]:Starting HTTP Server on Port: 8077...
ERPImporta.exe: 00004E90: 09:36:49 [TUniServerModule]:HTTP Server Started on Port: 8077
ERPImporta.exe: 00004334: 09:39:28 []:>--------------------------------------------------------------<
ERPImporta.exe: 00004334: 09:39:28 [TUniServerModule]:Server First Init.
ERPImporta.exe: 00004334: 09:39:28 [TUniServerModule]:Start Path = C:\Projetos_WEB\ERP_Importa\
ERPImporta.exe: 00004334: 09:39:28 [TUniServerModule]:Debug Mode = ON
ERPImporta.exe: 00004334: 09:39:28 [TUniServerModule]:Starting HTTP Server on Port: 8077...
ERPImporta.exe: 00004334: 09:39:28 [TUniServerModule]:HTTP Server Started on Port: 8077
ERPImporta.exe: 000045F4: 09:40:10 []:>--------------------------------------------------------------<
ERPImporta.exe: 000045F4: 09:40:10 [TUniServerModule]:Server First Init.
ERPImporta.exe: 000045F4: 09:40:10 [TUniServerModule]:Start Path = C:\Projetos_WEB\ERP_Importa\
ERPImporta.exe: 000045F4: 09:40:10 [TUniServerModule]:Debug Mode = ON
ERPImporta.exe: 000045F4: 09:40:11 [TUniServerModule]:Starting HTTP Server on Port: 8077...
ERPImporta.exe: 000045F4: 09:40:11 [TUniServerModule]:HTTP Server Started on Port: 8077
ERPImporta.exe: 00004860: 09:43:54 []:>--------------------------------------------------------------<
ERPImporta.exe: 00004860: 09:43:54 [TUniServerModule]:Server First Init.
ERPImporta.exe: 00004860: 09:43:54 [TUniServerModule]:Start Path = C:\Projetos_WEB\ERP_Importa\
ERPImporta.exe: 00004860: 09:43:54 [TUniServerModule]:Debug Mode = ON
ERPImporta.exe: 00004860: 09:43:54 [TUniServerModule]:Starting HTTP Server on Port: 8077...
ERPImporta.exe: 00004860: 09:43:54 [TUniServerModule]:HTTP Server Started on Port: 8077
ERPImporta.exe: 0000484C: 09:44:48 []:>--------------------------------------------------------------<
ERPImporta.exe: 0000484C: 09:44:48 [TUniServerModule]:Server First Init.
ERPImporta.exe: 0000484C: 09:44:48 [TUniServerModule]:Start Path = C:\Projetos_WEB\ERP_Importa\
ERPImporta.exe: 0000484C: 09:44:48 [TUniServerModule]:Debug Mode = ON
ERPImporta.exe: 0000484C: 09:44:48 [TUniServerModule]:Starting HTTP Server on Port: 8077...
ERPImporta.exe: 0000484C: 09:44:49 [TUniServerModule]:HTTP Server Started on Port: 8077
ERPImporta.exe: 000004D4: 09:47:07 []:>--------------------------------------------------------------<
ERPImporta.exe: 000004D4: 09:47:07 [TUniServerModule]:Server First Init.
ERPImporta.exe: 000004D4: 09:47:07 [TUniServerModule]:Start Path = C:\Projetos_WEB\ERP_Importa\
ERPImporta.exe: 000004D4: 09:47:07 [TUniServerModule]:Debug Mode = ON
ERPImporta.exe: 000004D4: 09:47:07 [TUniServerModule]:Starting HTTP Server on Port: 8077...
ERPImporta.exe: 000004D4: 09:47:07 [TUniServerModule]:HTTP Server Started on Port: 8077
ERPImporta.exe: 000049AC: 09:55:46 []:>--------------------------------------------------------------<
ERPImporta.exe: 000049AC: 09:55:46 [TUniServerModule]:Server First Init.
ERPImporta.exe: 000049AC: 09:55:46 [TUniServerModule]:Start Path = C:\Projetos_WEB\ERP_Importa\
ERPImporta.exe: 000049AC: 09:55:46 [TUniServerModule]:Debug Mode = ON
ERPImporta.exe: 000049AC: 09:55:46 [TUniServerModule]:Starting HTTP Server on Port: 8077...
ERPImporta.exe: 000049AC: 09:55:46 [TUniServerModule]:HTTP Server Started on Port: 8077
ERPImporta.exe: 0000317C: 09:59:44 []:>--------------------------------------------------------------<
ERPImporta.exe: 0000317C: 09:59:44 [TUniServerModule]:Server First Init.
ERPImporta.exe: 0000317C: 09:59:44 [TUniServerModule]:Start Path = C:\Projetos_WEB\ERP_Importa\
ERPImporta.exe: 0000317C: 09:59:44 [TUniServerModule]:Debug Mode = ON
ERPImporta.exe: 0000317C: 09:59:44 [TUniServerModule]:Starting HTTP Server on Port: 8077...
ERPImporta.exe: 0000317C: 09:59:44 [TUniServerModule]:HTTP Server Started on Port: 8077
ERPImporta.exe: 000037F0: 10:00:46 []:>--------------------------------------------------------------<
ERPImporta.exe: 000037F0: 10:00:46 [TUniServerModule]:Server First Init.
ERPImporta.exe: 000037F0: 10:00:46 [TUniServerModule]:Start Path = C:\Projetos_WEB\ERP_Importa\
ERPImporta.exe: 000037F0: 10:00:46 [TUniServerModule]:Debug Mode = ON
ERPImporta.exe: 000037F0: 10:00:47 [TUniServerModule]:Starting HTTP Server on Port: 8077...
ERPImporta.exe: 000037F0: 10:00:47 [TUniServerModule]:HTTP Server Started on Port: 8077
ERPImporta.exe: 0000429C: 10:06:33 []:>--------------------------------------------------------------<
ERPImporta.exe: 0000429C: 10:06:33 [TUniServerModule]:Server First Init.
ERPImporta.exe: 0000429C: 10:06:33 [TUniServerModule]:Start Path = C:\Projetos_WEB\ERP_Importa\
ERPImporta.exe: 0000429C: 10:06:33 [TUniServerModule]:Debug Mode = ON
ERPImporta.exe: 0000429C: 10:06:33 [TUniServerModule]:Starting HTTP Server on Port: 8077...
ERPImporta.exe: 0000429C: 10:06:33 [TUniServerModule]:HTTP Server Started on Port: 8077
ERPImporta.exe: 00004CB0: 10:07:08 []:>--------------------------------------------------------------<
ERPImporta.exe: 00004CB0: 10:07:08 [TUniServerModule]:Server First Init.
ERPImporta.exe: 00004CB0: 10:07:08 [TUniServerModule]:Start Path = C:\Projetos_WEB\ERP_Importa\
ERPImporta.exe: 00004CB0: 10:07:08 [TUniServerModule]:Debug Mode = ON
ERPImporta.exe: 00004CB0: 10:07:08 [TUniGUISessionManager]:Cache erase job created, Folder count: [1]
ERPImporta.exe: 00004CB0: 10:07:08 [TUniServerModule]:Starting HTTP Server on Port: 8077...
ERPImporta.exe: 00004CB0: 10:07:08 [TUniServerModule]:HTTP Server Started on Port: 8077
ERPImporta.exe: 000034F0: 10:07:37 []:>--------------------------------------------------------------<
ERPImporta.exe: 000034F0: 10:07:37 [TUniServerModule]:Server First Init.
ERPImporta.exe: 000034F0: 10:07:37 [TUniServerModule]:Start Path = C:\Projetos_WEB\ERP_Importa\
ERPImporta.exe: 000034F0: 10:07:37 [TUniServerModule]:Debug Mode = ON
ERPImporta.exe: 000034F0: 10:07:37 [TUniGUISessionManager]:Cache erase job created, Folder count: [1]
ERPImporta.exe: 000034F0: 10:07:37 [TUniServerModule]:Starting HTTP Server on Port: 8077...
ERPImporta.exe: 000034F0: 10:07:37 [TUniServerModule]:HTTP Server Started on Port: 8077
ERPImporta.exe: 00000CE0: 10:08:06 []:>--------------------------------------------------------------<
ERPImporta.exe: 00000CE0: 10:08:06 [TUniServerModule]:Server First Init.
ERPImporta.exe: 00000CE0: 10:08:06 [TUniServerModule]:Start Path = C:\Projetos_WEB\ERP_Importa\
ERPImporta.exe: 00000CE0: 10:08:06 [TUniServerModule]:Debug Mode = ON
ERPImporta.exe: 00000CE0: 10:08:06 [TUniGUISessionManager]:Cache erase job created, Folder count: [1]
ERPImporta.exe: 00000CE0: 10:08:06 [TUniServerModule]:Starting HTTP Server on Port: 8077...
ERPImporta.exe: 00000CE0: 10:08:06 [TUniServerModule]:HTTP Server Started on Port: 8077
ERPImporta.exe: 000031AC: 10:10:04 []:>--------------------------------------------------------------<
ERPImporta.exe: 000031AC: 10:10:04 [TUniServerModule]:Server First Init.
ERPImporta.exe: 000031AC: 10:10:04 [TUniServerModule]:Start Path = C:\Projetos_WEB\ERP_Importa\
ERPImporta.exe: 000031AC: 10:10:04 [TUniServerModule]:Debug Mode = ON
ERPImporta.exe: 000031AC: 10:10:04 [TUniGUISessionManager]:Cache erase job created, Folder count: [1]
ERPImporta.exe: 000031AC: 10:10:05 [TUniServerModule]:Starting HTTP Server on Port: 8077...
ERPImporta.exe: 000031AC: 10:10:05 [TUniServerModule]:HTTP Server Started on Port: 8077
ERPImporta.exe: 000032CC: 10:10:38 []:>--------------------------------------------------------------<
ERPImporta.exe: 000032CC: 10:10:38 [TUniServerModule]:Server First Init.
ERPImporta.exe: 000032CC: 10:10:38 [TUniServerModule]:Start Path = C:\Projetos_WEB\ERP_Importa\
ERPImporta.exe: 000032CC: 10:10:38 [TUniServerModule]:Debug Mode = ON
ERPImporta.exe: 000032CC: 10:10:38 [TUniGUISessionManager]:Cache erase job created, Folder count: [1]
ERPImporta.exe: 000032CC: 10:10:38 [TUniServerModule]:Starting HTTP Server on Port: 8077...
ERPImporta.exe: 000032CC: 10:10:39 [TUniServerModule]:HTTP Server Started on Port: 8077
ERPImporta.exe: 00000798: 10:11:23 []:>--------------------------------------------------------------<
ERPImporta.exe: 00000798: 10:11:23 [TUniServerModule]:Server First Init.
ERPImporta.exe: 00000798: 10:11:23 [TUniServerModule]:Start Path = C:\Projetos_WEB\ERP_Importa\
ERPImporta.exe: 00000798: 10:11:23 [TUniServerModule]:Debug Mode = ON
ERPImporta.exe: 00000798: 10:11:23 [TUniServerModule]:Starting HTTP Server on Port: 8077...
ERPImporta.exe: 00000798: 10:11:23 [TUniServerModule]:HTTP Server Started on Port: 8077
ERPImporta.exe: 00004608: 10:24:13 []:>--------------------------------------------------------------<
ERPImporta.exe: 00004608: 10:24:13 [TUniServerModule]:Server First Init.
ERPImporta.exe: 00004608: 10:24:13 [TUniServerModule]:Start Path = C:\Projetos_WEB\ERP_Importa\
ERPImporta.exe: 00004608: 10:24:13 [TUniServerModule]:Debug Mode = ON
ERPImporta.exe: 00004608: 10:24:13 [TUniServerModule]:Starting HTTP Server on Port: 8077...
ERPImporta.exe: 00004608: 10:24:13 [TUniServerModule]:HTTP Server Started on Port: 8077
ERPImporta.exe: 00002314: 10:52:16 []:>--------------------------------------------------------------<
ERPImporta.exe: 00002314: 10:52:16 [TUniServerModule]:Server First Init.
ERPImporta.exe: 00002314: 10:52:16 [TUniServerModule]:Start Path = C:\Projetos_WEB\ERP_Importa\
ERPImporta.exe: 00002314: 10:52:16 [TUniServerModule]:Debug Mode = ON
ERPImporta.exe: 00002314: 10:52:16 [TUniServerModule]:Starting HTTP Server on Port: 8077...
ERPImporta.exe: 00002314: 10:52:16 [TUniServerModule]:HTTP Server Started on Port: 8077
ERPImporta.exe: 00000ACC: 10:55:31 []:>--------------------------------------------------------------<
ERPImporta.exe: 00000ACC: 10:55:31 [TUniServerModule]:Server First Init.
ERPImporta.exe: 00000ACC: 10:55:31 [TUniServerModule]:Start Path = C:\Projetos_WEB\ERP_Importa\
ERPImporta.exe: 00000ACC: 10:55:31 [TUniServerModule]:Debug Mode = ON
ERPImporta.exe: 00000ACC: 10:55:31 [TUniGUISessionManager]:Cache erase job created, Folder count: [1]
ERPImporta.exe: 00000ACC: 10:55:31 [TUniServerModule]:Starting HTTP Server on Port: 8077...
ERPImporta.exe: 00000ACC: 10:55:32 [TUniServerModule]:HTTP Server Started on Port: 8077
ERPImporta.exe: 00005014: 10:59:42 []:>--------------------------------------------------------------<
ERPImporta.exe: 00005014: 10:59:42 [TUniServerModule]:Server First Init.
ERPImporta.exe: 00005014: 10:59:42 [TUniServerModule]:Start Path = C:\Projetos_WEB\ERP_Importa\
ERPImporta.exe: 00005014: 10:59:42 [TUniServerModule]:Debug Mode = ON
ERPImporta.exe: 00005014: 10:59:42 [TUniGUISessionManager]:Cache erase job created, Folder count: [1]
ERPImporta.exe: 00005014: 10:59:42 [TUniServerModule]:Starting HTTP Server on Port: 8077...
ERPImporta.exe: 00005014: 10:59:43 [TUniServerModule]:HTTP Server Started on Port: 8077
ERPImporta.exe: 0000379C: 11:01:41 []:>--------------------------------------------------------------<
ERPImporta.exe: 0000379C: 11:01:41 [TUniServerModule]:Server First Init.
ERPImporta.exe: 0000379C: 11:01:41 [TUniServerModule]:Start Path = C:\Projetos_WEB\ERP_Importa\
ERPImporta.exe: 0000379C: 11:01:41 [TUniServerModule]:Debug Mode = ON
ERPImporta.exe: 0000379C: 11:01:42 [TUniServerModule]:Starting HTTP Server on Port: 8077...
ERPImporta.exe: 0000379C: 11:01:42 [TUniServerModule]:HTTP Server Started on Port: 8077
ERPImporta.exe: 00002DC8: 11:03:26 []:>--------------------------------------------------------------<
ERPImporta.exe: 00002DC8: 11:03:26 [TUniServerModule]:Server First Init.
ERPImporta.exe: 00002DC8: 11:03:26 [TUniServerModule]:Start Path = C:\Projetos_WEB\ERP_Importa\
ERPImporta.exe: 00002DC8: 11:03:26 [TUniServerModule]:Debug Mode = ON
ERPImporta.exe: 00002DC8: 11:03:26 [TUniServerModule]:Starting HTTP Server on Port: 8077...
ERPImporta.exe: 00002DC8: 11:03:26 [TUniServerModule]:HTTP Server Started on Port: 8077
ERPImporta.exe: 00000CD4: 11:04:40 []:>--------------------------------------------------------------<
ERPImporta.exe: 00000CD4: 11:04:40 [TUniServerModule]:Server First Init.
ERPImporta.exe: 00000CD4: 11:04:40 [TUniServerModule]:Start Path = C:\Projetos_WEB\ERP_Importa\
ERPImporta.exe: 00000CD4: 11:04:40 [TUniServerModule]:Debug Mode = ON
ERPImporta.exe: 00000CD4: 11:04:40 [TUniGUISessionManager]:Cache erase job created, Folder count: [1]
ERPImporta.exe: 00000CD4: 11:04:40 [TUniServerModule]:Starting HTTP Server on Port: 8077...
ERPImporta.exe: 00000CD4: 11:04:40 [TUniServerModule]:HTTP Server Started on Port: 8077
ERPImporta.exe: 0000290C: 11:06:24 []:>--------------------------------------------------------------<
ERPImporta.exe: 0000290C: 11:06:24 [TUniServerModule]:Server First Init.
ERPImporta.exe: 0000290C: 11:06:24 [TUniServerModule]:Start Path = C:\Projetos_WEB\ERP_Importa\
ERPImporta.exe: 0000290C: 11:06:24 [TUniServerModule]:Debug Mode = ON
ERPImporta.exe: 0000290C: 11:06:24 [TUniGUISessionManager]:Cache erase job created, Folder count: [1]
ERPImporta.exe: 0000290C: 11:06:25 [TUniServerModule]:Starting HTTP Server on Port: 8077...
ERPImporta.exe: 0000290C: 11:06:25 [TUniServerModule]:HTTP Server Started on Port: 8077
ERPImporta.exe: 000046C8: 11:12:02 []:>--------------------------------------------------------------<
ERPImporta.exe: 000046C8: 11:12:02 [TUniServerModule]:Server First Init.
ERPImporta.exe: 000046C8: 11:12:02 [TUniServerModule]:Start Path = C:\Projetos_WEB\ERP_Importa\
ERPImporta.exe: 000046C8: 11:12:02 [TUniServerModule]:Debug Mode = ON
ERPImporta.exe: 000046C8: 11:12:02 [TUniGUISessionManager]:Cache erase job created, Folder count: [1]
ERPImporta.exe: 000046C8: 11:12:02 [TUniServerModule]:Starting HTTP Server on Port: 8077...
ERPImporta.exe: 000046C8: 11:12:02 [TUniServerModule]:HTTP Server Started on Port: 8077
ERPImporta.exe: 00004EE8: 11:12:07 [127.0.0.1]:EUniSessionException : Sessão inváilda ou tempo da sessão expirado. (Session not found: FuAJGVVj1X10CB7E7A8 ) : Addr: $007CE9EE
ERPImporta.exe: 000032CC: 11:12:07 [127.0.0.1]:EUniSessionException : Sessão inváilda ou tempo da sessão expirado. (Session not found: FuAJGVVj1X10CB7E7A8 ) : Addr: $007CE9EE
ERPImporta.exe: 000053E4: 11:12:21 []:>--------------------------------------------------------------<
ERPImporta.exe: 000053E4: 11:12:21 [TUniServerModule]:Server First Init.
ERPImporta.exe: 000053E4: 11:12:21 [TUniServerModule]:Start Path = C:\Projetos_WEB\ERP_Importa\
ERPImporta.exe: 000053E4: 11:12:21 [TUniServerModule]:Debug Mode = ON
ERPImporta.exe: 000053E4: 11:12:21 [TUniGUISessionManager]:Cache erase job created, Folder count: [1]
ERPImporta.exe: 000053E4: 11:12:21 [TUniServerModule]:Starting HTTP Server on Port: 8077...
ERPImporta.exe: 000053E4: 11:12:21 [TUniServerModule]:HTTP Server Started on Port: 8077
ERPImporta.exe: 00002D3C: 11:16:11 []:>--------------------------------------------------------------<
ERPImporta.exe: 00002D3C: 11:16:11 [TUniServerModule]:Server First Init.
ERPImporta.exe: 00002D3C: 11:16:11 [TUniServerModule]:Start Path = C:\Projetos_WEB\ERP_Importa\
ERPImporta.exe: 00002D3C: 11:16:11 [TUniServerModule]:Debug Mode = ON
ERPImporta.exe: 00002D3C: 11:16:11 [TUniServerModule]:Starting HTTP Server on Port: 8077...
ERPImporta.exe: 00002D3C: 11:16:11 [TUniServerModule]:HTTP Server Started on Port: 8077
ERPImporta.exe: 00005214: 11:17:09 []:>--------------------------------------------------------------<
ERPImporta.exe: 00005214: 11:17:09 [TUniServerModule]:Server First Init.
ERPImporta.exe: 00005214: 11:17:09 [TUniServerModule]:Start Path = C:\Projetos_WEB\ERP_Importa\
ERPImporta.exe: 00005214: 11:17:09 [TUniServerModule]:Debug Mode = ON
ERPImporta.exe: 00005214: 11:17:09 [TUniServerModule]:Starting HTTP Server on Port: 8077...
ERPImporta.exe: 00005214: 11:17:10 [TUniServerModule]:HTTP Server Started on Port: 8077
ERPImporta.exe: 00004DE8: 11:21:38 []:>--------------------------------------------------------------<
ERPImporta.exe: 00004DE8: 11:21:38 [TUniServerModule]:Server First Init.
ERPImporta.exe: 00004DE8: 11:21:38 [TUniServerModule]:Start Path = C:\Projetos_WEB\ERP_Importa\
ERPImporta.exe: 00004DE8: 11:21:38 [TUniServerModule]:Debug Mode = ON
ERPImporta.exe: 00004DE8: 11:21:39 [TUniServerModule]:Starting HTTP Server on Port: 8077...
ERPImporta.exe: 00004DE8: 11:21:39 [TUniServerModule]:HTTP Server Started on Port: 8077
ERPImporta.exe: 00000A44: 11:21:59 [cMemo_Processos: Field 'Memo_Processos' not found-127.0.0.1]:EDatabaseError : cMemo_Processos: Field 'Memo_Processos' not found : Addr: $0065756A
ERPImporta.exe: 00003C54: 11:22:24 []:>--------------------------------------------------------------<
ERPImporta.exe: 00003C54: 11:22:24 [TUniServerModule]:Server First Init.
ERPImporta.exe: 00003C54: 11:22:24 [TUniServerModule]:Start Path = C:\Projetos_WEB\ERP_Importa\
ERPImporta.exe: 00003C54: 11:22:24 [TUniServerModule]:Debug Mode = ON
ERPImporta.exe: 00003C54: 11:22:24 [TUniGUISessionManager]:Cache erase job created, Folder count: [1]
ERPImporta.exe: 00003C54: 11:22:24 [TUniServerModule]:Starting HTTP Server on Port: 8077...
ERPImporta.exe: 00003C54: 11:22:24 [TUniServerModule]:HTTP Server Started on Port: 8077
ERPImporta.exe: 00003BC4: 11:22:25 [127.0.0.1]:EUniSessionException : Sessão inváilda ou tempo da sessão expirado. (Session not found: k8Dhs9EVTC10CB7EBC9 ) : Addr: $007CE9EE
ERPImporta.exe: 0000031C: 11:22:25 [127.0.0.1]:EUniSessionException : Sessão inváilda ou tempo da sessão expirado. (Session not found: k8Dhs9EVTC10CB7EBC9 ) : Addr: $007CE9EE
ERPImporta.exe: 00001DB4: 11:22:25 [127.0.0.1]:EUniSessionException : Sessão inváilda ou tempo da sessão expirado. (Session not found: k8Dhs9EVTC10CB7EBC9 ) : Addr: $007CE9EE
ERPImporta.exe: 00003378: 11:22:25 [127.0.0.1]:EUniSessionException : Sessão inváilda ou tempo da sessão expirado. (Session not found: k8Dhs9EVTC10CB7EBC9 ) : Addr: $007CE9EE
