ERPImporta.exe: 00002B10: 08:59:04 []:>--------------------------------------------------------------<
ERPImporta.exe: 00002B10: 08:59:04 [TUniServerModule]:Server First Init.
ERPImporta.exe: 00002B10: 08:59:04 [TUniServerModule]:Start Path = C:\Projetos_WEB\ERP_Importa\
ERPImporta.exe: 00002B10: 08:59:04 [TUniServerModule]:Debug Mode = ON
ERPImporta.exe: 00002B10: 08:59:05 [TUniServerModule]:Starting HTTP Server on Port: 8077...
ERPImporta.exe: 00002B10: 08:59:05 [TUniServerModule]:HTTP Server Started on Port: 8077
ERPImporta.exe: 00001E68: 09:03:13 []:>--------------------------------------------------------------<
ERPImporta.exe: 00001E68: 09:03:13 [TUniServerModule]:Server First Init.
ERPImporta.exe: 00001E68: 09:03:13 [TUniServerModule]:Start Path = C:\Projetos_WEB\ERP_Importa\
ERPImporta.exe: 00001E68: 09:03:13 [TUniServerModule]:Debug Mode = ON
ERPImporta.exe: 00001E68: 09:03:13 [TUniGUISessionManager]:Cache erase job created, Folder count: [1]
ERPImporta.exe: 00001E68: 09:03:13 [TUniServerModule]:Starting HTTP Server on Port: 8077...
ERPImporta.exe: 00001E68: 09:03:13 [TUniServerModule]:HTTP Server Started on Port: 8077
ERPImporta.exe: 0000222C: 09:03:31 []:>--------------------------------------------------------------<
ERPImporta.exe: 0000222C: 09:03:31 [TUniServerModule]:Server First Init.
ERPImporta.exe: 0000222C: 09:03:31 [TUniServerModule]:Start Path = C:\Projetos_WEB\ERP_Importa\
ERPImporta.exe: 0000222C: 09:03:31 [TUniServerModule]:Debug Mode = ON
ERPImporta.exe: 0000222C: 09:03:31 [TUniServerModule]:Starting HTTP Server on Port: 8077...
ERPImporta.exe: 0000222C: 09:03:31 [TUniServerModule]:HTTP Server Started on Port: 8077
ERPImporta.exe: 00002280: 09:04:37 []:>--------------------------------------------------------------<
ERPImporta.exe: 00002280: 09:04:37 [TUniServerModule]:Server First Init.
ERPImporta.exe: 00002280: 09:04:37 [TUniServerModule]:Start Path = C:\Projetos_WEB\ERP_Importa\
ERPImporta.exe: 00002280: 09:04:37 [TUniServerModule]:Debug Mode = ON
ERPImporta.exe: 00002280: 09:04:37 [TUniGUISessionManager]:Cache erase job created, Folder count: [1]
ERPImporta.exe: 00002280: 09:04:37 [TUniServerModule]:Starting HTTP Server on Port: 8077...
ERPImporta.exe: 00002280: 09:04:37 [TUniServerModule]:HTTP Server Started on Port: 8077
ERPImporta.exe: 00003A10: 09:05:59 []:>--------------------------------------------------------------<
ERPImporta.exe: 00003A10: 09:05:59 [TUniServerModule]:Server First Init.
ERPImporta.exe: 00003A10: 09:05:59 [TUniServerModule]:Start Path = C:\Projetos_WEB\ERP_Importa\
ERPImporta.exe: 00003A10: 09:05:59 [TUniServerModule]:Debug Mode = ON
ERPImporta.exe: 00003A10: 09:05:59 [TUniGUISessionManager]:Cache erase job created, Folder count: [1]
ERPImporta.exe: 00003A10: 09:05:59 [TUniServerModule]:Starting HTTP Server on Port: 8077...
ERPImporta.exe: 00003A10: 09:05:59 [TUniServerModule]:HTTP Server Started on Port: 8077
ERPImporta.exe: 000038D0: 09:07:47 []:>--------------------------------------------------------------<
ERPImporta.exe: 000038D0: 09:07:47 [TUniServerModule]:Server First Init.
ERPImporta.exe: 000038D0: 09:07:47 [TUniServerModule]:Start Path = C:\Projetos_WEB\ERP_Importa\
ERPImporta.exe: 000038D0: 09:07:47 [TUniServerModule]:Debug Mode = ON
ERPImporta.exe: 000038D0: 09:07:47 [TUniGUISessionManager]:Cache erase job created, Folder count: [1]
ERPImporta.exe: 000038D0: 09:07:47 [TUniServerModule]:Starting HTTP Server on Port: 8077...
ERPImporta.exe: 000038D0: 09:07:47 [TUniServerModule]:HTTP Server Started on Port: 8077
ERPImporta.exe: 00000F04: 09:09:27 []:>--------------------------------------------------------------<
ERPImporta.exe: 00000F04: 09:09:27 [TUniServerModule]:Server First Init.
ERPImporta.exe: 00000F04: 09:09:27 [TUniServerModule]:Start Path = C:\Projetos_WEB\ERP_Importa\
ERPImporta.exe: 00000F04: 09:09:27 [TUniServerModule]:Debug Mode = ON
ERPImporta.exe: 00000F04: 09:09:27 [TUniGUISessionManager]:Cache erase job created, Folder count: [1]
ERPImporta.exe: 00000F04: 09:09:28 [TUniServerModule]:Starting HTTP Server on Port: 8077...
ERPImporta.exe: 00000F04: 09:09:28 [TUniServerModule]:HTTP Server Started on Port: 8077
ERPImporta.exe: 000008B0: 09:09:41 []:>--------------------------------------------------------------<
ERPImporta.exe: 000008B0: 09:09:41 [TUniServerModule]:Server First Init.
ERPImporta.exe: 000008B0: 09:09:41 [TUniServerModule]:Start Path = C:\Projetos_WEB\ERP_Importa\
ERPImporta.exe: 000008B0: 09:09:41 [TUniServerModule]:Debug Mode = ON
ERPImporta.exe: 000008B0: 09:09:41 [TUniGUISessionManager]:Cache erase job created, Folder count: [1]
ERPImporta.exe: 000008B0: 09:09:42 [TUniServerModule]:Starting HTTP Server on Port: 8077...
ERPImporta.exe: 000008B0: 09:09:42 [TUniServerModule]:HTTP Server Started on Port: 8077
ERPImporta.exe: 000009E0: 09:09:48 [127.0.0.1]:EUniSessionException : Sessão inváilda ou tempo da sessão expirado. (Session not found: BhdtWWX4Fs10BDA86D9 ) : Addr: $007AD8FA
ERPImporta.exe: 00003224: 09:10:35 []:>--------------------------------------------------------------<
ERPImporta.exe: 00003224: 09:10:35 [TUniServerModule]:Server First Init.
ERPImporta.exe: 00003224: 09:10:35 [TUniServerModule]:Start Path = C:\Projetos_WEB\ERP_Importa\
ERPImporta.exe: 00003224: 09:10:35 [TUniServerModule]:Debug Mode = ON
ERPImporta.exe: 00003224: 09:10:35 [TUniGUISessionManager]:Cache erase job created, Folder count: [1]
ERPImporta.exe: 00003224: 09:10:35 [TUniServerModule]:Starting HTTP Server on Port: 8077...
ERPImporta.exe: 00003224: 09:10:35 [TUniServerModule]:HTTP Server Started on Port: 8077
ERPImporta.exe: 00001BB8: 09:12:07 []:>--------------------------------------------------------------<
ERPImporta.exe: 00001BB8: 09:12:07 [TUniServerModule]:Server First Init.
ERPImporta.exe: 00001BB8: 09:12:07 [TUniServerModule]:Start Path = C:\Projetos_WEB\ERP_Importa\
ERPImporta.exe: 00001BB8: 09:12:07 [TUniServerModule]:Debug Mode = ON
ERPImporta.exe: 00001BB8: 09:12:07 [TUniGUISessionManager]:Cache erase job created, Folder count: [1]
ERPImporta.exe: 00001BB8: 09:12:07 [TUniServerModule]:Starting HTTP Server on Port: 8077...
ERPImporta.exe: 00001BB8: 09:12:07 [TUniServerModule]:HTTP Server Started on Port: 8077
ERPImporta.exe: 00001C50: 09:12:55 []:>--------------------------------------------------------------<
ERPImporta.exe: 00001C50: 09:12:55 [TUniServerModule]:Server First Init.
ERPImporta.exe: 00001C50: 09:12:55 [TUniServerModule]:Start Path = C:\Projetos_WEB\ERP_Importa\
ERPImporta.exe: 00001C50: 09:12:55 [TUniServerModule]:Debug Mode = ON
ERPImporta.exe: 00001C50: 09:12:55 [TUniServerModule]:Starting HTTP Server on Port: 8077...
ERPImporta.exe: 00001C50: 09:12:55 [TUniServerModule]:HTTP Server Started on Port: 8077
ERPImporta.exe: 00002E68: 09:13:50 []:>--------------------------------------------------------------<
ERPImporta.exe: 00002E68: 09:13:50 [TUniServerModule]:Server First Init.
ERPImporta.exe: 00002E68: 09:13:50 [TUniServerModule]:Start Path = C:\Projetos_WEB\ERP_Importa\
ERPImporta.exe: 00002E68: 09:13:50 [TUniServerModule]:Debug Mode = ON
ERPImporta.exe: 00002E68: 09:13:50 [TUniGUISessionManager]:Cache erase job created, Folder count: [1]
ERPImporta.exe: 00002E68: 09:13:50 [TUniServerModule]:Starting HTTP Server on Port: 8077...
ERPImporta.exe: 00002E68: 09:13:50 [TUniServerModule]:HTTP Server Started on Port: 8077
ERPImporta.exe: 00001618: 09:16:03 []:>--------------------------------------------------------------<
ERPImporta.exe: 00001618: 09:16:03 [TUniServerModule]:Server First Init.
ERPImporta.exe: 00001618: 09:16:03 [TUniServerModule]:Start Path = C:\Projetos_WEB\ERP_Importa\
ERPImporta.exe: 00001618: 09:16:03 [TUniServerModule]:Debug Mode = ON
ERPImporta.exe: 00001618: 09:16:04 [TUniServerModule]:Starting HTTP Server on Port: 8077...
ERPImporta.exe: 00001618: 09:16:04 [TUniServerModule]:HTTP Server Started on Port: 8077
ERPImporta.exe: 000019C0: 09:19:24 []:>--------------------------------------------------------------<
ERPImporta.exe: 000019C0: 09:19:24 [TUniServerModule]:Server First Init.
ERPImporta.exe: 000019C0: 09:19:24 [TUniServerModule]:Start Path = C:\Projetos_WEB\ERP_Importa\
ERPImporta.exe: 000019C0: 09:19:24 [TUniServerModule]:Debug Mode = ON
ERPImporta.exe: 000019C0: 09:19:24 [TUniGUISessionManager]:Cache erase job created, Folder count: [1]
ERPImporta.exe: 000019C0: 09:19:25 [TUniServerModule]:Starting HTTP Server on Port: 8077...
ERPImporta.exe: 000019C0: 09:19:25 [TUniServerModule]:HTTP Server Started on Port: 8077
ERPImporta.exe: 00001970: 09:20:28 []:>--------------------------------------------------------------<
ERPImporta.exe: 00001970: 09:20:28 [TUniServerModule]:Server First Init.
ERPImporta.exe: 00001970: 09:20:28 [TUniServerModule]:Start Path = C:\Projetos_WEB\ERP_Importa\
ERPImporta.exe: 00001970: 09:20:28 [TUniServerModule]:Debug Mode = ON
ERPImporta.exe: 00001970: 09:20:29 [TUniServerModule]:Starting HTTP Server on Port: 8077...
ERPImporta.exe: 00001970: 09:20:29 [TUniServerModule]:HTTP Server Started on Port: 8077
ERPImporta.exe: 000032CC: 09:21:51 []:>--------------------------------------------------------------<
ERPImporta.exe: 000032CC: 09:21:51 [TUniServerModule]:Server First Init.
ERPImporta.exe: 000032CC: 09:21:51 [TUniServerModule]:Start Path = C:\Projetos_WEB\ERP_Importa\
ERPImporta.exe: 000032CC: 09:21:51 [TUniServerModule]:Debug Mode = ON
ERPImporta.exe: 000032CC: 09:21:52 [TUniServerModule]:Starting HTTP Server on Port: 8077...
ERPImporta.exe: 000032CC: 09:21:52 [TUniServerModule]:HTTP Server Started on Port: 8077
ERPImporta.exe: 00000DF4: 09:23:03 []:>--------------------------------------------------------------<
ERPImporta.exe: 00000DF4: 09:23:03 [TUniServerModule]:Server First Init.
ERPImporta.exe: 00000DF4: 09:23:03 [TUniServerModule]:Start Path = C:\Projetos_WEB\ERP_Importa\
ERPImporta.exe: 00000DF4: 09:23:03 [TUniServerModule]:Debug Mode = ON
ERPImporta.exe: 00000DF4: 09:23:03 [TUniServerModule]:Starting HTTP Server on Port: 8077...
ERPImporta.exe: 00000DF4: 09:23:03 [TUniServerModule]:HTTP Server Started on Port: 8077
ERPImporta.exe: 000037EC: 09:29:45 []:>--------------------------------------------------------------<
ERPImporta.exe: 000037EC: 09:29:45 [TUniServerModule]:Server First Init.
ERPImporta.exe: 000037EC: 09:29:45 [TUniServerModule]:Start Path = C:\Projetos_WEB\ERP_Importa\
ERPImporta.exe: 000037EC: 09:29:45 [TUniServerModule]:Debug Mode = ON
ERPImporta.exe: 000037EC: 09:29:46 [TUniServerModule]:Starting HTTP Server on Port: 8077...
ERPImporta.exe: 000037EC: 09:29:46 [TUniServerModule]:HTTP Server Started on Port: 8077
ERPImporta.exe: 00003868: 09:31:17 []:>--------------------------------------------------------------<
ERPImporta.exe: 00003868: 09:31:17 [TUniServerModule]:Server First Init.
ERPImporta.exe: 00003868: 09:31:17 [TUniServerModule]:Start Path = C:\Projetos_WEB\ERP_Importa\
ERPImporta.exe: 00003868: 09:31:17 [TUniServerModule]:Debug Mode = ON
ERPImporta.exe: 00003868: 09:31:17 [TUniGUISessionManager]:Cache erase job created, Folder count: [1]
ERPImporta.exe: 00003868: 09:31:17 [TUniServerModule]:Starting HTTP Server on Port: 8077...
ERPImporta.exe: 00003868: 09:31:17 [TUniServerModule]:HTTP Server Started on Port: 8077
ERPImporta.exe: 00001908: 09:31:55 []:>--------------------------------------------------------------<
ERPImporta.exe: 00001908: 09:31:55 [TUniServerModule]:Server First Init.
ERPImporta.exe: 00001908: 09:31:55 [TUniServerModule]:Start Path = C:\Projetos_WEB\ERP_Importa\
ERPImporta.exe: 00001908: 09:31:55 [TUniServerModule]:Debug Mode = ON
ERPImporta.exe: 00001908: 09:31:55 [TUniGUISessionManager]:Cache erase job created, Folder count: [1]
ERPImporta.exe: 00001908: 09:31:56 [TUniServerModule]:Starting HTTP Server on Port: 8077...
ERPImporta.exe: 00001908: 09:31:56 [TUniServerModule]:HTTP Server Started on Port: 8077
ERPImporta.exe: 0000345C: 09:32:38 []:>--------------------------------------------------------------<
ERPImporta.exe: 0000345C: 09:32:38 [TUniServerModule]:Server First Init.
ERPImporta.exe: 0000345C: 09:32:38 [TUniServerModule]:Start Path = C:\Projetos_WEB\ERP_Importa\
ERPImporta.exe: 0000345C: 09:32:38 [TUniServerModule]:Debug Mode = ON
ERPImporta.exe: 0000345C: 09:32:39 [TUniServerModule]:Starting HTTP Server on Port: 8077...
ERPImporta.exe: 0000345C: 09:32:39 [TUniServerModule]:HTTP Server Started on Port: 8077
ERPImporta.exe: 00001A54: 09:35:54 []:>--------------------------------------------------------------<
ERPImporta.exe: 00001A54: 09:35:54 [TUniServerModule]:Server First Init.
ERPImporta.exe: 00001A54: 09:35:54 [TUniServerModule]:Start Path = C:\Projetos_WEB\ERP_Importa\
ERPImporta.exe: 00001A54: 09:35:54 [TUniServerModule]:Debug Mode = ON
ERPImporta.exe: 00001A54: 09:35:54 [TUniServerModule]:Starting HTTP Server on Port: 8077...
ERPImporta.exe: 00001A54: 09:35:54 [TUniServerModule]:HTTP Server Started on Port: 8077
ERPImporta.exe: 00002F40: 09:37:41 []:>--------------------------------------------------------------<
ERPImporta.exe: 00002F40: 09:37:41 [TUniServerModule]:Server First Init.
ERPImporta.exe: 00002F40: 09:37:41 [TUniServerModule]:Start Path = C:\Projetos_WEB\ERP_Importa\
ERPImporta.exe: 00002F40: 09:37:41 [TUniServerModule]:Debug Mode = ON
ERPImporta.exe: 00002F40: 09:37:42 [TUniServerModule]:Starting HTTP Server on Port: 8077...
ERPImporta.exe: 00002F40: 09:37:42 [TUniServerModule]:HTTP Server Started on Port: 8077
ERPImporta.exe: 00000638: 09:41:08 []:>--------------------------------------------------------------<
ERPImporta.exe: 00000638: 09:41:08 [TUniServerModule]:Server First Init.
ERPImporta.exe: 00000638: 09:41:08 [TUniServerModule]:Start Path = C:\Projetos_WEB\ERP_Importa\
ERPImporta.exe: 00000638: 09:41:08 [TUniServerModule]:Debug Mode = ON
ERPImporta.exe: 00000638: 09:41:08 [TUniGUISessionManager]:Cache erase job created, Folder count: [1]
ERPImporta.exe: 00000638: 09:41:08 [TUniServerModule]:Starting HTTP Server on Port: 8077...
ERPImporta.exe: 00000638: 09:41:09 [TUniServerModule]:HTTP Server Started on Port: 8077
ERPImporta.exe: 000017E4: 09:43:21 []:>--------------------------------------------------------------<
ERPImporta.exe: 000017E4: 09:43:21 [TUniServerModule]:Server First Init.
ERPImporta.exe: 000017E4: 09:43:21 [TUniServerModule]:Start Path = C:\Projetos_WEB\ERP_Importa\
ERPImporta.exe: 000017E4: 09:43:21 [TUniServerModule]:Debug Mode = ON
ERPImporta.exe: 000017E4: 09:43:21 [TUniGUISessionManager]:Cache erase job created, Folder count: [1]
ERPImporta.exe: 000017E4: 09:43:22 [TUniServerModule]:Starting HTTP Server on Port: 8077...
ERPImporta.exe: 000017E4: 09:43:22 [TUniServerModule]:HTTP Server Started on Port: 8077
ERPImporta.exe: 00000850: 09:45:06 []:>--------------------------------------------------------------<
ERPImporta.exe: 00000850: 09:45:06 [TUniServerModule]:Server First Init.
ERPImporta.exe: 00000850: 09:45:06 [TUniServerModule]:Start Path = C:\Projetos_WEB\ERP_Importa\
ERPImporta.exe: 00000850: 09:45:06 [TUniServerModule]:Debug Mode = ON
ERPImporta.exe: 00000850: 09:45:06 [TUniGUISessionManager]:Cache erase job created, Folder count: [1]
ERPImporta.exe: 00000850: 09:45:07 [TUniServerModule]:Starting HTTP Server on Port: 8077...
ERPImporta.exe: 00000850: 09:45:07 [TUniServerModule]:HTTP Server Started on Port: 8077
ERPImporta.exe: 00000EA0: 09:47:14 []:>--------------------------------------------------------------<
ERPImporta.exe: 00000EA0: 09:47:14 [TUniServerModule]:Server First Init.
ERPImporta.exe: 00000EA0: 09:47:14 [TUniServerModule]:Start Path = C:\Projetos_WEB\ERP_Importa\
ERPImporta.exe: 00000EA0: 09:47:14 [TUniServerModule]:Debug Mode = ON
ERPImporta.exe: 00000EA0: 09:47:14 [TUniServerModule]:Starting HTTP Server on Port: 8077...
ERPImporta.exe: 00000EA0: 09:47:14 [TUniServerModule]:HTTP Server Started on Port: 8077
ERPImporta.exe: 00002A34: 09:48:51 []:>--------------------------------------------------------------<
ERPImporta.exe: 00002A34: 09:48:51 [TUniServerModule]:Server First Init.
ERPImporta.exe: 00002A34: 09:48:51 [TUniServerModule]:Start Path = C:\Projetos_WEB\ERP_Importa\
ERPImporta.exe: 00002A34: 09:48:51 [TUniServerModule]:Debug Mode = ON
ERPImporta.exe: 00002A34: 09:48:51 [TUniGUISessionManager]:Cache erase job created, Folder count: [1]
ERPImporta.exe: 00002A34: 09:48:51 [TUniServerModule]:Starting HTTP Server on Port: 8077...
ERPImporta.exe: 00002A34: 09:48:51 [TUniServerModule]:HTTP Server Started on Port: 8077
ERPImporta.exe: 000016B0: 09:50:27 []:>--------------------------------------------------------------<
ERPImporta.exe: 000016B0: 09:50:27 [TUniServerModule]:Server First Init.
ERPImporta.exe: 000016B0: 09:50:27 [TUniServerModule]:Start Path = C:\Projetos_WEB\ERP_Importa\
ERPImporta.exe: 000016B0: 09:50:27 [TUniServerModule]:Debug Mode = ON
ERPImporta.exe: 000016B0: 09:50:28 [TUniServerModule]:Starting HTTP Server on Port: 8077...
ERPImporta.exe: 000016B0: 09:50:28 [TUniServerModule]:HTTP Server Started on Port: 8077
ERPImporta.exe: 00001500: 09:51:46 [127.0.0.1]:EMSSQLNativeException : [FireDAC][Phys][ODBC][Microsoft][SQL Server Native Client 11.0][SQL Server]Invalid column name 'Numero'. : Addr: $008BB2F5
ERPImporta.exe: 00001EF0: 09:56:52 []:>--------------------------------------------------------------<
ERPImporta.exe: 00001EF0: 09:56:52 [TUniServerModule]:Server First Init.
ERPImporta.exe: 00001EF0: 09:56:52 [TUniServerModule]:Start Path = C:\Projetos_WEB\ERP_Importa\
ERPImporta.exe: 00001EF0: 09:56:52 [TUniServerModule]:Debug Mode = ON
ERPImporta.exe: 00001EF0: 09:56:52 [TUniGUISessionManager]:Cache erase job created, Folder count: [1]
ERPImporta.exe: 00001EF0: 09:56:53 [TUniServerModule]:Starting HTTP Server on Port: 8077...
ERPImporta.exe: 00001EF0: 09:56:53 [TUniServerModule]:HTTP Server Started on Port: 8077
ERPImporta.exe: 00000F44: 09:57:07 [127.0.0.1]:EDatabaseError : Lancamentos: Field 'Numero' not found : Addr: $0065727A
ERPImporta.exe: 0000128C: 09:57:58 []:>--------------------------------------------------------------<
ERPImporta.exe: 0000128C: 09:57:58 [TUniServerModule]:Server First Init.
ERPImporta.exe: 0000128C: 09:57:58 [TUniServerModule]:Start Path = C:\Projetos_WEB\ERP_Importa\
ERPImporta.exe: 0000128C: 09:57:58 [TUniServerModule]:Debug Mode = ON
ERPImporta.exe: 0000128C: 09:57:58 [TUniGUISessionManager]:Cache erase job created, Folder count: [1]
ERPImporta.exe: 0000128C: 09:57:58 [TUniServerModule]:Starting HTTP Server on Port: 8077...
ERPImporta.exe: 0000128C: 09:57:59 [TUniServerModule]:HTTP Server Started on Port: 8077
ERPImporta.exe: 00003218: 09:59:29 []:>--------------------------------------------------------------<
ERPImporta.exe: 00003218: 09:59:29 [TUniServerModule]:Server First Init.
ERPImporta.exe: 00003218: 09:59:29 [TUniServerModule]:Start Path = C:\Projetos_WEB\ERP_Importa\
ERPImporta.exe: 00003218: 09:59:29 [TUniServerModule]:Debug Mode = ON
ERPImporta.exe: 00003218: 09:59:29 [TUniServerModule]:Starting HTTP Server on Port: 8077...
ERPImporta.exe: 00003218: 09:59:29 [TUniServerModule]:HTTP Server Started on Port: 8077
ERPImporta.exe: 00002CFC: 10:00:37 []:>--------------------------------------------------------------<
ERPImporta.exe: 00002CFC: 10:00:37 [TUniServerModule]:Server First Init.
ERPImporta.exe: 00002CFC: 10:00:37 [TUniServerModule]:Start Path = C:\Projetos_WEB\ERP_Importa\
ERPImporta.exe: 00002CFC: 10:00:37 [TUniServerModule]:Debug Mode = ON
ERPImporta.exe: 00002CFC: 10:00:37 [TUniGUISessionManager]:Cache erase job created, Folder count: [1]
ERPImporta.exe: 00002CFC: 10:00:37 [TUniServerModule]:Starting HTTP Server on Port: 8077...
ERPImporta.exe: 00002CFC: 10:00:37 [TUniServerModule]:HTTP Server Started on Port: 8077
ERPImporta.exe: 0000166C: 10:05:11 []:>--------------------------------------------------------------<
ERPImporta.exe: 0000166C: 10:05:11 [TUniServerModule]:Server First Init.
ERPImporta.exe: 0000166C: 10:05:11 [TUniServerModule]:Start Path = C:\Projetos_WEB\ERP_Importa\
ERPImporta.exe: 0000166C: 10:05:11 [TUniServerModule]:Debug Mode = ON
ERPImporta.exe: 0000166C: 10:05:11 [TUniGUISessionManager]:Cache erase job created, Folder count: [1]
ERPImporta.exe: 0000166C: 10:05:11 [TUniServerModule]:Starting HTTP Server on Port: 8077...
ERPImporta.exe: 0000166C: 10:05:11 [TUniServerModule]:HTTP Server Started on Port: 8077
ERPImporta.exe: 000003A8: 10:08:24 []:>--------------------------------------------------------------<
ERPImporta.exe: 000003A8: 10:08:24 [TUniServerModule]:Server First Init.
ERPImporta.exe: 000003A8: 10:08:24 [TUniServerModule]:Start Path = C:\Projetos_WEB\ERP_Importa\
ERPImporta.exe: 000003A8: 10:08:24 [TUniServerModule]:Debug Mode = ON
ERPImporta.exe: 000003A8: 10:08:24 [TUniServerModule]:Starting HTTP Server on Port: 8077...
ERPImporta.exe: 000003A8: 10:08:24 [TUniServerModule]:HTTP Server Started on Port: 8077
ERPImporta.exe: 00002510: 10:10:14 []:>--------------------------------------------------------------<
ERPImporta.exe: 00002510: 10:10:14 [TUniServerModule]:Server First Init.
ERPImporta.exe: 00002510: 10:10:14 [TUniServerModule]:Start Path = C:\Projetos_WEB\ERP_Importa\
ERPImporta.exe: 00002510: 10:10:14 [TUniServerModule]:Debug Mode = ON
ERPImporta.exe: 00002510: 10:10:14 [TUniGUISessionManager]:Cache erase job created, Folder count: [1]
ERPImporta.exe: 00002510: 10:10:14 [TUniServerModule]:Starting HTTP Server on Port: 8077...
ERPImporta.exe: 00002510: 10:10:14 [TUniServerModule]:HTTP Server Started on Port: 8077
ERPImporta.exe: 00002440: 10:12:26 [127.0.0.1]:EMSSQLNativeException : [FireDAC][Phys][ODBC][Microsoft][SQL Server Native Client 11.0][SQL Server]Invalid column name 'Numero'. : Addr: $008BB2F5
ERPImporta.exe: 00001654: 10:15:41 []:>--------------------------------------------------------------<
ERPImporta.exe: 00001654: 10:15:41 [TUniServerModule]:Server First Init.
ERPImporta.exe: 00001654: 10:15:41 [TUniServerModule]:Start Path = C:\Projetos_WEB\ERP_Importa\
ERPImporta.exe: 00001654: 10:15:41 [TUniServerModule]:Debug Mode = ON
ERPImporta.exe: 00001654: 10:15:41 [TUniServerModule]:Starting HTTP Server on Port: 8077...
ERPImporta.exe: 00001654: 10:15:41 [TUniServerModule]:HTTP Server Started on Port: 8077
ERPImporta.exe: 00000AC0: 10:40:16 []:>--------------------------------------------------------------<
ERPImporta.exe: 00000AC0: 10:40:16 [TUniServerModule]:Server First Init.
ERPImporta.exe: 00000AC0: 10:40:16 [TUniServerModule]:Start Path = C:\Projetos_WEB\ERP_Importa\
ERPImporta.exe: 00000AC0: 10:40:16 [TUniServerModule]:Debug Mode = ON
ERPImporta.exe: 00000AC0: 10:40:16 [TUniGUISessionManager]:Cache erase job created, Folder count: [1]
ERPImporta.exe: 00000AC0: 10:40:17 [TUniServerModule]:Starting HTTP Server on Port: 8077...
ERPImporta.exe: 00000AC0: 10:40:17 [TUniServerModule]:HTTP Server Started on Port: 8077
ERPImporta.exe: 000010C8: 10:41:02 []:>--------------------------------------------------------------<
ERPImporta.exe: 000010C8: 10:41:02 [TUniServerModule]:Server First Init.
ERPImporta.exe: 000010C8: 10:41:02 [TUniServerModule]:Start Path = C:\Projetos_WEB\ERP_Importa\
ERPImporta.exe: 000010C8: 10:41:02 [TUniServerModule]:Debug Mode = ON
ERPImporta.exe: 000010C8: 10:41:02 [TUniGUISessionManager]:Cache erase job created, Folder count: [1]
ERPImporta.exe: 000010C8: 10:41:02 [TUniServerModule]:Starting HTTP Server on Port: 8077...
ERPImporta.exe: 000010C8: 10:41:02 [TUniServerModule]:HTTP Server Started on Port: 8077
ERPImporta.exe: 00001618: 10:41:31 [127.0.0.1]:EUniSessionException : Sessão inváilda ou tempo da sessão expirado. (Session not found: E4bHZtC9KZ10BDA9FF1 ) : Addr: $007AD8FA
ERPImporta.exe: 00003260: 10:46:37 []:>--------------------------------------------------------------<
ERPImporta.exe: 00003260: 10:46:37 [TUniServerModule]:Server First Init.
ERPImporta.exe: 00003260: 10:46:37 [TUniServerModule]:Start Path = C:\Projetos_WEB\ERP_Importa\
ERPImporta.exe: 00003260: 10:46:37 [TUniServerModule]:Debug Mode = ON
ERPImporta.exe: 00003260: 10:46:38 [TUniServerModule]:Starting HTTP Server on Port: 8077...
ERPImporta.exe: 00003260: 10:46:38 [TUniServerModule]:HTTP Server Started on Port: 8077
ERPImporta.exe: 00000778: 10:48:07 []:>--------------------------------------------------------------<
ERPImporta.exe: 00000778: 10:48:07 [TUniServerModule]:Server First Init.
ERPImporta.exe: 00000778: 10:48:07 [TUniServerModule]:Start Path = C:\Projetos_WEB\ERP_Importa\
ERPImporta.exe: 00000778: 10:48:07 [TUniServerModule]:Debug Mode = ON
ERPImporta.exe: 00000778: 10:48:07 [TUniGUISessionManager]:Cache erase job created, Folder count: [1]
ERPImporta.exe: 00000778: 10:48:07 [TUniServerModule]:Starting HTTP Server on Port: 8077...
ERPImporta.exe: 00000778: 10:48:07 [TUniServerModule]:HTTP Server Started on Port: 8077
ERPImporta.exe: 00000CDC: 10:48:46 []:>--------------------------------------------------------------<
ERPImporta.exe: 00000CDC: 10:48:46 [TUniServerModule]:Server First Init.
ERPImporta.exe: 00000CDC: 10:48:46 [TUniServerModule]:Start Path = C:\Projetos_WEB\ERP_Importa\
ERPImporta.exe: 00000CDC: 10:48:46 [TUniServerModule]:Debug Mode = ON
ERPImporta.exe: 00000CDC: 10:48:47 [TUniServerModule]:Starting HTTP Server on Port: 8077...
ERPImporta.exe: 00000CDC: 10:48:47 [TUniServerModule]:HTTP Server Started on Port: 8077
ERPImporta.exe: 00001EF8: 10:49:36 []:>--------------------------------------------------------------<
ERPImporta.exe: 00001EF8: 10:49:36 [TUniServerModule]:Server First Init.
ERPImporta.exe: 00001EF8: 10:49:36 [TUniServerModule]:Start Path = C:\Projetos_WEB\ERP_Importa\
ERPImporta.exe: 00001EF8: 10:49:36 [TUniServerModule]:Debug Mode = ON
ERPImporta.exe: 00001EF8: 10:49:36 [TUniGUISessionManager]:Cache erase job created, Folder count: [1]
ERPImporta.exe: 00001EF8: 10:49:36 [TUniServerModule]:Starting HTTP Server on Port: 8077...
ERPImporta.exe: 00001EF8: 10:49:36 [TUniServerModule]:HTTP Server Started on Port: 8077
ERPImporta.exe: 00001890: 10:51:22 []:>--------------------------------------------------------------<
ERPImporta.exe: 00001890: 10:51:22 [TUniServerModule]:Server First Init.
ERPImporta.exe: 00001890: 10:51:22 [TUniServerModule]:Start Path = C:\Projetos_WEB\ERP_Importa\
ERPImporta.exe: 00001890: 10:51:22 [TUniServerModule]:Debug Mode = ON
ERPImporta.exe: 00001890: 10:51:22 [TUniServerModule]:Starting HTTP Server on Port: 8077...
ERPImporta.exe: 00001890: 10:51:22 [TUniServerModule]:HTTP Server Started on Port: 8077
ERPImporta.exe: 0000378C: 10:54:18 []:>--------------------------------------------------------------<
ERPImporta.exe: 0000378C: 10:54:18 [TUniServerModule]:Server First Init.
ERPImporta.exe: 0000378C: 10:54:18 [TUniServerModule]:Start Path = C:\Projetos_WEB\ERP_Importa\
ERPImporta.exe: 0000378C: 10:54:18 [TUniServerModule]:Debug Mode = ON
ERPImporta.exe: 0000378C: 10:54:18 [TUniServerModule]:Starting HTTP Server on Port: 8077...
ERPImporta.exe: 0000378C: 10:54:18 [TUniServerModule]:HTTP Server Started on Port: 8077
ERPImporta.exe: 00002244: 10:57:18 []:>--------------------------------------------------------------<
ERPImporta.exe: 00002244: 10:57:18 [TUniServerModule]:Server First Init.
ERPImporta.exe: 00002244: 10:57:18 [TUniServerModule]:Start Path = C:\Projetos_WEB\ERP_Importa\
ERPImporta.exe: 00002244: 10:57:18 [TUniServerModule]:Debug Mode = ON
ERPImporta.exe: 00002244: 10:57:19 [TUniServerModule]:Starting HTTP Server on Port: 8077...
ERPImporta.exe: 00002244: 10:57:19 [TUniServerModule]:HTTP Server Started on Port: 8077
ERPImporta.exe: 0000341C: 10:58:19 []:>--------------------------------------------------------------<
ERPImporta.exe: 0000341C: 10:58:19 [TUniServerModule]:Server First Init.
ERPImporta.exe: 0000341C: 10:58:19 [TUniServerModule]:Start Path = C:\Projetos_WEB\ERP_Importa\
ERPImporta.exe: 0000341C: 10:58:19 [TUniServerModule]:Debug Mode = ON
ERPImporta.exe: 0000341C: 10:58:19 [TUniGUISessionManager]:Cache erase job created, Folder count: [1]
ERPImporta.exe: 0000341C: 10:58:19 [TUniServerModule]:Starting HTTP Server on Port: 8077...
ERPImporta.exe: 0000341C: 10:58:19 [TUniServerModule]:HTTP Server Started on Port: 8077
ERPImporta.exe: 000001A8: 11:00:50 [HandleFileRequest[127.0.0.1]]:File not found: C:\Projetos_WEB\ERP_Importa\files\images\fundo8.jpg
ERPImporta.exe: 00001E78: 11:06:05 [[FireDAC][Phys][ODBC][Microsoft][SQL Server Native Client 11.0][SQL Server]Invalid column name 'Descricao'.-127.0.0.1]:EMSSQLNativeException : [FireDAC][Phys][ODBC][Microsoft][SQL Server Native Client 11.0][SQL Server]Invalid column name 'Descricao'. : Addr: $008BB2F5
ERPImporta.exe: 00003334: 11:20:06 []:>--------------------------------------------------------------<
ERPImporta.exe: 00003334: 11:20:06 [TUniServerModule]:Server First Init.
ERPImporta.exe: 00003334: 11:20:06 [TUniServerModule]:Start Path = C:\Projetos_WEB\ERP_Importa\
ERPImporta.exe: 00003334: 11:20:06 [TUniServerModule]:Debug Mode = ON
ERPImporta.exe: 00003334: 11:20:06 [TUniServerModule]:Starting HTTP Server on Port: 8077...
ERPImporta.exe: 00003334: 11:20:06 [TUniServerModule]:HTTP Server Started on Port: 8077
ERPImporta.exe: 00001310: 11:23:36 []:>--------------------------------------------------------------<
ERPImporta.exe: 00001310: 11:23:36 [TUniServerModule]:Server First Init.
ERPImporta.exe: 00001310: 11:23:36 [TUniServerModule]:Start Path = C:\Projetos_WEB\ERP_Importa\
ERPImporta.exe: 00001310: 11:23:36 [TUniServerModule]:Debug Mode = ON
ERPImporta.exe: 00001310: 11:23:36 [TUniGUISessionManager]:Cache erase job created, Folder count: [1]
ERPImporta.exe: 00001310: 11:23:37 [TUniServerModule]:Starting HTTP Server on Port: 8077...
ERPImporta.exe: 00001310: 11:23:37 [TUniServerModule]:HTTP Server Started on Port: 8077
ERPImporta.exe: 00003228: 11:25:45 []:>--------------------------------------------------------------<
ERPImporta.exe: 00003228: 11:25:45 [TUniServerModule]:Server First Init.
ERPImporta.exe: 00003228: 11:25:45 [TUniServerModule]:Start Path = C:\Projetos_WEB\ERP_Importa\
ERPImporta.exe: 00003228: 11:25:45 [TUniServerModule]:Debug Mode = ON
ERPImporta.exe: 00003228: 11:25:45 [TUniGUISessionManager]:Cache erase job created, Folder count: [1]
ERPImporta.exe: 00003228: 11:25:46 [TUniServerModule]:Starting HTTP Server on Port: 8077...
ERPImporta.exe: 00003228: 11:25:46 [TUniServerModule]:HTTP Server Started on Port: 8077
ERPImporta.exe: 00001B64: 11:29:42 []:>--------------------------------------------------------------<
ERPImporta.exe: 00001B64: 11:29:42 [TUniServerModule]:Server First Init.
ERPImporta.exe: 00001B64: 11:29:42 [TUniServerModule]:Start Path = C:\Projetos_WEB\ERP_Importa\
ERPImporta.exe: 00001B64: 11:29:42 [TUniServerModule]:Debug Mode = ON
ERPImporta.exe: 00001B64: 11:29:42 [TUniGUISessionManager]:Cache erase job created, Folder count: [1]
ERPImporta.exe: 00001B64: 11:29:42 [TUniServerModule]:Starting HTTP Server on Port: 8077...
ERPImporta.exe: 00001B64: 11:29:42 [TUniServerModule]:HTTP Server Started on Port: 8077
ERPImporta.exe: 00003218: 11:30:15 [127.0.0.1]:EMSSQLNativeException : [FireDAC][Phys][ODBC][Microsoft][SQL Server Native Client 11.0][SQL Server]Invalid column name 'Descricao_Debito'. : Addr: $008BB2F5
ERPImporta.exe: 000031C0: 11:32:47 []:>--------------------------------------------------------------<
ERPImporta.exe: 000031C0: 11:32:47 [TUniServerModule]:Server First Init.
ERPImporta.exe: 000031C0: 11:32:47 [TUniServerModule]:Start Path = C:\Projetos_WEB\ERP_Importa\
ERPImporta.exe: 000031C0: 11:32:47 [TUniServerModule]:Debug Mode = ON
ERPImporta.exe: 000031C0: 11:32:47 [TUniGUISessionManager]:Cache erase job created, Folder count: [1]
ERPImporta.exe: 000031C0: 11:32:47 [TUniServerModule]:Starting HTTP Server on Port: 8077...
ERPImporta.exe: 000031C0: 11:32:47 [TUniServerModule]:HTTP Server Started on Port: 8077
ERPImporta.exe: 00002748: 11:33:13 [127.0.0.1]:EMSSQLNativeException : [FireDAC][Phys][ODBC][Microsoft][SQL Server Native Client 11.0][SQL Server]Invalid column name 'Descricao_Debito'. : Addr: $008BB2F5
ERPImporta.exe: 00003BD0: 11:40:23 []:>--------------------------------------------------------------<
ERPImporta.exe: 00003BD0: 11:40:23 [TUniServerModule]:Server First Init.
ERPImporta.exe: 00003BD0: 11:40:23 [TUniServerModule]:Start Path = C:\Projetos_WEB\ERP_Importa\
ERPImporta.exe: 00003BD0: 11:40:23 [TUniServerModule]:Debug Mode = ON
ERPImporta.exe: 00003BD0: 11:40:24 [TUniServerModule]:Starting HTTP Server on Port: 8077...
ERPImporta.exe: 00003BD0: 11:40:24 [TUniServerModule]:HTTP Server Started on Port: 8077
ERPImporta.exe: 00003B8C: 11:41:08 [127.0.0.1]:EFDException : [FireDAC][Phys][MSSQL]-335. Parameter [PDATA] data type is unknown. Hint: specify TFDParam.DataType or assign TFDParam value before Prepare/Execute call : Addr: $008139EC
ERPImporta.exe: 00003810: 11:43:44 []:>--------------------------------------------------------------<
ERPImporta.exe: 00003810: 11:43:44 [TUniServerModule]:Server First Init.
ERPImporta.exe: 00003810: 11:43:44 [TUniServerModule]:Start Path = C:\Projetos_WEB\ERP_Importa\
ERPImporta.exe: 00003810: 11:43:44 [TUniServerModule]:Debug Mode = ON
ERPImporta.exe: 00003810: 11:43:44 [TUniServerModule]:Starting HTTP Server on Port: 8077...
ERPImporta.exe: 00003810: 11:43:44 [TUniServerModule]:HTTP Server Started on Port: 8077
ERPImporta.exe: 00003A58: 11:43:58 [127.0.0.1]:EFDException : [FireDAC][Phys][MSSQL]-335. Parameter [PDATA] data type is unknown. Hint: specify TFDParam.DataType or assign TFDParam value before Prepare/Execute call : Addr: $008139EC
ERPImporta.exe: 00002964: 11:45:27 []:>--------------------------------------------------------------<
ERPImporta.exe: 00002964: 11:45:27 [TUniServerModule]:Server First Init.
ERPImporta.exe: 00002964: 11:45:27 [TUniServerModule]:Start Path = C:\Projetos_WEB\ERP_Importa\
ERPImporta.exe: 00002964: 11:45:27 [TUniServerModule]:Debug Mode = ON
ERPImporta.exe: 00002964: 11:45:27 [TUniGUISessionManager]:Cache erase job created, Folder count: [1]
ERPImporta.exe: 00002964: 11:45:28 [TUniServerModule]:Starting HTTP Server on Port: 8077...
ERPImporta.exe: 00002964: 11:45:28 [TUniServerModule]:HTTP Server Started on Port: 8077
ERPImporta.exe: 00001E1C: 11:45:45 [127.0.0.1]:EFDException : [FireDAC][Phys][MSSQL]-335. Parameter [PDATA] data type is unknown. Hint: specify TFDParam.DataType or assign TFDParam value before Prepare/Execute call : Addr: $008139EC
ERPImporta.exe: 00001060: 11:47:01 []:>--------------------------------------------------------------<
ERPImporta.exe: 00001060: 11:47:01 [TUniServerModule]:Server First Init.
ERPImporta.exe: 00001060: 11:47:01 [TUniServerModule]:Start Path = C:\Projetos_WEB\ERP_Importa\
ERPImporta.exe: 00001060: 11:47:01 [TUniServerModule]:Debug Mode = ON
ERPImporta.exe: 00001060: 11:47:01 [TUniServerModule]:Starting HTTP Server on Port: 8077...
ERPImporta.exe: 00001060: 11:47:01 [TUniServerModule]:HTTP Server Started on Port: 8077
ERPImporta.exe: 000009DC: 11:47:53 []:>--------------------------------------------------------------<
ERPImporta.exe: 000009DC: 11:47:53 [TUniServerModule]:Server First Init.
ERPImporta.exe: 000009DC: 11:47:53 [TUniServerModule]:Start Path = C:\Projetos_WEB\ERP_Importa\
ERPImporta.exe: 000009DC: 11:47:53 [TUniServerModule]:Debug Mode = ON
ERPImporta.exe: 000009DC: 11:47:54 [TUniServerModule]:Starting HTTP Server on Port: 8077...
ERPImporta.exe: 000009DC: 11:47:54 [TUniServerModule]:HTTP Server Started on Port: 8077
ERPImporta.exe: 00002444: 14:14:06 []:>--------------------------------------------------------------<
ERPImporta.exe: 00002444: 14:14:06 [TUniServerModule]:Server First Init.
ERPImporta.exe: 00002444: 14:14:06 [TUniServerModule]:Start Path = C:\Projetos_WEB\ERP_Importa\
ERPImporta.exe: 00002444: 14:14:06 [TUniServerModule]:Debug Mode = ON
ERPImporta.exe: 00002444: 14:14:07 [TUniServerModule]:Starting HTTP Server on Port: 8077...
ERPImporta.exe: 00002444: 14:14:07 [TUniServerModule]:HTTP Server Started on Port: 8077
ERPImporta.exe: 00003250: 14:17:03 []:>--------------------------------------------------------------<
ERPImporta.exe: 00003250: 14:17:03 [TUniServerModule]:Server First Init.
ERPImporta.exe: 00003250: 14:17:03 [TUniServerModule]:Start Path = C:\Projetos_WEB\ERP_Importa\
ERPImporta.exe: 00003250: 14:17:03 [TUniServerModule]:Debug Mode = ON
ERPImporta.exe: 00003250: 14:17:04 [TUniServerModule]:Starting HTTP Server on Port: 8077...
ERPImporta.exe: 00003250: 14:17:04 [TUniServerModule]:HTTP Server Started on Port: 8077
ERPImporta.exe: 00001AC0: 14:20:33 []:>--------------------------------------------------------------<
ERPImporta.exe: 00001AC0: 14:20:33 [TUniServerModule]:Server First Init.
ERPImporta.exe: 00001AC0: 14:20:33 [TUniServerModule]:Start Path = C:\Projetos_WEB\ERP_Importa\
ERPImporta.exe: 00001AC0: 14:20:33 [TUniServerModule]:Debug Mode = ON
ERPImporta.exe: 00001AC0: 14:20:34 [TUniServerModule]:Starting HTTP Server on Port: 8077...
ERPImporta.exe: 00001AC0: 14:20:34 [TUniServerModule]:HTTP Server Started on Port: 8077
ERPImporta.exe: 00003344: 14:22:00 []:>--------------------------------------------------------------<
ERPImporta.exe: 00003344: 14:22:00 [TUniServerModule]:Server First Init.
ERPImporta.exe: 00003344: 14:22:00 [TUniServerModule]:Start Path = C:\Projetos_WEB\ERP_Importa\
ERPImporta.exe: 00003344: 14:22:00 [TUniServerModule]:Debug Mode = ON
ERPImporta.exe: 00003344: 14:22:01 [TUniServerModule]:Starting HTTP Server on Port: 8077...
ERPImporta.exe: 00003344: 14:22:01 [TUniServerModule]:HTTP Server Started on Port: 8077
ERPImporta.exe: 00001990: 14:23:36 []:>--------------------------------------------------------------<
ERPImporta.exe: 00001990: 14:23:36 [TUniServerModule]:Server First Init.
ERPImporta.exe: 00001990: 14:23:36 [TUniServerModule]:Start Path = C:\Projetos_WEB\ERP_Importa\
ERPImporta.exe: 00001990: 14:23:36 [TUniServerModule]:Debug Mode = ON
ERPImporta.exe: 00001990: 14:23:36 [TUniGUISessionManager]:Cache erase job created, Folder count: [1]
ERPImporta.exe: 00001990: 14:23:36 [TUniServerModule]:Starting HTTP Server on Port: 8077...
ERPImporta.exe: 00001990: 14:23:36 [TUniServerModule]:HTTP Server Started on Port: 8077
ERPImporta.exe: 00003830: 14:24:15 []:>--------------------------------------------------------------<
ERPImporta.exe: 00003830: 14:24:15 [TUniServerModule]:Server First Init.
ERPImporta.exe: 00003830: 14:24:15 [TUniServerModule]:Start Path = C:\Projetos_WEB\ERP_Importa\
ERPImporta.exe: 00003830: 14:24:15 [TUniServerModule]:Debug Mode = ON
ERPImporta.exe: 00003830: 14:24:16 [TUniServerModule]:Starting HTTP Server on Port: 8077...
ERPImporta.exe: 00003830: 14:24:16 [TUniServerModule]:HTTP Server Started on Port: 8077
ERPImporta.exe: 00002178: 14:26:19 []:>--------------------------------------------------------------<
ERPImporta.exe: 00002178: 14:26:19 [TUniServerModule]:Server First Init.
ERPImporta.exe: 00002178: 14:26:19 [TUniServerModule]:Start Path = C:\Projetos_WEB\ERP_Importa\
ERPImporta.exe: 00002178: 14:26:19 [TUniServerModule]:Debug Mode = ON
ERPImporta.exe: 00002178: 14:26:19 [TUniGUISessionManager]:Cache erase job created, Folder count: [1]
ERPImporta.exe: 00002178: 14:26:20 [TUniServerModule]:Starting HTTP Server on Port: 8077...
ERPImporta.exe: 00002178: 14:26:20 [TUniServerModule]:HTTP Server Started on Port: 8077
ERPImporta.exe: 00000C68: 14:29:27 []:>--------------------------------------------------------------<
ERPImporta.exe: 00000C68: 14:29:27 [TUniServerModule]:Server First Init.
ERPImporta.exe: 00000C68: 14:29:27 [TUniServerModule]:Start Path = C:\Projetos_WEB\ERP_Importa\
ERPImporta.exe: 00000C68: 14:29:27 [TUniServerModule]:Debug Mode = ON
ERPImporta.exe: 00000C68: 14:29:28 [TUniServerModule]:Starting HTTP Server on Port: 8077...
ERPImporta.exe: 00000C68: 14:29:28 [TUniServerModule]:HTTP Server Started on Port: 8077
ERPImporta.exe: 00003AC4: 14:30:38 []:>--------------------------------------------------------------<
ERPImporta.exe: 00003AC4: 14:30:38 [TUniServerModule]:Server First Init.
ERPImporta.exe: 00003AC4: 14:30:38 [TUniServerModule]:Start Path = C:\Projetos_WEB\ERP_Importa\
ERPImporta.exe: 00003AC4: 14:30:38 [TUniServerModule]:Debug Mode = ON
ERPImporta.exe: 00003AC4: 14:30:38 [TUniGUISessionManager]:Cache erase job created, Folder count: [1]
ERPImporta.exe: 00003AC4: 14:30:39 [TUniServerModule]:Starting HTTP Server on Port: 8077...
ERPImporta.exe: 00003AC4: 14:30:39 [TUniServerModule]:HTTP Server Started on Port: 8077
ERPImporta.exe: 00002ACC: 14:33:30 []:>--------------------------------------------------------------<
ERPImporta.exe: 00002ACC: 14:33:30 [TUniServerModule]:Server First Init.
ERPImporta.exe: 00002ACC: 14:33:30 [TUniServerModule]:Start Path = C:\Projetos_WEB\ERP_Importa\
ERPImporta.exe: 00002ACC: 14:33:30 [TUniServerModule]:Debug Mode = ON
ERPImporta.exe: 00002ACC: 14:33:31 [TUniServerModule]:Starting HTTP Server on Port: 8077...
ERPImporta.exe: 00002ACC: 14:33:31 [TUniServerModule]:HTTP Server Started on Port: 8077
ERPImporta.exe: 00002498: 14:34:40 []:>--------------------------------------------------------------<
ERPImporta.exe: 00002498: 14:34:40 [TUniServerModule]:Server First Init.
ERPImporta.exe: 00002498: 14:34:40 [TUniServerModule]:Start Path = C:\Projetos_WEB\ERP_Importa\
ERPImporta.exe: 00002498: 14:34:40 [TUniServerModule]:Debug Mode = ON
ERPImporta.exe: 00002498: 14:34:40 [TUniServerModule]:Starting HTTP Server on Port: 8077...
ERPImporta.exe: 00002498: 14:34:40 [TUniServerModule]:HTTP Server Started on Port: 8077
ERPImporta.exe: 00003660: 14:35:21 []:>--------------------------------------------------------------<
ERPImporta.exe: 00003660: 14:35:21 [TUniServerModule]:Server First Init.
ERPImporta.exe: 00003660: 14:35:21 [TUniServerModule]:Start Path = C:\Projetos_WEB\ERP_Importa\
ERPImporta.exe: 00003660: 14:35:21 [TUniServerModule]:Debug Mode = ON
ERPImporta.exe: 00003660: 14:35:21 [TUniServerModule]:Starting HTTP Server on Port: 8077...
ERPImporta.exe: 00003660: 14:35:21 [TUniServerModule]:HTTP Server Started on Port: 8077
ERPImporta.exe: 00001E0C: 14:49:56 []:>--------------------------------------------------------------<
ERPImporta.exe: 00001E0C: 14:49:56 [TUniServerModule]:Server First Init.
ERPImporta.exe: 00001E0C: 14:49:56 [TUniServerModule]:Start Path = C:\Projetos_WEB\ERP_Importa\
ERPImporta.exe: 00001E0C: 14:49:56 [TUniServerModule]:Debug Mode = ON
ERPImporta.exe: 00001E0C: 14:49:57 [TUniServerModule]:Starting HTTP Server on Port: 8077...
ERPImporta.exe: 00001E0C: 14:49:57 [TUniServerModule]:HTTP Server Started on Port: 8077
ERPImporta.exe: 000028C4: 14:50:06 []:>--------------------------------------------------------------<
ERPImporta.exe: 000028C4: 14:50:06 [TUniServerModule]:Server First Init.
ERPImporta.exe: 000028C4: 14:50:06 [TUniServerModule]:Start Path = C:\Projetos_WEB\ERP_Importa\
ERPImporta.exe: 000028C4: 14:50:06 [TUniServerModule]:Debug Mode = ON
ERPImporta.exe: 000028C4: 14:50:06 [TUniGUISessionManager]:Cache erase job created, Folder count: [1]
ERPImporta.exe: 000028C4: 14:50:07 [TUniServerModule]:Starting HTTP Server on Port: 8077...
ERPImporta.exe: 000028C4: 14:50:07 [TUniServerModule]:HTTP Server Started on Port: 8077
ERPImporta.exe: 000009E0: 14:51:15 []:>--------------------------------------------------------------<
ERPImporta.exe: 000009E0: 14:51:15 [TUniServerModule]:Server First Init.
ERPImporta.exe: 000009E0: 14:51:15 [TUniServerModule]:Start Path = C:\Projetos_WEB\ERP_Importa\
ERPImporta.exe: 000009E0: 14:51:15 [TUniServerModule]:Debug Mode = ON
ERPImporta.exe: 000009E0: 14:51:15 [TUniGUISessionManager]:Cache erase job created, Folder count: [1]
ERPImporta.exe: 000009E0: 14:51:15 [TUniServerModule]:Starting HTTP Server on Port: 8077...
ERPImporta.exe: 000009E0: 14:51:15 [TUniServerModule]:HTTP Server Started on Port: 8077
ERPImporta.exe: 0000222C: 14:53:08 []:>--------------------------------------------------------------<
ERPImporta.exe: 0000222C: 14:53:08 [TUniServerModule]:Server First Init.
ERPImporta.exe: 0000222C: 14:53:08 [TUniServerModule]:Start Path = C:\Projetos_WEB\ERP_Importa\
ERPImporta.exe: 0000222C: 14:53:08 [TUniServerModule]:Debug Mode = ON
ERPImporta.exe: 0000222C: 14:53:09 [TUniServerModule]:Starting HTTP Server on Port: 8077...
ERPImporta.exe: 0000222C: 14:53:09 [TUniServerModule]:HTTP Server Started on Port: 8077
ERPImporta.exe: 00002B64: 14:55:58 []:>--------------------------------------------------------------<
ERPImporta.exe: 00002B64: 14:55:58 [TUniServerModule]:Server First Init.
ERPImporta.exe: 00002B64: 14:55:58 [TUniServerModule]:Start Path = C:\Projetos_WEB\ERP_Importa\
ERPImporta.exe: 00002B64: 14:55:58 [TUniServerModule]:Debug Mode = ON
ERPImporta.exe: 00002B64: 14:55:58 [TUniServerModule]:Starting HTTP Server on Port: 8077...
ERPImporta.exe: 00002B64: 14:55:58 [TUniServerModule]:HTTP Server Started on Port: 8077
ERPImporta.exe: 0000112C: 14:56:41 []:>--------------------------------------------------------------<
ERPImporta.exe: 0000112C: 14:56:41 [TUniServerModule]:Server First Init.
ERPImporta.exe: 0000112C: 14:56:41 [TUniServerModule]:Start Path = C:\Projetos_WEB\ERP_Importa\
ERPImporta.exe: 0000112C: 14:56:41 [TUniServerModule]:Debug Mode = ON
ERPImporta.exe: 0000112C: 14:56:41 [TUniServerModule]:Starting HTTP Server on Port: 8077...
ERPImporta.exe: 0000112C: 14:56:41 [TUniServerModule]:HTTP Server Started on Port: 8077
ERPImporta.exe: 00002908: 14:57:06 [HandleFileRequest[127.0.0.1]]:File not found: C:\Projetos_WEB\ERP_Importa\files\images\fundo8.jpg
ERPImporta.exe: 00000250: 14:58:07 []:>--------------------------------------------------------------<
ERPImporta.exe: 00000250: 14:58:07 [TUniServerModule]:Server First Init.
ERPImporta.exe: 00000250: 14:58:07 [TUniServerModule]:Start Path = C:\Projetos_WEB\ERP_Importa\
ERPImporta.exe: 00000250: 14:58:07 [TUniServerModule]:Debug Mode = ON
ERPImporta.exe: 00000250: 14:58:08 [TUniServerModule]:Starting HTTP Server on Port: 8077...
ERPImporta.exe: 00000250: 14:58:08 [TUniServerModule]:HTTP Server Started on Port: 8077
ERPImporta.exe: 00002E38: 14:59:27 []:>--------------------------------------------------------------<
ERPImporta.exe: 00002E38: 14:59:27 [TUniServerModule]:Server First Init.
ERPImporta.exe: 00002E38: 14:59:27 [TUniServerModule]:Start Path = C:\Projetos_WEB\ERP_Importa\
ERPImporta.exe: 00002E38: 14:59:27 [TUniServerModule]:Debug Mode = ON
ERPImporta.exe: 00002E38: 14:59:27 [TUniServerModule]:Starting HTTP Server on Port: 8077...
ERPImporta.exe: 00002E38: 14:59:27 [TUniServerModule]:HTTP Server Started on Port: 8077
ERPImporta.exe: 00002C48: 14:59:55 [HandleFileRequest[127.0.0.1]]:File not found: C:\Projetos_WEB\ERP_Importa\files\images\fundo8.jpg
ERPImporta.exe: 00002E48: 15:02:20 []:>--------------------------------------------------------------<
ERPImporta.exe: 00002E48: 15:02:20 [TUniServerModule]:Server First Init.
ERPImporta.exe: 00002E48: 15:02:20 [TUniServerModule]:Start Path = C:\Projetos_WEB\ERP_Importa\
ERPImporta.exe: 00002E48: 15:02:20 [TUniServerModule]:Debug Mode = ON
ERPImporta.exe: 00002E48: 15:02:20 [TUniServerModule]:Starting HTTP Server on Port: 8077...
ERPImporta.exe: 00002E48: 15:02:20 [TUniServerModule]:HTTP Server Started on Port: 8077
ERPImporta.exe: 00002D9C: 15:03:07 []:>--------------------------------------------------------------<
ERPImporta.exe: 00002D9C: 15:03:07 [TUniServerModule]:Server First Init.
ERPImporta.exe: 00002D9C: 15:03:07 [TUniServerModule]:Start Path = C:\Projetos_WEB\ERP_Importa\
ERPImporta.exe: 00002D9C: 15:03:07 [TUniServerModule]:Debug Mode = ON
ERPImporta.exe: 00002D9C: 15:03:07 [TUniServerModule]:Starting HTTP Server on Port: 8077...
ERPImporta.exe: 00002D9C: 15:03:07 [TUniServerModule]:HTTP Server Started on Port: 8077
ERPImporta.exe: 00002570: 15:03:48 []:>--------------------------------------------------------------<
ERPImporta.exe: 00002570: 15:03:48 [TUniServerModule]:Server First Init.
ERPImporta.exe: 00002570: 15:03:48 [TUniServerModule]:Start Path = C:\Projetos_WEB\ERP_Importa\
ERPImporta.exe: 00002570: 15:03:48 [TUniServerModule]:Debug Mode = ON
ERPImporta.exe: 00002570: 15:03:48 [TUniServerModule]:Starting HTTP Server on Port: 8077...
ERPImporta.exe: 00002570: 15:03:48 [TUniServerModule]:HTTP Server Started on Port: 8077
ERPImporta.exe: 000028C4: 15:04:39 []:>--------------------------------------------------------------<
ERPImporta.exe: 000028C4: 15:04:39 [TUniServerModule]:Server First Init.
ERPImporta.exe: 000028C4: 15:04:39 [TUniServerModule]:Start Path = C:\Projetos_WEB\ERP_Importa\
ERPImporta.exe: 000028C4: 15:04:39 [TUniServerModule]:Debug Mode = ON
ERPImporta.exe: 000028C4: 15:04:39 [TUniGUISessionManager]:Cache erase job created, Folder count: [1]
ERPImporta.exe: 000028C4: 15:04:39 [TUniServerModule]:Starting HTTP Server on Port: 8077...
ERPImporta.exe: 000028C4: 15:04:39 [TUniServerModule]:HTTP Server Started on Port: 8077
ERPImporta.exe: 000019F8: 15:05:12 []:>--------------------------------------------------------------<
ERPImporta.exe: 000019F8: 15:05:12 [TUniServerModule]:Server First Init.
ERPImporta.exe: 000019F8: 15:05:12 [TUniServerModule]:Start Path = C:\Projetos_WEB\ERP_Importa\
ERPImporta.exe: 000019F8: 15:05:12 [TUniServerModule]:Debug Mode = ON
ERPImporta.exe: 000019F8: 15:05:13 [TUniServerModule]:Starting HTTP Server on Port: 8077...
ERPImporta.exe: 000019F8: 15:05:13 [TUniServerModule]:HTTP Server Started on Port: 8077
ERPImporta.exe: 00002D14: 15:06:01 []:>--------------------------------------------------------------<
ERPImporta.exe: 00002D14: 15:06:01 [TUniServerModule]:Server First Init.
ERPImporta.exe: 00002D14: 15:06:01 [TUniServerModule]:Start Path = C:\Projetos_WEB\ERP_Importa\
ERPImporta.exe: 00002D14: 15:06:01 [TUniServerModule]:Debug Mode = ON
ERPImporta.exe: 00002D14: 15:06:01 [TUniGUISessionManager]:Cache erase job created, Folder count: [1]
ERPImporta.exe: 00002D14: 15:06:02 [TUniServerModule]:Starting HTTP Server on Port: 8077...
ERPImporta.exe: 00002D14: 15:06:02 [TUniServerModule]:HTTP Server Started on Port: 8077
ERPImporta.exe: 00002AC4: 15:06:32 []:>--------------------------------------------------------------<
ERPImporta.exe: 00002AC4: 15:06:32 [TUniServerModule]:Server First Init.
ERPImporta.exe: 00002AC4: 15:06:32 [TUniServerModule]:Start Path = C:\Projetos_WEB\ERP_Importa\
ERPImporta.exe: 00002AC4: 15:06:32 [TUniServerModule]:Debug Mode = ON
ERPImporta.exe: 00002AC4: 15:06:32 [TUniServerModule]:Starting HTTP Server on Port: 8077...
ERPImporta.exe: 00002AC4: 15:06:32 [TUniServerModule]:HTTP Server Started on Port: 8077
ERPImporta.exe: 0000136C: 15:07:00 []:>--------------------------------------------------------------<
ERPImporta.exe: 0000136C: 15:07:00 [TUniServerModule]:Server First Init.
ERPImporta.exe: 0000136C: 15:07:00 [TUniServerModule]:Start Path = C:\Projetos_WEB\ERP_Importa\
ERPImporta.exe: 0000136C: 15:07:00 [TUniServerModule]:Debug Mode = ON
ERPImporta.exe: 0000136C: 15:07:00 [TUniGUISessionManager]:Cache erase job created, Folder count: [1]
ERPImporta.exe: 0000136C: 15:07:00 [TUniServerModule]:Starting HTTP Server on Port: 8077...
ERPImporta.exe: 0000136C: 15:07:01 [TUniServerModule]:HTTP Server Started on Port: 8077
ERPImporta.exe: 00000F10: 15:07:24 []:>--------------------------------------------------------------<
ERPImporta.exe: 00000F10: 15:07:24 [TUniServerModule]:Server First Init.
ERPImporta.exe: 00000F10: 15:07:24 [TUniServerModule]:Start Path = C:\Projetos_WEB\ERP_Importa\
ERPImporta.exe: 00000F10: 15:07:24 [TUniServerModule]:Debug Mode = ON
ERPImporta.exe: 00000F10: 15:07:24 [TUniServerModule]:Starting HTTP Server on Port: 8077...
ERPImporta.exe: 00000F10: 15:07:24 [TUniServerModule]:HTTP Server Started on Port: 8077
ERPImporta.exe: 00003ADC: 15:08:02 []:>--------------------------------------------------------------<
ERPImporta.exe: 00003ADC: 15:08:02 [TUniServerModule]:Server First Init.
ERPImporta.exe: 00003ADC: 15:08:02 [TUniServerModule]:Start Path = C:\Projetos_WEB\ERP_Importa\
ERPImporta.exe: 00003ADC: 15:08:02 [TUniServerModule]:Debug Mode = ON
ERPImporta.exe: 00003ADC: 15:08:03 [TUniServerModule]:Starting HTTP Server on Port: 8077...
ERPImporta.exe: 00003ADC: 15:08:03 [TUniServerModule]:HTTP Server Started on Port: 8077
ERPImporta.exe: 000019A0: 15:09:05 []:>--------------------------------------------------------------<
ERPImporta.exe: 000019A0: 15:09:05 [TUniServerModule]:Server First Init.
ERPImporta.exe: 000019A0: 15:09:05 [TUniServerModule]:Start Path = C:\Projetos_WEB\ERP_Importa\
ERPImporta.exe: 000019A0: 15:09:05 [TUniServerModule]:Debug Mode = ON
ERPImporta.exe: 000019A0: 15:09:05 [TUniServerModule]:Starting HTTP Server on Port: 8077...
ERPImporta.exe: 000019A0: 15:09:05 [TUniServerModule]:HTTP Server Started on Port: 8077
ERPImporta.exe: 0000167C: 15:09:36 []:>--------------------------------------------------------------<
ERPImporta.exe: 0000167C: 15:09:36 [TUniServerModule]:Server First Init.
ERPImporta.exe: 0000167C: 15:09:36 [TUniServerModule]:Start Path = C:\Projetos_WEB\ERP_Importa\
ERPImporta.exe: 0000167C: 15:09:36 [TUniServerModule]:Debug Mode = ON
ERPImporta.exe: 0000167C: 15:09:37 [TUniServerModule]:Starting HTTP Server on Port: 8077...
ERPImporta.exe: 0000167C: 15:09:37 [TUniServerModule]:HTTP Server Started on Port: 8077
ERPImporta.exe: 00000480: 15:11:29 []:>--------------------------------------------------------------<
ERPImporta.exe: 00000480: 15:11:29 [TUniServerModule]:Server First Init.
ERPImporta.exe: 00000480: 15:11:29 [TUniServerModule]:Start Path = C:\Projetos_WEB\ERP_Importa\
ERPImporta.exe: 00000480: 15:11:29 [TUniServerModule]:Debug Mode = ON
ERPImporta.exe: 00000480: 15:11:29 [TUniServerModule]:Starting HTTP Server on Port: 8077...
ERPImporta.exe: 00000480: 15:11:29 [TUniServerModule]:HTTP Server Started on Port: 8077
ERPImporta.exe: 00003B0C: 15:53:21 []:>--------------------------------------------------------------<
ERPImporta.exe: 00003B0C: 15:53:21 [TUniServerModule]:Server First Init.
ERPImporta.exe: 00003B0C: 15:53:21 [TUniServerModule]:Start Path = C:\Projetos_WEB\ERP_Importa\
ERPImporta.exe: 00003B0C: 15:53:21 [TUniServerModule]:Debug Mode = ON
ERPImporta.exe: 00003B0C: 15:53:21 [TUniGUISessionManager]:Cache erase job created, Folder count: [1]
ERPImporta.exe: 00003B0C: 15:53:21 [TUniServerModule]:Starting HTTP Server on Port: 8077...
ERPImporta.exe: 00003B0C: 15:53:21 [TUniServerModule]:HTTP Server Started on Port: 8077
ERPImporta.exe: 0000240C: 15:55:35 []:>--------------------------------------------------------------<
ERPImporta.exe: 0000240C: 15:55:35 [TUniServerModule]:Server First Init.
ERPImporta.exe: 0000240C: 15:55:35 [TUniServerModule]:Start Path = C:\Projetos_WEB\ERP_Importa\
ERPImporta.exe: 0000240C: 15:55:35 [TUniServerModule]:Debug Mode = ON
ERPImporta.exe: 0000240C: 15:55:36 [TUniServerModule]:Starting HTTP Server on Port: 8077...
ERPImporta.exe: 0000240C: 15:55:36 [TUniServerModule]:HTTP Server Started on Port: 8077
ERPImporta.exe: 00002BA4: 15:58:57 []:>--------------------------------------------------------------<
ERPImporta.exe: 00002BA4: 15:58:57 [TUniServerModule]:Server First Init.
ERPImporta.exe: 00002BA4: 15:58:57 [TUniServerModule]:Start Path = C:\Projetos_WEB\ERP_Importa\
ERPImporta.exe: 00002BA4: 15:58:57 [TUniServerModule]:Debug Mode = ON
ERPImporta.exe: 00002BA4: 15:58:58 [TUniServerModule]:Starting HTTP Server on Port: 8077...
ERPImporta.exe: 00002BA4: 15:58:58 [TUniServerModule]:HTTP Server Started on Port: 8077
ERPImporta.exe: 00001898: 16:06:43 []:>--------------------------------------------------------------<
ERPImporta.exe: 00001898: 16:06:43 [TUniServerModule]:Server First Init.
ERPImporta.exe: 00001898: 16:06:43 [TUniServerModule]:Start Path = C:\Projetos_WEB\ERP_Importa\
ERPImporta.exe: 00001898: 16:06:43 [TUniServerModule]:Debug Mode = ON
ERPImporta.exe: 00001898: 16:06:43 [TUniServerModule]:Starting HTTP Server on Port: 8077...
ERPImporta.exe: 00001898: 16:06:43 [TUniServerModule]:HTTP Server Started on Port: 8077
ERPImporta.exe: 00002DBC: 16:08:04 []:>--------------------------------------------------------------<
ERPImporta.exe: 00002DBC: 16:08:04 [TUniServerModule]:Server First Init.
ERPImporta.exe: 00002DBC: 16:08:04 [TUniServerModule]:Start Path = C:\Projetos_WEB\ERP_Importa\
ERPImporta.exe: 00002DBC: 16:08:04 [TUniServerModule]:Debug Mode = ON
ERPImporta.exe: 00002DBC: 16:08:05 [TUniServerModule]:Starting HTTP Server on Port: 8077...
ERPImporta.exe: 00002DBC: 16:08:05 [TUniServerModule]:HTTP Server Started on Port: 8077
ERPImporta.exe: 00002CFC: 16:08:51 []:>--------------------------------------------------------------<
ERPImporta.exe: 00002CFC: 16:08:51 [TUniServerModule]:Server First Init.
ERPImporta.exe: 00002CFC: 16:08:51 [TUniServerModule]:Start Path = C:\Projetos_WEB\ERP_Importa\
ERPImporta.exe: 00002CFC: 16:08:51 [TUniServerModule]:Debug Mode = ON
ERPImporta.exe: 00002CFC: 16:08:51 [TUniServerModule]:Starting HTTP Server on Port: 8077...
ERPImporta.exe: 00002CFC: 16:08:51 [TUniServerModule]:HTTP Server Started on Port: 8077
ERPImporta.exe: 000039B8: 16:09:27 []:>--------------------------------------------------------------<
ERPImporta.exe: 000039B8: 16:09:27 [TUniServerModule]:Server First Init.
ERPImporta.exe: 000039B8: 16:09:27 [TUniServerModule]:Start Path = C:\Projetos_WEB\ERP_Importa\
ERPImporta.exe: 000039B8: 16:09:27 [TUniServerModule]:Debug Mode = ON
ERPImporta.exe: 000039B8: 16:09:27 [TUniServerModule]:Starting HTTP Server on Port: 8077...
ERPImporta.exe: 000039B8: 16:09:27 [TUniServerModule]:HTTP Server Started on Port: 8077
ERPImporta.exe: 00001698: 16:09:56 []:>--------------------------------------------------------------<
ERPImporta.exe: 00001698: 16:09:56 [TUniServerModule]:Server First Init.
ERPImporta.exe: 00001698: 16:09:56 [TUniServerModule]:Start Path = C:\Projetos_WEB\ERP_Importa\
ERPImporta.exe: 00001698: 16:09:56 [TUniServerModule]:Debug Mode = ON
ERPImporta.exe: 00001698: 16:09:56 [TUniServerModule]:Starting HTTP Server on Port: 8077...
ERPImporta.exe: 00001698: 16:09:56 [TUniServerModule]:HTTP Server Started on Port: 8077
ERPImporta.exe: 000001A8: 16:10:18 []:>--------------------------------------------------------------<
ERPImporta.exe: 000001A8: 16:10:18 [TUniServerModule]:Server First Init.
ERPImporta.exe: 000001A8: 16:10:18 [TUniServerModule]:Start Path = C:\Projetos_WEB\ERP_Importa\
ERPImporta.exe: 000001A8: 16:10:18 [TUniServerModule]:Debug Mode = ON
ERPImporta.exe: 000001A8: 16:10:18 [TUniGUISessionManager]:Cache erase job created, Folder count: [1]
ERPImporta.exe: 000001A8: 16:10:19 [TUniServerModule]:Starting HTTP Server on Port: 8077...
ERPImporta.exe: 000001A8: 16:10:19 [TUniServerModule]:HTTP Server Started on Port: 8077
ERPImporta.exe: 0000220C: 16:10:40 []:>--------------------------------------------------------------<
ERPImporta.exe: 0000220C: 16:10:40 [TUniServerModule]:Server First Init.
ERPImporta.exe: 0000220C: 16:10:40 [TUniServerModule]:Start Path = C:\Projetos_WEB\ERP_Importa\
ERPImporta.exe: 0000220C: 16:10:40 [TUniServerModule]:Debug Mode = ON
ERPImporta.exe: 0000220C: 16:10:41 [TUniServerModule]:Starting HTTP Server on Port: 8077...
ERPImporta.exe: 0000220C: 16:10:41 [TUniServerModule]:HTTP Server Started on Port: 8077
ERPImporta.exe: 000015F8: 16:14:10 []:>--------------------------------------------------------------<
ERPImporta.exe: 000015F8: 16:14:10 [TUniServerModule]:Server First Init.
ERPImporta.exe: 000015F8: 16:14:10 [TUniServerModule]:Start Path = C:\Projetos_WEB\ERP_Importa\
ERPImporta.exe: 000015F8: 16:14:10 [TUniServerModule]:Debug Mode = ON
ERPImporta.exe: 000015F8: 16:14:10 [TUniGUISessionManager]:Cache erase job created, Folder count: [1]
ERPImporta.exe: 000015F8: 16:14:11 [TUniServerModule]:Starting HTTP Server on Port: 8077...
ERPImporta.exe: 000015F8: 16:14:11 [TUniServerModule]:HTTP Server Started on Port: 8077
ERPImporta.exe: 00002E4C: 16:14:30 []:>--------------------------------------------------------------<
ERPImporta.exe: 00002E4C: 16:14:30 [TUniServerModule]:Server First Init.
ERPImporta.exe: 00002E4C: 16:14:30 [TUniServerModule]:Start Path = C:\Projetos_WEB\ERP_Importa\
ERPImporta.exe: 00002E4C: 16:14:30 [TUniServerModule]:Debug Mode = ON
ERPImporta.exe: 00002E4C: 16:14:30 [TUniGUISessionManager]:Cache erase job created, Folder count: [1]
ERPImporta.exe: 00002E4C: 16:14:30 [TUniServerModule]:Starting HTTP Server on Port: 8077...
ERPImporta.exe: 00002E4C: 16:14:30 [TUniServerModule]:HTTP Server Started on Port: 8077
ERPImporta.exe: 00002E38: 16:15:29 []:>--------------------------------------------------------------<
ERPImporta.exe: 00002E38: 16:15:29 [TUniServerModule]:Server First Init.
ERPImporta.exe: 00002E38: 16:15:29 [TUniServerModule]:Start Path = C:\Projetos_WEB\ERP_Importa\
ERPImporta.exe: 00002E38: 16:15:29 [TUniServerModule]:Debug Mode = ON
ERPImporta.exe: 00002E38: 16:15:29 [TUniGUISessionManager]:Cache erase job created, Folder count: [1]
ERPImporta.exe: 00002E38: 16:15:30 [TUniServerModule]:Starting HTTP Server on Port: 8077...
ERPImporta.exe: 00002E38: 16:15:30 [TUniServerModule]:HTTP Server Started on Port: 8077
ERPImporta.exe: 00002B4C: 16:27:04 []:>--------------------------------------------------------------<
ERPImporta.exe: 00002B4C: 16:27:04 [TUniServerModule]:Server First Init.
ERPImporta.exe: 00002B4C: 16:27:04 [TUniServerModule]:Start Path = C:\Projetos_WEB\ERP_Importa\
ERPImporta.exe: 00002B4C: 16:27:04 [TUniServerModule]:Debug Mode = ON
ERPImporta.exe: 00002B4C: 16:27:04 [TUniServerModule]:Starting HTTP Server on Port: 8077...
ERPImporta.exe: 00002B4C: 16:27:05 [TUniServerModule]:HTTP Server Started on Port: 8077
ERPImporta.exe: 00003368: 16:27:37 []:>--------------------------------------------------------------<
ERPImporta.exe: 00003368: 16:27:37 [TUniServerModule]:Server First Init.
ERPImporta.exe: 00003368: 16:27:37 [TUniServerModule]:Start Path = C:\Projetos_WEB\ERP_Importa\
ERPImporta.exe: 00003368: 16:27:37 [TUniServerModule]:Debug Mode = ON
ERPImporta.exe: 00003368: 16:27:37 [TUniGUISessionManager]:Cache erase job created, Folder count: [1]
ERPImporta.exe: 00003368: 16:27:37 [TUniServerModule]:Starting HTTP Server on Port: 8077...
ERPImporta.exe: 00003368: 16:27:37 [TUniServerModule]:HTTP Server Started on Port: 8077
ERPImporta.exe: 000027D4: 16:28:30 []:>--------------------------------------------------------------<
ERPImporta.exe: 000027D4: 16:28:30 [TUniServerModule]:Server First Init.
ERPImporta.exe: 000027D4: 16:28:30 [TUniServerModule]:Start Path = C:\Projetos_WEB\ERP_Importa\
ERPImporta.exe: 000027D4: 16:28:30 [TUniServerModule]:Debug Mode = ON
ERPImporta.exe: 000027D4: 16:28:30 [TUniServerModule]:Starting HTTP Server on Port: 8077...
ERPImporta.exe: 000027D4: 16:28:30 [TUniServerModule]:HTTP Server Started on Port: 8077
ERPImporta.exe: 000009AC: 16:28:54 []:>--------------------------------------------------------------<
ERPImporta.exe: 000009AC: 16:28:54 [TUniServerModule]:Server First Init.
ERPImporta.exe: 000009AC: 16:28:54 [TUniServerModule]:Start Path = C:\Projetos_WEB\ERP_Importa\
ERPImporta.exe: 000009AC: 16:28:54 [TUniServerModule]:Debug Mode = ON
ERPImporta.exe: 000009AC: 16:28:55 [TUniServerModule]:Starting HTTP Server on Port: 8077...
ERPImporta.exe: 000009AC: 16:28:55 [TUniServerModule]:HTTP Server Started on Port: 8077
ERPImporta.exe: 00003998: 16:30:44 []:>--------------------------------------------------------------<
ERPImporta.exe: 00003998: 16:30:44 [TUniServerModule]:Server First Init.
ERPImporta.exe: 00003998: 16:30:44 [TUniServerModule]:Start Path = C:\Projetos_WEB\ERP_Importa\
ERPImporta.exe: 00003998: 16:30:44 [TUniServerModule]:Debug Mode = ON
ERPImporta.exe: 00003998: 16:30:44 [TUniGUISessionManager]:Cache erase job created, Folder count: [1]
ERPImporta.exe: 00003998: 16:30:45 [TUniServerModule]:Starting HTTP Server on Port: 8077...
ERPImporta.exe: 00003998: 16:30:45 [TUniServerModule]:HTTP Server Started on Port: 8077
ERPImporta.exe: 000035E8: 16:32:01 []:>--------------------------------------------------------------<
ERPImporta.exe: 000035E8: 16:32:01 [TUniServerModule]:Server First Init.
ERPImporta.exe: 000035E8: 16:32:01 [TUniServerModule]:Start Path = C:\Projetos_WEB\ERP_Importa\
ERPImporta.exe: 000035E8: 16:32:01 [TUniServerModule]:Debug Mode = ON
ERPImporta.exe: 000035E8: 16:32:01 [TUniGUISessionManager]:Cache erase job created, Folder count: [1]
ERPImporta.exe: 000035E8: 16:32:02 [TUniServerModule]:Starting HTTP Server on Port: 8077...
ERPImporta.exe: 000035E8: 16:32:02 [TUniServerModule]:HTTP Server Started on Port: 8077
ERPImporta.exe: 00001E38: 16:39:44 []:>--------------------------------------------------------------<
ERPImporta.exe: 00001E38: 16:39:44 [TUniServerModule]:Server First Init.
ERPImporta.exe: 00001E38: 16:39:44 [TUniServerModule]:Start Path = C:\Projetos_WEB\ERP_Importa\
ERPImporta.exe: 00001E38: 16:39:44 [TUniServerModule]:Debug Mode = ON
ERPImporta.exe: 00001E38: 16:39:44 [TUniGUISessionManager]:Cache erase job created, Folder count: [1]
ERPImporta.exe: 00001E38: 16:39:45 [TUniServerModule]:Starting HTTP Server on Port: 8077...
ERPImporta.exe: 00001E38: 16:39:45 [TUniServerModule]:HTTP Server Started on Port: 8077
ERPImporta.exe: 00002AC4: 16:40:21 []:>--------------------------------------------------------------<
ERPImporta.exe: 00002AC4: 16:40:21 [TUniServerModule]:Server First Init.
ERPImporta.exe: 00002AC4: 16:40:21 [TUniServerModule]:Start Path = C:\Projetos_WEB\ERP_Importa\
ERPImporta.exe: 00002AC4: 16:40:21 [TUniServerModule]:Debug Mode = ON
ERPImporta.exe: 00002AC4: 16:40:21 [TUniGUISessionManager]:Cache erase job created, Folder count: [1]
ERPImporta.exe: 00002AC4: 16:40:21 [TUniServerModule]:Starting HTTP Server on Port: 8077...
ERPImporta.exe: 00002AC4: 16:40:22 [TUniServerModule]:HTTP Server Started on Port: 8077
ERPImporta.exe: 00003130: 16:41:15 []:>--------------------------------------------------------------<
ERPImporta.exe: 00003130: 16:41:15 [TUniServerModule]:Server First Init.
ERPImporta.exe: 00003130: 16:41:15 [TUniServerModule]:Start Path = C:\Projetos_WEB\ERP_Importa\
ERPImporta.exe: 00003130: 16:41:15 [TUniServerModule]:Debug Mode = ON
ERPImporta.exe: 00003130: 16:41:15 [TUniGUISessionManager]:Cache erase job created, Folder count: [1]
ERPImporta.exe: 00003130: 16:41:15 [TUniServerModule]:Starting HTTP Server on Port: 8077...
ERPImporta.exe: 00003130: 16:41:15 [TUniServerModule]:HTTP Server Started on Port: 8077
ERPImporta.exe: 00002BC8: 16:46:35 []:>--------------------------------------------------------------<
ERPImporta.exe: 00002BC8: 16:46:35 [TUniServerModule]:Server First Init.
ERPImporta.exe: 00002BC8: 16:46:35 [TUniServerModule]:Start Path = C:\Projetos_WEB\ERP_Importa\
ERPImporta.exe: 00002BC8: 16:46:35 [TUniServerModule]:Debug Mode = ON
ERPImporta.exe: 00002BC8: 16:46:35 [TUniGUISessionManager]:Cache erase job created, Folder count: [1]
ERPImporta.exe: 00002BC8: 16:46:36 [TUniServerModule]:Starting HTTP Server on Port: 8077...
ERPImporta.exe: 00002BC8: 16:46:36 [TUniServerModule]:HTTP Server Started on Port: 8077
ERPImporta.exe: 00002960: 16:48:07 []:>--------------------------------------------------------------<
ERPImporta.exe: 00002960: 16:48:07 [TUniServerModule]:Server First Init.
ERPImporta.exe: 00002960: 16:48:07 [TUniServerModule]:Start Path = C:\Projetos_WEB\ERP_Importa\
ERPImporta.exe: 00002960: 16:48:07 [TUniServerModule]:Debug Mode = ON
ERPImporta.exe: 00002960: 16:48:07 [TUniGUISessionManager]:Cache erase job created, Folder count: [1]
ERPImporta.exe: 00002960: 16:48:08 [TUniServerModule]:Starting HTTP Server on Port: 8077...
ERPImporta.exe: 00002960: 16:48:08 [TUniServerModule]:HTTP Server Started on Port: 8077
ERPImporta.exe: 000009C0: 16:48:59 []:>--------------------------------------------------------------<
ERPImporta.exe: 000009C0: 16:48:59 [TUniServerModule]:Server First Init.
ERPImporta.exe: 000009C0: 16:48:59 [TUniServerModule]:Start Path = C:\Projetos_WEB\ERP_Importa\
ERPImporta.exe: 000009C0: 16:48:59 [TUniServerModule]:Debug Mode = ON
ERPImporta.exe: 000009C0: 16:48:59 [TUniGUISessionManager]:Cache erase job created, Folder count: [1]
ERPImporta.exe: 000009C0: 16:49:00 [TUniServerModule]:Starting HTTP Server on Port: 8077...
ERPImporta.exe: 000009C0: 16:49:00 [TUniServerModule]:HTTP Server Started on Port: 8077
ERPImporta.exe: 00002044: 16:57:33 []:>--------------------------------------------------------------<
ERPImporta.exe: 00002044: 16:57:33 [TUniServerModule]:Server First Init.
ERPImporta.exe: 00002044: 16:57:33 [TUniServerModule]:Start Path = C:\Projetos_WEB\ERP_Importa\
ERPImporta.exe: 00002044: 16:57:33 [TUniServerModule]:Debug Mode = ON
ERPImporta.exe: 00002044: 16:57:33 [TUniGUISessionManager]:Cache erase job created, Folder count: [1]
ERPImporta.exe: 00002044: 16:57:34 [TUniServerModule]:Starting HTTP Server on Port: 8077...
ERPImporta.exe: 00002044: 16:57:34 [TUniServerModule]:HTTP Server Started on Port: 8077
ERPImporta.exe: 00002674: 16:58:03 []:>--------------------------------------------------------------<
ERPImporta.exe: 00002674: 16:58:03 [TUniServerModule]:Server First Init.
ERPImporta.exe: 00002674: 16:58:03 [TUniServerModule]:Start Path = C:\Projetos_WEB\ERP_Importa\
ERPImporta.exe: 00002674: 16:58:03 [TUniServerModule]:Debug Mode = ON
ERPImporta.exe: 00002674: 16:58:03 [TUniServerModule]:Starting HTTP Server on Port: 8077...
ERPImporta.exe: 00002674: 16:58:03 [TUniServerModule]:HTTP Server Started on Port: 8077
ERPImporta.exe: 0000284C: 16:59:04 []:>--------------------------------------------------------------<
ERPImporta.exe: 0000284C: 16:59:04 [TUniServerModule]:Server First Init.
ERPImporta.exe: 0000284C: 16:59:04 [TUniServerModule]:Start Path = C:\Projetos_WEB\ERP_Importa\
ERPImporta.exe: 0000284C: 16:59:04 [TUniServerModule]:Debug Mode = ON
ERPImporta.exe: 0000284C: 16:59:04 [TUniServerModule]:Starting HTTP Server on Port: 8077...
ERPImporta.exe: 0000284C: 16:59:04 [TUniServerModule]:HTTP Server Started on Port: 8077
