ERPImporta.exe: 00001DA0: 10:03:02 []:>--------------------------------------------------------------<
ERPImporta.exe: 00001DA0: 10:03:02 [TUniServerModule]:Server First Init.
ERPImporta.exe: 00001DA0: 10:03:02 [TUniServerModule]:Start Path = C:\Projetos_WEB\ERP_Importa\
ERPImporta.exe: 00001DA0: 10:03:02 [TUniServerModule]:Debug Mode = ON
ERPImporta.exe: 00001DA0: 10:03:02 [TUniServerModule]:Starting HTTP Server on Port: 8077...
ERPImporta.exe: 00001DA0: 10:03:02 [TUniServerModule]:HTTP Server Started on Port: 8077
ERPImporta.exe: 00003100: 10:05:23 [127.0.0.1]:EDatabaseError : PedidosNF: Field 'Estado' not found : Addr: $00657B36
ERPImporta.exe: 00003100: 10:05:35 [127.0.0.1]:EDatabaseError : PedidosNF: Field 'Estado' not found : Addr: $00657B36
ERPImporta.exe: 00000EBC: 10:21:45 []:>--------------------------------------------------------------<
ERPImporta.exe: 00000EBC: 10:21:45 [TUniServerModule]:Server First Init.
ERPImporta.exe: 00000EBC: 10:21:45 [TUniServerModule]:Start Path = C:\Projetos_WEB\ERP_Importa\
ERPImporta.exe: 00000EBC: 10:21:45 [TUniServerModule]:Debug Mode = ON
ERPImporta.exe: 00000EBC: 10:21:45 [TUniServerModule]:Starting HTTP Server on Port: 8077...
ERPImporta.exe: 00000EBC: 10:21:45 [TUniServerModule]:HTTP Server Started on Port: 8077
ERPImporta.exe: 00001A24: 10:23:40 []:>--------------------------------------------------------------<
ERPImporta.exe: 00001A24: 10:23:40 [TUniServerModule]:Server First Init.
ERPImporta.exe: 00001A24: 10:23:40 [TUniServerModule]:Start Path = C:\Projetos_WEB\ERP_Importa\
ERPImporta.exe: 00001A24: 10:23:40 [TUniServerModule]:Debug Mode = ON
ERPImporta.exe: 00001A24: 10:23:40 [TUniServerModule]:Starting HTTP Server on Port: 8077...
ERPImporta.exe: 00001A24: 10:23:40 [TUniServerModule]:HTTP Server Started on Port: 8077
ERPImporta.exe: 000018F4: 10:25:00 [127.0.0.1]:EDatabaseError : PedidosNF: Field 'Estado' not found : Addr: $00657B36
ERPImporta.exe: 00000884: 10:25:14 []:>--------------------------------------------------------------<
ERPImporta.exe: 00000884: 10:25:14 [TUniServerModule]:Server First Init.
ERPImporta.exe: 00000884: 10:25:14 [TUniServerModule]:Start Path = C:\Projetos_WEB\ERP_Importa\
ERPImporta.exe: 00000884: 10:25:14 [TUniServerModule]:Debug Mode = ON
ERPImporta.exe: 00000884: 10:25:14 [TUniGUISessionManager]:Cache erase job created, Folder count: [1]
ERPImporta.exe: 00000884: 10:25:14 [TUniServerModule]:Starting HTTP Server on Port: 8077...
ERPImporta.exe: 00000884: 10:25:14 [TUniServerModule]:HTTP Server Started on Port: 8077
ERPImporta.exe: 00001048: 10:27:24 []:>--------------------------------------------------------------<
ERPImporta.exe: 00001048: 10:27:24 [TUniServerModule]:Server First Init.
ERPImporta.exe: 00001048: 10:27:24 [TUniServerModule]:Start Path = C:\Projetos_WEB\ERP_Importa\
ERPImporta.exe: 00001048: 10:27:24 [TUniServerModule]:Debug Mode = ON
ERPImporta.exe: 00001048: 10:27:24 [TUniGUISessionManager]:Cache erase job created, Folder count: [1]
ERPImporta.exe: 00001048: 10:27:24 [TUniServerModule]:Starting HTTP Server on Port: 8077...
ERPImporta.exe: 00001048: 10:27:24 [TUniServerModule]:HTTP Server Started on Port: 8077
ERPImporta.exe: 00002DD4: 10:27:40 [[FireDAC][Phys][ODBC][Microsoft][SQL Server Native Client 11.0][SQL Server]Invalid column name 'Estado'.-127.0.0.1]:EMSSQLNativeException : [FireDAC][Phys][ODBC][Microsoft][SQL Server Native Client 11.0][SQL Server]Invalid column name 'Estado'. : Addr: $008E1D71
ERPImporta.exe: 00000B7C: 10:29:23 []:>--------------------------------------------------------------<
ERPImporta.exe: 00000B7C: 10:29:23 [TUniServerModule]:Server First Init.
ERPImporta.exe: 00000B7C: 10:29:23 [TUniServerModule]:Start Path = C:\Projetos_WEB\ERP_Importa\
ERPImporta.exe: 00000B7C: 10:29:23 [TUniServerModule]:Debug Mode = ON
ERPImporta.exe: 00000B7C: 10:29:23 [TUniGUISessionManager]:Cache erase job created, Folder count: [1]
ERPImporta.exe: 00000B7C: 10:29:24 [TUniServerModule]:Starting HTTP Server on Port: 8077...
ERPImporta.exe: 00000B7C: 10:29:24 [TUniServerModule]:HTTP Server Started on Port: 8077
ERPImporta.exe: 00001C2C: 10:29:58 [[FireDAC][Phys][ODBC][Microsoft][SQL Server Native Client 11.0][SQL Server]Invalid column name 'Estado'.-127.0.0.1]:EMSSQLNativeException : [FireDAC][Phys][ODBC][Microsoft][SQL Server Native Client 11.0][SQL Server]Invalid column name 'Estado'. : Addr: $008E1D71
ERPImporta.exe: 00001D20: 10:31:02 []:>--------------------------------------------------------------<
ERPImporta.exe: 00001D20: 10:31:02 [TUniServerModule]:Server First Init.
ERPImporta.exe: 00001D20: 10:31:02 [TUniServerModule]:Start Path = C:\Projetos_WEB\ERP_Importa\
ERPImporta.exe: 00001D20: 10:31:02 [TUniServerModule]:Debug Mode = ON
ERPImporta.exe: 00001D20: 10:31:02 [TUniGUISessionManager]:Cache erase job created, Folder count: [1]
ERPImporta.exe: 00001D20: 10:31:02 [TUniServerModule]:Starting HTTP Server on Port: 8077...
ERPImporta.exe: 00001D20: 10:31:02 [TUniServerModule]:HTTP Server Started on Port: 8077
ERPImporta.exe: 00002D98: 10:31:03 [127.0.0.1]:EUniSessionException : Sessão inváilda ou tempo da sessão expirado. (Session not found: 74isyW62qo111E7615D ) : Addr: $007D0FCC
ERPImporta.exe: 00003764: 10:31:22 [[FireDAC][Phys][ODBC][Microsoft][SQL Server Native Client 11.0][SQL Server]Invalid column name 'Estado'.-127.0.0.1]:EMSSQLNativeException : [FireDAC][Phys][ODBC][Microsoft][SQL Server Native Client 11.0][SQL Server]Invalid column name 'Estado'. : Addr: $008E1D71
ERPImporta.exe: 0000132C: 10:35:19 []:>--------------------------------------------------------------<
ERPImporta.exe: 0000132C: 10:35:19 [TUniServerModule]:Server First Init.
ERPImporta.exe: 0000132C: 10:35:19 [TUniServerModule]:Start Path = C:\Projetos_WEB\ERP_Importa\
ERPImporta.exe: 0000132C: 10:35:19 [TUniServerModule]:Debug Mode = ON
ERPImporta.exe: 0000132C: 10:35:19 [TUniGUISessionManager]:Cache erase job created, Folder count: [1]
ERPImporta.exe: 0000132C: 10:35:19 [TUniServerModule]:Starting HTTP Server on Port: 8077...
ERPImporta.exe: 0000132C: 10:35:19 [TUniServerModule]:HTTP Server Started on Port: 8077
ERPImporta.exe: 00000734: 10:35:42 [[FireDAC][Phys][ODBC][Microsoft][SQL Server Native Client 11.0][SQL Server]Invalid column name 'Estado'.-127.0.0.1]:EMSSQLNativeException : [FireDAC][Phys][ODBC][Microsoft][SQL Server Native Client 11.0][SQL Server]Invalid column name 'Estado'. : Addr: $008E1D71
ERPImporta.exe: 00002144: 10:36:38 []:>--------------------------------------------------------------<
ERPImporta.exe: 00002144: 10:36:38 [TUniServerModule]:Server First Init.
ERPImporta.exe: 00002144: 10:36:38 [TUniServerModule]:Start Path = C:\Projetos_WEB\ERP_Importa\
ERPImporta.exe: 00002144: 10:36:38 [TUniServerModule]:Debug Mode = ON
ERPImporta.exe: 00002144: 10:36:38 [TUniGUISessionManager]:Cache erase job created, Folder count: [1]
ERPImporta.exe: 00002144: 10:36:38 [TUniServerModule]:Starting HTTP Server on Port: 8077...
ERPImporta.exe: 00002144: 10:36:38 [TUniServerModule]:HTTP Server Started on Port: 8077
ERPImporta.exe: 000035D0: 10:37:05 [127.0.0.1]:EDatabaseError : PedidosNF: Field 'Estado' not found : Addr: $00657B36
ERPImporta.exe: 00003B58: 10:37:35 []:>--------------------------------------------------------------<
ERPImporta.exe: 00003B58: 10:37:35 [TUniServerModule]:Server First Init.
ERPImporta.exe: 00003B58: 10:37:35 [TUniServerModule]:Start Path = C:\Projetos_WEB\ERP_Importa\
ERPImporta.exe: 00003B58: 10:37:35 [TUniServerModule]:Debug Mode = ON
ERPImporta.exe: 00003B58: 10:37:36 [TUniServerModule]:Starting HTTP Server on Port: 8077...
ERPImporta.exe: 00003B58: 10:37:36 [TUniServerModule]:HTTP Server Started on Port: 8077
ERPImporta.exe: 000018B8: 10:38:32 [127.0.0.1]:EDatabaseError : PedidosNF: Field 'Estado' not found : Addr: $00657B36
ERPImporta.exe: 00002738: 10:39:57 []:>--------------------------------------------------------------<
ERPImporta.exe: 00002738: 10:39:57 [TUniServerModule]:Server First Init.
ERPImporta.exe: 00002738: 10:39:58 [TUniServerModule]:Start Path = C:\Projetos_WEB\ERP_Importa\
ERPImporta.exe: 00002738: 10:39:58 [TUniServerModule]:Debug Mode = ON
ERPImporta.exe: 00002738: 10:39:58 [TUniServerModule]:Starting HTTP Server on Port: 8077...
ERPImporta.exe: 00002738: 10:39:58 [TUniServerModule]:HTTP Server Started on Port: 8077
ERPImporta.exe: 00000A54: 10:40:23 [127.0.0.1]:EDatabaseError : ICMS: Field 'Imp_Contribuinte' not found : Addr: $00657B36
ERPImporta.exe: 00003B20: 10:43:51 []:>--------------------------------------------------------------<
ERPImporta.exe: 00003B20: 10:43:51 [TUniServerModule]:Server First Init.
ERPImporta.exe: 00003B20: 10:43:51 [TUniServerModule]:Start Path = C:\Projetos_WEB\ERP_Importa\
ERPImporta.exe: 00003B20: 10:43:51 [TUniServerModule]:Debug Mode = ON
ERPImporta.exe: 00003B20: 10:43:51 [TUniServerModule]:Starting HTTP Server on Port: 8077...
ERPImporta.exe: 00003B20: 10:43:51 [TUniServerModule]:HTTP Server Started on Port: 8077
ERPImporta.exe: 000039B4: 10:44:20 [127.0.0.1]:EDatabaseError : ICMS: Field 'Imp_Contribuinte' not found : Addr: $00657B36
ERPImporta.exe: 00003668: 10:56:35 []:>--------------------------------------------------------------<
ERPImporta.exe: 00003668: 10:56:35 [TUniServerModule]:Server First Init.
ERPImporta.exe: 00003668: 10:56:35 [TUniServerModule]:Start Path = C:\Projetos_WEB\ERP_Importa\
ERPImporta.exe: 00003668: 10:56:35 [TUniServerModule]:Debug Mode = ON
ERPImporta.exe: 00003668: 10:56:35 [TUniGUISessionManager]:Cache erase job created, Folder count: [1]
ERPImporta.exe: 00003668: 10:56:35 [TUniServerModule]:Starting HTTP Server on Port: 8077...
ERPImporta.exe: 00003668: 10:56:35 [TUniServerModule]:HTTP Server Started on Port: 8077
ERPImporta.exe: 000003B4: 10:57:00 [127.0.0.1]:EDatabaseError : OpFiscal: Field 'Finalidade_Mercadoria' not found : Addr: $00657B36
ERPImporta.exe: 000003B4: 10:57:03 [127.0.0.1]:EDatabaseError : OpFiscal: Field 'Finalidade_Mercadoria' not found : Addr: $00657B36
ERPImporta.exe: 000003B4: 10:57:10 [127.0.0.1]:EDatabaseError : OpFiscal: Field 'Finalidade_Mercadoria' not found : Addr: $00657B36
ERPImporta.exe: 00002114: 10:57:43 []:>--------------------------------------------------------------<
ERPImporta.exe: 00002114: 10:57:43 [TUniServerModule]:Server First Init.
ERPImporta.exe: 00002114: 10:57:43 [TUniServerModule]:Start Path = C:\Projetos_WEB\ERP_Importa\
ERPImporta.exe: 00002114: 10:57:43 [TUniServerModule]:Debug Mode = ON
ERPImporta.exe: 00002114: 10:57:43 [TUniServerModule]:Starting HTTP Server on Port: 8077...
ERPImporta.exe: 00002114: 10:57:43 [TUniServerModule]:HTTP Server Started on Port: 8077
ERPImporta.exe: 00000260: 11:02:54 []:>--------------------------------------------------------------<
ERPImporta.exe: 00000260: 11:02:54 [TUniServerModule]:Server First Init.
ERPImporta.exe: 00000260: 11:02:54 [TUniServerModule]:Start Path = C:\Projetos_WEB\ERP_Importa\
ERPImporta.exe: 00000260: 11:02:54 [TUniServerModule]:Debug Mode = ON
ERPImporta.exe: 00000260: 11:02:54 [TUniGUISessionManager]:Cache erase job created, Folder count: [1]
ERPImporta.exe: 00000260: 11:02:54 [TUniServerModule]:Starting HTTP Server on Port: 8077...
ERPImporta.exe: 00000260: 11:02:54 [TUniServerModule]:HTTP Server Started on Port: 8077
ERPImporta.exe: 00001CF4: 11:41:47 []:>--------------------------------------------------------------<
ERPImporta.exe: 00001CF4: 11:41:47 [TUniServerModule]:Server First Init.
ERPImporta.exe: 00001CF4: 11:41:47 [TUniServerModule]:Start Path = C:\Projetos_WEB\ERP_Importa\
ERPImporta.exe: 00001CF4: 11:41:47 [TUniServerModule]:Debug Mode = ON
ERPImporta.exe: 00001CF4: 11:41:47 [TUniGUISessionManager]:Cache erase job created, Folder count: [1]
ERPImporta.exe: 00001CF4: 11:41:48 [TUniServerModule]:Starting HTTP Server on Port: 8077...
ERPImporta.exe: 00001CF4: 11:41:48 [TUniServerModule]:HTTP Server Started on Port: 8077
ERPImporta.exe: 000038A4: 11:49:17 []:>--------------------------------------------------------------<
ERPImporta.exe: 000038A4: 11:49:17 [TUniServerModule]:Server First Init.
ERPImporta.exe: 000038A4: 11:49:17 [TUniServerModule]:Start Path = C:\Projetos_WEB\ERP_Importa\
ERPImporta.exe: 000038A4: 11:49:17 [TUniServerModule]:Debug Mode = ON
ERPImporta.exe: 000038A4: 11:49:17 [TUniGUISessionManager]:Cache erase job created, Folder count: [1]
ERPImporta.exe: 000038A4: 11:49:17 [TUniServerModule]:Starting HTTP Server on Port: 8077...
ERPImporta.exe: 000038A4: 11:49:17 [TUniServerModule]:HTTP Server Started on Port: 8077
ERPImporta.exe: 00002B38: 11:51:32 []:>--------------------------------------------------------------<
ERPImporta.exe: 00002B38: 11:51:32 [TUniServerModule]:Server First Init.
ERPImporta.exe: 00002B38: 11:51:32 [TUniServerModule]:Start Path = C:\Projetos_WEB\ERP_Importa\
ERPImporta.exe: 00002B38: 11:51:32 [TUniServerModule]:Debug Mode = ON
ERPImporta.exe: 00002B38: 11:51:32 [TUniGUISessionManager]:Cache erase job created, Folder count: [1]
ERPImporta.exe: 00002B38: 11:51:32 [TUniServerModule]:Starting HTTP Server on Port: 8077...
ERPImporta.exe: 00002B38: 11:51:32 [TUniServerModule]:HTTP Server Started on Port: 8077
ERPImporta.exe: 000020BC: 11:52:12 []:>--------------------------------------------------------------<
ERPImporta.exe: 000020BC: 11:52:12 [TUniServerModule]:Server First Init.
ERPImporta.exe: 000020BC: 11:52:12 [TUniServerModule]:Start Path = C:\Projetos_WEB\ERP_Importa\
ERPImporta.exe: 000020BC: 11:52:12 [TUniServerModule]:Debug Mode = ON
ERPImporta.exe: 000020BC: 11:52:12 [TUniGUISessionManager]:Cache erase job created, Folder count: [1]
ERPImporta.exe: 000020BC: 11:52:12 [TUniServerModule]:Starting HTTP Server on Port: 8077...
ERPImporta.exe: 000020BC: 11:52:12 [TUniServerModule]:HTTP Server Started on Port: 8077
ERPImporta.exe: 000004E8: 11:53:00 []:>--------------------------------------------------------------<
ERPImporta.exe: 000004E8: 11:53:00 [TUniServerModule]:Server First Init.
ERPImporta.exe: 000004E8: 11:53:00 [TUniServerModule]:Start Path = C:\Projetos_WEB\ERP_Importa\
ERPImporta.exe: 000004E8: 11:53:00 [TUniServerModule]:Debug Mode = ON
ERPImporta.exe: 000004E8: 11:53:00 [TUniGUISessionManager]:Cache erase job created, Folder count: [1]
ERPImporta.exe: 000004E8: 11:53:00 [TUniServerModule]:Starting HTTP Server on Port: 8077...
ERPImporta.exe: 000004E8: 11:53:01 [TUniServerModule]:HTTP Server Started on Port: 8077
ERPImporta.exe: 000019C0: 11:53:45 []:>--------------------------------------------------------------<
ERPImporta.exe: 000019C0: 11:53:45 [TUniServerModule]:Server First Init.
ERPImporta.exe: 000019C0: 11:53:45 [TUniServerModule]:Start Path = C:\Projetos_WEB\ERP_Importa\
ERPImporta.exe: 000019C0: 11:53:45 [TUniServerModule]:Debug Mode = ON
ERPImporta.exe: 000019C0: 11:53:45 [TUniServerModule]:Starting HTTP Server on Port: 8077...
ERPImporta.exe: 000019C0: 11:53:45 [TUniServerModule]:HTTP Server Started on Port: 8077
ERPImporta.exe: 00002B30: 11:55:30 []:>--------------------------------------------------------------<
ERPImporta.exe: 00002B30: 11:55:30 [TUniServerModule]:Server First Init.
ERPImporta.exe: 00002B30: 11:55:30 [TUniServerModule]:Start Path = C:\Projetos_WEB\ERP_Importa\
ERPImporta.exe: 00002B30: 11:55:30 [TUniServerModule]:Debug Mode = ON
ERPImporta.exe: 00002B30: 11:55:30 [TUniGUISessionManager]:Cache erase job created, Folder count: [1]
ERPImporta.exe: 00002B30: 11:55:30 [TUniServerModule]:Starting HTTP Server on Port: 8077...
ERPImporta.exe: 00002B30: 11:55:30 [TUniServerModule]:HTTP Server Started on Port: 8077
ERPImporta.exe: 000016E0: 11:56:42 []:>--------------------------------------------------------------<
ERPImporta.exe: 000016E0: 11:56:42 [TUniServerModule]:Server First Init.
ERPImporta.exe: 000016E0: 11:56:42 [TUniServerModule]:Start Path = C:\Projetos_WEB\ERP_Importa\
ERPImporta.exe: 000016E0: 11:56:42 [TUniServerModule]:Debug Mode = ON
ERPImporta.exe: 000016E0: 11:56:42 [TUniGUISessionManager]:Cache erase job created, Folder count: [1]
ERPImporta.exe: 000016E0: 11:56:42 [TUniServerModule]:Starting HTTP Server on Port: 8077...
ERPImporta.exe: 000016E0: 11:56:42 [TUniServerModule]:HTTP Server Started on Port: 8077
ERPImporta.exe: 00003A84: 11:57:35 []:>--------------------------------------------------------------<
ERPImporta.exe: 00003A84: 11:57:35 [TUniServerModule]:Server First Init.
ERPImporta.exe: 00003A84: 11:57:35 [TUniServerModule]:Start Path = C:\Projetos_WEB\ERP_Importa\
ERPImporta.exe: 00003A84: 11:57:35 [TUniServerModule]:Debug Mode = ON
ERPImporta.exe: 00003A84: 11:57:36 [TUniServerModule]:Starting HTTP Server on Port: 8077...
ERPImporta.exe: 00003A84: 11:57:36 [TUniServerModule]:HTTP Server Started on Port: 8077
ERPImporta.exe: 0000091C: 11:58:35 []:>--------------------------------------------------------------<
ERPImporta.exe: 0000091C: 11:58:35 [TUniServerModule]:Server First Init.
ERPImporta.exe: 0000091C: 11:58:35 [TUniServerModule]:Start Path = C:\Projetos_WEB\ERP_Importa\
ERPImporta.exe: 0000091C: 11:58:35 [TUniServerModule]:Debug Mode = ON
ERPImporta.exe: 0000091C: 11:58:35 [TUniGUISessionManager]:Cache erase job created, Folder count: [1]
ERPImporta.exe: 0000091C: 11:58:35 [TUniServerModule]:Starting HTTP Server on Port: 8077...
ERPImporta.exe: 0000091C: 11:58:35 [TUniServerModule]:HTTP Server Started on Port: 8077
ERPImporta.exe: 00003B34: 11:59:34 []:>--------------------------------------------------------------<
ERPImporta.exe: 00003B34: 11:59:34 [TUniServerModule]:Server First Init.
ERPImporta.exe: 00003B34: 11:59:34 [TUniServerModule]:Start Path = C:\Projetos_WEB\ERP_Importa\
ERPImporta.exe: 00003B34: 11:59:34 [TUniServerModule]:Debug Mode = ON
ERPImporta.exe: 00003B34: 11:59:35 [TUniServerModule]:Starting HTTP Server on Port: 8077...
ERPImporta.exe: 00003B34: 11:59:35 [TUniServerModule]:HTTP Server Started on Port: 8077
ERPImporta.exe: 00003608: 12:00:10 []:>--------------------------------------------------------------<
ERPImporta.exe: 00003608: 12:00:10 [TUniServerModule]:Server First Init.
ERPImporta.exe: 00003608: 12:00:10 [TUniServerModule]:Start Path = C:\Projetos_WEB\ERP_Importa\
ERPImporta.exe: 00003608: 12:00:10 [TUniServerModule]:Debug Mode = ON
ERPImporta.exe: 00003608: 12:00:10 [TUniServerModule]:Starting HTTP Server on Port: 8077...
ERPImporta.exe: 00003608: 12:00:10 [TUniServerModule]:HTTP Server Started on Port: 8077
ERPImporta.exe: 0000258C: 12:01:38 []:>--------------------------------------------------------------<
ERPImporta.exe: 0000258C: 12:01:38 [TUniServerModule]:Server First Init.
ERPImporta.exe: 0000258C: 12:01:38 [TUniServerModule]:Start Path = C:\Projetos_WEB\ERP_Importa\
ERPImporta.exe: 0000258C: 12:01:38 [TUniServerModule]:Debug Mode = ON
ERPImporta.exe: 0000258C: 12:01:38 [TUniGUISessionManager]:Cache erase job created, Folder count: [1]
ERPImporta.exe: 0000258C: 12:01:38 [TUniServerModule]:Starting HTTP Server on Port: 8077...
ERPImporta.exe: 0000258C: 12:01:39 [TUniServerModule]:HTTP Server Started on Port: 8077
ERPImporta.exe: 00002D90: 12:02:45 []:>--------------------------------------------------------------<
ERPImporta.exe: 00002D90: 12:02:45 [TUniServerModule]:Server First Init.
ERPImporta.exe: 00002D90: 12:02:45 [TUniServerModule]:Start Path = C:\Projetos_WEB\ERP_Importa\
ERPImporta.exe: 00002D90: 12:02:45 [TUniServerModule]:Debug Mode = ON
ERPImporta.exe: 00002D90: 12:02:46 [TUniGUISessionManager]:Cache erase job created, Folder count: [1]
ERPImporta.exe: 00002D90: 12:02:46 [TUniServerModule]:Starting HTTP Server on Port: 8077...
ERPImporta.exe: 00002D90: 12:02:46 [TUniServerModule]:HTTP Server Started on Port: 8077
ERPImporta.exe: 00003B80: 12:03:18 []:>--------------------------------------------------------------<
ERPImporta.exe: 00003B80: 12:03:18 [TUniServerModule]:Server First Init.
ERPImporta.exe: 00003B80: 12:03:19 [TUniServerModule]:Start Path = C:\Projetos_WEB\ERP_Importa\
ERPImporta.exe: 00003B80: 12:03:19 [TUniServerModule]:Debug Mode = ON
ERPImporta.exe: 00003B80: 12:03:19 [TUniGUISessionManager]:Cache erase job created, Folder count: [1]
ERPImporta.exe: 00003B80: 12:03:19 [TUniServerModule]:Starting HTTP Server on Port: 8077...
ERPImporta.exe: 00003B80: 12:03:19 [TUniServerModule]:HTTP Server Started on Port: 8077
ERPImporta.exe: 000010A0: 12:04:15 []:>--------------------------------------------------------------<
ERPImporta.exe: 000010A0: 12:04:15 [TUniServerModule]:Server First Init.
ERPImporta.exe: 000010A0: 12:04:15 [TUniServerModule]:Start Path = C:\Projetos_WEB\ERP_Importa\
ERPImporta.exe: 000010A0: 12:04:15 [TUniServerModule]:Debug Mode = ON
ERPImporta.exe: 000010A0: 12:04:15 [TUniServerModule]:Starting HTTP Server on Port: 8077...
ERPImporta.exe: 000010A0: 12:04:15 [TUniServerModule]:HTTP Server Started on Port: 8077
ERPImporta.exe: 00000A14: 17:17:04 []:>--------------------------------------------------------------<
ERPImporta.exe: 00000A14: 17:17:04 [TUniServerModule]:Server First Init.
ERPImporta.exe: 00000A14: 17:17:04 [TUniServerModule]:Start Path = C:\Projetos_WEB\ERP_Importa\
ERPImporta.exe: 00000A14: 17:17:04 [TUniServerModule]:Debug Mode = ON
ERPImporta.exe: 00000A14: 17:17:04 [TUniServerModule]:Starting HTTP Server on Port: 8077...
ERPImporta.exe: 00000A14: 17:17:04 [TUniServerModule]:HTTP Server Started on Port: 8077
ERPImporta.exe: 000016F8: 17:22:09 []:>--------------------------------------------------------------<
ERPImporta.exe: 000016F8: 17:22:09 [TUniServerModule]:Server First Init.
ERPImporta.exe: 000016F8: 17:22:09 [TUniServerModule]:Start Path = C:\Projetos_WEB\ERP_Importa\
ERPImporta.exe: 000016F8: 17:22:09 [TUniServerModule]:Debug Mode = ON
ERPImporta.exe: 000016F8: 17:22:09 [TUniGUISessionManager]:Cache erase job created, Folder count: [1]
ERPImporta.exe: 000016F8: 17:22:10 [TUniServerModule]:Starting HTTP Server on Port: 8077...
ERPImporta.exe: 000016F8: 17:22:10 [TUniServerModule]:HTTP Server Started on Port: 8077
ERPImporta.exe: 0000013C: 17:24:16 [TUniGUIServerModule.AppHandleException-127.0.0.1]:EAbort : Operation aborted : Addr: $00C08413
ERPImporta.exe: 0000366C: 17:37:46 []:>--------------------------------------------------------------<
ERPImporta.exe: 0000366C: 17:37:46 [TUniServerModule]:Server First Init.
ERPImporta.exe: 0000366C: 17:37:46 [TUniServerModule]:Start Path = C:\Projetos_WEB\ERP_Importa\
ERPImporta.exe: 0000366C: 17:37:46 [TUniServerModule]:Debug Mode = ON
ERPImporta.exe: 0000366C: 17:37:46 [TUniServerModule]:Starting HTTP Server on Port: 8077...
ERPImporta.exe: 0000366C: 17:37:46 [TUniServerModule]:HTTP Server Started on Port: 8077
ERPImporta.exe: 00001994: 17:46:18 []:>--------------------------------------------------------------<
ERPImporta.exe: 00001994: 17:46:18 [TUniServerModule]:Server First Init.
ERPImporta.exe: 00001994: 17:46:18 [TUniServerModule]:Start Path = C:\Projetos_WEB\ERP_Importa\
ERPImporta.exe: 00001994: 17:46:18 [TUniServerModule]:Debug Mode = ON
ERPImporta.exe: 00001994: 17:46:19 [TUniServerModule]:Starting HTTP Server on Port: 8077...
ERPImporta.exe: 00001994: 17:46:19 [TUniServerModule]:HTTP Server Started on Port: 8077
ERPImporta.exe: 00001B80: 18:23:56 []:>--------------------------------------------------------------<
ERPImporta.exe: 00001B80: 18:23:56 [TUniServerModule]:Server First Init.
ERPImporta.exe: 00001B80: 18:23:56 [TUniServerModule]:Start Path = C:\Projetos_WEB\ERP_Importa\
ERPImporta.exe: 00001B80: 18:23:56 [TUniServerModule]:Debug Mode = ON
ERPImporta.exe: 00001B80: 18:23:56 [TUniServerModule]:Starting HTTP Server on Port: 8077...
ERPImporta.exe: 00001B80: 18:23:57 [TUniServerModule]:HTTP Server Started on Port: 8077
ERPImporta.exe: 000023E8: 18:28:14 []:>--------------------------------------------------------------<
ERPImporta.exe: 000023E8: 18:28:14 [TUniServerModule]:Server First Init.
ERPImporta.exe: 000023E8: 18:28:14 [TUniServerModule]:Start Path = C:\Projetos_WEB\ERP_Importa\
ERPImporta.exe: 000023E8: 18:28:14 [TUniServerModule]:Debug Mode = ON
ERPImporta.exe: 000023E8: 18:28:14 [TUniGUISessionManager]:Cache erase job created, Folder count: [1]
ERPImporta.exe: 000023E8: 18:28:14 [TUniServerModule]:Starting HTTP Server on Port: 8077...
ERPImporta.exe: 000023E8: 18:28:14 [TUniServerModule]:HTTP Server Started on Port: 8077
ERPImporta.exe: 000003F0: 18:29:07 []:>--------------------------------------------------------------<
ERPImporta.exe: 000003F0: 18:29:07 [TUniServerModule]:Server First Init.
ERPImporta.exe: 000003F0: 18:29:07 [TUniServerModule]:Start Path = C:\Projetos_WEB\ERP_Importa\
ERPImporta.exe: 000003F0: 18:29:07 [TUniServerModule]:Debug Mode = ON
ERPImporta.exe: 000003F0: 18:29:08 [TUniServerModule]:Starting HTTP Server on Port: 8077...
ERPImporta.exe: 000003F0: 18:29:08 [TUniServerModule]:HTTP Server Started on Port: 8077
ERPImporta.exe: 00002FEC: 18:30:45 []:>--------------------------------------------------------------<
ERPImporta.exe: 00002FEC: 18:30:45 [TUniServerModule]:Server First Init.
ERPImporta.exe: 00002FEC: 18:30:45 [TUniServerModule]:Start Path = C:\Projetos_WEB\ERP_Importa\
ERPImporta.exe: 00002FEC: 18:30:45 [TUniServerModule]:Debug Mode = ON
ERPImporta.exe: 00002FEC: 18:30:45 [TUniServerModule]:Starting HTTP Server on Port: 8077...
ERPImporta.exe: 00002FEC: 18:30:45 [TUniServerModule]:HTTP Server Started on Port: 8077
ERPImporta.exe: 000014C8: 18:31:28 []:>--------------------------------------------------------------<
ERPImporta.exe: 000014C8: 18:31:28 [TUniServerModule]:Server First Init.
ERPImporta.exe: 000014C8: 18:31:29 [TUniServerModule]:Start Path = C:\Projetos_WEB\ERP_Importa\
ERPImporta.exe: 000014C8: 18:31:29 [TUniServerModule]:Debug Mode = ON
ERPImporta.exe: 000014C8: 18:31:29 [TUniServerModule]:Starting HTTP Server on Port: 8077...
ERPImporta.exe: 000014C8: 18:31:29 [TUniServerModule]:HTTP Server Started on Port: 8077
ERPImporta.exe: 00001C70: 18:34:23 []:>--------------------------------------------------------------<
ERPImporta.exe: 00001C70: 18:34:23 [TUniServerModule]:Server First Init.
ERPImporta.exe: 00001C70: 18:34:23 [TUniServerModule]:Start Path = C:\Projetos_WEB\ERP_Importa\
ERPImporta.exe: 00001C70: 18:34:23 [TUniServerModule]:Debug Mode = ON
ERPImporta.exe: 00001C70: 18:34:23 [TUniServerModule]:Starting HTTP Server on Port: 8077...
ERPImporta.exe: 00001C70: 18:34:23 [TUniServerModule]:HTTP Server Started on Port: 8077
ERPImporta.exe: 00002FD8: 18:35:42 []:>--------------------------------------------------------------<
ERPImporta.exe: 00002FD8: 18:35:42 [TUniServerModule]:Server First Init.
ERPImporta.exe: 00002FD8: 18:35:42 [TUniServerModule]:Start Path = C:\Projetos_WEB\ERP_Importa\
ERPImporta.exe: 00002FD8: 18:35:42 [TUniServerModule]:Debug Mode = ON
ERPImporta.exe: 00002FD8: 18:35:42 [TUniServerModule]:Starting HTTP Server on Port: 8077...
ERPImporta.exe: 00002FD8: 18:35:42 [TUniServerModule]:HTTP Server Started on Port: 8077
ERPImporta.exe: 000007C4: 18:36:55 []:>--------------------------------------------------------------<
ERPImporta.exe: 000007C4: 18:36:55 [TUniServerModule]:Server First Init.
ERPImporta.exe: 000007C4: 18:36:55 [TUniServerModule]:Start Path = C:\Projetos_WEB\ERP_Importa\
ERPImporta.exe: 000007C4: 18:36:55 [TUniServerModule]:Debug Mode = ON
ERPImporta.exe: 000007C4: 18:36:55 [TUniServerModule]:Starting HTTP Server on Port: 8077...
ERPImporta.exe: 000007C4: 18:36:55 [TUniServerModule]:HTTP Server Started on Port: 8077
ERPImporta.exe: 00000E00: 18:37:45 []:>--------------------------------------------------------------<
ERPImporta.exe: 00000E00: 18:37:45 [TUniServerModule]:Server First Init.
ERPImporta.exe: 00000E00: 18:37:46 [TUniServerModule]:Start Path = C:\Projetos_WEB\ERP_Importa\
ERPImporta.exe: 00000E00: 18:37:46 [TUniServerModule]:Debug Mode = ON
ERPImporta.exe: 00000E00: 18:37:46 [TUniServerModule]:Starting HTTP Server on Port: 8077...
ERPImporta.exe: 00000E00: 18:37:46 [TUniServerModule]:HTTP Server Started on Port: 8077
ERPImporta.exe: 0000371C: 18:38:28 []:>--------------------------------------------------------------<
ERPImporta.exe: 0000371C: 18:38:28 [TUniServerModule]:Server First Init.
ERPImporta.exe: 0000371C: 18:38:28 [TUniServerModule]:Start Path = C:\Projetos_WEB\ERP_Importa\
ERPImporta.exe: 0000371C: 18:38:28 [TUniServerModule]:Debug Mode = ON
ERPImporta.exe: 0000371C: 18:38:29 [TUniServerModule]:Starting HTTP Server on Port: 8077...
ERPImporta.exe: 0000371C: 18:38:29 [TUniServerModule]:HTTP Server Started on Port: 8077
ERPImporta.exe: 00001DB8: 18:41:40 []:>--------------------------------------------------------------<
ERPImporta.exe: 00001DB8: 18:41:40 [TUniServerModule]:Server First Init.
ERPImporta.exe: 00001DB8: 18:41:40 [TUniServerModule]:Start Path = C:\Projetos_WEB\ERP_Importa\
ERPImporta.exe: 00001DB8: 18:41:40 [TUniServerModule]:Debug Mode = ON
ERPImporta.exe: 00001DB8: 18:41:40 [TUniServerModule]:Starting HTTP Server on Port: 8077...
ERPImporta.exe: 00001DB8: 18:41:40 [TUniServerModule]:HTTP Server Started on Port: 8077
ERPImporta.exe: 00000A80: 18:43:56 []:>--------------------------------------------------------------<
ERPImporta.exe: 00000A80: 18:43:56 [TUniServerModule]:Server First Init.
ERPImporta.exe: 00000A80: 18:43:56 [TUniServerModule]:Start Path = C:\Projetos_WEB\ERP_Importa\
ERPImporta.exe: 00000A80: 18:43:56 [TUniServerModule]:Debug Mode = ON
ERPImporta.exe: 00000A80: 18:43:56 [TUniGUISessionManager]:Cache erase job created, Folder count: [1]
ERPImporta.exe: 00000A80: 18:43:56 [TUniServerModule]:Starting HTTP Server on Port: 8077...
ERPImporta.exe: 00000A80: 18:43:57 [TUniServerModule]:HTTP Server Started on Port: 8077
ERPImporta.exe: 000015B8: 18:46:35 []:>--------------------------------------------------------------<
ERPImporta.exe: 000015B8: 18:46:35 [TUniServerModule]:Server First Init.
ERPImporta.exe: 000015B8: 18:46:35 [TUniServerModule]:Start Path = C:\Projetos_WEB\ERP_Importa\
ERPImporta.exe: 000015B8: 18:46:35 [TUniServerModule]:Debug Mode = ON
ERPImporta.exe: 000015B8: 18:46:35 [TUniServerModule]:Starting HTTP Server on Port: 8077...
ERPImporta.exe: 000015B8: 18:46:35 [TUniServerModule]:HTTP Server Started on Port: 8077
ERPImporta.exe: 00001854: 18:50:23 []:>--------------------------------------------------------------<
ERPImporta.exe: 00001854: 18:50:23 [TUniServerModule]:Server First Init.
ERPImporta.exe: 00001854: 18:50:23 [TUniServerModule]:Start Path = C:\Projetos_WEB\ERP_Importa\
ERPImporta.exe: 00001854: 18:50:23 [TUniServerModule]:Debug Mode = ON
ERPImporta.exe: 00001854: 18:50:23 [TUniServerModule]:Starting HTTP Server on Port: 8077...
ERPImporta.exe: 00001854: 18:50:23 [TUniServerModule]:HTTP Server Started on Port: 8077
ERPImporta.exe: 00001E14: 18:51:32 []:>--------------------------------------------------------------<
ERPImporta.exe: 00001E14: 18:51:32 [TUniServerModule]:Server First Init.
ERPImporta.exe: 00001E14: 18:51:32 [TUniServerModule]:Start Path = C:\Projetos_WEB\ERP_Importa\
ERPImporta.exe: 00001E14: 18:51:32 [TUniServerModule]:Debug Mode = ON
ERPImporta.exe: 00001E14: 18:51:32 [TUniServerModule]:Starting HTTP Server on Port: 8077...
ERPImporta.exe: 00001E14: 18:51:32 [TUniServerModule]:HTTP Server Started on Port: 8077
