ERPImporta.exe: 000032F0: 05:35:45 []:>--------------------------------------------------------------<
ERPImporta.exe: 000032F0: 05:35:45 [TUniServerModule]:Server First Init.
ERPImporta.exe: 000032F0: 05:35:45 [TUniServerModule]:Start Path = D:\Projetos_WEB\ERP_Importa\
ERPImporta.exe: 000032F0: 05:35:45 [TUniServerModule]:Debug Mode = ON
ERPImporta.exe: 000032F0: 05:35:45 [TUniServerModule]:Starting HTTP Server on Port: 8077...
ERPImporta.exe: 000032F0: 05:35:45 [TUniServerModule]:HTTP Server Started on Port: 8077
ERPImporta.exe: 00003910: 05:36:53 []:>--------------------------------------------------------------<
ERPImporta.exe: 00003910: 05:36:53 [TUniServerModule]:Server First Init.
ERPImporta.exe: 00003910: 05:36:53 [TUniServerModule]:Start Path = D:\Projetos_WEB\ERP_Importa\
ERPImporta.exe: 00003910: 05:36:53 [TUniServerModule]:Debug Mode = ON
ERPImporta.exe: 00003910: 05:36:53 [TUniServerModule]:Starting HTTP Server on Port: 8077...
ERPImporta.exe: 00003910: 05:36:54 [TUniServerModule]:HTTP Server Started on Port: 8077
ERPImporta.exe: 0000094C: 05:37:32 []:>--------------------------------------------------------------<
ERPImporta.exe: 0000094C: 05:37:32 [TUniServerModule]:Server First Init.
ERPImporta.exe: 0000094C: 05:37:32 [TUniServerModule]:Start Path = D:\Projetos_WEB\ERP_Importa\
ERPImporta.exe: 0000094C: 05:37:32 [TUniServerModule]:Debug Mode = ON
ERPImporta.exe: 0000094C: 05:37:32 [TUniServerModule]:Starting HTTP Server on Port: 8077...
ERPImporta.exe: 0000094C: 05:37:32 [TUniServerModule]:HTTP Server Started on Port: 8077
ERPImporta.exe: 00002AFC: 05:39:58 []:>--------------------------------------------------------------<
ERPImporta.exe: 00002AFC: 05:39:58 [TUniServerModule]:Server First Init.
ERPImporta.exe: 00002AFC: 05:39:58 [TUniServerModule]:Start Path = D:\Projetos_WEB\ERP_Importa\
ERPImporta.exe: 00002AFC: 05:39:58 [TUniServerModule]:Debug Mode = ON
ERPImporta.exe: 00002AFC: 05:39:58 [TUniServerModule]:Starting HTTP Server on Port: 8077...
ERPImporta.exe: 00002AFC: 05:39:58 [TUniServerModule]:HTTP Server Started on Port: 8077
ERPImporta.exe: 000011A0: 05:42:08 []:>--------------------------------------------------------------<
ERPImporta.exe: 000011A0: 05:42:08 [TUniServerModule]:Server First Init.
ERPImporta.exe: 000011A0: 05:42:08 [TUniServerModule]:Start Path = D:\Projetos_WEB\ERP_Importa\
ERPImporta.exe: 000011A0: 05:42:08 [TUniServerModule]:Debug Mode = ON
ERPImporta.exe: 000011A0: 05:42:08 [TUniGUISessionManager]:Cache erase job created, Folder count: [1]
ERPImporta.exe: 000011A0: 05:42:09 [TUniServerModule]:Starting HTTP Server on Port: 8077...
ERPImporta.exe: 000011A0: 05:42:09 [TUniServerModule]:HTTP Server Started on Port: 8077
ERPImporta.exe: 00003AE4: 05:43:41 []:>--------------------------------------------------------------<
ERPImporta.exe: 00003AE4: 05:43:41 [TUniServerModule]:Server First Init.
ERPImporta.exe: 00003AE4: 05:43:41 [TUniServerModule]:Start Path = D:\Projetos_WEB\ERP_Importa\
ERPImporta.exe: 00003AE4: 05:43:41 [TUniServerModule]:Debug Mode = ON
ERPImporta.exe: 00003AE4: 05:43:41 [TUniGUISessionManager]:Cache erase job created, Folder count: [1]
ERPImporta.exe: 00003AE4: 05:43:41 [TUniServerModule]:Starting HTTP Server on Port: 8077...
ERPImporta.exe: 00003AE4: 05:43:41 [TUniServerModule]:HTTP Server Started on Port: 8077
ERPImporta.exe: 000031C4: 05:46:15 []:>--------------------------------------------------------------<
ERPImporta.exe: 000031C4: 05:46:15 [TUniServerModule]:Server First Init.
ERPImporta.exe: 000031C4: 05:46:15 [TUniServerModule]:Start Path = D:\Projetos_WEB\ERP_Importa\
ERPImporta.exe: 000031C4: 05:46:15 [TUniServerModule]:Debug Mode = ON
ERPImporta.exe: 000031C4: 05:46:15 [TUniGUISessionManager]:Cache erase job created, Folder count: [1]
ERPImporta.exe: 000031C4: 05:46:16 [TUniServerModule]:Starting HTTP Server on Port: 8077...
ERPImporta.exe: 000031C4: 05:46:16 [TUniServerModule]:HTTP Server Started on Port: 8077
ERPImporta.exe: 00001AE8: 05:48:34 []:>--------------------------------------------------------------<
ERPImporta.exe: 00001AE8: 05:48:34 [TUniServerModule]:Server First Init.
ERPImporta.exe: 00001AE8: 05:48:34 [TUniServerModule]:Start Path = D:\Projetos_WEB\ERP_Importa\
ERPImporta.exe: 00001AE8: 05:48:34 [TUniServerModule]:Debug Mode = ON
ERPImporta.exe: 00001AE8: 05:48:35 [TUniServerModule]:Starting HTTP Server on Port: 8077...
ERPImporta.exe: 00001AE8: 05:48:35 [TUniServerModule]:HTTP Server Started on Port: 8077
ERPImporta.exe: 000037FC: 05:50:54 []:>--------------------------------------------------------------<
ERPImporta.exe: 000037FC: 05:50:54 [TUniServerModule]:Server First Init.
ERPImporta.exe: 000037FC: 05:50:54 [TUniServerModule]:Start Path = D:\Projetos_WEB\ERP_Importa\
ERPImporta.exe: 000037FC: 05:50:54 [TUniServerModule]:Debug Mode = ON
ERPImporta.exe: 000037FC: 05:50:54 [TUniServerModule]:Starting HTTP Server on Port: 8077...
ERPImporta.exe: 000037FC: 05:50:54 [TUniServerModule]:HTTP Server Started on Port: 8077
ERPImporta.exe: 000020F4: 06:01:38 []:>--------------------------------------------------------------<
ERPImporta.exe: 000020F4: 06:01:38 [TUniServerModule]:Server First Init.
ERPImporta.exe: 000020F4: 06:01:38 [TUniServerModule]:Start Path = D:\Projetos_WEB\ERP_Importa\
ERPImporta.exe: 000020F4: 06:01:38 [TUniServerModule]:Debug Mode = ON
ERPImporta.exe: 000020F4: 06:01:38 [TUniGUISessionManager]:Cache erase job created, Folder count: [1]
ERPImporta.exe: 000020F4: 06:01:39 [TUniServerModule]:Starting HTTP Server on Port: 8077...
ERPImporta.exe: 000020F4: 06:01:39 [TUniServerModule]:HTTP Server Started on Port: 8077
ERPImporta.exe: 00000AC4: 06:09:45 []:>--------------------------------------------------------------<
ERPImporta.exe: 00000AC4: 06:09:45 [TUniServerModule]:Server First Init.
ERPImporta.exe: 00000AC4: 06:09:45 [TUniServerModule]:Start Path = D:\Projetos_WEB\ERP_Importa\
ERPImporta.exe: 00000AC4: 06:09:45 [TUniServerModule]:Debug Mode = ON
ERPImporta.exe: 00000AC4: 06:09:46 [TUniServerModule]:Starting HTTP Server on Port: 8077...
ERPImporta.exe: 00000AC4: 06:09:46 [TUniServerModule]:HTTP Server Started on Port: 8077
ERPImporta.exe: 00000618: 06:10:04 [127.0.0.1]:EDatabaseError : ICMS: Field 'ST' not found : Addr: $00657AAE
ERPImporta.exe: 00000618: 06:10:22 [127.0.0.1]:EDatabaseError : ICMS: Field 'ST' not found : Addr: $00657AAE
ERPImporta.exe: 00002008: 06:11:29 []:>--------------------------------------------------------------<
ERPImporta.exe: 00002008: 06:11:29 [TUniServerModule]:Server First Init.
ERPImporta.exe: 00002008: 06:11:29 [TUniServerModule]:Start Path = D:\Projetos_WEB\ERP_Importa\
ERPImporta.exe: 00002008: 06:11:29 [TUniServerModule]:Debug Mode = ON
ERPImporta.exe: 00002008: 06:11:29 [TUniGUISessionManager]:Cache erase job created, Folder count: [1]
ERPImporta.exe: 00002008: 06:11:29 [TUniServerModule]:Starting HTTP Server on Port: 8077...
ERPImporta.exe: 00002008: 06:11:29 [TUniServerModule]:HTTP Server Started on Port: 8077
ERPImporta.exe: 0000389C: 06:11:43 [127.0.0.1]:EDatabaseError : ICMS: Field 'ST' not found : Addr: $00657AAE
ERPImporta.exe: 00003FD0: 06:12:17 []:>--------------------------------------------------------------<
ERPImporta.exe: 00003FD0: 06:12:17 [TUniServerModule]:Server First Init.
ERPImporta.exe: 00003FD0: 06:12:17 [TUniServerModule]:Start Path = D:\Projetos_WEB\ERP_Importa\
ERPImporta.exe: 00003FD0: 06:12:17 [TUniServerModule]:Debug Mode = ON
ERPImporta.exe: 00003FD0: 06:12:17 [TUniServerModule]:Starting HTTP Server on Port: 8077...
ERPImporta.exe: 00003FD0: 06:12:17 [TUniServerModule]:HTTP Server Started on Port: 8077
ERPImporta.exe: 00001A5C: 06:31:50 []:>--------------------------------------------------------------<
ERPImporta.exe: 00001A5C: 06:31:50 [TUniServerModule]:Server First Init.
ERPImporta.exe: 00001A5C: 06:31:50 [TUniServerModule]:Start Path = D:\Projetos_WEB\ERP_Importa\
ERPImporta.exe: 00001A5C: 06:31:50 [TUniServerModule]:Debug Mode = ON
ERPImporta.exe: 00001A5C: 06:31:50 [TUniGUISessionManager]:Cache erase job created, Folder count: [1]
ERPImporta.exe: 00001A5C: 06:31:50 [TUniServerModule]:Starting HTTP Server on Port: 8077...
ERPImporta.exe: 00001A5C: 06:31:50 [TUniServerModule]:HTTP Server Started on Port: 8077
ERPImporta.exe: 00002FB0: 06:32:17 [127.0.0.1]:EDatabaseError : Destinatarios: Field 'Consumidor_Final' not found : Addr: $00657AAE
ERPImporta.exe: 00004260: 06:32:58 []:>--------------------------------------------------------------<
ERPImporta.exe: 00004260: 06:32:58 [TUniServerModule]:Server First Init.
ERPImporta.exe: 00004260: 06:32:58 [TUniServerModule]:Start Path = D:\Projetos_WEB\ERP_Importa\
ERPImporta.exe: 00004260: 06:32:58 [TUniServerModule]:Debug Mode = ON
ERPImporta.exe: 00004260: 06:32:59 [TUniServerModule]:Starting HTTP Server on Port: 8077...
ERPImporta.exe: 00004260: 06:32:59 [TUniServerModule]:HTTP Server Started on Port: 8077
ERPImporta.exe: 00003BCC: 06:33:17 [127.0.0.1]:EDatabaseError : tNCM: Field 'ST' not found : Addr: $00657AAE
ERPImporta.exe: 00000064: 06:34:22 []:>--------------------------------------------------------------<
ERPImporta.exe: 00000064: 06:34:22 [TUniServerModule]:Server First Init.
ERPImporta.exe: 00000064: 06:34:22 [TUniServerModule]:Start Path = D:\Projetos_WEB\ERP_Importa\
ERPImporta.exe: 00000064: 06:34:22 [TUniServerModule]:Debug Mode = ON
ERPImporta.exe: 00000064: 06:34:22 [TUniGUISessionManager]:Cache erase job created, Folder count: [1]
ERPImporta.exe: 00000064: 06:34:23 [TUniServerModule]:Starting HTTP Server on Port: 8077...
ERPImporta.exe: 00000064: 06:34:23 [TUniServerModule]:HTTP Server Started on Port: 8077
ERPImporta.exe: 000033A0: 06:35:04 [127.0.0.1]:EDatabaseError : OpFiscal: Field 'Imune_ICMS' not found : Addr: $00657AAE
ERPImporta.exe: 000041A8: 06:35:46 []:>--------------------------------------------------------------<
ERPImporta.exe: 000041A8: 06:35:46 [TUniServerModule]:Server First Init.
ERPImporta.exe: 000041A8: 06:35:46 [TUniServerModule]:Start Path = D:\Projetos_WEB\ERP_Importa\
ERPImporta.exe: 000041A8: 06:35:46 [TUniServerModule]:Debug Mode = ON
ERPImporta.exe: 000041A8: 06:35:46 [TUniGUISessionManager]:Cache erase job created, Folder count: [1]
ERPImporta.exe: 000041A8: 06:35:46 [TUniServerModule]:Starting HTTP Server on Port: 8077...
ERPImporta.exe: 000041A8: 06:35:46 [TUniServerModule]:HTTP Server Started on Port: 8077
ERPImporta.exe: 00003EE4: 06:36:03 [127.0.0.1]:EDatabaseError : tNCM: Field 'ICMS_Imune' not found : Addr: $00657AAE
ERPImporta.exe: 00002D14: 06:36:40 []:>--------------------------------------------------------------<
ERPImporta.exe: 00002D14: 06:36:40 [TUniServerModule]:Server First Init.
ERPImporta.exe: 00002D14: 06:36:40 [TUniServerModule]:Start Path = D:\Projetos_WEB\ERP_Importa\
ERPImporta.exe: 00002D14: 06:36:41 [TUniServerModule]:Debug Mode = ON
ERPImporta.exe: 00002D14: 06:36:41 [TUniGUISessionManager]:Cache erase job created, Folder count: [1]
ERPImporta.exe: 00002D14: 06:36:41 [TUniServerModule]:Starting HTTP Server on Port: 8077...
ERPImporta.exe: 00002D14: 06:36:41 [TUniServerModule]:HTTP Server Started on Port: 8077
ERPImporta.exe: 00003808: 06:36:58 [127.0.0.1]:EMSSQLNativeException : [FireDAC][Phys][ODBC][Microsoft][SQL Server Native Client 11.0][SQL Server]Invalid column name 'Imune_ICMS'. : Addr: $008E1CE9
ERPImporta.exe: 00003808: 06:37:08 [127.0.0.1]:EMSSQLNativeException : [FireDAC][Phys][ODBC][Microsoft][SQL Server Native Client 11.0][SQL Server]Invalid column name 'Imune_ICMS'. : Addr: $008E1CE9
ERPImporta.exe: 0000365C: 06:37:29 []:>--------------------------------------------------------------<
ERPImporta.exe: 0000365C: 06:37:29 [TUniServerModule]:Server First Init.
ERPImporta.exe: 0000365C: 06:37:29 [TUniServerModule]:Start Path = D:\Projetos_WEB\ERP_Importa\
ERPImporta.exe: 0000365C: 06:37:29 [TUniServerModule]:Debug Mode = ON
ERPImporta.exe: 0000365C: 06:37:29 [TUniGUISessionManager]:Cache erase job created, Folder count: [1]
ERPImporta.exe: 0000365C: 06:37:29 [TUniServerModule]:Starting HTTP Server on Port: 8077...
ERPImporta.exe: 0000365C: 06:37:29 [TUniServerModule]:HTTP Server Started on Port: 8077
ERPImporta.exe: 0000071C: 06:37:50 [127.0.0.1]:EDatabaseError : OpFiscal: Field 'CSOSN_Saida' not found : Addr: $00657AAE
ERPImporta.exe: 00002110: 06:39:04 []:>--------------------------------------------------------------<
ERPImporta.exe: 00002110: 06:39:04 [TUniServerModule]:Server First Init.
ERPImporta.exe: 00002110: 06:39:04 [TUniServerModule]:Start Path = D:\Projetos_WEB\ERP_Importa\
ERPImporta.exe: 00002110: 06:39:04 [TUniServerModule]:Debug Mode = ON
ERPImporta.exe: 00002110: 06:39:04 [TUniGUISessionManager]:Cache erase job created, Folder count: [1]
ERPImporta.exe: 00002110: 06:39:05 [TUniServerModule]:Starting HTTP Server on Port: 8077...
ERPImporta.exe: 00002110: 06:39:05 [TUniServerModule]:HTTP Server Started on Port: 8077
ERPImporta.exe: 00001068: 06:43:34 []:>--------------------------------------------------------------<
ERPImporta.exe: 00001068: 06:43:34 [TUniServerModule]:Server First Init.
ERPImporta.exe: 00001068: 06:43:34 [TUniServerModule]:Start Path = D:\Projetos_WEB\ERP_Importa\
ERPImporta.exe: 00001068: 06:43:34 [TUniServerModule]:Debug Mode = ON
ERPImporta.exe: 00001068: 06:43:34 [TUniGUISessionManager]:Cache erase job created, Folder count: [1]
ERPImporta.exe: 00001068: 06:43:34 [TUniServerModule]:Starting HTTP Server on Port: 8077...
ERPImporta.exe: 00001068: 06:43:34 [TUniServerModule]:HTTP Server Started on Port: 8077
ERPImporta.exe: 00002204: 06:54:46 []:>--------------------------------------------------------------<
ERPImporta.exe: 00002204: 06:54:46 [TUniServerModule]:Server First Init.
ERPImporta.exe: 00002204: 06:54:46 [TUniServerModule]:Start Path = D:\Projetos_WEB\ERP_Importa\
ERPImporta.exe: 00002204: 06:54:46 [TUniServerModule]:Debug Mode = ON
ERPImporta.exe: 00002204: 06:54:46 [TUniServerModule]:Starting HTTP Server on Port: 8077...
ERPImporta.exe: 00002204: 06:54:46 [TUniServerModule]:HTTP Server Started on Port: 8077
ERPImporta.exe: 00000CC4: 07:01:15 []:>--------------------------------------------------------------<
ERPImporta.exe: 00000CC4: 07:01:15 [TUniServerModule]:Server First Init.
ERPImporta.exe: 00000CC4: 07:01:15 [TUniServerModule]:Start Path = D:\Projetos_WEB\ERP_Importa\
ERPImporta.exe: 00000CC4: 07:01:15 [TUniServerModule]:Debug Mode = ON
ERPImporta.exe: 00000CC4: 07:01:15 [TUniServerModule]:Starting HTTP Server on Port: 8077...
ERPImporta.exe: 00000CC4: 07:01:15 [TUniServerModule]:HTTP Server Started on Port: 8077
ERPImporta.exe: 00003710: 07:02:11 []:>--------------------------------------------------------------<
ERPImporta.exe: 00003710: 07:02:11 [TUniServerModule]:Server First Init.
ERPImporta.exe: 00003710: 07:02:11 [TUniServerModule]:Start Path = D:\Projetos_WEB\ERP_Importa\
ERPImporta.exe: 00003710: 07:02:11 [TUniServerModule]:Debug Mode = ON
ERPImporta.exe: 00003710: 07:02:11 [TUniGUISessionManager]:Cache erase job created, Folder count: [1]
ERPImporta.exe: 00003710: 07:02:12 [TUniServerModule]:Starting HTTP Server on Port: 8077...
ERPImporta.exe: 00003710: 07:02:12 [TUniServerModule]:HTTP Server Started on Port: 8077
ERPImporta.exe: 00001B04: 08:09:44 []:>--------------------------------------------------------------<
ERPImporta.exe: 00001B04: 08:09:44 [TUniServerModule]:Server First Init.
ERPImporta.exe: 00001B04: 08:09:44 [TUniServerModule]:Start Path = D:\Projetos_WEB\ERP_Importa\
ERPImporta.exe: 00001B04: 08:09:44 [TUniServerModule]:Debug Mode = ON
ERPImporta.exe: 00001B04: 08:09:44 [TUniServerModule]:Starting HTTP Server on Port: 8077...
ERPImporta.exe: 00001B04: 08:09:44 [TUniServerModule]:HTTP Server Started on Port: 8077
ERPImporta.exe: 00003574: 09:48:16 []:>--------------------------------------------------------------<
ERPImporta.exe: 00003574: 09:48:16 [TUniServerModule]:Server First Init.
ERPImporta.exe: 00003574: 09:48:16 [TUniServerModule]:Start Path = D:\Projetos_WEB\ERP_Importa\
ERPImporta.exe: 00003574: 09:48:16 [TUniServerModule]:Debug Mode = ON
ERPImporta.exe: 00003574: 09:48:16 [TUniGUISessionManager]:Cache erase job created, Folder count: [1]
ERPImporta.exe: 00003574: 09:48:16 [TUniServerModule]:Starting HTTP Server on Port: 8077...
ERPImporta.exe: 00003574: 09:48:16 [TUniServerModule]:HTTP Server Started on Port: 8077
ERPImporta.exe: 000002E4: 09:48:49 []:>--------------------------------------------------------------<
ERPImporta.exe: 000002E4: 09:48:49 [TUniServerModule]:Server First Init.
ERPImporta.exe: 000002E4: 09:48:49 [TUniServerModule]:Start Path = D:\Projetos_WEB\ERP_Importa\
ERPImporta.exe: 000002E4: 09:48:49 [TUniServerModule]:Debug Mode = ON
ERPImporta.exe: 000002E4: 09:48:49 [TUniGUISessionManager]:Cache erase job created, Folder count: [1]
ERPImporta.exe: 000002E4: 09:48:50 [TUniServerModule]:Starting HTTP Server on Port: 8077...
ERPImporta.exe: 000002E4: 09:48:50 [TUniServerModule]:HTTP Server Started on Port: 8077
ERPImporta.exe: 0000357C: 09:55:13 [127.0.0.1]:EFDException : [FireDAC][Comp][Clnt]-512. Connection is not defined for [tCopia]. Possible reason: Connection and ConnectionName property values are both empty : Addr: $0083A3E0
ERPImporta.exe: 00004700: 09:56:27 []:>--------------------------------------------------------------<
ERPImporta.exe: 00004700: 09:56:27 [TUniServerModule]:Server First Init.
ERPImporta.exe: 00004700: 09:56:27 [TUniServerModule]:Start Path = D:\Projetos_WEB\ERP_Importa\
ERPImporta.exe: 00004700: 09:56:27 [TUniServerModule]:Debug Mode = ON
ERPImporta.exe: 00004700: 09:56:27 [TUniServerModule]:Starting HTTP Server on Port: 8077...
ERPImporta.exe: 00004700: 09:56:27 [TUniServerModule]:HTTP Server Started on Port: 8077
ERPImporta.exe: 000007AC: 09:56:46 [127.0.0.1]:EDatabaseError : tCopia: Field 'Finalidade' not found : Addr: $00657AAE
ERPImporta.exe: 00004148: 09:58:50 []:>--------------------------------------------------------------<
ERPImporta.exe: 00004148: 09:58:50 [TUniServerModule]:Server First Init.
ERPImporta.exe: 00004148: 09:58:50 [TUniServerModule]:Start Path = D:\Projetos_WEB\ERP_Importa\
ERPImporta.exe: 00004148: 09:58:50 [TUniServerModule]:Debug Mode = ON
ERPImporta.exe: 00004148: 09:58:50 [TUniGUISessionManager]:Cache erase job created, Folder count: [1]
ERPImporta.exe: 00004148: 09:58:50 [TUniServerModule]:Starting HTTP Server on Port: 8077...
ERPImporta.exe: 00004148: 09:58:50 [TUniServerModule]:HTTP Server Started on Port: 8077
ERPImporta.exe: 000021E8: 09:59:27 [127.0.0.1]:EDatabaseError : tCopia: Field 'Finalidade' not found : Addr: $00657AAE
ERPImporta.exe: 00001B5C: 10:03:20 []:>--------------------------------------------------------------<
ERPImporta.exe: 00001B5C: 10:03:20 [TUniServerModule]:Server First Init.
ERPImporta.exe: 00001B5C: 10:03:20 [TUniServerModule]:Start Path = D:\Projetos_WEB\ERP_Importa\
ERPImporta.exe: 00001B5C: 10:03:20 [TUniServerModule]:Debug Mode = ON
ERPImporta.exe: 00001B5C: 10:03:20 [TUniServerModule]:Starting HTTP Server on Port: 8077...
ERPImporta.exe: 00001B5C: 10:03:20 [TUniServerModule]:HTTP Server Started on Port: 8077
ERPImporta.exe: 00004698: 10:03:47 [127.0.0.1]:EDatabaseError : tCopia: Field 'Finalidade' not found : Addr: $00657AAE
ERPImporta.exe: 00001DE4: 10:05:37 []:>--------------------------------------------------------------<
ERPImporta.exe: 00001DE4: 10:05:37 [TUniServerModule]:Server First Init.
ERPImporta.exe: 00001DE4: 10:05:37 [TUniServerModule]:Start Path = D:\Projetos_WEB\ERP_Importa\
ERPImporta.exe: 00001DE4: 10:05:37 [TUniServerModule]:Debug Mode = ON
ERPImporta.exe: 00001DE4: 10:05:37 [TUniGUISessionManager]:Cache erase job created, Folder count: [1]
ERPImporta.exe: 00001DE4: 10:05:38 [TUniServerModule]:Starting HTTP Server on Port: 8077...
ERPImporta.exe: 00001DE4: 10:05:38 [TUniServerModule]:HTTP Server Started on Port: 8077
ERPImporta.exe: 00000360: 10:05:44 [127.0.0.1]:EUniSessionException : Sessão inváilda ou tempo da sessão expirado. (Session not found: MVJ2Yvo8Sg11097A8CD ) : Addr: $007D0F44
ERPImporta.exe: 00003890: 10:05:58 [127.0.0.1]:EDatabaseError : tCopia: Field 'Finalidade' not found : Addr: $00657AAE
ERPImporta.exe: 000043BC: 10:07:51 []:>--------------------------------------------------------------<
ERPImporta.exe: 000043BC: 10:07:51 [TUniServerModule]:Server First Init.
ERPImporta.exe: 000043BC: 10:07:51 [TUniServerModule]:Start Path = D:\Projetos_WEB\ERP_Importa\
ERPImporta.exe: 000043BC: 10:07:51 [TUniServerModule]:Debug Mode = ON
ERPImporta.exe: 000043BC: 10:07:51 [TUniGUISessionManager]:Cache erase job created, Folder count: [1]
ERPImporta.exe: 000043BC: 10:07:51 [TUniServerModule]:Starting HTTP Server on Port: 8077...
ERPImporta.exe: 000043BC: 10:07:51 [TUniServerModule]:HTTP Server Started on Port: 8077
ERPImporta.exe: 000022F4: 10:11:01 []:>--------------------------------------------------------------<
ERPImporta.exe: 000022F4: 10:11:01 [TUniServerModule]:Server First Init.
ERPImporta.exe: 000022F4: 10:11:01 [TUniServerModule]:Start Path = D:\Projetos_WEB\ERP_Importa\
ERPImporta.exe: 000022F4: 10:11:01 [TUniServerModule]:Debug Mode = ON
ERPImporta.exe: 000022F4: 10:11:01 [TUniServerModule]:Starting HTTP Server on Port: 8077...
ERPImporta.exe: 000022F4: 10:11:01 [TUniServerModule]:HTTP Server Started on Port: 8077
ERPImporta.exe: 000045F4: 10:11:22 [127.0.0.1]:EDatabaseError : tCopia: Field 'Finalidade' not found : Addr: $00657AAE
ERPImporta.exe: 00001988: 13:49:39 []:>--------------------------------------------------------------<
ERPImporta.exe: 00001988: 13:49:39 [TUniServerModule]:Server First Init.
ERPImporta.exe: 00001988: 13:49:39 [TUniServerModule]:Start Path = D:\Projetos_WEB\ERP_Importa\
ERPImporta.exe: 00001988: 13:49:39 [TUniServerModule]:Debug Mode = ON
ERPImporta.exe: 00001988: 13:49:40 [TUniServerModule]:Starting HTTP Server on Port: 8077...
ERPImporta.exe: 00001988: 13:49:40 [TUniServerModule]:HTTP Server Started on Port: 8077
ERPImporta.exe: 000009C4: 13:50:25 [127.0.0.1]:EFDException : [FireDAC][Comp][Clnt]-512. Connection is not defined for [tCodigo]. Possible reason: Connection and ConnectionName property values are both empty : Addr: $0083A3E0
ERPImporta.exe: 00004288: 13:53:38 []:>--------------------------------------------------------------<
ERPImporta.exe: 00004288: 13:53:38 [TUniServerModule]:Server First Init.
ERPImporta.exe: 00004288: 13:53:38 [TUniServerModule]:Start Path = D:\Projetos_WEB\ERP_Importa\
ERPImporta.exe: 00004288: 13:53:38 [TUniServerModule]:Debug Mode = ON
ERPImporta.exe: 00004288: 13:53:38 [TUniGUISessionManager]:Cache erase job created, Folder count: [1]
ERPImporta.exe: 00004288: 13:53:38 [TUniServerModule]:Starting HTTP Server on Port: 8077...
ERPImporta.exe: 00004288: 13:53:38 [TUniServerModule]:HTTP Server Started on Port: 8077
ERPImporta.exe: 00000EDC: 13:53:53 []:>--------------------------------------------------------------<
ERPImporta.exe: 00000EDC: 13:53:53 [TUniServerModule]:Server First Init.
ERPImporta.exe: 00000EDC: 13:53:53 [TUniServerModule]:Start Path = D:\Projetos_WEB\ERP_Importa\
ERPImporta.exe: 00000EDC: 13:53:53 [TUniServerModule]:Debug Mode = ON
ERPImporta.exe: 00000EDC: 13:53:54 [TUniServerModule]:Starting HTTP Server on Port: 8077...
ERPImporta.exe: 00000EDC: 13:53:54 [TUniServerModule]:HTTP Server Started on Port: 8077
ERPImporta.exe: 00003668: 13:54:48 [127.0.0.1]:EFDException : [FireDAC][Comp][Clnt]-512. Connection is not defined for [tCodigo]. Possible reason: Connection and ConnectionName property values are both empty : Addr: $0083A3E0
ERPImporta.exe: 0000317C: 13:57:19 []:>--------------------------------------------------------------<
ERPImporta.exe: 0000317C: 13:57:19 [TUniServerModule]:Server First Init.
ERPImporta.exe: 0000317C: 13:57:19 [TUniServerModule]:Start Path = D:\Projetos_WEB\ERP_Importa\
ERPImporta.exe: 0000317C: 13:57:19 [TUniServerModule]:Debug Mode = ON
ERPImporta.exe: 0000317C: 13:57:19 [TUniServerModule]:Starting HTTP Server on Port: 8077...
ERPImporta.exe: 0000317C: 13:57:20 [TUniServerModule]:HTTP Server Started on Port: 8077
ERPImporta.exe: 00001C38: 14:19:43 []:>--------------------------------------------------------------<
ERPImporta.exe: 00001C38: 14:19:43 [TUniServerModule]:Server First Init.
ERPImporta.exe: 00001C38: 14:19:43 [TUniServerModule]:Start Path = D:\Projetos_WEB\ERP_Importa\
ERPImporta.exe: 00001C38: 14:19:43 [TUniServerModule]:Debug Mode = ON
ERPImporta.exe: 00001C38: 14:19:43 [TUniServerModule]:Starting HTTP Server on Port: 8077...
ERPImporta.exe: 00001C38: 14:19:43 [TUniServerModule]:HTTP Server Started on Port: 8077
