ERPImporta.exe: 00000D00: 10:44:06 []:>--------------------------------------------------------------<
ERPImporta.exe: 00000D00: 10:44:06 [TUniServerModule]:Server First Init.
ERPImporta.exe: 00000D00: 10:44:06 [TUniServerModule]:Start Path = C:\Projetos_WEB\ERP_Importa\
ERPImporta.exe: 00000D00: 10:44:06 [TUniServerModule]:Debug Mode = ON
ERPImporta.exe: 00000D00: 10:44:06 [TUniGUISessionManager]:Cache erase job created, Folder count: [1]
ERPImporta.exe: 00000D00: 10:44:06 [TUniServerModule]:Starting HTTP Server on Port: 8077...
ERPImporta.exe: 00000D00: 10:44:06 [TUniServerModule]:HTTP Server Started on Port: 8077
ERPImporta.exe: 000010A0: 10:55:19 []:>--------------------------------------------------------------<
ERPImporta.exe: 000010A0: 10:55:19 [TUniServerModule]:Server First Init.
ERPImporta.exe: 000010A0: 10:55:19 [TUniServerModule]:Start Path = C:\Projetos_WEB\ERP_Importa\
ERPImporta.exe: 000010A0: 10:55:19 [TUniServerModule]:Debug Mode = ON
ERPImporta.exe: 000010A0: 10:55:19 [TUniGUISessionManager]:Cache erase job created, Folder count: [1]
ERPImporta.exe: 000010A0: 10:55:19 [TUniServerModule]:Starting HTTP Server on Port: 8077...
ERPImporta.exe: 000010A0: 10:55:19 [TUniServerModule]:HTTP Server Started on Port: 8077
ERPImporta.exe: 000011F8: 10:55:33 []:>--------------------------------------------------------------<
ERPImporta.exe: 000011F8: 10:55:33 [TUniServerModule]:Server First Init.
ERPImporta.exe: 000011F8: 10:55:33 [TUniServerModule]:Start Path = C:\Projetos_WEB\ERP_Importa\
ERPImporta.exe: 000011F8: 10:55:33 [TUniServerModule]:Debug Mode = ON
ERPImporta.exe: 000011F8: 10:55:34 [TUniServerModule]:Starting HTTP Server on Port: 8077...
ERPImporta.exe: 000011F8: 10:55:34 [TUniServerModule]:HTTP Server Started on Port: 8077
ERPImporta.exe: 0000264C: 10:56:22 [127.0.0.1]:EDatabaseError : PedidosNFItens: Field 'Produtos_[Valor_Venda]' not found : Addr: $00657B36
ERPImporta.exe: 0000264C: 10:56:32 [127.0.0.1]:EDatabaseError : PedidosNFItens: Field 'Produtos_[Valor_Venda]' not found : Addr: $00657B36
ERPImporta.exe: 00002308: 10:58:00 []:>--------------------------------------------------------------<
ERPImporta.exe: 00002308: 10:58:00 [TUniServerModule]:Server First Init.
ERPImporta.exe: 00002308: 10:58:00 [TUniServerModule]:Start Path = C:\Projetos_WEB\ERP_Importa\
ERPImporta.exe: 00002308: 10:58:00 [TUniServerModule]:Debug Mode = ON
ERPImporta.exe: 00002308: 10:58:00 [TUniServerModule]:Starting HTTP Server on Port: 8077...
ERPImporta.exe: 00002308: 10:58:00 [TUniServerModule]:HTTP Server Started on Port: 8077
ERPImporta.exe: 000027E0: 10:59:39 []:>--------------------------------------------------------------<
ERPImporta.exe: 000027E0: 10:59:39 [TUniServerModule]:Server First Init.
ERPImporta.exe: 000027E0: 10:59:39 [TUniServerModule]:Start Path = C:\Projetos_WEB\ERP_Importa\
ERPImporta.exe: 000027E0: 10:59:39 [TUniServerModule]:Debug Mode = ON
ERPImporta.exe: 000027E0: 10:59:39 [TUniServerModule]:Starting HTTP Server on Port: 8077...
ERPImporta.exe: 000027E0: 10:59:39 [TUniServerModule]:HTTP Server Started on Port: 8077
ERPImporta.exe: 000009E8: 11:03:03 []:>--------------------------------------------------------------<
ERPImporta.exe: 000009E8: 11:03:03 [TUniServerModule]:Server First Init.
ERPImporta.exe: 000009E8: 11:03:03 [TUniServerModule]:Start Path = C:\Projetos_WEB\ERP_Importa\
ERPImporta.exe: 000009E8: 11:03:03 [TUniServerModule]:Debug Mode = ON
ERPImporta.exe: 000009E8: 11:03:03 [TUniGUISessionManager]:Cache erase job created, Folder count: [1]
ERPImporta.exe: 000009E8: 11:03:03 [TUniServerModule]:Starting HTTP Server on Port: 8077...
ERPImporta.exe: 000009E8: 11:03:03 [TUniServerModule]:HTTP Server Started on Port: 8077
ERPImporta.exe: 00002DE4: 11:16:12 []:>--------------------------------------------------------------<
ERPImporta.exe: 00002DE4: 11:16:12 [TUniServerModule]:Server First Init.
ERPImporta.exe: 00002DE4: 11:16:12 [TUniServerModule]:Start Path = C:\Projetos_WEB\ERP_Importa\
ERPImporta.exe: 00002DE4: 11:16:12 [TUniServerModule]:Debug Mode = ON
ERPImporta.exe: 00002DE4: 11:16:12 [TUniServerModule]:Starting HTTP Server on Port: 8077...
ERPImporta.exe: 00002DE4: 11:16:12 [TUniServerModule]:HTTP Server Started on Port: 8077
ERPImporta.exe: 00001B2C: 11:16:35 [127.0.0.1]:EDatabaseError : Campos: Field 'percentual' not found : Addr: $00657B36
ERPImporta.exe: 00000B64: 11:19:20 []:>--------------------------------------------------------------<
ERPImporta.exe: 00000B64: 11:19:20 [TUniServerModule]:Server First Init.
ERPImporta.exe: 00000B64: 11:19:20 [TUniServerModule]:Start Path = C:\Projetos_WEB\ERP_Importa\
ERPImporta.exe: 00000B64: 11:19:20 [TUniServerModule]:Debug Mode = ON
ERPImporta.exe: 00000B64: 11:19:20 [TUniServerModule]:Starting HTTP Server on Port: 8077...
ERPImporta.exe: 00000B64: 11:19:20 [TUniServerModule]:HTTP Server Started on Port: 8077
ERPImporta.exe: 00002E58: 11:19:44 [127.0.0.1]:EDatabaseError : Campos: Field 'percentual' not found : Addr: $00657B36
ERPImporta.exe: 000034CC: 11:20:15 []:>--------------------------------------------------------------<
ERPImporta.exe: 000034CC: 11:20:15 [TUniServerModule]:Server First Init.
ERPImporta.exe: 000034CC: 11:20:15 [TUniServerModule]:Start Path = C:\Projetos_WEB\ERP_Importa\
ERPImporta.exe: 000034CC: 11:20:15 [TUniServerModule]:Debug Mode = ON
ERPImporta.exe: 000034CC: 11:20:15 [TUniGUISessionManager]:Cache erase job created, Folder count: [1]
ERPImporta.exe: 000034CC: 11:20:16 [TUniServerModule]:Starting HTTP Server on Port: 8077...
ERPImporta.exe: 000034CC: 11:20:16 [TUniServerModule]:HTTP Server Started on Port: 8077
ERPImporta.exe: 000037EC: 11:22:18 []:>--------------------------------------------------------------<
ERPImporta.exe: 000037EC: 11:22:18 [TUniServerModule]:Server First Init.
ERPImporta.exe: 000037EC: 11:22:18 [TUniServerModule]:Start Path = C:\Projetos_WEB\ERP_Importa\
ERPImporta.exe: 000037EC: 11:22:18 [TUniServerModule]:Debug Mode = ON
ERPImporta.exe: 000037EC: 11:22:19 [TUniServerModule]:Starting HTTP Server on Port: 8077...
ERPImporta.exe: 000037EC: 11:22:19 [TUniServerModule]:HTTP Server Started on Port: 8077
ERPImporta.exe: 0000197C: 11:24:06 []:>--------------------------------------------------------------<
ERPImporta.exe: 0000197C: 11:24:06 [TUniServerModule]:Server First Init.
ERPImporta.exe: 0000197C: 11:24:06 [TUniServerModule]:Start Path = C:\Projetos_WEB\ERP_Importa\
ERPImporta.exe: 0000197C: 11:24:06 [TUniServerModule]:Debug Mode = ON
ERPImporta.exe: 0000197C: 11:24:06 [TUniServerModule]:Starting HTTP Server on Port: 8077...
ERPImporta.exe: 0000197C: 11:24:06 [TUniServerModule]:HTTP Server Started on Port: 8077
ERPImporta.exe: 0000041C: 11:38:18 []:>--------------------------------------------------------------<
ERPImporta.exe: 0000041C: 11:38:18 [TUniServerModule]:Server First Init.
ERPImporta.exe: 0000041C: 11:38:18 [TUniServerModule]:Start Path = C:\Projetos_WEB\ERP_Importa\
ERPImporta.exe: 0000041C: 11:38:18 [TUniServerModule]:Debug Mode = ON
ERPImporta.exe: 0000041C: 11:38:18 [TUniGUISessionManager]:Cache erase job created, Folder count: [1]
ERPImporta.exe: 0000041C: 11:38:18 [TUniServerModule]:Starting HTTP Server on Port: 8077...
ERPImporta.exe: 0000041C: 11:38:18 [TUniServerModule]:HTTP Server Started on Port: 8077
ERPImporta.exe: 0000342C: 11:38:45 [127.0.0.1]:EConvertError : 'PedidosNFItens_[Aliquota_ICMSOpRed] ' is not a valid floating point value : Addr: $00427B9E
ERPImporta.exe: 00002330: 11:46:40 []:>--------------------------------------------------------------<
ERPImporta.exe: 00002330: 11:46:40 [TUniServerModule]:Server First Init.
ERPImporta.exe: 00002330: 11:46:40 [TUniServerModule]:Start Path = C:\Projetos_WEB\ERP_Importa\
ERPImporta.exe: 00002330: 11:46:40 [TUniServerModule]:Debug Mode = ON
ERPImporta.exe: 00002330: 11:46:41 [TUniServerModule]:Starting HTTP Server on Port: 8077...
ERPImporta.exe: 00002330: 11:46:41 [TUniServerModule]:HTTP Server Started on Port: 8077
ERPImporta.exe: 00001FB8: 11:49:57 []:>--------------------------------------------------------------<
ERPImporta.exe: 00001FB8: 11:49:57 [TUniServerModule]:Server First Init.
ERPImporta.exe: 00001FB8: 11:49:57 [TUniServerModule]:Start Path = C:\Projetos_WEB\ERP_Importa\
ERPImporta.exe: 00001FB8: 11:49:57 [TUniServerModule]:Debug Mode = ON
ERPImporta.exe: 00001FB8: 11:49:57 [TUniServerModule]:Starting HTTP Server on Port: 8077...
ERPImporta.exe: 00001FB8: 11:49:57 [TUniServerModule]:HTTP Server Started on Port: 8077
ERPImporta.exe: 000032B8: 11:50:39 [127.0.0.1]:EConvertError : 'PedidosNFItens_[Aliquota_ICMSOpRed] ' is not a valid floating point value : Addr: $00427B9E
ERPImporta.exe: 0000164C: 11:53:54 []:>--------------------------------------------------------------<
ERPImporta.exe: 0000164C: 11:53:54 [TUniServerModule]:Server First Init.
ERPImporta.exe: 0000164C: 11:53:54 [TUniServerModule]:Start Path = C:\Projetos_WEB\ERP_Importa\
ERPImporta.exe: 0000164C: 11:53:54 [TUniServerModule]:Debug Mode = ON
ERPImporta.exe: 0000164C: 11:53:54 [TUniServerModule]:Starting HTTP Server on Port: 8077...
ERPImporta.exe: 0000164C: 11:53:54 [TUniServerModule]:HTTP Server Started on Port: 8077
ERPImporta.exe: 0000077C: 12:01:38 []:>--------------------------------------------------------------<
ERPImporta.exe: 0000077C: 12:01:38 [TUniServerModule]:Server First Init.
ERPImporta.exe: 0000077C: 12:01:38 [TUniServerModule]:Start Path = C:\Projetos_WEB\ERP_Importa\
ERPImporta.exe: 0000077C: 12:01:38 [TUniServerModule]:Debug Mode = ON
ERPImporta.exe: 0000077C: 12:01:39 [TUniServerModule]:Starting HTTP Server on Port: 8077...
ERPImporta.exe: 0000077C: 12:01:39 [TUniServerModule]:HTTP Server Started on Port: 8077
ERPImporta.exe: 00000354: 13:05:32 []:>--------------------------------------------------------------<
ERPImporta.exe: 00000354: 13:05:32 [TUniServerModule]:Server First Init.
ERPImporta.exe: 00000354: 13:05:32 [TUniServerModule]:Start Path = C:\Projetos_WEB\ERP_Importa\
ERPImporta.exe: 00000354: 13:05:32 [TUniServerModule]:Debug Mode = ON
ERPImporta.exe: 00000354: 13:05:32 [TUniServerModule]:Starting HTTP Server on Port: 8077...
ERPImporta.exe: 00000354: 13:05:32 [TUniServerModule]:HTTP Server Started on Port: 8077
ERPImporta.exe: 00001494: 13:06:55 []:>--------------------------------------------------------------<
ERPImporta.exe: 00001494: 13:06:55 [TUniServerModule]:Server First Init.
ERPImporta.exe: 00001494: 13:06:55 [TUniServerModule]:Start Path = C:\Projetos_WEB\ERP_Importa\
ERPImporta.exe: 00001494: 13:06:55 [TUniServerModule]:Debug Mode = ON
ERPImporta.exe: 00001494: 13:06:55 [TUniServerModule]:Starting HTTP Server on Port: 8077...
ERPImporta.exe: 00001494: 13:06:55 [TUniServerModule]:HTTP Server Started on Port: 8077
ERPImporta.exe: 00002CC8: 13:09:26 []:>--------------------------------------------------------------<
ERPImporta.exe: 00002CC8: 13:09:26 [TUniServerModule]:Server First Init.
ERPImporta.exe: 00002CC8: 13:09:26 [TUniServerModule]:Start Path = C:\Projetos_WEB\ERP_Importa\
ERPImporta.exe: 00002CC8: 13:09:26 [TUniServerModule]:Debug Mode = ON
ERPImporta.exe: 00002CC8: 13:09:27 [TUniServerModule]:Starting HTTP Server on Port: 8077...
ERPImporta.exe: 00002CC8: 13:09:27 [TUniServerModule]:HTTP Server Started on Port: 8077
ERPImporta.exe: 000025D8: 13:09:44 [127.0.0.1]:EDatabaseError : PedidosNFItens: Dataset not in edit or insert mode : Addr: $00657B36
ERPImporta.exe: 000014A8: 13:10:23 []:>--------------------------------------------------------------<
ERPImporta.exe: 000014A8: 13:10:23 [TUniServerModule]:Server First Init.
ERPImporta.exe: 000014A8: 13:10:23 [TUniServerModule]:Start Path = C:\Projetos_WEB\ERP_Importa\
ERPImporta.exe: 000014A8: 13:10:23 [TUniServerModule]:Debug Mode = ON
ERPImporta.exe: 000014A8: 13:10:24 [TUniServerModule]:Starting HTTP Server on Port: 8077...
ERPImporta.exe: 000014A8: 13:10:24 [TUniServerModule]:HTTP Server Started on Port: 8077
ERPImporta.exe: 0000188C: 13:11:18 []:>--------------------------------------------------------------<
ERPImporta.exe: 0000188C: 13:11:18 [TUniServerModule]:Server First Init.
ERPImporta.exe: 0000188C: 13:11:19 [TUniServerModule]:Start Path = C:\Projetos_WEB\ERP_Importa\
ERPImporta.exe: 0000188C: 13:11:19 [TUniServerModule]:Debug Mode = ON
ERPImporta.exe: 0000188C: 13:11:19 [TUniGUISessionManager]:Cache erase job created, Folder count: [1]
ERPImporta.exe: 0000188C: 13:11:19 [TUniServerModule]:Starting HTTP Server on Port: 8077...
ERPImporta.exe: 0000188C: 13:11:19 [TUniServerModule]:HTTP Server Started on Port: 8077
ERPImporta.exe: 000005F0: 13:12:25 []:>--------------------------------------------------------------<
ERPImporta.exe: 000005F0: 13:12:25 [TUniServerModule]:Server First Init.
ERPImporta.exe: 000005F0: 13:12:25 [TUniServerModule]:Start Path = C:\Projetos_WEB\ERP_Importa\
ERPImporta.exe: 000005F0: 13:12:25 [TUniServerModule]:Debug Mode = ON
ERPImporta.exe: 000005F0: 13:12:25 [TUniGUISessionManager]:Cache erase job created, Folder count: [1]
ERPImporta.exe: 000005F0: 13:12:25 [TUniServerModule]:Starting HTTP Server on Port: 8077...
ERPImporta.exe: 000005F0: 13:12:25 [TUniServerModule]:HTTP Server Started on Port: 8077
ERPImporta.exe: 00002714: 13:13:41 []:>--------------------------------------------------------------<
ERPImporta.exe: 00002714: 13:13:41 [TUniServerModule]:Server First Init.
ERPImporta.exe: 00002714: 13:13:41 [TUniServerModule]:Start Path = C:\Projetos_WEB\ERP_Importa\
ERPImporta.exe: 00002714: 13:13:41 [TUniServerModule]:Debug Mode = ON
ERPImporta.exe: 00002714: 13:13:41 [TUniServerModule]:Starting HTTP Server on Port: 8077...
ERPImporta.exe: 00002714: 13:13:41 [TUniServerModule]:HTTP Server Started on Port: 8077
ERPImporta.exe: 000014F0: 13:14:58 []:>--------------------------------------------------------------<
ERPImporta.exe: 000014F0: 13:14:58 [TUniServerModule]:Server First Init.
ERPImporta.exe: 000014F0: 13:14:58 [TUniServerModule]:Start Path = C:\Projetos_WEB\ERP_Importa\
ERPImporta.exe: 000014F0: 13:14:58 [TUniServerModule]:Debug Mode = ON
ERPImporta.exe: 000014F0: 13:14:59 [TUniServerModule]:Starting HTTP Server on Port: 8077...
ERPImporta.exe: 000014F0: 13:14:59 [TUniServerModule]:HTTP Server Started on Port: 8077
ERPImporta.exe: 00001A70: 13:15:45 []:>--------------------------------------------------------------<
ERPImporta.exe: 00001A70: 13:15:45 [TUniServerModule]:Server First Init.
ERPImporta.exe: 00001A70: 13:15:45 [TUniServerModule]:Start Path = C:\Projetos_WEB\ERP_Importa\
ERPImporta.exe: 00001A70: 13:15:45 [TUniServerModule]:Debug Mode = ON
ERPImporta.exe: 00001A70: 13:15:46 [TUniServerModule]:Starting HTTP Server on Port: 8077...
ERPImporta.exe: 00001A70: 13:15:46 [TUniServerModule]:HTTP Server Started on Port: 8077
ERPImporta.exe: 00001180: 16:49:58 []:>--------------------------------------------------------------<
ERPImporta.exe: 00001180: 16:49:58 [TUniServerModule]:Server First Init.
ERPImporta.exe: 00001180: 16:49:58 [TUniServerModule]:Start Path = C:\Projetos_WEB\ERP_Importa\
ERPImporta.exe: 00001180: 16:49:58 [TUniServerModule]:Debug Mode = ON
ERPImporta.exe: 00001180: 16:49:58 [TUniGUISessionManager]:Cache erase job created, Folder count: [1]
ERPImporta.exe: 00001180: 16:49:58 [TUniServerModule]:Starting HTTP Server on Port: 8077...
ERPImporta.exe: 00001180: 16:49:58 [TUniServerModule]:HTTP Server Started on Port: 8077
ERPImporta.exe: 000031D0: 17:01:14 []:>--------------------------------------------------------------<
ERPImporta.exe: 000031D0: 17:01:14 [TUniServerModule]:Server First Init.
ERPImporta.exe: 000031D0: 17:01:14 [TUniServerModule]:Start Path = C:\Projetos_WEB\ERP_Importa\
ERPImporta.exe: 000031D0: 17:01:14 [TUniServerModule]:Debug Mode = ON
ERPImporta.exe: 000031D0: 17:01:15 [TUniServerModule]:Starting HTTP Server on Port: 8077...
ERPImporta.exe: 000031D0: 17:01:15 [TUniServerModule]:HTTP Server Started on Port: 8077
ERPImporta.exe: 000020A0: 17:02:15 []:>--------------------------------------------------------------<
ERPImporta.exe: 000020A0: 17:02:15 [TUniServerModule]:Server First Init.
ERPImporta.exe: 000020A0: 17:02:15 [TUniServerModule]:Start Path = C:\Projetos_WEB\ERP_Importa\
ERPImporta.exe: 000020A0: 17:02:15 [TUniServerModule]:Debug Mode = ON
ERPImporta.exe: 000020A0: 17:02:15 [TUniServerModule]:Starting HTTP Server on Port: 8077...
ERPImporta.exe: 000020A0: 17:02:15 [TUniServerModule]:HTTP Server Started on Port: 8077
ERPImporta.exe: 000034D8: 17:03:05 []:>--------------------------------------------------------------<
ERPImporta.exe: 000034D8: 17:03:05 [TUniServerModule]:Server First Init.
ERPImporta.exe: 000034D8: 17:03:05 [TUniServerModule]:Start Path = C:\Projetos_WEB\ERP_Importa\
ERPImporta.exe: 000034D8: 17:03:05 [TUniServerModule]:Debug Mode = ON
ERPImporta.exe: 000034D8: 17:03:05 [TUniServerModule]:Starting HTTP Server on Port: 8077...
ERPImporta.exe: 000034D8: 17:03:05 [TUniServerModule]:HTTP Server Started on Port: 8077
ERPImporta.exe: 00001630: 17:04:01 []:>--------------------------------------------------------------<
ERPImporta.exe: 00001630: 17:04:01 [TUniServerModule]:Server First Init.
ERPImporta.exe: 00001630: 17:04:01 [TUniServerModule]:Start Path = C:\Projetos_WEB\ERP_Importa\
ERPImporta.exe: 00001630: 17:04:01 [TUniServerModule]:Debug Mode = ON
ERPImporta.exe: 00001630: 17:04:01 [TUniServerModule]:Starting HTTP Server on Port: 8077...
ERPImporta.exe: 00001630: 17:04:02 [TUniServerModule]:HTTP Server Started on Port: 8077
ERPImporta.exe: 00001C60: 17:05:06 []:>--------------------------------------------------------------<
ERPImporta.exe: 00001C60: 17:05:06 [TUniServerModule]:Server First Init.
ERPImporta.exe: 00001C60: 17:05:06 [TUniServerModule]:Start Path = C:\Projetos_WEB\ERP_Importa\
ERPImporta.exe: 00001C60: 17:05:06 [TUniServerModule]:Debug Mode = ON
ERPImporta.exe: 00001C60: 17:05:06 [TUniGUISessionManager]:Cache erase job created, Folder count: [1]
ERPImporta.exe: 00001C60: 17:05:06 [TUniServerModule]:Starting HTTP Server on Port: 8077...
ERPImporta.exe: 00001C60: 17:05:06 [TUniServerModule]:HTTP Server Started on Port: 8077
ERPImporta.exe: 000035C8: 17:06:16 []:>--------------------------------------------------------------<
ERPImporta.exe: 000035C8: 17:06:16 [TUniServerModule]:Server First Init.
ERPImporta.exe: 000035C8: 17:06:16 [TUniServerModule]:Start Path = C:\Projetos_WEB\ERP_Importa\
ERPImporta.exe: 000035C8: 17:06:16 [TUniServerModule]:Debug Mode = ON
ERPImporta.exe: 000035C8: 17:06:16 [TUniGUISessionManager]:Cache erase job created, Folder count: [1]
ERPImporta.exe: 000035C8: 17:06:16 [TUniServerModule]:Starting HTTP Server on Port: 8077...
ERPImporta.exe: 000035C8: 17:06:16 [TUniServerModule]:HTTP Server Started on Port: 8077
ERPImporta.exe: 000015B8: 17:07:01 [[FireDAC][Phys][ODBC][Microsoft][SQL Server Native Client 11.0][SQL Server]Invalid column name 'Origem_Mercadoria'.-127.0.0.1]:EMSSQLNativeException : [FireDAC][Phys][ODBC][Microsoft][SQL Server Native Client 11.0][SQL Server]Invalid column name 'Origem_Mercadoria'. : Addr: $008E1D71
ERPImporta.exe: 00001B94: 17:07:51 []:>--------------------------------------------------------------<
ERPImporta.exe: 00001B94: 17:07:51 [TUniServerModule]:Server First Init.
ERPImporta.exe: 00001B94: 17:07:51 [TUniServerModule]:Start Path = C:\Projetos_WEB\ERP_Importa\
ERPImporta.exe: 00001B94: 17:07:51 [TUniServerModule]:Debug Mode = ON
ERPImporta.exe: 00001B94: 17:07:51 [TUniGUISessionManager]:Cache erase job created, Folder count: [1]
ERPImporta.exe: 00001B94: 17:07:51 [TUniServerModule]:Starting HTTP Server on Port: 8077...
ERPImporta.exe: 00001B94: 17:07:51 [TUniServerModule]:HTTP Server Started on Port: 8077
ERPImporta.exe: 000009EC: 17:09:55 []:>--------------------------------------------------------------<
ERPImporta.exe: 000009EC: 17:09:55 [TUniServerModule]:Server First Init.
ERPImporta.exe: 000009EC: 17:09:55 [TUniServerModule]:Start Path = C:\Projetos_WEB\ERP_Importa\
ERPImporta.exe: 000009EC: 17:09:55 [TUniServerModule]:Debug Mode = ON
ERPImporta.exe: 000009EC: 17:09:55 [TUniServerModule]:Starting HTTP Server on Port: 8077...
ERPImporta.exe: 000009EC: 17:09:55 [TUniServerModule]:HTTP Server Started on Port: 8077
ERPImporta.exe: 00003368: 17:11:01 []:>--------------------------------------------------------------<
ERPImporta.exe: 00003368: 17:11:01 [TUniServerModule]:Server First Init.
ERPImporta.exe: 00003368: 17:11:01 [TUniServerModule]:Start Path = C:\Projetos_WEB\ERP_Importa\
ERPImporta.exe: 00003368: 17:11:01 [TUniServerModule]:Debug Mode = ON
ERPImporta.exe: 00003368: 17:11:01 [TUniGUISessionManager]:Cache erase job created, Folder count: [1]
ERPImporta.exe: 00003368: 17:11:01 [TUniServerModule]:Starting HTTP Server on Port: 8077...
ERPImporta.exe: 00003368: 17:11:01 [TUniServerModule]:HTTP Server Started on Port: 8077
ERPImporta.exe: 000008F8: 17:11:44 []:>--------------------------------------------------------------<
ERPImporta.exe: 000008F8: 17:11:44 [TUniServerModule]:Server First Init.
ERPImporta.exe: 000008F8: 17:11:44 [TUniServerModule]:Start Path = C:\Projetos_WEB\ERP_Importa\
ERPImporta.exe: 000008F8: 17:11:44 [TUniServerModule]:Debug Mode = ON
ERPImporta.exe: 000008F8: 17:11:44 [TUniServerModule]:Starting HTTP Server on Port: 8077...
ERPImporta.exe: 000008F8: 17:11:44 [TUniServerModule]:HTTP Server Started on Port: 8077
ERPImporta.exe: 00001EF0: 17:27:12 [127.0.0.1]:EUniSessionException : Sessão inváilda ou tempo da sessão expirado. (Session not found: 32onUBjLBu1114DB162 ) : Addr: $007D0FCC
