ERPImporta.exe: 00000C84: 10:14:35 []:>--------------------------------------------------------------<
ERPImporta.exe: 00000C84: 10:14:35 [TUniServerModule]:Server First Init.
ERPImporta.exe: 00000C84: 10:14:35 [TUniServerModule]:Start Path = C:\Projetos_WEB\ERP_Importa\
ERPImporta.exe: 00000C84: 10:14:35 [TUniServerModule]:Debug Mode = ON
ERPImporta.exe: 00000C84: 10:14:36 [TUniServerModule]:Starting HTTP Server on Port: 8077...
ERPImporta.exe: 00000C84: 10:14:36 [TUniServerModule]:HTTP Server Started on Port: 8077
ERPImporta.exe: 00002364: 10:18:42 []:>--------------------------------------------------------------<
ERPImporta.exe: 00002364: 10:18:42 [TUniServerModule]:Server First Init.
ERPImporta.exe: 00002364: 10:18:42 [TUniServerModule]:Start Path = C:\Projetos_WEB\ERP_Importa\
ERPImporta.exe: 00002364: 10:18:42 [TUniServerModule]:Debug Mode = ON
ERPImporta.exe: 00002364: 10:18:43 [TUniServerModule]:Starting HTTP Server on Port: 8077...
ERPImporta.exe: 00002364: 10:18:43 [TUniServerModule]:HTTP Server Started on Port: 8077
ERPImporta.exe: 00000E68: 10:21:12 []:>--------------------------------------------------------------<
ERPImporta.exe: 00000E68: 10:21:12 [TUniServerModule]:Server First Init.
ERPImporta.exe: 00000E68: 10:21:12 [TUniServerModule]:Start Path = C:\Projetos_WEB\ERP_Importa\
ERPImporta.exe: 00000E68: 10:21:12 [TUniServerModule]:Debug Mode = ON
ERPImporta.exe: 00000E68: 10:21:12 [TUniServerModule]:Starting HTTP Server on Port: 8077...
ERPImporta.exe: 00000E68: 10:21:12 [TUniServerModule]:HTTP Server Started on Port: 8077
ERPImporta.exe: 00000E08: 10:22:27 []:>--------------------------------------------------------------<
ERPImporta.exe: 00000E08: 10:22:27 [TUniServerModule]:Server First Init.
ERPImporta.exe: 00000E08: 10:22:27 [TUniServerModule]:Start Path = C:\Projetos_WEB\ERP_Importa\
ERPImporta.exe: 00000E08: 10:22:27 [TUniServerModule]:Debug Mode = ON
ERPImporta.exe: 00000E08: 10:22:28 [TUniServerModule]:Starting HTTP Server on Port: 8077...
ERPImporta.exe: 00000E08: 10:22:28 [TUniServerModule]:HTTP Server Started on Port: 8077
ERPImporta.exe: 00002790: 10:23:34 []:>--------------------------------------------------------------<
ERPImporta.exe: 00002790: 10:23:34 [TUniServerModule]:Server First Init.
ERPImporta.exe: 00002790: 10:23:34 [TUniServerModule]:Start Path = C:\Projetos_WEB\ERP_Importa\
ERPImporta.exe: 00002790: 10:23:34 [TUniServerModule]:Debug Mode = ON
ERPImporta.exe: 00002790: 10:23:34 [TUniServerModule]:Starting HTTP Server on Port: 8077...
ERPImporta.exe: 00002790: 10:23:34 [TUniServerModule]:HTTP Server Started on Port: 8077
ERPImporta.exe: 00003A04: 10:24:20 []:>--------------------------------------------------------------<
ERPImporta.exe: 00003A04: 10:24:20 [TUniServerModule]:Server First Init.
ERPImporta.exe: 00003A04: 10:24:20 [TUniServerModule]:Start Path = C:\Projetos_WEB\ERP_Importa\
ERPImporta.exe: 00003A04: 10:24:20 [TUniServerModule]:Debug Mode = ON
ERPImporta.exe: 00003A04: 10:24:20 [TUniGUISessionManager]:Cache erase job created, Folder count: [1]
ERPImporta.exe: 00003A04: 10:24:21 [TUniServerModule]:Starting HTTP Server on Port: 8077...
ERPImporta.exe: 00003A04: 10:24:21 [TUniServerModule]:HTTP Server Started on Port: 8077
ERPImporta.exe: 00001F4C: 10:25:06 []:>--------------------------------------------------------------<
ERPImporta.exe: 00001F4C: 10:25:06 [TUniServerModule]:Server First Init.
ERPImporta.exe: 00001F4C: 10:25:06 [TUniServerModule]:Start Path = C:\Projetos_WEB\ERP_Importa\
ERPImporta.exe: 00001F4C: 10:25:06 [TUniServerModule]:Debug Mode = ON
ERPImporta.exe: 00001F4C: 10:25:07 [TUniServerModule]:Starting HTTP Server on Port: 8077...
ERPImporta.exe: 00001F4C: 10:25:07 [TUniServerModule]:HTTP Server Started on Port: 8077
ERPImporta.exe: 000008AC: 10:26:22 []:>--------------------------------------------------------------<
ERPImporta.exe: 000008AC: 10:26:22 [TUniServerModule]:Server First Init.
ERPImporta.exe: 000008AC: 10:26:22 [TUniServerModule]:Start Path = C:\Projetos_WEB\ERP_Importa\
ERPImporta.exe: 000008AC: 10:26:22 [TUniServerModule]:Debug Mode = ON
ERPImporta.exe: 000008AC: 10:26:22 [TUniGUISessionManager]:Cache erase job created, Folder count: [1]
ERPImporta.exe: 000008AC: 10:26:22 [TUniServerModule]:Starting HTTP Server on Port: 8077...
ERPImporta.exe: 000008AC: 10:26:22 [TUniServerModule]:HTTP Server Started on Port: 8077
ERPImporta.exe: 00000D38: 10:27:23 []:>--------------------------------------------------------------<
ERPImporta.exe: 00000D38: 10:27:23 [TUniServerModule]:Server First Init.
ERPImporta.exe: 00000D38: 10:27:23 [TUniServerModule]:Start Path = C:\Projetos_WEB\ERP_Importa\
ERPImporta.exe: 00000D38: 10:27:23 [TUniServerModule]:Debug Mode = ON
ERPImporta.exe: 00000D38: 10:27:24 [TUniServerModule]:Starting HTTP Server on Port: 8077...
ERPImporta.exe: 00000D38: 10:27:24 [TUniServerModule]:HTTP Server Started on Port: 8077
ERPImporta.exe: 000034AC: 10:27:56 [HandleFileRequest[127.0.0.1]]:File not found: C:\Projetos_WEB\ERP_Importa\files\images\fundo8.jpg
ERPImporta.exe: 00003234: 10:29:49 []:>--------------------------------------------------------------<
ERPImporta.exe: 00003234: 10:29:49 [TUniServerModule]:Server First Init.
ERPImporta.exe: 00003234: 10:29:49 [TUniServerModule]:Start Path = C:\Projetos_WEB\ERP_Importa\
ERPImporta.exe: 00003234: 10:29:49 [TUniServerModule]:Debug Mode = ON
ERPImporta.exe: 00003234: 10:29:50 [TUniServerModule]:Starting HTTP Server on Port: 8077...
ERPImporta.exe: 00003234: 10:29:50 [TUniServerModule]:HTTP Server Started on Port: 8077
ERPImporta.exe: 000022D8: 10:38:17 []:>--------------------------------------------------------------<
ERPImporta.exe: 000022D8: 10:38:17 [TUniServerModule]:Server First Init.
ERPImporta.exe: 000022D8: 10:38:17 [TUniServerModule]:Start Path = C:\Projetos_WEB\ERP_Importa\
ERPImporta.exe: 000022D8: 10:38:17 [TUniServerModule]:Debug Mode = ON
ERPImporta.exe: 000022D8: 10:38:18 [TUniServerModule]:Starting HTTP Server on Port: 8077...
ERPImporta.exe: 000022D8: 10:38:18 [TUniServerModule]:HTTP Server Started on Port: 8077
ERPImporta.exe: 000039AC: 10:38:56 [HandleFileRequest[127.0.0.1]]:File not found: C:\Projetos_WEB\ERP_Importa\files\images\fundo8.jpg
ERPImporta.exe: 00000BF0: 10:47:06 []:>--------------------------------------------------------------<
ERPImporta.exe: 00000BF0: 10:47:06 [TUniServerModule]:Server First Init.
ERPImporta.exe: 00000BF0: 10:47:06 [TUniServerModule]:Start Path = C:\Projetos_WEB\ERP_Importa\
ERPImporta.exe: 00000BF0: 10:47:06 [TUniServerModule]:Debug Mode = ON
ERPImporta.exe: 00000BF0: 10:47:06 [TUniServerModule]:Starting HTTP Server on Port: 8077...
ERPImporta.exe: 00000BF0: 10:47:06 [TUniServerModule]:HTTP Server Started on Port: 8077
ERPImporta.exe: 00001DA0: 10:51:43 []:>--------------------------------------------------------------<
ERPImporta.exe: 00001DA0: 10:51:43 [TUniServerModule]:Server First Init.
ERPImporta.exe: 00001DA0: 10:51:43 [TUniServerModule]:Start Path = C:\Projetos_WEB\ERP_Importa\
ERPImporta.exe: 00001DA0: 10:51:43 [TUniServerModule]:Debug Mode = ON
ERPImporta.exe: 00001DA0: 10:51:43 [TUniServerModule]:Starting HTTP Server on Port: 8077...
ERPImporta.exe: 00001DA0: 10:51:43 [TUniServerModule]:HTTP Server Started on Port: 8077
ERPImporta.exe: 000012BC: 11:01:09 []:>--------------------------------------------------------------<
ERPImporta.exe: 000012BC: 11:01:09 [TUniServerModule]:Server First Init.
ERPImporta.exe: 000012BC: 11:01:09 [TUniServerModule]:Start Path = C:\Projetos_WEB\ERP_Importa\
ERPImporta.exe: 000012BC: 11:01:09 [TUniServerModule]:Debug Mode = ON
ERPImporta.exe: 000012BC: 11:01:09 [TUniServerModule]:Starting HTTP Server on Port: 8077...
ERPImporta.exe: 000012BC: 11:01:09 [TUniServerModule]:HTTP Server Started on Port: 8077
ERPImporta.exe: 000009AC: 11:14:16 []:>--------------------------------------------------------------<
ERPImporta.exe: 000009AC: 11:14:16 [TUniServerModule]:Server First Init.
ERPImporta.exe: 000009AC: 11:14:16 [TUniServerModule]:Start Path = C:\Projetos_WEB\ERP_Importa\
ERPImporta.exe: 000009AC: 11:14:16 [TUniServerModule]:Debug Mode = ON
ERPImporta.exe: 000009AC: 11:14:17 [TUniServerModule]:Starting HTTP Server on Port: 8077...
ERPImporta.exe: 000009AC: 11:14:17 [TUniServerModule]:HTTP Server Started on Port: 8077
ERPImporta.exe: 00003A4C: 11:17:42 []:>--------------------------------------------------------------<
ERPImporta.exe: 00003A4C: 11:17:42 [TUniServerModule]:Server First Init.
ERPImporta.exe: 00003A4C: 11:17:42 [TUniServerModule]:Start Path = C:\Projetos_WEB\ERP_Importa\
ERPImporta.exe: 00003A4C: 11:17:42 [TUniServerModule]:Debug Mode = ON
ERPImporta.exe: 00003A4C: 11:17:43 [TUniServerModule]:Starting HTTP Server on Port: 8077...
ERPImporta.exe: 00003A4C: 11:17:43 [TUniServerModule]:HTTP Server Started on Port: 8077
ERPImporta.exe: 00003B74: 11:18:31 []:>--------------------------------------------------------------<
ERPImporta.exe: 00003B74: 11:18:31 [TUniServerModule]:Server First Init.
ERPImporta.exe: 00003B74: 11:18:31 [TUniServerModule]:Start Path = C:\Projetos_WEB\ERP_Importa\
ERPImporta.exe: 00003B74: 11:18:31 [TUniServerModule]:Debug Mode = ON
ERPImporta.exe: 00003B74: 11:18:31 [TUniServerModule]:Starting HTTP Server on Port: 8077...
ERPImporta.exe: 00003B74: 11:18:31 [TUniServerModule]:HTTP Server Started on Port: 8077
ERPImporta.exe: 000008D0: 11:26:58 []:>--------------------------------------------------------------<
ERPImporta.exe: 000008D0: 11:26:58 [TUniServerModule]:Server First Init.
ERPImporta.exe: 000008D0: 11:26:58 [TUniServerModule]:Start Path = C:\Projetos_WEB\ERP_Importa\
ERPImporta.exe: 000008D0: 11:26:58 [TUniServerModule]:Debug Mode = ON
ERPImporta.exe: 000008D0: 11:26:58 [TUniGUISessionManager]:Cache erase job created, Folder count: [1]
ERPImporta.exe: 000008D0: 11:26:59 [TUniServerModule]:Starting HTTP Server on Port: 8077...
ERPImporta.exe: 000008D0: 11:26:59 [TUniServerModule]:HTTP Server Started on Port: 8077
ERPImporta.exe: 00000CF8: 11:28:42 []:>--------------------------------------------------------------<
ERPImporta.exe: 00000CF8: 11:28:42 [TUniServerModule]:Server First Init.
ERPImporta.exe: 00000CF8: 11:28:42 [TUniServerModule]:Start Path = C:\Projetos_WEB\ERP_Importa\
ERPImporta.exe: 00000CF8: 11:28:42 [TUniServerModule]:Debug Mode = ON
ERPImporta.exe: 00000CF8: 11:28:42 [TUniGUISessionManager]:Cache erase job created, Folder count: [1]
ERPImporta.exe: 00000CF8: 11:28:43 [TUniServerModule]:Starting HTTP Server on Port: 8077...
ERPImporta.exe: 00000CF8: 11:28:43 [TUniServerModule]:HTTP Server Started on Port: 8077
ERPImporta.exe: 000009A0: 11:30:04 []:>--------------------------------------------------------------<
ERPImporta.exe: 000009A0: 11:30:04 [TUniServerModule]:Server First Init.
ERPImporta.exe: 000009A0: 11:30:04 [TUniServerModule]:Start Path = C:\Projetos_WEB\ERP_Importa\
ERPImporta.exe: 000009A0: 11:30:04 [TUniServerModule]:Debug Mode = ON
ERPImporta.exe: 000009A0: 11:30:04 [TUniServerModule]:Starting HTTP Server on Port: 8077...
ERPImporta.exe: 000009A0: 11:30:05 [TUniServerModule]:HTTP Server Started on Port: 8077
ERPImporta.exe: 00000CDC: 11:32:47 []:>--------------------------------------------------------------<
ERPImporta.exe: 00000CDC: 11:32:47 [TUniServerModule]:Server First Init.
ERPImporta.exe: 00000CDC: 11:32:47 [TUniServerModule]:Start Path = C:\Projetos_WEB\ERP_Importa\
ERPImporta.exe: 00000CDC: 11:32:47 [TUniServerModule]:Debug Mode = ON
ERPImporta.exe: 00000CDC: 11:32:47 [TUniServerModule]:Starting HTTP Server on Port: 8077...
ERPImporta.exe: 00000CDC: 11:32:47 [TUniServerModule]:HTTP Server Started on Port: 8077
ERPImporta.exe: 00002EE4: 11:33:33 []:>--------------------------------------------------------------<
ERPImporta.exe: 00002EE4: 11:33:33 [TUniServerModule]:Server First Init.
ERPImporta.exe: 00002EE4: 11:33:33 [TUniServerModule]:Start Path = C:\Projetos_WEB\ERP_Importa\
ERPImporta.exe: 00002EE4: 11:33:33 [TUniServerModule]:Debug Mode = ON
ERPImporta.exe: 00002EE4: 11:33:33 [TUniGUISessionManager]:Cache erase job created, Folder count: [1]
ERPImporta.exe: 00002EE4: 11:33:34 [TUniServerModule]:Starting HTTP Server on Port: 8077...
ERPImporta.exe: 00002EE4: 11:33:34 [TUniServerModule]:HTTP Server Started on Port: 8077
ERPImporta.exe: 0000231C: 11:34:16 []:>--------------------------------------------------------------<
ERPImporta.exe: 0000231C: 11:34:16 [TUniServerModule]:Server First Init.
ERPImporta.exe: 0000231C: 11:34:16 [TUniServerModule]:Start Path = C:\Projetos_WEB\ERP_Importa\
ERPImporta.exe: 0000231C: 11:34:16 [TUniServerModule]:Debug Mode = ON
ERPImporta.exe: 0000231C: 11:34:16 [TUniGUISessionManager]:Cache erase job created, Folder count: [1]
ERPImporta.exe: 0000231C: 11:34:16 [TUniServerModule]:Starting HTTP Server on Port: 8077...
ERPImporta.exe: 0000231C: 11:34:16 [TUniServerModule]:HTTP Server Started on Port: 8077
ERPImporta.exe: 000036E4: 11:35:51 []:>--------------------------------------------------------------<
ERPImporta.exe: 000036E4: 11:35:51 [TUniServerModule]:Server First Init.
ERPImporta.exe: 000036E4: 11:35:51 [TUniServerModule]:Start Path = C:\Projetos_WEB\ERP_Importa\
ERPImporta.exe: 000036E4: 11:35:51 [TUniServerModule]:Debug Mode = ON
ERPImporta.exe: 000036E4: 11:35:52 [TUniServerModule]:Starting HTTP Server on Port: 8077...
ERPImporta.exe: 000036E4: 11:35:52 [TUniServerModule]:HTTP Server Started on Port: 8077
ERPImporta.exe: 00002E1C: 11:41:50 []:>--------------------------------------------------------------<
ERPImporta.exe: 00002E1C: 11:41:50 [TUniServerModule]:Server First Init.
ERPImporta.exe: 00002E1C: 11:41:50 [TUniServerModule]:Start Path = C:\Projetos_WEB\ERP_Importa\
ERPImporta.exe: 00002E1C: 11:41:50 [TUniServerModule]:Debug Mode = ON
ERPImporta.exe: 00002E1C: 11:41:50 [TUniGUISessionManager]:Cache erase job created, Folder count: [1]
ERPImporta.exe: 00002E1C: 11:41:51 [TUniServerModule]:Starting HTTP Server on Port: 8077...
ERPImporta.exe: 00002E1C: 11:41:51 [TUniServerModule]:HTTP Server Started on Port: 8077
ERPImporta.exe: 000023F0: 11:43:29 []:>--------------------------------------------------------------<
ERPImporta.exe: 000023F0: 11:43:29 [TUniServerModule]:Server First Init.
ERPImporta.exe: 000023F0: 11:43:29 [TUniServerModule]:Start Path = C:\Projetos_WEB\ERP_Importa\
ERPImporta.exe: 000023F0: 11:43:29 [TUniServerModule]:Debug Mode = ON
ERPImporta.exe: 000023F0: 11:43:29 [TUniGUISessionManager]:Cache erase job created, Folder count: [1]
ERPImporta.exe: 000023F0: 11:43:30 [TUniServerModule]:Starting HTTP Server on Port: 8077...
ERPImporta.exe: 000023F0: 11:43:30 [TUniServerModule]:HTTP Server Started on Port: 8077
ERPImporta.exe: 000013A8: 11:44:44 []:>--------------------------------------------------------------<
ERPImporta.exe: 000013A8: 11:44:44 [TUniServerModule]:Server First Init.
ERPImporta.exe: 000013A8: 11:44:44 [TUniServerModule]:Start Path = C:\Projetos_WEB\ERP_Importa\
ERPImporta.exe: 000013A8: 11:44:44 [TUniServerModule]:Debug Mode = ON
ERPImporta.exe: 000013A8: 11:44:44 [TUniServerModule]:Starting HTTP Server on Port: 8077...
ERPImporta.exe: 000013A8: 11:44:44 [TUniServerModule]:HTTP Server Started on Port: 8077
ERPImporta.exe: 00002494: 11:45:46 []:>--------------------------------------------------------------<
ERPImporta.exe: 00002494: 11:45:46 [TUniServerModule]:Server First Init.
ERPImporta.exe: 00002494: 11:45:46 [TUniServerModule]:Start Path = C:\Projetos_WEB\ERP_Importa\
ERPImporta.exe: 00002494: 11:45:46 [TUniServerModule]:Debug Mode = ON
ERPImporta.exe: 00002494: 11:45:46 [TUniGUISessionManager]:Cache erase job created, Folder count: [1]
ERPImporta.exe: 00002494: 11:45:47 [TUniServerModule]:Starting HTTP Server on Port: 8077...
ERPImporta.exe: 00002494: 11:45:47 [TUniServerModule]:HTTP Server Started on Port: 8077
ERPImporta.exe: 00000CF0: 11:46:55 []:>--------------------------------------------------------------<
ERPImporta.exe: 00000CF0: 11:46:55 [TUniServerModule]:Server First Init.
ERPImporta.exe: 00000CF0: 11:46:55 [TUniServerModule]:Start Path = C:\Projetos_WEB\ERP_Importa\
ERPImporta.exe: 00000CF0: 11:46:55 [TUniServerModule]:Debug Mode = ON
ERPImporta.exe: 00000CF0: 11:46:55 [TUniServerModule]:Starting HTTP Server on Port: 8077...
ERPImporta.exe: 00000CF0: 11:46:56 [TUniServerModule]:HTTP Server Started on Port: 8077
ERPImporta.exe: 00000FCC: 11:48:11 []:>--------------------------------------------------------------<
ERPImporta.exe: 00000FCC: 11:48:11 [TUniServerModule]:Server First Init.
ERPImporta.exe: 00000FCC: 11:48:11 [TUniServerModule]:Start Path = C:\Projetos_WEB\ERP_Importa\
ERPImporta.exe: 00000FCC: 11:48:11 [TUniServerModule]:Debug Mode = ON
ERPImporta.exe: 00000FCC: 11:48:11 [TUniGUISessionManager]:Cache erase job created, Folder count: [1]
ERPImporta.exe: 00000FCC: 11:48:11 [TUniServerModule]:Starting HTTP Server on Port: 8077...
ERPImporta.exe: 00000FCC: 11:48:11 [TUniServerModule]:HTTP Server Started on Port: 8077
ERPImporta.exe: 00002B48: 11:53:52 []:>--------------------------------------------------------------<
ERPImporta.exe: 00002B48: 11:53:52 [TUniServerModule]:Server First Init.
ERPImporta.exe: 00002B48: 11:53:52 [TUniServerModule]:Start Path = C:\Projetos_WEB\ERP_Importa\
ERPImporta.exe: 00002B48: 11:53:52 [TUniServerModule]:Debug Mode = ON
ERPImporta.exe: 00002B48: 11:53:53 [TUniServerModule]:Starting HTTP Server on Port: 8077...
ERPImporta.exe: 00002B48: 11:53:53 [TUniServerModule]:HTTP Server Started on Port: 8077
ERPImporta.exe: 00001150: 11:56:11 []:>--------------------------------------------------------------<
ERPImporta.exe: 00001150: 11:56:11 [TUniServerModule]:Server First Init.
ERPImporta.exe: 00001150: 11:56:11 [TUniServerModule]:Start Path = C:\Projetos_WEB\ERP_Importa\
ERPImporta.exe: 00001150: 11:56:11 [TUniServerModule]:Debug Mode = ON
ERPImporta.exe: 00001150: 11:56:11 [TUniServerModule]:Starting HTTP Server on Port: 8077...
ERPImporta.exe: 00001150: 11:56:11 [TUniServerModule]:HTTP Server Started on Port: 8077
ERPImporta.exe: 00002EBC: 12:18:58 []:>--------------------------------------------------------------<
ERPImporta.exe: 00002EBC: 12:18:58 [TUniServerModule]:Server First Init.
ERPImporta.exe: 00002EBC: 12:18:58 [TUniServerModule]:Start Path = C:\Projetos_WEB\ERP_Importa\
ERPImporta.exe: 00002EBC: 12:18:58 [TUniServerModule]:Debug Mode = ON
ERPImporta.exe: 00002EBC: 12:18:59 [TUniServerModule]:Starting HTTP Server on Port: 8077...
ERPImporta.exe: 00002EBC: 12:18:59 [TUniServerModule]:HTTP Server Started on Port: 8077
ERPImporta.exe: 00001E04: 12:19:07 [[FireDAC][Comp][Clnt]-512. Connection is not defined for [tMestre]. Possible reason: Connection and ConnectionName property values are both empty-127.0.0.1]:EFDException : [FireDAC][Comp][Clnt]-512. Connection is not defined for [tMestre]. Possible reason: Connection and ConnectionName property values are both empty : Addr: $00835B20
ERPImporta.exe: 00002FB8: 12:19:29 []:>--------------------------------------------------------------<
ERPImporta.exe: 00002FB8: 12:19:29 [TUniServerModule]:Server First Init.
ERPImporta.exe: 00002FB8: 12:19:29 [TUniServerModule]:Start Path = C:\Projetos_WEB\ERP_Importa\
ERPImporta.exe: 00002FB8: 12:19:29 [TUniServerModule]:Debug Mode = ON
ERPImporta.exe: 00002FB8: 12:19:29 [TUniGUISessionManager]:Cache erase job created, Folder count: [1]
ERPImporta.exe: 00002FB8: 12:19:29 [TUniServerModule]:Starting HTTP Server on Port: 8077...
ERPImporta.exe: 00002FB8: 12:19:29 [TUniServerModule]:HTTP Server Started on Port: 8077
ERPImporta.exe: 00003B54: 12:19:42 [[FireDAC][Phys][ODBC][Microsoft][SQL Server Native Client 11.0][SQL Server]Invalid object name 'ProcessosDocumentos'.-127.0.0.1]:EMSSQLNativeException : [FireDAC][Phys][ODBC][Microsoft][SQL Server Native Client 11.0][SQL Server]Invalid object name 'ProcessosDocumentos'. : Addr: $008DD429
ERPImporta.exe: 00000CDC: 12:20:03 []:>--------------------------------------------------------------<
ERPImporta.exe: 00000CDC: 12:20:03 [TUniServerModule]:Server First Init.
ERPImporta.exe: 00000CDC: 12:20:03 [TUniServerModule]:Start Path = C:\Projetos_WEB\ERP_Importa\
ERPImporta.exe: 00000CDC: 12:20:03 [TUniServerModule]:Debug Mode = ON
ERPImporta.exe: 00000CDC: 12:20:04 [TUniServerModule]:Starting HTTP Server on Port: 8077...
ERPImporta.exe: 00000CDC: 12:20:04 [TUniServerModule]:HTTP Server Started on Port: 8077
ERPImporta.exe: 0000354C: 12:23:20 []:>--------------------------------------------------------------<
ERPImporta.exe: 0000354C: 12:23:20 [TUniServerModule]:Server First Init.
ERPImporta.exe: 0000354C: 12:23:20 [TUniServerModule]:Start Path = C:\Projetos_WEB\ERP_Importa\
ERPImporta.exe: 0000354C: 12:23:20 [TUniServerModule]:Debug Mode = ON
ERPImporta.exe: 0000354C: 12:23:20 [TUniGUISessionManager]:Cache erase job created, Folder count: [1]
ERPImporta.exe: 0000354C: 12:23:20 [TUniServerModule]:Starting HTTP Server on Port: 8077...
ERPImporta.exe: 0000354C: 12:23:20 [TUniServerModule]:HTTP Server Started on Port: 8077
ERPImporta.exe: 00001520: 12:26:12 []:>--------------------------------------------------------------<
ERPImporta.exe: 00001520: 12:26:12 [TUniServerModule]:Server First Init.
ERPImporta.exe: 00001520: 12:26:12 [TUniServerModule]:Start Path = C:\Projetos_WEB\ERP_Importa\
ERPImporta.exe: 00001520: 12:26:12 [TUniServerModule]:Debug Mode = ON
ERPImporta.exe: 00001520: 12:26:12 [TUniGUISessionManager]:Cache erase job created, Folder count: [1]
ERPImporta.exe: 00001520: 12:26:13 [TUniServerModule]:Starting HTTP Server on Port: 8077...
ERPImporta.exe: 00001520: 12:26:13 [TUniServerModule]:HTTP Server Started on Port: 8077
ERPImporta.exe: 00003974: 12:27:37 []:>--------------------------------------------------------------<
ERPImporta.exe: 00003974: 12:27:37 [TUniServerModule]:Server First Init.
ERPImporta.exe: 00003974: 12:27:37 [TUniServerModule]:Start Path = C:\Projetos_WEB\ERP_Importa\
ERPImporta.exe: 00003974: 12:27:37 [TUniServerModule]:Debug Mode = ON
ERPImporta.exe: 00003974: 12:27:37 [TUniGUISessionManager]:Cache erase job created, Folder count: [1]
ERPImporta.exe: 00003974: 12:27:37 [TUniServerModule]:Starting HTTP Server on Port: 8077...
ERPImporta.exe: 00003974: 12:27:37 [TUniServerModule]:HTTP Server Started on Port: 8077
ERPImporta.exe: 00003648: 12:29:31 []:>--------------------------------------------------------------<
ERPImporta.exe: 00003648: 12:29:31 [TUniServerModule]:Server First Init.
ERPImporta.exe: 00003648: 12:29:31 [TUniServerModule]:Start Path = C:\Projetos_WEB\ERP_Importa\
ERPImporta.exe: 00003648: 12:29:31 [TUniServerModule]:Debug Mode = ON
ERPImporta.exe: 00003648: 12:29:32 [TUniServerModule]:Starting HTTP Server on Port: 8077...
ERPImporta.exe: 00003648: 12:29:32 [TUniServerModule]:HTTP Server Started on Port: 8077
ERPImporta.exe: 00001478: 12:30:13 []:>--------------------------------------------------------------<
ERPImporta.exe: 00001478: 12:30:13 [TUniServerModule]:Server First Init.
ERPImporta.exe: 00001478: 12:30:13 [TUniServerModule]:Start Path = C:\Projetos_WEB\ERP_Importa\
ERPImporta.exe: 00001478: 12:30:13 [TUniServerModule]:Debug Mode = ON
ERPImporta.exe: 00001478: 12:30:13 [TUniServerModule]:Starting HTTP Server on Port: 8077...
ERPImporta.exe: 00001478: 12:30:13 [TUniServerModule]:HTTP Server Started on Port: 8077
ERPImporta.exe: 00003078: 12:30:52 []:>--------------------------------------------------------------<
ERPImporta.exe: 00003078: 12:30:52 [TUniServerModule]:Server First Init.
ERPImporta.exe: 00003078: 12:30:52 [TUniServerModule]:Start Path = C:\Projetos_WEB\ERP_Importa\
ERPImporta.exe: 00003078: 12:30:52 [TUniServerModule]:Debug Mode = ON
ERPImporta.exe: 00003078: 12:30:52 [TUniGUISessionManager]:Cache erase job created, Folder count: [1]
ERPImporta.exe: 00003078: 12:30:52 [TUniServerModule]:Starting HTTP Server on Port: 8077...
ERPImporta.exe: 00003078: 12:30:52 [TUniServerModule]:HTTP Server Started on Port: 8077
ERPImporta.exe: 00002DCC: 14:13:41 []:>--------------------------------------------------------------<
ERPImporta.exe: 00002DCC: 14:13:41 [TUniServerModule]:Server First Init.
ERPImporta.exe: 00002DCC: 14:13:41 [TUniServerModule]:Start Path = C:\Projetos_WEB\ERP_Importa\
ERPImporta.exe: 00002DCC: 14:13:41 [TUniServerModule]:Debug Mode = ON
ERPImporta.exe: 00002DCC: 14:13:41 [TUniServerModule]:Starting HTTP Server on Port: 8077...
ERPImporta.exe: 00002DCC: 14:13:41 [TUniServerModule]:HTTP Server Started on Port: 8077
ERPImporta.exe: 000016A0: 14:14:30 []:>--------------------------------------------------------------<
ERPImporta.exe: 000016A0: 14:14:30 [TUniServerModule]:Server First Init.
ERPImporta.exe: 000016A0: 14:14:30 [TUniServerModule]:Start Path = C:\Projetos_WEB\ERP_Importa\
ERPImporta.exe: 000016A0: 14:14:30 [TUniServerModule]:Debug Mode = ON
ERPImporta.exe: 000016A0: 14:14:31 [TUniServerModule]:Starting HTTP Server on Port: 8077...
ERPImporta.exe: 000016A0: 14:14:31 [TUniServerModule]:HTTP Server Started on Port: 8077
ERPImporta.exe: 00000C38: 14:15:53 []:>--------------------------------------------------------------<
ERPImporta.exe: 00000C38: 14:15:53 [TUniServerModule]:Server First Init.
ERPImporta.exe: 00000C38: 14:15:53 [TUniServerModule]:Start Path = C:\Projetos_WEB\ERP_Importa\
ERPImporta.exe: 00000C38: 14:15:53 [TUniServerModule]:Debug Mode = ON
ERPImporta.exe: 00000C38: 14:15:53 [TUniGUISessionManager]:Cache erase job created, Folder count: [1]
ERPImporta.exe: 00000C38: 14:15:53 [TUniServerModule]:Starting HTTP Server on Port: 8077...
ERPImporta.exe: 00000C38: 14:15:54 [TUniServerModule]:HTTP Server Started on Port: 8077
ERPImporta.exe: 000039B4: 14:19:55 []:>--------------------------------------------------------------<
ERPImporta.exe: 000039B4: 14:19:55 [TUniServerModule]:Server First Init.
ERPImporta.exe: 000039B4: 14:19:55 [TUniServerModule]:Start Path = C:\Projetos_WEB\ERP_Importa\
ERPImporta.exe: 000039B4: 14:19:55 [TUniServerModule]:Debug Mode = ON
ERPImporta.exe: 000039B4: 14:19:55 [TUniGUISessionManager]:Cache erase job created, Folder count: [1]
ERPImporta.exe: 000039B4: 14:19:56 [TUniServerModule]:Starting HTTP Server on Port: 8077...
ERPImporta.exe: 000039B4: 14:19:56 [TUniServerModule]:HTTP Server Started on Port: 8077
ERPImporta.exe: 0000099C: 14:31:25 []:>--------------------------------------------------------------<
ERPImporta.exe: 0000099C: 14:31:25 [TUniServerModule]:Server First Init.
ERPImporta.exe: 0000099C: 14:31:25 [TUniServerModule]:Start Path = C:\Projetos_WEB\ERP_Importa\
ERPImporta.exe: 0000099C: 14:31:25 [TUniServerModule]:Debug Mode = ON
ERPImporta.exe: 0000099C: 14:31:25 [TUniServerModule]:Starting HTTP Server on Port: 8077...
ERPImporta.exe: 0000099C: 14:31:26 [TUniServerModule]:HTTP Server Started on Port: 8077
ERPImporta.exe: 00003BF0: 14:32:34 []:>--------------------------------------------------------------<
ERPImporta.exe: 00003BF0: 14:32:34 [TUniServerModule]:Server First Init.
ERPImporta.exe: 00003BF0: 14:32:34 [TUniServerModule]:Start Path = C:\Projetos_WEB\ERP_Importa\
ERPImporta.exe: 00003BF0: 14:32:34 [TUniServerModule]:Debug Mode = ON
ERPImporta.exe: 00003BF0: 14:32:34 [TUniGUISessionManager]:Cache erase job created, Folder count: [1]
ERPImporta.exe: 00003BF0: 14:32:35 [TUniServerModule]:Starting HTTP Server on Port: 8077...
ERPImporta.exe: 00003BF0: 14:32:35 [TUniServerModule]:HTTP Server Started on Port: 8077
ERPImporta.exe: 000005A0: 14:35:24 []:>--------------------------------------------------------------<
ERPImporta.exe: 000005A0: 14:35:24 [TUniServerModule]:Server First Init.
ERPImporta.exe: 000005A0: 14:35:24 [TUniServerModule]:Start Path = C:\Projetos_WEB\ERP_Importa\
ERPImporta.exe: 000005A0: 14:35:24 [TUniServerModule]:Debug Mode = ON
ERPImporta.exe: 000005A0: 14:35:25 [TUniServerModule]:Starting HTTP Server on Port: 8077...
ERPImporta.exe: 000005A0: 14:35:25 [TUniServerModule]:HTTP Server Started on Port: 8077
ERPImporta.exe: 000027FC: 14:37:03 []:>--------------------------------------------------------------<
ERPImporta.exe: 000027FC: 14:37:03 [TUniServerModule]:Server First Init.
ERPImporta.exe: 000027FC: 14:37:03 [TUniServerModule]:Start Path = C:\Projetos_WEB\ERP_Importa\
ERPImporta.exe: 000027FC: 14:37:03 [TUniServerModule]:Debug Mode = ON
ERPImporta.exe: 000027FC: 14:37:03 [TUniGUISessionManager]:Cache erase job created, Folder count: [1]
ERPImporta.exe: 000027FC: 14:37:04 [TUniServerModule]:Starting HTTP Server on Port: 8077...
ERPImporta.exe: 000027FC: 14:37:04 [TUniServerModule]:HTTP Server Started on Port: 8077
ERPImporta.exe: 00000B40: 14:37:54 []:>--------------------------------------------------------------<
ERPImporta.exe: 00000B40: 14:37:54 [TUniServerModule]:Server First Init.
ERPImporta.exe: 00000B40: 14:37:54 [TUniServerModule]:Start Path = C:\Projetos_WEB\ERP_Importa\
ERPImporta.exe: 00000B40: 14:37:54 [TUniServerModule]:Debug Mode = ON
ERPImporta.exe: 00000B40: 14:37:55 [TUniServerModule]:Starting HTTP Server on Port: 8077...
ERPImporta.exe: 00000B40: 14:37:55 [TUniServerModule]:HTTP Server Started on Port: 8077
ERPImporta.exe: 00003040: 14:39:24 []:>--------------------------------------------------------------<
ERPImporta.exe: 00003040: 14:39:24 [TUniServerModule]:Server First Init.
ERPImporta.exe: 00003040: 14:39:24 [TUniServerModule]:Start Path = C:\Projetos_WEB\ERP_Importa\
ERPImporta.exe: 00003040: 14:39:24 [TUniServerModule]:Debug Mode = ON
ERPImporta.exe: 00003040: 14:39:24 [TUniGUISessionManager]:Cache erase job created, Folder count: [1]
ERPImporta.exe: 00003040: 14:39:24 [TUniServerModule]:Starting HTTP Server on Port: 8077...
ERPImporta.exe: 00003040: 14:39:24 [TUniServerModule]:HTTP Server Started on Port: 8077
ERPImporta.exe: 00001A7C: 14:40:19 []:>--------------------------------------------------------------<
ERPImporta.exe: 00001A7C: 14:40:19 [TUniServerModule]:Server First Init.
ERPImporta.exe: 00001A7C: 14:40:19 [TUniServerModule]:Start Path = C:\Projetos_WEB\ERP_Importa\
ERPImporta.exe: 00001A7C: 14:40:19 [TUniServerModule]:Debug Mode = ON
ERPImporta.exe: 00001A7C: 14:40:19 [TUniServerModule]:Starting HTTP Server on Port: 8077...
ERPImporta.exe: 00001A7C: 14:40:19 [TUniServerModule]:HTTP Server Started on Port: 8077
ERPImporta.exe: 00000778: 14:44:07 []:>--------------------------------------------------------------<
ERPImporta.exe: 00000778: 14:44:07 [TUniServerModule]:Server First Init.
ERPImporta.exe: 00000778: 14:44:07 [TUniServerModule]:Start Path = C:\Projetos_WEB\ERP_Importa\
ERPImporta.exe: 00000778: 14:44:07 [TUniServerModule]:Debug Mode = ON
ERPImporta.exe: 00000778: 14:44:08 [TUniServerModule]:Starting HTTP Server on Port: 8077...
ERPImporta.exe: 00000778: 14:44:08 [TUniServerModule]:HTTP Server Started on Port: 8077
ERPImporta.exe: 0000158C: 14:45:18 []:>--------------------------------------------------------------<
ERPImporta.exe: 0000158C: 14:45:18 [TUniServerModule]:Server First Init.
ERPImporta.exe: 0000158C: 14:45:18 [TUniServerModule]:Start Path = C:\Projetos_WEB\ERP_Importa\
ERPImporta.exe: 0000158C: 14:45:18 [TUniServerModule]:Debug Mode = ON
ERPImporta.exe: 0000158C: 14:45:18 [TUniGUISessionManager]:Cache erase job created, Folder count: [1]
ERPImporta.exe: 0000158C: 14:45:18 [TUniServerModule]:Starting HTTP Server on Port: 8077...
ERPImporta.exe: 0000158C: 14:45:18 [TUniServerModule]:HTTP Server Started on Port: 8077
ERPImporta.exe: 00003B2C: 14:50:22 []:>--------------------------------------------------------------<
ERPImporta.exe: 00003B2C: 14:50:22 [TUniServerModule]:Server First Init.
ERPImporta.exe: 00003B2C: 14:50:22 [TUniServerModule]:Start Path = C:\Projetos_WEB\ERP_Importa\
ERPImporta.exe: 00003B2C: 14:50:22 [TUniServerModule]:Debug Mode = ON
ERPImporta.exe: 00003B2C: 14:50:22 [TUniGUISessionManager]:Cache erase job created, Folder count: [1]
ERPImporta.exe: 00003B2C: 14:50:22 [TUniServerModule]:Starting HTTP Server on Port: 8077...
ERPImporta.exe: 00003B2C: 14:50:22 [TUniServerModule]:HTTP Server Started on Port: 8077
ERPImporta.exe: 00000AC4: 14:51:31 []:>--------------------------------------------------------------<
ERPImporta.exe: 00000AC4: 14:51:31 [TUniServerModule]:Server First Init.
ERPImporta.exe: 00000AC4: 14:51:31 [TUniServerModule]:Start Path = C:\Projetos_WEB\ERP_Importa\
ERPImporta.exe: 00000AC4: 14:51:31 [TUniServerModule]:Debug Mode = ON
ERPImporta.exe: 00000AC4: 14:51:31 [TUniServerModule]:Starting HTTP Server on Port: 8077...
ERPImporta.exe: 00000AC4: 14:51:31 [TUniServerModule]:HTTP Server Started on Port: 8077
ERPImporta.exe: 00003994: 14:52:01 []:>--------------------------------------------------------------<
ERPImporta.exe: 00003994: 14:52:01 [TUniServerModule]:Server First Init.
ERPImporta.exe: 00003994: 14:52:01 [TUniServerModule]:Start Path = C:\Projetos_WEB\ERP_Importa\
ERPImporta.exe: 00003994: 14:52:01 [TUniServerModule]:Debug Mode = ON
ERPImporta.exe: 00003994: 14:52:01 [TUniGUISessionManager]:Cache erase job created, Folder count: [1]
ERPImporta.exe: 00003994: 14:52:01 [TUniServerModule]:Starting HTTP Server on Port: 8077...
ERPImporta.exe: 00003994: 14:52:01 [TUniServerModule]:HTTP Server Started on Port: 8077
ERPImporta.exe: 0000390C: 14:53:01 []:>--------------------------------------------------------------<
ERPImporta.exe: 0000390C: 14:53:01 [TUniServerModule]:Server First Init.
ERPImporta.exe: 0000390C: 14:53:01 [TUniServerModule]:Start Path = C:\Projetos_WEB\ERP_Importa\
ERPImporta.exe: 0000390C: 14:53:01 [TUniServerModule]:Debug Mode = ON
ERPImporta.exe: 0000390C: 14:53:01 [TUniGUISessionManager]:Cache erase job created, Folder count: [1]
ERPImporta.exe: 0000390C: 14:53:01 [TUniServerModule]:Starting HTTP Server on Port: 8077...
ERPImporta.exe: 0000390C: 14:53:01 [TUniServerModule]:HTTP Server Started on Port: 8077
ERPImporta.exe: 00001538: 14:54:29 []:>--------------------------------------------------------------<
ERPImporta.exe: 00001538: 14:54:29 [TUniServerModule]:Server First Init.
ERPImporta.exe: 00001538: 14:54:29 [TUniServerModule]:Start Path = C:\Projetos_WEB\ERP_Importa\
ERPImporta.exe: 00001538: 14:54:29 [TUniServerModule]:Debug Mode = ON
ERPImporta.exe: 00001538: 14:54:30 [TUniServerModule]:Starting HTTP Server on Port: 8077...
ERPImporta.exe: 00001538: 14:54:30 [TUniServerModule]:HTTP Server Started on Port: 8077
ERPImporta.exe: 00002C60: 14:55:18 []:>--------------------------------------------------------------<
ERPImporta.exe: 00002C60: 14:55:18 [TUniServerModule]:Server First Init.
ERPImporta.exe: 00002C60: 14:55:18 [TUniServerModule]:Start Path = C:\Projetos_WEB\ERP_Importa\
ERPImporta.exe: 00002C60: 14:55:18 [TUniServerModule]:Debug Mode = ON
ERPImporta.exe: 00002C60: 14:55:19 [TUniServerModule]:Starting HTTP Server on Port: 8077...
ERPImporta.exe: 00002C60: 14:55:19 [TUniServerModule]:HTTP Server Started on Port: 8077
ERPImporta.exe: 00000584: 14:55:52 []:>--------------------------------------------------------------<
ERPImporta.exe: 00000584: 14:55:52 [TUniServerModule]:Server First Init.
ERPImporta.exe: 00000584: 14:55:52 [TUniServerModule]:Start Path = C:\Projetos_WEB\ERP_Importa\
ERPImporta.exe: 00000584: 14:55:52 [TUniServerModule]:Debug Mode = ON
ERPImporta.exe: 00000584: 14:55:52 [TUniServerModule]:Starting HTTP Server on Port: 8077...
ERPImporta.exe: 00000584: 14:55:52 [TUniServerModule]:HTTP Server Started on Port: 8077
ERPImporta.exe: 00001E70: 14:56:46 []:>--------------------------------------------------------------<
ERPImporta.exe: 00001E70: 14:56:46 [TUniServerModule]:Server First Init.
ERPImporta.exe: 00001E70: 14:56:46 [TUniServerModule]:Start Path = C:\Projetos_WEB\ERP_Importa\
ERPImporta.exe: 00001E70: 14:56:46 [TUniServerModule]:Debug Mode = ON
ERPImporta.exe: 00001E70: 14:56:47 [TUniServerModule]:Starting HTTP Server on Port: 8077...
ERPImporta.exe: 00001E70: 14:56:47 [TUniServerModule]:HTTP Server Started on Port: 8077
ERPImporta.exe: 00000C84: 14:57:23 []:>--------------------------------------------------------------<
ERPImporta.exe: 00000C84: 14:57:23 [TUniServerModule]:Server First Init.
ERPImporta.exe: 00000C84: 14:57:23 [TUniServerModule]:Start Path = C:\Projetos_WEB\ERP_Importa\
ERPImporta.exe: 00000C84: 14:57:23 [TUniServerModule]:Debug Mode = ON
ERPImporta.exe: 00000C84: 14:57:23 [TUniGUISessionManager]:Cache erase job created, Folder count: [1]
ERPImporta.exe: 00000C84: 14:57:23 [TUniServerModule]:Starting HTTP Server on Port: 8077...
ERPImporta.exe: 00000C84: 14:57:23 [TUniServerModule]:HTTP Server Started on Port: 8077
ERPImporta.exe: 00002C50: 14:58:45 []:>--------------------------------------------------------------<
ERPImporta.exe: 00002C50: 14:58:45 [TUniServerModule]:Server First Init.
ERPImporta.exe: 00002C50: 14:58:45 [TUniServerModule]:Start Path = C:\Projetos_WEB\ERP_Importa\
ERPImporta.exe: 00002C50: 14:58:45 [TUniServerModule]:Debug Mode = ON
ERPImporta.exe: 00002C50: 14:58:45 [TUniServerModule]:Starting HTTP Server on Port: 8077...
ERPImporta.exe: 00002C50: 14:58:46 [TUniServerModule]:HTTP Server Started on Port: 8077
ERPImporta.exe: 00000810: 15:10:43 []:>--------------------------------------------------------------<
ERPImporta.exe: 00000810: 15:10:43 [TUniServerModule]:Server First Init.
ERPImporta.exe: 00000810: 15:10:43 [TUniServerModule]:Start Path = C:\Projetos_WEB\ERP_Importa\
ERPImporta.exe: 00000810: 15:10:43 [TUniServerModule]:Debug Mode = ON
ERPImporta.exe: 00000810: 15:10:44 [TUniServerModule]:Starting HTTP Server on Port: 8077...
ERPImporta.exe: 00000810: 15:10:44 [TUniServerModule]:HTTP Server Started on Port: 8077
ERPImporta.exe: 00000E64: 15:11:26 []:>--------------------------------------------------------------<
ERPImporta.exe: 00000E64: 15:11:26 [TUniServerModule]:Server First Init.
ERPImporta.exe: 00000E64: 15:11:26 [TUniServerModule]:Start Path = C:\Projetos_WEB\ERP_Importa\
ERPImporta.exe: 00000E64: 15:11:26 [TUniServerModule]:Debug Mode = ON
ERPImporta.exe: 00000E64: 15:11:26 [TUniGUISessionManager]:Cache erase job created, Folder count: [1]
ERPImporta.exe: 00000E64: 15:11:26 [TUniServerModule]:Starting HTTP Server on Port: 8077...
ERPImporta.exe: 00000E64: 15:11:26 [TUniServerModule]:HTTP Server Started on Port: 8077
ERPImporta.exe: 00001E00: 15:13:10 []:>--------------------------------------------------------------<
ERPImporta.exe: 00001E00: 15:13:10 [TUniServerModule]:Server First Init.
ERPImporta.exe: 00001E00: 15:13:10 [TUniServerModule]:Start Path = C:\Projetos_WEB\ERP_Importa\
ERPImporta.exe: 00001E00: 15:13:10 [TUniServerModule]:Debug Mode = ON
ERPImporta.exe: 00001E00: 15:13:10 [TUniGUISessionManager]:Cache erase job created, Folder count: [1]
ERPImporta.exe: 00001E00: 15:13:10 [TUniServerModule]:Starting HTTP Server on Port: 8077...
ERPImporta.exe: 00001E00: 15:13:10 [TUniServerModule]:HTTP Server Started on Port: 8077
ERPImporta.exe: 00003A88: 15:17:17 []:>--------------------------------------------------------------<
ERPImporta.exe: 00003A88: 15:17:17 [TUniServerModule]:Server First Init.
ERPImporta.exe: 00003A88: 15:17:17 [TUniServerModule]:Start Path = C:\Projetos_WEB\ERP_Importa\
ERPImporta.exe: 00003A88: 15:17:17 [TUniServerModule]:Debug Mode = ON
ERPImporta.exe: 00003A88: 15:17:17 [TUniGUISessionManager]:Cache erase job created, Folder count: [1]
ERPImporta.exe: 00003A88: 15:17:18 [TUniServerModule]:Starting HTTP Server on Port: 8077...
ERPImporta.exe: 00003A88: 15:17:18 [TUniServerModule]:HTTP Server Started on Port: 8077
ERPImporta.exe: 00001D68: 15:17:56 []:>--------------------------------------------------------------<
ERPImporta.exe: 00001D68: 15:17:56 [TUniServerModule]:Server First Init.
ERPImporta.exe: 00001D68: 15:17:56 [TUniServerModule]:Start Path = C:\Projetos_WEB\ERP_Importa\
ERPImporta.exe: 00001D68: 15:17:56 [TUniServerModule]:Debug Mode = ON
ERPImporta.exe: 00001D68: 15:17:56 [TUniServerModule]:Starting HTTP Server on Port: 8077...
ERPImporta.exe: 00001D68: 15:17:56 [TUniServerModule]:HTTP Server Started on Port: 8077
ERPImporta.exe: 00002014: 15:20:47 []:>--------------------------------------------------------------<
ERPImporta.exe: 00002014: 15:20:47 [TUniServerModule]:Server First Init.
ERPImporta.exe: 00002014: 15:20:47 [TUniServerModule]:Start Path = C:\Projetos_WEB\ERP_Importa\
ERPImporta.exe: 00002014: 15:20:47 [TUniServerModule]:Debug Mode = ON
ERPImporta.exe: 00002014: 15:20:47 [TUniGUISessionManager]:Cache erase job created, Folder count: [1]
ERPImporta.exe: 00002014: 15:20:48 [TUniServerModule]:Starting HTTP Server on Port: 8077...
ERPImporta.exe: 00002014: 15:20:48 [TUniServerModule]:HTTP Server Started on Port: 8077
ERPImporta.exe: 000008D8: 15:24:28 []:>--------------------------------------------------------------<
ERPImporta.exe: 000008D8: 15:24:28 [TUniServerModule]:Server First Init.
ERPImporta.exe: 000008D8: 15:24:28 [TUniServerModule]:Start Path = C:\Projetos_WEB\ERP_Importa\
ERPImporta.exe: 000008D8: 15:24:28 [TUniServerModule]:Debug Mode = ON
ERPImporta.exe: 000008D8: 15:24:28 [TUniServerModule]:Starting HTTP Server on Port: 8077...
ERPImporta.exe: 000008D8: 15:24:28 [TUniServerModule]:HTTP Server Started on Port: 8077
ERPImporta.exe: 00003EFC: 15:26:07 []:>--------------------------------------------------------------<
ERPImporta.exe: 00003EFC: 15:26:07 [TUniServerModule]:Server First Init.
ERPImporta.exe: 00003EFC: 15:26:07 [TUniServerModule]:Start Path = C:\Projetos_WEB\ERP_Importa\
ERPImporta.exe: 00003EFC: 15:26:07 [TUniServerModule]:Debug Mode = ON
ERPImporta.exe: 00003EFC: 15:26:08 [TUniServerModule]:Starting HTTP Server on Port: 8077...
ERPImporta.exe: 00003EFC: 15:26:08 [TUniServerModule]:HTTP Server Started on Port: 8077
ERPImporta.exe: 00001F04: 15:28:31 []:>--------------------------------------------------------------<
ERPImporta.exe: 00001F04: 15:28:31 [TUniServerModule]:Server First Init.
ERPImporta.exe: 00001F04: 15:28:31 [TUniServerModule]:Start Path = C:\Projetos_WEB\ERP_Importa\
ERPImporta.exe: 00001F04: 15:28:31 [TUniServerModule]:Debug Mode = ON
ERPImporta.exe: 00001F04: 15:28:32 [TUniServerModule]:Starting HTTP Server on Port: 8077...
ERPImporta.exe: 00001F04: 15:28:32 [TUniServerModule]:HTTP Server Started on Port: 8077
ERPImporta.exe: 00002ECC: 15:29:27 []:>--------------------------------------------------------------<
ERPImporta.exe: 00002ECC: 15:29:27 [TUniServerModule]:Server First Init.
ERPImporta.exe: 00002ECC: 15:29:27 [TUniServerModule]:Start Path = C:\Projetos_WEB\ERP_Importa\
ERPImporta.exe: 00002ECC: 15:29:27 [TUniServerModule]:Debug Mode = ON
ERPImporta.exe: 00002ECC: 15:29:27 [TUniGUISessionManager]:Cache erase job created, Folder count: [1]
ERPImporta.exe: 00002ECC: 15:29:28 [TUniServerModule]:Starting HTTP Server on Port: 8077...
ERPImporta.exe: 00002ECC: 15:29:28 [TUniServerModule]:HTTP Server Started on Port: 8077
ERPImporta.exe: 00000CB8: 15:29:43 []:>--------------------------------------------------------------<
ERPImporta.exe: 00000CB8: 15:29:43 [TUniServerModule]:Server First Init.
ERPImporta.exe: 00000CB8: 15:29:43 [TUniServerModule]:Start Path = C:\Projetos_WEB\ERP_Importa\
ERPImporta.exe: 00000CB8: 15:29:43 [TUniServerModule]:Debug Mode = ON
ERPImporta.exe: 00000CB8: 15:29:44 [TUniServerModule]:Starting HTTP Server on Port: 8077...
ERPImporta.exe: 00000CB8: 15:29:44 [TUniServerModule]:HTTP Server Started on Port: 8077
ERPImporta.exe: 00003CF4: 15:31:24 [HandleFileRequest[127.0.0.1]]:File not found: C:\Projetos_WEB\ERP_Importa\files\images\fundo8.jpg
ERPImporta.exe: 000019F0: 15:33:35 []:>--------------------------------------------------------------<
ERPImporta.exe: 000019F0: 15:33:35 [TUniServerModule]:Server First Init.
ERPImporta.exe: 000019F0: 15:33:35 [TUniServerModule]:Start Path = C:\Projetos_WEB\ERP_Importa\
ERPImporta.exe: 000019F0: 15:33:35 [TUniServerModule]:Debug Mode = ON
ERPImporta.exe: 000019F0: 15:33:35 [TUniServerModule]:Starting HTTP Server on Port: 8077...
ERPImporta.exe: 000019F0: 15:33:35 [TUniServerModule]:HTTP Server Started on Port: 8077
ERPImporta.exe: 00001DCC: 15:34:12 []:>--------------------------------------------------------------<
ERPImporta.exe: 00001DCC: 15:34:12 [TUniServerModule]:Server First Init.
ERPImporta.exe: 00001DCC: 15:34:12 [TUniServerModule]:Start Path = C:\Projetos_WEB\ERP_Importa\
ERPImporta.exe: 00001DCC: 15:34:12 [TUniServerModule]:Debug Mode = ON
ERPImporta.exe: 00001DCC: 15:34:13 [TUniServerModule]:Starting HTTP Server on Port: 8077...
ERPImporta.exe: 00001DCC: 15:34:13 [TUniServerModule]:HTTP Server Started on Port: 8077
ERPImporta.exe: 00002E2C: 15:34:24 [HandleFileRequest[127.0.0.1]]:File not found: C:\Projetos_WEB\ERP_Importa\files\images\fundo8.jpg
ERPImporta.exe: 00000C30: 15:35:02 []:>--------------------------------------------------------------<
ERPImporta.exe: 00000C30: 15:35:02 [TUniServerModule]:Server First Init.
ERPImporta.exe: 00000C30: 15:35:02 [TUniServerModule]:Start Path = C:\Projetos_WEB\ERP_Importa\
ERPImporta.exe: 00000C30: 15:35:02 [TUniServerModule]:Debug Mode = ON
ERPImporta.exe: 00000C30: 15:35:03 [TUniServerModule]:Starting HTTP Server on Port: 8077...
ERPImporta.exe: 00000C30: 15:35:03 [TUniServerModule]:HTTP Server Started on Port: 8077
ERPImporta.exe: 00003180: 15:40:53 []:>--------------------------------------------------------------<
ERPImporta.exe: 00003180: 15:40:53 [TUniServerModule]:Server First Init.
ERPImporta.exe: 00003180: 15:40:53 [TUniServerModule]:Start Path = C:\Projetos_WEB\ERP_Importa\
ERPImporta.exe: 00003180: 15:40:53 [TUniServerModule]:Debug Mode = ON
ERPImporta.exe: 00003180: 15:40:54 [TUniServerModule]:Starting HTTP Server on Port: 8077...
ERPImporta.exe: 00003180: 15:40:54 [TUniServerModule]:HTTP Server Started on Port: 8077
ERPImporta.exe: 00003378: 15:41:10 [HandleFileRequest[127.0.0.1]]:File not found: C:\Projetos_WEB\ERP_Importa\files\images\fundo8.jpg
ERPImporta.exe: 00001268: 15:43:04 []:>--------------------------------------------------------------<
ERPImporta.exe: 00001268: 15:43:04 [TUniServerModule]:Server First Init.
ERPImporta.exe: 00001268: 15:43:04 [TUniServerModule]:Start Path = C:\Projetos_WEB\ERP_Importa\
ERPImporta.exe: 00001268: 15:43:04 [TUniServerModule]:Debug Mode = ON
ERPImporta.exe: 00001268: 15:43:04 [TUniServerModule]:Starting HTTP Server on Port: 8077...
ERPImporta.exe: 00001268: 15:43:04 [TUniServerModule]:HTTP Server Started on Port: 8077
ERPImporta.exe: 000026C0: 15:44:17 []:>--------------------------------------------------------------<
ERPImporta.exe: 000026C0: 15:44:17 [TUniServerModule]:Server First Init.
ERPImporta.exe: 000026C0: 15:44:17 [TUniServerModule]:Start Path = C:\Projetos_WEB\ERP_Importa\
ERPImporta.exe: 000026C0: 15:44:17 [TUniServerModule]:Debug Mode = ON
ERPImporta.exe: 000026C0: 15:44:17 [TUniGUISessionManager]:Cache erase job created, Folder count: [1]
ERPImporta.exe: 000026C0: 15:44:17 [TUniServerModule]:Starting HTTP Server on Port: 8077...
ERPImporta.exe: 000026C0: 15:44:17 [TUniServerModule]:HTTP Server Started on Port: 8077
ERPImporta.exe: 00001218: 15:44:29 [HandleFileRequest[127.0.0.1]]:File not found: C:\Projetos_WEB\ERP_Importa\files\images\fundo8.jpg
ERPImporta.exe: 0000123C: 15:48:03 []:>--------------------------------------------------------------<
ERPImporta.exe: 0000123C: 15:48:03 [TUniServerModule]:Server First Init.
ERPImporta.exe: 0000123C: 15:48:03 [TUniServerModule]:Start Path = C:\Projetos_WEB\ERP_Importa\
ERPImporta.exe: 0000123C: 15:48:03 [TUniServerModule]:Debug Mode = ON
ERPImporta.exe: 0000123C: 15:48:03 [TUniGUISessionManager]:Cache erase job created, Folder count: [1]
ERPImporta.exe: 0000123C: 15:48:03 [TUniServerModule]:Starting HTTP Server on Port: 8077...
ERPImporta.exe: 0000123C: 15:48:03 [TUniServerModule]:HTTP Server Started on Port: 8077
ERPImporta.exe: 00000910: 15:50:44 []:>--------------------------------------------------------------<
ERPImporta.exe: 00000910: 15:50:44 [TUniServerModule]:Server First Init.
ERPImporta.exe: 00000910: 15:50:44 [TUniServerModule]:Start Path = C:\Projetos_WEB\ERP_Importa\
ERPImporta.exe: 00000910: 15:50:44 [TUniServerModule]:Debug Mode = ON
ERPImporta.exe: 00000910: 15:50:44 [TUniGUISessionManager]:Cache erase job created, Folder count: [1]
ERPImporta.exe: 00000910: 15:50:44 [TUniServerModule]:Starting HTTP Server on Port: 8077...
ERPImporta.exe: 00000910: 15:50:44 [TUniServerModule]:HTTP Server Started on Port: 8077
ERPImporta.exe: 000001E0: 15:52:11 []:>--------------------------------------------------------------<
ERPImporta.exe: 000001E0: 15:52:11 [TUniServerModule]:Server First Init.
ERPImporta.exe: 000001E0: 15:52:11 [TUniServerModule]:Start Path = C:\Projetos_WEB\ERP_Importa\
ERPImporta.exe: 000001E0: 15:52:11 [TUniServerModule]:Debug Mode = ON
ERPImporta.exe: 000001E0: 15:52:11 [TUniServerModule]:Starting HTTP Server on Port: 8077...
ERPImporta.exe: 000001E0: 15:52:11 [TUniServerModule]:HTTP Server Started on Port: 8077
ERPImporta.exe: 00001F44: 15:53:18 []:>--------------------------------------------------------------<
ERPImporta.exe: 00001F44: 15:53:18 [TUniServerModule]:Server First Init.
ERPImporta.exe: 00001F44: 15:53:18 [TUniServerModule]:Start Path = C:\Projetos_WEB\ERP_Importa\
ERPImporta.exe: 00001F44: 15:53:18 [TUniServerModule]:Debug Mode = ON
ERPImporta.exe: 00001F44: 15:53:18 [TUniServerModule]:Starting HTTP Server on Port: 8077...
ERPImporta.exe: 00001F44: 15:53:18 [TUniServerModule]:HTTP Server Started on Port: 8077
ERPImporta.exe: 00002A2C: 15:53:58 []:>--------------------------------------------------------------<
ERPImporta.exe: 00002A2C: 15:53:58 [TUniServerModule]:Server First Init.
ERPImporta.exe: 00002A2C: 15:53:58 [TUniServerModule]:Start Path = C:\Projetos_WEB\ERP_Importa\
ERPImporta.exe: 00002A2C: 15:53:58 [TUniServerModule]:Debug Mode = ON
ERPImporta.exe: 00002A2C: 15:53:58 [TUniServerModule]:Starting HTTP Server on Port: 8077...
ERPImporta.exe: 00002A2C: 15:53:59 [TUniServerModule]:HTTP Server Started on Port: 8077
ERPImporta.exe: 00002B50: 15:55:20 []:>--------------------------------------------------------------<
ERPImporta.exe: 00002B50: 15:55:20 [TUniServerModule]:Server First Init.
ERPImporta.exe: 00002B50: 15:55:20 [TUniServerModule]:Start Path = C:\Projetos_WEB\ERP_Importa\
ERPImporta.exe: 00002B50: 15:55:20 [TUniServerModule]:Debug Mode = ON
ERPImporta.exe: 00002B50: 15:55:21 [TUniServerModule]:Starting HTTP Server on Port: 8077...
ERPImporta.exe: 00002B50: 15:55:21 [TUniServerModule]:HTTP Server Started on Port: 8077
ERPImporta.exe: 00001094: 15:56:29 []:>--------------------------------------------------------------<
ERPImporta.exe: 00001094: 15:56:29 [TUniServerModule]:Server First Init.
ERPImporta.exe: 00001094: 15:56:29 [TUniServerModule]:Start Path = C:\Projetos_WEB\ERP_Importa\
ERPImporta.exe: 00001094: 15:56:29 [TUniServerModule]:Debug Mode = ON
ERPImporta.exe: 00001094: 15:56:29 [TUniServerModule]:Starting HTTP Server on Port: 8077...
ERPImporta.exe: 00001094: 15:56:29 [TUniServerModule]:HTTP Server Started on Port: 8077
ERPImporta.exe: 00003118: 15:59:55 []:>--------------------------------------------------------------<
ERPImporta.exe: 00003118: 15:59:55 [TUniServerModule]:Server First Init.
ERPImporta.exe: 00003118: 15:59:55 [TUniServerModule]:Start Path = C:\Projetos_WEB\ERP_Importa\
ERPImporta.exe: 00003118: 15:59:55 [TUniServerModule]:Debug Mode = ON
ERPImporta.exe: 00003118: 15:59:55 [TUniGUISessionManager]:Cache erase job created, Folder count: [1]
ERPImporta.exe: 00003118: 15:59:55 [TUniServerModule]:Starting HTTP Server on Port: 8077...
ERPImporta.exe: 00003118: 15:59:55 [TUniServerModule]:HTTP Server Started on Port: 8077
ERPImporta.exe: 0000233C: 16:01:48 []:>--------------------------------------------------------------<
ERPImporta.exe: 0000233C: 16:01:48 [TUniServerModule]:Server First Init.
ERPImporta.exe: 0000233C: 16:01:48 [TUniServerModule]:Start Path = C:\Projetos_WEB\ERP_Importa\
ERPImporta.exe: 0000233C: 16:01:48 [TUniServerModule]:Debug Mode = ON
ERPImporta.exe: 0000233C: 16:01:48 [TUniServerModule]:Starting HTTP Server on Port: 8077...
ERPImporta.exe: 0000233C: 16:01:48 [TUniServerModule]:HTTP Server Started on Port: 8077
ERPImporta.exe: 00002EFC: 16:06:50 []:>--------------------------------------------------------------<
ERPImporta.exe: 00002EFC: 16:06:50 [TUniServerModule]:Server First Init.
ERPImporta.exe: 00002EFC: 16:06:50 [TUniServerModule]:Start Path = C:\Projetos_WEB\ERP_Importa\
ERPImporta.exe: 00002EFC: 16:06:50 [TUniServerModule]:Debug Mode = ON
ERPImporta.exe: 00002EFC: 16:06:50 [TUniServerModule]:Starting HTTP Server on Port: 8077...
ERPImporta.exe: 00002EFC: 16:06:50 [TUniServerModule]:HTTP Server Started on Port: 8077
ERPImporta.exe: 00001AD0: 16:07:54 []:>--------------------------------------------------------------<
ERPImporta.exe: 00001AD0: 16:07:54 [TUniServerModule]:Server First Init.
ERPImporta.exe: 00001AD0: 16:07:54 [TUniServerModule]:Start Path = C:\Projetos_WEB\ERP_Importa\
ERPImporta.exe: 00001AD0: 16:07:54 [TUniServerModule]:Debug Mode = ON
ERPImporta.exe: 00001AD0: 16:07:54 [TUniServerModule]:Starting HTTP Server on Port: 8077...
ERPImporta.exe: 00001AD0: 16:07:54 [TUniServerModule]:HTTP Server Started on Port: 8077
ERPImporta.exe: 00000C60: 16:08:40 []:>--------------------------------------------------------------<
ERPImporta.exe: 00000C60: 16:08:40 [TUniServerModule]:Server First Init.
ERPImporta.exe: 00000C60: 16:08:40 [TUniServerModule]:Start Path = C:\Projetos_WEB\ERP_Importa\
ERPImporta.exe: 00000C60: 16:08:40 [TUniServerModule]:Debug Mode = ON
ERPImporta.exe: 00000C60: 16:08:40 [TUniServerModule]:Starting HTTP Server on Port: 8077...
ERPImporta.exe: 00000C60: 16:08:40 [TUniServerModule]:HTTP Server Started on Port: 8077
ERPImporta.exe: 000033C0: 16:12:08 []:>--------------------------------------------------------------<
ERPImporta.exe: 000033C0: 16:12:08 [TUniServerModule]:Server First Init.
ERPImporta.exe: 000033C0: 16:12:08 [TUniServerModule]:Start Path = C:\Projetos_WEB\ERP_Importa\
ERPImporta.exe: 000033C0: 16:12:08 [TUniServerModule]:Debug Mode = ON
ERPImporta.exe: 000033C0: 16:12:08 [TUniServerModule]:Starting HTTP Server on Port: 8077...
ERPImporta.exe: 000033C0: 16:12:08 [TUniServerModule]:HTTP Server Started on Port: 8077
ERPImporta.exe: 00001428: 16:13:05 []:>--------------------------------------------------------------<
ERPImporta.exe: 00001428: 16:13:05 [TUniServerModule]:Server First Init.
ERPImporta.exe: 00001428: 16:13:05 [TUniServerModule]:Start Path = C:\Projetos_WEB\ERP_Importa\
ERPImporta.exe: 00001428: 16:13:05 [TUniServerModule]:Debug Mode = ON
ERPImporta.exe: 00001428: 16:13:05 [TUniServerModule]:Starting HTTP Server on Port: 8077...
ERPImporta.exe: 00001428: 16:13:05 [TUniServerModule]:HTTP Server Started on Port: 8077
ERPImporta.exe: 00002CE4: 16:13:59 []:>--------------------------------------------------------------<
ERPImporta.exe: 00002CE4: 16:13:59 [TUniServerModule]:Server First Init.
ERPImporta.exe: 00002CE4: 16:13:59 [TUniServerModule]:Start Path = C:\Projetos_WEB\ERP_Importa\
ERPImporta.exe: 00002CE4: 16:13:59 [TUniServerModule]:Debug Mode = ON
ERPImporta.exe: 00002CE4: 16:13:59 [TUniServerModule]:Starting HTTP Server on Port: 8077...
ERPImporta.exe: 00002CE4: 16:13:59 [TUniServerModule]:HTTP Server Started on Port: 8077
ERPImporta.exe: 00000D08: 16:16:15 []:>--------------------------------------------------------------<
ERPImporta.exe: 00000D08: 16:16:15 [TUniServerModule]:Server First Init.
ERPImporta.exe: 00000D08: 16:16:15 [TUniServerModule]:Start Path = C:\Projetos_WEB\ERP_Importa\
ERPImporta.exe: 00000D08: 16:16:15 [TUniServerModule]:Debug Mode = ON
ERPImporta.exe: 00000D08: 16:16:15 [TUniGUISessionManager]:Cache erase job created, Folder count: [1]
ERPImporta.exe: 00000D08: 16:16:15 [TUniServerModule]:Starting HTTP Server on Port: 8077...
ERPImporta.exe: 00000D08: 16:16:15 [TUniServerModule]:HTTP Server Started on Port: 8077
ERPImporta.exe: 0000099C: 16:17:18 [[FireDAC][Phys][ODBC][Microsoft][SQL Server Native Client 11.0][SQL Server]Invalid object name 'ModalidadeImportacao'.-127.0.0.1]:EMSSQLNativeException : [FireDAC][Phys][ODBC][Microsoft][SQL Server Native Client 11.0][SQL Server]Invalid object name 'ModalidadeImportacao'. : Addr: $008DD429
ERPImporta.exe: 00003524: 16:17:21 [127.0.0.1]:EDatabaseError : ModalImp: Cannot perform this operation on a closed dataset : Addr: $006574CA
ERPImporta.exe: 000030F4: 16:19:05 []:>--------------------------------------------------------------<
ERPImporta.exe: 000030F4: 16:19:05 [TUniServerModule]:Server First Init.
ERPImporta.exe: 000030F4: 16:19:05 [TUniServerModule]:Start Path = C:\Projetos_WEB\ERP_Importa\
ERPImporta.exe: 000030F4: 16:19:05 [TUniServerModule]:Debug Mode = ON
ERPImporta.exe: 000030F4: 16:19:05 [TUniGUISessionManager]:Cache erase job created, Folder count: [1]
ERPImporta.exe: 000030F4: 16:19:05 [TUniServerModule]:Starting HTTP Server on Port: 8077...
ERPImporta.exe: 000030F4: 16:19:05 [TUniServerModule]:HTTP Server Started on Port: 8077
ERPImporta.exe: 0000288C: 16:20:24 []:>--------------------------------------------------------------<
ERPImporta.exe: 0000288C: 16:20:24 [TUniServerModule]:Server First Init.
ERPImporta.exe: 0000288C: 16:20:24 [TUniServerModule]:Start Path = C:\Projetos_WEB\ERP_Importa\
ERPImporta.exe: 0000288C: 16:20:24 [TUniServerModule]:Debug Mode = ON
ERPImporta.exe: 0000288C: 16:20:24 [TUniServerModule]:Starting HTTP Server on Port: 8077...
ERPImporta.exe: 0000288C: 16:20:24 [TUniServerModule]:HTTP Server Started on Port: 8077
ERPImporta.exe: 000028B4: 16:21:25 []:>--------------------------------------------------------------<
ERPImporta.exe: 000028B4: 16:21:25 [TUniServerModule]:Server First Init.
ERPImporta.exe: 000028B4: 16:21:25 [TUniServerModule]:Start Path = C:\Projetos_WEB\ERP_Importa\
ERPImporta.exe: 000028B4: 16:21:25 [TUniServerModule]:Debug Mode = ON
ERPImporta.exe: 000028B4: 16:21:25 [TUniGUISessionManager]:Cache erase job created, Folder count: [1]
ERPImporta.exe: 000028B4: 16:21:26 [TUniServerModule]:Starting HTTP Server on Port: 8077...
ERPImporta.exe: 000028B4: 16:21:26 [TUniServerModule]:HTTP Server Started on Port: 8077
ERPImporta.exe: 00000F04: 16:22:34 []:>--------------------------------------------------------------<
ERPImporta.exe: 00000F04: 16:22:34 [TUniServerModule]:Server First Init.
ERPImporta.exe: 00000F04: 16:22:34 [TUniServerModule]:Start Path = C:\Projetos_WEB\ERP_Importa\
ERPImporta.exe: 00000F04: 16:22:34 [TUniServerModule]:Debug Mode = ON
ERPImporta.exe: 00000F04: 16:22:34 [TUniServerModule]:Starting HTTP Server on Port: 8077...
ERPImporta.exe: 00000F04: 16:22:34 [TUniServerModule]:HTTP Server Started on Port: 8077
ERPImporta.exe: 00001314: 16:27:26 []:>--------------------------------------------------------------<
ERPImporta.exe: 00001314: 16:27:26 [TUniServerModule]:Server First Init.
ERPImporta.exe: 00001314: 16:27:26 [TUniServerModule]:Start Path = C:\Projetos_WEB\ERP_Importa\
ERPImporta.exe: 00001314: 16:27:26 [TUniServerModule]:Debug Mode = ON
ERPImporta.exe: 00001314: 16:27:26 [TUniGUISessionManager]:Cache erase job created, Folder count: [1]
ERPImporta.exe: 00001314: 16:27:26 [TUniServerModule]:Starting HTTP Server on Port: 8077...
ERPImporta.exe: 00001314: 16:27:26 [TUniServerModule]:HTTP Server Started on Port: 8077
ERPImporta.exe: 000024F4: 16:28:10 [[FireDAC][Phys][ODBC][Microsoft][SQL Server Native Client 11.0][SQL Server]Invalid object name 'ModalidadeImportacao'.-127.0.0.1]:EMSSQLNativeException : [FireDAC][Phys][ODBC][Microsoft][SQL Server Native Client 11.0][SQL Server]Invalid object name 'ModalidadeImportacao'. : Addr: $008DD429
ERPImporta.exe: 00000980: 16:28:17 [127.0.0.1]:EDatabaseError : ModalImp: Cannot perform this operation on a closed dataset : Addr: $006574CA
ERPImporta.exe: 00002600: 16:44:51 []:>--------------------------------------------------------------<
ERPImporta.exe: 00002600: 16:44:51 [TUniServerModule]:Server First Init.
ERPImporta.exe: 00002600: 16:44:51 [TUniServerModule]:Start Path = C:\Projetos_WEB\ERP_Importa\
ERPImporta.exe: 00002600: 16:44:51 [TUniServerModule]:Debug Mode = ON
ERPImporta.exe: 00002600: 16:44:51 [TUniServerModule]:Starting HTTP Server on Port: 8077...
ERPImporta.exe: 00002600: 16:44:51 [TUniServerModule]:HTTP Server Started on Port: 8077
ERPImporta.exe: 00003028: 16:44:59 [[FireDAC][Phys][ODBC][Microsoft][SQL Server Native Client 11.0][SQL Server]Invalid object name 'ModalidadeImportacao'.-127.0.0.1]:EMSSQLNativeException : [FireDAC][Phys][ODBC][Microsoft][SQL Server Native Client 11.0][SQL Server]Invalid object name 'ModalidadeImportacao'. : Addr: $008DD429
ERPImporta.exe: 00000F0C: 16:45:01 [127.0.0.1]:EDatabaseError : ModalImp: Cannot perform this operation on a closed dataset : Addr: $006574CA
ERPImporta.exe: 000006C0: 16:47:05 []:>--------------------------------------------------------------<
ERPImporta.exe: 000006C0: 16:47:05 [TUniServerModule]:Server First Init.
ERPImporta.exe: 000006C0: 16:47:05 [TUniServerModule]:Start Path = C:\Projetos_WEB\ERP_Importa\
ERPImporta.exe: 000006C0: 16:47:05 [TUniServerModule]:Debug Mode = ON
ERPImporta.exe: 000006C0: 16:47:05 [TUniServerModule]:Starting HTTP Server on Port: 8077...
ERPImporta.exe: 000006C0: 16:47:05 [TUniServerModule]:HTTP Server Started on Port: 8077
ERPImporta.exe: 0000053C: 16:49:27 []:>--------------------------------------------------------------<
ERPImporta.exe: 0000053C: 16:49:27 [TUniServerModule]:Server First Init.
ERPImporta.exe: 0000053C: 16:49:27 [TUniServerModule]:Start Path = C:\Projetos_WEB\ERP_Importa\
ERPImporta.exe: 0000053C: 16:49:27 [TUniServerModule]:Debug Mode = ON
ERPImporta.exe: 0000053C: 16:49:27 [TUniServerModule]:Starting HTTP Server on Port: 8077...
ERPImporta.exe: 0000053C: 16:49:27 [TUniServerModule]:HTTP Server Started on Port: 8077
ERPImporta.exe: 00000B60: 16:52:10 []:>--------------------------------------------------------------<
ERPImporta.exe: 00000B60: 16:52:10 [TUniServerModule]:Server First Init.
ERPImporta.exe: 00000B60: 16:52:10 [TUniServerModule]:Start Path = C:\Projetos_WEB\ERP_Importa\
ERPImporta.exe: 00000B60: 16:52:10 [TUniServerModule]:Debug Mode = ON
ERPImporta.exe: 00000B60: 16:52:10 [TUniGUISessionManager]:Cache erase job created, Folder count: [1]
ERPImporta.exe: 00000B60: 16:52:10 [TUniServerModule]:Starting HTTP Server on Port: 8077...
ERPImporta.exe: 00000B60: 16:52:10 [TUniServerModule]:HTTP Server Started on Port: 8077
ERPImporta.exe: 000036EC: 17:00:18 []:>--------------------------------------------------------------<
ERPImporta.exe: 000036EC: 17:00:18 [TUniServerModule]:Server First Init.
ERPImporta.exe: 000036EC: 17:00:18 [TUniServerModule]:Start Path = C:\Projetos_WEB\ERP_Importa\
ERPImporta.exe: 000036EC: 17:00:18 [TUniServerModule]:Debug Mode = ON
ERPImporta.exe: 000036EC: 17:00:18 [TUniServerModule]:Starting HTTP Server on Port: 8077...
ERPImporta.exe: 000036EC: 17:00:18 [TUniServerModule]:HTTP Server Started on Port: 8077
ERPImporta.exe: 00003204: 17:04:03 []:>--------------------------------------------------------------<
ERPImporta.exe: 00003204: 17:04:03 [TUniServerModule]:Server First Init.
ERPImporta.exe: 00003204: 17:04:03 [TUniServerModule]:Start Path = C:\Projetos_WEB\ERP_Importa\
ERPImporta.exe: 00003204: 17:04:03 [TUniServerModule]:Debug Mode = ON
ERPImporta.exe: 00003204: 17:04:03 [TUniServerModule]:Starting HTTP Server on Port: 8077...
ERPImporta.exe: 00003204: 17:04:03 [TUniServerModule]:HTTP Server Started on Port: 8077
ERPImporta.exe: 00003288: 17:06:08 []:>--------------------------------------------------------------<
ERPImporta.exe: 00003288: 17:06:08 [TUniServerModule]:Server First Init.
ERPImporta.exe: 00003288: 17:06:08 [TUniServerModule]:Start Path = C:\Projetos_WEB\ERP_Importa\
ERPImporta.exe: 00003288: 17:06:08 [TUniServerModule]:Debug Mode = ON
ERPImporta.exe: 00003288: 17:06:08 [TUniGUISessionManager]:Cache erase job created, Folder count: [1]
ERPImporta.exe: 00003288: 17:06:09 [TUniServerModule]:Starting HTTP Server on Port: 8077...
ERPImporta.exe: 00003288: 17:06:09 [TUniServerModule]:HTTP Server Started on Port: 8077
ERPImporta.exe: 0000155C: 17:06:23 []:>--------------------------------------------------------------<
ERPImporta.exe: 0000155C: 17:06:23 [TUniServerModule]:Server First Init.
ERPImporta.exe: 0000155C: 17:06:23 [TUniServerModule]:Start Path = C:\Projetos_WEB\ERP_Importa\
ERPImporta.exe: 0000155C: 17:06:23 [TUniServerModule]:Debug Mode = ON
ERPImporta.exe: 0000155C: 17:06:24 [TUniServerModule]:Starting HTTP Server on Port: 8077...
ERPImporta.exe: 0000155C: 17:06:24 [TUniServerModule]:HTTP Server Started on Port: 8077
ERPImporta.exe: 00003D48: 17:13:38 []:>--------------------------------------------------------------<
ERPImporta.exe: 00003D48: 17:13:38 [TUniServerModule]:Server First Init.
ERPImporta.exe: 00003D48: 17:13:38 [TUniServerModule]:Start Path = C:\Projetos_WEB\ERP_Importa\
ERPImporta.exe: 00003D48: 17:13:38 [TUniServerModule]:Debug Mode = ON
ERPImporta.exe: 00003D48: 17:13:38 [TUniServerModule]:Starting HTTP Server on Port: 8077...
ERPImporta.exe: 00003D48: 17:13:38 [TUniServerModule]:HTTP Server Started on Port: 8077
ERPImporta.exe: 0000255C: 17:35:49 []:>--------------------------------------------------------------<
ERPImporta.exe: 0000255C: 17:35:49 [TUniServerModule]:Server First Init.
ERPImporta.exe: 0000255C: 17:35:49 [TUniServerModule]:Start Path = C:\Projetos_WEB\ERP_Importa\
ERPImporta.exe: 0000255C: 17:35:49 [TUniServerModule]:Debug Mode = ON
ERPImporta.exe: 0000255C: 17:35:49 [TUniServerModule]:Starting HTTP Server on Port: 8077...
ERPImporta.exe: 0000255C: 17:35:49 [TUniServerModule]:HTTP Server Started on Port: 8077
ERPImporta.exe: 00000EF4: 17:38:03 []:>--------------------------------------------------------------<
ERPImporta.exe: 00000EF4: 17:38:03 [TUniServerModule]:Server First Init.
ERPImporta.exe: 00000EF4: 17:38:03 [TUniServerModule]:Start Path = C:\Projetos_WEB\ERP_Importa\
ERPImporta.exe: 00000EF4: 17:38:03 [TUniServerModule]:Debug Mode = ON
ERPImporta.exe: 00000EF4: 17:38:03 [TUniServerModule]:Starting HTTP Server on Port: 8077...
ERPImporta.exe: 00000EF4: 17:38:03 [TUniServerModule]:HTTP Server Started on Port: 8077
ERPImporta.exe: 00001A28: 17:39:17 []:>--------------------------------------------------------------<
ERPImporta.exe: 00001A28: 17:39:17 [TUniServerModule]:Server First Init.
ERPImporta.exe: 00001A28: 17:39:17 [TUniServerModule]:Start Path = C:\Projetos_WEB\ERP_Importa\
ERPImporta.exe: 00001A28: 17:39:17 [TUniServerModule]:Debug Mode = ON
ERPImporta.exe: 00001A28: 17:39:17 [TUniServerModule]:Starting HTTP Server on Port: 8077...
ERPImporta.exe: 00001A28: 17:39:17 [TUniServerModule]:HTTP Server Started on Port: 8077
ERPImporta.exe: 000003F4: 17:40:09 []:>--------------------------------------------------------------<
ERPImporta.exe: 000003F4: 17:40:09 [TUniServerModule]:Server First Init.
ERPImporta.exe: 000003F4: 17:40:09 [TUniServerModule]:Start Path = C:\Projetos_WEB\ERP_Importa\
ERPImporta.exe: 000003F4: 17:40:09 [TUniServerModule]:Debug Mode = ON
ERPImporta.exe: 000003F4: 17:40:09 [TUniGUISessionManager]:Cache erase job created, Folder count: [1]
ERPImporta.exe: 000003F4: 17:40:09 [TUniServerModule]:Starting HTTP Server on Port: 8077...
ERPImporta.exe: 000003F4: 17:40:09 [TUniServerModule]:HTTP Server Started on Port: 8077
ERPImporta.exe: 00002B38: 17:40:48 []:>--------------------------------------------------------------<
ERPImporta.exe: 00002B38: 17:40:48 [TUniServerModule]:Server First Init.
ERPImporta.exe: 00002B38: 17:40:48 [TUniServerModule]:Start Path = C:\Projetos_WEB\ERP_Importa\
ERPImporta.exe: 00002B38: 17:40:48 [TUniServerModule]:Debug Mode = ON
ERPImporta.exe: 00002B38: 17:40:49 [TUniServerModule]:Starting HTTP Server on Port: 8077...
ERPImporta.exe: 00002B38: 17:40:49 [TUniServerModule]:HTTP Server Started on Port: 8077
ERPImporta.exe: 00002828: 17:41:53 []:>--------------------------------------------------------------<
ERPImporta.exe: 00002828: 17:41:53 [TUniServerModule]:Server First Init.
ERPImporta.exe: 00002828: 17:41:53 [TUniServerModule]:Start Path = C:\Projetos_WEB\ERP_Importa\
ERPImporta.exe: 00002828: 17:41:53 [TUniServerModule]:Debug Mode = ON
ERPImporta.exe: 00002828: 17:41:53 [TUniServerModule]:Starting HTTP Server on Port: 8077...
ERPImporta.exe: 00002828: 17:41:53 [TUniServerModule]:HTTP Server Started on Port: 8077
ERPImporta.exe: 00000E54: 17:43:00 []:>--------------------------------------------------------------<
ERPImporta.exe: 00000E54: 17:43:00 [TUniServerModule]:Server First Init.
ERPImporta.exe: 00000E54: 17:43:00 [TUniServerModule]:Start Path = C:\Projetos_WEB\ERP_Importa\
ERPImporta.exe: 00000E54: 17:43:00 [TUniServerModule]:Debug Mode = ON
ERPImporta.exe: 00000E54: 17:43:00 [TUniServerModule]:Starting HTTP Server on Port: 8077...
ERPImporta.exe: 00000E54: 17:43:00 [TUniServerModule]:HTTP Server Started on Port: 8077
ERPImporta.exe: 00003B70: 17:43:32 []:>--------------------------------------------------------------<
ERPImporta.exe: 00003B70: 17:43:32 [TUniServerModule]:Server First Init.
ERPImporta.exe: 00003B70: 17:43:32 [TUniServerModule]:Start Path = C:\Projetos_WEB\ERP_Importa\
ERPImporta.exe: 00003B70: 17:43:32 [TUniServerModule]:Debug Mode = ON
ERPImporta.exe: 00003B70: 17:43:32 [TUniGUISessionManager]:Cache erase job created, Folder count: [1]
ERPImporta.exe: 00003B70: 17:43:33 [TUniServerModule]:Starting HTTP Server on Port: 8077...
ERPImporta.exe: 00003B70: 17:43:33 [TUniServerModule]:HTTP Server Started on Port: 8077
ERPImporta.exe: 00003860: 17:44:39 []:>--------------------------------------------------------------<
ERPImporta.exe: 00003860: 17:44:39 [TUniServerModule]:Server First Init.
ERPImporta.exe: 00003860: 17:44:39 [TUniServerModule]:Start Path = C:\Projetos_WEB\ERP_Importa\
ERPImporta.exe: 00003860: 17:44:39 [TUniServerModule]:Debug Mode = ON
ERPImporta.exe: 00003860: 17:44:40 [TUniServerModule]:Starting HTTP Server on Port: 8077...
ERPImporta.exe: 00003860: 17:44:40 [TUniServerModule]:HTTP Server Started on Port: 8077
ERPImporta.exe: 00002BA0: 17:45:48 []:>--------------------------------------------------------------<
ERPImporta.exe: 00002BA0: 17:45:48 [TUniServerModule]:Server First Init.
ERPImporta.exe: 00002BA0: 17:45:48 [TUniServerModule]:Start Path = C:\Projetos_WEB\ERP_Importa\
ERPImporta.exe: 00002BA0: 17:45:48 [TUniServerModule]:Debug Mode = ON
ERPImporta.exe: 00002BA0: 17:45:48 [TUniGUISessionManager]:Cache erase job created, Folder count: [1]
ERPImporta.exe: 00002BA0: 17:45:48 [TUniServerModule]:Starting HTTP Server on Port: 8077...
ERPImporta.exe: 00002BA0: 17:45:48 [TUniServerModule]:HTTP Server Started on Port: 8077
ERPImporta.exe: 00000EE4: 17:46:36 []:>--------------------------------------------------------------<
ERPImporta.exe: 00000EE4: 17:46:36 [TUniServerModule]:Server First Init.
ERPImporta.exe: 00000EE4: 17:46:36 [TUniServerModule]:Start Path = C:\Projetos_WEB\ERP_Importa\
ERPImporta.exe: 00000EE4: 17:46:36 [TUniServerModule]:Debug Mode = ON
ERPImporta.exe: 00000EE4: 17:46:36 [TUniServerModule]:Starting HTTP Server on Port: 8077...
ERPImporta.exe: 00000EE4: 17:46:36 [TUniServerModule]:HTTP Server Started on Port: 8077
ERPImporta.exe: 00000DDC: 17:48:07 []:>--------------------------------------------------------------<
ERPImporta.exe: 00000DDC: 17:48:07 [TUniServerModule]:Server First Init.
ERPImporta.exe: 00000DDC: 17:48:07 [TUniServerModule]:Start Path = C:\Projetos_WEB\ERP_Importa\
ERPImporta.exe: 00000DDC: 17:48:07 [TUniServerModule]:Debug Mode = ON
ERPImporta.exe: 00000DDC: 17:48:07 [TUniServerModule]:Starting HTTP Server on Port: 8077...
ERPImporta.exe: 00000DDC: 17:48:07 [TUniServerModule]:HTTP Server Started on Port: 8077
ERPImporta.exe: 00001430: 17:49:09 []:>--------------------------------------------------------------<
ERPImporta.exe: 00001430: 17:49:09 [TUniServerModule]:Server First Init.
ERPImporta.exe: 00001430: 17:49:09 [TUniServerModule]:Start Path = C:\Projetos_WEB\ERP_Importa\
ERPImporta.exe: 00001430: 17:49:09 [TUniServerModule]:Debug Mode = ON
ERPImporta.exe: 00001430: 17:49:09 [TUniServerModule]:Starting HTTP Server on Port: 8077...
ERPImporta.exe: 00001430: 17:49:09 [TUniServerModule]:HTTP Server Started on Port: 8077
ERPImporta.exe: 00002304: 17:50:35 []:>--------------------------------------------------------------<
ERPImporta.exe: 00002304: 17:50:35 [TUniServerModule]:Server First Init.
ERPImporta.exe: 00002304: 17:50:35 [TUniServerModule]:Start Path = C:\Projetos_WEB\ERP_Importa\
ERPImporta.exe: 00002304: 17:50:35 [TUniServerModule]:Debug Mode = ON
ERPImporta.exe: 00002304: 17:50:35 [TUniServerModule]:Starting HTTP Server on Port: 8077...
ERPImporta.exe: 00002304: 17:50:35 [TUniServerModule]:HTTP Server Started on Port: 8077
ERPImporta.exe: 00001F04: 17:51:24 []:>--------------------------------------------------------------<
ERPImporta.exe: 00001F04: 17:51:24 [TUniServerModule]:Server First Init.
ERPImporta.exe: 00001F04: 17:51:24 [TUniServerModule]:Start Path = C:\Projetos_WEB\ERP_Importa\
ERPImporta.exe: 00001F04: 17:51:24 [TUniServerModule]:Debug Mode = ON
ERPImporta.exe: 00001F04: 17:51:25 [TUniServerModule]:Starting HTTP Server on Port: 8077...
ERPImporta.exe: 00001F04: 17:51:25 [TUniServerModule]:HTTP Server Started on Port: 8077
ERPImporta.exe: 00000534: 17:52:12 []:>--------------------------------------------------------------<
ERPImporta.exe: 00000534: 17:52:12 [TUniServerModule]:Server First Init.
ERPImporta.exe: 00000534: 17:52:12 [TUniServerModule]:Start Path = C:\Projetos_WEB\ERP_Importa\
ERPImporta.exe: 00000534: 17:52:12 [TUniServerModule]:Debug Mode = ON
ERPImporta.exe: 00000534: 17:52:12 [TUniServerModule]:Starting HTTP Server on Port: 8077...
ERPImporta.exe: 00000534: 17:52:12 [TUniServerModule]:HTTP Server Started on Port: 8077
ERPImporta.exe: 000007EC: 17:53:04 []:>--------------------------------------------------------------<
ERPImporta.exe: 000007EC: 17:53:04 [TUniServerModule]:Server First Init.
ERPImporta.exe: 000007EC: 17:53:04 [TUniServerModule]:Start Path = C:\Projetos_WEB\ERP_Importa\
ERPImporta.exe: 000007EC: 17:53:04 [TUniServerModule]:Debug Mode = ON
ERPImporta.exe: 000007EC: 17:53:04 [TUniGUISessionManager]:Cache erase job created, Folder count: [1]
ERPImporta.exe: 000007EC: 17:53:04 [TUniServerModule]:Starting HTTP Server on Port: 8077...
ERPImporta.exe: 000007EC: 17:53:05 [TUniServerModule]:HTTP Server Started on Port: 8077
ERPImporta.exe: 00002610: 18:07:03 []:>--------------------------------------------------------------<
ERPImporta.exe: 00002610: 18:07:03 [TUniServerModule]:Server First Init.
ERPImporta.exe: 00002610: 18:07:03 [TUniServerModule]:Start Path = C:\Projetos_WEB\ERP_Importa\
ERPImporta.exe: 00002610: 18:07:03 [TUniServerModule]:Debug Mode = ON
ERPImporta.exe: 00002610: 18:07:03 [TUniGUISessionManager]:Cache erase job created, Folder count: [1]
ERPImporta.exe: 00002610: 18:07:03 [TUniServerModule]:Starting HTTP Server on Port: 8077...
ERPImporta.exe: 00002610: 18:07:03 [TUniServerModule]:HTTP Server Started on Port: 8077
