ERPImporta.exe: 000028F4: 10:03:14 []:>--------------------------------------------------------------<
ERPImporta.exe: 000028F4: 10:03:14 [TUniServerModule]:Server First Init.
ERPImporta.exe: 000028F4: 10:03:14 [TUniServerModule]:Start Path = C:\Projetos_WEB\ERP_Importa\
ERPImporta.exe: 000028F4: 10:03:14 [TUniServerModule]:Debug Mode = ON
ERPImporta.exe: 000028F4: 10:03:14 [TUniServerModule]:Starting HTTP Server on Port: 8077...
ERPImporta.exe: 000028F4: 10:03:14 [TUniServerModule]:HTTP Server Started on Port: 8077
ERPImporta.exe: 000048FC: 10:04:06 [127.0.0.1]:EMSSQLNativeException : [FireDAC][Phys][ODBC][Microsoft][SQL Server Native Client 11.0][SQL Server]Invalid object name 'BL'. : Addr: $008DF495
ERPImporta.exe: 00004340: 10:05:48 [127.0.0.1]:UniErrorException : Event:click, Object: O196 not found in session list. It could be timed out, refresh page and try again : Addr: $00000000
ERPImporta.exe: 00001968: 10:19:38 []:>--------------------------------------------------------------<
ERPImporta.exe: 00001968: 10:19:38 [TUniServerModule]:Server First Init.
ERPImporta.exe: 00001968: 10:19:38 [TUniServerModule]:Start Path = C:\Projetos_WEB\ERP_Importa\
ERPImporta.exe: 00001968: 10:19:38 [TUniServerModule]:Debug Mode = ON
ERPImporta.exe: 00001968: 10:19:38 [TUniServerModule]:Starting HTTP Server on Port: 8077...
ERPImporta.exe: 00001968: 10:19:38 [TUniServerModule]:HTTP Server Started on Port: 8077
ERPImporta.exe: 000017EC: 10:20:48 []:>--------------------------------------------------------------<
ERPImporta.exe: 000017EC: 10:20:48 [TUniServerModule]:Server First Init.
ERPImporta.exe: 000017EC: 10:20:48 [TUniServerModule]:Start Path = C:\Projetos_WEB\ERP_Importa\
ERPImporta.exe: 000017EC: 10:20:48 [TUniServerModule]:Debug Mode = ON
ERPImporta.exe: 000017EC: 10:20:48 [TUniGUISessionManager]:Cache erase job created, Folder count: [1]
ERPImporta.exe: 000017EC: 10:20:48 [TUniServerModule]:Starting HTTP Server on Port: 8077...
ERPImporta.exe: 000017EC: 10:20:48 [TUniServerModule]:HTTP Server Started on Port: 8077
ERPImporta.exe: 00000764: 10:20:48 [127.0.0.1]:EUniSessionException : Sessão inváilda ou tempo da sessão expirado. (Session not found: g3FNInzBqJ1105489B9 ) : Addr: $007CFB14
ERPImporta.exe: 00003A4C: 10:25:03 []:>--------------------------------------------------------------<
ERPImporta.exe: 00003A4C: 10:25:03 [TUniServerModule]:Server First Init.
ERPImporta.exe: 00003A4C: 10:25:03 [TUniServerModule]:Start Path = C:\Projetos_WEB\ERP_Importa\
ERPImporta.exe: 00003A4C: 10:25:03 [TUniServerModule]:Debug Mode = ON
ERPImporta.exe: 00003A4C: 10:25:03 [TUniGUISessionManager]:Cache erase job created, Folder count: [1]
ERPImporta.exe: 00003A4C: 10:25:04 [TUniServerModule]:Starting HTTP Server on Port: 8077...
ERPImporta.exe: 00003A4C: 10:25:04 [TUniServerModule]:HTTP Server Started on Port: 8077
ERPImporta.exe: 00000468: 10:26:16 []:>--------------------------------------------------------------<
ERPImporta.exe: 00000468: 10:26:16 [TUniServerModule]:Server First Init.
ERPImporta.exe: 00000468: 10:26:16 [TUniServerModule]:Start Path = C:\Projetos_WEB\ERP_Importa\
ERPImporta.exe: 00000468: 10:26:16 [TUniServerModule]:Debug Mode = ON
ERPImporta.exe: 00000468: 10:26:16 [TUniGUISessionManager]:Cache erase job created, Folder count: [1]
ERPImporta.exe: 00000468: 10:26:16 [TUniServerModule]:Starting HTTP Server on Port: 8077...
ERPImporta.exe: 00000468: 10:26:16 [TUniServerModule]:HTTP Server Started on Port: 8077
ERPImporta.exe: 00002364: 10:26:19 [127.0.0.1]:EUniSessionException : Sessão inváilda ou tempo da sessão expirado. (Session not found: WPR8YAgzzs110548B32 ) : Addr: $007CFB14
ERPImporta.exe: 000016DC: 10:35:14 []:>--------------------------------------------------------------<
ERPImporta.exe: 000016DC: 10:35:14 [TUniServerModule]:Server First Init.
ERPImporta.exe: 000016DC: 10:35:14 [TUniServerModule]:Start Path = C:\Projetos_WEB\ERP_Importa\
ERPImporta.exe: 000016DC: 10:35:14 [TUniServerModule]:Debug Mode = ON
ERPImporta.exe: 000016DC: 10:35:14 [TUniGUISessionManager]:Cache erase job created, Folder count: [1]
ERPImporta.exe: 000016DC: 10:35:14 [TUniServerModule]:Starting HTTP Server on Port: 8077...
ERPImporta.exe: 000016DC: 10:35:14 [TUniServerModule]:HTTP Server Started on Port: 8077
ERPImporta.exe: 00000D94: 10:38:41 []:>--------------------------------------------------------------<
ERPImporta.exe: 00000D94: 10:38:41 [TUniServerModule]:Server First Init.
ERPImporta.exe: 00000D94: 10:38:41 [TUniServerModule]:Start Path = C:\Projetos_WEB\ERP_Importa\
ERPImporta.exe: 00000D94: 10:38:41 [TUniServerModule]:Debug Mode = ON
ERPImporta.exe: 00000D94: 10:38:41 [TUniServerModule]:Starting HTTP Server on Port: 8077...
ERPImporta.exe: 00000D94: 10:38:41 [TUniServerModule]:HTTP Server Started on Port: 8077
ERPImporta.exe: 000018E8: 10:40:18 []:>--------------------------------------------------------------<
ERPImporta.exe: 000018E8: 10:40:18 [TUniServerModule]:Server First Init.
ERPImporta.exe: 000018E8: 10:40:18 [TUniServerModule]:Start Path = C:\Projetos_WEB\ERP_Importa\
ERPImporta.exe: 000018E8: 10:40:18 [TUniServerModule]:Debug Mode = ON
ERPImporta.exe: 000018E8: 10:40:18 [TUniServerModule]:Starting HTTP Server on Port: 8077...
ERPImporta.exe: 000018E8: 10:40:18 [TUniServerModule]:HTTP Server Started on Port: 8077
ERPImporta.exe: 0000366C: 10:41:00 []:>--------------------------------------------------------------<
ERPImporta.exe: 0000366C: 10:41:00 [TUniServerModule]:Server First Init.
ERPImporta.exe: 0000366C: 10:41:00 [TUniServerModule]:Start Path = C:\Projetos_WEB\ERP_Importa\
ERPImporta.exe: 0000366C: 10:41:00 [TUniServerModule]:Debug Mode = ON
ERPImporta.exe: 0000366C: 10:41:00 [TUniServerModule]:Starting HTTP Server on Port: 8077...
ERPImporta.exe: 0000366C: 10:41:00 [TUniServerModule]:HTTP Server Started on Port: 8077
ERPImporta.exe: 0000185C: 10:42:13 []:>--------------------------------------------------------------<
ERPImporta.exe: 0000185C: 10:42:13 [TUniServerModule]:Server First Init.
ERPImporta.exe: 0000185C: 10:42:13 [TUniServerModule]:Start Path = C:\Projetos_WEB\ERP_Importa\
ERPImporta.exe: 0000185C: 10:42:13 [TUniServerModule]:Debug Mode = ON
ERPImporta.exe: 0000185C: 10:42:13 [TUniServerModule]:Starting HTTP Server on Port: 8077...
ERPImporta.exe: 0000185C: 10:42:13 [TUniServerModule]:HTTP Server Started on Port: 8077
ERPImporta.exe: 00001EE4: 10:46:06 []:>--------------------------------------------------------------<
ERPImporta.exe: 00001EE4: 10:46:06 [TUniServerModule]:Server First Init.
ERPImporta.exe: 00001EE4: 10:46:06 [TUniServerModule]:Start Path = C:\Projetos_WEB\ERP_Importa\
ERPImporta.exe: 00001EE4: 10:46:06 [TUniServerModule]:Debug Mode = ON
ERPImporta.exe: 00001EE4: 10:46:06 [TUniServerModule]:Starting HTTP Server on Port: 8077...
ERPImporta.exe: 00001EE4: 10:46:06 [TUniServerModule]:HTTP Server Started on Port: 8077
ERPImporta.exe: 00001968: 10:47:13 []:>--------------------------------------------------------------<
ERPImporta.exe: 00001968: 10:47:13 [TUniServerModule]:Server First Init.
ERPImporta.exe: 00001968: 10:47:13 [TUniServerModule]:Start Path = C:\Projetos_WEB\ERP_Importa\
ERPImporta.exe: 00001968: 10:47:13 [TUniServerModule]:Debug Mode = ON
ERPImporta.exe: 00001968: 10:47:14 [TUniServerModule]:Starting HTTP Server on Port: 8077...
ERPImporta.exe: 00001968: 10:47:14 [TUniServerModule]:HTTP Server Started on Port: 8077
ERPImporta.exe: 00004D70: 10:47:51 []:>--------------------------------------------------------------<
ERPImporta.exe: 00004D70: 10:47:51 [TUniServerModule]:Server First Init.
ERPImporta.exe: 00004D70: 10:47:51 [TUniServerModule]:Start Path = C:\Projetos_WEB\ERP_Importa\
ERPImporta.exe: 00004D70: 10:47:51 [TUniServerModule]:Debug Mode = ON
ERPImporta.exe: 00004D70: 10:47:51 [TUniServerModule]:Starting HTTP Server on Port: 8077...
ERPImporta.exe: 00004D70: 10:47:51 [TUniServerModule]:HTTP Server Started on Port: 8077
ERPImporta.exe: 00004D6C: 10:50:33 []:>--------------------------------------------------------------<
ERPImporta.exe: 00004D6C: 10:50:33 [TUniServerModule]:Server First Init.
ERPImporta.exe: 00004D6C: 10:50:33 [TUniServerModule]:Start Path = C:\Projetos_WEB\ERP_Importa\
ERPImporta.exe: 00004D6C: 10:50:33 [TUniServerModule]:Debug Mode = ON
ERPImporta.exe: 00004D6C: 10:50:33 [TUniServerModule]:Starting HTTP Server on Port: 8077...
ERPImporta.exe: 00004D6C: 10:50:33 [TUniServerModule]:HTTP Server Started on Port: 8077
ERPImporta.exe: 000018A0: 11:15:34 []:>--------------------------------------------------------------<
ERPImporta.exe: 000018A0: 11:15:34 [TUniServerModule]:Server First Init.
ERPImporta.exe: 000018A0: 11:15:34 [TUniServerModule]:Start Path = C:\Projetos_WEB\ERP_Importa\
ERPImporta.exe: 000018A0: 11:15:34 [TUniServerModule]:Debug Mode = ON
ERPImporta.exe: 000018A0: 11:15:34 [TUniServerModule]:Starting HTTP Server on Port: 8077...
ERPImporta.exe: 000018A0: 11:15:34 [TUniServerModule]:HTTP Server Started on Port: 8077
ERPImporta.exe: 000021BC: 11:22:03 []:>--------------------------------------------------------------<
ERPImporta.exe: 000021BC: 11:22:03 [TUniServerModule]:Server First Init.
ERPImporta.exe: 000021BC: 11:22:04 [TUniServerModule]:Start Path = C:\Projetos_WEB\ERP_Importa\
ERPImporta.exe: 000021BC: 11:22:04 [TUniServerModule]:Debug Mode = ON
ERPImporta.exe: 000021BC: 11:22:04 [TUniGUISessionManager]:Cache erase job created, Folder count: [1]
ERPImporta.exe: 000021BC: 11:22:04 [TUniServerModule]:Starting HTTP Server on Port: 8077...
ERPImporta.exe: 000021BC: 11:22:04 [TUniServerModule]:HTTP Server Started on Port: 8077
ERPImporta.exe: 00001600: 11:23:31 []:>--------------------------------------------------------------<
ERPImporta.exe: 00001600: 11:23:31 [TUniServerModule]:Server First Init.
ERPImporta.exe: 00001600: 11:23:31 [TUniServerModule]:Start Path = C:\Projetos_WEB\ERP_Importa\
ERPImporta.exe: 00001600: 11:23:31 [TUniServerModule]:Debug Mode = ON
ERPImporta.exe: 00001600: 11:23:31 [TUniGUISessionManager]:Cache erase job created, Folder count: [1]
ERPImporta.exe: 00001600: 11:23:31 [TUniServerModule]:Starting HTTP Server on Port: 8077...
ERPImporta.exe: 00001600: 11:23:31 [TUniServerModule]:HTTP Server Started on Port: 8077
ERPImporta.exe: 00003B78: 11:24:00 [[FireDAC][Phys][ODBC][Microsoft][SQL Server Native Client 11.0][SQL Server]Conversion failed when converting the varchar value 'TESTE#01' to data type int.-127.0.0.1]:EMSSQLNativeException : [FireDAC][Phys][ODBC][Microsoft][SQL Server Native Client 11.0][SQL Server]Conversion failed when converting the varchar value 'TESTE#01' to data type int. : Addr: $008DF495
ERPImporta.exe: 0000206C: 11:24:04 [HandleFileRequest[127.0.0.1]]:File not found: C:\Projetos_WEB\ERP_Importa\files\images\fundo8.jpg
ERPImporta.exe: 000047F8: 11:35:40 []:>--------------------------------------------------------------<
ERPImporta.exe: 000047F8: 11:35:40 [TUniServerModule]:Server First Init.
ERPImporta.exe: 000047F8: 11:35:40 [TUniServerModule]:Start Path = C:\Projetos_WEB\ERP_Importa\
ERPImporta.exe: 000047F8: 11:35:40 [TUniServerModule]:Debug Mode = ON
ERPImporta.exe: 000047F8: 11:35:41 [TUniServerModule]:Starting HTTP Server on Port: 8077...
ERPImporta.exe: 000047F8: 11:35:41 [TUniServerModule]:HTTP Server Started on Port: 8077
ERPImporta.exe: 00004B60: 11:37:03 []:>--------------------------------------------------------------<
ERPImporta.exe: 00004B60: 11:37:03 [TUniServerModule]:Server First Init.
ERPImporta.exe: 00004B60: 11:37:03 [TUniServerModule]:Start Path = C:\Projetos_WEB\ERP_Importa\
ERPImporta.exe: 00004B60: 11:37:03 [TUniServerModule]:Debug Mode = ON
ERPImporta.exe: 00004B60: 11:37:03 [TUniServerModule]:Starting HTTP Server on Port: 8077...
ERPImporta.exe: 00004B60: 11:37:03 [TUniServerModule]:HTTP Server Started on Port: 8077
ERPImporta.exe: 00005784: 11:39:03 []:>--------------------------------------------------------------<
ERPImporta.exe: 00005784: 11:39:03 [TUniServerModule]:Server First Init.
ERPImporta.exe: 00005784: 11:39:03 [TUniServerModule]:Start Path = C:\Projetos_WEB\ERP_Importa\
ERPImporta.exe: 00005784: 11:39:03 [TUniServerModule]:Debug Mode = ON
ERPImporta.exe: 00005784: 11:39:03 [TUniServerModule]:Starting HTTP Server on Port: 8077...
ERPImporta.exe: 00005784: 11:39:03 [TUniServerModule]:HTTP Server Started on Port: 8077
ERPImporta.exe: 000024F8: 11:41:33 []:>--------------------------------------------------------------<
ERPImporta.exe: 000024F8: 11:41:33 [TUniServerModule]:Server First Init.
ERPImporta.exe: 000024F8: 11:41:33 [TUniServerModule]:Start Path = C:\Projetos_WEB\ERP_Importa\
ERPImporta.exe: 000024F8: 11:41:33 [TUniServerModule]:Debug Mode = ON
ERPImporta.exe: 000024F8: 11:41:33 [TUniGUISessionManager]:Cache erase job created, Folder count: [1]
ERPImporta.exe: 000024F8: 11:41:33 [TUniServerModule]:Starting HTTP Server on Port: 8077...
ERPImporta.exe: 000024F8: 11:41:33 [TUniServerModule]:HTTP Server Started on Port: 8077
ERPImporta.exe: 00001484: 11:42:33 []:>--------------------------------------------------------------<
ERPImporta.exe: 00001484: 11:42:33 [TUniServerModule]:Server First Init.
ERPImporta.exe: 00001484: 11:42:33 [TUniServerModule]:Start Path = C:\Projetos_WEB\ERP_Importa\
ERPImporta.exe: 00001484: 11:42:33 [TUniServerModule]:Debug Mode = ON
ERPImporta.exe: 00001484: 11:42:33 [TUniServerModule]:Starting HTTP Server on Port: 8077...
ERPImporta.exe: 00001484: 11:42:33 [TUniServerModule]:HTTP Server Started on Port: 8077
ERPImporta.exe: 00001A20: 13:36:22 []:>--------------------------------------------------------------<
ERPImporta.exe: 00001A20: 13:36:22 [TUniServerModule]:Server First Init.
ERPImporta.exe: 00001A20: 13:36:22 [TUniServerModule]:Start Path = C:\Projetos_WEB\ERP_Importa\
ERPImporta.exe: 00001A20: 13:36:22 [TUniServerModule]:Debug Mode = ON
ERPImporta.exe: 00001A20: 13:36:22 [TUniGUISessionManager]:Cache erase job created, Folder count: [1]
ERPImporta.exe: 00001A20: 13:36:22 [TUniServerModule]:Starting HTTP Server on Port: 8077...
ERPImporta.exe: 00001A20: 13:36:22 [TUniServerModule]:HTTP Server Started on Port: 8077
ERPImporta.exe: 00005274: 14:11:53 []:>--------------------------------------------------------------<
ERPImporta.exe: 00005274: 14:11:53 [TUniServerModule]:Server First Init.
ERPImporta.exe: 00005274: 14:11:53 [TUniServerModule]:Start Path = C:\Projetos_WEB\ERP_Importa\
ERPImporta.exe: 00005274: 14:11:53 [TUniServerModule]:Debug Mode = ON
ERPImporta.exe: 00005274: 14:11:53 [TUniServerModule]:Starting HTTP Server on Port: 8077...
ERPImporta.exe: 00005274: 14:11:53 [TUniServerModule]:HTTP Server Started on Port: 8077
ERPImporta.exe: 00005938: 14:24:14 []:>--------------------------------------------------------------<
ERPImporta.exe: 00005938: 14:24:14 [TUniServerModule]:Server First Init.
ERPImporta.exe: 00005938: 14:24:14 [TUniServerModule]:Start Path = C:\Projetos_WEB\ERP_Importa\
ERPImporta.exe: 00005938: 14:24:14 [TUniServerModule]:Debug Mode = ON
ERPImporta.exe: 00005938: 14:24:15 [TUniServerModule]:Starting HTTP Server on Port: 8077...
ERPImporta.exe: 00005938: 14:24:15 [TUniServerModule]:HTTP Server Started on Port: 8077
ERPImporta.exe: 00005108: 14:29:21 []:>--------------------------------------------------------------<
ERPImporta.exe: 00005108: 14:29:21 [TUniServerModule]:Server First Init.
ERPImporta.exe: 00005108: 14:29:21 [TUniServerModule]:Start Path = C:\Projetos_WEB\ERP_Importa\
ERPImporta.exe: 00005108: 14:29:21 [TUniServerModule]:Debug Mode = ON
ERPImporta.exe: 00005108: 14:29:21 [TUniGUISessionManager]:Cache erase job created, Folder count: [1]
ERPImporta.exe: 00005108: 14:29:22 [TUniServerModule]:Starting HTTP Server on Port: 8077...
ERPImporta.exe: 00005108: 14:29:22 [TUniServerModule]:HTTP Server Started on Port: 8077
ERPImporta.exe: 0000156C: 16:45:42 []:>--------------------------------------------------------------<
ERPImporta.exe: 0000156C: 16:45:42 [TUniServerModule]:Server First Init.
ERPImporta.exe: 0000156C: 16:45:42 [TUniServerModule]:Start Path = C:\Projetos_WEB\ERP_Importa\
ERPImporta.exe: 0000156C: 16:45:42 [TUniServerModule]:Debug Mode = ON
ERPImporta.exe: 0000156C: 16:45:42 [TUniGUISessionManager]:Cache erase job created, Folder count: [1]
ERPImporta.exe: 0000156C: 16:45:43 [TUniServerModule]:Starting HTTP Server on Port: 8077...
ERPImporta.exe: 0000156C: 16:45:43 [TUniServerModule]:HTTP Server Started on Port: 8077
ERPImporta.exe: 000037DC: 16:46:27 []:>--------------------------------------------------------------<
ERPImporta.exe: 000037DC: 16:46:27 [TUniServerModule]:Server First Init.
ERPImporta.exe: 000037DC: 16:46:27 [TUniServerModule]:Start Path = C:\Projetos_WEB\ERP_Importa\
ERPImporta.exe: 000037DC: 16:46:27 [TUniServerModule]:Debug Mode = ON
ERPImporta.exe: 000037DC: 16:46:27 [TUniServerModule]:Starting HTTP Server on Port: 8077...
ERPImporta.exe: 000037DC: 16:46:27 [TUniServerModule]:HTTP Server Started on Port: 8077
ERPImporta.exe: 000027CC: 16:48:51 []:>--------------------------------------------------------------<
ERPImporta.exe: 000027CC: 16:48:51 [TUniServerModule]:Server First Init.
ERPImporta.exe: 000027CC: 16:48:51 [TUniServerModule]:Start Path = C:\Projetos_WEB\ERP_Importa\
ERPImporta.exe: 000027CC: 16:48:51 [TUniServerModule]:Debug Mode = ON
ERPImporta.exe: 000027CC: 16:48:51 [TUniGUISessionManager]:Cache erase job created, Folder count: [1]
ERPImporta.exe: 000027CC: 16:48:52 [TUniServerModule]:Starting HTTP Server on Port: 8077...
ERPImporta.exe: 000027CC: 16:48:52 [TUniServerModule]:HTTP Server Started on Port: 8077
ERPImporta.exe: 000033F8: 16:50:27 []:>--------------------------------------------------------------<
ERPImporta.exe: 000033F8: 16:50:27 [TUniServerModule]:Server First Init.
ERPImporta.exe: 000033F8: 16:50:27 [TUniServerModule]:Start Path = C:\Projetos_WEB\ERP_Importa\
ERPImporta.exe: 000033F8: 16:50:28 [TUniServerModule]:Debug Mode = ON
ERPImporta.exe: 000033F8: 16:50:28 [TUniGUISessionManager]:Cache erase job created, Folder count: [1]
ERPImporta.exe: 000033F8: 16:50:28 [TUniServerModule]:Starting HTTP Server on Port: 8077...
ERPImporta.exe: 000033F8: 16:50:28 [TUniServerModule]:HTTP Server Started on Port: 8077
ERPImporta.exe: 00001304: 16:51:09 []:>--------------------------------------------------------------<
ERPImporta.exe: 00001304: 16:51:09 [TUniServerModule]:Server First Init.
ERPImporta.exe: 00001304: 16:51:09 [TUniServerModule]:Start Path = C:\Projetos_WEB\ERP_Importa\
ERPImporta.exe: 00001304: 16:51:09 [TUniServerModule]:Debug Mode = ON
ERPImporta.exe: 00001304: 16:51:09 [TUniGUISessionManager]:Cache erase job created, Folder count: [1]
ERPImporta.exe: 00001304: 16:51:09 [TUniServerModule]:Starting HTTP Server on Port: 8077...
ERPImporta.exe: 00001304: 16:51:09 [TUniServerModule]:HTTP Server Started on Port: 8077
ERPImporta.exe: 00002FD0: 16:52:28 []:>--------------------------------------------------------------<
ERPImporta.exe: 00002FD0: 16:52:28 [TUniServerModule]:Server First Init.
ERPImporta.exe: 00002FD0: 16:52:28 [TUniServerModule]:Start Path = C:\Projetos_WEB\ERP_Importa\
ERPImporta.exe: 00002FD0: 16:52:28 [TUniServerModule]:Debug Mode = ON
ERPImporta.exe: 00002FD0: 16:52:28 [TUniGUISessionManager]:Cache erase job created, Folder count: [1]
ERPImporta.exe: 00002FD0: 16:52:28 [TUniServerModule]:Starting HTTP Server on Port: 8077...
ERPImporta.exe: 00002FD0: 16:52:28 [TUniServerModule]:HTTP Server Started on Port: 8077
ERPImporta.exe: 00002050: 16:53:52 []:>--------------------------------------------------------------<
ERPImporta.exe: 00002050: 16:53:52 [TUniServerModule]:Server First Init.
ERPImporta.exe: 00002050: 16:53:52 [TUniServerModule]:Start Path = C:\Projetos_WEB\ERP_Importa\
ERPImporta.exe: 00002050: 16:53:52 [TUniServerModule]:Debug Mode = ON
ERPImporta.exe: 00002050: 16:53:52 [TUniGUISessionManager]:Cache erase job created, Folder count: [1]
ERPImporta.exe: 00002050: 16:53:52 [TUniServerModule]:Starting HTTP Server on Port: 8077...
ERPImporta.exe: 00002050: 16:53:52 [TUniServerModule]:HTTP Server Started on Port: 8077
ERPImporta.exe: 00002110: 16:54:28 []:>--------------------------------------------------------------<
ERPImporta.exe: 00002110: 16:54:28 [TUniServerModule]:Server First Init.
ERPImporta.exe: 00002110: 16:54:28 [TUniServerModule]:Start Path = C:\Projetos_WEB\ERP_Importa\
ERPImporta.exe: 00002110: 16:54:28 [TUniServerModule]:Debug Mode = ON
ERPImporta.exe: 00002110: 16:54:28 [TUniServerModule]:Starting HTTP Server on Port: 8077...
ERPImporta.exe: 00002110: 16:54:28 [TUniServerModule]:HTTP Server Started on Port: 8077
ERPImporta.exe: 000025C8: 16:56:03 []:>--------------------------------------------------------------<
ERPImporta.exe: 000025C8: 16:56:03 [TUniServerModule]:Server First Init.
ERPImporta.exe: 000025C8: 16:56:03 [TUniServerModule]:Start Path = C:\Projetos_WEB\ERP_Importa\
ERPImporta.exe: 000025C8: 16:56:03 [TUniServerModule]:Debug Mode = ON
ERPImporta.exe: 000025C8: 16:56:03 [TUniGUISessionManager]:Cache erase job created, Folder count: [1]
ERPImporta.exe: 000025C8: 16:56:04 [TUniServerModule]:Starting HTTP Server on Port: 8077...
ERPImporta.exe: 000025C8: 16:56:04 [TUniServerModule]:HTTP Server Started on Port: 8077
ERPImporta.exe: 00001740: 16:58:47 []:>--------------------------------------------------------------<
ERPImporta.exe: 00001740: 16:58:47 [TUniServerModule]:Server First Init.
ERPImporta.exe: 00001740: 16:58:47 [TUniServerModule]:Start Path = C:\Projetos_WEB\ERP_Importa\
ERPImporta.exe: 00001740: 16:58:47 [TUniServerModule]:Debug Mode = ON
ERPImporta.exe: 00001740: 16:58:47 [TUniServerModule]:Starting HTTP Server on Port: 8077...
ERPImporta.exe: 00001740: 16:58:47 [TUniServerModule]:HTTP Server Started on Port: 8077
ERPImporta.exe: 00003714: 16:59:50 []:>--------------------------------------------------------------<
ERPImporta.exe: 00003714: 16:59:50 [TUniServerModule]:Server First Init.
ERPImporta.exe: 00003714: 16:59:50 [TUniServerModule]:Start Path = C:\Projetos_WEB\ERP_Importa\
ERPImporta.exe: 00003714: 16:59:50 [TUniServerModule]:Debug Mode = ON
ERPImporta.exe: 00003714: 16:59:50 [TUniGUISessionManager]:Cache erase job created, Folder count: [1]
ERPImporta.exe: 00003714: 16:59:51 [TUniServerModule]:Starting HTTP Server on Port: 8077...
ERPImporta.exe: 00003714: 16:59:51 [TUniServerModule]:HTTP Server Started on Port: 8077
ERPImporta.exe: 00002D60: 16:59:52 [127.0.0.1]:EUniSessionException : Sessão inváilda ou tempo da sessão expirado. (Session not found: kRgYIxd55k11054F5FE ) : Addr: $007CFB6C
ERPImporta.exe: 00003294: 17:01:09 []:>--------------------------------------------------------------<
ERPImporta.exe: 00003294: 17:01:09 [TUniServerModule]:Server First Init.
ERPImporta.exe: 00003294: 17:01:09 [TUniServerModule]:Start Path = C:\Projetos_WEB\ERP_Importa\
ERPImporta.exe: 00003294: 17:01:09 [TUniServerModule]:Debug Mode = ON
ERPImporta.exe: 00003294: 17:01:10 [TUniServerModule]:Starting HTTP Server on Port: 8077...
ERPImporta.exe: 00003294: 17:01:10 [TUniServerModule]:HTTP Server Started on Port: 8077
ERPImporta.exe: 00001A70: 17:02:00 []:>--------------------------------------------------------------<
ERPImporta.exe: 00001A70: 17:02:00 [TUniServerModule]:Server First Init.
ERPImporta.exe: 00001A70: 17:02:00 [TUniServerModule]:Start Path = C:\Projetos_WEB\ERP_Importa\
ERPImporta.exe: 00001A70: 17:02:00 [TUniServerModule]:Debug Mode = ON
ERPImporta.exe: 00001A70: 17:02:00 [TUniServerModule]:Starting HTTP Server on Port: 8077...
ERPImporta.exe: 00001A70: 17:02:00 [TUniServerModule]:HTTP Server Started on Port: 8077
ERPImporta.exe: 00001B78: 17:06:05 []:>--------------------------------------------------------------<
ERPImporta.exe: 00001B78: 17:06:05 [TUniServerModule]:Server First Init.
ERPImporta.exe: 00001B78: 17:06:05 [TUniServerModule]:Start Path = C:\Projetos_WEB\ERP_Importa\
ERPImporta.exe: 00001B78: 17:06:05 [TUniServerModule]:Debug Mode = ON
ERPImporta.exe: 00001B78: 17:06:05 [TUniGUISessionManager]:Cache erase job created, Folder count: [1]
ERPImporta.exe: 00001B78: 17:06:05 [TUniServerModule]:Starting HTTP Server on Port: 8077...
ERPImporta.exe: 00001B78: 17:06:05 [TUniServerModule]:HTTP Server Started on Port: 8077
ERPImporta.exe: 0000263C: 17:07:29 []:>--------------------------------------------------------------<
ERPImporta.exe: 0000263C: 17:07:29 [TUniServerModule]:Server First Init.
ERPImporta.exe: 0000263C: 17:07:29 [TUniServerModule]:Start Path = C:\Projetos_WEB\ERP_Importa\
ERPImporta.exe: 0000263C: 17:07:29 [TUniServerModule]:Debug Mode = ON
ERPImporta.exe: 0000263C: 17:07:29 [TUniServerModule]:Starting HTTP Server on Port: 8077...
ERPImporta.exe: 0000263C: 17:07:29 [TUniServerModule]:HTTP Server Started on Port: 8077
ERPImporta.exe: 00003838: 17:08:59 []:>--------------------------------------------------------------<
ERPImporta.exe: 00003838: 17:08:59 [TUniServerModule]:Server First Init.
ERPImporta.exe: 00003838: 17:08:59 [TUniServerModule]:Start Path = C:\Projetos_WEB\ERP_Importa\
ERPImporta.exe: 00003838: 17:08:59 [TUniServerModule]:Debug Mode = ON
ERPImporta.exe: 00003838: 17:08:59 [TUniServerModule]:Starting HTTP Server on Port: 8077...
ERPImporta.exe: 00003838: 17:08:59 [TUniServerModule]:HTTP Server Started on Port: 8077
ERPImporta.exe: 000009BC: 17:11:03 []:>--------------------------------------------------------------<
ERPImporta.exe: 000009BC: 17:11:03 [TUniServerModule]:Server First Init.
ERPImporta.exe: 000009BC: 17:11:03 [TUniServerModule]:Start Path = C:\Projetos_WEB\ERP_Importa\
ERPImporta.exe: 000009BC: 17:11:03 [TUniServerModule]:Debug Mode = ON
ERPImporta.exe: 000009BC: 17:11:03 [TUniGUISessionManager]:Cache erase job created, Folder count: [1]
ERPImporta.exe: 000009BC: 17:11:04 [TUniServerModule]:Starting HTTP Server on Port: 8077...
ERPImporta.exe: 000009BC: 17:11:04 [TUniServerModule]:HTTP Server Started on Port: 8077
ERPImporta.exe: 000028BC: 17:12:49 []:>--------------------------------------------------------------<
ERPImporta.exe: 000028BC: 17:12:49 [TUniServerModule]:Server First Init.
ERPImporta.exe: 000028BC: 17:12:49 [TUniServerModule]:Start Path = C:\Projetos_WEB\ERP_Importa\
ERPImporta.exe: 000028BC: 17:12:49 [TUniServerModule]:Debug Mode = ON
ERPImporta.exe: 000028BC: 17:12:50 [TUniGUISessionManager]:Cache erase job created, Folder count: [1]
ERPImporta.exe: 000028BC: 17:12:50 [TUniServerModule]:Starting HTTP Server on Port: 8077...
ERPImporta.exe: 000028BC: 17:12:50 [TUniServerModule]:HTTP Server Started on Port: 8077
ERPImporta.exe: 0000163C: 17:14:08 []:>--------------------------------------------------------------<
ERPImporta.exe: 0000163C: 17:14:08 [TUniServerModule]:Server First Init.
ERPImporta.exe: 0000163C: 17:14:08 [TUniServerModule]:Start Path = C:\Projetos_WEB\ERP_Importa\
ERPImporta.exe: 0000163C: 17:14:08 [TUniServerModule]:Debug Mode = ON
ERPImporta.exe: 0000163C: 17:14:08 [TUniGUISessionManager]:Cache erase job created, Folder count: [1]
ERPImporta.exe: 0000163C: 17:14:08 [TUniServerModule]:Starting HTTP Server on Port: 8077...
ERPImporta.exe: 0000163C: 17:14:08 [TUniServerModule]:HTTP Server Started on Port: 8077
ERPImporta.exe: 00000178: 17:14:31 []:>--------------------------------------------------------------<
ERPImporta.exe: 00000178: 17:14:31 [TUniServerModule]:Server First Init.
ERPImporta.exe: 00000178: 17:14:31 [TUniServerModule]:Start Path = C:\Projetos_WEB\ERP_Importa\
ERPImporta.exe: 00000178: 17:14:31 [TUniServerModule]:Debug Mode = ON
ERPImporta.exe: 00000178: 17:14:31 [TUniGUISessionManager]:Cache erase job created, Folder count: [1]
ERPImporta.exe: 00000178: 17:14:31 [TUniServerModule]:Starting HTTP Server on Port: 8077...
ERPImporta.exe: 00000178: 17:14:31 [TUniServerModule]:HTTP Server Started on Port: 8077
ERPImporta.exe: 00001820: 17:18:56 []:>--------------------------------------------------------------<
ERPImporta.exe: 00001820: 17:18:56 [TUniServerModule]:Server First Init.
ERPImporta.exe: 00001820: 17:18:56 [TUniServerModule]:Start Path = C:\Projetos_WEB\ERP_Importa\
ERPImporta.exe: 00001820: 17:18:56 [TUniServerModule]:Debug Mode = ON
ERPImporta.exe: 00001820: 17:18:56 [TUniGUISessionManager]:Cache erase job created, Folder count: [1]
ERPImporta.exe: 00001820: 17:18:56 [TUniServerModule]:Starting HTTP Server on Port: 8077...
ERPImporta.exe: 00001820: 17:18:56 [TUniServerModule]:HTTP Server Started on Port: 8077
ERPImporta.exe: 000037D8: 17:19:03 [127.0.0.1]:EUniSessionException : Sessão inváilda ou tempo da sessão expirado. (Session not found: PtEJeMA4rp11054FA29 ) : Addr: $007CFB6C
ERPImporta.exe: 00003A2C: 17:19:03 [127.0.0.1]:EUniSessionException : Sessão inváilda ou tempo da sessão expirado. (Session not found: PtEJeMA4rp11054FA29 ) : Addr: $007CFB6C
ERPImporta.exe: 00002F2C: 17:22:25 []:>--------------------------------------------------------------<
ERPImporta.exe: 00002F2C: 17:22:25 [TUniServerModule]:Server First Init.
ERPImporta.exe: 00002F2C: 17:22:25 [TUniServerModule]:Start Path = C:\Projetos_WEB\ERP_Importa\
ERPImporta.exe: 00002F2C: 17:22:25 [TUniServerModule]:Debug Mode = ON
ERPImporta.exe: 00002F2C: 17:22:25 [TUniServerModule]:Starting HTTP Server on Port: 8077...
ERPImporta.exe: 00002F2C: 17:22:26 [TUniServerModule]:HTTP Server Started on Port: 8077
ERPImporta.exe: 000024B4: 17:28:23 []:>--------------------------------------------------------------<
ERPImporta.exe: 000024B4: 17:28:23 [TUniServerModule]:Server First Init.
ERPImporta.exe: 000024B4: 17:28:23 [TUniServerModule]:Start Path = C:\Projetos_WEB\ERP_Importa\
ERPImporta.exe: 000024B4: 17:28:23 [TUniServerModule]:Debug Mode = ON
ERPImporta.exe: 000024B4: 17:28:24 [TUniServerModule]:Starting HTTP Server on Port: 8077...
ERPImporta.exe: 000024B4: 17:28:24 [TUniServerModule]:HTTP Server Started on Port: 8077
ERPImporta.exe: 00002384: 17:29:38 []:>--------------------------------------------------------------<
ERPImporta.exe: 00002384: 17:29:38 [TUniServerModule]:Server First Init.
ERPImporta.exe: 00002384: 17:29:38 [TUniServerModule]:Start Path = C:\Projetos_WEB\ERP_Importa\
ERPImporta.exe: 00002384: 17:29:38 [TUniServerModule]:Debug Mode = ON
ERPImporta.exe: 00002384: 17:29:38 [TUniGUISessionManager]:Cache erase job created, Folder count: [1]
ERPImporta.exe: 00002384: 17:29:38 [TUniServerModule]:Starting HTTP Server on Port: 8077...
ERPImporta.exe: 00002384: 17:29:38 [TUniServerModule]:HTTP Server Started on Port: 8077
ERPImporta.exe: 00001BC8: 17:30:37 []:>--------------------------------------------------------------<
ERPImporta.exe: 00001BC8: 17:30:37 [TUniServerModule]:Server First Init.
ERPImporta.exe: 00001BC8: 17:30:37 [TUniServerModule]:Start Path = C:\Projetos_WEB\ERP_Importa\
ERPImporta.exe: 00001BC8: 17:30:37 [TUniServerModule]:Debug Mode = ON
ERPImporta.exe: 00001BC8: 17:30:38 [TUniServerModule]:Starting HTTP Server on Port: 8077...
ERPImporta.exe: 00001BC8: 17:30:38 [TUniServerModule]:HTTP Server Started on Port: 8077
ERPImporta.exe: 00003618: 17:31:26 []:>--------------------------------------------------------------<
ERPImporta.exe: 00003618: 17:31:26 [TUniServerModule]:Server First Init.
ERPImporta.exe: 00003618: 17:31:26 [TUniServerModule]:Start Path = C:\Projetos_WEB\ERP_Importa\
ERPImporta.exe: 00003618: 17:31:26 [TUniServerModule]:Debug Mode = ON
ERPImporta.exe: 00003618: 17:31:26 [TUniGUISessionManager]:Cache erase job created, Folder count: [1]
ERPImporta.exe: 00003618: 17:31:26 [TUniServerModule]:Starting HTTP Server on Port: 8077...
ERPImporta.exe: 00003618: 17:31:26 [TUniServerModule]:HTTP Server Started on Port: 8077
ERPImporta.exe: 000021A4: 17:31:57 []:>--------------------------------------------------------------<
ERPImporta.exe: 000021A4: 17:31:57 [TUniServerModule]:Server First Init.
ERPImporta.exe: 000021A4: 17:31:57 [TUniServerModule]:Start Path = C:\Projetos_WEB\ERP_Importa\
ERPImporta.exe: 000021A4: 17:31:57 [TUniServerModule]:Debug Mode = ON
ERPImporta.exe: 000021A4: 17:31:57 [TUniServerModule]:Starting HTTP Server on Port: 8077...
ERPImporta.exe: 000021A4: 17:31:57 [TUniServerModule]:HTTP Server Started on Port: 8077
ERPImporta.exe: 00003620: 17:32:33 []:>--------------------------------------------------------------<
ERPImporta.exe: 00003620: 17:32:33 [TUniServerModule]:Server First Init.
ERPImporta.exe: 00003620: 17:32:33 [TUniServerModule]:Start Path = C:\Projetos_WEB\ERP_Importa\
ERPImporta.exe: 00003620: 17:32:33 [TUniServerModule]:Debug Mode = ON
ERPImporta.exe: 00003620: 17:32:33 [TUniServerModule]:Starting HTTP Server on Port: 8077...
ERPImporta.exe: 00003620: 17:32:33 [TUniServerModule]:HTTP Server Started on Port: 8077
ERPImporta.exe: 0000297C: 17:41:10 []:>--------------------------------------------------------------<
ERPImporta.exe: 0000297C: 17:41:10 [TUniServerModule]:Server First Init.
ERPImporta.exe: 0000297C: 17:41:10 [TUniServerModule]:Start Path = C:\Projetos_WEB\ERP_Importa\
ERPImporta.exe: 0000297C: 17:41:10 [TUniServerModule]:Debug Mode = ON
ERPImporta.exe: 0000297C: 17:41:10 [TUniServerModule]:Starting HTTP Server on Port: 8077...
ERPImporta.exe: 0000297C: 17:41:10 [TUniServerModule]:HTTP Server Started on Port: 8077
ERPImporta.exe: 00004300: 17:43:15 []:>--------------------------------------------------------------<
ERPImporta.exe: 00004300: 17:43:15 [TUniServerModule]:Server First Init.
ERPImporta.exe: 00004300: 17:43:15 [TUniServerModule]:Start Path = C:\Projetos_WEB\ERP_Importa\
ERPImporta.exe: 00004300: 17:43:15 [TUniServerModule]:Debug Mode = ON
ERPImporta.exe: 00004300: 17:43:15 [TUniServerModule]:Starting HTTP Server on Port: 8077...
ERPImporta.exe: 00004300: 17:43:15 [TUniServerModule]:HTTP Server Started on Port: 8077
ERPImporta.exe: 00003780: 17:44:41 []:>--------------------------------------------------------------<
ERPImporta.exe: 00003780: 17:44:41 [TUniServerModule]:Server First Init.
ERPImporta.exe: 00003780: 17:44:41 [TUniServerModule]:Start Path = C:\Projetos_WEB\ERP_Importa\
ERPImporta.exe: 00003780: 17:44:41 [TUniServerModule]:Debug Mode = ON
ERPImporta.exe: 00003780: 17:44:41 [TUniGUISessionManager]:Cache erase job created, Folder count: [1]
ERPImporta.exe: 00003780: 17:44:41 [TUniServerModule]:Starting HTTP Server on Port: 8077...
ERPImporta.exe: 00003780: 17:44:41 [TUniServerModule]:HTTP Server Started on Port: 8077
ERPImporta.exe: 00002448: 17:48:52 []:>--------------------------------------------------------------<
ERPImporta.exe: 00002448: 17:48:52 [TUniServerModule]:Server First Init.
ERPImporta.exe: 00002448: 17:48:52 [TUniServerModule]:Start Path = C:\Projetos_WEB\ERP_Importa\
ERPImporta.exe: 00002448: 17:48:52 [TUniServerModule]:Debug Mode = ON
ERPImporta.exe: 00002448: 17:48:52 [TUniGUISessionManager]:Cache erase job created, Folder count: [1]
ERPImporta.exe: 00002448: 17:48:52 [TUniServerModule]:Starting HTTP Server on Port: 8077...
ERPImporta.exe: 00002448: 17:48:53 [TUniServerModule]:HTTP Server Started on Port: 8077
ERPImporta.exe: 00002E80: 17:52:03 []:>--------------------------------------------------------------<
ERPImporta.exe: 00002E80: 17:52:03 [TUniServerModule]:Server First Init.
ERPImporta.exe: 00002E80: 17:52:03 [TUniServerModule]:Start Path = C:\Projetos_WEB\ERP_Importa\
ERPImporta.exe: 00002E80: 17:52:03 [TUniServerModule]:Debug Mode = ON
ERPImporta.exe: 00002E80: 17:52:03 [TUniGUISessionManager]:Cache erase job created, Folder count: [1]
ERPImporta.exe: 00002E80: 17:52:03 [TUniServerModule]:Starting HTTP Server on Port: 8077...
ERPImporta.exe: 00002E80: 17:52:03 [TUniServerModule]:HTTP Server Started on Port: 8077
ERPImporta.exe: 0000252C: 17:53:28 []:>--------------------------------------------------------------<
ERPImporta.exe: 0000252C: 17:53:28 [TUniServerModule]:Server First Init.
ERPImporta.exe: 0000252C: 17:53:28 [TUniServerModule]:Start Path = C:\Projetos_WEB\ERP_Importa\
ERPImporta.exe: 0000252C: 17:53:28 [TUniServerModule]:Debug Mode = ON
ERPImporta.exe: 0000252C: 17:53:29 [TUniServerModule]:Starting HTTP Server on Port: 8077...
ERPImporta.exe: 0000252C: 17:53:29 [TUniServerModule]:HTTP Server Started on Port: 8077
ERPImporta.exe: 00002C98: 17:54:15 []:>--------------------------------------------------------------<
ERPImporta.exe: 00002C98: 17:54:15 [TUniServerModule]:Server First Init.
ERPImporta.exe: 00002C98: 17:54:15 [TUniServerModule]:Start Path = C:\Projetos_WEB\ERP_Importa\
ERPImporta.exe: 00002C98: 17:54:15 [TUniServerModule]:Debug Mode = ON
ERPImporta.exe: 00002C98: 17:54:15 [TUniServerModule]:Starting HTTP Server on Port: 8077...
ERPImporta.exe: 00002C98: 17:54:16 [TUniServerModule]:HTTP Server Started on Port: 8077
ERPImporta.exe: 0000295C: 17:54:54 []:>--------------------------------------------------------------<
ERPImporta.exe: 0000295C: 17:54:54 [TUniServerModule]:Server First Init.
ERPImporta.exe: 0000295C: 17:54:54 [TUniServerModule]:Start Path = C:\Projetos_WEB\ERP_Importa\
ERPImporta.exe: 0000295C: 17:54:54 [TUniServerModule]:Debug Mode = ON
ERPImporta.exe: 0000295C: 17:54:55 [TUniServerModule]:Starting HTTP Server on Port: 8077...
ERPImporta.exe: 0000295C: 17:54:55 [TUniServerModule]:HTTP Server Started on Port: 8077
ERPImporta.exe: 00002254: 17:55:54 []:>--------------------------------------------------------------<
ERPImporta.exe: 00002254: 17:55:54 [TUniServerModule]:Server First Init.
ERPImporta.exe: 00002254: 17:55:54 [TUniServerModule]:Start Path = C:\Projetos_WEB\ERP_Importa\
ERPImporta.exe: 00002254: 17:55:54 [TUniServerModule]:Debug Mode = ON
ERPImporta.exe: 00002254: 17:55:54 [TUniGUISessionManager]:Cache erase job created, Folder count: [1]
ERPImporta.exe: 00002254: 17:55:54 [TUniServerModule]:Starting HTTP Server on Port: 8077...
ERPImporta.exe: 00002254: 17:55:54 [TUniServerModule]:HTTP Server Started on Port: 8077
ERPImporta.exe: 0000433C: 18:00:14 []:>--------------------------------------------------------------<
ERPImporta.exe: 0000433C: 18:00:14 [TUniServerModule]:Server First Init.
ERPImporta.exe: 0000433C: 18:00:14 [TUniServerModule]:Start Path = C:\Projetos_WEB\ERP_Importa\
ERPImporta.exe: 0000433C: 18:00:14 [TUniServerModule]:Debug Mode = ON
ERPImporta.exe: 0000433C: 18:00:14 [TUniServerModule]:Starting HTTP Server on Port: 8077...
ERPImporta.exe: 0000433C: 18:00:14 [TUniServerModule]:HTTP Server Started on Port: 8077
ERPImporta.exe: 00003568: 18:02:30 []:>--------------------------------------------------------------<
ERPImporta.exe: 00003568: 18:02:30 [TUniServerModule]:Server First Init.
ERPImporta.exe: 00003568: 18:02:30 [TUniServerModule]:Start Path = C:\Projetos_WEB\ERP_Importa\
ERPImporta.exe: 00003568: 18:02:30 [TUniServerModule]:Debug Mode = ON
ERPImporta.exe: 00003568: 18:02:30 [TUniServerModule]:Starting HTTP Server on Port: 8077...
ERPImporta.exe: 00003568: 18:02:30 [TUniServerModule]:HTTP Server Started on Port: 8077
ERPImporta.exe: 00001BF4: 18:06:00 []:>--------------------------------------------------------------<
ERPImporta.exe: 00001BF4: 18:06:00 [TUniServerModule]:Server First Init.
ERPImporta.exe: 00001BF4: 18:06:01 [TUniServerModule]:Start Path = C:\Projetos_WEB\ERP_Importa\
ERPImporta.exe: 00001BF4: 18:06:01 [TUniServerModule]:Debug Mode = ON
ERPImporta.exe: 00001BF4: 18:06:01 [TUniServerModule]:Starting HTTP Server on Port: 8077...
ERPImporta.exe: 00001BF4: 18:06:01 [TUniServerModule]:HTTP Server Started on Port: 8077
ERPImporta.exe: 000042EC: 18:06:48 []:>--------------------------------------------------------------<
ERPImporta.exe: 000042EC: 18:06:48 [TUniServerModule]:Server First Init.
ERPImporta.exe: 000042EC: 18:06:48 [TUniServerModule]:Start Path = C:\Projetos_WEB\ERP_Importa\
ERPImporta.exe: 000042EC: 18:06:48 [TUniServerModule]:Debug Mode = ON
ERPImporta.exe: 000042EC: 18:06:48 [TUniGUISessionManager]:Cache erase job created, Folder count: [1]
ERPImporta.exe: 000042EC: 18:06:48 [TUniServerModule]:Starting HTTP Server on Port: 8077...
ERPImporta.exe: 000042EC: 18:06:48 [TUniServerModule]:HTTP Server Started on Port: 8077
ERPImporta.exe: 00004100: 18:10:00 []:>--------------------------------------------------------------<
ERPImporta.exe: 00004100: 18:10:00 [TUniServerModule]:Server First Init.
ERPImporta.exe: 00004100: 18:10:00 [TUniServerModule]:Start Path = C:\Projetos_WEB\ERP_Importa\
ERPImporta.exe: 00004100: 18:10:00 [TUniServerModule]:Debug Mode = ON
ERPImporta.exe: 00004100: 18:10:00 [TUniGUISessionManager]:Cache erase job created, Folder count: [1]
ERPImporta.exe: 00004100: 18:10:01 [TUniServerModule]:Starting HTTP Server on Port: 8077...
ERPImporta.exe: 00004100: 18:10:01 [TUniServerModule]:HTTP Server Started on Port: 8077
ERPImporta.exe: 00003DC8: 18:11:17 []:>--------------------------------------------------------------<
ERPImporta.exe: 00003DC8: 18:11:17 [TUniServerModule]:Server First Init.
ERPImporta.exe: 00003DC8: 18:11:17 [TUniServerModule]:Start Path = C:\Projetos_WEB\ERP_Importa\
ERPImporta.exe: 00003DC8: 18:11:17 [TUniServerModule]:Debug Mode = ON
ERPImporta.exe: 00003DC8: 18:11:17 [TUniGUISessionManager]:Cache erase job created, Folder count: [1]
ERPImporta.exe: 00003DC8: 18:11:17 [TUniServerModule]:Starting HTTP Server on Port: 8077...
ERPImporta.exe: 00003DC8: 18:11:17 [TUniServerModule]:HTTP Server Started on Port: 8077
ERPImporta.exe: 00000F14: 18:11:34 [127.0.0.1]:EUniSessionException : Sessão inváilda ou tempo da sessão expirado. (Session not found: JbBzEraEFy110550951 ) : Addr: $007CFB6C
ERPImporta.exe: 0000389C: 18:12:17 []:>--------------------------------------------------------------<
ERPImporta.exe: 0000389C: 18:12:17 [TUniServerModule]:Server First Init.
ERPImporta.exe: 0000389C: 18:12:17 [TUniServerModule]:Start Path = C:\Projetos_WEB\ERP_Importa\
ERPImporta.exe: 0000389C: 18:12:17 [TUniServerModule]:Debug Mode = ON
ERPImporta.exe: 0000389C: 18:12:17 [TUniServerModule]:Starting HTTP Server on Port: 8077...
ERPImporta.exe: 0000389C: 18:12:17 [TUniServerModule]:HTTP Server Started on Port: 8077
ERPImporta.exe: 00002CF0: 18:13:21 []:>--------------------------------------------------------------<
ERPImporta.exe: 00002CF0: 18:13:21 [TUniServerModule]:Server First Init.
ERPImporta.exe: 00002CF0: 18:13:21 [TUniServerModule]:Start Path = C:\Projetos_WEB\ERP_Importa\
ERPImporta.exe: 00002CF0: 18:13:21 [TUniServerModule]:Debug Mode = ON
ERPImporta.exe: 00002CF0: 18:13:22 [TUniServerModule]:Starting HTTP Server on Port: 8077...
ERPImporta.exe: 00002CF0: 18:13:22 [TUniServerModule]:HTTP Server Started on Port: 8077
ERPImporta.exe: 000008D4: 18:13:29 [HandleFileRequest[127.0.0.1]]:File not found: C:\Projetos_WEB\ERP_Importa\files\images\Painel4.jpg
ERPImporta.exe: 00004220: 18:14:40 []:>--------------------------------------------------------------<
ERPImporta.exe: 00004220: 18:14:40 [TUniServerModule]:Server First Init.
ERPImporta.exe: 00004220: 18:14:40 [TUniServerModule]:Start Path = C:\Projetos_WEB\ERP_Importa\
ERPImporta.exe: 00004220: 18:14:40 [TUniServerModule]:Debug Mode = ON
ERPImporta.exe: 00004220: 18:14:40 [TUniServerModule]:Starting HTTP Server on Port: 8077...
ERPImporta.exe: 00004220: 18:14:40 [TUniServerModule]:HTTP Server Started on Port: 8077
ERPImporta.exe: 00003C4C: 18:16:11 []:>--------------------------------------------------------------<
ERPImporta.exe: 00003C4C: 18:16:11 [TUniServerModule]:Server First Init.
ERPImporta.exe: 00003C4C: 18:16:11 [TUniServerModule]:Start Path = C:\Projetos_WEB\ERP_Importa\
ERPImporta.exe: 00003C4C: 18:16:11 [TUniServerModule]:Debug Mode = ON
ERPImporta.exe: 00003C4C: 18:16:11 [TUniServerModule]:Starting HTTP Server on Port: 8077...
ERPImporta.exe: 00003C4C: 18:16:11 [TUniServerModule]:HTTP Server Started on Port: 8077
ERPImporta.exe: 00002924: 18:18:03 []:>--------------------------------------------------------------<
ERPImporta.exe: 00002924: 18:18:03 [TUniServerModule]:Server First Init.
ERPImporta.exe: 00002924: 18:18:03 [TUniServerModule]:Start Path = C:\Projetos_WEB\ERP_Importa\
ERPImporta.exe: 00002924: 18:18:03 [TUniServerModule]:Debug Mode = ON
ERPImporta.exe: 00002924: 18:18:03 [TUniServerModule]:Starting HTTP Server on Port: 8077...
ERPImporta.exe: 00002924: 18:18:03 [TUniServerModule]:HTTP Server Started on Port: 8077
ERPImporta.exe: 00003F04: 18:19:08 []:>--------------------------------------------------------------<
ERPImporta.exe: 00003F04: 18:19:08 [TUniServerModule]:Server First Init.
ERPImporta.exe: 00003F04: 18:19:08 [TUniServerModule]:Start Path = C:\Projetos_WEB\ERP_Importa\
ERPImporta.exe: 00003F04: 18:19:08 [TUniServerModule]:Debug Mode = ON
ERPImporta.exe: 00003F04: 18:19:08 [TUniGUISessionManager]:Cache erase job created, Folder count: [1]
ERPImporta.exe: 00003F04: 18:19:09 [TUniServerModule]:Starting HTTP Server on Port: 8077...
ERPImporta.exe: 00003F04: 18:19:09 [TUniServerModule]:HTTP Server Started on Port: 8077
ERPImporta.exe: 00000BC0: 18:20:19 []:>--------------------------------------------------------------<
ERPImporta.exe: 00000BC0: 18:20:19 [TUniServerModule]:Server First Init.
ERPImporta.exe: 00000BC0: 18:20:19 [TUniServerModule]:Start Path = C:\Projetos_WEB\ERP_Importa\
ERPImporta.exe: 00000BC0: 18:20:19 [TUniServerModule]:Debug Mode = ON
ERPImporta.exe: 00000BC0: 18:20:19 [TUniServerModule]:Starting HTTP Server on Port: 8077...
ERPImporta.exe: 00000BC0: 18:20:19 [TUniServerModule]:HTTP Server Started on Port: 8077
ERPImporta.exe: 0000079C: 18:22:39 []:>--------------------------------------------------------------<
ERPImporta.exe: 0000079C: 18:22:39 [TUniServerModule]:Server First Init.
ERPImporta.exe: 0000079C: 18:22:39 [TUniServerModule]:Start Path = C:\Projetos_WEB\ERP_Importa\
ERPImporta.exe: 0000079C: 18:22:39 [TUniServerModule]:Debug Mode = ON
ERPImporta.exe: 0000079C: 18:22:39 [TUniServerModule]:Starting HTTP Server on Port: 8077...
ERPImporta.exe: 0000079C: 18:22:39 [TUniServerModule]:HTTP Server Started on Port: 8077
ERPImporta.exe: 00000E44: 18:28:05 []:>--------------------------------------------------------------<
ERPImporta.exe: 00000E44: 18:28:05 [TUniServerModule]:Server First Init.
ERPImporta.exe: 00000E44: 18:28:05 [TUniServerModule]:Start Path = C:\Projetos_WEB\ERP_Importa\
ERPImporta.exe: 00000E44: 18:28:05 [TUniServerModule]:Debug Mode = ON
ERPImporta.exe: 00000E44: 18:28:05 [TUniGUISessionManager]:Cache erase job created, Folder count: [1]
ERPImporta.exe: 00000E44: 18:28:05 [TUniServerModule]:Starting HTTP Server on Port: 8077...
ERPImporta.exe: 00000E44: 18:28:05 [TUniServerModule]:HTTP Server Started on Port: 8077
ERPImporta.exe: 000040C0: 18:29:03 [127.0.0.1]:EUniSessionException : Sessão inváilda ou tempo da sessão expirado. (Session not found: UZpgIV8w3v110550CBE ) : Addr: $007CFB6C
ERPImporta.exe: 00003C64: 18:39:18 []:>--------------------------------------------------------------<
ERPImporta.exe: 00003C64: 18:39:18 [TUniServerModule]:Server First Init.
ERPImporta.exe: 00003C64: 18:39:18 [TUniServerModule]:Start Path = C:\Projetos_WEB\ERP_Importa\
ERPImporta.exe: 00003C64: 18:39:18 [TUniServerModule]:Debug Mode = ON
ERPImporta.exe: 00003C64: 18:39:19 [TUniServerModule]:Starting HTTP Server on Port: 8077...
ERPImporta.exe: 00003C64: 18:39:19 [TUniServerModule]:HTTP Server Started on Port: 8077
ERPImporta.exe: 00004368: 18:39:27 [HandleFileRequest[127.0.0.1]]:File not found: C:\Projetos_WEB\ERP_Importa\files\images\Fundo1.jpg
ERPImporta.exe: 000009A4: 18:43:51 []:>--------------------------------------------------------------<
ERPImporta.exe: 000009A4: 18:43:51 [TUniServerModule]:Server First Init.
ERPImporta.exe: 000009A4: 18:43:51 [TUniServerModule]:Start Path = C:\Projetos_WEB\ERP_Importa\
ERPImporta.exe: 000009A4: 18:43:51 [TUniServerModule]:Debug Mode = ON
ERPImporta.exe: 000009A4: 18:43:52 [TUniServerModule]:Starting HTTP Server on Port: 8077...
ERPImporta.exe: 000009A4: 18:43:52 [TUniServerModule]:HTTP Server Started on Port: 8077
ERPImporta.exe: 00003150: 18:44:45 []:>--------------------------------------------------------------<
ERPImporta.exe: 00003150: 18:44:45 [TUniServerModule]:Server First Init.
ERPImporta.exe: 00003150: 18:44:45 [TUniServerModule]:Start Path = C:\Projetos_WEB\ERP_Importa\
ERPImporta.exe: 00003150: 18:44:45 [TUniServerModule]:Debug Mode = ON
ERPImporta.exe: 00003150: 18:44:45 [TUniGUISessionManager]:Cache erase job created, Folder count: [1]
ERPImporta.exe: 00003150: 18:44:45 [TUniServerModule]:Starting HTTP Server on Port: 8077...
ERPImporta.exe: 00003150: 18:44:45 [TUniServerModule]:HTTP Server Started on Port: 8077
ERPImporta.exe: 00003698: 18:46:07 []:>--------------------------------------------------------------<
ERPImporta.exe: 00003698: 18:46:07 [TUniServerModule]:Server First Init.
ERPImporta.exe: 00003698: 18:46:07 [TUniServerModule]:Start Path = C:\Projetos_WEB\ERP_Importa\
ERPImporta.exe: 00003698: 18:46:07 [TUniServerModule]:Debug Mode = ON
ERPImporta.exe: 00003698: 18:46:08 [TUniServerModule]:Starting HTTP Server on Port: 8077...
ERPImporta.exe: 00003698: 18:46:08 [TUniServerModule]:HTTP Server Started on Port: 8077
ERPImporta.exe: 00002FCC: 18:48:17 []:>--------------------------------------------------------------<
ERPImporta.exe: 00002FCC: 18:48:17 [TUniServerModule]:Server First Init.
ERPImporta.exe: 00002FCC: 18:48:17 [TUniServerModule]:Start Path = C:\Projetos_WEB\ERP_Importa\
ERPImporta.exe: 00002FCC: 18:48:17 [TUniServerModule]:Debug Mode = ON
ERPImporta.exe: 00002FCC: 18:48:17 [TUniServerModule]:Starting HTTP Server on Port: 8077...
ERPImporta.exe: 00002FCC: 18:48:17 [TUniServerModule]:HTTP Server Started on Port: 8077
ERPImporta.exe: 00004210: 18:49:54 []:>--------------------------------------------------------------<
ERPImporta.exe: 00004210: 18:49:54 [TUniServerModule]:Server First Init.
ERPImporta.exe: 00004210: 18:49:54 [TUniServerModule]:Start Path = C:\Projetos_WEB\ERP_Importa\
ERPImporta.exe: 00004210: 18:49:54 [TUniServerModule]:Debug Mode = ON
ERPImporta.exe: 00004210: 18:49:54 [TUniServerModule]:Starting HTTP Server on Port: 8077...
ERPImporta.exe: 00004210: 18:49:54 [TUniServerModule]:HTTP Server Started on Port: 8077
ERPImporta.exe: 0000086C: 18:50:58 []:>--------------------------------------------------------------<
ERPImporta.exe: 0000086C: 18:50:58 [TUniServerModule]:Server First Init.
ERPImporta.exe: 0000086C: 18:50:58 [TUniServerModule]:Start Path = C:\Projetos_WEB\ERP_Importa\
ERPImporta.exe: 0000086C: 18:50:58 [TUniServerModule]:Debug Mode = ON
ERPImporta.exe: 0000086C: 18:50:58 [TUniServerModule]:Starting HTTP Server on Port: 8077...
ERPImporta.exe: 0000086C: 18:50:58 [TUniServerModule]:HTTP Server Started on Port: 8077
