ERPImporta.exe: 00003468: 09:27:05 []:>--------------------------------------------------------------<
ERPImporta.exe: 00003468: 09:27:05 [TUniServerModule]:Server First Init.
ERPImporta.exe: 00003468: 09:27:05 [TUniServerModule]:Start Path = C:\Projetos_WEB\ERP_Importa\
ERPImporta.exe: 00003468: 09:27:05 [TUniServerModule]:Debug Mode = ON
ERPImporta.exe: 00003468: 09:27:05 [TUniGUISessionManager]:Cache erase job created, Folder count: [1]
ERPImporta.exe: 00003468: 09:27:05 [TUniServerModule]:Starting HTTP Server on Port: 8077...
ERPImporta.exe: 00003468: 09:27:05 [TUniServerModule]:HTTP Server Started on Port: 8077
ERPImporta.exe: 00003248: 09:28:00 []:>--------------------------------------------------------------<
ERPImporta.exe: 00003248: 09:28:00 [TUniServerModule]:Server First Init.
ERPImporta.exe: 00003248: 09:28:00 [TUniServerModule]:Start Path = C:\Projetos_WEB\ERP_Importa\
ERPImporta.exe: 00003248: 09:28:00 [TUniServerModule]:Debug Mode = ON
ERPImporta.exe: 00003248: 09:28:00 [TUniServerModule]:Starting HTTP Server on Port: 8077...
ERPImporta.exe: 00003248: 09:28:00 [TUniServerModule]:HTTP Server Started on Port: 8077
ERPImporta.exe: 00000950: 09:28:55 []:>--------------------------------------------------------------<
ERPImporta.exe: 00000950: 09:28:55 [TUniServerModule]:Server First Init.
ERPImporta.exe: 00000950: 09:28:55 [TUniServerModule]:Start Path = C:\Projetos_WEB\ERP_Importa\
ERPImporta.exe: 00000950: 09:28:56 [TUniServerModule]:Debug Mode = ON
ERPImporta.exe: 00000950: 09:28:56 [TUniServerModule]:Starting HTTP Server on Port: 8077...
ERPImporta.exe: 00000950: 09:28:56 [TUniServerModule]:HTTP Server Started on Port: 8077
ERPImporta.exe: 0000324C: 09:28:58 [HandleFileRequest[127.0.0.1]]:File not found: C:\Program Files (x86)\FMSoft\Framework\unigui\ext-7.8.0\build\packages\ux\classic\aria\resources\ux-all.css
ERPImporta.exe: 00001BB4: 09:28:58 [HandleFileRequest[127.0.0.1]]:File not found: C:\Program Files (x86)\FMSoft\Framework\unigui\ext-7.8.0\ext-addons\packages\calendar\build\classic\aria\resources\calendar-all.css
ERPImporta.exe: 00003490: 09:29:47 []:>--------------------------------------------------------------<
ERPImporta.exe: 00003490: 09:29:47 [TUniServerModule]:Server First Init.
ERPImporta.exe: 00003490: 09:29:47 [TUniServerModule]:Start Path = C:\Projetos_WEB\ERP_Importa\
ERPImporta.exe: 00003490: 09:29:47 [TUniServerModule]:Debug Mode = ON
ERPImporta.exe: 00003490: 09:29:48 [TUniServerModule]:Starting HTTP Server on Port: 8077...
ERPImporta.exe: 00003490: 09:29:48 [TUniServerModule]:HTTP Server Started on Port: 8077
ERPImporta.exe: 0000276C: 09:29:49 [HandleFileRequest[127.0.0.1]]:File not found: C:\Program Files (x86)\FMSoft\Framework\unigui\ext-7.8.0\ext-addons\packages\calendar\build\classic\graphite\resources\calendar-all.css
ERPImporta.exe: 00001048: 09:29:54 [HandleFileRequest[127.0.0.1]]:File not found: C:\Program Files (x86)\FMSoft\Framework\unigui\ext-7.8.0\build\classic\theme-graphite\resources\fonts\OpenSans-Regular.ttf
ERPImporta.exe: 00002610: 09:31:12 []:>--------------------------------------------------------------<
ERPImporta.exe: 00002610: 09:31:12 [TUniServerModule]:Server First Init.
ERPImporta.exe: 00002610: 09:31:12 [TUniServerModule]:Start Path = C:\Projetos_WEB\ERP_Importa\
ERPImporta.exe: 00002610: 09:31:12 [TUniServerModule]:Debug Mode = ON
ERPImporta.exe: 00002610: 09:31:12 [TUniServerModule]:Starting HTTP Server on Port: 8077...
ERPImporta.exe: 00002610: 09:31:12 [TUniServerModule]:HTTP Server Started on Port: 8077
ERPImporta.exe: 000016D8: 09:32:06 []:>--------------------------------------------------------------<
ERPImporta.exe: 000016D8: 09:32:06 [TUniServerModule]:Server First Init.
ERPImporta.exe: 000016D8: 09:32:06 [TUniServerModule]:Start Path = C:\Projetos_WEB\ERP_Importa\
ERPImporta.exe: 000016D8: 09:32:06 [TUniServerModule]:Debug Mode = ON
ERPImporta.exe: 000016D8: 09:32:07 [TUniServerModule]:Starting HTTP Server on Port: 8077...
ERPImporta.exe: 000016D8: 09:32:07 [TUniServerModule]:HTTP Server Started on Port: 8077
ERPImporta.exe: 000028F0: 09:33:07 []:>--------------------------------------------------------------<
ERPImporta.exe: 000028F0: 09:33:07 [TUniServerModule]:Server First Init.
ERPImporta.exe: 000028F0: 09:33:07 [TUniServerModule]:Start Path = C:\Projetos_WEB\ERP_Importa\
ERPImporta.exe: 000028F0: 09:33:07 [TUniServerModule]:Debug Mode = ON
ERPImporta.exe: 000028F0: 09:33:07 [TUniServerModule]:Starting HTTP Server on Port: 8077...
ERPImporta.exe: 000028F0: 09:33:07 [TUniServerModule]:HTTP Server Started on Port: 8077
ERPImporta.exe: 000016EC: 09:34:54 []:>--------------------------------------------------------------<
ERPImporta.exe: 000016EC: 09:34:54 [TUniServerModule]:Server First Init.
ERPImporta.exe: 000016EC: 09:34:54 [TUniServerModule]:Start Path = C:\Projetos_WEB\ERP_Importa\
ERPImporta.exe: 000016EC: 09:34:54 [TUniServerModule]:Debug Mode = ON
ERPImporta.exe: 000016EC: 09:34:54 [TUniServerModule]:Starting HTTP Server on Port: 8077...
ERPImporta.exe: 000016EC: 09:34:54 [TUniServerModule]:HTTP Server Started on Port: 8077
ERPImporta.exe: 000027B4: 09:35:39 []:>--------------------------------------------------------------<
ERPImporta.exe: 000027B4: 09:35:39 [TUniServerModule]:Server First Init.
ERPImporta.exe: 000027B4: 09:35:40 [TUniServerModule]:Start Path = C:\Projetos_WEB\ERP_Importa\
ERPImporta.exe: 000027B4: 09:35:40 [TUniServerModule]:Debug Mode = ON
ERPImporta.exe: 000027B4: 09:35:40 [TUniServerModule]:Starting HTTP Server on Port: 8077...
ERPImporta.exe: 000027B4: 09:35:40 [TUniServerModule]:HTTP Server Started on Port: 8077
ERPImporta.exe: 000023CC: 09:39:12 []:>--------------------------------------------------------------<
ERPImporta.exe: 000023CC: 09:39:12 [TUniServerModule]:Server First Init.
ERPImporta.exe: 000023CC: 09:39:12 [TUniServerModule]:Start Path = C:\Projetos_WEB\ERP_Importa\
ERPImporta.exe: 000023CC: 09:39:12 [TUniServerModule]:Debug Mode = ON
ERPImporta.exe: 000023CC: 09:39:13 [TUniServerModule]:Starting HTTP Server on Port: 8077...
ERPImporta.exe: 000023CC: 09:39:13 [TUniServerModule]:HTTP Server Started on Port: 8077
ERPImporta.exe: 00000B1C: 10:00:25 []:>--------------------------------------------------------------<
ERPImporta.exe: 00000B1C: 10:00:25 [TUniServerModule]:Server First Init.
ERPImporta.exe: 00000B1C: 10:00:25 [TUniServerModule]:Start Path = C:\Projetos_WEB\ERP_Importa\
ERPImporta.exe: 00000B1C: 10:00:25 [TUniServerModule]:Debug Mode = ON
ERPImporta.exe: 00000B1C: 10:00:26 [TUniServerModule]:Starting HTTP Server on Port: 8077...
ERPImporta.exe: 00000B1C: 10:00:26 [TUniServerModule]:HTTP Server Started on Port: 8077
ERPImporta.exe: 00000640: 10:01:00 []:>--------------------------------------------------------------<
ERPImporta.exe: 00000640: 10:01:00 [TUniServerModule]:Server First Init.
ERPImporta.exe: 00000640: 10:01:00 [TUniServerModule]:Start Path = C:\Projetos_WEB\ERP_Importa\
ERPImporta.exe: 00000640: 10:01:00 [TUniServerModule]:Debug Mode = ON
ERPImporta.exe: 00000640: 10:01:00 [TUniServerModule]:Starting HTTP Server on Port: 8077...
ERPImporta.exe: 00000640: 10:01:00 [TUniServerModule]:HTTP Server Started on Port: 8077
