ERPImporta.exe: 0000066C: 10:43:58 []:>--------------------------------------------------------------<
ERPImporta.exe: 0000066C: 10:43:58 [TUniServerModule]:Server First Init.
ERPImporta.exe: 0000066C: 10:43:58 [TUniServerModule]:Start Path = C:\Projetos_WEB\ERP_Importa\
ERPImporta.exe: 0000066C: 10:43:58 [TUniServerModule]:Debug Mode = ON
ERPImporta.exe: 0000066C: 10:43:58 [TUniGUISessionManager]:Cache erase job created, Folder count: [1]
ERPImporta.exe: 0000066C: 10:43:59 [TUniServerModule]:Starting HTTP Server on Port: 8077...
ERPImporta.exe: 0000066C: 10:43:59 [TUniServerModule]:HTTP Server Started on Port: 8077
ERPImporta.exe: 00000DB4: 10:50:34 []:>--------------------------------------------------------------<
ERPImporta.exe: 00000DB4: 10:50:34 [TUniServerModule]:Server First Init.
ERPImporta.exe: 00000DB4: 10:50:34 [TUniServerModule]:Start Path = C:\Projetos_WEB\ERP_Importa\
ERPImporta.exe: 00000DB4: 10:50:34 [TUniServerModule]:Debug Mode = ON
ERPImporta.exe: 00000DB4: 10:50:34 [TUniGUISessionManager]:Cache erase job created, Folder count: [1]
ERPImporta.exe: 00000DB4: 10:50:35 [TUniServerModule]:Starting HTTP Server on Port: 8077...
ERPImporta.exe: 00000DB4: 10:50:35 [TUniServerModule]:HTTP Server Started on Port: 8077
ERPImporta.exe: 00001360: 10:53:42 []:>--------------------------------------------------------------<
ERPImporta.exe: 00001360: 10:53:42 [TUniServerModule]:Server First Init.
ERPImporta.exe: 00001360: 10:53:42 [TUniServerModule]:Start Path = C:\Projetos_WEB\ERP_Importa\
ERPImporta.exe: 00001360: 10:53:42 [TUniServerModule]:Debug Mode = ON
ERPImporta.exe: 00001360: 10:53:42 [TUniGUISessionManager]:Cache erase job created, Folder count: [1]
ERPImporta.exe: 00001360: 10:53:42 [TUniServerModule]:Starting HTTP Server on Port: 8077...
ERPImporta.exe: 00001360: 10:53:42 [TUniServerModule]:HTTP Server Started on Port: 8077
ERPImporta.exe: 000011F8: 10:56:42 []:>--------------------------------------------------------------<
ERPImporta.exe: 000011F8: 10:56:42 [TUniServerModule]:Server First Init.
ERPImporta.exe: 000011F8: 10:56:42 [TUniServerModule]:Start Path = C:\Projetos_WEB\ERP_Importa\
ERPImporta.exe: 000011F8: 10:56:42 [TUniServerModule]:Debug Mode = ON
ERPImporta.exe: 000011F8: 10:56:42 [TUniGUISessionManager]:Cache erase job created, Folder count: [1]
ERPImporta.exe: 000011F8: 10:56:42 [TUniServerModule]:Starting HTTP Server on Port: 8077...
ERPImporta.exe: 000011F8: 10:56:42 [TUniServerModule]:HTTP Server Started on Port: 8077
ERPImporta.exe: 00003424: 10:58:05 []:>--------------------------------------------------------------<
ERPImporta.exe: 00003424: 10:58:05 [TUniServerModule]:Server First Init.
ERPImporta.exe: 00003424: 10:58:05 [TUniServerModule]:Start Path = C:\Projetos_WEB\ERP_Importa\
ERPImporta.exe: 00003424: 10:58:05 [TUniServerModule]:Debug Mode = ON
ERPImporta.exe: 00003424: 10:58:06 [TUniServerModule]:Starting HTTP Server on Port: 8077...
ERPImporta.exe: 00003424: 10:58:06 [TUniServerModule]:HTTP Server Started on Port: 8077
ERPImporta.exe: 00002C98: 10:59:23 []:>--------------------------------------------------------------<
ERPImporta.exe: 00002C98: 10:59:23 [TUniServerModule]:Server First Init.
ERPImporta.exe: 00002C98: 10:59:23 [TUniServerModule]:Start Path = C:\Projetos_WEB\ERP_Importa\
ERPImporta.exe: 00002C98: 10:59:23 [TUniServerModule]:Debug Mode = ON
ERPImporta.exe: 00002C98: 10:59:23 [TUniServerModule]:Starting HTTP Server on Port: 8077...
ERPImporta.exe: 00002C98: 10:59:23 [TUniServerModule]:HTTP Server Started on Port: 8077
ERPImporta.exe: 000016A8: 11:01:33 []:>--------------------------------------------------------------<
ERPImporta.exe: 000016A8: 11:01:33 [TUniServerModule]:Server First Init.
ERPImporta.exe: 000016A8: 11:01:33 [TUniServerModule]:Start Path = C:\Projetos_WEB\ERP_Importa\
ERPImporta.exe: 000016A8: 11:01:33 [TUniServerModule]:Debug Mode = ON
ERPImporta.exe: 000016A8: 11:01:34 [TUniServerModule]:Starting HTTP Server on Port: 8077...
ERPImporta.exe: 000016A8: 11:01:34 [TUniServerModule]:HTTP Server Started on Port: 8077
ERPImporta.exe: 000002D0: 11:02:22 []:>--------------------------------------------------------------<
ERPImporta.exe: 000002D0: 11:02:22 [TUniServerModule]:Server First Init.
ERPImporta.exe: 000002D0: 11:02:22 [TUniServerModule]:Start Path = C:\Projetos_WEB\ERP_Importa\
ERPImporta.exe: 000002D0: 11:02:22 [TUniServerModule]:Debug Mode = ON
ERPImporta.exe: 000002D0: 11:02:22 [TUniGUISessionManager]:Cache erase job created, Folder count: [1]
ERPImporta.exe: 000002D0: 11:02:22 [TUniServerModule]:Starting HTTP Server on Port: 8077...
ERPImporta.exe: 000002D0: 11:02:22 [TUniServerModule]:HTTP Server Started on Port: 8077
ERPImporta.exe: 00001964: 11:03:13 []:>--------------------------------------------------------------<
ERPImporta.exe: 00001964: 11:03:13 [TUniServerModule]:Server First Init.
ERPImporta.exe: 00001964: 11:03:13 [TUniServerModule]:Start Path = C:\Projetos_WEB\ERP_Importa\
ERPImporta.exe: 00001964: 11:03:13 [TUniServerModule]:Debug Mode = ON
ERPImporta.exe: 00001964: 11:03:14 [TUniServerModule]:Starting HTTP Server on Port: 8077...
ERPImporta.exe: 00001964: 11:03:14 [TUniServerModule]:HTTP Server Started on Port: 8077
ERPImporta.exe: 00001A40: 11:14:38 [127.0.0.1]:EUniSessionException : Sessão inváilda ou tempo da sessão expirado. (Session not found: WriO1jyWMl1114ED40B ) : Addr: $007D0FCC
ERPImporta.exe: 00002D1C: 11:23:51 []:>--------------------------------------------------------------<
ERPImporta.exe: 00002D1C: 11:23:51 [TUniServerModule]:Server First Init.
ERPImporta.exe: 00002D1C: 11:23:51 [TUniServerModule]:Start Path = C:\Projetos_WEB\ERP_Importa\
ERPImporta.exe: 00002D1C: 11:23:51 [TUniServerModule]:Debug Mode = ON
ERPImporta.exe: 00002D1C: 11:23:51 [TUniServerModule]:Starting HTTP Server on Port: 8077...
ERPImporta.exe: 00002D1C: 11:23:51 [TUniServerModule]:HTTP Server Started on Port: 8077
ERPImporta.exe: 00002E54: 11:25:10 []:>--------------------------------------------------------------<
ERPImporta.exe: 00002E54: 11:25:10 [TUniServerModule]:Server First Init.
ERPImporta.exe: 00002E54: 11:25:10 [TUniServerModule]:Start Path = C:\Projetos_WEB\ERP_Importa\
ERPImporta.exe: 00002E54: 11:25:10 [TUniServerModule]:Debug Mode = ON
ERPImporta.exe: 00002E54: 11:25:10 [TUniServerModule]:Starting HTTP Server on Port: 8077...
ERPImporta.exe: 00002E54: 11:25:10 [TUniServerModule]:HTTP Server Started on Port: 8077
ERPImporta.exe: 00002504: 11:27:56 []:>--------------------------------------------------------------<
ERPImporta.exe: 00002504: 11:27:56 [TUniServerModule]:Server First Init.
ERPImporta.exe: 00002504: 11:27:56 [TUniServerModule]:Start Path = C:\Projetos_WEB\ERP_Importa\
ERPImporta.exe: 00002504: 11:27:56 [TUniServerModule]:Debug Mode = ON
ERPImporta.exe: 00002504: 11:27:56 [TUniServerModule]:Starting HTTP Server on Port: 8077...
ERPImporta.exe: 00002504: 11:27:56 [TUniServerModule]:HTTP Server Started on Port: 8077
ERPImporta.exe: 00001A8C: 11:31:04 []:>--------------------------------------------------------------<
ERPImporta.exe: 00001A8C: 11:31:04 [TUniServerModule]:Server First Init.
ERPImporta.exe: 00001A8C: 11:31:04 [TUniServerModule]:Start Path = C:\Projetos_WEB\ERP_Importa\
ERPImporta.exe: 00001A8C: 11:31:04 [TUniServerModule]:Debug Mode = ON
ERPImporta.exe: 00001A8C: 11:31:04 [TUniGUISessionManager]:Cache erase job created, Folder count: [1]
ERPImporta.exe: 00001A8C: 11:31:04 [TUniServerModule]:Starting HTTP Server on Port: 8077...
ERPImporta.exe: 00001A8C: 11:31:04 [TUniServerModule]:HTTP Server Started on Port: 8077
ERPImporta.exe: 0000227C: 11:33:34 []:>--------------------------------------------------------------<
ERPImporta.exe: 0000227C: 11:33:34 [TUniServerModule]:Server First Init.
ERPImporta.exe: 0000227C: 11:33:34 [TUniServerModule]:Start Path = C:\Projetos_WEB\ERP_Importa\
ERPImporta.exe: 0000227C: 11:33:34 [TUniServerModule]:Debug Mode = ON
ERPImporta.exe: 0000227C: 11:33:34 [TUniServerModule]:Starting HTTP Server on Port: 8077...
ERPImporta.exe: 0000227C: 11:33:34 [TUniServerModule]:HTTP Server Started on Port: 8077
ERPImporta.exe: 00001534: 11:35:14 []:>--------------------------------------------------------------<
ERPImporta.exe: 00001534: 11:35:14 [TUniServerModule]:Server First Init.
ERPImporta.exe: 00001534: 11:35:14 [TUniServerModule]:Start Path = C:\Projetos_WEB\ERP_Importa\
ERPImporta.exe: 00001534: 11:35:14 [TUniServerModule]:Debug Mode = ON
ERPImporta.exe: 00001534: 11:35:14 [TUniServerModule]:Starting HTTP Server on Port: 8077...
ERPImporta.exe: 00001534: 11:35:15 [TUniServerModule]:HTTP Server Started on Port: 8077
ERPImporta.exe: 00002360: 11:36:06 []:>--------------------------------------------------------------<
ERPImporta.exe: 00002360: 11:36:06 [TUniServerModule]:Server First Init.
ERPImporta.exe: 00002360: 11:36:06 [TUniServerModule]:Start Path = C:\Projetos_WEB\ERP_Importa\
ERPImporta.exe: 00002360: 11:36:06 [TUniServerModule]:Debug Mode = ON
ERPImporta.exe: 00002360: 11:36:06 [TUniServerModule]:Starting HTTP Server on Port: 8077...
ERPImporta.exe: 00002360: 11:36:06 [TUniServerModule]:HTTP Server Started on Port: 8077
ERPImporta.exe: 00000AF0: 11:39:23 []:>--------------------------------------------------------------<
ERPImporta.exe: 00000AF0: 11:39:23 [TUniServerModule]:Server First Init.
ERPImporta.exe: 00000AF0: 11:39:23 [TUniServerModule]:Start Path = C:\Projetos_WEB\ERP_Importa\
ERPImporta.exe: 00000AF0: 11:39:23 [TUniServerModule]:Debug Mode = ON
ERPImporta.exe: 00000AF0: 11:39:23 [TUniServerModule]:Starting HTTP Server on Port: 8077...
ERPImporta.exe: 00000AF0: 11:39:23 [TUniServerModule]:HTTP Server Started on Port: 8077
ERPImporta.exe: 00002320: 11:40:22 []:>--------------------------------------------------------------<
ERPImporta.exe: 00002320: 11:40:22 [TUniServerModule]:Server First Init.
ERPImporta.exe: 00002320: 11:40:22 [TUniServerModule]:Start Path = C:\Projetos_WEB\ERP_Importa\
ERPImporta.exe: 00002320: 11:40:22 [TUniServerModule]:Debug Mode = ON
ERPImporta.exe: 00002320: 11:40:22 [TUniServerModule]:Starting HTTP Server on Port: 8077...
ERPImporta.exe: 00002320: 11:40:22 [TUniServerModule]:HTTP Server Started on Port: 8077
ERPImporta.exe: 00001B5C: 11:41:14 []:>--------------------------------------------------------------<
ERPImporta.exe: 00001B5C: 11:41:14 [TUniServerModule]:Server First Init.
ERPImporta.exe: 00001B5C: 11:41:14 [TUniServerModule]:Start Path = C:\Projetos_WEB\ERP_Importa\
ERPImporta.exe: 00001B5C: 11:41:14 [TUniServerModule]:Debug Mode = ON
ERPImporta.exe: 00001B5C: 11:41:14 [TUniGUISessionManager]:Cache erase job created, Folder count: [1]
ERPImporta.exe: 00001B5C: 11:41:14 [TUniServerModule]:Starting HTTP Server on Port: 8077...
ERPImporta.exe: 00001B5C: 11:41:14 [TUniServerModule]:HTTP Server Started on Port: 8077
ERPImporta.exe: 00001F98: 11:42:06 []:>--------------------------------------------------------------<
ERPImporta.exe: 00001F98: 11:42:06 [TUniServerModule]:Server First Init.
ERPImporta.exe: 00001F98: 11:42:06 [TUniServerModule]:Start Path = C:\Projetos_WEB\ERP_Importa\
ERPImporta.exe: 00001F98: 11:42:06 [TUniServerModule]:Debug Mode = ON
ERPImporta.exe: 00001F98: 11:42:07 [TUniServerModule]:Starting HTTP Server on Port: 8077...
ERPImporta.exe: 00001F98: 11:42:07 [TUniServerModule]:HTTP Server Started on Port: 8077
ERPImporta.exe: 00002B50: 11:43:01 []:>--------------------------------------------------------------<
ERPImporta.exe: 00002B50: 11:43:01 [TUniServerModule]:Server First Init.
ERPImporta.exe: 00002B50: 11:43:01 [TUniServerModule]:Start Path = C:\Projetos_WEB\ERP_Importa\
ERPImporta.exe: 00002B50: 11:43:01 [TUniServerModule]:Debug Mode = ON
ERPImporta.exe: 00002B50: 11:43:01 [TUniServerModule]:Starting HTTP Server on Port: 8077...
ERPImporta.exe: 00002B50: 11:43:01 [TUniServerModule]:HTTP Server Started on Port: 8077
ERPImporta.exe: 00001614: 11:43:52 []:>--------------------------------------------------------------<
ERPImporta.exe: 00001614: 11:43:52 [TUniServerModule]:Server First Init.
ERPImporta.exe: 00001614: 11:43:52 [TUniServerModule]:Start Path = C:\Projetos_WEB\ERP_Importa\
ERPImporta.exe: 00001614: 11:43:52 [TUniServerModule]:Debug Mode = ON
ERPImporta.exe: 00001614: 11:43:53 [TUniServerModule]:Starting HTTP Server on Port: 8077...
ERPImporta.exe: 00001614: 11:43:53 [TUniServerModule]:HTTP Server Started on Port: 8077
ERPImporta.exe: 0000254C: 11:44:41 []:>--------------------------------------------------------------<
ERPImporta.exe: 0000254C: 11:44:41 [TUniServerModule]:Server First Init.
ERPImporta.exe: 0000254C: 11:44:41 [TUniServerModule]:Start Path = C:\Projetos_WEB\ERP_Importa\
ERPImporta.exe: 0000254C: 11:44:41 [TUniServerModule]:Debug Mode = ON
ERPImporta.exe: 0000254C: 11:44:41 [TUniServerModule]:Starting HTTP Server on Port: 8077...
ERPImporta.exe: 0000254C: 11:44:41 [TUniServerModule]:HTTP Server Started on Port: 8077
ERPImporta.exe: 00001A2C: 11:52:11 []:>--------------------------------------------------------------<
ERPImporta.exe: 00001A2C: 11:52:11 [TUniServerModule]:Server First Init.
ERPImporta.exe: 00001A2C: 11:52:11 [TUniServerModule]:Start Path = C:\Projetos_WEB\ERP_Importa\
ERPImporta.exe: 00001A2C: 11:52:11 [TUniServerModule]:Debug Mode = ON
ERPImporta.exe: 00001A2C: 11:52:11 [TUniGUISessionManager]:Cache erase job created, Folder count: [1]
ERPImporta.exe: 00001A2C: 11:52:11 [TUniServerModule]:Starting HTTP Server on Port: 8077...
ERPImporta.exe: 00001A2C: 11:52:11 [TUniServerModule]:HTTP Server Started on Port: 8077
ERPImporta.exe: 00000FEC: 11:52:16 [127.0.0.1]:EUniSessionException : Sessão inváilda ou tempo da sessão expirado. (Session not found: zOhbmXdksP1114EDF4A ) : Addr: $007D0FCC
ERPImporta.exe: 000020B4: 11:52:16 [127.0.0.1]:EUniSessionException : Sessão inváilda ou tempo da sessão expirado. (Session not found: zOhbmXdksP1114EDF4A ) : Addr: $007D0FCC
ERPImporta.exe: 00000B90: 11:57:17 []:>--------------------------------------------------------------<
ERPImporta.exe: 00000B90: 11:57:17 [TUniServerModule]:Server First Init.
ERPImporta.exe: 00000B90: 11:57:17 [TUniServerModule]:Start Path = C:\Projetos_WEB\ERP_Importa\
ERPImporta.exe: 00000B90: 11:57:17 [TUniServerModule]:Debug Mode = ON
ERPImporta.exe: 00000B90: 11:57:17 [TUniGUISessionManager]:Cache erase job created, Folder count: [1]
ERPImporta.exe: 00000B90: 11:57:17 [TUniServerModule]:Starting HTTP Server on Port: 8077...
ERPImporta.exe: 00000B90: 11:57:17 [TUniServerModule]:HTTP Server Started on Port: 8077
ERPImporta.exe: 00002B68: 12:06:59 []:>--------------------------------------------------------------<
ERPImporta.exe: 00002B68: 12:06:59 [TUniServerModule]:Server First Init.
ERPImporta.exe: 00002B68: 12:06:59 [TUniServerModule]:Start Path = C:\Projetos_WEB\ERP_Importa\
ERPImporta.exe: 00002B68: 12:06:59 [TUniServerModule]:Debug Mode = ON
ERPImporta.exe: 00002B68: 12:06:59 [TUniGUISessionManager]:Cache erase job created, Folder count: [1]
ERPImporta.exe: 00002B68: 12:07:00 [TUniServerModule]:Starting HTTP Server on Port: 8077...
ERPImporta.exe: 00002B68: 12:07:00 [TUniServerModule]:HTTP Server Started on Port: 8077
ERPImporta.exe: 000014D0: 12:08:39 []:>--------------------------------------------------------------<
ERPImporta.exe: 000014D0: 12:08:39 [TUniServerModule]:Server First Init.
ERPImporta.exe: 000014D0: 12:08:39 [TUniServerModule]:Start Path = C:\Projetos_WEB\ERP_Importa\
ERPImporta.exe: 000014D0: 12:08:39 [TUniServerModule]:Debug Mode = ON
ERPImporta.exe: 000014D0: 12:08:39 [TUniGUISessionManager]:Cache erase job created, Folder count: [1]
ERPImporta.exe: 000014D0: 12:08:39 [TUniServerModule]:Starting HTTP Server on Port: 8077...
ERPImporta.exe: 000014D0: 12:08:39 [TUniServerModule]:HTTP Server Started on Port: 8077
ERPImporta.exe: 00000E5C: 12:10:42 []:>--------------------------------------------------------------<
ERPImporta.exe: 00000E5C: 12:10:42 [TUniServerModule]:Server First Init.
ERPImporta.exe: 00000E5C: 12:10:42 [TUniServerModule]:Start Path = C:\Projetos_WEB\ERP_Importa\
ERPImporta.exe: 00000E5C: 12:10:42 [TUniServerModule]:Debug Mode = ON
ERPImporta.exe: 00000E5C: 12:10:42 [TUniServerModule]:Starting HTTP Server on Port: 8077...
ERPImporta.exe: 00000E5C: 12:10:42 [TUniServerModule]:HTTP Server Started on Port: 8077
ERPImporta.exe: 00000684: 12:13:55 []:>--------------------------------------------------------------<
ERPImporta.exe: 00000684: 12:13:55 [TUniServerModule]:Server First Init.
ERPImporta.exe: 00000684: 12:13:55 [TUniServerModule]:Start Path = C:\Projetos_WEB\ERP_Importa\
ERPImporta.exe: 00000684: 12:13:55 [TUniServerModule]:Debug Mode = ON
ERPImporta.exe: 00000684: 12:13:55 [TUniServerModule]:Starting HTTP Server on Port: 8077...
ERPImporta.exe: 00000684: 12:13:55 [TUniServerModule]:HTTP Server Started on Port: 8077
ERPImporta.exe: 000005AC: 12:14:55 []:>--------------------------------------------------------------<
ERPImporta.exe: 000005AC: 12:14:55 [TUniServerModule]:Server First Init.
ERPImporta.exe: 000005AC: 12:14:55 [TUniServerModule]:Start Path = C:\Projetos_WEB\ERP_Importa\
ERPImporta.exe: 000005AC: 12:14:55 [TUniServerModule]:Debug Mode = ON
ERPImporta.exe: 000005AC: 12:14:55 [TUniServerModule]:Starting HTTP Server on Port: 8077...
ERPImporta.exe: 000005AC: 12:14:55 [TUniServerModule]:HTTP Server Started on Port: 8077
ERPImporta.exe: 0000226C: 12:15:44 []:>--------------------------------------------------------------<
ERPImporta.exe: 0000226C: 12:15:44 [TUniServerModule]:Server First Init.
ERPImporta.exe: 0000226C: 12:15:44 [TUniServerModule]:Start Path = C:\Projetos_WEB\ERP_Importa\
ERPImporta.exe: 0000226C: 12:15:44 [TUniServerModule]:Debug Mode = ON
ERPImporta.exe: 0000226C: 12:15:44 [TUniGUISessionManager]:Cache erase job created, Folder count: [1]
ERPImporta.exe: 0000226C: 12:15:44 [TUniServerModule]:Starting HTTP Server on Port: 8077...
ERPImporta.exe: 0000226C: 12:15:44 [TUniServerModule]:HTTP Server Started on Port: 8077
ERPImporta.exe: 00000840: 12:16:46 []:>--------------------------------------------------------------<
ERPImporta.exe: 00000840: 12:16:46 [TUniServerModule]:Server First Init.
ERPImporta.exe: 00000840: 12:16:46 [TUniServerModule]:Start Path = C:\Projetos_WEB\ERP_Importa\
ERPImporta.exe: 00000840: 12:16:46 [TUniServerModule]:Debug Mode = ON
ERPImporta.exe: 00000840: 12:16:46 [TUniServerModule]:Starting HTTP Server on Port: 8077...
ERPImporta.exe: 00000840: 12:16:46 [TUniServerModule]:HTTP Server Started on Port: 8077
ERPImporta.exe: 00000438: 12:17:51 []:>--------------------------------------------------------------<
ERPImporta.exe: 00000438: 12:17:51 [TUniServerModule]:Server First Init.
ERPImporta.exe: 00000438: 12:17:51 [TUniServerModule]:Start Path = C:\Projetos_WEB\ERP_Importa\
ERPImporta.exe: 00000438: 12:17:51 [TUniServerModule]:Debug Mode = ON
ERPImporta.exe: 00000438: 12:17:51 [TUniServerModule]:Starting HTTP Server on Port: 8077...
ERPImporta.exe: 00000438: 12:17:51 [TUniServerModule]:HTTP Server Started on Port: 8077
ERPImporta.exe: 00003440: 12:18:41 []:>--------------------------------------------------------------<
ERPImporta.exe: 00003440: 12:18:41 [TUniServerModule]:Server First Init.
ERPImporta.exe: 00003440: 12:18:41 [TUniServerModule]:Start Path = C:\Projetos_WEB\ERP_Importa\
ERPImporta.exe: 00003440: 12:18:41 [TUniServerModule]:Debug Mode = ON
ERPImporta.exe: 00003440: 12:18:42 [TUniServerModule]:Starting HTTP Server on Port: 8077...
ERPImporta.exe: 00003440: 12:18:42 [TUniServerModule]:HTTP Server Started on Port: 8077
ERPImporta.exe: 00002BFC: 12:20:19 []:>--------------------------------------------------------------<
ERPImporta.exe: 00002BFC: 12:20:19 [TUniServerModule]:Server First Init.
ERPImporta.exe: 00002BFC: 12:20:19 [TUniServerModule]:Start Path = C:\Projetos_WEB\ERP_Importa\
ERPImporta.exe: 00002BFC: 12:20:19 [TUniServerModule]:Debug Mode = ON
ERPImporta.exe: 00002BFC: 12:20:19 [TUniServerModule]:Starting HTTP Server on Port: 8077...
ERPImporta.exe: 00002BFC: 12:20:19 [TUniServerModule]:HTTP Server Started on Port: 8077
ERPImporta.exe: 00000BF8: 12:21:04 []:>--------------------------------------------------------------<
ERPImporta.exe: 00000BF8: 12:21:04 [TUniServerModule]:Server First Init.
ERPImporta.exe: 00000BF8: 12:21:04 [TUniServerModule]:Start Path = C:\Projetos_WEB\ERP_Importa\
ERPImporta.exe: 00000BF8: 12:21:04 [TUniServerModule]:Debug Mode = ON
ERPImporta.exe: 00000BF8: 12:21:04 [TUniGUISessionManager]:Cache erase job created, Folder count: [1]
ERPImporta.exe: 00000BF8: 12:21:04 [TUniServerModule]:Starting HTTP Server on Port: 8077...
ERPImporta.exe: 00000BF8: 12:21:04 [TUniServerModule]:HTTP Server Started on Port: 8077
ERPImporta.exe: 00002C90: 12:23:15 []:>--------------------------------------------------------------<
ERPImporta.exe: 00002C90: 12:23:15 [TUniServerModule]:Server First Init.
ERPImporta.exe: 00002C90: 12:23:15 [TUniServerModule]:Start Path = C:\Projetos_WEB\ERP_Importa\
ERPImporta.exe: 00002C90: 12:23:15 [TUniServerModule]:Debug Mode = ON
ERPImporta.exe: 00002C90: 12:23:15 [TUniServerModule]:Starting HTTP Server on Port: 8077...
ERPImporta.exe: 00002C90: 12:23:15 [TUniServerModule]:HTTP Server Started on Port: 8077
ERPImporta.exe: 00003C8C: 12:27:27 []:>--------------------------------------------------------------<
ERPImporta.exe: 00003C8C: 12:27:27 [TUniServerModule]:Server First Init.
ERPImporta.exe: 00003C8C: 12:27:27 [TUniServerModule]:Start Path = C:\Projetos_WEB\ERP_Importa\
ERPImporta.exe: 00003C8C: 12:27:27 [TUniServerModule]:Debug Mode = ON
ERPImporta.exe: 00003C8C: 12:27:27 [TUniServerModule]:Starting HTTP Server on Port: 8077...
ERPImporta.exe: 00003C8C: 12:27:27 [TUniServerModule]:HTTP Server Started on Port: 8077
ERPImporta.exe: 00003740: 12:28:21 []:>--------------------------------------------------------------<
ERPImporta.exe: 00003740: 12:28:21 [TUniServerModule]:Server First Init.
ERPImporta.exe: 00003740: 12:28:21 [TUniServerModule]:Start Path = C:\Projetos_WEB\ERP_Importa\
ERPImporta.exe: 00003740: 12:28:21 [TUniServerModule]:Debug Mode = ON
ERPImporta.exe: 00003740: 12:28:21 [TUniServerModule]:Starting HTTP Server on Port: 8077...
ERPImporta.exe: 00003740: 12:28:21 [TUniServerModule]:HTTP Server Started on Port: 8077
ERPImporta.exe: 00003BF0: 12:29:16 []:>--------------------------------------------------------------<
ERPImporta.exe: 00003BF0: 12:29:16 [TUniServerModule]:Server First Init.
ERPImporta.exe: 00003BF0: 12:29:16 [TUniServerModule]:Start Path = C:\Projetos_WEB\ERP_Importa\
ERPImporta.exe: 00003BF0: 12:29:16 [TUniServerModule]:Debug Mode = ON
ERPImporta.exe: 00003BF0: 12:29:16 [TUniGUISessionManager]:Cache erase job created, Folder count: [1]
ERPImporta.exe: 00003BF0: 12:29:16 [TUniServerModule]:Starting HTTP Server on Port: 8077...
ERPImporta.exe: 00003BF0: 12:29:16 [TUniServerModule]:HTTP Server Started on Port: 8077
ERPImporta.exe: 00002B44: 12:31:22 []:>--------------------------------------------------------------<
ERPImporta.exe: 00002B44: 12:31:22 [TUniServerModule]:Server First Init.
ERPImporta.exe: 00002B44: 12:31:22 [TUniServerModule]:Start Path = C:\Projetos_WEB\ERP_Importa\
ERPImporta.exe: 00002B44: 12:31:22 [TUniServerModule]:Debug Mode = ON
ERPImporta.exe: 00002B44: 12:31:22 [TUniServerModule]:Starting HTTP Server on Port: 8077...
ERPImporta.exe: 00002B44: 12:31:22 [TUniServerModule]:HTTP Server Started on Port: 8077
ERPImporta.exe: 00000E4C: 12:32:50 []:>--------------------------------------------------------------<
ERPImporta.exe: 00000E4C: 12:32:50 [TUniServerModule]:Server First Init.
ERPImporta.exe: 00000E4C: 12:32:50 [TUniServerModule]:Start Path = C:\Projetos_WEB\ERP_Importa\
ERPImporta.exe: 00000E4C: 12:32:50 [TUniServerModule]:Debug Mode = ON
ERPImporta.exe: 00000E4C: 12:32:51 [TUniServerModule]:Starting HTTP Server on Port: 8077...
ERPImporta.exe: 00000E4C: 12:32:51 [TUniServerModule]:HTTP Server Started on Port: 8077
ERPImporta.exe: 000035C4: 12:34:01 []:>--------------------------------------------------------------<
ERPImporta.exe: 000035C4: 12:34:01 [TUniServerModule]:Server First Init.
ERPImporta.exe: 000035C4: 12:34:01 [TUniServerModule]:Start Path = C:\Projetos_WEB\ERP_Importa\
ERPImporta.exe: 000035C4: 12:34:01 [TUniServerModule]:Debug Mode = ON
ERPImporta.exe: 000035C4: 12:34:01 [TUniServerModule]:Starting HTTP Server on Port: 8077...
ERPImporta.exe: 000035C4: 12:34:01 [TUniServerModule]:HTTP Server Started on Port: 8077
ERPImporta.exe: 0000088C: 16:35:19 []:>--------------------------------------------------------------<
ERPImporta.exe: 0000088C: 16:35:19 [TUniServerModule]:Server First Init.
ERPImporta.exe: 0000088C: 16:35:19 [TUniServerModule]:Start Path = C:\Projetos_WEB\ERP_Importa\
ERPImporta.exe: 0000088C: 16:35:19 [TUniServerModule]:Debug Mode = ON
ERPImporta.exe: 0000088C: 16:35:20 [TUniServerModule]:Starting HTTP Server on Port: 8077...
ERPImporta.exe: 0000088C: 16:35:20 [TUniServerModule]:HTTP Server Started on Port: 8077
ERPImporta.exe: 00002D54: 16:36:10 [[FireDAC][Phys][ODBC][Microsoft][SQL Server Native Client 11.0][SQL Server]Invalid column name 'Origem_Mercadoria'.-127.0.0.1]:EMSSQLNativeException : [FireDAC][Phys][ODBC][Microsoft][SQL Server Native Client 11.0][SQL Server]Invalid column name 'Origem_Mercadoria'. : Addr: $008E1D71
ERPImporta.exe: 00001A10: 16:37:08 []:>--------------------------------------------------------------<
ERPImporta.exe: 00001A10: 16:37:08 [TUniServerModule]:Server First Init.
ERPImporta.exe: 00001A10: 16:37:08 [TUniServerModule]:Start Path = C:\Projetos_WEB\ERP_Importa\
ERPImporta.exe: 00001A10: 16:37:08 [TUniServerModule]:Debug Mode = ON
ERPImporta.exe: 00001A10: 16:37:08 [TUniServerModule]:Starting HTTP Server on Port: 8077...
ERPImporta.exe: 00001A10: 16:37:08 [TUniServerModule]:HTTP Server Started on Port: 8077
ERPImporta.exe: 00003880: 16:38:16 []:>--------------------------------------------------------------<
ERPImporta.exe: 00003880: 16:38:16 [TUniServerModule]:Server First Init.
ERPImporta.exe: 00003880: 16:38:16 [TUniServerModule]:Start Path = C:\Projetos_WEB\ERP_Importa\
ERPImporta.exe: 00003880: 16:38:16 [TUniServerModule]:Debug Mode = ON
ERPImporta.exe: 00003880: 16:38:16 [TUniServerModule]:Starting HTTP Server on Port: 8077...
ERPImporta.exe: 00003880: 16:38:16 [TUniServerModule]:HTTP Server Started on Port: 8077
ERPImporta.exe: 00001B5C: 16:38:41 []:>--------------------------------------------------------------<
ERPImporta.exe: 00001B5C: 16:38:41 [TUniServerModule]:Server First Init.
ERPImporta.exe: 00001B5C: 16:38:41 [TUniServerModule]:Start Path = C:\Projetos_WEB\ERP_Importa\
ERPImporta.exe: 00001B5C: 16:38:41 [TUniServerModule]:Debug Mode = ON
ERPImporta.exe: 00001B5C: 16:38:41 [TUniGUISessionManager]:Cache erase job created, Folder count: [1]
ERPImporta.exe: 00001B5C: 16:38:42 [TUniServerModule]:Starting HTTP Server on Port: 8077...
ERPImporta.exe: 00001B5C: 16:38:42 [TUniServerModule]:HTTP Server Started on Port: 8077
ERPImporta.exe: 000035B4: 16:41:30 []:>--------------------------------------------------------------<
ERPImporta.exe: 000035B4: 16:41:30 [TUniServerModule]:Server First Init.
ERPImporta.exe: 000035B4: 16:41:30 [TUniServerModule]:Start Path = C:\Projetos_WEB\ERP_Importa\
ERPImporta.exe: 000035B4: 16:41:30 [TUniServerModule]:Debug Mode = ON
ERPImporta.exe: 000035B4: 16:41:30 [TUniServerModule]:Starting HTTP Server on Port: 8077...
ERPImporta.exe: 000035B4: 16:41:30 [TUniServerModule]:HTTP Server Started on Port: 8077
ERPImporta.exe: 00002D34: 16:42:59 []:>--------------------------------------------------------------<
ERPImporta.exe: 00002D34: 16:42:59 [TUniServerModule]:Server First Init.
ERPImporta.exe: 00002D34: 16:42:59 [TUniServerModule]:Start Path = C:\Projetos_WEB\ERP_Importa\
ERPImporta.exe: 00002D34: 16:42:59 [TUniServerModule]:Debug Mode = ON
ERPImporta.exe: 00002D34: 16:42:59 [TUniGUISessionManager]:Cache erase job created, Folder count: [1]
ERPImporta.exe: 00002D34: 16:42:59 [TUniServerModule]:Starting HTTP Server on Port: 8077...
ERPImporta.exe: 00002D34: 16:42:59 [TUniServerModule]:HTTP Server Started on Port: 8077
ERPImporta.exe: 0000250C: 16:44:50 []:>--------------------------------------------------------------<
ERPImporta.exe: 0000250C: 16:44:50 [TUniServerModule]:Server First Init.
ERPImporta.exe: 0000250C: 16:44:50 [TUniServerModule]:Start Path = C:\Projetos_WEB\ERP_Importa\
ERPImporta.exe: 0000250C: 16:44:50 [TUniServerModule]:Debug Mode = ON
ERPImporta.exe: 0000250C: 16:44:50 [TUniGUISessionManager]:Cache erase job created, Folder count: [1]
ERPImporta.exe: 0000250C: 16:44:50 [TUniServerModule]:Starting HTTP Server on Port: 8077...
ERPImporta.exe: 0000250C: 16:44:50 [TUniServerModule]:HTTP Server Started on Port: 8077
ERPImporta.exe: 0000136C: 16:46:31 []:>--------------------------------------------------------------<
ERPImporta.exe: 0000136C: 16:46:31 [TUniServerModule]:Server First Init.
ERPImporta.exe: 0000136C: 16:46:31 [TUniServerModule]:Start Path = C:\Projetos_WEB\ERP_Importa\
ERPImporta.exe: 0000136C: 16:46:31 [TUniServerModule]:Debug Mode = ON
ERPImporta.exe: 0000136C: 16:46:31 [TUniServerModule]:Starting HTTP Server on Port: 8077...
ERPImporta.exe: 0000136C: 16:46:32 [TUniServerModule]:HTTP Server Started on Port: 8077
ERPImporta.exe: 00001850: 16:48:36 []:>--------------------------------------------------------------<
ERPImporta.exe: 00001850: 16:48:36 [TUniServerModule]:Server First Init.
ERPImporta.exe: 00001850: 16:48:36 [TUniServerModule]:Start Path = C:\Projetos_WEB\ERP_Importa\
ERPImporta.exe: 00001850: 16:48:36 [TUniServerModule]:Debug Mode = ON
ERPImporta.exe: 00001850: 16:48:37 [TUniServerModule]:Starting HTTP Server on Port: 8077...
ERPImporta.exe: 00001850: 16:48:37 [TUniServerModule]:HTTP Server Started on Port: 8077
ERPImporta.exe: 0000362C: 16:50:41 []:>--------------------------------------------------------------<
ERPImporta.exe: 0000362C: 16:50:41 [TUniServerModule]:Server First Init.
ERPImporta.exe: 0000362C: 16:50:41 [TUniServerModule]:Start Path = C:\Projetos_WEB\ERP_Importa\
ERPImporta.exe: 0000362C: 16:50:41 [TUniServerModule]:Debug Mode = ON
ERPImporta.exe: 0000362C: 16:50:41 [TUniServerModule]:Starting HTTP Server on Port: 8077...
ERPImporta.exe: 0000362C: 16:50:41 [TUniServerModule]:HTTP Server Started on Port: 8077
ERPImporta.exe: 00000878: 16:53:16 []:>--------------------------------------------------------------<
ERPImporta.exe: 00000878: 16:53:16 [TUniServerModule]:Server First Init.
ERPImporta.exe: 00000878: 16:53:16 [TUniServerModule]:Start Path = C:\Projetos_WEB\ERP_Importa\
ERPImporta.exe: 00000878: 16:53:16 [TUniServerModule]:Debug Mode = ON
ERPImporta.exe: 00000878: 16:53:16 [TUniServerModule]:Starting HTTP Server on Port: 8077...
ERPImporta.exe: 00000878: 16:53:16 [TUniServerModule]:HTTP Server Started on Port: 8077
ERPImporta.exe: 00003584: 16:54:44 []:>--------------------------------------------------------------<
ERPImporta.exe: 00003584: 16:54:44 [TUniServerModule]:Server First Init.
ERPImporta.exe: 00003584: 16:54:44 [TUniServerModule]:Start Path = C:\Projetos_WEB\ERP_Importa\
ERPImporta.exe: 00003584: 16:54:44 [TUniServerModule]:Debug Mode = ON
ERPImporta.exe: 00003584: 16:54:44 [TUniServerModule]:Starting HTTP Server on Port: 8077...
ERPImporta.exe: 00003584: 16:54:44 [TUniServerModule]:HTTP Server Started on Port: 8077
ERPImporta.exe: 00002E5C: 16:56:13 []:>--------------------------------------------------------------<
ERPImporta.exe: 00002E5C: 16:56:13 [TUniServerModule]:Server First Init.
ERPImporta.exe: 00002E5C: 16:56:13 [TUniServerModule]:Start Path = C:\Projetos_WEB\ERP_Importa\
ERPImporta.exe: 00002E5C: 16:56:13 [TUniServerModule]:Debug Mode = ON
ERPImporta.exe: 00002E5C: 16:56:13 [TUniGUISessionManager]:Cache erase job created, Folder count: [1]
ERPImporta.exe: 00002E5C: 16:56:13 [TUniServerModule]:Starting HTTP Server on Port: 8077...
ERPImporta.exe: 00002E5C: 16:56:13 [TUniServerModule]:HTTP Server Started on Port: 8077
ERPImporta.exe: 00003E6C: 16:57:38 []:>--------------------------------------------------------------<
ERPImporta.exe: 00003E6C: 16:57:38 [TUniServerModule]:Server First Init.
ERPImporta.exe: 00003E6C: 16:57:38 [TUniServerModule]:Start Path = C:\Projetos_WEB\ERP_Importa\
ERPImporta.exe: 00003E6C: 16:57:38 [TUniServerModule]:Debug Mode = ON
ERPImporta.exe: 00003E6C: 16:57:38 [TUniServerModule]:Starting HTTP Server on Port: 8077...
ERPImporta.exe: 00003E6C: 16:57:38 [TUniServerModule]:HTTP Server Started on Port: 8077
ERPImporta.exe: 0000116C: 16:58:56 []:>--------------------------------------------------------------<
ERPImporta.exe: 0000116C: 16:58:56 [TUniServerModule]:Server First Init.
ERPImporta.exe: 0000116C: 16:58:56 [TUniServerModule]:Start Path = C:\Projetos_WEB\ERP_Importa\
ERPImporta.exe: 0000116C: 16:58:56 [TUniServerModule]:Debug Mode = ON
ERPImporta.exe: 0000116C: 16:58:56 [TUniServerModule]:Starting HTTP Server on Port: 8077...
ERPImporta.exe: 0000116C: 16:58:56 [TUniServerModule]:HTTP Server Started on Port: 8077
ERPImporta.exe: 00002B64: 17:00:46 []:>--------------------------------------------------------------<
ERPImporta.exe: 00002B64: 17:00:46 [TUniServerModule]:Server First Init.
ERPImporta.exe: 00002B64: 17:00:46 [TUniServerModule]:Start Path = C:\Projetos_WEB\ERP_Importa\
ERPImporta.exe: 00002B64: 17:00:47 [TUniServerModule]:Debug Mode = ON
ERPImporta.exe: 00002B64: 17:00:47 [TUniGUISessionManager]:Cache erase job created, Folder count: [1]
ERPImporta.exe: 00002B64: 17:00:47 [TUniServerModule]:Starting HTTP Server on Port: 8077...
ERPImporta.exe: 00002B64: 17:00:47 [TUniServerModule]:HTTP Server Started on Port: 8077
ERPImporta.exe: 00001BB0: 17:01:54 []:>--------------------------------------------------------------<
ERPImporta.exe: 00001BB0: 17:01:54 [TUniServerModule]:Server First Init.
ERPImporta.exe: 00001BB0: 17:01:54 [TUniServerModule]:Start Path = C:\Projetos_WEB\ERP_Importa\
ERPImporta.exe: 00001BB0: 17:01:54 [TUniServerModule]:Debug Mode = ON
ERPImporta.exe: 00001BB0: 17:01:54 [TUniServerModule]:Starting HTTP Server on Port: 8077...
ERPImporta.exe: 00001BB0: 17:01:54 [TUniServerModule]:HTTP Server Started on Port: 8077
