ERPImporta.exe: 00002494: 10:43:21 []:>--------------------------------------------------------------<
ERPImporta.exe: 00002494: 10:43:21 [TUniServerModule]:Server First Init.
ERPImporta.exe: 00002494: 10:43:21 [TUniServerModule]:Start Path = C:\Projetos_WEB\ERP_Importa\
ERPImporta.exe: 00002494: 10:43:21 [TUniServerModule]:Debug Mode = ON
ERPImporta.exe: 00002494: 10:43:22 [TUniServerModule]:Starting HTTP Server on Port: 8077...
ERPImporta.exe: 00002494: 10:43:22 [TUniServerModule]:HTTP Server Started on Port: 8077
ERPImporta.exe: 00002448: 10:48:14 []:>--------------------------------------------------------------<
ERPImporta.exe: 00002448: 10:48:14 [TUniServerModule]:Server First Init.
ERPImporta.exe: 00002448: 10:48:14 [TUniServerModule]:Start Path = C:\Projetos_WEB\ERP_Importa\
ERPImporta.exe: 00002448: 10:48:14 [TUniServerModule]:Debug Mode = ON
ERPImporta.exe: 00002448: 10:48:14 [TUniGUISessionManager]:Cache erase job created, Folder count: [1]
ERPImporta.exe: 00002448: 10:48:14 [TUniServerModule]:Starting HTTP Server on Port: 8077...
ERPImporta.exe: 00002448: 10:48:14 [TUniServerModule]:HTTP Server Started on Port: 8077
ERPImporta.exe: 00000B8C: 10:51:31 []:>--------------------------------------------------------------<
ERPImporta.exe: 00000B8C: 10:51:31 [TUniServerModule]:Server First Init.
ERPImporta.exe: 00000B8C: 10:51:31 [TUniServerModule]:Start Path = C:\Projetos_WEB\ERP_Importa\
ERPImporta.exe: 00000B8C: 10:51:31 [TUniServerModule]:Debug Mode = ON
ERPImporta.exe: 00000B8C: 10:51:32 [TUniServerModule]:Starting HTTP Server on Port: 8077...
ERPImporta.exe: 00000B8C: 10:51:32 [TUniServerModule]:HTTP Server Started on Port: 8077
ERPImporta.exe: 000033A0: 10:54:17 []:>--------------------------------------------------------------<
ERPImporta.exe: 000033A0: 10:54:17 [TUniServerModule]:Server First Init.
ERPImporta.exe: 000033A0: 10:54:17 [TUniServerModule]:Start Path = C:\Projetos_WEB\ERP_Importa\
ERPImporta.exe: 000033A0: 10:54:17 [TUniServerModule]:Debug Mode = ON
ERPImporta.exe: 000033A0: 10:54:17 [TUniServerModule]:Starting HTTP Server on Port: 8077...
ERPImporta.exe: 000033A0: 10:54:17 [TUniServerModule]:HTTP Server Started on Port: 8077
ERPImporta.exe: 000027B8: 15:20:54 []:>--------------------------------------------------------------<
ERPImporta.exe: 000027B8: 15:20:54 [TUniServerModule]:Server First Init.
ERPImporta.exe: 000027B8: 15:20:54 [TUniServerModule]:Start Path = C:\Projetos_WEB\ERP_Importa\
ERPImporta.exe: 000027B8: 15:20:54 [TUniServerModule]:Debug Mode = ON
ERPImporta.exe: 000027B8: 15:20:55 [TUniServerModule]:Starting HTTP Server on Port: 8077...
ERPImporta.exe: 000027B8: 15:20:55 [TUniServerModule]:HTTP Server Started on Port: 8077
ERPImporta.exe: 00001E28: 15:29:18 []:>--------------------------------------------------------------<
ERPImporta.exe: 00001E28: 15:29:18 [TUniServerModule]:Server First Init.
ERPImporta.exe: 00001E28: 15:29:18 [TUniServerModule]:Start Path = C:\Projetos_WEB\ERP_Importa\
ERPImporta.exe: 00001E28: 15:29:18 [TUniServerModule]:Debug Mode = ON
ERPImporta.exe: 00001E28: 15:29:19 [TUniServerModule]:Starting HTTP Server on Port: 8077...
ERPImporta.exe: 00001E28: 15:29:19 [TUniServerModule]:HTTP Server Started on Port: 8077
ERPImporta.exe: 00001048: 15:31:36 []:>--------------------------------------------------------------<
ERPImporta.exe: 00001048: 15:31:36 [TUniServerModule]:Server First Init.
ERPImporta.exe: 00001048: 15:31:36 [TUniServerModule]:Start Path = C:\Projetos_WEB\ERP_Importa\
ERPImporta.exe: 00001048: 15:31:36 [TUniServerModule]:Debug Mode = ON
ERPImporta.exe: 00001048: 15:31:36 [TUniServerModule]:Starting HTTP Server on Port: 8077...
ERPImporta.exe: 00001048: 15:31:36 [TUniServerModule]:HTTP Server Started on Port: 8077
ERPImporta.exe: 000016A8: 15:33:31 []:>--------------------------------------------------------------<
ERPImporta.exe: 000016A8: 15:33:31 [TUniServerModule]:Server First Init.
ERPImporta.exe: 000016A8: 15:33:31 [TUniServerModule]:Start Path = C:\Projetos_WEB\ERP_Importa\
ERPImporta.exe: 000016A8: 15:33:31 [TUniServerModule]:Debug Mode = ON
ERPImporta.exe: 000016A8: 15:33:31 [TUniServerModule]:Starting HTTP Server on Port: 8077...
ERPImporta.exe: 000016A8: 15:33:31 [TUniServerModule]:HTTP Server Started on Port: 8077
ERPImporta.exe: 00002BB8: 16:06:42 []:>--------------------------------------------------------------<
ERPImporta.exe: 00002BB8: 16:06:42 [TUniServerModule]:Server First Init.
ERPImporta.exe: 00002BB8: 16:06:42 [TUniServerModule]:Start Path = C:\Projetos_WEB\ERP_Importa\
ERPImporta.exe: 00002BB8: 16:06:42 [TUniServerModule]:Debug Mode = ON
ERPImporta.exe: 00002BB8: 16:06:42 [TUniServerModule]:Starting HTTP Server on Port: 8077...
ERPImporta.exe: 00002BB8: 16:06:42 [TUniServerModule]:HTTP Server Started on Port: 8077
ERPImporta.exe: 000039E4: 16:07:51 []:>--------------------------------------------------------------<
ERPImporta.exe: 000039E4: 16:07:51 [TUniServerModule]:Server First Init.
ERPImporta.exe: 000039E4: 16:07:51 [TUniServerModule]:Start Path = C:\Projetos_WEB\ERP_Importa\
ERPImporta.exe: 000039E4: 16:07:51 [TUniServerModule]:Debug Mode = ON
ERPImporta.exe: 000039E4: 16:07:51 [TUniServerModule]:Starting HTTP Server on Port: 8077...
ERPImporta.exe: 000039E4: 16:07:51 [TUniServerModule]:HTTP Server Started on Port: 8077
ERPImporta.exe: 00001088: 16:07:59 [[FireDAC][Phys][ODBC][Microsoft][SQL Server Native Client 11.0][SQL Server]Invalid object name 'PlanoFinanceiro'.-127.0.0.1]:EMSSQLNativeException : [FireDAC][Phys][ODBC][Microsoft][SQL Server Native Client 11.0][SQL Server]Invalid object name 'PlanoFinanceiro'. : Addr: $008BB3A9
ERPImporta.exe: 0000232C: 16:11:00 []:>--------------------------------------------------------------<
ERPImporta.exe: 0000232C: 16:11:00 [TUniServerModule]:Server First Init.
ERPImporta.exe: 0000232C: 16:11:00 [TUniServerModule]:Start Path = C:\Projetos_WEB\ERP_Importa\
ERPImporta.exe: 0000232C: 16:11:00 [TUniServerModule]:Debug Mode = ON
ERPImporta.exe: 0000232C: 16:11:00 [TUniServerModule]:Starting HTTP Server on Port: 8077...
ERPImporta.exe: 0000232C: 16:11:00 [TUniServerModule]:HTTP Server Started on Port: 8077
ERPImporta.exe: 0000206C: 16:11:58 []:>--------------------------------------------------------------<
ERPImporta.exe: 0000206C: 16:11:58 [TUniServerModule]:Server First Init.
ERPImporta.exe: 0000206C: 16:11:58 [TUniServerModule]:Start Path = C:\Projetos_WEB\ERP_Importa\
ERPImporta.exe: 0000206C: 16:11:58 [TUniServerModule]:Debug Mode = ON
ERPImporta.exe: 0000206C: 16:11:59 [TUniServerModule]:Starting HTTP Server on Port: 8077...
ERPImporta.exe: 0000206C: 16:11:59 [TUniServerModule]:HTTP Server Started on Port: 8077
ERPImporta.exe: 000039C8: 16:13:35 []:>--------------------------------------------------------------<
ERPImporta.exe: 000039C8: 16:13:35 [TUniServerModule]:Server First Init.
ERPImporta.exe: 000039C8: 16:13:35 [TUniServerModule]:Start Path = C:\Projetos_WEB\ERP_Importa\
ERPImporta.exe: 000039C8: 16:13:35 [TUniServerModule]:Debug Mode = ON
ERPImporta.exe: 000039C8: 16:13:35 [TUniServerModule]:Starting HTTP Server on Port: 8077...
ERPImporta.exe: 000039C8: 16:13:35 [TUniServerModule]:HTTP Server Started on Port: 8077
ERPImporta.exe: 0000241C: 16:13:44 [[FireDAC][Phys][ODBC][Microsoft][SQL Server Native Client 11.0][SQL Server]Invalid object name 'PlanoFinanceiro'.-127.0.0.1]:EMSSQLNativeException : [FireDAC][Phys][ODBC][Microsoft][SQL Server Native Client 11.0][SQL Server]Invalid object name 'PlanoFinanceiro'. : Addr: $008BB3A9
ERPImporta.exe: 000039C8: 16:15:36 [TUniServerModule]:Shutting Down Server.
ERPImporta.exe: 000039C8: 16:15:36 [TUniServerModule]:Stopping HTTP Server.
ERPImporta.exe: 000039C8: 16:15:37 [TUniServerModule]:HTTP Server Stopped.
ERPImporta.exe: 000039C8: 16:15:37 [TUniGUISessionManager]:Terminating Session manager.
ERPImporta.exe: 000039C8: 16:15:37 [TUniGUISessionManager]:Stopping Cache Eraser...
ERPImporta.exe: 000039C8: 16:15:37 [TUniGUISessionManager]:Cache Eraser Stopped.
ERPImporta.exe: 000039C8: 16:15:37 [TUniGUISessionManager]:Destroying Worker Threads.
ERPImporta.exe: 000039C8: 16:15:37 [TUniGUISessionManager]:Session manager terminated.
ERPImporta.exe: 000039C8: 16:15:37 [TUniServerModule]:Server Shutdown Completed.
ERPImporta.exe: 000039C8: 16:15:37 []:<-------------------------------------------------------------->
ERPImporta.exe: 000039C8: 16:15:37 [Terminated]:Exit Code: 0
ERPImporta.exe: 0000019C: 16:37:24 []:>--------------------------------------------------------------<
ERPImporta.exe: 0000019C: 16:37:24 [TUniServerModule]:Server First Init.
ERPImporta.exe: 0000019C: 16:37:24 [TUniServerModule]:Start Path = C:\Projetos_WEB\ERP_Importa\
ERPImporta.exe: 0000019C: 16:37:24 [TUniServerModule]:Debug Mode = ON
ERPImporta.exe: 0000019C: 16:37:24 [TUniServerModule]:Starting HTTP Server on Port: 8077...
ERPImporta.exe: 0000019C: 16:37:24 [TUniServerModule]:HTTP Server Started on Port: 8077
ERPImporta.exe: 00002E48: 16:38:28 []:>--------------------------------------------------------------<
ERPImporta.exe: 00002E48: 16:38:28 [TUniServerModule]:Server First Init.
ERPImporta.exe: 00002E48: 16:38:28 [TUniServerModule]:Start Path = C:\Projetos_WEB\ERP_Importa\
ERPImporta.exe: 00002E48: 16:38:28 [TUniServerModule]:Debug Mode = ON
ERPImporta.exe: 00002E48: 16:38:28 [TUniServerModule]:Starting HTTP Server on Port: 8077...
ERPImporta.exe: 00002E48: 16:38:28 [TUniServerModule]:HTTP Server Started on Port: 8077
ERPImporta.exe: 0000227C: 16:39:35 [127.0.0.1]:UniErrorException : Event:click, Object: O166 not found in session list. It could be timed out, refresh page and try again : Addr: $00000000
ERPImporta.exe: 00000C98: 16:40:13 []:>--------------------------------------------------------------<
ERPImporta.exe: 00000C98: 16:40:13 [TUniServerModule]:Server First Init.
ERPImporta.exe: 00000C98: 16:40:13 [TUniServerModule]:Start Path = C:\Projetos_WEB\ERP_Importa\
ERPImporta.exe: 00000C98: 16:40:13 [TUniServerModule]:Debug Mode = ON
ERPImporta.exe: 00000C98: 16:40:14 [TUniServerModule]:Starting HTTP Server on Port: 8077...
ERPImporta.exe: 00000C98: 16:40:14 [TUniServerModule]:HTTP Server Started on Port: 8077
ERPImporta.exe: 00003970: 16:44:29 []:>--------------------------------------------------------------<
ERPImporta.exe: 00003970: 16:44:29 [TUniServerModule]:Server First Init.
ERPImporta.exe: 00003970: 16:44:29 [TUniServerModule]:Start Path = C:\Projetos_WEB\ERP_Importa\
ERPImporta.exe: 00003970: 16:44:29 [TUniServerModule]:Debug Mode = ON
ERPImporta.exe: 00003970: 16:44:29 [TUniServerModule]:Starting HTTP Server on Port: 8077...
ERPImporta.exe: 00003970: 16:44:29 [TUniServerModule]:HTTP Server Started on Port: 8077
ERPImporta.exe: 00003B0C: 16:46:16 []:>--------------------------------------------------------------<
ERPImporta.exe: 00003B0C: 16:46:16 [TUniServerModule]:Server First Init.
ERPImporta.exe: 00003B0C: 16:46:16 [TUniServerModule]:Start Path = C:\Projetos_WEB\ERP_Importa\
ERPImporta.exe: 00003B0C: 16:46:16 [TUniServerModule]:Debug Mode = ON
ERPImporta.exe: 00003B0C: 16:46:17 [TUniServerModule]:Starting HTTP Server on Port: 8077...
ERPImporta.exe: 00003B0C: 16:46:17 [TUniServerModule]:HTTP Server Started on Port: 8077
ERPImporta.exe: 00001FA8: 16:47:58 []:>--------------------------------------------------------------<
ERPImporta.exe: 00001FA8: 16:47:58 [TUniServerModule]:Server First Init.
ERPImporta.exe: 00001FA8: 16:47:58 [TUniServerModule]:Start Path = C:\Projetos_WEB\ERP_Importa\
ERPImporta.exe: 00001FA8: 16:47:58 [TUniServerModule]:Debug Mode = ON
ERPImporta.exe: 00001FA8: 16:47:58 [TUniGUISessionManager]:Cache erase job created, Folder count: [1]
ERPImporta.exe: 00001FA8: 16:47:58 [TUniServerModule]:Starting HTTP Server on Port: 8077...
ERPImporta.exe: 00001FA8: 16:47:58 [TUniServerModule]:HTTP Server Started on Port: 8077
ERPImporta.exe: 0000153C: 16:49:03 []:>--------------------------------------------------------------<
ERPImporta.exe: 0000153C: 16:49:03 [TUniServerModule]:Server First Init.
ERPImporta.exe: 0000153C: 16:49:03 [TUniServerModule]:Start Path = C:\Projetos_WEB\ERP_Importa\
ERPImporta.exe: 0000153C: 16:49:03 [TUniServerModule]:Debug Mode = ON
ERPImporta.exe: 0000153C: 16:49:03 [TUniGUISessionManager]:Cache erase job created, Folder count: [1]
ERPImporta.exe: 0000153C: 16:49:03 [TUniServerModule]:Starting HTTP Server on Port: 8077...
ERPImporta.exe: 0000153C: 16:49:03 [TUniServerModule]:HTTP Server Started on Port: 8077
ERPImporta.exe: 00002550: 16:49:23 [127.0.0.1]:EUniSessionException : Sessão inváilda ou tempo da sessão expirado. (Session not found: 3CHjMnfSa110C106B8E ) : Addr: $007AD962
ERPImporta.exe: 00002984: 16:49:39 []:>--------------------------------------------------------------<
ERPImporta.exe: 00002984: 16:49:39 [TUniServerModule]:Server First Init.
ERPImporta.exe: 00002984: 16:49:39 [TUniServerModule]:Start Path = C:\Projetos_WEB\ERP_Importa\
ERPImporta.exe: 00002984: 16:49:39 [TUniServerModule]:Debug Mode = ON
ERPImporta.exe: 00002984: 16:49:39 [TUniServerModule]:Starting HTTP Server on Port: 8077...
ERPImporta.exe: 00002984: 16:49:39 [TUniServerModule]:HTTP Server Started on Port: 8077
ERPImporta.exe: 000028B8: 16:51:19 []:>--------------------------------------------------------------<
ERPImporta.exe: 000028B8: 16:51:19 [TUniServerModule]:Server First Init.
ERPImporta.exe: 000028B8: 16:51:19 [TUniServerModule]:Start Path = C:\Projetos_WEB\ERP_Importa\
ERPImporta.exe: 000028B8: 16:51:19 [TUniServerModule]:Debug Mode = ON
ERPImporta.exe: 000028B8: 16:51:19 [TUniServerModule]:Starting HTTP Server on Port: 8077...
ERPImporta.exe: 000028B8: 16:51:19 [TUniServerModule]:HTTP Server Started on Port: 8077
ERPImporta.exe: 000033D0: 16:55:04 []:>--------------------------------------------------------------<
ERPImporta.exe: 000033D0: 16:55:04 [TUniServerModule]:Server First Init.
ERPImporta.exe: 000033D0: 16:55:04 [TUniServerModule]:Start Path = C:\Projetos_WEB\ERP_Importa\
ERPImporta.exe: 000033D0: 16:55:04 [TUniServerModule]:Debug Mode = ON
ERPImporta.exe: 000033D0: 16:55:05 [TUniServerModule]:Starting HTTP Server on Port: 8077...
ERPImporta.exe: 000033D0: 16:55:05 [TUniServerModule]:HTTP Server Started on Port: 8077
ERPImporta.exe: 00003A60: 16:56:02 []:>--------------------------------------------------------------<
ERPImporta.exe: 00003A60: 16:56:02 [TUniServerModule]:Server First Init.
ERPImporta.exe: 00003A60: 16:56:02 [TUniServerModule]:Start Path = C:\Projetos_WEB\ERP_Importa\
ERPImporta.exe: 00003A60: 16:56:02 [TUniServerModule]:Debug Mode = ON
ERPImporta.exe: 00003A60: 16:56:03 [TUniServerModule]:Starting HTTP Server on Port: 8077...
ERPImporta.exe: 00003A60: 16:56:03 [TUniServerModule]:HTTP Server Started on Port: 8077
ERPImporta.exe: 00001FDC: 16:58:09 []:>--------------------------------------------------------------<
ERPImporta.exe: 00001FDC: 16:58:09 [TUniServerModule]:Server First Init.
ERPImporta.exe: 00001FDC: 16:58:09 [TUniServerModule]:Start Path = C:\Projetos_WEB\ERP_Importa\
ERPImporta.exe: 00001FDC: 16:58:09 [TUniServerModule]:Debug Mode = ON
ERPImporta.exe: 00001FDC: 16:58:09 [TUniServerModule]:Starting HTTP Server on Port: 8077...
ERPImporta.exe: 00001FDC: 16:58:09 [TUniServerModule]:HTTP Server Started on Port: 8077
ERPImporta.exe: 00000EE8: 17:00:41 []:>--------------------------------------------------------------<
ERPImporta.exe: 00000EE8: 17:00:41 [TUniServerModule]:Server First Init.
ERPImporta.exe: 00000EE8: 17:00:41 [TUniServerModule]:Start Path = C:\Projetos_WEB\ERP_Importa\
ERPImporta.exe: 00000EE8: 17:00:41 [TUniServerModule]:Debug Mode = ON
ERPImporta.exe: 00000EE8: 17:00:42 [TUniServerModule]:Starting HTTP Server on Port: 8077...
ERPImporta.exe: 00000EE8: 17:00:42 [TUniServerModule]:HTTP Server Started on Port: 8077
ERPImporta.exe: 000020EC: 17:25:33 []:>--------------------------------------------------------------<
ERPImporta.exe: 000020EC: 17:25:33 [TUniServerModule]:Server First Init.
ERPImporta.exe: 000020EC: 17:25:33 [TUniServerModule]:Start Path = C:\Projetos_WEB\ERP_Importa\
ERPImporta.exe: 000020EC: 17:25:33 [TUniServerModule]:Debug Mode = ON
ERPImporta.exe: 000020EC: 17:25:33 [TUniServerModule]:Starting HTTP Server on Port: 8077...
ERPImporta.exe: 000020EC: 17:25:33 [TUniServerModule]:HTTP Server Started on Port: 8077
