ERPImporta.exe: 00001134: 08:22:04 []:>--------------------------------------------------------------<
ERPImporta.exe: 00001134: 08:22:04 [TUniServerModule]:Server First Init.
ERPImporta.exe: 00001134: 08:22:04 [TUniServerModule]:Start Path = C:\Projetos_WEB\ERP_Importa\
ERPImporta.exe: 00001134: 08:22:04 [TUniServerModule]:Debug Mode = ON
ERPImporta.exe: 00001134: 08:22:04 [TUniServerModule]:Starting HTTP Server on Port: 8077...
ERPImporta.exe: 00001134: 08:22:04 [TUniServerModule]:HTTP Server Started on Port: 8077
ERPImporta.exe: 00000B54: 08:22:15 [HandleFileRequest[127.0.0.1]]:File not found: C:\Projetos_WEB\ERP_Importa\files\images\fundo8.jpg
ERPImporta.exe: 00001770: 08:23:35 []:>--------------------------------------------------------------<
ERPImporta.exe: 00001770: 08:23:35 [TUniServerModule]:Server First Init.
ERPImporta.exe: 00001770: 08:23:35 [TUniServerModule]:Start Path = C:\Projetos_WEB\ERP_Importa\
ERPImporta.exe: 00001770: 08:23:35 [TUniServerModule]:Debug Mode = ON
ERPImporta.exe: 00001770: 08:23:35 [TUniServerModule]:Starting HTTP Server on Port: 8077...
ERPImporta.exe: 00001770: 08:23:35 [TUniServerModule]:HTTP Server Started on Port: 8077
ERPImporta.exe: 00003930: 08:23:44 [HandleFileRequest[127.0.0.1]]:File not found: C:\Projetos_WEB\ERP_Importa\files\images\fundo8.jpg
ERPImporta.exe: 00000774: 08:24:09 []:>--------------------------------------------------------------<
ERPImporta.exe: 00000774: 08:24:09 [TUniServerModule]:Server First Init.
ERPImporta.exe: 00000774: 08:24:09 [TUniServerModule]:Start Path = C:\Projetos_WEB\ERP_Importa\
ERPImporta.exe: 00000774: 08:24:09 [TUniServerModule]:Debug Mode = ON
ERPImporta.exe: 00000774: 08:24:09 [TUniServerModule]:Starting HTTP Server on Port: 8077...
ERPImporta.exe: 00000774: 08:24:09 [TUniServerModule]:HTTP Server Started on Port: 8077
ERPImporta.exe: 000009C4: 08:24:28 [HandleFileRequest[127.0.0.1]]:File not found: C:\Projetos_WEB\ERP_Importa\files\images\fundo8.jpg
ERPImporta.exe: 000006A8: 08:25:02 []:>--------------------------------------------------------------<
ERPImporta.exe: 000006A8: 08:25:02 [TUniServerModule]:Server First Init.
ERPImporta.exe: 000006A8: 08:25:02 [TUniServerModule]:Start Path = C:\Projetos_WEB\ERP_Importa\
ERPImporta.exe: 000006A8: 08:25:02 [TUniServerModule]:Debug Mode = ON
ERPImporta.exe: 000006A8: 08:25:03 [TUniServerModule]:Starting HTTP Server on Port: 8077...
ERPImporta.exe: 000006A8: 08:25:03 [TUniServerModule]:HTTP Server Started on Port: 8077
ERPImporta.exe: 000010AC: 08:25:10 [HandleFileRequest[127.0.0.1]]:File not found: C:\Projetos_WEB\ERP_Importa\files\images\fundo8.jpg
ERPImporta.exe: 00003C9C: 08:26:36 []:>--------------------------------------------------------------<
ERPImporta.exe: 00003C9C: 08:26:36 [TUniServerModule]:Server First Init.
ERPImporta.exe: 00003C9C: 08:26:36 [TUniServerModule]:Start Path = C:\Projetos_WEB\ERP_Importa\
ERPImporta.exe: 00003C9C: 08:26:36 [TUniServerModule]:Debug Mode = ON
ERPImporta.exe: 00003C9C: 08:26:36 [TUniServerModule]:Starting HTTP Server on Port: 8077...
ERPImporta.exe: 00003C9C: 08:26:37 [TUniServerModule]:HTTP Server Started on Port: 8077
ERPImporta.exe: 00001D34: 08:26:45 [HandleFileRequest[127.0.0.1]]:File not found: C:\Projetos_WEB\ERP_Importa\files\images\fundo8.jpg
ERPImporta.exe: 00001EAC: 08:27:27 []:>--------------------------------------------------------------<
ERPImporta.exe: 00001EAC: 08:27:27 [TUniServerModule]:Server First Init.
ERPImporta.exe: 00001EAC: 08:27:27 [TUniServerModule]:Start Path = C:\Projetos_WEB\ERP_Importa\
ERPImporta.exe: 00001EAC: 08:27:27 [TUniServerModule]:Debug Mode = ON
ERPImporta.exe: 00001EAC: 08:27:27 [TUniGUISessionManager]:Cache erase job created, Folder count: [1]
ERPImporta.exe: 00001EAC: 08:27:28 [TUniServerModule]:Starting HTTP Server on Port: 8077...
ERPImporta.exe: 00001EAC: 08:27:28 [TUniServerModule]:HTTP Server Started on Port: 8077
ERPImporta.exe: 0000178C: 08:27:35 [HandleFileRequest[127.0.0.1]]:File not found: C:\Projetos_WEB\ERP_Importa\files\images\fundo8.jpg
ERPImporta.exe: 00002FA0: 08:29:23 []:>--------------------------------------------------------------<
ERPImporta.exe: 00002FA0: 08:29:23 [TUniServerModule]:Server First Init.
ERPImporta.exe: 00002FA0: 08:29:23 [TUniServerModule]:Start Path = C:\Projetos_WEB\ERP_Importa\
ERPImporta.exe: 00002FA0: 08:29:23 [TUniServerModule]:Debug Mode = ON
ERPImporta.exe: 00002FA0: 08:29:23 [TUniServerModule]:Starting HTTP Server on Port: 8077...
ERPImporta.exe: 00002FA0: 08:29:23 [TUniServerModule]:HTTP Server Started on Port: 8077
ERPImporta.exe: 00000764: 08:29:34 [HandleFileRequest[127.0.0.1]]:File not found: C:\Projetos_WEB\ERP_Importa\files\images\fundo8.jpg
ERPImporta.exe: 000029FC: 08:32:39 []:>--------------------------------------------------------------<
ERPImporta.exe: 000029FC: 08:32:39 [TUniServerModule]:Server First Init.
ERPImporta.exe: 000029FC: 08:32:39 [TUniServerModule]:Start Path = C:\Projetos_WEB\ERP_Importa\
ERPImporta.exe: 000029FC: 08:32:39 [TUniServerModule]:Debug Mode = ON
ERPImporta.exe: 000029FC: 08:32:39 [TUniServerModule]:Starting HTTP Server on Port: 8077...
ERPImporta.exe: 000029FC: 08:32:39 [TUniServerModule]:HTTP Server Started on Port: 8077
ERPImporta.exe: 00000D5C: 08:32:47 [HandleFileRequest[127.0.0.1]]:File not found: C:\Projetos_WEB\ERP_Importa\files\images\fundo8.jpg
ERPImporta.exe: 00000920: 08:35:15 []:>--------------------------------------------------------------<
ERPImporta.exe: 00000920: 08:35:15 [TUniServerModule]:Server First Init.
ERPImporta.exe: 00000920: 08:35:15 [TUniServerModule]:Start Path = C:\Projetos_WEB\ERP_Importa\
ERPImporta.exe: 00000920: 08:35:15 [TUniServerModule]:Debug Mode = ON
ERPImporta.exe: 00000920: 08:35:15 [TUniGUISessionManager]:Cache erase job created, Folder count: [1]
ERPImporta.exe: 00000920: 08:35:15 [TUniServerModule]:Starting HTTP Server on Port: 8077...
ERPImporta.exe: 00000920: 08:35:15 [TUniServerModule]:HTTP Server Started on Port: 8077
ERPImporta.exe: 00001790: 08:35:46 [HandleFileRequest[127.0.0.1]]:File not found: C:\Projetos_WEB\ERP_Importa\files\images\fundo8.jpg
ERPImporta.exe: 000034A8: 08:42:54 []:>--------------------------------------------------------------<
ERPImporta.exe: 000034A8: 08:42:54 [TUniServerModule]:Server First Init.
ERPImporta.exe: 000034A8: 08:42:54 [TUniServerModule]:Start Path = C:\Projetos_WEB\ERP_Importa\
ERPImporta.exe: 000034A8: 08:42:54 [TUniServerModule]:Debug Mode = ON
ERPImporta.exe: 000034A8: 08:42:55 [TUniServerModule]:Starting HTTP Server on Port: 8077...
ERPImporta.exe: 000034A8: 08:42:55 [TUniServerModule]:HTTP Server Started on Port: 8077
ERPImporta.exe: 00001488: 08:43:03 [HandleFileRequest[127.0.0.1]]:File not found: C:\Projetos_WEB\ERP_Importa\files\images\fundo8.jpg
ERPImporta.exe: 00003C8C: 08:46:26 []:>--------------------------------------------------------------<
ERPImporta.exe: 00003C8C: 08:46:26 [TUniServerModule]:Server First Init.
ERPImporta.exe: 00003C8C: 08:46:26 [TUniServerModule]:Start Path = C:\Projetos_WEB\ERP_Importa\
ERPImporta.exe: 00003C8C: 08:46:26 [TUniServerModule]:Debug Mode = ON
ERPImporta.exe: 00003C8C: 08:46:26 [TUniServerModule]:Starting HTTP Server on Port: 8077...
ERPImporta.exe: 00003C8C: 08:46:26 [TUniServerModule]:HTTP Server Started on Port: 8077
ERPImporta.exe: 00001430: 08:46:35 [HandleFileRequest[127.0.0.1]]:File not found: C:\Projetos_WEB\ERP_Importa\files\images\fundo8.jpg
ERPImporta.exe: 00000A18: 08:49:25 []:>--------------------------------------------------------------<
ERPImporta.exe: 00000A18: 08:49:25 [TUniServerModule]:Server First Init.
ERPImporta.exe: 00000A18: 08:49:25 [TUniServerModule]:Start Path = C:\Projetos_WEB\ERP_Importa\
ERPImporta.exe: 00000A18: 08:49:25 [TUniServerModule]:Debug Mode = ON
ERPImporta.exe: 00000A18: 08:49:25 [TUniServerModule]:Starting HTTP Server on Port: 8077...
ERPImporta.exe: 00000A18: 08:49:25 [TUniServerModule]:HTTP Server Started on Port: 8077
ERPImporta.exe: 000027DC: 08:49:34 [HandleFileRequest[127.0.0.1]]:File not found: C:\Projetos_WEB\ERP_Importa\files\images\fundo8.jpg
ERPImporta.exe: 00002820: 08:52:32 []:>--------------------------------------------------------------<
ERPImporta.exe: 00002820: 08:52:32 [TUniServerModule]:Server First Init.
ERPImporta.exe: 00002820: 08:52:32 [TUniServerModule]:Start Path = C:\Projetos_WEB\ERP_Importa\
ERPImporta.exe: 00002820: 08:52:32 [TUniServerModule]:Debug Mode = ON
ERPImporta.exe: 00002820: 08:52:32 [TUniGUISessionManager]:Cache erase job created, Folder count: [1]
ERPImporta.exe: 00002820: 08:52:32 [TUniServerModule]:Starting HTTP Server on Port: 8077...
ERPImporta.exe: 00002820: 08:52:32 [TUniServerModule]:HTTP Server Started on Port: 8077
ERPImporta.exe: 00002A74: 08:52:41 [HandleFileRequest[127.0.0.1]]:File not found: C:\Projetos_WEB\ERP_Importa\files\images\fundo8.jpg
ERPImporta.exe: 00002644: 08:55:49 []:>--------------------------------------------------------------<
ERPImporta.exe: 00002644: 08:55:49 [TUniServerModule]:Server First Init.
ERPImporta.exe: 00002644: 08:55:49 [TUniServerModule]:Start Path = C:\Projetos_WEB\ERP_Importa\
ERPImporta.exe: 00002644: 08:55:49 [TUniServerModule]:Debug Mode = ON
ERPImporta.exe: 00002644: 08:55:49 [TUniGUISessionManager]:Cache erase job created, Folder count: [1]
ERPImporta.exe: 00002644: 08:55:49 [TUniServerModule]:Starting HTTP Server on Port: 8077...
ERPImporta.exe: 00002644: 08:55:49 [TUniServerModule]:HTTP Server Started on Port: 8077
ERPImporta.exe: 00000F18: 08:55:59 [HandleFileRequest[127.0.0.1]]:File not found: C:\Projetos_WEB\ERP_Importa\files\images\fundo8.jpg
ERPImporta.exe: 00002544: 08:59:17 []:>--------------------------------------------------------------<
ERPImporta.exe: 00002544: 08:59:17 [TUniServerModule]:Server First Init.
ERPImporta.exe: 00002544: 08:59:17 [TUniServerModule]:Start Path = C:\Projetos_WEB\ERP_Importa\
ERPImporta.exe: 00002544: 08:59:17 [TUniServerModule]:Debug Mode = ON
ERPImporta.exe: 00002544: 08:59:17 [TUniGUISessionManager]:Cache erase job created, Folder count: [1]
ERPImporta.exe: 00002544: 08:59:18 [TUniServerModule]:Starting HTTP Server on Port: 8077...
ERPImporta.exe: 00002544: 08:59:18 [TUniServerModule]:HTTP Server Started on Port: 8077
ERPImporta.exe: 00003F80: 08:59:26 [HandleFileRequest[127.0.0.1]]:File not found: C:\Projetos_WEB\ERP_Importa\files\images\fundo8.jpg
ERPImporta.exe: 00001810: 09:00:37 []:>--------------------------------------------------------------<
ERPImporta.exe: 00001810: 09:00:37 [TUniServerModule]:Server First Init.
ERPImporta.exe: 00001810: 09:00:37 [TUniServerModule]:Start Path = C:\Projetos_WEB\ERP_Importa\
ERPImporta.exe: 00001810: 09:00:37 [TUniServerModule]:Debug Mode = ON
ERPImporta.exe: 00001810: 09:00:37 [TUniServerModule]:Starting HTTP Server on Port: 8077...
ERPImporta.exe: 00001810: 09:00:37 [TUniServerModule]:HTTP Server Started on Port: 8077
ERPImporta.exe: 00003008: 09:00:46 [HandleFileRequest[127.0.0.1]]:File not found: C:\Projetos_WEB\ERP_Importa\files\images\fundo8.jpg
ERPImporta.exe: 00002ACC: 09:04:36 []:>--------------------------------------------------------------<
ERPImporta.exe: 00002ACC: 09:04:36 [TUniServerModule]:Server First Init.
ERPImporta.exe: 00002ACC: 09:04:36 [TUniServerModule]:Start Path = C:\Projetos_WEB\ERP_Importa\
ERPImporta.exe: 00002ACC: 09:04:36 [TUniServerModule]:Debug Mode = ON
ERPImporta.exe: 00002ACC: 09:04:36 [TUniServerModule]:Starting HTTP Server on Port: 8077...
ERPImporta.exe: 00002ACC: 09:04:36 [TUniServerModule]:HTTP Server Started on Port: 8077
ERPImporta.exe: 00003F0C: 09:04:45 [HandleFileRequest[127.0.0.1]]:File not found: C:\Projetos_WEB\ERP_Importa\files\images\fundo8.jpg
ERPImporta.exe: 00002D78: 09:07:06 []:>--------------------------------------------------------------<
ERPImporta.exe: 00002D78: 09:07:06 [TUniServerModule]:Server First Init.
ERPImporta.exe: 00002D78: 09:07:06 [TUniServerModule]:Start Path = C:\Projetos_WEB\ERP_Importa\
ERPImporta.exe: 00002D78: 09:07:06 [TUniServerModule]:Debug Mode = ON
ERPImporta.exe: 00002D78: 09:07:06 [TUniServerModule]:Starting HTTP Server on Port: 8077...
ERPImporta.exe: 00002D78: 09:07:06 [TUniServerModule]:HTTP Server Started on Port: 8077
ERPImporta.exe: 0000258C: 09:07:16 [HandleFileRequest[127.0.0.1]]:File not found: C:\Projetos_WEB\ERP_Importa\files\images\fundo8.jpg
ERPImporta.exe: 00001C18: 09:08:04 []:>--------------------------------------------------------------<
ERPImporta.exe: 00001C18: 09:08:04 [TUniServerModule]:Server First Init.
ERPImporta.exe: 00001C18: 09:08:04 [TUniServerModule]:Start Path = C:\Projetos_WEB\ERP_Importa\
ERPImporta.exe: 00001C18: 09:08:04 [TUniServerModule]:Debug Mode = ON
ERPImporta.exe: 00001C18: 09:08:04 [TUniGUISessionManager]:Cache erase job created, Folder count: [1]
ERPImporta.exe: 00001C18: 09:08:05 [TUniServerModule]:Starting HTTP Server on Port: 8077...
ERPImporta.exe: 00001C18: 09:08:05 [TUniServerModule]:HTTP Server Started on Port: 8077
ERPImporta.exe: 0000187C: 09:08:13 [HandleFileRequest[127.0.0.1]]:File not found: C:\Projetos_WEB\ERP_Importa\files\images\fundo8.jpg
ERPImporta.exe: 00001864: 09:09:18 []:>--------------------------------------------------------------<
ERPImporta.exe: 00001864: 09:09:18 [TUniServerModule]:Server First Init.
ERPImporta.exe: 00001864: 09:09:18 [TUniServerModule]:Start Path = C:\Projetos_WEB\ERP_Importa\
ERPImporta.exe: 00001864: 09:09:18 [TUniServerModule]:Debug Mode = ON
ERPImporta.exe: 00001864: 09:09:18 [TUniServerModule]:Starting HTTP Server on Port: 8077...
ERPImporta.exe: 00001864: 09:09:18 [TUniServerModule]:HTTP Server Started on Port: 8077
ERPImporta.exe: 00001C70: 09:09:26 [HandleFileRequest[127.0.0.1]]:File not found: C:\Projetos_WEB\ERP_Importa\files\images\fundo8.jpg
ERPImporta.exe: 00003ADC: 09:10:05 []:>--------------------------------------------------------------<
ERPImporta.exe: 00003ADC: 09:10:05 [TUniServerModule]:Server First Init.
ERPImporta.exe: 00003ADC: 09:10:05 [TUniServerModule]:Start Path = C:\Projetos_WEB\ERP_Importa\
ERPImporta.exe: 00003ADC: 09:10:05 [TUniServerModule]:Debug Mode = ON
ERPImporta.exe: 00003ADC: 09:10:06 [TUniServerModule]:Starting HTTP Server on Port: 8077...
ERPImporta.exe: 00003ADC: 09:10:06 [TUniServerModule]:HTTP Server Started on Port: 8077
ERPImporta.exe: 00000FDC: 09:10:18 [HandleFileRequest[127.0.0.1]]:File not found: C:\Projetos_WEB\ERP_Importa\files\images\fundo8.jpg
ERPImporta.exe: 00003950: 09:11:58 []:>--------------------------------------------------------------<
ERPImporta.exe: 00003950: 09:11:58 [TUniServerModule]:Server First Init.
ERPImporta.exe: 00003950: 09:11:59 [TUniServerModule]:Start Path = C:\Projetos_WEB\ERP_Importa\
ERPImporta.exe: 00003950: 09:11:59 [TUniServerModule]:Debug Mode = ON
ERPImporta.exe: 00003950: 09:11:59 [TUniServerModule]:Starting HTTP Server on Port: 8077...
ERPImporta.exe: 00003950: 09:11:59 [TUniServerModule]:HTTP Server Started on Port: 8077
ERPImporta.exe: 000018A0: 09:12:10 [HandleFileRequest[127.0.0.1]]:File not found: C:\Projetos_WEB\ERP_Importa\files\images\fundo8.jpg
ERPImporta.exe: 00003468: 09:13:33 []:>--------------------------------------------------------------<
ERPImporta.exe: 00003468: 09:13:33 [TUniServerModule]:Server First Init.
ERPImporta.exe: 00003468: 09:13:33 [TUniServerModule]:Start Path = C:\Projetos_WEB\ERP_Importa\
ERPImporta.exe: 00003468: 09:13:33 [TUniServerModule]:Debug Mode = ON
ERPImporta.exe: 00003468: 09:13:33 [TUniServerModule]:Starting HTTP Server on Port: 8077...
ERPImporta.exe: 00003468: 09:13:33 [TUniServerModule]:HTTP Server Started on Port: 8077
ERPImporta.exe: 00002970: 09:13:43 [HandleFileRequest[127.0.0.1]]:File not found: C:\Projetos_WEB\ERP_Importa\files\images\fundo8.jpg
ERPImporta.exe: 0000045C: 09:16:46 []:>--------------------------------------------------------------<
ERPImporta.exe: 0000045C: 09:16:46 [TUniServerModule]:Server First Init.
ERPImporta.exe: 0000045C: 09:16:46 [TUniServerModule]:Start Path = C:\Projetos_WEB\ERP_Importa\
ERPImporta.exe: 0000045C: 09:16:46 [TUniServerModule]:Debug Mode = ON
ERPImporta.exe: 0000045C: 09:16:46 [TUniServerModule]:Starting HTTP Server on Port: 8077...
ERPImporta.exe: 0000045C: 09:16:46 [TUniServerModule]:HTTP Server Started on Port: 8077
ERPImporta.exe: 0000350C: 09:16:55 [HandleFileRequest[127.0.0.1]]:File not found: C:\Projetos_WEB\ERP_Importa\files\images\fundo8.jpg
ERPImporta.exe: 00001854: 09:18:26 []:>--------------------------------------------------------------<
ERPImporta.exe: 00001854: 09:18:26 [TUniServerModule]:Server First Init.
ERPImporta.exe: 00001854: 09:18:26 [TUniServerModule]:Start Path = C:\Projetos_WEB\ERP_Importa\
ERPImporta.exe: 00001854: 09:18:26 [TUniServerModule]:Debug Mode = ON
ERPImporta.exe: 00001854: 09:18:26 [TUniServerModule]:Starting HTTP Server on Port: 8077...
ERPImporta.exe: 00001854: 09:18:26 [TUniServerModule]:HTTP Server Started on Port: 8077
ERPImporta.exe: 000012B4: 09:18:35 [HandleFileRequest[127.0.0.1]]:File not found: C:\Projetos_WEB\ERP_Importa\files\images\fundo8.jpg
ERPImporta.exe: 00002BB4: 09:20:20 []:>--------------------------------------------------------------<
ERPImporta.exe: 00002BB4: 09:20:20 [TUniServerModule]:Server First Init.
ERPImporta.exe: 00002BB4: 09:20:20 [TUniServerModule]:Start Path = C:\Projetos_WEB\ERP_Importa\
ERPImporta.exe: 00002BB4: 09:20:20 [TUniServerModule]:Debug Mode = ON
ERPImporta.exe: 00002BB4: 09:20:21 [TUniServerModule]:Starting HTTP Server on Port: 8077...
ERPImporta.exe: 00002BB4: 09:20:21 [TUniServerModule]:HTTP Server Started on Port: 8077
ERPImporta.exe: 000030F8: 09:21:13 []:>--------------------------------------------------------------<
ERPImporta.exe: 000030F8: 09:21:13 [TUniServerModule]:Server First Init.
ERPImporta.exe: 000030F8: 09:21:13 [TUniServerModule]:Start Path = C:\Projetos_WEB\ERP_Importa\
ERPImporta.exe: 000030F8: 09:21:13 [TUniServerModule]:Debug Mode = ON
ERPImporta.exe: 000030F8: 09:21:13 [TUniGUISessionManager]:Cache erase job created, Folder count: [1]
ERPImporta.exe: 000030F8: 09:21:13 [TUniServerModule]:Starting HTTP Server on Port: 8077...
ERPImporta.exe: 000030F8: 09:21:13 [TUniServerModule]:HTTP Server Started on Port: 8077
ERPImporta.exe: 00000D44: 09:21:23 [HandleFileRequest[127.0.0.1]]:File not found: C:\Projetos_WEB\ERP_Importa\files\images\fundo8.jpg
ERPImporta.exe: 00002D78: 09:22:00 []:>--------------------------------------------------------------<
ERPImporta.exe: 00002D78: 09:22:00 [TUniServerModule]:Server First Init.
ERPImporta.exe: 00002D78: 09:22:00 [TUniServerModule]:Start Path = C:\Projetos_WEB\ERP_Importa\
ERPImporta.exe: 00002D78: 09:22:00 [TUniServerModule]:Debug Mode = ON
ERPImporta.exe: 00002D78: 09:22:00 [TUniGUISessionManager]:Cache erase job created, Folder count: [1]
ERPImporta.exe: 00002D78: 09:22:00 [TUniServerModule]:Starting HTTP Server on Port: 8077...
ERPImporta.exe: 00002D78: 09:22:00 [TUniServerModule]:HTTP Server Started on Port: 8077
ERPImporta.exe: 00003C84: 09:22:08 [HandleFileRequest[127.0.0.1]]:File not found: C:\Projetos_WEB\ERP_Importa\files\images\fundo8.jpg
ERPImporta.exe: 00001A74: 09:28:12 []:>--------------------------------------------------------------<
ERPImporta.exe: 00001A74: 09:28:12 [TUniServerModule]:Server First Init.
ERPImporta.exe: 00001A74: 09:28:12 [TUniServerModule]:Start Path = C:\Projetos_WEB\ERP_Importa\
ERPImporta.exe: 00001A74: 09:28:12 [TUniServerModule]:Debug Mode = ON
ERPImporta.exe: 00001A74: 09:28:13 [TUniServerModule]:Starting HTTP Server on Port: 8077...
ERPImporta.exe: 00001A74: 09:28:13 [TUniServerModule]:HTTP Server Started on Port: 8077
ERPImporta.exe: 00000358: 09:28:21 [HandleFileRequest[127.0.0.1]]:File not found: C:\Projetos_WEB\ERP_Importa\files\images\fundo8.jpg
ERPImporta.exe: 00000E1C: 09:30:02 []:>--------------------------------------------------------------<
ERPImporta.exe: 00000E1C: 09:30:02 [TUniServerModule]:Server First Init.
ERPImporta.exe: 00000E1C: 09:30:02 [TUniServerModule]:Start Path = C:\Projetos_WEB\ERP_Importa\
ERPImporta.exe: 00000E1C: 09:30:02 [TUniServerModule]:Debug Mode = ON
ERPImporta.exe: 00000E1C: 09:30:03 [TUniGUISessionManager]:Cache erase job created, Folder count: [1]
ERPImporta.exe: 00000E1C: 09:30:03 [TUniServerModule]:Starting HTTP Server on Port: 8077...
ERPImporta.exe: 00000E1C: 09:30:03 [TUniServerModule]:HTTP Server Started on Port: 8077
ERPImporta.exe: 00000FC8: 09:30:10 [HandleFileRequest[127.0.0.1]]:File not found: C:\Projetos_WEB\ERP_Importa\files\images\fundo8.jpg
ERPImporta.exe: 0000222C: 09:32:53 []:>--------------------------------------------------------------<
ERPImporta.exe: 0000222C: 09:32:53 [TUniServerModule]:Server First Init.
ERPImporta.exe: 0000222C: 09:32:53 [TUniServerModule]:Start Path = C:\Projetos_WEB\ERP_Importa\
ERPImporta.exe: 0000222C: 09:32:53 [TUniServerModule]:Debug Mode = ON
ERPImporta.exe: 0000222C: 09:32:53 [TUniServerModule]:Starting HTTP Server on Port: 8077...
ERPImporta.exe: 0000222C: 09:32:53 [TUniServerModule]:HTTP Server Started on Port: 8077
ERPImporta.exe: 00000358: 09:33:33 [HandleFileRequest[127.0.0.1]]:File not found: C:\Projetos_WEB\ERP_Importa\files\images\fundo8.jpg
ERPImporta.exe: 0000306C: 09:40:40 []:>--------------------------------------------------------------<
ERPImporta.exe: 0000306C: 09:40:40 [TUniServerModule]:Server First Init.
ERPImporta.exe: 0000306C: 09:40:40 [TUniServerModule]:Start Path = C:\Projetos_WEB\ERP_Importa\
ERPImporta.exe: 0000306C: 09:40:40 [TUniServerModule]:Debug Mode = ON
ERPImporta.exe: 0000306C: 09:40:41 [TUniServerModule]:Starting HTTP Server on Port: 8077...
ERPImporta.exe: 0000306C: 09:40:41 [TUniServerModule]:HTTP Server Started on Port: 8077
ERPImporta.exe: 00001740: 09:40:47 [[FireDAC][Phys][ODBC][Microsoft][SQL Server Native Client 11.0][SQL Server]Incorrect syntax near '='.-127.0.0.1]:EMSSQLNativeException : [FireDAC][Phys][ODBC][Microsoft][SQL Server Native Client 11.0][SQL Server]Incorrect syntax near '='. : Addr: $008DFDA9
ERPImporta.exe: 00002B40: 09:40:52 [HandleFileRequest[127.0.0.1]]:File not found: C:\Projetos_WEB\ERP_Importa\files\images\fundo8.jpg
ERPImporta.exe: 00002424: 09:41:08 []:>--------------------------------------------------------------<
ERPImporta.exe: 00002424: 09:41:08 [TUniServerModule]:Server First Init.
ERPImporta.exe: 00002424: 09:41:08 [TUniServerModule]:Start Path = C:\Projetos_WEB\ERP_Importa\
ERPImporta.exe: 00002424: 09:41:08 [TUniServerModule]:Debug Mode = ON
ERPImporta.exe: 00002424: 09:41:08 [TUniGUISessionManager]:Cache erase job created, Folder count: [1]
ERPImporta.exe: 00002424: 09:41:09 [TUniServerModule]:Starting HTTP Server on Port: 8077...
ERPImporta.exe: 00002424: 09:41:09 [TUniServerModule]:HTTP Server Started on Port: 8077
ERPImporta.exe: 00002340: 09:41:25 []:>--------------------------------------------------------------<
ERPImporta.exe: 00002340: 09:41:25 [TUniServerModule]:Server First Init.
ERPImporta.exe: 00002340: 09:41:25 [TUniServerModule]:Start Path = C:\Projetos_WEB\ERP_Importa\
ERPImporta.exe: 00002340: 09:41:25 [TUniServerModule]:Debug Mode = ON
ERPImporta.exe: 00002340: 09:41:25 [TUniGUISessionManager]:Cache erase job created, Folder count: [1]
ERPImporta.exe: 00002340: 09:41:26 [TUniServerModule]:Starting HTTP Server on Port: 8077...
ERPImporta.exe: 00002340: 09:41:26 [TUniServerModule]:HTTP Server Started on Port: 8077
ERPImporta.exe: 000030EC: 09:41:38 [[FireDAC][Phys][ODBC][Microsoft][SQL Server Native Client 11.0][SQL Server]Incorrect syntax near '='.-127.0.0.1]:EMSSQLNativeException : [FireDAC][Phys][ODBC][Microsoft][SQL Server Native Client 11.0][SQL Server]Incorrect syntax near '='. : Addr: $008DFDA9
ERPImporta.exe: 00002880: 09:41:48 [HandleFileRequest[127.0.0.1]]:File not found: C:\Projetos_WEB\ERP_Importa\files\images\fundo8.jpg
ERPImporta.exe: 00001BD4: 09:42:57 []:>--------------------------------------------------------------<
ERPImporta.exe: 00001BD4: 09:42:57 [TUniServerModule]:Server First Init.
ERPImporta.exe: 00001BD4: 09:42:57 [TUniServerModule]:Start Path = C:\Projetos_WEB\ERP_Importa\
ERPImporta.exe: 00001BD4: 09:42:57 [TUniServerModule]:Debug Mode = ON
ERPImporta.exe: 00001BD4: 09:42:57 [TUniGUISessionManager]:Cache erase job created, Folder count: [1]
ERPImporta.exe: 00001BD4: 09:42:58 [TUniServerModule]:Starting HTTP Server on Port: 8077...
ERPImporta.exe: 00001BD4: 09:42:58 [TUniServerModule]:HTTP Server Started on Port: 8077
ERPImporta.exe: 00001134: 09:43:09 [HandleFileRequest[127.0.0.1]]:File not found: C:\Projetos_WEB\ERP_Importa\files\images\fundo8.jpg
ERPImporta.exe: 00002820: 09:55:45 []:>--------------------------------------------------------------<
ERPImporta.exe: 00002820: 09:55:45 [TUniServerModule]:Server First Init.
ERPImporta.exe: 00002820: 09:55:45 [TUniServerModule]:Start Path = C:\Projetos_WEB\ERP_Importa\
ERPImporta.exe: 00002820: 09:55:45 [TUniServerModule]:Debug Mode = ON
ERPImporta.exe: 00002820: 09:55:45 [TUniGUISessionManager]:Cache erase job created, Folder count: [1]
ERPImporta.exe: 00002820: 09:55:46 [TUniServerModule]:Starting HTTP Server on Port: 8077...
ERPImporta.exe: 00002820: 09:55:46 [TUniServerModule]:HTTP Server Started on Port: 8077
ERPImporta.exe: 0000370C: 09:55:56 [HandleFileRequest[127.0.0.1]]:File not found: C:\Projetos_WEB\ERP_Importa\files\images\fundo8.jpg
ERPImporta.exe: 00002A44: 10:00:16 []:>--------------------------------------------------------------<
ERPImporta.exe: 00002A44: 10:00:16 [TUniServerModule]:Server First Init.
ERPImporta.exe: 00002A44: 10:00:16 [TUniServerModule]:Start Path = C:\Projetos_WEB\ERP_Importa\
ERPImporta.exe: 00002A44: 10:00:16 [TUniServerModule]:Debug Mode = ON
ERPImporta.exe: 00002A44: 10:00:16 [TUniGUISessionManager]:Cache erase job created, Folder count: [1]
ERPImporta.exe: 00002A44: 10:00:16 [TUniServerModule]:Starting HTTP Server on Port: 8077...
ERPImporta.exe: 00002A44: 10:00:16 [TUniServerModule]:HTTP Server Started on Port: 8077
ERPImporta.exe: 00002D60: 10:00:25 [HandleFileRequest[127.0.0.1]]:File not found: C:\Projetos_WEB\ERP_Importa\files\images\fundo8.jpg
ERPImporta.exe: 00002078: 10:00:56 [127.0.0.1]:EUniSessionException : Sessão inváilda ou tempo da sessão expirado. (Session not found: g2UQNTUYGX10FE398FD ) : Addr: $007CFC94
ERPImporta.exe: 00000BC0: 10:01:28 []:>--------------------------------------------------------------<
ERPImporta.exe: 00000BC0: 10:01:28 [TUniServerModule]:Server First Init.
ERPImporta.exe: 00000BC0: 10:01:28 [TUniServerModule]:Start Path = C:\Projetos_WEB\ERP_Importa\
ERPImporta.exe: 00000BC0: 10:01:28 [TUniServerModule]:Debug Mode = ON
ERPImporta.exe: 00000BC0: 10:01:29 [TUniServerModule]:Starting HTTP Server on Port: 8077...
ERPImporta.exe: 00000BC0: 10:01:29 [TUniServerModule]:HTTP Server Started on Port: 8077
ERPImporta.exe: 000023D8: 10:01:40 [HandleFileRequest[127.0.0.1]]:File not found: C:\Projetos_WEB\ERP_Importa\files\images\fundo8.jpg
ERPImporta.exe: 00002368: 10:02:35 []:>--------------------------------------------------------------<
ERPImporta.exe: 00002368: 10:02:35 [TUniServerModule]:Server First Init.
ERPImporta.exe: 00002368: 10:02:35 [TUniServerModule]:Start Path = C:\Projetos_WEB\ERP_Importa\
ERPImporta.exe: 00002368: 10:02:35 [TUniServerModule]:Debug Mode = ON
ERPImporta.exe: 00002368: 10:02:35 [TUniServerModule]:Starting HTTP Server on Port: 8077...
ERPImporta.exe: 00002368: 10:02:35 [TUniServerModule]:HTTP Server Started on Port: 8077
ERPImporta.exe: 00003B44: 10:02:42 [HandleFileRequest[127.0.0.1]]:File not found: C:\Projetos_WEB\ERP_Importa\files\images\fundo8.jpg
ERPImporta.exe: 00002774: 10:04:19 []:>--------------------------------------------------------------<
ERPImporta.exe: 00002774: 10:04:19 [TUniServerModule]:Server First Init.
ERPImporta.exe: 00002774: 10:04:19 [TUniServerModule]:Start Path = C:\Projetos_WEB\ERP_Importa\
ERPImporta.exe: 00002774: 10:04:19 [TUniServerModule]:Debug Mode = ON
ERPImporta.exe: 00002774: 10:04:19 [TUniGUISessionManager]:Cache erase job created, Folder count: [1]
ERPImporta.exe: 00002774: 10:04:19 [TUniServerModule]:Starting HTTP Server on Port: 8077...
ERPImporta.exe: 00002774: 10:04:19 [TUniServerModule]:HTTP Server Started on Port: 8077
ERPImporta.exe: 0000287C: 10:04:27 [HandleFileRequest[127.0.0.1]]:File not found: C:\Projetos_WEB\ERP_Importa\files\images\fundo8.jpg
ERPImporta.exe: 000023A4: 10:06:44 []:>--------------------------------------------------------------<
ERPImporta.exe: 000023A4: 10:06:44 [TUniServerModule]:Server First Init.
ERPImporta.exe: 000023A4: 10:06:44 [TUniServerModule]:Start Path = C:\Projetos_WEB\ERP_Importa\
ERPImporta.exe: 000023A4: 10:06:44 [TUniServerModule]:Debug Mode = ON
ERPImporta.exe: 000023A4: 10:06:44 [TUniGUISessionManager]:Cache erase job created, Folder count: [1]
ERPImporta.exe: 000023A4: 10:06:45 [TUniServerModule]:Starting HTTP Server on Port: 8077...
ERPImporta.exe: 000023A4: 10:06:45 [TUniServerModule]:HTTP Server Started on Port: 8077
ERPImporta.exe: 00002B88: 10:06:52 [HandleFileRequest[127.0.0.1]]:File not found: C:\Projetos_WEB\ERP_Importa\files\images\fundo8.jpg
ERPImporta.exe: 00002BAC: 10:08:04 []:>--------------------------------------------------------------<
ERPImporta.exe: 00002BAC: 10:08:04 [TUniServerModule]:Server First Init.
ERPImporta.exe: 00002BAC: 10:08:04 [TUniServerModule]:Start Path = C:\Projetos_WEB\ERP_Importa\
ERPImporta.exe: 00002BAC: 10:08:04 [TUniServerModule]:Debug Mode = ON
ERPImporta.exe: 00002BAC: 10:08:04 [TUniGUISessionManager]:Cache erase job created, Folder count: [1]
ERPImporta.exe: 00002BAC: 10:08:04 [TUniServerModule]:Starting HTTP Server on Port: 8077...
ERPImporta.exe: 00002BAC: 10:08:04 [TUniServerModule]:HTTP Server Started on Port: 8077
ERPImporta.exe: 00001E0C: 10:08:11 [HandleFileRequest[127.0.0.1]]:File not found: C:\Projetos_WEB\ERP_Importa\files\images\fundo8.jpg
ERPImporta.exe: 00000908: 10:10:46 [HandleFileRequest[127.0.0.1]]:File not found: C:\Projetos_WEB\ERP_Importa\files\images\fundo8.jpg
ERPImporta.exe: 00003158: 10:14:29 []:>--------------------------------------------------------------<
ERPImporta.exe: 00003158: 10:14:29 [TUniServerModule]:Server First Init.
ERPImporta.exe: 00003158: 10:14:29 [TUniServerModule]:Start Path = C:\Projetos_WEB\ERP_Importa\
ERPImporta.exe: 00003158: 10:14:29 [TUniServerModule]:Debug Mode = ON
ERPImporta.exe: 00003158: 10:14:29 [TUniGUISessionManager]:Cache erase job created, Folder count: [1]
ERPImporta.exe: 00003158: 10:14:30 [TUniServerModule]:Starting HTTP Server on Port: 8077...
ERPImporta.exe: 00003158: 10:14:30 [TUniServerModule]:HTTP Server Started on Port: 8077
ERPImporta.exe: 00002F44: 10:14:37 [HandleFileRequest[127.0.0.1]]:File not found: C:\Projetos_WEB\ERP_Importa\files\images\fundo8.jpg
ERPImporta.exe: 000016F8: 10:14:48 [127.0.0.1]:EUniSessionException : Sessão inváilda ou tempo da sessão expirado. (Session not found: Td1PKk7Eea10FE39D06 ) : Addr: $007CFC94
ERPImporta.exe: 00000CEC: 10:15:59 []:>--------------------------------------------------------------<
ERPImporta.exe: 00000CEC: 10:15:59 [TUniServerModule]:Server First Init.
ERPImporta.exe: 00000CEC: 10:15:59 [TUniServerModule]:Start Path = C:\Projetos_WEB\ERP_Importa\
ERPImporta.exe: 00000CEC: 10:15:59 [TUniServerModule]:Debug Mode = ON
ERPImporta.exe: 00000CEC: 10:15:59 [TUniServerModule]:Starting HTTP Server on Port: 8077...
ERPImporta.exe: 00000CEC: 10:15:59 [TUniServerModule]:HTTP Server Started on Port: 8077
ERPImporta.exe: 00003548: 10:16:07 [HandleFileRequest[127.0.0.1]]:File not found: C:\Projetos_WEB\ERP_Importa\files\images\fundo8.jpg
ERPImporta.exe: 00003E10: 10:18:32 []:>--------------------------------------------------------------<
ERPImporta.exe: 00003E10: 10:18:32 [TUniServerModule]:Server First Init.
ERPImporta.exe: 00003E10: 10:18:32 [TUniServerModule]:Start Path = C:\Projetos_WEB\ERP_Importa\
ERPImporta.exe: 00003E10: 10:18:32 [TUniServerModule]:Debug Mode = ON
ERPImporta.exe: 00003E10: 10:18:32 [TUniGUISessionManager]:Cache erase job created, Folder count: [1]
ERPImporta.exe: 00003E10: 10:18:33 [TUniServerModule]:Starting HTTP Server on Port: 8077...
ERPImporta.exe: 00003E10: 10:18:33 [TUniServerModule]:HTTP Server Started on Port: 8077
ERPImporta.exe: 00001A8C: 10:18:40 [HandleFileRequest[127.0.0.1]]:File not found: C:\Projetos_WEB\ERP_Importa\files\images\fundo8.jpg
ERPImporta.exe: 00001418: 10:19:02 [127.0.0.1]:EUniSessionException : Sessão inváilda ou tempo da sessão expirado. (Session not found: B1JZjvcTZq10FE39E7A ) : Addr: $007CFC94
ERPImporta.exe: 0000297C: 10:19:50 []:>--------------------------------------------------------------<
ERPImporta.exe: 0000297C: 10:19:50 [TUniServerModule]:Server First Init.
ERPImporta.exe: 0000297C: 10:19:50 [TUniServerModule]:Start Path = C:\Projetos_WEB\ERP_Importa\
ERPImporta.exe: 0000297C: 10:19:50 [TUniServerModule]:Debug Mode = ON
ERPImporta.exe: 0000297C: 10:19:50 [TUniServerModule]:Starting HTTP Server on Port: 8077...
ERPImporta.exe: 0000297C: 10:19:50 [TUniServerModule]:HTTP Server Started on Port: 8077
ERPImporta.exe: 00002B5C: 10:19:58 [HandleFileRequest[127.0.0.1]]:File not found: C:\Projetos_WEB\ERP_Importa\files\images\fundo8.jpg
ERPImporta.exe: 00001D60: 10:23:15 []:>--------------------------------------------------------------<
ERPImporta.exe: 00001D60: 10:23:15 [TUniServerModule]:Server First Init.
ERPImporta.exe: 00001D60: 10:23:15 [TUniServerModule]:Start Path = C:\Projetos_WEB\ERP_Importa\
ERPImporta.exe: 00001D60: 10:23:15 [TUniServerModule]:Debug Mode = ON
ERPImporta.exe: 00001D60: 10:23:15 [TUniGUISessionManager]:Cache erase job created, Folder count: [1]
ERPImporta.exe: 00001D60: 10:23:16 [TUniServerModule]:Starting HTTP Server on Port: 8077...
ERPImporta.exe: 00001D60: 10:23:16 [TUniServerModule]:HTTP Server Started on Port: 8077
ERPImporta.exe: 00000E14: 10:23:23 [HandleFileRequest[127.0.0.1]]:File not found: C:\Projetos_WEB\ERP_Importa\files\images\fundo8.jpg
ERPImporta.exe: 000033FC: 10:23:36 [127.0.0.1]:EUniSessionException : Sessão inváilda ou tempo da sessão expirado. (Session not found: uF4lydAELO10FE39F86 ) : Addr: $007CFC94
ERPImporta.exe: 00002DD8: 10:24:29 []:>--------------------------------------------------------------<
ERPImporta.exe: 00002DD8: 10:24:29 [TUniServerModule]:Server First Init.
ERPImporta.exe: 00002DD8: 10:24:29 [TUniServerModule]:Start Path = C:\Projetos_WEB\ERP_Importa\
ERPImporta.exe: 00002DD8: 10:24:29 [TUniServerModule]:Debug Mode = ON
ERPImporta.exe: 00002DD8: 10:24:29 [TUniServerModule]:Starting HTTP Server on Port: 8077...
ERPImporta.exe: 00002DD8: 10:24:29 [TUniServerModule]:HTTP Server Started on Port: 8077
ERPImporta.exe: 00002B44: 10:24:37 [HandleFileRequest[127.0.0.1]]:File not found: C:\Projetos_WEB\ERP_Importa\files\images\fundo8.jpg
ERPImporta.exe: 00003F4C: 10:26:03 []:>--------------------------------------------------------------<
ERPImporta.exe: 00003F4C: 10:26:03 [TUniServerModule]:Server First Init.
ERPImporta.exe: 00003F4C: 10:26:03 [TUniServerModule]:Start Path = C:\Projetos_WEB\ERP_Importa\
ERPImporta.exe: 00003F4C: 10:26:03 [TUniServerModule]:Debug Mode = ON
ERPImporta.exe: 00003F4C: 10:26:04 [TUniServerModule]:Starting HTTP Server on Port: 8077...
ERPImporta.exe: 00003F4C: 10:26:04 [TUniServerModule]:HTTP Server Started on Port: 8077
ERPImporta.exe: 000018A0: 10:26:10 [HandleFileRequest[127.0.0.1]]:File not found: C:\Projetos_WEB\ERP_Importa\files\images\fundo8.jpg
ERPImporta.exe: 00003E44: 10:26:34 []:>--------------------------------------------------------------<
ERPImporta.exe: 00003E44: 10:26:34 [TUniServerModule]:Server First Init.
ERPImporta.exe: 00003E44: 10:26:34 [TUniServerModule]:Start Path = C:\Projetos_WEB\ERP_Importa\
ERPImporta.exe: 00003E44: 10:26:34 [TUniServerModule]:Debug Mode = ON
ERPImporta.exe: 00003E44: 10:26:34 [TUniServerModule]:Starting HTTP Server on Port: 8077...
ERPImporta.exe: 00003E44: 10:26:34 [TUniServerModule]:HTTP Server Started on Port: 8077
ERPImporta.exe: 00002F3C: 10:26:41 [HandleFileRequest[127.0.0.1]]:File not found: C:\Projetos_WEB\ERP_Importa\files\images\fundo8.jpg
ERPImporta.exe: 00001AF4: 10:31:12 []:>--------------------------------------------------------------<
ERPImporta.exe: 00001AF4: 10:31:12 [TUniServerModule]:Server First Init.
ERPImporta.exe: 00001AF4: 10:31:12 [TUniServerModule]:Start Path = C:\Projetos_WEB\ERP_Importa\
ERPImporta.exe: 00001AF4: 10:31:12 [TUniServerModule]:Debug Mode = ON
ERPImporta.exe: 00001AF4: 10:31:12 [TUniGUISessionManager]:Cache erase job created, Folder count: [1]
ERPImporta.exe: 00001AF4: 10:31:12 [TUniServerModule]:Starting HTTP Server on Port: 8077...
ERPImporta.exe: 00001AF4: 10:31:13 [TUniServerModule]:HTTP Server Started on Port: 8077
ERPImporta.exe: 00001028: 10:31:26 []:>--------------------------------------------------------------<
ERPImporta.exe: 00001028: 10:31:26 [TUniServerModule]:Server First Init.
ERPImporta.exe: 00001028: 10:31:26 [TUniServerModule]:Start Path = C:\Projetos_WEB\ERP_Importa\
ERPImporta.exe: 00001028: 10:31:26 [TUniServerModule]:Debug Mode = ON
ERPImporta.exe: 00001028: 10:31:26 [TUniServerModule]:Starting HTTP Server on Port: 8077...
ERPImporta.exe: 00001028: 10:31:26 [TUniServerModule]:HTTP Server Started on Port: 8077
ERPImporta.exe: 000035E4: 10:32:07 []:>--------------------------------------------------------------<
ERPImporta.exe: 000035E4: 10:32:07 [TUniServerModule]:Server First Init.
ERPImporta.exe: 000035E4: 10:32:07 [TUniServerModule]:Start Path = C:\Projetos_WEB\ERP_Importa\
ERPImporta.exe: 000035E4: 10:32:07 [TUniServerModule]:Debug Mode = ON
ERPImporta.exe: 000035E4: 10:32:07 [TUniGUISessionManager]:Cache erase job created, Folder count: [1]
ERPImporta.exe: 000035E4: 10:32:07 [TUniServerModule]:Starting HTTP Server on Port: 8077...
ERPImporta.exe: 000035E4: 10:32:07 [TUniServerModule]:HTTP Server Started on Port: 8077
ERPImporta.exe: 0000129C: 10:32:52 []:>--------------------------------------------------------------<
ERPImporta.exe: 0000129C: 10:32:52 [TUniServerModule]:Server First Init.
ERPImporta.exe: 0000129C: 10:32:52 [TUniServerModule]:Start Path = C:\Projetos_WEB\ERP_Importa\
ERPImporta.exe: 0000129C: 10:32:52 [TUniServerModule]:Debug Mode = ON
ERPImporta.exe: 0000129C: 10:32:52 [TUniGUISessionManager]:Cache erase job created, Folder count: [1]
ERPImporta.exe: 0000129C: 10:32:53 [TUniServerModule]:Starting HTTP Server on Port: 8077...
ERPImporta.exe: 0000129C: 10:32:53 [TUniServerModule]:HTTP Server Started on Port: 8077
ERPImporta.exe: 00002724: 10:33:00 [HandleFileRequest[127.0.0.1]]:File not found: C:\Projetos_WEB\ERP_Importa\files\images\fundo8.jpg
ERPImporta.exe: 00001438: 10:34:41 []:>--------------------------------------------------------------<
ERPImporta.exe: 00001438: 10:34:41 [TUniServerModule]:Server First Init.
ERPImporta.exe: 00001438: 10:34:41 [TUniServerModule]:Start Path = C:\Projetos_WEB\ERP_Importa\
ERPImporta.exe: 00001438: 10:34:41 [TUniServerModule]:Debug Mode = ON
ERPImporta.exe: 00001438: 10:34:41 [TUniGUISessionManager]:Cache erase job created, Folder count: [1]
ERPImporta.exe: 00001438: 10:34:41 [TUniServerModule]:Starting HTTP Server on Port: 8077...
ERPImporta.exe: 00001438: 10:34:41 [TUniServerModule]:HTTP Server Started on Port: 8077
ERPImporta.exe: 000033F0: 10:34:48 [127.0.0.1]:EUniSessionException : Sessão inváilda ou tempo da sessão expirado. (Session not found: F54GAcwH6D10FE3A30F ) : Addr: $007CFC94
ERPImporta.exe: 00001FFC: 10:34:48 [127.0.0.1]:EUniSessionException : Sessão inváilda ou tempo da sessão expirado. (Session not found: F54GAcwH6D10FE3A30F ) : Addr: $007CFC94
ERPImporta.exe: 00001FD8: 10:35:12 []:>--------------------------------------------------------------<
ERPImporta.exe: 00001FD8: 10:35:12 [TUniServerModule]:Server First Init.
ERPImporta.exe: 00001FD8: 10:35:12 [TUniServerModule]:Start Path = C:\Projetos_WEB\ERP_Importa\
ERPImporta.exe: 00001FD8: 10:35:12 [TUniServerModule]:Debug Mode = ON
ERPImporta.exe: 00001FD8: 10:35:12 [TUniGUISessionManager]:Cache erase job created, Folder count: [1]
ERPImporta.exe: 00001FD8: 10:35:12 [TUniServerModule]:Starting HTTP Server on Port: 8077...
ERPImporta.exe: 00001FD8: 10:35:12 [TUniServerModule]:HTTP Server Started on Port: 8077
ERPImporta.exe: 00003F3C: 10:35:23 [HandleFileRequest[127.0.0.1]]:File not found: C:\Projetos_WEB\ERP_Importa\files\images\fundo8.jpg
ERPImporta.exe: 000032B8: 10:36:11 []:>--------------------------------------------------------------<
ERPImporta.exe: 000032B8: 10:36:11 [TUniServerModule]:Server First Init.
ERPImporta.exe: 000032B8: 10:36:11 [TUniServerModule]:Start Path = C:\Projetos_WEB\ERP_Importa\
ERPImporta.exe: 000032B8: 10:36:11 [TUniServerModule]:Debug Mode = ON
ERPImporta.exe: 000032B8: 10:36:11 [TUniGUISessionManager]:Cache erase job created, Folder count: [1]
ERPImporta.exe: 000032B8: 10:36:11 [TUniServerModule]:Starting HTTP Server on Port: 8077...
ERPImporta.exe: 000032B8: 10:36:11 [TUniServerModule]:HTTP Server Started on Port: 8077
ERPImporta.exe: 00001740: 10:36:48 []:>--------------------------------------------------------------<
ERPImporta.exe: 00001740: 10:36:48 [TUniServerModule]:Server First Init.
ERPImporta.exe: 00001740: 10:36:48 [TUniServerModule]:Start Path = C:\Projetos_WEB\ERP_Importa\
ERPImporta.exe: 00001740: 10:36:48 [TUniServerModule]:Debug Mode = ON
ERPImporta.exe: 00001740: 10:36:48 [TUniGUISessionManager]:Cache erase job created, Folder count: [1]
ERPImporta.exe: 00001740: 10:36:48 [TUniServerModule]:Starting HTTP Server on Port: 8077...
ERPImporta.exe: 00001740: 10:36:48 [TUniServerModule]:HTTP Server Started on Port: 8077
ERPImporta.exe: 000028C8: 10:36:56 [HandleFileRequest[127.0.0.1]]:File not found: C:\Projetos_WEB\ERP_Importa\files\images\fundo8.jpg
ERPImporta.exe: 00003F54: 10:37:03 [HandleFileRequest[127.0.0.1]]:File not found: C:\Projetos_WEB\ERP_Importa\favicon.ico
ERPImporta.exe: 00003A04: 10:38:48 []:>--------------------------------------------------------------<
ERPImporta.exe: 00003A04: 10:38:48 [TUniServerModule]:Server First Init.
ERPImporta.exe: 00003A04: 10:38:48 [TUniServerModule]:Start Path = C:\Projetos_WEB\ERP_Importa\
ERPImporta.exe: 00003A04: 10:38:48 [TUniServerModule]:Debug Mode = ON
ERPImporta.exe: 00003A04: 10:38:48 [TUniGUISessionManager]:Cache erase job created, Folder count: [2]
ERPImporta.exe: 00003A04: 10:38:48 [TUniServerModule]:Starting HTTP Server on Port: 8077...
ERPImporta.exe: 00003A04: 10:38:48 [TUniServerModule]:HTTP Server Started on Port: 8077
ERPImporta.exe: 000035E8: 10:38:55 [HandleFileRequest[127.0.0.1]]:File not found: C:\Projetos_WEB\ERP_Importa\files\images\fundo8.jpg
ERPImporta.exe: 0000098C: 10:39:13 [127.0.0.1]:EUniSessionException : Sessão inváilda ou tempo da sessão expirado. (Session not found: qgfe1vFcYM10FE3A41F ) : Addr: $007CFC94
ERPImporta.exe: 00002330: 10:39:20 [HandleFileRequest[127.0.0.1]]:File not found: C:\Projetos_WEB\ERP_Importa\files\images\fundo8.jpg
ERPImporta.exe: 00001FEC: 10:40:14 [HandleFileRequest[127.0.0.1]]:File not found: C:\Projetos_WEB\ERP_Importa\files\images\fundo8.jpg
ERPImporta.exe: 00001C58: 10:41:34 []:>--------------------------------------------------------------<
ERPImporta.exe: 00001C58: 10:41:34 [TUniServerModule]:Server First Init.
ERPImporta.exe: 00001C58: 10:41:34 [TUniServerModule]:Start Path = C:\Projetos_WEB\ERP_Importa\
ERPImporta.exe: 00001C58: 10:41:34 [TUniServerModule]:Debug Mode = ON
ERPImporta.exe: 00001C58: 10:41:34 [TUniGUISessionManager]:Cache erase job created, Folder count: [1]
ERPImporta.exe: 00001C58: 10:41:34 [TUniServerModule]:Starting HTTP Server on Port: 8077...
ERPImporta.exe: 00001C58: 10:41:34 [TUniServerModule]:HTTP Server Started on Port: 8077
ERPImporta.exe: 00002808: 10:41:42 [HandleFileRequest[127.0.0.1]]:File not found: C:\Projetos_WEB\ERP_Importa\files\images\fundo8.jpg
ERPImporta.exe: 00000BF4: 10:42:00 [127.0.0.1]:EUniSessionException : Sessão inváilda ou tempo da sessão expirado. (Session not found: RWCYYiukW110FE3A503 ) : Addr: $007CFC94
ERPImporta.exe: 00001440: 10:42:50 []:>--------------------------------------------------------------<
ERPImporta.exe: 00001440: 10:42:50 [TUniServerModule]:Server First Init.
ERPImporta.exe: 00001440: 10:42:50 [TUniServerModule]:Start Path = C:\Projetos_WEB\ERP_Importa\
ERPImporta.exe: 00001440: 10:42:50 [TUniServerModule]:Debug Mode = ON
ERPImporta.exe: 00001440: 10:42:51 [TUniServerModule]:Starting HTTP Server on Port: 8077...
ERPImporta.exe: 00001440: 10:42:51 [TUniServerModule]:HTTP Server Started on Port: 8077
ERPImporta.exe: 0000025C: 10:42:59 [HandleFileRequest[127.0.0.1]]:File not found: C:\Projetos_WEB\ERP_Importa\files\images\fundo8.jpg
ERPImporta.exe: 00002A18: 10:44:56 []:>--------------------------------------------------------------<
ERPImporta.exe: 00002A18: 10:44:56 [TUniServerModule]:Server First Init.
ERPImporta.exe: 00002A18: 10:44:56 [TUniServerModule]:Start Path = C:\Projetos_WEB\ERP_Importa\
ERPImporta.exe: 00002A18: 10:44:56 [TUniServerModule]:Debug Mode = ON
ERPImporta.exe: 00002A18: 10:44:57 [TUniServerModule]:Starting HTTP Server on Port: 8077...
ERPImporta.exe: 00002A18: 10:44:57 [TUniServerModule]:HTTP Server Started on Port: 8077
ERPImporta.exe: 00003B74: 10:45:05 [HandleFileRequest[127.0.0.1]]:File not found: C:\Projetos_WEB\ERP_Importa\files\images\fundo8.jpg
ERPImporta.exe: 00003E68: 10:48:11 []:>--------------------------------------------------------------<
ERPImporta.exe: 00003E68: 10:48:11 [TUniServerModule]:Server First Init.
ERPImporta.exe: 00003E68: 10:48:11 [TUniServerModule]:Start Path = C:\Projetos_WEB\ERP_Importa\
ERPImporta.exe: 00003E68: 10:48:11 [TUniServerModule]:Debug Mode = ON
ERPImporta.exe: 00003E68: 10:48:11 [TUniGUISessionManager]:Cache erase job created, Folder count: [1]
ERPImporta.exe: 00003E68: 10:48:11 [TUniServerModule]:Starting HTTP Server on Port: 8077...
ERPImporta.exe: 00003E68: 10:48:11 [TUniServerModule]:HTTP Server Started on Port: 8077
ERPImporta.exe: 00002944: 10:48:19 [HandleFileRequest[127.0.0.1]]:File not found: C:\Projetos_WEB\ERP_Importa\files\images\fundo8.jpg
ERPImporta.exe: 000033D4: 10:53:02 []:>--------------------------------------------------------------<
ERPImporta.exe: 000033D4: 10:53:02 [TUniServerModule]:Server First Init.
ERPImporta.exe: 000033D4: 10:53:02 [TUniServerModule]:Start Path = C:\Projetos_WEB\ERP_Importa\
ERPImporta.exe: 000033D4: 10:53:02 [TUniServerModule]:Debug Mode = ON
ERPImporta.exe: 000033D4: 10:53:02 [TUniGUISessionManager]:Cache erase job created, Folder count: [1]
ERPImporta.exe: 000033D4: 10:53:02 [TUniServerModule]:Starting HTTP Server on Port: 8077...
ERPImporta.exe: 000033D4: 10:53:02 [TUniServerModule]:HTTP Server Started on Port: 8077
ERPImporta.exe: 00003288: 10:53:18 [HandleFileRequest[127.0.0.1]]:File not found: C:\Projetos_WEB\ERP_Importa\files\images\fundo8.jpg
ERPImporta.exe: 0000313C: 10:54:53 [127.0.0.1]:EUniSessionException : Sessão inváilda ou tempo da sessão expirado. (Session not found: KQfLWC6Fxv10FE3A736 ) : Addr: $007CFC94
ERPImporta.exe: 00002594: 10:55:37 []:>--------------------------------------------------------------<
ERPImporta.exe: 00002594: 10:55:37 [TUniServerModule]:Server First Init.
ERPImporta.exe: 00002594: 10:55:37 [TUniServerModule]:Start Path = C:\Projetos_WEB\ERP_Importa\
ERPImporta.exe: 00002594: 10:55:37 [TUniServerModule]:Debug Mode = ON
ERPImporta.exe: 00002594: 10:55:37 [TUniServerModule]:Starting HTTP Server on Port: 8077...
ERPImporta.exe: 00002594: 10:55:38 [TUniServerModule]:HTTP Server Started on Port: 8077
ERPImporta.exe: 00002774: 10:55:46 [HandleFileRequest[127.0.0.1]]:File not found: C:\Projetos_WEB\ERP_Importa\files\images\fundo8.jpg
ERPImporta.exe: 000012C0: 10:57:47 []:>--------------------------------------------------------------<
ERPImporta.exe: 000012C0: 10:57:47 [TUniServerModule]:Server First Init.
ERPImporta.exe: 000012C0: 10:57:47 [TUniServerModule]:Start Path = C:\Projetos_WEB\ERP_Importa\
ERPImporta.exe: 000012C0: 10:57:47 [TUniServerModule]:Debug Mode = ON
ERPImporta.exe: 000012C0: 10:57:48 [TUniServerModule]:Starting HTTP Server on Port: 8077...
ERPImporta.exe: 000012C0: 10:57:48 [TUniServerModule]:HTTP Server Started on Port: 8077
ERPImporta.exe: 00000DF8: 10:57:56 [HandleFileRequest[127.0.0.1]]:File not found: C:\Projetos_WEB\ERP_Importa\files\images\fundo8.jpg
ERPImporta.exe: 00002A18: 10:58:58 []:>--------------------------------------------------------------<
ERPImporta.exe: 00002A18: 10:58:58 [TUniServerModule]:Server First Init.
ERPImporta.exe: 00002A18: 10:58:58 [TUniServerModule]:Start Path = C:\Projetos_WEB\ERP_Importa\
ERPImporta.exe: 00002A18: 10:58:58 [TUniServerModule]:Debug Mode = ON
ERPImporta.exe: 00002A18: 10:58:58 [TUniServerModule]:Starting HTTP Server on Port: 8077...
ERPImporta.exe: 00002A18: 10:58:58 [TUniServerModule]:HTTP Server Started on Port: 8077
ERPImporta.exe: 00002F3C: 10:59:12 [HandleFileRequest[127.0.0.1]]:File not found: C:\Projetos_WEB\ERP_Importa\files\images\fundo8.jpg
ERPImporta.exe: 000022E0: 11:01:31 []:>--------------------------------------------------------------<
ERPImporta.exe: 000022E0: 11:01:31 [TUniServerModule]:Server First Init.
ERPImporta.exe: 000022E0: 11:01:31 [TUniServerModule]:Start Path = C:\Projetos_WEB\ERP_Importa\
ERPImporta.exe: 000022E0: 11:01:31 [TUniServerModule]:Debug Mode = ON
ERPImporta.exe: 000022E0: 11:01:31 [TUniGUISessionManager]:Cache erase job created, Folder count: [1]
ERPImporta.exe: 000022E0: 11:01:31 [TUniServerModule]:Starting HTTP Server on Port: 8077...
ERPImporta.exe: 000022E0: 11:01:31 [TUniServerModule]:HTTP Server Started on Port: 8077
ERPImporta.exe: 00000F94: 11:01:40 [HandleFileRequest[127.0.0.1]]:File not found: C:\Projetos_WEB\ERP_Importa\files\images\fundo8.jpg
ERPImporta.exe: 00000848: 11:02:16 [127.0.0.1]:EUniSessionException : Sessão inváilda ou tempo da sessão expirado. (Session not found: VIfBTMYEDx10FE3AA23 ) : Addr: $007CFC94
ERPImporta.exe: 00002B5C: 11:02:56 []:>--------------------------------------------------------------<
ERPImporta.exe: 00002B5C: 11:02:56 [TUniServerModule]:Server First Init.
ERPImporta.exe: 00002B5C: 11:02:56 [TUniServerModule]:Start Path = C:\Projetos_WEB\ERP_Importa\
ERPImporta.exe: 00002B5C: 11:02:56 [TUniServerModule]:Debug Mode = ON
ERPImporta.exe: 00002B5C: 11:02:56 [TUniServerModule]:Starting HTTP Server on Port: 8077...
ERPImporta.exe: 00002B5C: 11:02:56 [TUniServerModule]:HTTP Server Started on Port: 8077
ERPImporta.exe: 00000A68: 11:03:05 [HandleFileRequest[127.0.0.1]]:File not found: C:\Projetos_WEB\ERP_Importa\files\images\fundo8.jpg
ERPImporta.exe: 00002174: 11:13:25 []:>--------------------------------------------------------------<
ERPImporta.exe: 00002174: 11:13:25 [TUniServerModule]:Server First Init.
ERPImporta.exe: 00002174: 11:13:25 [TUniServerModule]:Start Path = C:\Projetos_WEB\ERP_Importa\
ERPImporta.exe: 00002174: 11:13:25 [TUniServerModule]:Debug Mode = ON
ERPImporta.exe: 00002174: 11:13:25 [TUniGUISessionManager]:Cache erase job created, Folder count: [1]
ERPImporta.exe: 00002174: 11:13:25 [TUniServerModule]:Starting HTTP Server on Port: 8077...
ERPImporta.exe: 00002174: 11:13:25 [TUniServerModule]:HTTP Server Started on Port: 8077
ERPImporta.exe: 00003EC4: 11:13:33 [HandleFileRequest[127.0.0.1]]:File not found: C:\Projetos_WEB\ERP_Importa\files\images\fundo8.jpg
ERPImporta.exe: 00003CD0: 11:14:28 []:>--------------------------------------------------------------<
ERPImporta.exe: 00003CD0: 11:14:28 [TUniServerModule]:Server First Init.
ERPImporta.exe: 00003CD0: 11:14:28 [TUniServerModule]:Start Path = C:\Projetos_WEB\ERP_Importa\
ERPImporta.exe: 00003CD0: 11:14:28 [TUniServerModule]:Debug Mode = ON
ERPImporta.exe: 00003CD0: 11:14:28 [TUniServerModule]:Starting HTTP Server on Port: 8077...
ERPImporta.exe: 00003CD0: 11:14:29 [TUniServerModule]:HTTP Server Started on Port: 8077
ERPImporta.exe: 00001730: 11:14:41 [HandleFileRequest[127.0.0.1]]:File not found: C:\Projetos_WEB\ERP_Importa\files\images\fundo8.jpg
ERPImporta.exe: 00002CDC: 11:18:27 []:>--------------------------------------------------------------<
ERPImporta.exe: 00002CDC: 11:18:27 [TUniServerModule]:Server First Init.
ERPImporta.exe: 00002CDC: 11:18:27 [TUniServerModule]:Start Path = C:\Projetos_WEB\ERP_Importa\
ERPImporta.exe: 00002CDC: 11:18:27 [TUniServerModule]:Debug Mode = ON
ERPImporta.exe: 00002CDC: 11:18:27 [TUniGUISessionManager]:Cache erase job created, Folder count: [1]
ERPImporta.exe: 00002CDC: 11:18:27 [TUniServerModule]:Starting HTTP Server on Port: 8077...
ERPImporta.exe: 00002CDC: 11:18:27 [TUniServerModule]:HTTP Server Started on Port: 8077
ERPImporta.exe: 00003D38: 11:18:45 [HandleFileRequest[127.0.0.1]]:File not found: C:\Projetos_WEB\ERP_Importa\files\images\fundo8.jpg
ERPImporta.exe: 00002B94: 11:20:40 []:>--------------------------------------------------------------<
ERPImporta.exe: 00002B94: 11:20:40 [TUniServerModule]:Server First Init.
ERPImporta.exe: 00002B94: 11:20:40 [TUniServerModule]:Start Path = C:\Projetos_WEB\ERP_Importa\
ERPImporta.exe: 00002B94: 11:20:40 [TUniServerModule]:Debug Mode = ON
ERPImporta.exe: 00002B94: 11:20:40 [TUniServerModule]:Starting HTTP Server on Port: 8077...
ERPImporta.exe: 00002B94: 11:20:40 [TUniServerModule]:HTTP Server Started on Port: 8077
ERPImporta.exe: 00000A08: 11:20:48 [HandleFileRequest[127.0.0.1]]:File not found: C:\Projetos_WEB\ERP_Importa\files\images\fundo8.jpg
ERPImporta.exe: 000006B4: 11:21:54 []:>--------------------------------------------------------------<
ERPImporta.exe: 000006B4: 11:21:54 [TUniServerModule]:Server First Init.
ERPImporta.exe: 000006B4: 11:21:54 [TUniServerModule]:Start Path = C:\Projetos_WEB\ERP_Importa\
ERPImporta.exe: 000006B4: 11:21:54 [TUniServerModule]:Debug Mode = ON
ERPImporta.exe: 000006B4: 11:21:54 [TUniServerModule]:Starting HTTP Server on Port: 8077...
ERPImporta.exe: 000006B4: 11:21:54 [TUniServerModule]:HTTP Server Started on Port: 8077
ERPImporta.exe: 000015D4: 11:22:02 [HandleFileRequest[127.0.0.1]]:File not found: C:\Projetos_WEB\ERP_Importa\files\images\fundo8.jpg
ERPImporta.exe: 00003D38: 11:23:18 []:>--------------------------------------------------------------<
ERPImporta.exe: 00003D38: 11:23:18 [TUniServerModule]:Server First Init.
ERPImporta.exe: 00003D38: 11:23:18 [TUniServerModule]:Start Path = C:\Projetos_WEB\ERP_Importa\
ERPImporta.exe: 00003D38: 11:23:18 [TUniServerModule]:Debug Mode = ON
ERPImporta.exe: 00003D38: 11:23:18 [TUniServerModule]:Starting HTTP Server on Port: 8077...
ERPImporta.exe: 00003D38: 11:23:18 [TUniServerModule]:HTTP Server Started on Port: 8077
ERPImporta.exe: 00001C4C: 11:23:30 [HandleFileRequest[127.0.0.1]]:File not found: C:\Projetos_WEB\ERP_Importa\files\images\fundo8.jpg
ERPImporta.exe: 00000EC0: 11:24:25 []:>--------------------------------------------------------------<
ERPImporta.exe: 00000EC0: 11:24:25 [TUniServerModule]:Server First Init.
ERPImporta.exe: 00000EC0: 11:24:25 [TUniServerModule]:Start Path = C:\Projetos_WEB\ERP_Importa\
ERPImporta.exe: 00000EC0: 11:24:25 [TUniServerModule]:Debug Mode = ON
ERPImporta.exe: 00000EC0: 11:24:25 [TUniServerModule]:Starting HTTP Server on Port: 8077...
ERPImporta.exe: 00000EC0: 11:24:25 [TUniServerModule]:HTTP Server Started on Port: 8077
ERPImporta.exe: 000016C8: 11:24:39 [HandleFileRequest[127.0.0.1]]:File not found: C:\Projetos_WEB\ERP_Importa\files\images\fundo8.jpg
ERPImporta.exe: 00001520: 11:25:21 []:>--------------------------------------------------------------<
ERPImporta.exe: 00001520: 11:25:21 [TUniServerModule]:Server First Init.
ERPImporta.exe: 00001520: 11:25:21 [TUniServerModule]:Start Path = C:\Projetos_WEB\ERP_Importa\
ERPImporta.exe: 00001520: 11:25:21 [TUniServerModule]:Debug Mode = ON
ERPImporta.exe: 00001520: 11:25:22 [TUniServerModule]:Starting HTTP Server on Port: 8077...
ERPImporta.exe: 00001520: 11:25:22 [TUniServerModule]:HTTP Server Started on Port: 8077
ERPImporta.exe: 00002730: 11:25:34 [HandleFileRequest[127.0.0.1]]:File not found: C:\Projetos_WEB\ERP_Importa\files\images\fundo8.jpg
ERPImporta.exe: 00001CB0: 11:26:36 []:>--------------------------------------------------------------<
ERPImporta.exe: 00001CB0: 11:26:37 [TUniServerModule]:Server First Init.
ERPImporta.exe: 00001CB0: 11:26:37 [TUniServerModule]:Start Path = C:\Projetos_WEB\ERP_Importa\
ERPImporta.exe: 00001CB0: 11:26:37 [TUniServerModule]:Debug Mode = ON
ERPImporta.exe: 00001CB0: 11:26:37 [TUniServerModule]:Starting HTTP Server on Port: 8077...
ERPImporta.exe: 00001CB0: 11:26:37 [TUniServerModule]:HTTP Server Started on Port: 8077
ERPImporta.exe: 00002EF0: 11:26:46 [HandleFileRequest[127.0.0.1]]:File not found: C:\Projetos_WEB\ERP_Importa\files\images\fundo8.jpg
ERPImporta.exe: 000006D0: 11:27:47 []:>--------------------------------------------------------------<
ERPImporta.exe: 000006D0: 11:27:47 [TUniServerModule]:Server First Init.
ERPImporta.exe: 000006D0: 11:27:47 [TUniServerModule]:Start Path = C:\Projetos_WEB\ERP_Importa\
ERPImporta.exe: 000006D0: 11:27:47 [TUniServerModule]:Debug Mode = ON
ERPImporta.exe: 000006D0: 11:27:47 [TUniGUISessionManager]:Cache erase job created, Folder count: [1]
ERPImporta.exe: 000006D0: 11:27:47 [TUniServerModule]:Starting HTTP Server on Port: 8077...
ERPImporta.exe: 000006D0: 11:27:47 [TUniServerModule]:HTTP Server Started on Port: 8077
ERPImporta.exe: 00000FC4: 11:28:49 [HandleFileRequest[127.0.0.1]]:File not found: C:\Projetos_WEB\ERP_Importa\files\images\fundo8.jpg
ERPImporta.exe: 00002F1C: 11:32:23 []:>--------------------------------------------------------------<
ERPImporta.exe: 00002F1C: 11:32:23 [TUniServerModule]:Server First Init.
ERPImporta.exe: 00002F1C: 11:32:23 [TUniServerModule]:Start Path = C:\Projetos_WEB\ERP_Importa\
ERPImporta.exe: 00002F1C: 11:32:23 [TUniServerModule]:Debug Mode = ON
ERPImporta.exe: 00002F1C: 11:32:23 [TUniGUISessionManager]:Cache erase job created, Folder count: [1]
ERPImporta.exe: 00002F1C: 11:32:24 [TUniServerModule]:Starting HTTP Server on Port: 8077...
ERPImporta.exe: 00002F1C: 11:32:24 [TUniServerModule]:HTTP Server Started on Port: 8077
ERPImporta.exe: 000023D4: 11:32:28 [127.0.0.1]:EUniSessionException : Sessão inváilda ou tempo da sessão expirado. (Session not found: i3lMxZE2oL10FE3B1F4 ) : Addr: $007CFC94
ERPImporta.exe: 00002E44: 11:32:28 [127.0.0.1]:EUniSessionException : Sessão inváilda ou tempo da sessão expirado. (Session not found: i3lMxZE2oL10FE3B1F4 ) : Addr: $007CFC94
