ERPImporta.exe: 0000089C: 14:59:08 []:>--------------------------------------------------------------<
ERPImporta.exe: 0000089C: 14:59:08 [TUniServerModule]:Server First Init.
ERPImporta.exe: 0000089C: 14:59:08 [TUniServerModule]:Start Path = C:\Projetos_WEB\ERP_Importa\
ERPImporta.exe: 0000089C: 14:59:08 [TUniServerModule]:Debug Mode = ON
ERPImporta.exe: 0000089C: 14:59:08 [TUniGUISessionManager]:Cache erase job created, Folder count: [1]
ERPImporta.exe: 0000089C: 14:59:08 [TUniServerModule]:Starting HTTP Server on Port: 8077...
ERPImporta.exe: 0000089C: 14:59:08 [TUniServerModule]:HTTP Server Started on Port: 8077
ERPImporta.exe: 00003994: 15:02:27 [[FireDAC][Phys][ODBC][Microsoft][SQL Server Native Client 11.0][SQL Server]The conversion of the varchar value '77696235000194' overflowed an INT2 column. Use a larger integer column.-127.0.0.1]:EMSSQLNativeException : [FireDAC][Phys][ODBC][Microsoft][SQL Server Native Client 11.0][SQL Server]The conversion of the varchar value '77696235000194' overflowed an INT2 column. Use a larger integer column. : Addr: $008DFC89
ERPImporta.exe: 00001B50: 15:02:33 [HandleFileRequest[127.0.0.1]]:File not found: C:\Projetos_WEB\ERP_Importa\files\images\fundo8.jpg
ERPImporta.exe: 00003994: 15:02:34 [127.0.0.1]:EMSSQLNativeException : [FireDAC][Phys][ODBC][Microsoft][SQL Server Native Client 11.0][SQL Server]The conversion of the varchar value '77696235000194' overflowed an INT2 column. Use a larger integer column. : Addr: $008DFC89
ERPImporta.exe: 00003994: 15:02:50 [[FireDAC][Phys][ODBC][Microsoft][SQL Server Native Client 11.0][SQL Server]Invalid object name 'TipoNota'.-127.0.0.1]:EMSSQLNativeException : [FireDAC][Phys][ODBC][Microsoft][SQL Server Native Client 11.0][SQL Server]Invalid object name 'TipoNota'. : Addr: $008DFC89
ERPImporta.exe: 00001F2C: 15:05:51 []:>--------------------------------------------------------------<
ERPImporta.exe: 00001F2C: 15:05:51 [TUniServerModule]:Server First Init.
ERPImporta.exe: 00001F2C: 15:05:51 [TUniServerModule]:Start Path = C:\Projetos_WEB\ERP_Importa\
ERPImporta.exe: 00001F2C: 15:05:51 [TUniServerModule]:Debug Mode = ON
ERPImporta.exe: 00001F2C: 15:05:51 [TUniGUISessionManager]:Cache erase job created, Folder count: [1]
ERPImporta.exe: 00001F2C: 15:05:52 [TUniServerModule]:Starting HTTP Server on Port: 8077...
ERPImporta.exe: 00001F2C: 15:05:52 [TUniServerModule]:HTTP Server Started on Port: 8077
ERPImporta.exe: 00001700: 15:05:59 [[FireDAC][Phys][ODBC][Microsoft][SQL Server Native Client 11.0][SQL Server]The conversion of the varchar value '77696235000194' overflowed an INT2 column. Use a larger integer column.-127.0.0.1]:EMSSQLNativeException : [FireDAC][Phys][ODBC][Microsoft][SQL Server Native Client 11.0][SQL Server]The conversion of the varchar value '77696235000194' overflowed an INT2 column. Use a larger integer column. : Addr: $008DFC89
ERPImporta.exe: 00002C7C: 15:06:08 [HandleFileRequest[127.0.0.1]]:File not found: C:\Projetos_WEB\ERP_Importa\files\images\fundo8.jpg
ERPImporta.exe: 00001A50: 15:06:54 []:>--------------------------------------------------------------<
ERPImporta.exe: 00001A50: 15:06:54 [TUniServerModule]:Server First Init.
ERPImporta.exe: 00001A50: 15:06:54 [TUniServerModule]:Start Path = C:\Projetos_WEB\ERP_Importa\
ERPImporta.exe: 00001A50: 15:06:54 [TUniServerModule]:Debug Mode = ON
ERPImporta.exe: 00001A50: 15:06:54 [TUniServerModule]:Starting HTTP Server on Port: 8077...
ERPImporta.exe: 00001A50: 15:06:54 [TUniServerModule]:HTTP Server Started on Port: 8077
ERPImporta.exe: 00001AC4: 15:08:03 []:>--------------------------------------------------------------<
ERPImporta.exe: 00001AC4: 15:08:03 [TUniServerModule]:Server First Init.
ERPImporta.exe: 00001AC4: 15:08:03 [TUniServerModule]:Start Path = C:\Projetos_WEB\ERP_Importa\
ERPImporta.exe: 00001AC4: 15:08:03 [TUniServerModule]:Debug Mode = ON
ERPImporta.exe: 00001AC4: 15:08:03 [TUniGUISessionManager]:Cache erase job created, Folder count: [1]
ERPImporta.exe: 00001AC4: 15:08:03 [TUniServerModule]:Starting HTTP Server on Port: 8077...
ERPImporta.exe: 00001AC4: 15:08:03 [TUniServerModule]:HTTP Server Started on Port: 8077
ERPImporta.exe: 00001470: 15:08:04 [127.0.0.1]:EUniSessionException : Sessão inváilda ou tempo da sessão expirado. (Session not found: gyLNWdxCFb1106419E6 ) : Addr: $007CFCA4
ERPImporta.exe: 00003BB8: 15:08:22 []:>--------------------------------------------------------------<
ERPImporta.exe: 00003BB8: 15:08:22 [TUniServerModule]:Server First Init.
ERPImporta.exe: 00003BB8: 15:08:22 [TUniServerModule]:Start Path = C:\Projetos_WEB\ERP_Importa\
ERPImporta.exe: 00003BB8: 15:08:22 [TUniServerModule]:Debug Mode = ON
ERPImporta.exe: 00003BB8: 15:08:22 [TUniGUISessionManager]:Cache erase job created, Folder count: [1]
ERPImporta.exe: 00003BB8: 15:08:22 [TUniServerModule]:Starting HTTP Server on Port: 8077...
ERPImporta.exe: 00003BB8: 15:08:22 [TUniServerModule]:HTTP Server Started on Port: 8077
ERPImporta.exe: 00003448: 15:08:24 [127.0.0.1]:EUniSessionException : Sessão inváilda ou tempo da sessão expirado. (Session not found: ckmXKmtJ63110641A34 ) : Addr: $007CFCA4
ERPImporta.exe: 000014F0: 15:09:41 []:>--------------------------------------------------------------<
ERPImporta.exe: 000014F0: 15:09:41 [TUniServerModule]:Server First Init.
ERPImporta.exe: 000014F0: 15:09:41 [TUniServerModule]:Start Path = C:\Projetos_WEB\ERP_Importa\
ERPImporta.exe: 000014F0: 15:09:41 [TUniServerModule]:Debug Mode = ON
ERPImporta.exe: 000014F0: 15:09:41 [TUniGUISessionManager]:Cache erase job created, Folder count: [1]
ERPImporta.exe: 000014F0: 15:09:41 [TUniServerModule]:Starting HTTP Server on Port: 8077...
ERPImporta.exe: 000014F0: 15:09:41 [TUniServerModule]:HTTP Server Started on Port: 8077
ERPImporta.exe: 00003118: 15:09:48 [[FireDAC][Phys][ODBC][Microsoft][SQL Server Native Client 11.0][SQL Server]The conversion of the varchar value '77696235000194' overflowed an INT2 column. Use a larger integer column.-127.0.0.1]:EMSSQLNativeException : [FireDAC][Phys][ODBC][Microsoft][SQL Server Native Client 11.0][SQL Server]The conversion of the varchar value '77696235000194' overflowed an INT2 column. Use a larger integer column. : Addr: $008DFC89
ERPImporta.exe: 00002A58: 15:09:53 [HandleFileRequest[127.0.0.1]]:File not found: C:\Projetos_WEB\ERP_Importa\files\images\fundo8.jpg
ERPImporta.exe: 00002768: 15:17:18 []:>--------------------------------------------------------------<
ERPImporta.exe: 00002768: 15:17:18 [TUniServerModule]:Server First Init.
ERPImporta.exe: 00002768: 15:17:18 [TUniServerModule]:Start Path = C:\Projetos_WEB\ERP_Importa\
ERPImporta.exe: 00002768: 15:17:18 [TUniServerModule]:Debug Mode = ON
ERPImporta.exe: 00002768: 15:17:18 [TUniGUISessionManager]:Cache erase job created, Folder count: [1]
ERPImporta.exe: 00002768: 15:17:19 [TUniServerModule]:Starting HTTP Server on Port: 8077...
ERPImporta.exe: 00002768: 15:17:19 [TUniServerModule]:HTTP Server Started on Port: 8077
ERPImporta.exe: 00002EDC: 15:17:28 [HandleFileRequest[127.0.0.1]]:File not found: C:\Projetos_WEB\ERP_Importa\files\images\fundo8.jpg
ERPImporta.exe: 00001AB4: 15:28:35 []:>--------------------------------------------------------------<
ERPImporta.exe: 00001AB4: 15:28:35 [TUniServerModule]:Server First Init.
ERPImporta.exe: 00001AB4: 15:28:35 [TUniServerModule]:Start Path = C:\Projetos_WEB\ERP_Importa\
ERPImporta.exe: 00001AB4: 15:28:35 [TUniServerModule]:Debug Mode = ON
ERPImporta.exe: 00001AB4: 15:28:35 [TUniGUISessionManager]:Cache erase job created, Folder count: [1]
ERPImporta.exe: 00001AB4: 15:28:35 [TUniServerModule]:Starting HTTP Server on Port: 8077...
ERPImporta.exe: 00001AB4: 15:28:35 [TUniServerModule]:HTTP Server Started on Port: 8077
ERPImporta.exe: 000011B0: 15:28:44 [HandleFileRequest[127.0.0.1]]:File not found: C:\Projetos_WEB\ERP_Importa\files\images\fundo8.jpg
ERPImporta.exe: 00003A18: 15:30:52 []:>--------------------------------------------------------------<
ERPImporta.exe: 00003A18: 15:30:52 [TUniServerModule]:Server First Init.
ERPImporta.exe: 00003A18: 15:30:52 [TUniServerModule]:Start Path = C:\Projetos_WEB\ERP_Importa\
ERPImporta.exe: 00003A18: 15:30:52 [TUniServerModule]:Debug Mode = ON
ERPImporta.exe: 00003A18: 15:30:53 [TUniServerModule]:Starting HTTP Server on Port: 8077...
ERPImporta.exe: 00003A18: 15:30:53 [TUniServerModule]:HTTP Server Started on Port: 8077
ERPImporta.exe: 000028C0: 15:31:06 [HandleFileRequest[127.0.0.1]]:File not found: C:\Projetos_WEB\ERP_Importa\files\images\fundo8.jpg
ERPImporta.exe: 00001290: 15:32:08 []:>--------------------------------------------------------------<
ERPImporta.exe: 00001290: 15:32:08 [TUniServerModule]:Server First Init.
ERPImporta.exe: 00001290: 15:32:08 [TUniServerModule]:Start Path = C:\Projetos_WEB\ERP_Importa\
ERPImporta.exe: 00001290: 15:32:08 [TUniServerModule]:Debug Mode = ON
ERPImporta.exe: 00001290: 15:32:08 [TUniServerModule]:Starting HTTP Server on Port: 8077...
ERPImporta.exe: 00001290: 15:32:08 [TUniServerModule]:HTTP Server Started on Port: 8077
ERPImporta.exe: 00001D60: 15:32:17 [HandleFileRequest[127.0.0.1]]:File not found: C:\Projetos_WEB\ERP_Importa\files\images\fundo8.jpg
ERPImporta.exe: 0000127C: 15:33:18 []:>--------------------------------------------------------------<
ERPImporta.exe: 0000127C: 15:33:18 [TUniServerModule]:Server First Init.
ERPImporta.exe: 0000127C: 15:33:18 [TUniServerModule]:Start Path = C:\Projetos_WEB\ERP_Importa\
ERPImporta.exe: 0000127C: 15:33:18 [TUniServerModule]:Debug Mode = ON
ERPImporta.exe: 0000127C: 15:33:19 [TUniServerModule]:Starting HTTP Server on Port: 8077...
ERPImporta.exe: 0000127C: 15:33:19 [TUniServerModule]:HTTP Server Started on Port: 8077
ERPImporta.exe: 00002B6C: 15:33:27 [HandleFileRequest[127.0.0.1]]:File not found: C:\Projetos_WEB\ERP_Importa\files\images\fundo8.jpg
ERPImporta.exe: 00001024: 15:34:33 []:>--------------------------------------------------------------<
ERPImporta.exe: 00001024: 15:34:33 [TUniServerModule]:Server First Init.
ERPImporta.exe: 00001024: 15:34:33 [TUniServerModule]:Start Path = C:\Projetos_WEB\ERP_Importa\
ERPImporta.exe: 00001024: 15:34:33 [TUniServerModule]:Debug Mode = ON
ERPImporta.exe: 00001024: 15:34:33 [TUniServerModule]:Starting HTTP Server on Port: 8077...
ERPImporta.exe: 00001024: 15:34:33 [TUniServerModule]:HTTP Server Started on Port: 8077
ERPImporta.exe: 00002AF0: 15:34:56 [HandleFileRequest[127.0.0.1]]:File not found: C:\Projetos_WEB\ERP_Importa\files\images\fundo8.jpg
ERPImporta.exe: 00003288: 15:35:58 []:>--------------------------------------------------------------<
ERPImporta.exe: 00003288: 15:35:58 [TUniServerModule]:Server First Init.
ERPImporta.exe: 00003288: 15:35:58 [TUniServerModule]:Start Path = C:\Projetos_WEB\ERP_Importa\
ERPImporta.exe: 00003288: 15:35:58 [TUniServerModule]:Debug Mode = ON
ERPImporta.exe: 00003288: 15:35:58 [TUniGUISessionManager]:Cache erase job created, Folder count: [1]
ERPImporta.exe: 00003288: 15:35:58 [TUniServerModule]:Starting HTTP Server on Port: 8077...
ERPImporta.exe: 00003288: 15:35:58 [TUniServerModule]:HTTP Server Started on Port: 8077
ERPImporta.exe: 00002498: 15:36:31 [HandleFileRequest[127.0.0.1]]:File not found: C:\Projetos_WEB\ERP_Importa\files\images\fundo8.jpg
ERPImporta.exe: 000026E8: 15:36:58 []:>--------------------------------------------------------------<
ERPImporta.exe: 000026E8: 15:36:58 [TUniServerModule]:Server First Init.
ERPImporta.exe: 000026E8: 15:36:58 [TUniServerModule]:Start Path = C:\Projetos_WEB\ERP_Importa\
ERPImporta.exe: 000026E8: 15:36:58 [TUniServerModule]:Debug Mode = ON
ERPImporta.exe: 000026E8: 15:36:58 [TUniGUISessionManager]:Cache erase job created, Folder count: [1]
ERPImporta.exe: 000026E8: 15:36:58 [TUniServerModule]:Starting HTTP Server on Port: 8077...
ERPImporta.exe: 000026E8: 15:36:58 [TUniServerModule]:HTTP Server Started on Port: 8077
ERPImporta.exe: 000036E0: 15:37:00 [HandleFileRequest[127.0.0.1]]:File not found: C:\Program Files (x86)\FMSoft\Framework\unigui\ext-7.5.1\build\packages\ux\classic\aria\resources\ux-all.css
ERPImporta.exe: 00002868: 15:37:00 [HandleFileRequest[127.0.0.1]]:File not found: C:\Program Files (x86)\FMSoft\Framework\unigui\ext-7.5.1\ext-addons\packages\calendar\build\classic\aria\resources\calendar-all.css
ERPImporta.exe: 00002660: 15:37:07 [HandleFileRequest[127.0.0.1]]:File not found: C:\Projetos_WEB\ERP_Importa\files\images\fundo8.jpg
ERPImporta.exe: 00000ABC: 15:37:46 []:>--------------------------------------------------------------<
ERPImporta.exe: 00000ABC: 15:37:46 [TUniServerModule]:Server First Init.
ERPImporta.exe: 00000ABC: 15:37:46 [TUniServerModule]:Start Path = C:\Projetos_WEB\ERP_Importa\
ERPImporta.exe: 00000ABC: 15:37:46 [TUniServerModule]:Debug Mode = ON
ERPImporta.exe: 00000ABC: 15:37:46 [TUniServerModule]:Starting HTTP Server on Port: 8077...
ERPImporta.exe: 00000ABC: 15:37:46 [TUniServerModule]:HTTP Server Started on Port: 8077
ERPImporta.exe: 000036F0: 15:37:48 [HandleFileRequest[127.0.0.1]]:File not found: C:\Program Files (x86)\FMSoft\Framework\unigui\ext-7.5.1\ext-addons\packages\calendar\build\classic\graphite\resources\calendar-all.css
ERPImporta.exe: 0000346C: 15:37:51 [HandleFileRequest[127.0.0.1]]:File not found: C:\Program Files (x86)\FMSoft\Framework\unigui\ext-7.5.1\build\classic\theme-graphite\resources\fonts\OpenSans-Regular.ttf
ERPImporta.exe: 00002F8C: 15:48:13 []:>--------------------------------------------------------------<
ERPImporta.exe: 00002F8C: 15:48:13 [TUniServerModule]:Server First Init.
ERPImporta.exe: 00002F8C: 15:48:13 [TUniServerModule]:Start Path = C:\Projetos_WEB\ERP_Importa\
ERPImporta.exe: 00002F8C: 15:48:13 [TUniServerModule]:Debug Mode = ON
ERPImporta.exe: 00002F8C: 15:48:13 [TUniServerModule]:Starting HTTP Server on Port: 8077...
ERPImporta.exe: 00002F8C: 15:48:13 [TUniServerModule]:HTTP Server Started on Port: 8077
ERPImporta.exe: 0000279C: 15:48:14 [HandleFileRequest[127.0.0.1]]:File not found: C:\Program Files (x86)\FMSoft\Framework\unigui\ext-7.5.1\ext-addons\packages\calendar\build\classic\graphite\resources\calendar-all.css
ERPImporta.exe: 00003378: 15:48:15 [HandleFileRequest[127.0.0.1]]:File not found: C:\Program Files (x86)\FMSoft\Framework\unigui\ext-7.5.1\build\classic\theme-graphite\resources\fonts\OpenSans-Regular.ttf
ERPImporta.exe: 00003BCC: 15:49:58 []:>--------------------------------------------------------------<
ERPImporta.exe: 00003BCC: 15:49:58 [TUniServerModule]:Server First Init.
ERPImporta.exe: 00003BCC: 15:49:58 [TUniServerModule]:Start Path = C:\Projetos_WEB\ERP_Importa\
ERPImporta.exe: 00003BCC: 15:49:58 [TUniServerModule]:Debug Mode = ON
ERPImporta.exe: 00003BCC: 15:49:58 [TUniGUISessionManager]:Cache erase job created, Folder count: [1]
ERPImporta.exe: 00003BCC: 15:49:58 [TUniServerModule]:Starting HTTP Server on Port: 8077...
ERPImporta.exe: 00003BCC: 15:49:58 [TUniServerModule]:HTTP Server Started on Port: 8077
ERPImporta.exe: 000017A0: 15:50:00 [HandleFileRequest[127.0.0.1]]:File not found: C:\Program Files (x86)\FMSoft\Framework\unigui\ext-7.5.1\ext-addons\packages\calendar\build\classic\graphite\resources\calendar-all.css
ERPImporta.exe: 00002864: 15:50:02 [HandleFileRequest[127.0.0.1]]:File not found: C:\Program Files (x86)\FMSoft\Framework\unigui\ext-7.5.1\build\classic\theme-graphite\resources\fonts\OpenSans-Regular.ttf
ERPImporta.exe: 0000162C: 15:50:49 []:>--------------------------------------------------------------<
ERPImporta.exe: 0000162C: 15:50:49 [TUniServerModule]:Server First Init.
ERPImporta.exe: 0000162C: 15:50:49 [TUniServerModule]:Start Path = C:\Projetos_WEB\ERP_Importa\
ERPImporta.exe: 0000162C: 15:50:49 [TUniServerModule]:Debug Mode = ON
ERPImporta.exe: 0000162C: 15:50:50 [TUniServerModule]:Starting HTTP Server on Port: 8077...
ERPImporta.exe: 0000162C: 15:50:50 [TUniServerModule]:HTTP Server Started on Port: 8077
ERPImporta.exe: 000026C8: 15:51:00 [HandleFileRequest[127.0.0.1]]:File not found: C:\Projetos_WEB\ERP_Importa\files\images\fundo8.jpg
ERPImporta.exe: 00002F8C: 15:52:01 []:>--------------------------------------------------------------<
ERPImporta.exe: 00002F8C: 15:52:01 [TUniServerModule]:Server First Init.
ERPImporta.exe: 00002F8C: 15:52:01 [TUniServerModule]:Start Path = C:\Projetos_WEB\ERP_Importa\
ERPImporta.exe: 00002F8C: 15:52:01 [TUniServerModule]:Debug Mode = ON
ERPImporta.exe: 00002F8C: 15:52:01 [TUniServerModule]:Starting HTTP Server on Port: 8077...
ERPImporta.exe: 00002F8C: 15:52:01 [TUniServerModule]:HTTP Server Started on Port: 8077
ERPImporta.exe: 00002AD8: 15:52:27 [HandleFileRequest[127.0.0.1]]:File not found: C:\Projetos_WEB\ERP_Importa\files\images\fundo8.jpg
ERPImporta.exe: 000007A0: 15:53:31 []:>--------------------------------------------------------------<
ERPImporta.exe: 000007A0: 15:53:31 [TUniServerModule]:Server First Init.
ERPImporta.exe: 000007A0: 15:53:31 [TUniServerModule]:Start Path = C:\Projetos_WEB\ERP_Importa\
ERPImporta.exe: 000007A0: 15:53:31 [TUniServerModule]:Debug Mode = ON
ERPImporta.exe: 000007A0: 15:53:31 [TUniGUISessionManager]:Cache erase job created, Folder count: [1]
ERPImporta.exe: 000007A0: 15:53:31 [TUniServerModule]:Starting HTTP Server on Port: 8077...
ERPImporta.exe: 000007A0: 15:53:31 [TUniServerModule]:HTTP Server Started on Port: 8077
ERPImporta.exe: 00001E20: 15:53:36 [HandleFileRequest[127.0.0.1]]:File not found: C:\Program Files (x86)\FMSoft\Framework\unigui\unipackages-7.5.1\themes\ext-theme-uni_aqua_triton\resources\fonts\OpenSans-Light.ttf
ERPImporta.exe: 00000534: 15:53:56 [HandleFileRequest[127.0.0.1]]:File not found: C:\Program Files (x86)\FMSoft\Framework\unigui\unipackages-7.5.1\themes\ext-theme-uni_aqua_triton\resources\fonts\OpenSans-Regular.ttf
ERPImporta.exe: 0000126C: 15:53:57 [HandleFileRequest[127.0.0.1]]:File not found: C:\Projetos_WEB\ERP_Importa\files\images\fundo8.jpg
ERPImporta.exe: 000025DC: 15:54:44 [HandleFileRequest[127.0.0.1]]:File not found: C:\Program Files (x86)\FMSoft\Framework\unigui\unipackages-7.5.1\themes\ext-theme-uni_aqua_triton\resources\fonts\OpenSans-Bold.ttf
ERPImporta.exe: 00001F18: 15:55:27 [HandleFileRequest[127.0.0.1]]:File not found: C:\Program Files (x86)\FMSoft\Framework\unigui\unipackages-7.5.1\themes\ext-theme-uni_aqua_triton\resources\fonts\OpenSans-Light.ttf
ERPImporta.exe: 00003860: 17:12:32 []:>--------------------------------------------------------------<
ERPImporta.exe: 00003860: 17:12:32 [TUniServerModule]:Server First Init.
ERPImporta.exe: 00003860: 17:12:32 [TUniServerModule]:Start Path = C:\Projetos_WEB\ERP_Importa\
ERPImporta.exe: 00003860: 17:12:32 [TUniServerModule]:Debug Mode = ON
ERPImporta.exe: 00003860: 17:12:32 [TUniGUISessionManager]:Cache erase job created, Folder count: [1]
ERPImporta.exe: 00003860: 17:12:33 [TUniServerModule]:Starting HTTP Server on Port: 8077...
ERPImporta.exe: 00003860: 17:12:33 [TUniServerModule]:HTTP Server Started on Port: 8077
ERPImporta.exe: 00003380: 17:13:19 []:>--------------------------------------------------------------<
ERPImporta.exe: 00003380: 17:13:19 [TUniServerModule]:Server First Init.
ERPImporta.exe: 00003380: 17:13:19 [TUniServerModule]:Start Path = C:\Projetos_WEB\ERP_Importa\
ERPImporta.exe: 00003380: 17:13:19 [TUniServerModule]:Debug Mode = ON
ERPImporta.exe: 00003380: 17:13:19 [TUniServerModule]:Starting HTTP Server on Port: 8077...
ERPImporta.exe: 00003380: 17:13:19 [TUniServerModule]:HTTP Server Started on Port: 8077
ERPImporta.exe: 00000DDC: 17:13:24 [HandleFileRequest[127.0.0.1]]:File not found: C:\Program Files (x86)\FMSoft\Framework\unigui\unipackages-7.5.1\themes\ext-theme-uni_carbon_triton\resources\fonts\OpenSans-Light.ttf
ERPImporta.exe: 00002A40: 17:13:49 []:>--------------------------------------------------------------<
ERPImporta.exe: 00002A40: 17:13:49 [TUniServerModule]:Server First Init.
ERPImporta.exe: 00002A40: 17:13:49 [TUniServerModule]:Start Path = C:\Projetos_WEB\ERP_Importa\
ERPImporta.exe: 00002A40: 17:13:49 [TUniServerModule]:Debug Mode = ON
ERPImporta.exe: 00002A40: 17:13:49 [TUniServerModule]:Starting HTTP Server on Port: 8077...
ERPImporta.exe: 00002A40: 17:13:49 [TUniServerModule]:HTTP Server Started on Port: 8077
ERPImporta.exe: 00000DD8: 17:14:46 []:>--------------------------------------------------------------<
ERPImporta.exe: 00000DD8: 17:14:46 [TUniServerModule]:Server First Init.
ERPImporta.exe: 00000DD8: 17:14:46 [TUniServerModule]:Start Path = C:\Projetos_WEB\ERP_Importa\
ERPImporta.exe: 00000DD8: 17:14:46 [TUniServerModule]:Debug Mode = ON
ERPImporta.exe: 00000DD8: 17:14:46 [TUniGUISessionManager]:Cache erase job created, Folder count: [1]
ERPImporta.exe: 00000DD8: 17:14:46 [TUniServerModule]:Starting HTTP Server on Port: 8077...
ERPImporta.exe: 00000DD8: 17:14:46 [TUniServerModule]:HTTP Server Started on Port: 8077
ERPImporta.exe: 00000544: 17:14:48 [Requested Theme File not found:]:C:\Program Files (x86)\FMSoft\Framework\unigui\unipackages-7.5.1\themes\css\uni-xtheme-uni_emerald.css
ERPImporta.exe: 00000544: 17:14:48 []:TUniThemeProps: File not found: C:\Program Files (x86)\FMSoft\Framework\unigui\unipackages-7.5.1\themes\css\uni-xtheme-uni_emerald.css
ERPImporta.exe: 00001EAC: 17:14:48 [HandleFileRequest[127.0.0.1]]:File not found: C:\Program Files (x86)\FMSoft\Framework\unigui\ext-7.5.1\build\packages\ux\classic\uni_emerald\resources\ux-all.css
ERPImporta.exe: 00003628: 17:14:48 [HandleFileRequest[127.0.0.1]]:File not found: C:\Program Files (x86)\FMSoft\Framework\unigui\ext-7.5.1\ext-addons\packages\calendar\build\classic\uni_emerald\resources\calendar-all.css
ERPImporta.exe: 00003B84: 17:15:18 [HandleFileRequest[127.0.0.1]]:File not found: C:\Projetos_WEB\ERP_Importa\files\images\fundo8.jpg
ERPImporta.exe: 000017E4: 17:16:38 []:>--------------------------------------------------------------<
ERPImporta.exe: 000017E4: 17:16:38 [TUniServerModule]:Server First Init.
ERPImporta.exe: 000017E4: 17:16:38 [TUniServerModule]:Start Path = C:\Projetos_WEB\ERP_Importa\
ERPImporta.exe: 000017E4: 17:16:38 [TUniServerModule]:Debug Mode = ON
ERPImporta.exe: 000017E4: 17:16:38 [TUniServerModule]:Starting HTTP Server on Port: 8077...
ERPImporta.exe: 000017E4: 17:16:39 [TUniServerModule]:HTTP Server Started on Port: 8077
ERPImporta.exe: 000034F0: 17:16:58 [HandleFileRequest[127.0.0.1]]:File not found: C:\Projetos_WEB\ERP_Importa\files\images\fundo8.jpg
ERPImporta.exe: 000039AC: 17:17:24 []:>--------------------------------------------------------------<
ERPImporta.exe: 000039AC: 17:17:24 [TUniServerModule]:Server First Init.
ERPImporta.exe: 000039AC: 17:17:24 [TUniServerModule]:Start Path = C:\Projetos_WEB\ERP_Importa\
ERPImporta.exe: 000039AC: 17:17:24 [TUniServerModule]:Debug Mode = ON
ERPImporta.exe: 000039AC: 17:17:25 [TUniServerModule]:Starting HTTP Server on Port: 8077...
ERPImporta.exe: 000039AC: 17:17:25 [TUniServerModule]:HTTP Server Started on Port: 8077
ERPImporta.exe: 000002BC: 17:17:30 [HandleFileRequest[127.0.0.1]]:File not found: C:\Program Files (x86)\FMSoft\Framework\unigui\unipackages-7.5.1\themes\ext-theme-uni_flat_black_triton\resources\fonts\OpenSans-Light.ttf
ERPImporta.exe: 00001E6C: 17:17:48 [HandleFileRequest[127.0.0.1]]:File not found: C:\Program Files (x86)\FMSoft\Framework\unigui\unipackages-7.5.1\themes\ext-theme-uni_flat_black_triton\resources\fonts\OpenSans-Regular.ttf
ERPImporta.exe: 0000367C: 17:17:53 [HandleFileRequest[127.0.0.1]]:File not found: C:\Projetos_WEB\ERP_Importa\files\images\fundo8.jpg
ERPImporta.exe: 00003BE0: 17:18:19 []:>--------------------------------------------------------------<
ERPImporta.exe: 00003BE0: 17:18:19 [TUniServerModule]:Server First Init.
ERPImporta.exe: 00003BE0: 17:18:19 [TUniServerModule]:Start Path = C:\Projetos_WEB\ERP_Importa\
ERPImporta.exe: 00003BE0: 17:18:19 [TUniServerModule]:Debug Mode = ON
ERPImporta.exe: 00003BE0: 17:18:19 [TUniServerModule]:Starting HTTP Server on Port: 8077...
ERPImporta.exe: 00003BE0: 17:18:19 [TUniServerModule]:HTTP Server Started on Port: 8077
ERPImporta.exe: 00002600: 17:18:53 [HandleFileRequest[127.0.0.1]]:File not found: C:\Projetos_WEB\ERP_Importa\files\images\fundo8.jpg
ERPImporta.exe: 000037C8: 17:19:20 []:>--------------------------------------------------------------<
ERPImporta.exe: 000037C8: 17:19:20 [TUniServerModule]:Server First Init.
ERPImporta.exe: 000037C8: 17:19:20 [TUniServerModule]:Start Path = C:\Projetos_WEB\ERP_Importa\
ERPImporta.exe: 000037C8: 17:19:20 [TUniServerModule]:Debug Mode = ON
ERPImporta.exe: 000037C8: 17:19:20 [TUniServerModule]:Starting HTTP Server on Port: 8077...
ERPImporta.exe: 000037C8: 17:19:21 [TUniServerModule]:HTTP Server Started on Port: 8077
ERPImporta.exe: 000010F8: 17:19:29 [HandleFileRequest[127.0.0.1]]:File not found: C:\Projetos_WEB\ERP_Importa\files\images\fundo8.jpg
ERPImporta.exe: 000030B8: 17:19:55 []:>--------------------------------------------------------------<
ERPImporta.exe: 000030B8: 17:19:55 [TUniServerModule]:Server First Init.
ERPImporta.exe: 000030B8: 17:19:55 [TUniServerModule]:Start Path = C:\Projetos_WEB\ERP_Importa\
ERPImporta.exe: 000030B8: 17:19:55 [TUniServerModule]:Debug Mode = ON
ERPImporta.exe: 000030B8: 17:19:55 [TUniGUISessionManager]:Cache erase job created, Folder count: [1]
ERPImporta.exe: 000030B8: 17:19:56 [TUniServerModule]:Starting HTTP Server on Port: 8077...
ERPImporta.exe: 000030B8: 17:19:56 [TUniServerModule]:HTTP Server Started on Port: 8077
ERPImporta.exe: 000031DC: 17:20:12 [HandleFileRequest[127.0.0.1]]:File not found: C:\Program Files (x86)\FMSoft\Framework\unigui\unipackages-7.5.1\themes\ext-theme-uni_kde_triton\resources\fonts\OpenSans-Light.ttf
ERPImporta.exe: 00003B6C: 17:20:15 [HandleFileRequest[127.0.0.1]]:File not found: C:\Projetos_WEB\ERP_Importa\files\images\fundo8.jpg
ERPImporta.exe: 00001A14: 17:20:15 [HandleFileRequest[127.0.0.1]]:File not found: C:\Program Files (x86)\FMSoft\Framework\unigui\unipackages-7.5.1\themes\ext-theme-uni_kde_triton\resources\fonts\OpenSans-Regular.ttf
ERPImporta.exe: 000028D0: 17:40:09 []:>--------------------------------------------------------------<
ERPImporta.exe: 000028D0: 17:40:09 [TUniServerModule]:Server First Init.
ERPImporta.exe: 000028D0: 17:40:09 [TUniServerModule]:Start Path = C:\Projetos_WEB\ERP_Importa\
ERPImporta.exe: 000028D0: 17:40:09 [TUniServerModule]:Debug Mode = ON
ERPImporta.exe: 000028D0: 17:40:10 [TUniServerModule]:Starting HTTP Server on Port: 8077...
ERPImporta.exe: 000028D0: 17:40:10 [TUniServerModule]:HTTP Server Started on Port: 8077
ERPImporta.exe: 00002A44: 17:40:17 [HandleFileRequest[127.0.0.1]]:File not found: C:\Program Files (x86)\FMSoft\Framework\unigui\unipackages-7.8.0\themes\ext-theme-uni_kde_triton\resources\fonts\OpenSans-Light.ttf
ERPImporta.exe: 00003204: 17:42:20 []:>--------------------------------------------------------------<
ERPImporta.exe: 00003204: 17:42:20 [TUniServerModule]:Server First Init.
ERPImporta.exe: 00003204: 17:42:20 [TUniServerModule]:Start Path = C:\Projetos_WEB\ERP_Importa\
ERPImporta.exe: 00003204: 17:42:20 [TUniServerModule]:Debug Mode = ON
ERPImporta.exe: 00003204: 17:42:20 [TUniGUISessionManager]:Cache erase job created, Folder count: [1]
ERPImporta.exe: 00003204: 17:42:21 [TUniServerModule]:Starting HTTP Server on Port: 8077...
ERPImporta.exe: 00003204: 17:42:21 [TUniServerModule]:HTTP Server Started on Port: 8077
ERPImporta.exe: 0000183C: 17:42:41 [HandleFileRequest[127.0.0.1]]:File not found: C:\Projetos_WEB\ERP_Importa\files\images\fundo8.jpg
ERPImporta.exe: 000014D8: 17:43:06 []:>--------------------------------------------------------------<
ERPImporta.exe: 000014D8: 17:43:06 [TUniServerModule]:Server First Init.
ERPImporta.exe: 000014D8: 17:43:06 [TUniServerModule]:Start Path = C:\Projetos_WEB\ERP_Importa\
ERPImporta.exe: 000014D8: 17:43:06 [TUniServerModule]:Debug Mode = ON
ERPImporta.exe: 000014D8: 17:43:06 [TUniServerModule]:Starting HTTP Server on Port: 8077...
ERPImporta.exe: 000014D8: 17:43:06 [TUniServerModule]:HTTP Server Started on Port: 8077
ERPImporta.exe: 00001BD0: 17:43:15 [HandleFileRequest[127.0.0.1]]:File not found: C:\Projetos_WEB\ERP_Importa\files\images\fundo8.jpg
