ERPImporta.exe: 00002ACC: 15:10:44 []:>--------------------------------------------------------------<
ERPImporta.exe: 00002ACC: 15:10:44 [TUniServerModule]:Server First Init.
ERPImporta.exe: 00002ACC: 15:10:44 [TUniServerModule]:Start Path = C:\Projetos_WEB\ERP_Importa\
ERPImporta.exe: 00002ACC: 15:10:44 [TUniServerModule]:Debug Mode = ON
ERPImporta.exe: 00002ACC: 15:10:45 [TUniServerModule]:Starting HTTP Server on Port: 8077...
ERPImporta.exe: 00002ACC: 15:10:45 [TUniServerModule]:HTTP Server Started on Port: 8077
ERPImporta.exe: 00002EB0: 15:14:03 []:>--------------------------------------------------------------<
ERPImporta.exe: 00002EB0: 15:14:03 [TUniServerModule]:Server First Init.
ERPImporta.exe: 00002EB0: 15:14:03 [TUniServerModule]:Start Path = C:\Projetos_WEB\ERP_Importa\
ERPImporta.exe: 00002EB0: 15:14:03 [TUniServerModule]:Debug Mode = ON
ERPImporta.exe: 00002EB0: 15:14:03 [TUniServerModule]:Starting HTTP Server on Port: 8077...
ERPImporta.exe: 00002EB0: 15:14:04 [TUniServerModule]:HTTP Server Started on Port: 8077
ERPImporta.exe: 0000379C: 15:14:11 [HandleFileRequest[127.0.0.1]]:File not found: C:\Projetos_WEB\ERP_Importa\files\images\fundo8.jpg
ERPImporta.exe: 00001AD8: 15:16:37 []:>--------------------------------------------------------------<
ERPImporta.exe: 00001AD8: 15:16:37 [TUniServerModule]:Server First Init.
ERPImporta.exe: 00001AD8: 15:16:37 [TUniServerModule]:Start Path = C:\Projetos_WEB\ERP_Importa\
ERPImporta.exe: 00001AD8: 15:16:37 [TUniServerModule]:Debug Mode = ON
ERPImporta.exe: 00001AD8: 15:16:37 [TUniGUISessionManager]:Cache erase job created, Folder count: [1]
ERPImporta.exe: 00001AD8: 15:16:37 [TUniServerModule]:Starting HTTP Server on Port: 8077...
ERPImporta.exe: 00001AD8: 15:16:37 [TUniServerModule]:HTTP Server Started on Port: 8077
ERPImporta.exe: 00000A20: 15:18:38 []:>--------------------------------------------------------------<
ERPImporta.exe: 00000A20: 15:18:38 [TUniServerModule]:Server First Init.
ERPImporta.exe: 00000A20: 15:18:38 [TUniServerModule]:Start Path = C:\Projetos_WEB\ERP_Importa\
ERPImporta.exe: 00000A20: 15:18:38 [TUniServerModule]:Debug Mode = ON
ERPImporta.exe: 00000A20: 15:18:38 [TUniServerModule]:Starting HTTP Server on Port: 8077...
ERPImporta.exe: 00000A20: 15:18:38 [TUniServerModule]:HTTP Server Started on Port: 8077
ERPImporta.exe: 00000AE8: 15:20:39 []:>--------------------------------------------------------------<
ERPImporta.exe: 00000AE8: 15:20:39 [TUniServerModule]:Server First Init.
ERPImporta.exe: 00000AE8: 15:20:39 [TUniServerModule]:Start Path = C:\Projetos_WEB\ERP_Importa\
ERPImporta.exe: 00000AE8: 15:20:39 [TUniServerModule]:Debug Mode = ON
ERPImporta.exe: 00000AE8: 15:20:39 [TUniServerModule]:Starting HTTP Server on Port: 8077...
ERPImporta.exe: 00000AE8: 15:20:39 [TUniServerModule]:HTTP Server Started on Port: 8077
ERPImporta.exe: 00003548: 15:22:24 []:>--------------------------------------------------------------<
ERPImporta.exe: 00003548: 15:22:24 [TUniServerModule]:Server First Init.
ERPImporta.exe: 00003548: 15:22:24 [TUniServerModule]:Start Path = C:\Projetos_WEB\ERP_Importa\
ERPImporta.exe: 00003548: 15:22:24 [TUniServerModule]:Debug Mode = ON
ERPImporta.exe: 00003548: 15:22:24 [TUniGUISessionManager]:Cache erase job created, Folder count: [1]
ERPImporta.exe: 00003548: 15:22:24 [TUniServerModule]:Starting HTTP Server on Port: 8077...
ERPImporta.exe: 00003548: 15:22:24 [TUniServerModule]:HTTP Server Started on Port: 8077
ERPImporta.exe: 00000C90: 15:26:24 []:>--------------------------------------------------------------<
ERPImporta.exe: 00000C90: 15:26:24 [TUniServerModule]:Server First Init.
ERPImporta.exe: 00000C90: 15:26:24 [TUniServerModule]:Start Path = C:\Projetos_WEB\ERP_Importa\
ERPImporta.exe: 00000C90: 15:26:24 [TUniServerModule]:Debug Mode = ON
ERPImporta.exe: 00000C90: 15:26:25 [TUniServerModule]:Starting HTTP Server on Port: 8077...
ERPImporta.exe: 00000C90: 15:26:25 [TUniServerModule]:HTTP Server Started on Port: 8077
ERPImporta.exe: 00002868: 16:07:25 []:>--------------------------------------------------------------<
ERPImporta.exe: 00002868: 16:07:25 [TUniServerModule]:Server First Init.
ERPImporta.exe: 00002868: 16:07:25 [TUniServerModule]:Start Path = C:\Projetos_WEB\ERP_Importa\
ERPImporta.exe: 00002868: 16:07:25 [TUniServerModule]:Debug Mode = ON
ERPImporta.exe: 00002868: 16:07:25 [TUniGUISessionManager]:Cache erase job created, Folder count: [1]
ERPImporta.exe: 00002868: 16:07:25 [TUniServerModule]:Starting HTTP Server on Port: 8077...
ERPImporta.exe: 00002868: 16:07:25 [TUniServerModule]:HTTP Server Started on Port: 8077
ERPImporta.exe: 00002B4C: 16:12:45 []:>--------------------------------------------------------------<
ERPImporta.exe: 00002B4C: 16:12:45 [TUniServerModule]:Server First Init.
ERPImporta.exe: 00002B4C: 16:12:45 [TUniServerModule]:Start Path = C:\Projetos_WEB\ERP_Importa\
ERPImporta.exe: 00002B4C: 16:12:45 [TUniServerModule]:Debug Mode = ON
ERPImporta.exe: 00002B4C: 16:12:46 [TUniServerModule]:Starting HTTP Server on Port: 8077...
ERPImporta.exe: 00002B4C: 16:12:46 [TUniServerModule]:HTTP Server Started on Port: 8077
ERPImporta.exe: 00000670: 16:16:30 []:>--------------------------------------------------------------<
ERPImporta.exe: 00000670: 16:16:30 [TUniServerModule]:Server First Init.
ERPImporta.exe: 00000670: 16:16:30 [TUniServerModule]:Start Path = C:\Projetos_WEB\ERP_Importa\
ERPImporta.exe: 00000670: 16:16:30 [TUniServerModule]:Debug Mode = ON
ERPImporta.exe: 00000670: 16:16:30 [TUniGUISessionManager]:Cache erase job created, Folder count: [1]
ERPImporta.exe: 00000670: 16:16:30 [TUniServerModule]:Starting HTTP Server on Port: 8077...
ERPImporta.exe: 00000670: 16:16:30 [TUniServerModule]:HTTP Server Started on Port: 8077
ERPImporta.exe: 0000390C: 16:17:08 []:>--------------------------------------------------------------<
ERPImporta.exe: 0000390C: 16:17:08 [TUniServerModule]:Server First Init.
ERPImporta.exe: 0000390C: 16:17:08 [TUniServerModule]:Start Path = C:\Projetos_WEB\ERP_Importa\
ERPImporta.exe: 0000390C: 16:17:08 [TUniServerModule]:Debug Mode = ON
ERPImporta.exe: 0000390C: 16:17:08 [TUniGUISessionManager]:Cache erase job created, Folder count: [1]
ERPImporta.exe: 0000390C: 16:17:09 [TUniServerModule]:Starting HTTP Server on Port: 8077...
ERPImporta.exe: 0000390C: 16:17:09 [TUniServerModule]:HTTP Server Started on Port: 8077
ERPImporta.exe: 000009F8: 16:17:30 []:>--------------------------------------------------------------<
ERPImporta.exe: 000009F8: 16:17:30 [TUniServerModule]:Server First Init.
ERPImporta.exe: 000009F8: 16:17:30 [TUniServerModule]:Start Path = C:\Projetos_WEB\ERP_Importa\
ERPImporta.exe: 000009F8: 16:17:30 [TUniServerModule]:Debug Mode = ON
ERPImporta.exe: 000009F8: 16:17:30 [TUniGUISessionManager]:Cache erase job created, Folder count: [1]
ERPImporta.exe: 000009F8: 16:17:31 [TUniServerModule]:Starting HTTP Server on Port: 8077...
ERPImporta.exe: 000009F8: 16:17:31 [TUniServerModule]:HTTP Server Started on Port: 8077
ERPImporta.exe: 00002B70: 16:17:54 []:>--------------------------------------------------------------<
ERPImporta.exe: 00002B70: 16:17:54 [TUniServerModule]:Server First Init.
ERPImporta.exe: 00002B70: 16:17:54 [TUniServerModule]:Start Path = C:\Projetos_WEB\ERP_Importa\
ERPImporta.exe: 00002B70: 16:17:54 [TUniServerModule]:Debug Mode = ON
ERPImporta.exe: 00002B70: 16:17:54 [TUniServerModule]:Starting HTTP Server on Port: 8077...
ERPImporta.exe: 00002B70: 16:17:54 [TUniServerModule]:HTTP Server Started on Port: 8077
ERPImporta.exe: 000025FC: 16:19:01 []:>--------------------------------------------------------------<
ERPImporta.exe: 000025FC: 16:19:01 [TUniServerModule]:Server First Init.
ERPImporta.exe: 000025FC: 16:19:01 [TUniServerModule]:Start Path = C:\Projetos_WEB\ERP_Importa\
ERPImporta.exe: 000025FC: 16:19:01 [TUniServerModule]:Debug Mode = ON
ERPImporta.exe: 000025FC: 16:19:01 [TUniGUISessionManager]:Cache erase job created, Folder count: [1]
ERPImporta.exe: 000025FC: 16:19:02 [TUniServerModule]:Starting HTTP Server on Port: 8077...
ERPImporta.exe: 000025FC: 16:19:02 [TUniServerModule]:HTTP Server Started on Port: 8077
ERPImporta.exe: 00000D24: 16:19:13 ['0/0/0' is not a valid date-127.0.0.1]:EConvertError : '0/0/0' is not a valid date : Addr: $00427A02
ERPImporta.exe: 000009BC: 16:19:21 []:>--------------------------------------------------------------<
ERPImporta.exe: 000009BC: 16:19:21 [TUniServerModule]:Server First Init.
ERPImporta.exe: 000009BC: 16:19:21 [TUniServerModule]:Start Path = C:\Projetos_WEB\ERP_Importa\
ERPImporta.exe: 000009BC: 16:19:21 [TUniServerModule]:Debug Mode = ON
ERPImporta.exe: 000009BC: 16:19:21 [TUniServerModule]:Starting HTTP Server on Port: 8077...
ERPImporta.exe: 000009BC: 16:19:21 [TUniServerModule]:HTTP Server Started on Port: 8077
ERPImporta.exe: 000031AC: 16:24:05 []:>--------------------------------------------------------------<
ERPImporta.exe: 000031AC: 16:24:05 [TUniServerModule]:Server First Init.
ERPImporta.exe: 000031AC: 16:24:05 [TUniServerModule]:Start Path = C:\Projetos_WEB\ERP_Importa\
ERPImporta.exe: 000031AC: 16:24:05 [TUniServerModule]:Debug Mode = ON
ERPImporta.exe: 000031AC: 16:24:05 [TUniGUISessionManager]:Cache erase job created, Folder count: [1]
ERPImporta.exe: 000031AC: 16:24:05 [TUniServerModule]:Starting HTTP Server on Port: 8077...
ERPImporta.exe: 000031AC: 16:24:05 [TUniServerModule]:HTTP Server Started on Port: 8077
ERPImporta.exe: 00000BF4: 16:25:23 []:>--------------------------------------------------------------<
ERPImporta.exe: 00000BF4: 16:25:23 [TUniServerModule]:Server First Init.
ERPImporta.exe: 00000BF4: 16:25:23 [TUniServerModule]:Start Path = C:\Projetos_WEB\ERP_Importa\
ERPImporta.exe: 00000BF4: 16:25:23 [TUniServerModule]:Debug Mode = ON
ERPImporta.exe: 00000BF4: 16:25:23 [TUniGUISessionManager]:Cache erase job created, Folder count: [1]
ERPImporta.exe: 00000BF4: 16:25:24 [TUniServerModule]:Starting HTTP Server on Port: 8077...
ERPImporta.exe: 00000BF4: 16:25:24 [TUniServerModule]:HTTP Server Started on Port: 8077
ERPImporta.exe: 00002F5C: 16:25:35 []:>--------------------------------------------------------------<
ERPImporta.exe: 00002F5C: 16:25:35 [TUniServerModule]:Server First Init.
ERPImporta.exe: 00002F5C: 16:25:35 [TUniServerModule]:Start Path = C:\Projetos_WEB\ERP_Importa\
ERPImporta.exe: 00002F5C: 16:25:35 [TUniServerModule]:Debug Mode = ON
ERPImporta.exe: 00002F5C: 16:25:35 [TUniServerModule]:Starting HTTP Server on Port: 8077...
ERPImporta.exe: 00002F5C: 16:25:35 [TUniServerModule]:HTTP Server Started on Port: 8077
ERPImporta.exe: 00001D90: 16:28:39 []:>--------------------------------------------------------------<
ERPImporta.exe: 00001D90: 16:28:39 [TUniServerModule]:Server First Init.
ERPImporta.exe: 00001D90: 16:28:39 [TUniServerModule]:Start Path = C:\Projetos_WEB\ERP_Importa\
ERPImporta.exe: 00001D90: 16:28:39 [TUniServerModule]:Debug Mode = ON
ERPImporta.exe: 00001D90: 16:28:39 [TUniGUISessionManager]:Cache erase job created, Folder count: [1]
ERPImporta.exe: 00001D90: 16:28:40 [TUniServerModule]:Starting HTTP Server on Port: 8077...
ERPImporta.exe: 00001D90: 16:28:40 [TUniServerModule]:HTTP Server Started on Port: 8077
ERPImporta.exe: 000023D0: 16:28:51 []:>--------------------------------------------------------------<
ERPImporta.exe: 000023D0: 16:28:51 [TUniServerModule]:Server First Init.
ERPImporta.exe: 000023D0: 16:28:51 [TUniServerModule]:Start Path = C:\Projetos_WEB\ERP_Importa\
ERPImporta.exe: 000023D0: 16:28:51 [TUniServerModule]:Debug Mode = ON
ERPImporta.exe: 000023D0: 16:28:51 [TUniServerModule]:Starting HTTP Server on Port: 8077...
ERPImporta.exe: 000023D0: 16:28:51 [TUniServerModule]:HTTP Server Started on Port: 8077
ERPImporta.exe: 00000FC4: 16:29:07 []:>--------------------------------------------------------------<
ERPImporta.exe: 00000FC4: 16:29:07 [TUniServerModule]:Server First Init.
ERPImporta.exe: 00000FC4: 16:29:07 [TUniServerModule]:Start Path = C:\Projetos_WEB\ERP_Importa\
ERPImporta.exe: 00000FC4: 16:29:07 [TUniServerModule]:Debug Mode = ON
ERPImporta.exe: 00000FC4: 16:29:07 [TUniGUISessionManager]:Cache erase job created, Folder count: [1]
ERPImporta.exe: 00000FC4: 16:29:07 [TUniServerModule]:Starting HTTP Server on Port: 8077...
ERPImporta.exe: 00000FC4: 16:29:07 [TUniServerModule]:HTTP Server Started on Port: 8077
ERPImporta.exe: 00003008: 16:29:45 []:>--------------------------------------------------------------<
ERPImporta.exe: 00003008: 16:29:45 [TUniServerModule]:Server First Init.
ERPImporta.exe: 00003008: 16:29:45 [TUniServerModule]:Start Path = C:\Projetos_WEB\ERP_Importa\
ERPImporta.exe: 00003008: 16:29:45 [TUniServerModule]:Debug Mode = ON
ERPImporta.exe: 00003008: 16:29:45 [TUniGUISessionManager]:Cache erase job created, Folder count: [1]
ERPImporta.exe: 00003008: 16:29:45 [TUniServerModule]:Starting HTTP Server on Port: 8077...
ERPImporta.exe: 00003008: 16:29:45 [TUniServerModule]:HTTP Server Started on Port: 8077
ERPImporta.exe: 00000D84: 16:31:25 []:>--------------------------------------------------------------<
ERPImporta.exe: 00000D84: 16:31:25 [TUniServerModule]:Server First Init.
ERPImporta.exe: 00000D84: 16:31:25 [TUniServerModule]:Start Path = C:\Projetos_WEB\ERP_Importa\
ERPImporta.exe: 00000D84: 16:31:25 [TUniServerModule]:Debug Mode = ON
ERPImporta.exe: 00000D84: 16:31:26 [TUniServerModule]:Starting HTTP Server on Port: 8077...
ERPImporta.exe: 00000D84: 16:31:26 [TUniServerModule]:HTTP Server Started on Port: 8077
ERPImporta.exe: 000007A8: 16:31:50 []:>--------------------------------------------------------------<
ERPImporta.exe: 000007A8: 16:31:50 [TUniServerModule]:Server First Init.
ERPImporta.exe: 000007A8: 16:31:50 [TUniServerModule]:Start Path = C:\Projetos_WEB\ERP_Importa\
ERPImporta.exe: 000007A8: 16:31:50 [TUniServerModule]:Debug Mode = ON
ERPImporta.exe: 000007A8: 16:31:50 [TUniGUISessionManager]:Cache erase job created, Folder count: [1]
ERPImporta.exe: 000007A8: 16:31:50 [TUniServerModule]:Starting HTTP Server on Port: 8077...
ERPImporta.exe: 000007A8: 16:31:50 [TUniServerModule]:HTTP Server Started on Port: 8077
ERPImporta.exe: 00000F48: 16:33:08 []:>--------------------------------------------------------------<
ERPImporta.exe: 00000F48: 16:33:08 [TUniServerModule]:Server First Init.
ERPImporta.exe: 00000F48: 16:33:08 [TUniServerModule]:Start Path = C:\Projetos_WEB\ERP_Importa\
ERPImporta.exe: 00000F48: 16:33:08 [TUniServerModule]:Debug Mode = ON
ERPImporta.exe: 00000F48: 16:33:08 [TUniServerModule]:Starting HTTP Server on Port: 8077...
ERPImporta.exe: 00000F48: 16:33:08 [TUniServerModule]:HTTP Server Started on Port: 8077
ERPImporta.exe: 00002D28: 16:34:13 []:>--------------------------------------------------------------<
ERPImporta.exe: 00002D28: 16:34:13 [TUniServerModule]:Server First Init.
ERPImporta.exe: 00002D28: 16:34:13 [TUniServerModule]:Start Path = C:\Projetos_WEB\ERP_Importa\
ERPImporta.exe: 00002D28: 16:34:13 [TUniServerModule]:Debug Mode = ON
ERPImporta.exe: 00002D28: 16:34:13 [TUniGUISessionManager]:Cache erase job created, Folder count: [1]
ERPImporta.exe: 00002D28: 16:34:14 [TUniServerModule]:Starting HTTP Server on Port: 8077...
ERPImporta.exe: 00002D28: 16:34:14 [TUniServerModule]:HTTP Server Started on Port: 8077
ERPImporta.exe: 00002B70: 16:35:38 []:>--------------------------------------------------------------<
ERPImporta.exe: 00002B70: 16:35:38 [TUniServerModule]:Server First Init.
ERPImporta.exe: 00002B70: 16:35:38 [TUniServerModule]:Start Path = C:\Projetos_WEB\ERP_Importa\
ERPImporta.exe: 00002B70: 16:35:38 [TUniServerModule]:Debug Mode = ON
ERPImporta.exe: 00002B70: 16:35:38 [TUniGUISessionManager]:Cache erase job created, Folder count: [1]
ERPImporta.exe: 00002B70: 16:35:38 [TUniServerModule]:Starting HTTP Server on Port: 8077...
ERPImporta.exe: 00002B70: 16:35:38 [TUniServerModule]:HTTP Server Started on Port: 8077
ERPImporta.exe: 000037B4: 16:37:07 []:>--------------------------------------------------------------<
ERPImporta.exe: 000037B4: 16:37:07 [TUniServerModule]:Server First Init.
ERPImporta.exe: 000037B4: 16:37:07 [TUniServerModule]:Start Path = C:\Projetos_WEB\ERP_Importa\
ERPImporta.exe: 000037B4: 16:37:07 [TUniServerModule]:Debug Mode = ON
ERPImporta.exe: 000037B4: 16:37:08 [TUniServerModule]:Starting HTTP Server on Port: 8077...
ERPImporta.exe: 000037B4: 16:37:08 [TUniServerModule]:HTTP Server Started on Port: 8077
ERPImporta.exe: 00002054: 16:39:10 []:>--------------------------------------------------------------<
ERPImporta.exe: 00002054: 16:39:10 [TUniServerModule]:Server First Init.
ERPImporta.exe: 00002054: 16:39:10 [TUniServerModule]:Start Path = C:\Projetos_WEB\ERP_Importa\
ERPImporta.exe: 00002054: 16:39:10 [TUniServerModule]:Debug Mode = ON
ERPImporta.exe: 00002054: 16:39:11 [TUniServerModule]:Starting HTTP Server on Port: 8077...
ERPImporta.exe: 00002054: 16:39:11 [TUniServerModule]:HTTP Server Started on Port: 8077
ERPImporta.exe: 00000A68: 16:39:59 []:>--------------------------------------------------------------<
ERPImporta.exe: 00000A68: 16:39:59 [TUniServerModule]:Server First Init.
ERPImporta.exe: 00000A68: 16:39:59 [TUniServerModule]:Start Path = C:\Projetos_WEB\ERP_Importa\
ERPImporta.exe: 00000A68: 16:39:59 [TUniServerModule]:Debug Mode = ON
ERPImporta.exe: 00000A68: 16:40:00 [TUniServerModule]:Starting HTTP Server on Port: 8077...
ERPImporta.exe: 00000A68: 16:40:00 [TUniServerModule]:HTTP Server Started on Port: 8077
ERPImporta.exe: 00003978: 16:44:05 []:>--------------------------------------------------------------<
ERPImporta.exe: 00003978: 16:44:05 [TUniServerModule]:Server First Init.
ERPImporta.exe: 00003978: 16:44:05 [TUniServerModule]:Start Path = C:\Projetos_WEB\ERP_Importa\
ERPImporta.exe: 00003978: 16:44:05 [TUniServerModule]:Debug Mode = ON
ERPImporta.exe: 00003978: 16:44:05 [TUniGUISessionManager]:Cache erase job created, Folder count: [1]
ERPImporta.exe: 00003978: 16:44:05 [TUniServerModule]:Starting HTTP Server on Port: 8077...
ERPImporta.exe: 00003978: 16:44:05 [TUniServerModule]:HTTP Server Started on Port: 8077
ERPImporta.exe: 00001AC4: 16:45:18 []:>--------------------------------------------------------------<
ERPImporta.exe: 00001AC4: 16:45:18 [TUniServerModule]:Server First Init.
ERPImporta.exe: 00001AC4: 16:45:18 [TUniServerModule]:Start Path = C:\Projetos_WEB\ERP_Importa\
ERPImporta.exe: 00001AC4: 16:45:18 [TUniServerModule]:Debug Mode = ON
ERPImporta.exe: 00001AC4: 16:45:18 [TUniGUISessionManager]:Cache erase job created, Folder count: [1]
ERPImporta.exe: 00001AC4: 16:45:18 [TUniServerModule]:Starting HTTP Server on Port: 8077...
ERPImporta.exe: 00001AC4: 16:45:18 [TUniServerModule]:HTTP Server Started on Port: 8077
ERPImporta.exe: 00000E38: 16:56:36 []:>--------------------------------------------------------------<
ERPImporta.exe: 00000E38: 16:56:36 [TUniServerModule]:Server First Init.
ERPImporta.exe: 00000E38: 16:56:36 [TUniServerModule]:Start Path = C:\Projetos_WEB\ERP_Importa\
ERPImporta.exe: 00000E38: 16:56:36 [TUniServerModule]:Debug Mode = ON
ERPImporta.exe: 00000E38: 16:56:36 [TUniGUISessionManager]:Cache erase job created, Folder count: [1]
ERPImporta.exe: 00000E38: 16:56:36 [TUniServerModule]:Starting HTTP Server on Port: 8077...
ERPImporta.exe: 00000E38: 16:56:36 [TUniServerModule]:HTTP Server Started on Port: 8077
