ERPImporta.exe: 00003FE4: 10:11:31 []:>--------------------------------------------------------------<
ERPImporta.exe: 00003FE4: 10:11:31 [TUniServerModule]:Server First Init.
ERPImporta.exe: 00003FE4: 10:11:31 [TUniServerModule]:Start Path = C:\Projetos_WEB\ERP_Importa\
ERPImporta.exe: 00003FE4: 10:11:31 [TUniServerModule]:Debug Mode = ON
ERPImporta.exe: 00003FE4: 10:11:31 [TUniServerModule]:Starting HTTP Server on Port: 8077...
ERPImporta.exe: 00003FE4: 10:11:31 [TUniServerModule]:HTTP Server Started on Port: 8077
ERPImporta.exe: 00002A48: 10:22:43 []:>--------------------------------------------------------------<
ERPImporta.exe: 00002A48: 10:22:43 [TUniServerModule]:Server First Init.
ERPImporta.exe: 00002A48: 10:22:43 [TUniServerModule]:Start Path = C:\Projetos_WEB\ERP_Importa\
ERPImporta.exe: 00002A48: 10:22:43 [TUniServerModule]:Debug Mode = ON
ERPImporta.exe: 00002A48: 10:22:44 [TUniServerModule]:Starting HTTP Server on Port: 8077...
ERPImporta.exe: 00002A48: 10:22:44 [TUniServerModule]:HTTP Server Started on Port: 8077
ERPImporta.exe: 00002C1C: 10:23:55 []:>--------------------------------------------------------------<
ERPImporta.exe: 00002C1C: 10:23:55 [TUniServerModule]:Server First Init.
ERPImporta.exe: 00002C1C: 10:23:55 [TUniServerModule]:Start Path = C:\Projetos_WEB\ERP_Importa\
ERPImporta.exe: 00002C1C: 10:23:55 [TUniServerModule]:Debug Mode = ON
ERPImporta.exe: 00002C1C: 10:23:55 [TUniServerModule]:Starting HTTP Server on Port: 8077...
ERPImporta.exe: 00002C1C: 10:23:55 [TUniServerModule]:HTTP Server Started on Port: 8077
ERPImporta.exe: 00001C08: 10:24:48 []:>--------------------------------------------------------------<
ERPImporta.exe: 00001C08: 10:24:48 [TUniServerModule]:Server First Init.
ERPImporta.exe: 00001C08: 10:24:48 [TUniServerModule]:Start Path = C:\Projetos_WEB\ERP_Importa\
ERPImporta.exe: 00001C08: 10:24:48 [TUniServerModule]:Debug Mode = ON
ERPImporta.exe: 00001C08: 10:24:48 [TUniGUISessionManager]:Cache erase job created, Folder count: [1]
ERPImporta.exe: 00001C08: 10:24:49 [TUniServerModule]:Starting HTTP Server on Port: 8077...
ERPImporta.exe: 00001C08: 10:24:49 [TUniServerModule]:HTTP Server Started on Port: 8077
ERPImporta.exe: 00003B90: 10:27:35 []:>--------------------------------------------------------------<
ERPImporta.exe: 00003B90: 10:27:35 [TUniServerModule]:Server First Init.
ERPImporta.exe: 00003B90: 10:27:35 [TUniServerModule]:Start Path = C:\Projetos_WEB\ERP_Importa\
ERPImporta.exe: 00003B90: 10:27:35 [TUniServerModule]:Debug Mode = ON
ERPImporta.exe: 00003B90: 10:27:35 [TUniGUISessionManager]:Cache erase job created, Folder count: [1]
ERPImporta.exe: 00003B90: 10:27:35 [TUniServerModule]:Starting HTTP Server on Port: 8077...
ERPImporta.exe: 00003B90: 10:27:35 [TUniServerModule]:HTTP Server Started on Port: 8077
ERPImporta.exe: 00003CE0: 10:28:04 []:>--------------------------------------------------------------<
ERPImporta.exe: 00003CE0: 10:28:04 [TUniServerModule]:Server First Init.
ERPImporta.exe: 00003CE0: 10:28:04 [TUniServerModule]:Start Path = C:\Projetos_WEB\ERP_Importa\
ERPImporta.exe: 00003CE0: 10:28:04 [TUniServerModule]:Debug Mode = ON
ERPImporta.exe: 00003CE0: 10:28:04 [TUniServerModule]:Starting HTTP Server on Port: 8077...
ERPImporta.exe: 00003CE0: 10:28:04 [TUniServerModule]:HTTP Server Started on Port: 8077
ERPImporta.exe: 000002D4: 10:28:30 []:>--------------------------------------------------------------<
ERPImporta.exe: 000002D4: 10:28:30 [TUniServerModule]:Server First Init.
ERPImporta.exe: 000002D4: 10:28:30 [TUniServerModule]:Start Path = C:\Projetos_WEB\ERP_Importa\
ERPImporta.exe: 000002D4: 10:28:30 [TUniServerModule]:Debug Mode = ON
ERPImporta.exe: 000002D4: 10:28:30 [TUniGUISessionManager]:Cache erase job created, Folder count: [1]
ERPImporta.exe: 000002D4: 10:28:30 [TUniServerModule]:Starting HTTP Server on Port: 8077...
ERPImporta.exe: 000002D4: 10:28:30 [TUniServerModule]:HTTP Server Started on Port: 8077
ERPImporta.exe: 0000298C: 10:36:10 [127.0.0.1]:EUniSessionException : Sessão inváilda ou tempo da sessão expirado. (Session not found: bzAzlFLY5o10BD174E0 ) : Addr: $007AD8FA
