ERPImporta.exe: 00002814: 10:09:30 []:>--------------------------------------------------------------<
ERPImporta.exe: 00002814: 10:09:30 [TUniServerModule]:Server First Init.
ERPImporta.exe: 00002814: 10:09:30 [TUniServerModule]:Start Path = D:\Projetos_WEB\ERP_Importa\
ERPImporta.exe: 00002814: 10:09:30 [TUniServerModule]:Debug Mode = ON
ERPImporta.exe: 00002814: 10:09:30 [TUniServerModule]:Starting HTTP Server on Port: 8077...
ERPImporta.exe: 00002814: 10:09:30 [TUniServerModule]:HTTP Server Started on Port: 8077
ERPImporta.exe: 00001D6C: 10:15:07 []:>--------------------------------------------------------------<
ERPImporta.exe: 00001D6C: 10:15:07 [TUniServerModule]:Server First Init.
ERPImporta.exe: 00001D6C: 10:15:07 [TUniServerModule]:Start Path = D:\Projetos_WEB\ERP_Importa\
ERPImporta.exe: 00001D6C: 10:15:07 [TUniServerModule]:Debug Mode = ON
ERPImporta.exe: 00001D6C: 10:15:08 [TUniServerModule]:Starting HTTP Server on Port: 8077...
ERPImporta.exe: 00001D6C: 10:15:08 [TUniServerModule]:HTTP Server Started on Port: 8077
ERPImporta.exe: 000031F4: 10:27:21 []:>--------------------------------------------------------------<
ERPImporta.exe: 000031F4: 10:27:21 [TUniServerModule]:Server First Init.
ERPImporta.exe: 000031F4: 10:27:21 [TUniServerModule]:Start Path = D:\Projetos_WEB\ERP_Importa\
ERPImporta.exe: 000031F4: 10:27:21 [TUniServerModule]:Debug Mode = ON
ERPImporta.exe: 000031F4: 10:27:21 [TUniServerModule]:Starting HTTP Server on Port: 8077...
ERPImporta.exe: 000031F4: 10:27:21 [TUniServerModule]:HTTP Server Started on Port: 8077
ERPImporta.exe: 00002044: 10:30:46 []:>--------------------------------------------------------------<
ERPImporta.exe: 00002044: 10:30:46 [TUniServerModule]:Server First Init.
ERPImporta.exe: 00002044: 10:30:46 [TUniServerModule]:Start Path = D:\Projetos_WEB\ERP_Importa\
ERPImporta.exe: 00002044: 10:30:46 [TUniServerModule]:Debug Mode = ON
ERPImporta.exe: 00002044: 10:30:46 [TUniGUISessionManager]:Cache erase job created, Folder count: [1]
ERPImporta.exe: 00002044: 10:30:47 [TUniServerModule]:Starting HTTP Server on Port: 8077...
ERPImporta.exe: 00002044: 10:30:47 [TUniServerModule]:HTTP Server Started on Port: 8077
ERPImporta.exe: 000057FC: 10:30:47 [127.0.0.1]:EUniSessionException : Sessão inváilda ou tempo da sessão expirado. (Session not found: 7TSPELNVFs11089F3B0 ) : Addr: $007D0F18
ERPImporta.exe: 00005504: 10:31:38 []:>--------------------------------------------------------------<
ERPImporta.exe: 00005504: 10:31:38 [TUniServerModule]:Server First Init.
ERPImporta.exe: 00005504: 10:31:38 [TUniServerModule]:Start Path = D:\Projetos_WEB\ERP_Importa\
ERPImporta.exe: 00005504: 10:31:38 [TUniServerModule]:Debug Mode = ON
ERPImporta.exe: 00005504: 10:31:38 [TUniGUISessionManager]:Cache erase job created, Folder count: [1]
ERPImporta.exe: 00005504: 10:31:39 [TUniServerModule]:Starting HTTP Server on Port: 8077...
ERPImporta.exe: 00005504: 10:31:39 [TUniServerModule]:HTTP Server Started on Port: 8077
ERPImporta.exe: 0000256C: 10:31:39 [127.0.0.1]:EUniSessionException : Sessão inváilda ou tempo da sessão expirado. (Session not found: snJZbuZ3GN11089F49D ) : Addr: $007D0F18
ERPImporta.exe: 0000361C: 10:34:01 []:>--------------------------------------------------------------<
ERPImporta.exe: 0000361C: 10:34:01 [TUniServerModule]:Server First Init.
ERPImporta.exe: 0000361C: 10:34:01 [TUniServerModule]:Start Path = D:\Projetos_WEB\ERP_Importa\
ERPImporta.exe: 0000361C: 10:34:01 [TUniServerModule]:Debug Mode = ON
ERPImporta.exe: 0000361C: 10:34:01 [TUniGUISessionManager]:Cache erase job created, Folder count: [1]
ERPImporta.exe: 0000361C: 10:34:01 [TUniServerModule]:Starting HTTP Server on Port: 8077...
ERPImporta.exe: 0000361C: 10:34:01 [TUniServerModule]:HTTP Server Started on Port: 8077
ERPImporta.exe: 00001ED4: 10:46:32 []:>--------------------------------------------------------------<
ERPImporta.exe: 00001ED4: 10:46:32 [TUniServerModule]:Server First Init.
ERPImporta.exe: 00001ED4: 10:46:32 [TUniServerModule]:Start Path = D:\Projetos_WEB\ERP_Importa\
ERPImporta.exe: 00001ED4: 10:46:32 [TUniServerModule]:Debug Mode = ON
ERPImporta.exe: 00001ED4: 10:46:32 [TUniGUISessionManager]:Cache erase job created, Folder count: [1]
ERPImporta.exe: 00001ED4: 10:46:32 [TUniServerModule]:Starting HTTP Server on Port: 8077...
ERPImporta.exe: 00001ED4: 10:46:32 [TUniServerModule]:HTTP Server Started on Port: 8077
ERPImporta.exe: 000055B8: 10:46:40 [127.0.0.1]:EUniSessionException : Sessão inváilda ou tempo da sessão expirado. (Session not found: Jv7bw5sS3911089F57E ) : Addr: $007D0F18
ERPImporta.exe: 00002320: 10:52:12 []:>--------------------------------------------------------------<
ERPImporta.exe: 00002320: 10:52:12 [TUniServerModule]:Server First Init.
ERPImporta.exe: 00002320: 10:52:12 [TUniServerModule]:Start Path = D:\Projetos_WEB\ERP_Importa\
ERPImporta.exe: 00002320: 10:52:12 [TUniServerModule]:Debug Mode = ON
ERPImporta.exe: 00002320: 10:52:12 [TUniServerModule]:Starting HTTP Server on Port: 8077...
ERPImporta.exe: 00002320: 10:52:12 [TUniServerModule]:HTTP Server Started on Port: 8077
ERPImporta.exe: 000038DC: 10:58:39 []:>--------------------------------------------------------------<
ERPImporta.exe: 000038DC: 10:58:39 [TUniServerModule]:Server First Init.
ERPImporta.exe: 000038DC: 10:58:39 [TUniServerModule]:Start Path = D:\Projetos_WEB\ERP_Importa\
ERPImporta.exe: 000038DC: 10:58:39 [TUniServerModule]:Debug Mode = ON
ERPImporta.exe: 000038DC: 10:58:39 [TUniGUISessionManager]:Cache erase job created, Folder count: [1]
ERPImporta.exe: 000038DC: 10:58:39 [TUniServerModule]:Starting HTTP Server on Port: 8077...
ERPImporta.exe: 000038DC: 10:58:39 [TUniServerModule]:HTTP Server Started on Port: 8077
ERPImporta.exe: 00003634: 10:59:42 []:>--------------------------------------------------------------<
ERPImporta.exe: 00003634: 10:59:42 [TUniServerModule]:Server First Init.
ERPImporta.exe: 00003634: 10:59:42 [TUniServerModule]:Start Path = D:\Projetos_WEB\ERP_Importa\
ERPImporta.exe: 00003634: 10:59:42 [TUniServerModule]:Debug Mode = ON
ERPImporta.exe: 00003634: 10:59:42 [TUniServerModule]:Starting HTTP Server on Port: 8077...
ERPImporta.exe: 00003634: 10:59:42 [TUniServerModule]:HTTP Server Started on Port: 8077
ERPImporta.exe: 00004358: 11:02:41 []:>--------------------------------------------------------------<
ERPImporta.exe: 00004358: 11:02:41 [TUniServerModule]:Server First Init.
ERPImporta.exe: 00004358: 11:02:41 [TUniServerModule]:Start Path = D:\Projetos_WEB\ERP_Importa\
ERPImporta.exe: 00004358: 11:02:41 [TUniServerModule]:Debug Mode = ON
ERPImporta.exe: 00004358: 11:02:41 [TUniGUISessionManager]:Cache erase job created, Folder count: [1]
ERPImporta.exe: 00004358: 11:02:41 [TUniServerModule]:Starting HTTP Server on Port: 8077...
ERPImporta.exe: 00004358: 11:02:41 [TUniServerModule]:HTTP Server Started on Port: 8077
ERPImporta.exe: 00004B88: 11:02:49 [127.0.0.1]:EUniSessionException : Sessão inváilda ou tempo da sessão expirado. (Session not found: YJnynYqaxC11089FC76 ) : Addr: $007D0F18
ERPImporta.exe: 000007BC: 11:06:01 []:>--------------------------------------------------------------<
ERPImporta.exe: 000007BC: 11:06:01 [TUniServerModule]:Server First Init.
ERPImporta.exe: 000007BC: 11:06:01 [TUniServerModule]:Start Path = D:\Projetos_WEB\ERP_Importa\
ERPImporta.exe: 000007BC: 11:06:01 [TUniServerModule]:Debug Mode = ON
ERPImporta.exe: 000007BC: 11:06:02 [TUniServerModule]:Starting HTTP Server on Port: 8077...
ERPImporta.exe: 000007BC: 11:06:02 [TUniServerModule]:HTTP Server Started on Port: 8077
ERPImporta.exe: 000042C8: 11:06:28 []:>--------------------------------------------------------------<
ERPImporta.exe: 000042C8: 11:06:28 [TUniServerModule]:Server First Init.
ERPImporta.exe: 000042C8: 11:06:28 [TUniServerModule]:Start Path = D:\Projetos_WEB\ERP_Importa\
ERPImporta.exe: 000042C8: 11:06:28 [TUniServerModule]:Debug Mode = ON
ERPImporta.exe: 000042C8: 11:06:28 [TUniGUISessionManager]:Cache erase job created, Folder count: [1]
ERPImporta.exe: 000042C8: 11:06:28 [TUniServerModule]:Starting HTTP Server on Port: 8077...
ERPImporta.exe: 000042C8: 11:06:28 [TUniServerModule]:HTTP Server Started on Port: 8077
ERPImporta.exe: 0000223C: 11:06:42 [127.0.0.1]:EDatabaseError : UniDBFormattedNumberEdit5: Field 'Valor_Total' not found : Addr: $00657A82
ERPImporta.exe: 00004144: 11:07:43 []:>--------------------------------------------------------------<
ERPImporta.exe: 00004144: 11:07:43 [TUniServerModule]:Server First Init.
ERPImporta.exe: 00004144: 11:07:43 [TUniServerModule]:Start Path = D:\Projetos_WEB\ERP_Importa\
ERPImporta.exe: 00004144: 11:07:43 [TUniServerModule]:Debug Mode = ON
ERPImporta.exe: 00004144: 11:07:43 [TUniGUISessionManager]:Cache erase job created, Folder count: [1]
ERPImporta.exe: 00004144: 11:07:44 [TUniServerModule]:Starting HTTP Server on Port: 8077...
ERPImporta.exe: 00004144: 11:07:44 [TUniServerModule]:HTTP Server Started on Port: 8077
ERPImporta.exe: 000008A0: 11:07:55 [127.0.0.1]:EDatabaseError : cValor_Total: Field 'Valor_Total' not found : Addr: $00657A82
ERPImporta.exe: 00003B90: 11:09:21 []:>--------------------------------------------------------------<
ERPImporta.exe: 00003B90: 11:09:21 [TUniServerModule]:Server First Init.
ERPImporta.exe: 00003B90: 11:09:21 [TUniServerModule]:Start Path = D:\Projetos_WEB\ERP_Importa\
ERPImporta.exe: 00003B90: 11:09:21 [TUniServerModule]:Debug Mode = ON
ERPImporta.exe: 00003B90: 11:09:21 [TUniGUISessionManager]:Cache erase job created, Folder count: [1]
ERPImporta.exe: 00003B90: 11:09:21 [TUniServerModule]:Starting HTTP Server on Port: 8077...
ERPImporta.exe: 00003B90: 11:09:21 [TUniServerModule]:HTTP Server Started on Port: 8077
ERPImporta.exe: 0000351C: 11:09:52 []:>--------------------------------------------------------------<
ERPImporta.exe: 0000351C: 11:09:52 [TUniServerModule]:Server First Init.
ERPImporta.exe: 0000351C: 11:09:52 [TUniServerModule]:Start Path = D:\Projetos_WEB\ERP_Importa\
ERPImporta.exe: 0000351C: 11:09:52 [TUniServerModule]:Debug Mode = ON
ERPImporta.exe: 0000351C: 11:09:52 [TUniGUISessionManager]:Cache erase job created, Folder count: [1]
ERPImporta.exe: 0000351C: 11:09:52 [TUniServerModule]:Starting HTTP Server on Port: 8077...
ERPImporta.exe: 0000351C: 11:09:52 [TUniServerModule]:HTTP Server Started on Port: 8077
ERPImporta.exe: 00003FE8: 11:09:53 [127.0.0.1]:EUniSessionException : Sessão inváilda ou tempo da sessão expirado. (Session not found: tftRR19MwY11089FF15 ) : Addr: $007D0F18
ERPImporta.exe: 00005118: 11:09:53 [127.0.0.1]:EUniSessionException : Sessão inváilda ou tempo da sessão expirado. (Session not found: tftRR19MwY11089FF15 ) : Addr: $007D0F18
ERPImporta.exe: 00002770: 11:30:49 []:>--------------------------------------------------------------<
ERPImporta.exe: 00002770: 11:30:49 [TUniServerModule]:Server First Init.
ERPImporta.exe: 00002770: 11:30:49 [TUniServerModule]:Start Path = D:\Projetos_WEB\ERP_Importa\
ERPImporta.exe: 00002770: 11:30:49 [TUniServerModule]:Debug Mode = ON
ERPImporta.exe: 00002770: 11:30:49 [TUniGUISessionManager]:Cache erase job created, Folder count: [1]
ERPImporta.exe: 00002770: 11:30:50 [TUniServerModule]:Starting HTTP Server on Port: 8077...
ERPImporta.exe: 00002770: 11:30:50 [TUniServerModule]:HTTP Server Started on Port: 8077
ERPImporta.exe: 000022BC: 11:30:55 [127.0.0.1]:EUniSessionException : Sessão inváilda ou tempo da sessão expirado. (Session not found: FSLgbRJW8h11089FF37 ) : Addr: $007D0F18
ERPImporta.exe: 000043A0: 11:31:09 []:>--------------------------------------------------------------<
ERPImporta.exe: 000043A0: 11:31:09 [TUniServerModule]:Server First Init.
ERPImporta.exe: 000043A0: 11:31:09 [TUniServerModule]:Start Path = D:\Projetos_WEB\ERP_Importa\
ERPImporta.exe: 000043A0: 11:31:09 [TUniServerModule]:Debug Mode = ON
ERPImporta.exe: 000043A0: 11:31:09 [TUniGUISessionManager]:Cache erase job created, Folder count: [1]
ERPImporta.exe: 000043A0: 11:31:09 [TUniServerModule]:Starting HTTP Server on Port: 8077...
ERPImporta.exe: 000043A0: 11:31:09 [TUniServerModule]:HTTP Server Started on Port: 8077
ERPImporta.exe: 00004BE4: 11:34:24 []:>--------------------------------------------------------------<
ERPImporta.exe: 00004BE4: 11:34:24 [TUniServerModule]:Server First Init.
ERPImporta.exe: 00004BE4: 11:34:24 [TUniServerModule]:Start Path = D:\Projetos_WEB\ERP_Importa\
ERPImporta.exe: 00004BE4: 11:34:24 [TUniServerModule]:Debug Mode = ON
ERPImporta.exe: 00004BE4: 11:34:24 [TUniServerModule]:Starting HTTP Server on Port: 8077...
ERPImporta.exe: 00004BE4: 11:34:24 [TUniServerModule]:HTTP Server Started on Port: 8077
ERPImporta.exe: 00001F7C: 11:36:19 []:>--------------------------------------------------------------<
ERPImporta.exe: 00001F7C: 11:36:19 [TUniServerModule]:Server First Init.
ERPImporta.exe: 00001F7C: 11:36:19 [TUniServerModule]:Start Path = D:\Projetos_WEB\ERP_Importa\
ERPImporta.exe: 00001F7C: 11:36:19 [TUniServerModule]:Debug Mode = ON
ERPImporta.exe: 00001F7C: 11:36:19 [TUniGUISessionManager]:Cache erase job created, Folder count: [1]
ERPImporta.exe: 00001F7C: 11:36:20 [TUniServerModule]:Starting HTTP Server on Port: 8077...
ERPImporta.exe: 00001F7C: 11:36:20 [TUniServerModule]:HTTP Server Started on Port: 8077
ERPImporta.exe: 00002AF4: 11:39:49 []:>--------------------------------------------------------------<
ERPImporta.exe: 00002AF4: 11:39:49 [TUniServerModule]:Server First Init.
ERPImporta.exe: 00002AF4: 11:39:49 [TUniServerModule]:Start Path = D:\Projetos_WEB\ERP_Importa\
ERPImporta.exe: 00002AF4: 11:39:49 [TUniServerModule]:Debug Mode = ON
ERPImporta.exe: 00002AF4: 11:39:49 [TUniGUISessionManager]:Cache erase job created, Folder count: [1]
ERPImporta.exe: 00002AF4: 11:39:49 [TUniServerModule]:Starting HTTP Server on Port: 8077...
ERPImporta.exe: 00002AF4: 11:39:49 [TUniServerModule]:HTTP Server Started on Port: 8077
ERPImporta.exe: 00004EE4: 11:45:16 []:>--------------------------------------------------------------<
ERPImporta.exe: 00004EE4: 11:45:16 [TUniServerModule]:Server First Init.
ERPImporta.exe: 00004EE4: 11:45:16 [TUniServerModule]:Start Path = D:\Projetos_WEB\ERP_Importa\
ERPImporta.exe: 00004EE4: 11:45:16 [TUniServerModule]:Debug Mode = ON
ERPImporta.exe: 00004EE4: 11:45:16 [TUniGUISessionManager]:Cache erase job created, Folder count: [1]
ERPImporta.exe: 00004EE4: 11:45:17 [TUniServerModule]:Starting HTTP Server on Port: 8077...
ERPImporta.exe: 00004EE4: 11:45:17 [TUniServerModule]:HTTP Server Started on Port: 8077
ERPImporta.exe: 00003840: 11:50:53 []:>--------------------------------------------------------------<
ERPImporta.exe: 00003840: 11:50:53 [TUniServerModule]:Server First Init.
ERPImporta.exe: 00003840: 11:50:53 [TUniServerModule]:Start Path = D:\Projetos_WEB\ERP_Importa\
ERPImporta.exe: 00003840: 11:50:53 [TUniServerModule]:Debug Mode = ON
ERPImporta.exe: 00003840: 11:50:53 [TUniServerModule]:Starting HTTP Server on Port: 8077...
ERPImporta.exe: 00003840: 11:50:53 [TUniServerModule]:HTTP Server Started on Port: 8077
ERPImporta.exe: 00004E4C: 11:52:49 []:>--------------------------------------------------------------<
ERPImporta.exe: 00004E4C: 11:52:49 [TUniServerModule]:Server First Init.
ERPImporta.exe: 00004E4C: 11:52:49 [TUniServerModule]:Start Path = D:\Projetos_WEB\ERP_Importa\
ERPImporta.exe: 00004E4C: 11:52:49 [TUniServerModule]:Debug Mode = ON
ERPImporta.exe: 00004E4C: 11:52:50 [TUniServerModule]:Starting HTTP Server on Port: 8077...
ERPImporta.exe: 00004E4C: 11:52:50 [TUniServerModule]:HTTP Server Started on Port: 8077
ERPImporta.exe: 0000357C: 11:57:58 []:>--------------------------------------------------------------<
ERPImporta.exe: 0000357C: 11:57:58 [TUniServerModule]:Server First Init.
ERPImporta.exe: 0000357C: 11:57:58 [TUniServerModule]:Start Path = D:\Projetos_WEB\ERP_Importa\
ERPImporta.exe: 0000357C: 11:57:58 [TUniServerModule]:Debug Mode = ON
ERPImporta.exe: 0000357C: 11:57:58 [TUniGUISessionManager]:Cache erase job created, Folder count: [1]
ERPImporta.exe: 0000357C: 11:57:58 [TUniServerModule]:Starting HTTP Server on Port: 8077...
ERPImporta.exe: 0000357C: 11:57:58 [TUniServerModule]:HTTP Server Started on Port: 8077
ERPImporta.exe: 00003DF4: 11:57:58 [127.0.0.1]:EUniSessionException : Sessão inváilda ou tempo da sessão expirado. (Session not found: jvbx5ABOpw1108A0AE0 ) : Addr: $007D0F18
ERPImporta.exe: 00002108: 12:00:43 []:>--------------------------------------------------------------<
ERPImporta.exe: 00002108: 12:00:43 [TUniServerModule]:Server First Init.
ERPImporta.exe: 00002108: 12:00:43 [TUniServerModule]:Start Path = D:\Projetos_WEB\ERP_Importa\
ERPImporta.exe: 00002108: 12:00:43 [TUniServerModule]:Debug Mode = ON
ERPImporta.exe: 00002108: 12:00:43 [TUniGUISessionManager]:Cache erase job created, Folder count: [1]
ERPImporta.exe: 00002108: 12:00:44 [TUniServerModule]:Starting HTTP Server on Port: 8077...
ERPImporta.exe: 00002108: 12:00:44 [TUniServerModule]:HTTP Server Started on Port: 8077
ERPImporta.exe: 000016E0: 12:09:35 []:>--------------------------------------------------------------<
ERPImporta.exe: 000016E0: 12:09:35 [TUniServerModule]:Server First Init.
ERPImporta.exe: 000016E0: 12:09:35 [TUniServerModule]:Start Path = D:\Projetos_WEB\ERP_Importa\
ERPImporta.exe: 000016E0: 12:09:35 [TUniServerModule]:Debug Mode = ON
ERPImporta.exe: 000016E0: 12:09:35 [TUniGUISessionManager]:Cache erase job created, Folder count: [1]
ERPImporta.exe: 000016E0: 12:09:35 [TUniServerModule]:Starting HTTP Server on Port: 8077...
ERPImporta.exe: 000016E0: 12:09:35 [TUniServerModule]:HTTP Server Started on Port: 8077
ERPImporta.exe: 00001080: 12:38:36 []:>--------------------------------------------------------------<
ERPImporta.exe: 00001080: 12:38:36 [TUniServerModule]:Server First Init.
ERPImporta.exe: 00001080: 12:38:36 [TUniServerModule]:Start Path = D:\Projetos_WEB\ERP_Importa\
ERPImporta.exe: 00001080: 12:38:36 [TUniServerModule]:Debug Mode = ON
ERPImporta.exe: 00001080: 12:38:36 [TUniServerModule]:Starting HTTP Server on Port: 8077...
ERPImporta.exe: 00001080: 12:38:36 [TUniServerModule]:HTTP Server Started on Port: 8077
ERPImporta.exe: 00003624: 12:40:36 []:>--------------------------------------------------------------<
ERPImporta.exe: 00003624: 12:40:36 [TUniServerModule]:Server First Init.
ERPImporta.exe: 00003624: 12:40:36 [TUniServerModule]:Start Path = D:\Projetos_WEB\ERP_Importa\
ERPImporta.exe: 00003624: 12:40:36 [TUniServerModule]:Debug Mode = ON
ERPImporta.exe: 00003624: 12:40:36 [TUniGUISessionManager]:Cache erase job created, Folder count: [1]
ERPImporta.exe: 00003624: 12:40:36 [TUniServerModule]:Starting HTTP Server on Port: 8077...
ERPImporta.exe: 00003624: 12:40:37 [TUniServerModule]:HTTP Server Started on Port: 8077
ERPImporta.exe: 00004EA8: 12:40:44 [127.0.0.1]:EUniSessionException : Sessão inváilda ou tempo da sessão expirado. (Session not found: Locb38Xmez1108A174B ) : Addr: $007D0F18
ERPImporta.exe: 0000014C: 12:50:49 []:>--------------------------------------------------------------<
ERPImporta.exe: 0000014C: 12:50:49 [TUniServerModule]:Server First Init.
ERPImporta.exe: 0000014C: 12:50:49 [TUniServerModule]:Start Path = D:\Projetos_WEB\ERP_Importa\
ERPImporta.exe: 0000014C: 12:50:49 [TUniServerModule]:Debug Mode = ON
ERPImporta.exe: 0000014C: 12:50:49 [TUniGUISessionManager]:Cache erase job created, Folder count: [1]
ERPImporta.exe: 0000014C: 12:50:49 [TUniServerModule]:Starting HTTP Server on Port: 8077...
ERPImporta.exe: 0000014C: 12:50:49 [TUniServerModule]:HTTP Server Started on Port: 8077
ERPImporta.exe: 00000784: 12:51:23 []:>--------------------------------------------------------------<
ERPImporta.exe: 00000784: 12:51:23 [TUniServerModule]:Server First Init.
ERPImporta.exe: 00000784: 12:51:23 [TUniServerModule]:Start Path = D:\Projetos_WEB\ERP_Importa\
ERPImporta.exe: 00000784: 12:51:23 [TUniServerModule]:Debug Mode = ON
ERPImporta.exe: 00000784: 12:51:23 [TUniGUISessionManager]:Cache erase job created, Folder count: [1]
ERPImporta.exe: 00000784: 12:51:23 [TUniServerModule]:Starting HTTP Server on Port: 8077...
ERPImporta.exe: 00000784: 12:51:23 [TUniServerModule]:HTTP Server Started on Port: 8077
ERPImporta.exe: 0000427C: 12:52:00 []:>--------------------------------------------------------------<
ERPImporta.exe: 0000427C: 12:52:00 [TUniServerModule]:Server First Init.
ERPImporta.exe: 0000427C: 12:52:00 [TUniServerModule]:Start Path = D:\Projetos_WEB\ERP_Importa\
ERPImporta.exe: 0000427C: 12:52:00 [TUniServerModule]:Debug Mode = ON
ERPImporta.exe: 0000427C: 12:52:01 [TUniServerModule]:Starting HTTP Server on Port: 8077...
ERPImporta.exe: 0000427C: 12:52:01 [TUniServerModule]:HTTP Server Started on Port: 8077
ERPImporta.exe: 000009C4: 12:53:57 []:>--------------------------------------------------------------<
ERPImporta.exe: 000009C4: 12:53:57 [TUniServerModule]:Server First Init.
ERPImporta.exe: 000009C4: 12:53:57 [TUniServerModule]:Start Path = D:\Projetos_WEB\ERP_Importa\
ERPImporta.exe: 000009C4: 12:53:57 [TUniServerModule]:Debug Mode = ON
ERPImporta.exe: 000009C4: 12:53:57 [TUniGUISessionManager]:Cache erase job created, Folder count: [1]
ERPImporta.exe: 000009C4: 12:53:57 [TUniServerModule]:Starting HTTP Server on Port: 8077...
ERPImporta.exe: 000009C4: 12:53:57 [TUniServerModule]:HTTP Server Started on Port: 8077
ERPImporta.exe: 00004464: 12:54:42 []:>--------------------------------------------------------------<
ERPImporta.exe: 00004464: 12:54:42 [TUniServerModule]:Server First Init.
ERPImporta.exe: 00004464: 12:54:42 [TUniServerModule]:Start Path = D:\Projetos_WEB\ERP_Importa\
ERPImporta.exe: 00004464: 12:54:42 [TUniServerModule]:Debug Mode = ON
ERPImporta.exe: 00004464: 12:54:42 [TUniGUISessionManager]:Cache erase job created, Folder count: [1]
ERPImporta.exe: 00004464: 12:54:42 [TUniServerModule]:Starting HTTP Server on Port: 8077...
ERPImporta.exe: 00004464: 12:54:42 [TUniServerModule]:HTTP Server Started on Port: 8077
ERPImporta.exe: 00000870: 12:55:49 []:>--------------------------------------------------------------<
ERPImporta.exe: 00000870: 12:55:49 [TUniServerModule]:Server First Init.
ERPImporta.exe: 00000870: 12:55:49 [TUniServerModule]:Start Path = D:\Projetos_WEB\ERP_Importa\
ERPImporta.exe: 00000870: 12:55:49 [TUniServerModule]:Debug Mode = ON
ERPImporta.exe: 00000870: 12:55:49 [TUniGUISessionManager]:Cache erase job created, Folder count: [1]
ERPImporta.exe: 00000870: 12:55:49 [TUniServerModule]:Starting HTTP Server on Port: 8077...
ERPImporta.exe: 00000870: 12:55:49 [TUniServerModule]:HTTP Server Started on Port: 8077
ERPImporta.exe: 00005078: 12:57:20 []:>--------------------------------------------------------------<
ERPImporta.exe: 00005078: 12:57:20 [TUniServerModule]:Server First Init.
ERPImporta.exe: 00005078: 12:57:20 [TUniServerModule]:Start Path = D:\Projetos_WEB\ERP_Importa\
ERPImporta.exe: 00005078: 12:57:20 [TUniServerModule]:Debug Mode = ON
ERPImporta.exe: 00005078: 12:57:20 [TUniGUISessionManager]:Cache erase job created, Folder count: [1]
ERPImporta.exe: 00005078: 12:57:21 [TUniServerModule]:Starting HTTP Server on Port: 8077...
ERPImporta.exe: 00005078: 12:57:21 [TUniServerModule]:HTTP Server Started on Port: 8077
ERPImporta.exe: 000031B4: 13:06:18 []:>--------------------------------------------------------------<
ERPImporta.exe: 000031B4: 13:06:18 [TUniServerModule]:Server First Init.
ERPImporta.exe: 000031B4: 13:06:18 [TUniServerModule]:Start Path = D:\Projetos_WEB\ERP_Importa\
ERPImporta.exe: 000031B4: 13:06:18 [TUniServerModule]:Debug Mode = ON
ERPImporta.exe: 000031B4: 13:06:18 [TUniServerModule]:Starting HTTP Server on Port: 8077...
ERPImporta.exe: 000031B4: 13:06:18 [TUniServerModule]:HTTP Server Started on Port: 8077
ERPImporta.exe: 000028C4: 13:07:27 []:>--------------------------------------------------------------<
ERPImporta.exe: 000028C4: 13:07:27 [TUniServerModule]:Server First Init.
ERPImporta.exe: 000028C4: 13:07:27 [TUniServerModule]:Start Path = D:\Projetos_WEB\ERP_Importa\
ERPImporta.exe: 000028C4: 13:07:27 [TUniServerModule]:Debug Mode = ON
ERPImporta.exe: 000028C4: 13:07:28 [TUniServerModule]:Starting HTTP Server on Port: 8077...
ERPImporta.exe: 000028C4: 13:07:28 [TUniServerModule]:HTTP Server Started on Port: 8077
ERPImporta.exe: 00003F44: 13:08:37 []:>--------------------------------------------------------------<
ERPImporta.exe: 00003F44: 13:08:37 [TUniServerModule]:Server First Init.
ERPImporta.exe: 00003F44: 13:08:37 [TUniServerModule]:Start Path = D:\Projetos_WEB\ERP_Importa\
ERPImporta.exe: 00003F44: 13:08:37 [TUniServerModule]:Debug Mode = ON
ERPImporta.exe: 00003F44: 13:08:37 [TUniServerModule]:Starting HTTP Server on Port: 8077...
ERPImporta.exe: 00003F44: 13:08:37 [TUniServerModule]:HTTP Server Started on Port: 8077
ERPImporta.exe: 00004A68: 13:09:29 []:>--------------------------------------------------------------<
ERPImporta.exe: 00004A68: 13:09:29 [TUniServerModule]:Server First Init.
ERPImporta.exe: 00004A68: 13:09:29 [TUniServerModule]:Start Path = D:\Projetos_WEB\ERP_Importa\
ERPImporta.exe: 00004A68: 13:09:29 [TUniServerModule]:Debug Mode = ON
ERPImporta.exe: 00004A68: 13:09:29 [TUniGUISessionManager]:Cache erase job created, Folder count: [1]
ERPImporta.exe: 00004A68: 13:09:29 [TUniServerModule]:Starting HTTP Server on Port: 8077...
ERPImporta.exe: 00004A68: 13:09:29 [TUniServerModule]:HTTP Server Started on Port: 8077
ERPImporta.exe: 0000163C: 13:10:20 []:>--------------------------------------------------------------<
ERPImporta.exe: 0000163C: 13:10:20 [TUniServerModule]:Server First Init.
ERPImporta.exe: 0000163C: 13:10:20 [TUniServerModule]:Start Path = D:\Projetos_WEB\ERP_Importa\
ERPImporta.exe: 0000163C: 13:10:20 [TUniServerModule]:Debug Mode = ON
ERPImporta.exe: 0000163C: 13:10:20 [TUniServerModule]:Starting HTTP Server on Port: 8077...
ERPImporta.exe: 0000163C: 13:10:20 [TUniServerModule]:HTTP Server Started on Port: 8077
ERPImporta.exe: 000017D0: 13:11:09 []:>--------------------------------------------------------------<
ERPImporta.exe: 000017D0: 13:11:09 [TUniServerModule]:Server First Init.
ERPImporta.exe: 000017D0: 13:11:09 [TUniServerModule]:Start Path = D:\Projetos_WEB\ERP_Importa\
ERPImporta.exe: 000017D0: 13:11:09 [TUniServerModule]:Debug Mode = ON
ERPImporta.exe: 000017D0: 13:11:09 [TUniServerModule]:Starting HTTP Server on Port: 8077...
ERPImporta.exe: 000017D0: 13:11:09 [TUniServerModule]:HTTP Server Started on Port: 8077
ERPImporta.exe: 00001CF8: 13:11:58 []:>--------------------------------------------------------------<
ERPImporta.exe: 00001CF8: 13:11:58 [TUniServerModule]:Server First Init.
ERPImporta.exe: 00001CF8: 13:11:58 [TUniServerModule]:Start Path = D:\Projetos_WEB\ERP_Importa\
ERPImporta.exe: 00001CF8: 13:11:58 [TUniServerModule]:Debug Mode = ON
ERPImporta.exe: 00001CF8: 13:11:58 [TUniServerModule]:Starting HTTP Server on Port: 8077...
ERPImporta.exe: 00001CF8: 13:11:58 [TUniServerModule]:HTTP Server Started on Port: 8077
ERPImporta.exe: 00000D18: 13:12:41 []:>--------------------------------------------------------------<
ERPImporta.exe: 00000D18: 13:12:41 [TUniServerModule]:Server First Init.
ERPImporta.exe: 00000D18: 13:12:41 [TUniServerModule]:Start Path = D:\Projetos_WEB\ERP_Importa\
ERPImporta.exe: 00000D18: 13:12:41 [TUniServerModule]:Debug Mode = ON
ERPImporta.exe: 00000D18: 13:12:41 [TUniServerModule]:Starting HTTP Server on Port: 8077...
ERPImporta.exe: 00000D18: 13:12:41 [TUniServerModule]:HTTP Server Started on Port: 8077
ERPImporta.exe: 0000373C: 13:14:02 []:>--------------------------------------------------------------<
ERPImporta.exe: 0000373C: 13:14:02 [TUniServerModule]:Server First Init.
ERPImporta.exe: 0000373C: 13:14:02 [TUniServerModule]:Start Path = D:\Projetos_WEB\ERP_Importa\
ERPImporta.exe: 0000373C: 13:14:02 [TUniServerModule]:Debug Mode = ON
ERPImporta.exe: 0000373C: 13:14:03 [TUniServerModule]:Starting HTTP Server on Port: 8077...
ERPImporta.exe: 0000373C: 13:14:03 [TUniServerModule]:HTTP Server Started on Port: 8077
ERPImporta.exe: 000003D8: 13:14:41 []:>--------------------------------------------------------------<
ERPImporta.exe: 000003D8: 13:14:41 [TUniServerModule]:Server First Init.
ERPImporta.exe: 000003D8: 13:14:41 [TUniServerModule]:Start Path = D:\Projetos_WEB\ERP_Importa\
ERPImporta.exe: 000003D8: 13:14:41 [TUniServerModule]:Debug Mode = ON
ERPImporta.exe: 000003D8: 13:14:41 [TUniServerModule]:Starting HTTP Server on Port: 8077...
ERPImporta.exe: 000003D8: 13:14:41 [TUniServerModule]:HTTP Server Started on Port: 8077
ERPImporta.exe: 00005394: 17:08:45 []:>--------------------------------------------------------------<
ERPImporta.exe: 00005394: 17:08:45 [TUniServerModule]:Server First Init.
ERPImporta.exe: 00005394: 17:08:45 [TUniServerModule]:Start Path = D:\Projetos_WEB\ERP_Importa\
ERPImporta.exe: 00005394: 17:08:46 [TUniServerModule]:Debug Mode = ON
ERPImporta.exe: 00005394: 17:08:46 [TUniServerModule]:Starting HTTP Server on Port: 8077...
ERPImporta.exe: 00005394: 17:08:46 [TUniServerModule]:HTTP Server Started on Port: 8077
ERPImporta.exe: 0000551C: 17:11:13 []:>--------------------------------------------------------------<
ERPImporta.exe: 0000551C: 17:11:13 [TUniServerModule]:Server First Init.
ERPImporta.exe: 0000551C: 17:11:13 [TUniServerModule]:Start Path = D:\Projetos_WEB\ERP_Importa\
ERPImporta.exe: 0000551C: 17:11:13 [TUniServerModule]:Debug Mode = ON
ERPImporta.exe: 0000551C: 17:11:13 [TUniGUISessionManager]:Cache erase job created, Folder count: [1]
ERPImporta.exe: 0000551C: 17:11:13 [TUniServerModule]:Starting HTTP Server on Port: 8077...
ERPImporta.exe: 0000551C: 17:11:13 [TUniServerModule]:HTTP Server Started on Port: 8077
ERPImporta.exe: 000054EC: 17:13:11 []:>--------------------------------------------------------------<
ERPImporta.exe: 000054EC: 17:13:11 [TUniServerModule]:Server First Init.
ERPImporta.exe: 000054EC: 17:13:11 [TUniServerModule]:Start Path = D:\Projetos_WEB\ERP_Importa\
ERPImporta.exe: 000054EC: 17:13:11 [TUniServerModule]:Debug Mode = ON
ERPImporta.exe: 000054EC: 17:13:11 [TUniServerModule]:Starting HTTP Server on Port: 8077...
ERPImporta.exe: 000054EC: 17:13:11 [TUniServerModule]:HTTP Server Started on Port: 8077
ERPImporta.exe: 000011B8: 17:13:28 []:>--------------------------------------------------------------<
ERPImporta.exe: 000011B8: 17:13:28 [TUniServerModule]:Server First Init.
ERPImporta.exe: 000011B8: 17:13:28 [TUniServerModule]:Start Path = D:\Projetos_WEB\ERP_Importa\
ERPImporta.exe: 000011B8: 17:13:28 [TUniServerModule]:Debug Mode = ON
ERPImporta.exe: 000011B8: 17:13:28 [TUniServerModule]:Starting HTTP Server on Port: 8077...
ERPImporta.exe: 000011B8: 17:13:28 [TUniServerModule]:HTTP Server Started on Port: 8077
ERPImporta.exe: 000021DC: 17:14:33 []:>--------------------------------------------------------------<
ERPImporta.exe: 000021DC: 17:14:33 [TUniServerModule]:Server First Init.
ERPImporta.exe: 000021DC: 17:14:33 [TUniServerModule]:Start Path = D:\Projetos_WEB\ERP_Importa\
ERPImporta.exe: 000021DC: 17:14:33 [TUniServerModule]:Debug Mode = ON
ERPImporta.exe: 000021DC: 17:14:33 [TUniServerModule]:Starting HTTP Server on Port: 8077...
ERPImporta.exe: 000021DC: 17:14:33 [TUniServerModule]:HTTP Server Started on Port: 8077
ERPImporta.exe: 00000F34: 17:16:16 []:>--------------------------------------------------------------<
ERPImporta.exe: 00000F34: 17:16:16 [TUniServerModule]:Server First Init.
ERPImporta.exe: 00000F34: 17:16:16 [TUniServerModule]:Start Path = D:\Projetos_WEB\ERP_Importa\
ERPImporta.exe: 00000F34: 17:16:16 [TUniServerModule]:Debug Mode = ON
ERPImporta.exe: 00000F34: 17:16:16 [TUniServerModule]:Starting HTTP Server on Port: 8077...
ERPImporta.exe: 00000F34: 17:16:16 [TUniServerModule]:HTTP Server Started on Port: 8077
ERPImporta.exe: 00003E74: 17:17:05 []:>--------------------------------------------------------------<
ERPImporta.exe: 00003E74: 17:17:05 [TUniServerModule]:Server First Init.
ERPImporta.exe: 00003E74: 17:17:05 [TUniServerModule]:Start Path = D:\Projetos_WEB\ERP_Importa\
ERPImporta.exe: 00003E74: 17:17:05 [TUniServerModule]:Debug Mode = ON
ERPImporta.exe: 00003E74: 17:17:05 [TUniGUISessionManager]:Cache erase job created, Folder count: [1]
ERPImporta.exe: 00003E74: 17:17:05 [TUniServerModule]:Starting HTTP Server on Port: 8077...
ERPImporta.exe: 00003E74: 17:17:05 [TUniServerModule]:HTTP Server Started on Port: 8077
ERPImporta.exe: 000056AC: 17:17:56 [127.0.0.1]:EUniSessionException : Sessão inváilda ou tempo da sessão expirado. (Session not found: oPYbMGG6d91108A629D ) : Addr: $007D0F18
ERPImporta.exe: 00004A0C: 17:18:59 []:>--------------------------------------------------------------<
ERPImporta.exe: 00004A0C: 17:18:59 [TUniServerModule]:Server First Init.
ERPImporta.exe: 00004A0C: 17:18:59 [TUniServerModule]:Start Path = D:\Projetos_WEB\ERP_Importa\
ERPImporta.exe: 00004A0C: 17:18:59 [TUniServerModule]:Debug Mode = ON
ERPImporta.exe: 00004A0C: 17:18:59 [TUniGUISessionManager]:Cache erase job created, Folder count: [1]
ERPImporta.exe: 00004A0C: 17:18:59 [TUniServerModule]:Starting HTTP Server on Port: 8077...
ERPImporta.exe: 00004A0C: 17:18:59 [TUniServerModule]:HTTP Server Started on Port: 8077
ERPImporta.exe: 00004340: 17:23:55 []:>--------------------------------------------------------------<
ERPImporta.exe: 00004340: 17:23:55 [TUniServerModule]:Server First Init.
ERPImporta.exe: 00004340: 17:23:55 [TUniServerModule]:Start Path = D:\Projetos_WEB\ERP_Importa\
ERPImporta.exe: 00004340: 17:23:55 [TUniServerModule]:Debug Mode = ON
ERPImporta.exe: 00004340: 17:23:55 [TUniServerModule]:Starting HTTP Server on Port: 8077...
ERPImporta.exe: 00004340: 17:23:55 [TUniServerModule]:HTTP Server Started on Port: 8077
ERPImporta.exe: 000001D8: 17:25:14 []:>--------------------------------------------------------------<
ERPImporta.exe: 000001D8: 17:25:14 [TUniServerModule]:Server First Init.
ERPImporta.exe: 000001D8: 17:25:14 [TUniServerModule]:Start Path = D:\Projetos_WEB\ERP_Importa\
ERPImporta.exe: 000001D8: 17:25:14 [TUniServerModule]:Debug Mode = ON
ERPImporta.exe: 000001D8: 17:25:15 [TUniServerModule]:Starting HTTP Server on Port: 8077...
ERPImporta.exe: 000001D8: 17:25:15 [TUniServerModule]:HTTP Server Started on Port: 8077
ERPImporta.exe: 00001CD4: 17:32:08 []:>--------------------------------------------------------------<
ERPImporta.exe: 00001CD4: 17:32:08 [TUniServerModule]:Server First Init.
ERPImporta.exe: 00001CD4: 17:32:08 [TUniServerModule]:Start Path = D:\Projetos_WEB\ERP_Importa\
ERPImporta.exe: 00001CD4: 17:32:08 [TUniServerModule]:Debug Mode = ON
ERPImporta.exe: 00001CD4: 17:32:08 [TUniGUISessionManager]:Cache erase job created, Folder count: [1]
ERPImporta.exe: 00001CD4: 17:32:08 [TUniServerModule]:Starting HTTP Server on Port: 8077...
ERPImporta.exe: 00001CD4: 17:32:08 [TUniServerModule]:HTTP Server Started on Port: 8077
ERPImporta.exe: 00002F30: 17:34:15 []:>--------------------------------------------------------------<
ERPImporta.exe: 00002F30: 17:34:15 [TUniServerModule]:Server First Init.
ERPImporta.exe: 00002F30: 17:34:15 [TUniServerModule]:Start Path = D:\Projetos_WEB\ERP_Importa\
ERPImporta.exe: 00002F30: 17:34:15 [TUniServerModule]:Debug Mode = ON
ERPImporta.exe: 00002F30: 17:34:15 [TUniGUISessionManager]:Cache erase job created, Folder count: [1]
ERPImporta.exe: 00002F30: 17:34:16 [TUniServerModule]:Starting HTTP Server on Port: 8077...
ERPImporta.exe: 00002F30: 17:34:16 [TUniServerModule]:HTTP Server Started on Port: 8077
ERPImporta.exe: 000039BC: 17:36:41 []:>--------------------------------------------------------------<
ERPImporta.exe: 000039BC: 17:36:41 [TUniServerModule]:Server First Init.
ERPImporta.exe: 000039BC: 17:36:41 [TUniServerModule]:Start Path = D:\Projetos_WEB\ERP_Importa\
ERPImporta.exe: 000039BC: 17:36:41 [TUniServerModule]:Debug Mode = ON
ERPImporta.exe: 000039BC: 17:36:41 [TUniGUISessionManager]:Cache erase job created, Folder count: [1]
ERPImporta.exe: 000039BC: 17:36:41 [TUniServerModule]:Starting HTTP Server on Port: 8077...
ERPImporta.exe: 000039BC: 17:36:41 [TUniServerModule]:HTTP Server Started on Port: 8077
ERPImporta.exe: 00001670: 17:38:16 []:>--------------------------------------------------------------<
ERPImporta.exe: 00001670: 17:38:16 [TUniServerModule]:Server First Init.
ERPImporta.exe: 00001670: 17:38:16 [TUniServerModule]:Start Path = D:\Projetos_WEB\ERP_Importa\
ERPImporta.exe: 00001670: 17:38:16 [TUniServerModule]:Debug Mode = ON
ERPImporta.exe: 00001670: 17:38:16 [TUniServerModule]:Starting HTTP Server on Port: 8077...
ERPImporta.exe: 00001670: 17:38:16 [TUniServerModule]:HTTP Server Started on Port: 8077
ERPImporta.exe: 00002140: 17:40:38 []:>--------------------------------------------------------------<
ERPImporta.exe: 00002140: 17:40:38 [TUniServerModule]:Server First Init.
ERPImporta.exe: 00002140: 17:40:38 [TUniServerModule]:Start Path = D:\Projetos_WEB\ERP_Importa\
ERPImporta.exe: 00002140: 17:40:38 [TUniServerModule]:Debug Mode = ON
ERPImporta.exe: 00002140: 17:40:38 [TUniGUISessionManager]:Cache erase job created, Folder count: [1]
ERPImporta.exe: 00002140: 17:40:38 [TUniServerModule]:Starting HTTP Server on Port: 8077...
ERPImporta.exe: 00002140: 17:40:38 [TUniServerModule]:HTTP Server Started on Port: 8077
ERPImporta.exe: 000044FC: 17:41:09 []:>--------------------------------------------------------------<
ERPImporta.exe: 000044FC: 17:41:09 [TUniServerModule]:Server First Init.
ERPImporta.exe: 000044FC: 17:41:09 [TUniServerModule]:Start Path = D:\Projetos_WEB\ERP_Importa\
ERPImporta.exe: 000044FC: 17:41:09 [TUniServerModule]:Debug Mode = ON
ERPImporta.exe: 000044FC: 17:41:09 [TUniGUISessionManager]:Cache erase job created, Folder count: [1]
ERPImporta.exe: 000044FC: 17:41:09 [TUniServerModule]:Starting HTTP Server on Port: 8077...
ERPImporta.exe: 000044FC: 17:41:09 [TUniServerModule]:HTTP Server Started on Port: 8077
ERPImporta.exe: 00002BCC: 17:42:29 []:>--------------------------------------------------------------<
ERPImporta.exe: 00002BCC: 17:42:29 [TUniServerModule]:Server First Init.
ERPImporta.exe: 00002BCC: 17:42:29 [TUniServerModule]:Start Path = D:\Projetos_WEB\ERP_Importa\
ERPImporta.exe: 00002BCC: 17:42:29 [TUniServerModule]:Debug Mode = ON
ERPImporta.exe: 00002BCC: 17:42:30 [TUniServerModule]:Starting HTTP Server on Port: 8077...
ERPImporta.exe: 00002BCC: 17:42:30 [TUniServerModule]:HTTP Server Started on Port: 8077
ERPImporta.exe: 000036A4: 18:19:49 []:>--------------------------------------------------------------<
ERPImporta.exe: 000036A4: 18:19:49 [TUniServerModule]:Server First Init.
ERPImporta.exe: 000036A4: 18:19:49 [TUniServerModule]:Start Path = D:\Projetos_WEB\ERP_Importa\
ERPImporta.exe: 000036A4: 18:19:49 [TUniServerModule]:Debug Mode = ON
ERPImporta.exe: 000036A4: 18:19:49 [TUniServerModule]:Starting HTTP Server on Port: 8077...
ERPImporta.exe: 000036A4: 18:19:49 [TUniServerModule]:HTTP Server Started on Port: 8077
ERPImporta.exe: 0000293C: 18:22:03 []:>--------------------------------------------------------------<
ERPImporta.exe: 0000293C: 18:22:03 [TUniServerModule]:Server First Init.
ERPImporta.exe: 0000293C: 18:22:03 [TUniServerModule]:Start Path = D:\Projetos_WEB\ERP_Importa\
ERPImporta.exe: 0000293C: 18:22:03 [TUniServerModule]:Debug Mode = ON
ERPImporta.exe: 0000293C: 18:22:03 [TUniGUISessionManager]:Cache erase job created, Folder count: [1]
ERPImporta.exe: 0000293C: 18:22:03 [TUniServerModule]:Starting HTTP Server on Port: 8077...
ERPImporta.exe: 0000293C: 18:22:03 [TUniServerModule]:HTTP Server Started on Port: 8077
ERPImporta.exe: 00004E94: 18:22:46 [127.0.0.1]:EUniSessionException : Sessão inváilda ou tempo da sessão expirado. (Session not found: L8zNCyNHLZ1108A73DA ) : Addr: $007D0F18
ERPImporta.exe: 000047F0: 18:23:11 []:>--------------------------------------------------------------<
ERPImporta.exe: 000047F0: 18:23:11 [TUniServerModule]:Server First Init.
ERPImporta.exe: 000047F0: 18:23:11 [TUniServerModule]:Start Path = D:\Projetos_WEB\ERP_Importa\
ERPImporta.exe: 000047F0: 18:23:11 [TUniServerModule]:Debug Mode = ON
ERPImporta.exe: 000047F0: 18:23:11 [TUniServerModule]:Starting HTTP Server on Port: 8077...
ERPImporta.exe: 000047F0: 18:23:11 [TUniServerModule]:HTTP Server Started on Port: 8077
ERPImporta.exe: 00000DC8: 18:27:05 []:>--------------------------------------------------------------<
ERPImporta.exe: 00000DC8: 18:27:05 [TUniServerModule]:Server First Init.
ERPImporta.exe: 00000DC8: 18:27:05 [TUniServerModule]:Start Path = D:\Projetos_WEB\ERP_Importa\
ERPImporta.exe: 00000DC8: 18:27:05 [TUniServerModule]:Debug Mode = ON
ERPImporta.exe: 00000DC8: 18:27:05 [TUniServerModule]:Starting HTTP Server on Port: 8077...
ERPImporta.exe: 00000DC8: 18:27:05 [TUniServerModule]:HTTP Server Started on Port: 8077
ERPImporta.exe: 000014F8: 18:31:37 []:>--------------------------------------------------------------<
ERPImporta.exe: 000014F8: 18:31:37 [TUniServerModule]:Server First Init.
ERPImporta.exe: 000014F8: 18:31:37 [TUniServerModule]:Start Path = D:\Projetos_WEB\ERP_Importa\
ERPImporta.exe: 000014F8: 18:31:37 [TUniServerModule]:Debug Mode = ON
ERPImporta.exe: 000014F8: 18:31:37 [TUniGUISessionManager]:Cache erase job created, Folder count: [1]
ERPImporta.exe: 000014F8: 18:31:37 [TUniServerModule]:Starting HTTP Server on Port: 8077...
ERPImporta.exe: 000014F8: 18:31:37 [TUniServerModule]:HTTP Server Started on Port: 8077
ERPImporta.exe: 000019EC: 18:40:47 []:>--------------------------------------------------------------<
ERPImporta.exe: 000019EC: 18:40:47 [TUniServerModule]:Server First Init.
ERPImporta.exe: 000019EC: 18:40:47 [TUniServerModule]:Start Path = D:\Projetos_WEB\ERP_Importa\
ERPImporta.exe: 000019EC: 18:40:47 [TUniServerModule]:Debug Mode = ON
ERPImporta.exe: 000019EC: 18:40:47 [TUniGUISessionManager]:Cache erase job created, Folder count: [1]
ERPImporta.exe: 000019EC: 18:40:48 [TUniServerModule]:Starting HTTP Server on Port: 8077...
ERPImporta.exe: 000019EC: 18:40:48 [TUniServerModule]:HTTP Server Started on Port: 8077
ERPImporta.exe: 00002170: 18:41:01 []:>--------------------------------------------------------------<
ERPImporta.exe: 00002170: 18:41:01 [TUniServerModule]:Server First Init.
ERPImporta.exe: 00002170: 18:41:01 [TUniServerModule]:Start Path = D:\Projetos_WEB\ERP_Importa\
ERPImporta.exe: 00002170: 18:41:01 [TUniServerModule]:Debug Mode = ON
ERPImporta.exe: 00002170: 18:41:01 [TUniGUISessionManager]:Cache erase job created, Folder count: [1]
ERPImporta.exe: 00002170: 18:41:01 [TUniServerModule]:Starting HTTP Server on Port: 8077...
ERPImporta.exe: 00002170: 18:41:01 [TUniServerModule]:HTTP Server Started on Port: 8077
ERPImporta.exe: 00004880: 18:43:33 []:>--------------------------------------------------------------<
ERPImporta.exe: 00004880: 18:43:33 [TUniServerModule]:Server First Init.
ERPImporta.exe: 00004880: 18:43:33 [TUniServerModule]:Start Path = D:\Projetos_WEB\ERP_Importa\
ERPImporta.exe: 00004880: 18:43:33 [TUniServerModule]:Debug Mode = ON
ERPImporta.exe: 00004880: 18:43:33 [TUniGUISessionManager]:Cache erase job created, Folder count: [1]
ERPImporta.exe: 00004880: 18:43:33 [TUniServerModule]:Starting HTTP Server on Port: 8077...
ERPImporta.exe: 00004880: 18:43:33 [TUniServerModule]:HTTP Server Started on Port: 8077
ERPImporta.exe: 00001104: 18:44:51 []:>--------------------------------------------------------------<
ERPImporta.exe: 00001104: 18:44:51 [TUniServerModule]:Server First Init.
ERPImporta.exe: 00001104: 18:44:51 [TUniServerModule]:Start Path = D:\Projetos_WEB\ERP_Importa\
ERPImporta.exe: 00001104: 18:44:51 [TUniServerModule]:Debug Mode = ON
ERPImporta.exe: 00001104: 18:44:51 [TUniGUISessionManager]:Cache erase job created, Folder count: [1]
ERPImporta.exe: 00001104: 18:44:52 [TUniServerModule]:Starting HTTP Server on Port: 8077...
ERPImporta.exe: 00001104: 18:44:52 [TUniServerModule]:HTTP Server Started on Port: 8077
ERPImporta.exe: 00001F6C: 18:44:52 [127.0.0.1]:EUniSessionException : Sessão inváilda ou tempo da sessão expirado. (Session not found: 4rvmcGQwTv1108A7A4A ) : Addr: $007D0F18
ERPImporta.exe: 000051D4: 18:45:55 []:>--------------------------------------------------------------<
ERPImporta.exe: 000051D4: 18:45:55 [TUniServerModule]:Server First Init.
ERPImporta.exe: 000051D4: 18:45:55 [TUniServerModule]:Start Path = D:\Projetos_WEB\ERP_Importa\
ERPImporta.exe: 000051D4: 18:45:55 [TUniServerModule]:Debug Mode = ON
ERPImporta.exe: 000051D4: 18:45:55 [TUniGUISessionManager]:Cache erase job created, Folder count: [1]
ERPImporta.exe: 000051D4: 18:45:55 [TUniServerModule]:Starting HTTP Server on Port: 8077...
ERPImporta.exe: 000051D4: 18:45:55 [TUniServerModule]:HTTP Server Started on Port: 8077
ERPImporta.exe: 00001C78: 18:46:34 []:>--------------------------------------------------------------<
ERPImporta.exe: 00001C78: 18:46:34 [TUniServerModule]:Server First Init.
ERPImporta.exe: 00001C78: 18:46:34 [TUniServerModule]:Start Path = D:\Projetos_WEB\ERP_Importa\
ERPImporta.exe: 00001C78: 18:46:34 [TUniServerModule]:Debug Mode = ON
ERPImporta.exe: 00001C78: 18:46:34 [TUniGUISessionManager]:Cache erase job created, Folder count: [1]
ERPImporta.exe: 00001C78: 18:46:34 [TUniServerModule]:Starting HTTP Server on Port: 8077...
ERPImporta.exe: 00001C78: 18:46:34 [TUniServerModule]:HTTP Server Started on Port: 8077
ERPImporta.exe: 000032D4: 18:46:34 [127.0.0.1]:EUniSessionException : Sessão inváilda ou tempo da sessão expirado. (Session not found: nUxe4526kv1108A7AEF ) : Addr: $007D0F18
ERPImporta.exe: 000016C0: 18:48:07 []:>--------------------------------------------------------------<
ERPImporta.exe: 000016C0: 18:48:07 [TUniServerModule]:Server First Init.
ERPImporta.exe: 000016C0: 18:48:07 [TUniServerModule]:Start Path = D:\Projetos_WEB\ERP_Importa\
ERPImporta.exe: 000016C0: 18:48:07 [TUniServerModule]:Debug Mode = ON
ERPImporta.exe: 000016C0: 18:48:07 [TUniGUISessionManager]:Cache erase job created, Folder count: [1]
ERPImporta.exe: 000016C0: 18:48:07 [TUniServerModule]:Starting HTTP Server on Port: 8077...
ERPImporta.exe: 000016C0: 18:48:07 [TUniServerModule]:HTTP Server Started on Port: 8077
ERPImporta.exe: 00004478: 18:48:10 [127.0.0.1]:EUniSessionException : Sessão inváilda ou tempo da sessão expirado. (Session not found: 6NRIMmlAcM1108A7B1B ) : Addr: $007D0F18
ERPImporta.exe: 00001D98: 18:48:10 [127.0.0.1]:EUniSessionException : Sessão inváilda ou tempo da sessão expirado. (Session not found: 6NRIMmlAcM1108A7B1B ) : Addr: $007D0F18
ERPImporta.exe: 00005314: 19:13:22 []:>--------------------------------------------------------------<
ERPImporta.exe: 00005314: 19:13:22 [TUniServerModule]:Server First Init.
ERPImporta.exe: 00005314: 19:13:22 [TUniServerModule]:Start Path = D:\Projetos_WEB\ERP_Importa\
ERPImporta.exe: 00005314: 19:13:22 [TUniServerModule]:Debug Mode = ON
ERPImporta.exe: 00005314: 19:13:22 [TUniGUISessionManager]:Cache erase job created, Folder count: [1]
ERPImporta.exe: 00005314: 19:13:23 [TUniServerModule]:Starting HTTP Server on Port: 8077...
ERPImporta.exe: 00005314: 19:13:23 [TUniServerModule]:HTTP Server Started on Port: 8077
ERPImporta.exe: 00001F78: 19:14:57 []:>--------------------------------------------------------------<
ERPImporta.exe: 00001F78: 19:14:57 [TUniServerModule]:Server First Init.
ERPImporta.exe: 00001F78: 19:14:57 [TUniServerModule]:Start Path = D:\Projetos_WEB\ERP_Importa\
ERPImporta.exe: 00001F78: 19:14:57 [TUniServerModule]:Debug Mode = ON
ERPImporta.exe: 00001F78: 19:14:57 [TUniGUISessionManager]:Cache erase job created, Folder count: [1]
ERPImporta.exe: 00001F78: 19:14:57 [TUniServerModule]:Starting HTTP Server on Port: 8077...
ERPImporta.exe: 00001F78: 19:14:57 [TUniServerModule]:HTTP Server Started on Port: 8077
ERPImporta.exe: 00005648: 19:14:58 [127.0.0.1]:EUniSessionException : Sessão inváilda ou tempo da sessão expirado. (Session not found: vTILWOtWkY1108A8261 ) : Addr: $007D0F18
ERPImporta.exe: 000028C0: 19:19:34 []:>--------------------------------------------------------------<
ERPImporta.exe: 000028C0: 19:19:34 [TUniServerModule]:Server First Init.
ERPImporta.exe: 000028C0: 19:19:34 [TUniServerModule]:Start Path = D:\Projetos_WEB\ERP_Importa\
ERPImporta.exe: 000028C0: 19:19:34 [TUniServerModule]:Debug Mode = ON
ERPImporta.exe: 000028C0: 19:19:34 [TUniServerModule]:Starting HTTP Server on Port: 8077...
ERPImporta.exe: 000028C0: 19:19:34 [TUniServerModule]:HTTP Server Started on Port: 8077
ERPImporta.exe: 000051F0: 19:22:03 []:>--------------------------------------------------------------<
ERPImporta.exe: 000051F0: 19:22:03 [TUniServerModule]:Server First Init.
ERPImporta.exe: 000051F0: 19:22:03 [TUniServerModule]:Start Path = D:\Projetos_WEB\ERP_Importa\
ERPImporta.exe: 000051F0: 19:22:03 [TUniServerModule]:Debug Mode = ON
ERPImporta.exe: 000051F0: 19:22:03 [TUniServerModule]:Starting HTTP Server on Port: 8077...
ERPImporta.exe: 000051F0: 19:22:03 [TUniServerModule]:HTTP Server Started on Port: 8077
ERPImporta.exe: 000037D4: 19:23:40 []:>--------------------------------------------------------------<
ERPImporta.exe: 000037D4: 19:23:40 [TUniServerModule]:Server First Init.
ERPImporta.exe: 000037D4: 19:23:40 [TUniServerModule]:Start Path = D:\Projetos_WEB\ERP_Importa\
ERPImporta.exe: 000037D4: 19:23:40 [TUniServerModule]:Debug Mode = ON
ERPImporta.exe: 000037D4: 19:23:40 [TUniGUISessionManager]:Cache erase job created, Folder count: [1]
ERPImporta.exe: 000037D4: 19:23:41 [TUniServerModule]:Starting HTTP Server on Port: 8077...
ERPImporta.exe: 000037D4: 19:23:41 [TUniServerModule]:HTTP Server Started on Port: 8077
ERPImporta.exe: 000034E4: 19:24:00 []:>--------------------------------------------------------------<
ERPImporta.exe: 000034E4: 19:24:00 [TUniServerModule]:Server First Init.
ERPImporta.exe: 000034E4: 19:24:00 [TUniServerModule]:Start Path = D:\Projetos_WEB\ERP_Importa\
ERPImporta.exe: 000034E4: 19:24:00 [TUniServerModule]:Debug Mode = ON
ERPImporta.exe: 000034E4: 19:24:00 [TUniGUISessionManager]:Cache erase job created, Folder count: [1]
ERPImporta.exe: 000034E4: 19:24:00 [TUniServerModule]:Starting HTTP Server on Port: 8077...
ERPImporta.exe: 000034E4: 19:24:00 [TUniServerModule]:HTTP Server Started on Port: 8077
ERPImporta.exe: 000033A0: 19:24:07 [127.0.0.1]:EUniSessionException : Sessão inváilda ou tempo da sessão expirado. (Session not found: lv3wqJmsQ81108A852C ) : Addr: $007D0F18
ERPImporta.exe: 000006C8: 19:26:56 []:>--------------------------------------------------------------<
ERPImporta.exe: 000006C8: 19:26:56 [TUniServerModule]:Server First Init.
ERPImporta.exe: 000006C8: 19:26:56 [TUniServerModule]:Start Path = D:\Projetos_WEB\ERP_Importa\
ERPImporta.exe: 000006C8: 19:26:56 [TUniServerModule]:Debug Mode = ON
ERPImporta.exe: 000006C8: 19:26:57 [TUniServerModule]:Starting HTTP Server on Port: 8077...
ERPImporta.exe: 000006C8: 19:26:57 [TUniServerModule]:HTTP Server Started on Port: 8077
ERPImporta.exe: 000054E4: 19:28:07 []:>--------------------------------------------------------------<
ERPImporta.exe: 000054E4: 19:28:07 [TUniServerModule]:Server First Init.
ERPImporta.exe: 000054E4: 19:28:07 [TUniServerModule]:Start Path = D:\Projetos_WEB\ERP_Importa\
ERPImporta.exe: 000054E4: 19:28:07 [TUniServerModule]:Debug Mode = ON
ERPImporta.exe: 000054E4: 19:28:08 [TUniServerModule]:Starting HTTP Server on Port: 8077...
ERPImporta.exe: 000054E4: 19:28:08 [TUniServerModule]:HTTP Server Started on Port: 8077
ERPImporta.exe: 000044BC: 19:30:18 []:>--------------------------------------------------------------<
ERPImporta.exe: 000044BC: 19:30:18 [TUniServerModule]:Server First Init.
ERPImporta.exe: 000044BC: 19:30:18 [TUniServerModule]:Start Path = D:\Projetos_WEB\ERP_Importa\
ERPImporta.exe: 000044BC: 19:30:18 [TUniServerModule]:Debug Mode = ON
ERPImporta.exe: 000044BC: 19:30:18 [TUniGUISessionManager]:Cache erase job created, Folder count: [1]
ERPImporta.exe: 000044BC: 19:30:18 [TUniServerModule]:Starting HTTP Server on Port: 8077...
ERPImporta.exe: 000044BC: 19:30:18 [TUniServerModule]:HTTP Server Started on Port: 8077
ERPImporta.exe: 00002444: 19:31:39 []:>--------------------------------------------------------------<
ERPImporta.exe: 00002444: 19:31:39 [TUniServerModule]:Server First Init.
ERPImporta.exe: 00002444: 19:31:39 [TUniServerModule]:Start Path = D:\Projetos_WEB\ERP_Importa\
ERPImporta.exe: 00002444: 19:31:39 [TUniServerModule]:Debug Mode = ON
ERPImporta.exe: 00002444: 19:31:39 [TUniGUISessionManager]:Cache erase job created, Folder count: [1]
ERPImporta.exe: 00002444: 19:31:39 [TUniServerModule]:Starting HTTP Server on Port: 8077...
ERPImporta.exe: 00002444: 19:31:39 [TUniServerModule]:HTTP Server Started on Port: 8077
ERPImporta.exe: 0000522C: 19:39:46 []:>--------------------------------------------------------------<
ERPImporta.exe: 0000522C: 19:39:46 [TUniServerModule]:Server First Init.
ERPImporta.exe: 0000522C: 19:39:46 [TUniServerModule]:Start Path = D:\Projetos_WEB\ERP_Importa\
ERPImporta.exe: 0000522C: 19:39:46 [TUniServerModule]:Debug Mode = ON
ERPImporta.exe: 0000522C: 19:39:46 [TUniGUISessionManager]:Cache erase job created, Folder count: [1]
ERPImporta.exe: 0000522C: 19:39:46 [TUniServerModule]:Starting HTTP Server on Port: 8077...
ERPImporta.exe: 0000522C: 19:39:46 [TUniServerModule]:HTTP Server Started on Port: 8077
ERPImporta.exe: 00002C38: 19:51:13 []:>--------------------------------------------------------------<
ERPImporta.exe: 00002C38: 19:51:13 [TUniServerModule]:Server First Init.
ERPImporta.exe: 00002C38: 19:51:13 [TUniServerModule]:Start Path = D:\Projetos_WEB\ERP_Importa\
ERPImporta.exe: 00002C38: 19:51:13 [TUniServerModule]:Debug Mode = ON
ERPImporta.exe: 00002C38: 19:51:13 [TUniGUISessionManager]:Cache erase job created, Folder count: [1]
ERPImporta.exe: 00002C38: 19:51:13 [TUniServerModule]:Starting HTTP Server on Port: 8077...
ERPImporta.exe: 00002C38: 19:51:13 [TUniServerModule]:HTTP Server Started on Port: 8077
ERPImporta.exe: 000031A0: 19:52:29 []:>--------------------------------------------------------------<
ERPImporta.exe: 000031A0: 19:52:29 [TUniServerModule]:Server First Init.
ERPImporta.exe: 000031A0: 19:52:29 [TUniServerModule]:Start Path = D:\Projetos_WEB\ERP_Importa\
ERPImporta.exe: 000031A0: 19:52:29 [TUniServerModule]:Debug Mode = ON
ERPImporta.exe: 000031A0: 19:52:29 [TUniServerModule]:Starting HTTP Server on Port: 8077...
ERPImporta.exe: 000031A0: 19:52:29 [TUniServerModule]:HTTP Server Started on Port: 8077
ERPImporta.exe: 0000336C: 19:53:31 []:>--------------------------------------------------------------<
ERPImporta.exe: 0000336C: 19:53:31 [TUniServerModule]:Server First Init.
ERPImporta.exe: 0000336C: 19:53:31 [TUniServerModule]:Start Path = D:\Projetos_WEB\ERP_Importa\
ERPImporta.exe: 0000336C: 19:53:31 [TUniServerModule]:Debug Mode = ON
ERPImporta.exe: 0000336C: 19:53:31 [TUniGUISessionManager]:Cache erase job created, Folder count: [1]
ERPImporta.exe: 0000336C: 19:53:32 [TUniServerModule]:Starting HTTP Server on Port: 8077...
ERPImporta.exe: 0000336C: 19:53:32 [TUniServerModule]:HTTP Server Started on Port: 8077
ERPImporta.exe: 000057C0: 19:54:56 []:>--------------------------------------------------------------<
ERPImporta.exe: 000057C0: 19:54:56 [TUniServerModule]:Server First Init.
ERPImporta.exe: 000057C0: 19:54:56 [TUniServerModule]:Start Path = D:\Projetos_WEB\ERP_Importa\
ERPImporta.exe: 000057C0: 19:54:56 [TUniServerModule]:Debug Mode = ON
ERPImporta.exe: 000057C0: 19:54:56 [TUniGUISessionManager]:Cache erase job created, Folder count: [1]
ERPImporta.exe: 000057C0: 19:54:56 [TUniServerModule]:Starting HTTP Server on Port: 8077...
ERPImporta.exe: 000057C0: 19:54:56 [TUniServerModule]:HTTP Server Started on Port: 8077
ERPImporta.exe: 00002E08: 19:56:41 []:>--------------------------------------------------------------<
ERPImporta.exe: 00002E08: 19:56:41 [TUniServerModule]:Server First Init.
ERPImporta.exe: 00002E08: 19:56:41 [TUniServerModule]:Start Path = D:\Projetos_WEB\ERP_Importa\
ERPImporta.exe: 00002E08: 19:56:41 [TUniServerModule]:Debug Mode = ON
ERPImporta.exe: 00002E08: 19:56:41 [TUniGUISessionManager]:Cache erase job created, Folder count: [1]
ERPImporta.exe: 00002E08: 19:56:41 [TUniServerModule]:Starting HTTP Server on Port: 8077...
ERPImporta.exe: 00002E08: 19:56:41 [TUniServerModule]:HTTP Server Started on Port: 8077
ERPImporta.exe: 000021AC: 19:57:22 []:>--------------------------------------------------------------<
ERPImporta.exe: 000021AC: 19:57:22 [TUniServerModule]:Server First Init.
ERPImporta.exe: 000021AC: 19:57:22 [TUniServerModule]:Start Path = D:\Projetos_WEB\ERP_Importa\
ERPImporta.exe: 000021AC: 19:57:22 [TUniServerModule]:Debug Mode = ON
ERPImporta.exe: 000021AC: 19:57:22 [TUniGUISessionManager]:Cache erase job created, Folder count: [1]
ERPImporta.exe: 000021AC: 19:57:23 [TUniServerModule]:Starting HTTP Server on Port: 8077...
ERPImporta.exe: 000021AC: 19:57:23 [TUniServerModule]:HTTP Server Started on Port: 8077
ERPImporta.exe: 00001354: 19:58:36 []:>--------------------------------------------------------------<
ERPImporta.exe: 00001354: 19:58:36 [TUniServerModule]:Server First Init.
ERPImporta.exe: 00001354: 19:58:36 [TUniServerModule]:Start Path = D:\Projetos_WEB\ERP_Importa\
ERPImporta.exe: 00001354: 19:58:36 [TUniServerModule]:Debug Mode = ON
ERPImporta.exe: 00001354: 19:58:36 [TUniServerModule]:Starting HTTP Server on Port: 8077...
ERPImporta.exe: 00001354: 19:58:36 [TUniServerModule]:HTTP Server Started on Port: 8077
