ERPImporta.exe: 0000024C: 07:21:19 []:>--------------------------------------------------------------<
ERPImporta.exe: 0000024C: 07:21:19 [TUniServerModule]:Server First Init.
ERPImporta.exe: 0000024C: 07:21:19 [TUniServerModule]:Start Path = C:\Projetos_WEB\ERP_Importa\
ERPImporta.exe: 0000024C: 07:21:19 [TUniServerModule]:Debug Mode = ON
ERPImporta.exe: 0000024C: 07:21:19 [TUniGUISessionManager]:Cache erase job created, Folder count: [1]
ERPImporta.exe: 0000024C: 07:21:19 [TUniServerModule]:Starting HTTP Server on Port: 8077...
ERPImporta.exe: 0000024C: 07:21:20 [TUniServerModule]:HTTP Server Started on Port: 8077
ERPImporta.exe: 00003F50: 07:25:51 []:>--------------------------------------------------------------<
ERPImporta.exe: 00003F50: 07:25:51 [TUniServerModule]:Server First Init.
ERPImporta.exe: 00003F50: 07:25:51 [TUniServerModule]:Start Path = C:\Projetos_WEB\ERP_Importa\
ERPImporta.exe: 00003F50: 07:25:51 [TUniServerModule]:Debug Mode = ON
ERPImporta.exe: 00003F50: 07:25:51 [TUniGUISessionManager]:Cache erase job created, Folder count: [1]
ERPImporta.exe: 00003F50: 07:25:51 [TUniServerModule]:Starting HTTP Server on Port: 8077...
ERPImporta.exe: 00003F50: 07:25:51 [TUniServerModule]:HTTP Server Started on Port: 8077
ERPImporta.exe: 00003618: 07:30:40 []:>--------------------------------------------------------------<
ERPImporta.exe: 00003618: 07:30:40 [TUniServerModule]:Server First Init.
ERPImporta.exe: 00003618: 07:30:40 [TUniServerModule]:Start Path = C:\Projetos_WEB\ERP_Importa\
ERPImporta.exe: 00003618: 07:30:40 [TUniServerModule]:Debug Mode = ON
ERPImporta.exe: 00003618: 07:30:41 [TUniServerModule]:Starting HTTP Server on Port: 8077...
ERPImporta.exe: 00003618: 07:30:41 [TUniServerModule]:HTTP Server Started on Port: 8077
ERPImporta.exe: 00002048: 07:33:58 []:>--------------------------------------------------------------<
ERPImporta.exe: 00002048: 07:33:58 [TUniServerModule]:Server First Init.
ERPImporta.exe: 00002048: 07:33:58 [TUniServerModule]:Start Path = C:\Projetos_WEB\ERP_Importa\
ERPImporta.exe: 00002048: 07:33:58 [TUniServerModule]:Debug Mode = ON
ERPImporta.exe: 00002048: 07:33:58 [TUniGUISessionManager]:Cache erase job created, Folder count: [1]
ERPImporta.exe: 00002048: 07:33:59 [TUniServerModule]:Starting HTTP Server on Port: 8077...
ERPImporta.exe: 00002048: 07:33:59 [TUniServerModule]:HTTP Server Started on Port: 8077
ERPImporta.exe: 00000F0C: 07:35:01 []:>--------------------------------------------------------------<
ERPImporta.exe: 00000F0C: 07:35:01 [TUniServerModule]:Server First Init.
ERPImporta.exe: 00000F0C: 07:35:01 [TUniServerModule]:Start Path = C:\Projetos_WEB\ERP_Importa\
ERPImporta.exe: 00000F0C: 07:35:01 [TUniServerModule]:Debug Mode = ON
ERPImporta.exe: 00000F0C: 07:35:01 [TUniServerModule]:Starting HTTP Server on Port: 8077...
ERPImporta.exe: 00000F0C: 07:35:01 [TUniServerModule]:HTTP Server Started on Port: 8077
ERPImporta.exe: 00003F7C: 07:35:47 []:>--------------------------------------------------------------<
ERPImporta.exe: 00003F7C: 07:35:47 [TUniServerModule]:Server First Init.
ERPImporta.exe: 00003F7C: 07:35:47 [TUniServerModule]:Start Path = C:\Projetos_WEB\ERP_Importa\
ERPImporta.exe: 00003F7C: 07:35:47 [TUniServerModule]:Debug Mode = ON
ERPImporta.exe: 00003F7C: 07:35:48 [TUniServerModule]:Starting HTTP Server on Port: 8077...
ERPImporta.exe: 00003F7C: 07:35:48 [TUniServerModule]:HTTP Server Started on Port: 8077
ERPImporta.exe: 00002FB4: 07:36:19 []:>--------------------------------------------------------------<
ERPImporta.exe: 00002FB4: 07:36:19 [TUniServerModule]:Server First Init.
ERPImporta.exe: 00002FB4: 07:36:19 [TUniServerModule]:Start Path = C:\Projetos_WEB\ERP_Importa\
ERPImporta.exe: 00002FB4: 07:36:19 [TUniServerModule]:Debug Mode = ON
ERPImporta.exe: 00002FB4: 07:36:20 [TUniServerModule]:Starting HTTP Server on Port: 8077...
ERPImporta.exe: 00002FB4: 07:36:20 [TUniServerModule]:HTTP Server Started on Port: 8077
ERPImporta.exe: 00003ED4: 07:40:57 []:>--------------------------------------------------------------<
ERPImporta.exe: 00003ED4: 07:40:57 [TUniServerModule]:Server First Init.
ERPImporta.exe: 00003ED4: 07:40:57 [TUniServerModule]:Start Path = C:\Projetos_WEB\ERP_Importa\
ERPImporta.exe: 00003ED4: 07:40:57 [TUniServerModule]:Debug Mode = ON
ERPImporta.exe: 00003ED4: 07:40:57 [TUniServerModule]:Starting HTTP Server on Port: 8077...
ERPImporta.exe: 00003ED4: 07:40:57 [TUniServerModule]:HTTP Server Started on Port: 8077
ERPImporta.exe: 00003F60: 07:43:06 []:>--------------------------------------------------------------<
ERPImporta.exe: 00003F60: 07:43:06 [TUniServerModule]:Server First Init.
ERPImporta.exe: 00003F60: 07:43:06 [TUniServerModule]:Start Path = C:\Projetos_WEB\ERP_Importa\
ERPImporta.exe: 00003F60: 07:43:06 [TUniServerModule]:Debug Mode = ON
ERPImporta.exe: 00003F60: 07:43:06 [TUniServerModule]:Starting HTTP Server on Port: 8077...
ERPImporta.exe: 00003F60: 07:43:06 [TUniServerModule]:HTTP Server Started on Port: 8077
ERPImporta.exe: 0000257C: 07:49:36 []:>--------------------------------------------------------------<
ERPImporta.exe: 0000257C: 07:49:36 [TUniServerModule]:Server First Init.
ERPImporta.exe: 0000257C: 07:49:36 [TUniServerModule]:Start Path = C:\Projetos_WEB\ERP_Importa\
ERPImporta.exe: 0000257C: 07:49:36 [TUniServerModule]:Debug Mode = ON
ERPImporta.exe: 0000257C: 07:49:36 [TUniServerModule]:Starting HTTP Server on Port: 8077...
ERPImporta.exe: 0000257C: 07:49:36 [TUniServerModule]:HTTP Server Started on Port: 8077
ERPImporta.exe: 00003E20: 07:50:15 []:>--------------------------------------------------------------<
ERPImporta.exe: 00003E20: 07:50:15 [TUniServerModule]:Server First Init.
ERPImporta.exe: 00003E20: 07:50:15 [TUniServerModule]:Start Path = C:\Projetos_WEB\ERP_Importa\
ERPImporta.exe: 00003E20: 07:50:15 [TUniServerModule]:Debug Mode = ON
ERPImporta.exe: 00003E20: 07:50:15 [TUniGUISessionManager]:Cache erase job created, Folder count: [1]
ERPImporta.exe: 00003E20: 07:50:16 [TUniServerModule]:Starting HTTP Server on Port: 8077...
ERPImporta.exe: 00003E20: 07:50:16 [TUniServerModule]:HTTP Server Started on Port: 8077
ERPImporta.exe: 00002CD8: 08:14:27 []:>--------------------------------------------------------------<
ERPImporta.exe: 00002CD8: 08:14:27 [TUniServerModule]:Server First Init.
ERPImporta.exe: 00002CD8: 08:14:27 [TUniServerModule]:Start Path = C:\Projetos_WEB\ERP_Importa\
ERPImporta.exe: 00002CD8: 08:14:27 [TUniServerModule]:Debug Mode = ON
ERPImporta.exe: 00002CD8: 08:14:28 [TUniServerModule]:Starting HTTP Server on Port: 8077...
ERPImporta.exe: 00002CD8: 08:14:28 [TUniServerModule]:HTTP Server Started on Port: 8077
ERPImporta.exe: 00000B80: 08:21:44 []:>--------------------------------------------------------------<
ERPImporta.exe: 00000B80: 08:21:44 [TUniServerModule]:Server First Init.
ERPImporta.exe: 00000B80: 08:21:44 [TUniServerModule]:Start Path = C:\Projetos_WEB\ERP_Importa\
ERPImporta.exe: 00000B80: 08:21:44 [TUniServerModule]:Debug Mode = ON
ERPImporta.exe: 00000B80: 08:21:44 [TUniServerModule]:Starting HTTP Server on Port: 8077...
ERPImporta.exe: 00000B80: 08:21:44 [TUniServerModule]:HTTP Server Started on Port: 8077
ERPImporta.exe: 000017E4: 08:23:15 []:>--------------------------------------------------------------<
ERPImporta.exe: 000017E4: 08:23:15 [TUniServerModule]:Server First Init.
ERPImporta.exe: 000017E4: 08:23:15 [TUniServerModule]:Start Path = C:\Projetos_WEB\ERP_Importa\
ERPImporta.exe: 000017E4: 08:23:15 [TUniServerModule]:Debug Mode = ON
ERPImporta.exe: 000017E4: 08:23:16 [TUniServerModule]:Starting HTTP Server on Port: 8077...
ERPImporta.exe: 000017E4: 08:23:16 [TUniServerModule]:HTTP Server Started on Port: 8077
ERPImporta.exe: 00002004: 08:26:19 []:>--------------------------------------------------------------<
ERPImporta.exe: 00002004: 08:26:19 [TUniServerModule]:Server First Init.
ERPImporta.exe: 00002004: 08:26:19 [TUniServerModule]:Start Path = C:\Projetos_WEB\ERP_Importa\
ERPImporta.exe: 00002004: 08:26:19 [TUniServerModule]:Debug Mode = ON
ERPImporta.exe: 00002004: 08:26:19 [TUniGUISessionManager]:Cache erase job created, Folder count: [1]
ERPImporta.exe: 00002004: 08:26:20 [TUniServerModule]:Starting HTTP Server on Port: 8077...
ERPImporta.exe: 00002004: 08:26:20 [TUniServerModule]:HTTP Server Started on Port: 8077
ERPImporta.exe: 0000183C: 08:27:36 []:>--------------------------------------------------------------<
ERPImporta.exe: 0000183C: 08:27:36 [TUniServerModule]:Server First Init.
ERPImporta.exe: 0000183C: 08:27:36 [TUniServerModule]:Start Path = C:\Projetos_WEB\ERP_Importa\
ERPImporta.exe: 0000183C: 08:27:36 [TUniServerModule]:Debug Mode = ON
ERPImporta.exe: 0000183C: 08:27:36 [TUniGUISessionManager]:Cache erase job created, Folder count: [1]
ERPImporta.exe: 0000183C: 08:27:37 [TUniServerModule]:Starting HTTP Server on Port: 8077...
ERPImporta.exe: 0000183C: 08:27:37 [TUniServerModule]:HTTP Server Started on Port: 8077
ERPImporta.exe: 00000988: 08:28:33 []:>--------------------------------------------------------------<
ERPImporta.exe: 00000988: 08:28:33 [TUniServerModule]:Server First Init.
ERPImporta.exe: 00000988: 08:28:33 [TUniServerModule]:Start Path = C:\Projetos_WEB\ERP_Importa\
ERPImporta.exe: 00000988: 08:28:33 [TUniServerModule]:Debug Mode = ON
ERPImporta.exe: 00000988: 08:28:33 [TUniGUISessionManager]:Cache erase job created, Folder count: [1]
ERPImporta.exe: 00000988: 08:28:33 [TUniServerModule]:Starting HTTP Server on Port: 8077...
ERPImporta.exe: 00000988: 08:28:33 [TUniServerModule]:HTTP Server Started on Port: 8077
ERPImporta.exe: 0000268C: 08:29:04 []:>--------------------------------------------------------------<
ERPImporta.exe: 0000268C: 08:29:04 [TUniServerModule]:Server First Init.
ERPImporta.exe: 0000268C: 08:29:04 [TUniServerModule]:Start Path = C:\Projetos_WEB\ERP_Importa\
ERPImporta.exe: 0000268C: 08:29:04 [TUniServerModule]:Debug Mode = ON
ERPImporta.exe: 0000268C: 08:29:04 [TUniGUISessionManager]:Cache erase job created, Folder count: [1]
ERPImporta.exe: 0000268C: 08:29:04 [TUniServerModule]:Starting HTTP Server on Port: 8077...
ERPImporta.exe: 0000268C: 08:29:04 [TUniServerModule]:HTTP Server Started on Port: 8077
ERPImporta.exe: 00001074: 08:34:16 []:>--------------------------------------------------------------<
ERPImporta.exe: 00001074: 08:34:16 [TUniServerModule]:Server First Init.
ERPImporta.exe: 00001074: 08:34:16 [TUniServerModule]:Start Path = C:\Projetos_WEB\ERP_Importa\
ERPImporta.exe: 00001074: 08:34:16 [TUniServerModule]:Debug Mode = ON
ERPImporta.exe: 00001074: 08:34:16 [TUniServerModule]:Starting HTTP Server on Port: 8077...
ERPImporta.exe: 00001074: 08:34:16 [TUniServerModule]:HTTP Server Started on Port: 8077
ERPImporta.exe: 000032A0: 08:35:36 []:>--------------------------------------------------------------<
ERPImporta.exe: 000032A0: 08:35:36 [TUniServerModule]:Server First Init.
ERPImporta.exe: 000032A0: 08:35:36 [TUniServerModule]:Start Path = C:\Projetos_WEB\ERP_Importa\
ERPImporta.exe: 000032A0: 08:35:36 [TUniServerModule]:Debug Mode = ON
ERPImporta.exe: 000032A0: 08:35:36 [TUniServerModule]:Starting HTTP Server on Port: 8077...
ERPImporta.exe: 000032A0: 08:35:36 [TUniServerModule]:HTTP Server Started on Port: 8077
ERPImporta.exe: 00003A8C: 08:36:42 []:>--------------------------------------------------------------<
ERPImporta.exe: 00003A8C: 08:36:42 [TUniServerModule]:Server First Init.
ERPImporta.exe: 00003A8C: 08:36:42 [TUniServerModule]:Start Path = C:\Projetos_WEB\ERP_Importa\
ERPImporta.exe: 00003A8C: 08:36:42 [TUniServerModule]:Debug Mode = ON
ERPImporta.exe: 00003A8C: 08:36:42 [TUniGUISessionManager]:Cache erase job created, Folder count: [1]
ERPImporta.exe: 00003A8C: 08:36:43 [TUniServerModule]:Starting HTTP Server on Port: 8077...
ERPImporta.exe: 00003A8C: 08:36:43 [TUniServerModule]:HTTP Server Started on Port: 8077
ERPImporta.exe: 00003CAC: 08:38:44 []:>--------------------------------------------------------------<
ERPImporta.exe: 00003CAC: 08:38:44 [TUniServerModule]:Server First Init.
ERPImporta.exe: 00003CAC: 08:38:44 [TUniServerModule]:Start Path = C:\Projetos_WEB\ERP_Importa\
ERPImporta.exe: 00003CAC: 08:38:44 [TUniServerModule]:Debug Mode = ON
ERPImporta.exe: 00003CAC: 08:38:44 [TUniServerModule]:Starting HTTP Server on Port: 8077...
ERPImporta.exe: 00003CAC: 08:38:45 [TUniServerModule]:HTTP Server Started on Port: 8077
ERPImporta.exe: 00003A5C: 08:41:41 []:>--------------------------------------------------------------<
ERPImporta.exe: 00003A5C: 08:41:41 [TUniServerModule]:Server First Init.
ERPImporta.exe: 00003A5C: 08:41:41 [TUniServerModule]:Start Path = C:\Projetos_WEB\ERP_Importa\
ERPImporta.exe: 00003A5C: 08:41:41 [TUniServerModule]:Debug Mode = ON
ERPImporta.exe: 00003A5C: 08:41:42 [TUniServerModule]:Starting HTTP Server on Port: 8077...
ERPImporta.exe: 00003A5C: 08:41:42 [TUniServerModule]:HTTP Server Started on Port: 8077
ERPImporta.exe: 00003A48: 08:43:29 []:>--------------------------------------------------------------<
ERPImporta.exe: 00003A48: 08:43:29 [TUniServerModule]:Server First Init.
ERPImporta.exe: 00003A48: 08:43:29 [TUniServerModule]:Start Path = C:\Projetos_WEB\ERP_Importa\
ERPImporta.exe: 00003A48: 08:43:29 [TUniServerModule]:Debug Mode = ON
ERPImporta.exe: 00003A48: 08:43:29 [TUniGUISessionManager]:Cache erase job created, Folder count: [1]
ERPImporta.exe: 00003A48: 08:43:29 [TUniServerModule]:Starting HTTP Server on Port: 8077...
ERPImporta.exe: 00003A48: 08:43:29 [TUniServerModule]:HTTP Server Started on Port: 8077
ERPImporta.exe: 00003F34: 08:43:34 [[FireDAC][Comp][Clnt]-512. Connection is not defined for [ttmp]. Possible reason: Connection and ConnectionName property values are both empty-127.0.0.1]:EFDException : [FireDAC][Comp][Clnt]-512. Connection is not defined for [ttmp]. Possible reason: Connection and ConnectionName property values are both empty : Addr: $0083656C
ERPImporta.exe: 00001F1C: 08:44:13 []:>--------------------------------------------------------------<
ERPImporta.exe: 00001F1C: 08:44:13 [TUniServerModule]:Server First Init.
ERPImporta.exe: 00001F1C: 08:44:13 [TUniServerModule]:Start Path = C:\Projetos_WEB\ERP_Importa\
ERPImporta.exe: 00001F1C: 08:44:13 [TUniServerModule]:Debug Mode = ON
ERPImporta.exe: 00001F1C: 08:44:13 [TUniGUISessionManager]:Cache erase job created, Folder count: [1]
ERPImporta.exe: 00001F1C: 08:44:13 [TUniServerModule]:Starting HTTP Server on Port: 8077...
ERPImporta.exe: 00001F1C: 08:44:13 [TUniServerModule]:HTTP Server Started on Port: 8077
ERPImporta.exe: 00000C0C: 08:44:18 [[FireDAC][Phys][ODBC][Microsoft][SQL Server Native Client 11.0][SQL Server]Invalid object name 'Invoice'.-127.0.0.1]:EMSSQLNativeException : [FireDAC][Phys][ODBC][Microsoft][SQL Server Native Client 11.0][SQL Server]Invalid object name 'Invoice'. : Addr: $008DDE75
ERPImporta.exe: 00002AEC: 08:45:09 []:>--------------------------------------------------------------<
ERPImporta.exe: 00002AEC: 08:45:09 [TUniServerModule]:Server First Init.
ERPImporta.exe: 00002AEC: 08:45:09 [TUniServerModule]:Start Path = C:\Projetos_WEB\ERP_Importa\
ERPImporta.exe: 00002AEC: 08:45:09 [TUniServerModule]:Debug Mode = ON
ERPImporta.exe: 00002AEC: 08:45:10 [TUniServerModule]:Starting HTTP Server on Port: 8077...
ERPImporta.exe: 00002AEC: 08:45:10 [TUniServerModule]:HTTP Server Started on Port: 8077
ERPImporta.exe: 00000D74: 08:47:57 []:>--------------------------------------------------------------<
ERPImporta.exe: 00000D74: 08:47:57 [TUniServerModule]:Server First Init.
ERPImporta.exe: 00000D74: 08:47:57 [TUniServerModule]:Start Path = C:\Projetos_WEB\ERP_Importa\
ERPImporta.exe: 00000D74: 08:47:57 [TUniServerModule]:Debug Mode = ON
ERPImporta.exe: 00000D74: 08:47:57 [TUniGUISessionManager]:Cache erase job created, Folder count: [1]
ERPImporta.exe: 00000D74: 08:47:58 [TUniServerModule]:Starting HTTP Server on Port: 8077...
ERPImporta.exe: 00000D74: 08:47:58 [TUniServerModule]:HTTP Server Started on Port: 8077
ERPImporta.exe: 00003AFC: 08:48:04 [[FireDAC][Phys][ODBC][Microsoft][SQL Server Native Client 11.0][SQL Server]Invalid object name 'MotivoAdmissaoTemp'.-127.0.0.1]:EMSSQLNativeException : [FireDAC][Phys][ODBC][Microsoft][SQL Server Native Client 11.0][SQL Server]Invalid object name 'MotivoAdmissaoTemp'. : Addr: $008DDE75
ERPImporta.exe: 00001BF4: 08:51:29 []:>--------------------------------------------------------------<
ERPImporta.exe: 00001BF4: 08:51:29 [TUniServerModule]:Server First Init.
ERPImporta.exe: 00001BF4: 08:51:29 [TUniServerModule]:Start Path = C:\Projetos_WEB\ERP_Importa\
ERPImporta.exe: 00001BF4: 08:51:29 [TUniServerModule]:Debug Mode = ON
ERPImporta.exe: 00001BF4: 08:51:30 [TUniServerModule]:Starting HTTP Server on Port: 8077...
ERPImporta.exe: 00001BF4: 08:51:30 [TUniServerModule]:HTTP Server Started on Port: 8077
ERPImporta.exe: 0000365C: 08:52:24 []:>--------------------------------------------------------------<
ERPImporta.exe: 0000365C: 08:52:24 [TUniServerModule]:Server First Init.
ERPImporta.exe: 0000365C: 08:52:24 [TUniServerModule]:Start Path = C:\Projetos_WEB\ERP_Importa\
ERPImporta.exe: 0000365C: 08:52:24 [TUniServerModule]:Debug Mode = ON
ERPImporta.exe: 0000365C: 08:52:24 [TUniGUISessionManager]:Cache erase job created, Folder count: [1]
ERPImporta.exe: 0000365C: 08:52:24 [TUniServerModule]:Starting HTTP Server on Port: 8077...
ERPImporta.exe: 0000365C: 08:52:24 [TUniServerModule]:HTTP Server Started on Port: 8077
ERPImporta.exe: 0000306C: 08:52:26 [127.0.0.1]:EUniSessionException : Sessão inváilda ou tempo da sessão expirado. (Session not found: SLStHTsoU410D304E6E ) : Addr: $007CEB26
ERPImporta.exe: 0000313C: 08:54:35 []:>--------------------------------------------------------------<
ERPImporta.exe: 0000313C: 08:54:35 [TUniServerModule]:Server First Init.
ERPImporta.exe: 0000313C: 08:54:35 [TUniServerModule]:Start Path = C:\Projetos_WEB\ERP_Importa\
ERPImporta.exe: 0000313C: 08:54:35 [TUniServerModule]:Debug Mode = ON
ERPImporta.exe: 0000313C: 08:54:36 [TUniServerModule]:Starting HTTP Server on Port: 8077...
ERPImporta.exe: 0000313C: 08:54:36 [TUniServerModule]:HTTP Server Started on Port: 8077
ERPImporta.exe: 000021E8: 09:01:24 []:>--------------------------------------------------------------<
ERPImporta.exe: 000021E8: 09:01:24 [TUniServerModule]:Server First Init.
ERPImporta.exe: 000021E8: 09:01:24 [TUniServerModule]:Start Path = C:\Projetos_WEB\ERP_Importa\
ERPImporta.exe: 000021E8: 09:01:24 [TUniServerModule]:Debug Mode = ON
ERPImporta.exe: 000021E8: 09:01:24 [TUniServerModule]:Starting HTTP Server on Port: 8077...
ERPImporta.exe: 000021E8: 09:01:24 [TUniServerModule]:HTTP Server Started on Port: 8077
ERPImporta.exe: 00002E5C: 09:04:50 []:>--------------------------------------------------------------<
ERPImporta.exe: 00002E5C: 09:04:50 [TUniServerModule]:Server First Init.
ERPImporta.exe: 00002E5C: 09:04:50 [TUniServerModule]:Start Path = C:\Projetos_WEB\ERP_Importa\
ERPImporta.exe: 00002E5C: 09:04:50 [TUniServerModule]:Debug Mode = ON
ERPImporta.exe: 00002E5C: 09:04:50 [TUniGUISessionManager]:Cache erase job created, Folder count: [1]
ERPImporta.exe: 00002E5C: 09:04:51 [TUniServerModule]:Starting HTTP Server on Port: 8077...
ERPImporta.exe: 00002E5C: 09:04:51 [TUniServerModule]:HTTP Server Started on Port: 8077
ERPImporta.exe: 000024C4: 09:04:51 [127.0.0.1]:EUniSessionException : Sessão inváilda ou tempo da sessão expirado. (Session not found: b4TLbaVjJL10D30511E ) : Addr: $007CEB26
ERPImporta.exe: 00002364: 09:04:51 [127.0.0.1]:EUniSessionException : Sessão inváilda ou tempo da sessão expirado. (Session not found: b4TLbaVjJL10D30511E ) : Addr: $007CEB26
ERPImporta.exe: 00003DD4: 09:04:51 [127.0.0.1]:EUniSessionException : Sessão inváilda ou tempo da sessão expirado. (Session not found: b4TLbaVjJL10D30511E ) : Addr: $007CEB26
ERPImporta.exe: 000011E8: 09:04:51 [127.0.0.1]:EUniSessionException : Sessão inváilda ou tempo da sessão expirado. (Session not found: b4TLbaVjJL10D30511E ) : Addr: $007CEB26
ERPImporta.exe: 0000336C: 09:04:51 [127.0.0.1]:EUniSessionException : Sessão inváilda ou tempo da sessão expirado. (Session not found: b4TLbaVjJL10D30511E ) : Addr: $007CEB26
ERPImporta.exe: 00000E84: 09:04:51 [127.0.0.1]:EUniSessionException : Sessão inváilda ou tempo da sessão expirado. (Session not found: b4TLbaVjJL10D30511E ) : Addr: $007CEB26
ERPImporta.exe: 0000164C: 09:06:25 []:>--------------------------------------------------------------<
ERPImporta.exe: 0000164C: 09:06:25 [TUniServerModule]:Server First Init.
ERPImporta.exe: 0000164C: 09:06:25 [TUniServerModule]:Start Path = C:\Projetos_WEB\ERP_Importa\
ERPImporta.exe: 0000164C: 09:06:25 [TUniServerModule]:Debug Mode = ON
ERPImporta.exe: 0000164C: 09:06:26 [TUniServerModule]:Starting HTTP Server on Port: 8077...
ERPImporta.exe: 0000164C: 09:06:26 [TUniServerModule]:HTTP Server Started on Port: 8077
ERPImporta.exe: 00002A7C: 09:09:26 []:>--------------------------------------------------------------<
ERPImporta.exe: 00002A7C: 09:09:26 [TUniServerModule]:Server First Init.
ERPImporta.exe: 00002A7C: 09:09:26 [TUniServerModule]:Start Path = C:\Projetos_WEB\ERP_Importa\
ERPImporta.exe: 00002A7C: 09:09:26 [TUniServerModule]:Debug Mode = ON
ERPImporta.exe: 00002A7C: 09:09:27 [TUniServerModule]:Starting HTTP Server on Port: 8077...
ERPImporta.exe: 00002A7C: 09:09:27 [TUniServerModule]:HTTP Server Started on Port: 8077
ERPImporta.exe: 00000E1C: 09:11:57 []:>--------------------------------------------------------------<
ERPImporta.exe: 00000E1C: 09:11:57 [TUniServerModule]:Server First Init.
ERPImporta.exe: 00000E1C: 09:11:57 [TUniServerModule]:Start Path = C:\Projetos_WEB\ERP_Importa\
ERPImporta.exe: 00000E1C: 09:11:57 [TUniServerModule]:Debug Mode = ON
ERPImporta.exe: 00000E1C: 09:11:58 [TUniServerModule]:Starting HTTP Server on Port: 8077...
ERPImporta.exe: 00000E1C: 09:11:58 [TUniServerModule]:HTTP Server Started on Port: 8077
ERPImporta.exe: 00003878: 09:14:33 []:>--------------------------------------------------------------<
ERPImporta.exe: 00003878: 09:14:33 [TUniServerModule]:Server First Init.
ERPImporta.exe: 00003878: 09:14:33 [TUniServerModule]:Start Path = C:\Projetos_WEB\ERP_Importa\
ERPImporta.exe: 00003878: 09:14:33 [TUniServerModule]:Debug Mode = ON
ERPImporta.exe: 00003878: 09:14:34 [TUniServerModule]:Starting HTTP Server on Port: 8077...
ERPImporta.exe: 00003878: 09:14:34 [TUniServerModule]:HTTP Server Started on Port: 8077
ERPImporta.exe: 00000B84: 09:15:14 []:>--------------------------------------------------------------<
ERPImporta.exe: 00000B84: 09:15:14 [TUniServerModule]:Server First Init.
ERPImporta.exe: 00000B84: 09:15:14 [TUniServerModule]:Start Path = C:\Projetos_WEB\ERP_Importa\
ERPImporta.exe: 00000B84: 09:15:14 [TUniServerModule]:Debug Mode = ON
ERPImporta.exe: 00000B84: 09:15:14 [TUniGUISessionManager]:Cache erase job created, Folder count: [1]
ERPImporta.exe: 00000B84: 09:15:15 [TUniServerModule]:Starting HTTP Server on Port: 8077...
ERPImporta.exe: 00000B84: 09:15:15 [TUniServerModule]:HTTP Server Started on Port: 8077
ERPImporta.exe: 00002080: 09:15:37 [127.0.0.1]:EDatabaseError : 'Missão diplomática ou representação de organismo internacional' is not a valid integer value for field 'Tipo_Importador' : Addr: $0065757F
ERPImporta.exe: 00002080: 09:15:42 [127.0.0.1]:EDatabaseError : 'Missão diplomática ou representação de organismo internacional' is not a valid integer value for field 'Tipo_Importador' : Addr: $0065757F
ERPImporta.exe: 00002AE0: 09:17:53 []:>--------------------------------------------------------------<
ERPImporta.exe: 00002AE0: 09:17:53 [TUniServerModule]:Server First Init.
ERPImporta.exe: 00002AE0: 09:17:53 [TUniServerModule]:Start Path = C:\Projetos_WEB\ERP_Importa\
ERPImporta.exe: 00002AE0: 09:17:53 [TUniServerModule]:Debug Mode = ON
ERPImporta.exe: 00002AE0: 09:17:54 [TUniServerModule]:Starting HTTP Server on Port: 8077...
ERPImporta.exe: 00002AE0: 09:17:54 [TUniServerModule]:HTTP Server Started on Port: 8077
ERPImporta.exe: 00001EFC: 09:19:03 []:>--------------------------------------------------------------<
ERPImporta.exe: 00001EFC: 09:19:03 [TUniServerModule]:Server First Init.
ERPImporta.exe: 00001EFC: 09:19:03 [TUniServerModule]:Start Path = C:\Projetos_WEB\ERP_Importa\
ERPImporta.exe: 00001EFC: 09:19:03 [TUniServerModule]:Debug Mode = ON
ERPImporta.exe: 00001EFC: 09:19:03 [TUniServerModule]:Starting HTTP Server on Port: 8077...
ERPImporta.exe: 00001EFC: 09:19:04 [TUniServerModule]:HTTP Server Started on Port: 8077
ERPImporta.exe: 0000381C: 09:20:21 []:>--------------------------------------------------------------<
ERPImporta.exe: 0000381C: 09:20:21 [TUniServerModule]:Server First Init.
ERPImporta.exe: 0000381C: 09:20:21 [TUniServerModule]:Start Path = C:\Projetos_WEB\ERP_Importa\
ERPImporta.exe: 0000381C: 09:20:21 [TUniServerModule]:Debug Mode = ON
ERPImporta.exe: 0000381C: 09:20:21 [TUniGUISessionManager]:Cache erase job created, Folder count: [1]
ERPImporta.exe: 0000381C: 09:20:22 [TUniServerModule]:Starting HTTP Server on Port: 8077...
ERPImporta.exe: 0000381C: 09:20:22 [TUniServerModule]:HTTP Server Started on Port: 8077
ERPImporta.exe: 0000203C: 09:20:50 []:>--------------------------------------------------------------<
ERPImporta.exe: 0000203C: 09:20:50 [TUniServerModule]:Server First Init.
ERPImporta.exe: 0000203C: 09:20:50 [TUniServerModule]:Start Path = C:\Projetos_WEB\ERP_Importa\
ERPImporta.exe: 0000203C: 09:20:50 [TUniServerModule]:Debug Mode = ON
ERPImporta.exe: 0000203C: 09:20:50 [TUniServerModule]:Starting HTTP Server on Port: 8077...
ERPImporta.exe: 0000203C: 09:20:50 [TUniServerModule]:HTTP Server Started on Port: 8077
ERPImporta.exe: 00002D70: 09:25:56 []:>--------------------------------------------------------------<
ERPImporta.exe: 00002D70: 09:25:56 [TUniServerModule]:Server First Init.
ERPImporta.exe: 00002D70: 09:25:56 [TUniServerModule]:Start Path = C:\Projetos_WEB\ERP_Importa\
ERPImporta.exe: 00002D70: 09:25:56 [TUniServerModule]:Debug Mode = ON
ERPImporta.exe: 00002D70: 09:25:57 [TUniServerModule]:Starting HTTP Server on Port: 8077...
ERPImporta.exe: 00002D70: 09:25:57 [TUniServerModule]:HTTP Server Started on Port: 8077
ERPImporta.exe: 00001D70: 09:27:42 []:>--------------------------------------------------------------<
ERPImporta.exe: 00001D70: 09:27:42 [TUniServerModule]:Server First Init.
ERPImporta.exe: 00001D70: 09:27:42 [TUniServerModule]:Start Path = C:\Projetos_WEB\ERP_Importa\
ERPImporta.exe: 00001D70: 09:27:42 [TUniServerModule]:Debug Mode = ON
ERPImporta.exe: 00001D70: 09:27:42 [TUniServerModule]:Starting HTTP Server on Port: 8077...
ERPImporta.exe: 00001D70: 09:27:42 [TUniServerModule]:HTTP Server Started on Port: 8077
ERPImporta.exe: 000008BC: 09:37:11 []:>--------------------------------------------------------------<
ERPImporta.exe: 000008BC: 09:37:11 [TUniServerModule]:Server First Init.
ERPImporta.exe: 000008BC: 09:37:11 [TUniServerModule]:Start Path = C:\Projetos_WEB\ERP_Importa\
ERPImporta.exe: 000008BC: 09:37:11 [TUniServerModule]:Debug Mode = ON
ERPImporta.exe: 000008BC: 09:37:11 [TUniServerModule]:Starting HTTP Server on Port: 8077...
ERPImporta.exe: 000008BC: 09:37:11 [TUniServerModule]:HTTP Server Started on Port: 8077
ERPImporta.exe: 00003C70: 09:44:03 []:>--------------------------------------------------------------<
ERPImporta.exe: 00003C70: 09:44:03 [TUniServerModule]:Server First Init.
ERPImporta.exe: 00003C70: 09:44:03 [TUniServerModule]:Start Path = C:\Projetos_WEB\ERP_Importa\
ERPImporta.exe: 00003C70: 09:44:03 [TUniServerModule]:Debug Mode = ON
ERPImporta.exe: 00003C70: 09:44:03 [TUniGUISessionManager]:Cache erase job created, Folder count: [1]
ERPImporta.exe: 00003C70: 09:44:04 [TUniServerModule]:Starting HTTP Server on Port: 8077...
ERPImporta.exe: 00003C70: 09:44:04 [TUniServerModule]:HTTP Server Started on Port: 8077
ERPImporta.exe: 00000388: 09:45:19 []:>--------------------------------------------------------------<
ERPImporta.exe: 00000388: 09:45:19 [TUniServerModule]:Server First Init.
ERPImporta.exe: 00000388: 09:45:19 [TUniServerModule]:Start Path = C:\Projetos_WEB\ERP_Importa\
ERPImporta.exe: 00000388: 09:45:19 [TUniServerModule]:Debug Mode = ON
ERPImporta.exe: 00000388: 09:45:19 [TUniGUISessionManager]:Cache erase job created, Folder count: [1]
ERPImporta.exe: 00000388: 09:45:19 [TUniServerModule]:Starting HTTP Server on Port: 8077...
ERPImporta.exe: 00000388: 09:45:20 [TUniServerModule]:HTTP Server Started on Port: 8077
ERPImporta.exe: 00001BAC: 09:46:03 [127.0.0.1]:EDatabaseError : 'Pessoa jurídica' is not a valid integer value for field 'Tipo_Importador' : Addr: $0065757F
ERPImporta.exe: 00001BAC: 09:46:05 [127.0.0.1]:EDatabaseError : 'Pessoa jurídica' is not a valid integer value for field 'Tipo_Importador' : Addr: $0065757F
ERPImporta.exe: 0000104C: 09:51:59 []:>--------------------------------------------------------------<
ERPImporta.exe: 0000104C: 09:51:59 [TUniServerModule]:Server First Init.
ERPImporta.exe: 0000104C: 09:51:59 [TUniServerModule]:Start Path = C:\Projetos_WEB\ERP_Importa\
ERPImporta.exe: 0000104C: 09:51:59 [TUniServerModule]:Debug Mode = ON
ERPImporta.exe: 0000104C: 09:51:59 [TUniServerModule]:Starting HTTP Server on Port: 8077...
ERPImporta.exe: 0000104C: 09:51:59 [TUniServerModule]:HTTP Server Started on Port: 8077
ERPImporta.exe: 00003558: 09:53:58 []:>--------------------------------------------------------------<
ERPImporta.exe: 00003558: 09:53:58 [TUniServerModule]:Server First Init.
ERPImporta.exe: 00003558: 09:53:58 [TUniServerModule]:Start Path = C:\Projetos_WEB\ERP_Importa\
ERPImporta.exe: 00003558: 09:53:58 [TUniServerModule]:Debug Mode = ON
ERPImporta.exe: 00003558: 09:53:59 [TUniServerModule]:Starting HTTP Server on Port: 8077...
ERPImporta.exe: 00003558: 09:53:59 [TUniServerModule]:HTTP Server Started on Port: 8077
ERPImporta.exe: 00000964: 10:12:16 []:>--------------------------------------------------------------<
ERPImporta.exe: 00000964: 10:12:16 [TUniServerModule]:Server First Init.
ERPImporta.exe: 00000964: 10:12:16 [TUniServerModule]:Start Path = C:\Projetos_WEB\ERP_Importa\
ERPImporta.exe: 00000964: 10:12:16 [TUniServerModule]:Debug Mode = ON
ERPImporta.exe: 00000964: 10:12:16 [TUniServerModule]:Starting HTTP Server on Port: 8077...
ERPImporta.exe: 00000964: 10:12:16 [TUniServerModule]:HTTP Server Started on Port: 8077
ERPImporta.exe: 00001968: 10:25:07 []:>--------------------------------------------------------------<
ERPImporta.exe: 00001968: 10:25:07 [TUniServerModule]:Server First Init.
ERPImporta.exe: 00001968: 10:25:07 [TUniServerModule]:Start Path = C:\Projetos_WEB\ERP_Importa\
ERPImporta.exe: 00001968: 10:25:07 [TUniServerModule]:Debug Mode = ON
ERPImporta.exe: 00001968: 10:25:08 [TUniServerModule]:Starting HTTP Server on Port: 8077...
ERPImporta.exe: 00001968: 10:25:08 [TUniServerModule]:HTTP Server Started on Port: 8077
ERPImporta.exe: 00003CAC: 10:26:32 []:>--------------------------------------------------------------<
ERPImporta.exe: 00003CAC: 10:26:32 [TUniServerModule]:Server First Init.
ERPImporta.exe: 00003CAC: 10:26:32 [TUniServerModule]:Start Path = C:\Projetos_WEB\ERP_Importa\
ERPImporta.exe: 00003CAC: 10:26:32 [TUniServerModule]:Debug Mode = ON
ERPImporta.exe: 00003CAC: 10:26:33 [TUniServerModule]:Starting HTTP Server on Port: 8077...
ERPImporta.exe: 00003CAC: 10:26:33 [TUniServerModule]:HTTP Server Started on Port: 8077
ERPImporta.exe: 00003158: 10:27:32 []:>--------------------------------------------------------------<
ERPImporta.exe: 00003158: 10:27:32 [TUniServerModule]:Server First Init.
ERPImporta.exe: 00003158: 10:27:32 [TUniServerModule]:Start Path = C:\Projetos_WEB\ERP_Importa\
ERPImporta.exe: 00003158: 10:27:32 [TUniServerModule]:Debug Mode = ON
ERPImporta.exe: 00003158: 10:27:32 [TUniServerModule]:Starting HTTP Server on Port: 8077...
ERPImporta.exe: 00003158: 10:27:32 [TUniServerModule]:HTTP Server Started on Port: 8077
ERPImporta.exe: 00001430: 10:30:06 []:>--------------------------------------------------------------<
ERPImporta.exe: 00001430: 10:30:06 [TUniServerModule]:Server First Init.
ERPImporta.exe: 00001430: 10:30:06 [TUniServerModule]:Start Path = C:\Projetos_WEB\ERP_Importa\
ERPImporta.exe: 00001430: 10:30:06 [TUniServerModule]:Debug Mode = ON
ERPImporta.exe: 00001430: 10:30:06 [TUniServerModule]:Starting HTTP Server on Port: 8077...
ERPImporta.exe: 00001430: 10:30:06 [TUniServerModule]:HTTP Server Started on Port: 8077
ERPImporta.exe: 00003D58: 10:30:49 []:>--------------------------------------------------------------<
ERPImporta.exe: 00003D58: 10:30:49 [TUniServerModule]:Server First Init.
ERPImporta.exe: 00003D58: 10:30:49 [TUniServerModule]:Start Path = C:\Projetos_WEB\ERP_Importa\
ERPImporta.exe: 00003D58: 10:30:49 [TUniServerModule]:Debug Mode = ON
ERPImporta.exe: 00003D58: 10:30:49 [TUniGUISessionManager]:Cache erase job created, Folder count: [1]
ERPImporta.exe: 00003D58: 10:30:50 [TUniServerModule]:Starting HTTP Server on Port: 8077...
ERPImporta.exe: 00003D58: 10:30:50 [TUniServerModule]:HTTP Server Started on Port: 8077
ERPImporta.exe: 00002E64: 10:34:41 []:>--------------------------------------------------------------<
ERPImporta.exe: 00002E64: 10:34:41 [TUniServerModule]:Server First Init.
ERPImporta.exe: 00002E64: 10:34:41 [TUniServerModule]:Start Path = C:\Projetos_WEB\ERP_Importa\
ERPImporta.exe: 00002E64: 10:34:41 [TUniServerModule]:Debug Mode = ON
ERPImporta.exe: 00002E64: 10:34:41 [TUniServerModule]:Starting HTTP Server on Port: 8077...
ERPImporta.exe: 00002E64: 10:34:41 [TUniServerModule]:HTTP Server Started on Port: 8077
ERPImporta.exe: 000036C4: 10:35:52 []:>--------------------------------------------------------------<
ERPImporta.exe: 000036C4: 10:35:52 [TUniServerModule]:Server First Init.
ERPImporta.exe: 000036C4: 10:35:52 [TUniServerModule]:Start Path = C:\Projetos_WEB\ERP_Importa\
ERPImporta.exe: 000036C4: 10:35:52 [TUniServerModule]:Debug Mode = ON
ERPImporta.exe: 000036C4: 10:35:52 [TUniServerModule]:Starting HTTP Server on Port: 8077...
ERPImporta.exe: 000036C4: 10:35:52 [TUniServerModule]:HTTP Server Started on Port: 8077
ERPImporta.exe: 00003384: 10:36:09 []:>--------------------------------------------------------------<
ERPImporta.exe: 00003384: 10:36:09 [TUniServerModule]:Server First Init.
ERPImporta.exe: 00003384: 10:36:09 [TUniServerModule]:Start Path = C:\Projetos_WEB\ERP_Importa\
ERPImporta.exe: 00003384: 10:36:09 [TUniServerModule]:Debug Mode = ON
ERPImporta.exe: 00003384: 10:36:10 [TUniServerModule]:Starting HTTP Server on Port: 8077...
ERPImporta.exe: 00003384: 10:36:10 [TUniServerModule]:HTTP Server Started on Port: 8077
ERPImporta.exe: 000032A4: 10:37:07 []:>--------------------------------------------------------------<
ERPImporta.exe: 000032A4: 10:37:07 [TUniServerModule]:Server First Init.
ERPImporta.exe: 000032A4: 10:37:07 [TUniServerModule]:Start Path = C:\Projetos_WEB\ERP_Importa\
ERPImporta.exe: 000032A4: 10:37:07 [TUniServerModule]:Debug Mode = ON
ERPImporta.exe: 000032A4: 10:37:08 [TUniServerModule]:Starting HTTP Server on Port: 8077...
ERPImporta.exe: 000032A4: 10:37:08 [TUniServerModule]:HTTP Server Started on Port: 8077
ERPImporta.exe: 00003958: 10:38:40 []:>--------------------------------------------------------------<
ERPImporta.exe: 00003958: 10:38:40 [TUniServerModule]:Server First Init.
ERPImporta.exe: 00003958: 10:38:40 [TUniServerModule]:Start Path = C:\Projetos_WEB\ERP_Importa\
ERPImporta.exe: 00003958: 10:38:40 [TUniServerModule]:Debug Mode = ON
ERPImporta.exe: 00003958: 10:38:40 [TUniGUISessionManager]:Cache erase job created, Folder count: [1]
ERPImporta.exe: 00003958: 10:38:41 [TUniServerModule]:Starting HTTP Server on Port: 8077...
ERPImporta.exe: 00003958: 10:38:41 [TUniServerModule]:HTTP Server Started on Port: 8077
ERPImporta.exe: 00003C18: 10:45:04 []:>--------------------------------------------------------------<
ERPImporta.exe: 00003C18: 10:45:04 [TUniServerModule]:Server First Init.
ERPImporta.exe: 00003C18: 10:45:04 [TUniServerModule]:Start Path = C:\Projetos_WEB\ERP_Importa\
ERPImporta.exe: 00003C18: 10:45:04 [TUniServerModule]:Debug Mode = ON
ERPImporta.exe: 00003C18: 10:45:04 [TUniGUISessionManager]:Cache erase job created, Folder count: [1]
ERPImporta.exe: 00003C18: 10:45:04 [TUniServerModule]:Starting HTTP Server on Port: 8077...
ERPImporta.exe: 00003C18: 10:45:04 [TUniServerModule]:HTTP Server Started on Port: 8077
ERPImporta.exe: 000007B4: 10:45:04 [127.0.0.1]:EUniSessionException : Sessão inváilda ou tempo da sessão expirado. (Session not found: 2PlFAQajKu10D306B81 ) : Addr: $007CEB26
ERPImporta.exe: 00003178: 10:45:07 [127.0.0.1]:EUniSessionException : Sessão inváilda ou tempo da sessão expirado. (Session not found: LHpCSyr4mJ10D306B16 ) : Addr: $007CEB26
ERPImporta.exe: 0000231C: 10:45:07 [127.0.0.1]:EUniSessionException : Sessão inváilda ou tempo da sessão expirado. (Session not found: LHpCSyr4mJ10D306B16 ) : Addr: $007CEB26
ERPImporta.exe: 00002520: 10:45:07 [127.0.0.1]:EUniSessionException : Sessão inváilda ou tempo da sessão expirado. (Session not found: LHpCSyr4mJ10D306B16 ) : Addr: $007CEB26
ERPImporta.exe: 00001084: 10:45:07 [127.0.0.1]:EUniSessionException : Sessão inváilda ou tempo da sessão expirado. (Session not found: LHpCSyr4mJ10D306B16 ) : Addr: $007CEB26
ERPImporta.exe: 0000078C: 10:46:33 []:>--------------------------------------------------------------<
ERPImporta.exe: 0000078C: 10:46:33 [TUniServerModule]:Server First Init.
ERPImporta.exe: 0000078C: 10:46:33 [TUniServerModule]:Start Path = C:\Projetos_WEB\ERP_Importa\
ERPImporta.exe: 0000078C: 10:46:33 [TUniServerModule]:Debug Mode = ON
ERPImporta.exe: 0000078C: 10:46:34 [TUniServerModule]:Starting HTTP Server on Port: 8077...
ERPImporta.exe: 0000078C: 10:46:34 [TUniServerModule]:HTTP Server Started on Port: 8077
ERPImporta.exe: 00003728: 10:46:46 [127.0.0.1]:EVariantTypeCastError : Could not convert variant of type (UnicodeString) into type (Date) : Addr: $0043B988
ERPImporta.exe: 000005CC: 10:49:13 []:>--------------------------------------------------------------<
ERPImporta.exe: 000005CC: 10:49:13 [TUniServerModule]:Server First Init.
ERPImporta.exe: 000005CC: 10:49:13 [TUniServerModule]:Start Path = C:\Projetos_WEB\ERP_Importa\
ERPImporta.exe: 000005CC: 10:49:13 [TUniServerModule]:Debug Mode = ON
ERPImporta.exe: 000005CC: 10:49:13 [TUniServerModule]:Starting HTTP Server on Port: 8077...
ERPImporta.exe: 000005CC: 10:49:14 [TUniServerModule]:HTTP Server Started on Port: 8077
ERPImporta.exe: 00003DF8: 10:53:21 []:>--------------------------------------------------------------<
ERPImporta.exe: 00003DF8: 10:53:21 [TUniServerModule]:Server First Init.
ERPImporta.exe: 00003DF8: 10:53:21 [TUniServerModule]:Start Path = C:\Projetos_WEB\ERP_Importa\
ERPImporta.exe: 00003DF8: 10:53:21 [TUniServerModule]:Debug Mode = ON
ERPImporta.exe: 00003DF8: 10:53:21 [TUniGUISessionManager]:Cache erase job created, Folder count: [1]
ERPImporta.exe: 00003DF8: 10:53:21 [TUniServerModule]:Starting HTTP Server on Port: 8077...
ERPImporta.exe: 00003DF8: 10:53:21 [TUniServerModule]:HTTP Server Started on Port: 8077
ERPImporta.exe: 00002910: 10:53:43 [127.0.0.1]:EUniSessionException : Sessão inváilda ou tempo da sessão expirado. (Session not found: naRBeNqzPK10D306E5E ) : Addr: $007CEC46
ERPImporta.exe: 00003E78: 10:53:43 [127.0.0.1]:EUniSessionException : Sessão inváilda ou tempo da sessão expirado. (Session not found: naRBeNqzPK10D306E5E ) : Addr: $007CEC46
ERPImporta.exe: 0000233C: 10:53:43 [127.0.0.1]:EUniSessionException : Sessão inváilda ou tempo da sessão expirado. (Session not found: naRBeNqzPK10D306E5E ) : Addr: $007CEC46
ERPImporta.exe: 00003754: 10:53:43 [127.0.0.1]:EUniSessionException : Sessão inváilda ou tempo da sessão expirado. (Session not found: naRBeNqzPK10D306E5E ) : Addr: $007CEC46
ERPImporta.exe: 0000229C: 10:54:56 []:>--------------------------------------------------------------<
ERPImporta.exe: 0000229C: 10:54:56 [TUniServerModule]:Server First Init.
ERPImporta.exe: 0000229C: 10:54:56 [TUniServerModule]:Start Path = C:\Projetos_WEB\ERP_Importa\
ERPImporta.exe: 0000229C: 10:54:56 [TUniServerModule]:Debug Mode = ON
ERPImporta.exe: 0000229C: 10:54:57 [TUniServerModule]:Starting HTTP Server on Port: 8077...
ERPImporta.exe: 0000229C: 10:54:57 [TUniServerModule]:HTTP Server Started on Port: 8077
ERPImporta.exe: 000008BC: 10:57:07 []:>--------------------------------------------------------------<
ERPImporta.exe: 000008BC: 10:57:07 [TUniServerModule]:Server First Init.
ERPImporta.exe: 000008BC: 10:57:07 [TUniServerModule]:Start Path = C:\Projetos_WEB\ERP_Importa\
ERPImporta.exe: 000008BC: 10:57:07 [TUniServerModule]:Debug Mode = ON
ERPImporta.exe: 000008BC: 10:57:07 [TUniGUISessionManager]:Cache erase job created, Folder count: [1]
ERPImporta.exe: 000008BC: 10:57:08 [TUniServerModule]:Starting HTTP Server on Port: 8077...
ERPImporta.exe: 000008BC: 10:57:08 [TUniServerModule]:HTTP Server Started on Port: 8077
ERPImporta.exe: 00003318: 10:59:35 []:>--------------------------------------------------------------<
ERPImporta.exe: 00003318: 10:59:35 [TUniServerModule]:Server First Init.
ERPImporta.exe: 00003318: 10:59:35 [TUniServerModule]:Start Path = C:\Projetos_WEB\ERP_Importa\
ERPImporta.exe: 00003318: 10:59:35 [TUniServerModule]:Debug Mode = ON
ERPImporta.exe: 00003318: 10:59:36 [TUniServerModule]:Starting HTTP Server on Port: 8077...
ERPImporta.exe: 00003318: 10:59:36 [TUniServerModule]:HTTP Server Started on Port: 8077
ERPImporta.exe: 00003CF0: 11:01:43 []:>--------------------------------------------------------------<
ERPImporta.exe: 00003CF0: 11:01:43 [TUniServerModule]:Server First Init.
ERPImporta.exe: 00003CF0: 11:01:43 [TUniServerModule]:Start Path = C:\Projetos_WEB\ERP_Importa\
ERPImporta.exe: 00003CF0: 11:01:43 [TUniServerModule]:Debug Mode = ON
ERPImporta.exe: 00003CF0: 11:01:43 [TUniGUISessionManager]:Cache erase job created, Folder count: [1]
ERPImporta.exe: 00003CF0: 11:01:43 [TUniServerModule]:Starting HTTP Server on Port: 8077...
ERPImporta.exe: 00003CF0: 11:01:43 [TUniServerModule]:HTTP Server Started on Port: 8077
ERPImporta.exe: 000030DC: 11:05:42 []:>--------------------------------------------------------------<
ERPImporta.exe: 000030DC: 11:05:42 [TUniServerModule]:Server First Init.
ERPImporta.exe: 000030DC: 11:05:42 [TUniServerModule]:Start Path = C:\Projetos_WEB\ERP_Importa\
ERPImporta.exe: 000030DC: 11:05:42 [TUniServerModule]:Debug Mode = ON
ERPImporta.exe: 000030DC: 11:05:42 [TUniServerModule]:Starting HTTP Server on Port: 8077...
ERPImporta.exe: 000030DC: 11:05:42 [TUniServerModule]:HTTP Server Started on Port: 8077
ERPImporta.exe: 00001CCC: 11:06:01 [127.0.0.1]:EDatabaseError : 'Antecipado c/ Entrega Fracionada' is not a valid integer value for field 'Modalidade_Despacho' : Addr: $0065769F
ERPImporta.exe: 00001CCC: 11:06:03 [127.0.0.1]:EDatabaseError : 'Antecipado c/ Entrega Fracionada' is not a valid integer value for field 'Modalidade_Despacho' : Addr: $0065769F
ERPImporta.exe: 000035F4: 11:23:33 []:>--------------------------------------------------------------<
ERPImporta.exe: 000035F4: 11:23:33 [TUniServerModule]:Server First Init.
ERPImporta.exe: 000035F4: 11:23:33 [TUniServerModule]:Start Path = C:\Projetos_WEB\ERP_Importa\
ERPImporta.exe: 000035F4: 11:23:33 [TUniServerModule]:Debug Mode = ON
ERPImporta.exe: 000035F4: 11:23:34 [TUniServerModule]:Starting HTTP Server on Port: 8077...
ERPImporta.exe: 000035F4: 11:23:34 [TUniServerModule]:HTTP Server Started on Port: 8077
ERPImporta.exe: 0000149C: 11:35:20 []:>--------------------------------------------------------------<
ERPImporta.exe: 0000149C: 11:35:20 [TUniServerModule]:Server First Init.
ERPImporta.exe: 0000149C: 11:35:20 [TUniServerModule]:Start Path = C:\Projetos_WEB\ERP_Importa\
ERPImporta.exe: 0000149C: 11:35:20 [TUniServerModule]:Debug Mode = ON
ERPImporta.exe: 0000149C: 11:35:20 [TUniGUISessionManager]:Cache erase job created, Folder count: [1]
ERPImporta.exe: 0000149C: 11:35:20 [TUniServerModule]:Starting HTTP Server on Port: 8077...
ERPImporta.exe: 0000149C: 11:35:21 [TUniServerModule]:HTTP Server Started on Port: 8077
ERPImporta.exe: 000021E0: 11:36:33 []:>--------------------------------------------------------------<
ERPImporta.exe: 000021E0: 11:36:33 [TUniServerModule]:Server First Init.
ERPImporta.exe: 000021E0: 11:36:33 [TUniServerModule]:Start Path = C:\Projetos_WEB\ERP_Importa\
ERPImporta.exe: 000021E0: 11:36:33 [TUniServerModule]:Debug Mode = ON
ERPImporta.exe: 000021E0: 11:36:34 [TUniServerModule]:Starting HTTP Server on Port: 8077...
ERPImporta.exe: 000021E0: 11:36:34 [TUniServerModule]:HTTP Server Started on Port: 8077
ERPImporta.exe: 00003924: 11:37:37 []:>--------------------------------------------------------------<
ERPImporta.exe: 00003924: 11:37:37 [TUniServerModule]:Server First Init.
ERPImporta.exe: 00003924: 11:37:37 [TUniServerModule]:Start Path = C:\Projetos_WEB\ERP_Importa\
ERPImporta.exe: 00003924: 11:37:37 [TUniServerModule]:Debug Mode = ON
ERPImporta.exe: 00003924: 11:37:37 [TUniServerModule]:Starting HTTP Server on Port: 8077...
ERPImporta.exe: 00003924: 11:37:37 [TUniServerModule]:HTTP Server Started on Port: 8077
ERPImporta.exe: 000025C4: 11:38:43 []:>--------------------------------------------------------------<
ERPImporta.exe: 000025C4: 11:38:43 [TUniServerModule]:Server First Init.
ERPImporta.exe: 000025C4: 11:38:43 [TUniServerModule]:Start Path = C:\Projetos_WEB\ERP_Importa\
ERPImporta.exe: 000025C4: 11:38:43 [TUniServerModule]:Debug Mode = ON
ERPImporta.exe: 000025C4: 11:38:43 [TUniGUISessionManager]:Cache erase job created, Folder count: [1]
ERPImporta.exe: 000025C4: 11:38:44 [TUniServerModule]:Starting HTTP Server on Port: 8077...
ERPImporta.exe: 000025C4: 11:38:44 [TUniServerModule]:HTTP Server Started on Port: 8077
ERPImporta.exe: 0000185C: 11:47:15 []:>--------------------------------------------------------------<
ERPImporta.exe: 0000185C: 11:47:15 [TUniServerModule]:Server First Init.
ERPImporta.exe: 0000185C: 11:47:15 [TUniServerModule]:Start Path = C:\Projetos_WEB\ERP_Importa\
ERPImporta.exe: 0000185C: 11:47:15 [TUniServerModule]:Debug Mode = ON
ERPImporta.exe: 0000185C: 11:47:16 [TUniServerModule]:Starting HTTP Server on Port: 8077...
ERPImporta.exe: 0000185C: 11:47:16 [TUniServerModule]:HTTP Server Started on Port: 8077
ERPImporta.exe: 00003D38: 11:48:10 [127.0.0.1]:EUniSessionException : Sessão inváilda ou tempo da sessão expirado. (Session not found: BaqkDFpejm10D307E1C ) : Addr: $007CEC46
ERPImporta.exe: 00001D9C: 11:48:11 [127.0.0.1]:EUniSessionException : Sessão inváilda ou tempo da sessão expirado. (Session not found: BaqkDFpejm10D307E1C ) : Addr: $007CEC46
ERPImporta.exe: 00002E38: 11:52:17 []:>--------------------------------------------------------------<
ERPImporta.exe: 00002E38: 11:52:17 [TUniServerModule]:Server First Init.
ERPImporta.exe: 00002E38: 11:52:17 [TUniServerModule]:Start Path = C:\Projetos_WEB\ERP_Importa\
ERPImporta.exe: 00002E38: 11:52:17 [TUniServerModule]:Debug Mode = ON
ERPImporta.exe: 00002E38: 11:52:17 [TUniServerModule]:Starting HTTP Server on Port: 8077...
ERPImporta.exe: 00002E38: 11:52:18 [TUniServerModule]:HTTP Server Started on Port: 8077
ERPImporta.exe: 00000208: 12:00:48 []:>--------------------------------------------------------------<
ERPImporta.exe: 00000208: 12:00:48 [TUniServerModule]:Server First Init.
ERPImporta.exe: 00000208: 12:00:48 [TUniServerModule]:Start Path = C:\Projetos_WEB\ERP_Importa\
ERPImporta.exe: 00000208: 12:00:48 [TUniServerModule]:Debug Mode = ON
ERPImporta.exe: 00000208: 12:00:48 [TUniServerModule]:Starting HTTP Server on Port: 8077...
ERPImporta.exe: 00000208: 12:00:48 [TUniServerModule]:HTTP Server Started on Port: 8077
ERPImporta.exe: 00002E60: 12:02:35 []:>--------------------------------------------------------------<
ERPImporta.exe: 00002E60: 12:02:35 [TUniServerModule]:Server First Init.
ERPImporta.exe: 00002E60: 12:02:35 [TUniServerModule]:Start Path = C:\Projetos_WEB\ERP_Importa\
ERPImporta.exe: 00002E60: 12:02:35 [TUniServerModule]:Debug Mode = ON
ERPImporta.exe: 00002E60: 12:02:35 [TUniServerModule]:Starting HTTP Server on Port: 8077...
ERPImporta.exe: 00002E60: 12:02:35 [TUniServerModule]:HTTP Server Started on Port: 8077
ERPImporta.exe: 00002848: 12:03:35 []:>--------------------------------------------------------------<
ERPImporta.exe: 00002848: 12:03:35 [TUniServerModule]:Server First Init.
ERPImporta.exe: 00002848: 12:03:35 [TUniServerModule]:Start Path = C:\Projetos_WEB\ERP_Importa\
ERPImporta.exe: 00002848: 12:03:35 [TUniServerModule]:Debug Mode = ON
ERPImporta.exe: 00002848: 12:03:35 [TUniGUISessionManager]:Cache erase job created, Folder count: [1]
ERPImporta.exe: 00002848: 12:03:36 [TUniServerModule]:Starting HTTP Server on Port: 8077...
ERPImporta.exe: 00002848: 12:03:36 [TUniServerModule]:HTTP Server Started on Port: 8077
ERPImporta.exe: 00003AF4: 12:09:43 []:>--------------------------------------------------------------<
ERPImporta.exe: 00003AF4: 12:09:43 [TUniServerModule]:Server First Init.
ERPImporta.exe: 00003AF4: 12:09:43 [TUniServerModule]:Start Path = C:\Projetos_WEB\ERP_Importa\
ERPImporta.exe: 00003AF4: 12:09:43 [TUniServerModule]:Debug Mode = ON
ERPImporta.exe: 00003AF4: 12:09:43 [TUniServerModule]:Starting HTTP Server on Port: 8077...
ERPImporta.exe: 00003AF4: 12:09:44 [TUniServerModule]:HTTP Server Started on Port: 8077
ERPImporta.exe: 0000355C: 12:10:45 []:>--------------------------------------------------------------<
ERPImporta.exe: 0000355C: 12:10:45 [TUniServerModule]:Server First Init.
ERPImporta.exe: 0000355C: 12:10:45 [TUniServerModule]:Start Path = C:\Projetos_WEB\ERP_Importa\
ERPImporta.exe: 0000355C: 12:10:45 [TUniServerModule]:Debug Mode = ON
ERPImporta.exe: 0000355C: 12:10:45 [TUniServerModule]:Starting HTTP Server on Port: 8077...
ERPImporta.exe: 0000355C: 12:10:45 [TUniServerModule]:HTTP Server Started on Port: 8077
ERPImporta.exe: 000033D8: 12:11:56 []:>--------------------------------------------------------------<
ERPImporta.exe: 000033D8: 12:11:56 [TUniServerModule]:Server First Init.
ERPImporta.exe: 000033D8: 12:11:56 [TUniServerModule]:Start Path = C:\Projetos_WEB\ERP_Importa\
ERPImporta.exe: 000033D8: 12:11:56 [TUniServerModule]:Debug Mode = ON
ERPImporta.exe: 000033D8: 12:11:57 [TUniServerModule]:Starting HTTP Server on Port: 8077...
ERPImporta.exe: 000033D8: 12:11:57 [TUniServerModule]:HTTP Server Started on Port: 8077
ERPImporta.exe: 00002B6C: 14:21:51 []:>--------------------------------------------------------------<
ERPImporta.exe: 00002B6C: 14:21:51 [TUniServerModule]:Server First Init.
ERPImporta.exe: 00002B6C: 14:21:51 [TUniServerModule]:Start Path = C:\Projetos_WEB\ERP_Importa\
ERPImporta.exe: 00002B6C: 14:21:51 [TUniServerModule]:Debug Mode = ON
ERPImporta.exe: 00002B6C: 14:21:51 [TUniGUISessionManager]:Cache erase job created, Folder count: [1]
ERPImporta.exe: 00002B6C: 14:21:51 [TUniServerModule]:Starting HTTP Server on Port: 8077...
ERPImporta.exe: 00002B6C: 14:21:51 [TUniServerModule]:HTTP Server Started on Port: 8077
ERPImporta.exe: 000032A4: 14:23:49 []:>--------------------------------------------------------------<
ERPImporta.exe: 000032A4: 14:23:49 [TUniServerModule]:Server First Init.
ERPImporta.exe: 000032A4: 14:23:49 [TUniServerModule]:Start Path = C:\Projetos_WEB\ERP_Importa\
ERPImporta.exe: 000032A4: 14:23:49 [TUniServerModule]:Debug Mode = ON
ERPImporta.exe: 000032A4: 14:23:49 [TUniServerModule]:Starting HTTP Server on Port: 8077...
ERPImporta.exe: 000032A4: 14:23:49 [TUniServerModule]:HTTP Server Started on Port: 8077
ERPImporta.exe: 00000498: 14:25:40 []:>--------------------------------------------------------------<
ERPImporta.exe: 00000498: 14:25:40 [TUniServerModule]:Server First Init.
ERPImporta.exe: 00000498: 14:25:40 [TUniServerModule]:Start Path = C:\Projetos_WEB\ERP_Importa\
ERPImporta.exe: 00000498: 14:25:40 [TUniServerModule]:Debug Mode = ON
ERPImporta.exe: 00000498: 14:25:40 [TUniGUISessionManager]:Cache erase job created, Folder count: [1]
ERPImporta.exe: 00000498: 14:25:41 [TUniServerModule]:Starting HTTP Server on Port: 8077...
ERPImporta.exe: 00000498: 14:25:41 [TUniServerModule]:HTTP Server Started on Port: 8077
ERPImporta.exe: 00002F68: 14:33:07 []:>--------------------------------------------------------------<
ERPImporta.exe: 00002F68: 14:33:07 [TUniServerModule]:Server First Init.
ERPImporta.exe: 00002F68: 14:33:07 [TUniServerModule]:Start Path = C:\Projetos_WEB\ERP_Importa\
ERPImporta.exe: 00002F68: 14:33:07 [TUniServerModule]:Debug Mode = ON
ERPImporta.exe: 00002F68: 14:33:08 [TUniServerModule]:Starting HTTP Server on Port: 8077...
ERPImporta.exe: 00002F68: 14:33:08 [TUniServerModule]:HTTP Server Started on Port: 8077
ERPImporta.exe: 00003DB4: 14:36:42 []:>--------------------------------------------------------------<
ERPImporta.exe: 00003DB4: 14:36:42 [TUniServerModule]:Server First Init.
ERPImporta.exe: 00003DB4: 14:36:42 [TUniServerModule]:Start Path = C:\Projetos_WEB\ERP_Importa\
ERPImporta.exe: 00003DB4: 14:36:42 [TUniServerModule]:Debug Mode = ON
ERPImporta.exe: 00003DB4: 14:36:43 [TUniServerModule]:Starting HTTP Server on Port: 8077...
ERPImporta.exe: 00003DB4: 14:36:43 [TUniServerModule]:HTTP Server Started on Port: 8077
ERPImporta.exe: 000030B4: 14:37:25 []:>--------------------------------------------------------------<
ERPImporta.exe: 000030B4: 14:37:25 [TUniServerModule]:Server First Init.
ERPImporta.exe: 000030B4: 14:37:25 [TUniServerModule]:Start Path = C:\Projetos_WEB\ERP_Importa\
ERPImporta.exe: 000030B4: 14:37:25 [TUniServerModule]:Debug Mode = ON
ERPImporta.exe: 000030B4: 14:37:26 [TUniServerModule]:Starting HTTP Server on Port: 8077...
ERPImporta.exe: 000030B4: 14:37:26 [TUniServerModule]:HTTP Server Started on Port: 8077
ERPImporta.exe: 00002E38: 14:43:46 []:>--------------------------------------------------------------<
ERPImporta.exe: 00002E38: 14:43:46 [TUniServerModule]:Server First Init.
ERPImporta.exe: 00002E38: 14:43:46 [TUniServerModule]:Start Path = C:\Projetos_WEB\ERP_Importa\
ERPImporta.exe: 00002E38: 14:43:46 [TUniServerModule]:Debug Mode = ON
ERPImporta.exe: 00002E38: 14:43:46 [TUniGUISessionManager]:Cache erase job created, Folder count: [1]
ERPImporta.exe: 00002E38: 14:43:46 [TUniServerModule]:Starting HTTP Server on Port: 8077...
ERPImporta.exe: 00002E38: 14:43:46 [TUniServerModule]:HTTP Server Started on Port: 8077
ERPImporta.exe: 0000129C: 14:45:57 []:>--------------------------------------------------------------<
ERPImporta.exe: 0000129C: 14:45:57 [TUniServerModule]:Server First Init.
ERPImporta.exe: 0000129C: 14:45:57 [TUniServerModule]:Start Path = C:\Projetos_WEB\ERP_Importa\
ERPImporta.exe: 0000129C: 14:45:57 [TUniServerModule]:Debug Mode = ON
ERPImporta.exe: 0000129C: 14:45:58 [TUniServerModule]:Starting HTTP Server on Port: 8077...
ERPImporta.exe: 0000129C: 14:45:58 [TUniServerModule]:HTTP Server Started on Port: 8077
ERPImporta.exe: 00002F94: 14:47:06 []:>--------------------------------------------------------------<
ERPImporta.exe: 00002F94: 14:47:06 [TUniServerModule]:Server First Init.
ERPImporta.exe: 00002F94: 14:47:06 [TUniServerModule]:Start Path = C:\Projetos_WEB\ERP_Importa\
ERPImporta.exe: 00002F94: 14:47:06 [TUniServerModule]:Debug Mode = ON
ERPImporta.exe: 00002F94: 14:47:06 [TUniServerModule]:Starting HTTP Server on Port: 8077...
ERPImporta.exe: 00002F94: 14:47:06 [TUniServerModule]:HTTP Server Started on Port: 8077
ERPImporta.exe: 00003404: 14:48:13 []:>--------------------------------------------------------------<
ERPImporta.exe: 00003404: 14:48:13 [TUniServerModule]:Server First Init.
ERPImporta.exe: 00003404: 14:48:13 [TUniServerModule]:Start Path = C:\Projetos_WEB\ERP_Importa\
ERPImporta.exe: 00003404: 14:48:13 [TUniServerModule]:Debug Mode = ON
ERPImporta.exe: 00003404: 14:48:13 [TUniGUISessionManager]:Cache erase job created, Folder count: [1]
ERPImporta.exe: 00003404: 14:48:13 [TUniServerModule]:Starting HTTP Server on Port: 8077...
ERPImporta.exe: 00003404: 14:48:14 [TUniServerModule]:HTTP Server Started on Port: 8077
ERPImporta.exe: 00002EC4: 14:52:08 []:>--------------------------------------------------------------<
ERPImporta.exe: 00002EC4: 14:52:08 [TUniServerModule]:Server First Init.
ERPImporta.exe: 00002EC4: 14:52:08 [TUniServerModule]:Start Path = C:\Projetos_WEB\ERP_Importa\
ERPImporta.exe: 00002EC4: 14:52:08 [TUniServerModule]:Debug Mode = ON
ERPImporta.exe: 00002EC4: 14:52:08 [TUniGUISessionManager]:Cache erase job created, Folder count: [1]
ERPImporta.exe: 00002EC4: 14:52:08 [TUniServerModule]:Starting HTTP Server on Port: 8077...
ERPImporta.exe: 00002EC4: 14:52:08 [TUniServerModule]:HTTP Server Started on Port: 8077
ERPImporta.exe: 00003CC8: 14:59:44 []:>--------------------------------------------------------------<
ERPImporta.exe: 00003CC8: 14:59:44 [TUniServerModule]:Server First Init.
ERPImporta.exe: 00003CC8: 14:59:44 [TUniServerModule]:Start Path = C:\Projetos_WEB\ERP_Importa\
ERPImporta.exe: 00003CC8: 14:59:44 [TUniServerModule]:Debug Mode = ON
ERPImporta.exe: 00003CC8: 14:59:45 [TUniServerModule]:Starting HTTP Server on Port: 8077...
ERPImporta.exe: 00003CC8: 14:59:45 [TUniServerModule]:HTTP Server Started on Port: 8077
ERPImporta.exe: 00000CA4: 15:01:05 []:>--------------------------------------------------------------<
ERPImporta.exe: 00000CA4: 15:01:05 [TUniServerModule]:Server First Init.
ERPImporta.exe: 00000CA4: 15:01:05 [TUniServerModule]:Start Path = C:\Projetos_WEB\ERP_Importa\
ERPImporta.exe: 00000CA4: 15:01:05 [TUniServerModule]:Debug Mode = ON
ERPImporta.exe: 00000CA4: 15:01:05 [TUniServerModule]:Starting HTTP Server on Port: 8077...
ERPImporta.exe: 00000CA4: 15:01:05 [TUniServerModule]:HTTP Server Started on Port: 8077
ERPImporta.exe: 00000CA8: 15:05:03 []:>--------------------------------------------------------------<
ERPImporta.exe: 00000CA8: 15:05:03 [TUniServerModule]:Server First Init.
ERPImporta.exe: 00000CA8: 15:05:03 [TUniServerModule]:Start Path = C:\Projetos_WEB\ERP_Importa\
ERPImporta.exe: 00000CA8: 15:05:03 [TUniServerModule]:Debug Mode = ON
ERPImporta.exe: 00000CA8: 15:05:03 [TUniServerModule]:Starting HTTP Server on Port: 8077...
ERPImporta.exe: 00000CA8: 15:05:03 [TUniServerModule]:HTTP Server Started on Port: 8077
ERPImporta.exe: 00001C4C: 15:07:25 []:>--------------------------------------------------------------<
ERPImporta.exe: 00001C4C: 15:07:25 [TUniServerModule]:Server First Init.
ERPImporta.exe: 00001C4C: 15:07:25 [TUniServerModule]:Start Path = C:\Projetos_WEB\ERP_Importa\
ERPImporta.exe: 00001C4C: 15:07:25 [TUniServerModule]:Debug Mode = ON
ERPImporta.exe: 00001C4C: 15:07:25 [TUniServerModule]:Starting HTTP Server on Port: 8077...
ERPImporta.exe: 00001C4C: 15:07:25 [TUniServerModule]:HTTP Server Started on Port: 8077
ERPImporta.exe: 00003064: 15:08:10 []:>--------------------------------------------------------------<
ERPImporta.exe: 00003064: 15:08:10 [TUniServerModule]:Server First Init.
ERPImporta.exe: 00003064: 15:08:10 [TUniServerModule]:Start Path = C:\Projetos_WEB\ERP_Importa\
ERPImporta.exe: 00003064: 15:08:10 [TUniServerModule]:Debug Mode = ON
ERPImporta.exe: 00003064: 15:08:10 [TUniGUISessionManager]:Cache erase job created, Folder count: [1]
ERPImporta.exe: 00003064: 15:08:11 [TUniServerModule]:Starting HTTP Server on Port: 8077...
ERPImporta.exe: 00003064: 15:08:11 [TUniServerModule]:HTTP Server Started on Port: 8077
ERPImporta.exe: 00002608: 15:09:32 [127.0.0.1]:EUniSessionException : Sessão inváilda ou tempo da sessão expirado. (Session not found: veiboPQZS310D30B468 ) : Addr: $007CEC46
ERPImporta.exe: 00001AB0: 15:10:05 []:>--------------------------------------------------------------<
ERPImporta.exe: 00001AB0: 15:10:05 [TUniServerModule]:Server First Init.
ERPImporta.exe: 00001AB0: 15:10:05 [TUniServerModule]:Start Path = C:\Projetos_WEB\ERP_Importa\
ERPImporta.exe: 00001AB0: 15:10:05 [TUniServerModule]:Debug Mode = ON
ERPImporta.exe: 00001AB0: 15:10:06 [TUniServerModule]:Starting HTTP Server on Port: 8077...
ERPImporta.exe: 00001AB0: 15:10:06 [TUniServerModule]:HTTP Server Started on Port: 8077
ERPImporta.exe: 00003B24: 15:14:12 []:>--------------------------------------------------------------<
ERPImporta.exe: 00003B24: 15:14:12 [TUniServerModule]:Server First Init.
ERPImporta.exe: 00003B24: 15:14:12 [TUniServerModule]:Start Path = C:\Projetos_WEB\ERP_Importa\
ERPImporta.exe: 00003B24: 15:14:12 [TUniServerModule]:Debug Mode = ON
ERPImporta.exe: 00003B24: 15:14:13 [TUniServerModule]:Starting HTTP Server on Port: 8077...
ERPImporta.exe: 00003B24: 15:14:13 [TUniServerModule]:HTTP Server Started on Port: 8077
ERPImporta.exe: 000023D0: 15:15:26 []:>--------------------------------------------------------------<
ERPImporta.exe: 000023D0: 15:15:26 [TUniServerModule]:Server First Init.
ERPImporta.exe: 000023D0: 15:15:26 [TUniServerModule]:Start Path = C:\Projetos_WEB\ERP_Importa\
ERPImporta.exe: 000023D0: 15:15:26 [TUniServerModule]:Debug Mode = ON
ERPImporta.exe: 000023D0: 15:15:27 [TUniServerModule]:Starting HTTP Server on Port: 8077...
ERPImporta.exe: 000023D0: 15:15:27 [TUniServerModule]:HTTP Server Started on Port: 8077
ERPImporta.exe: 00003F1C: 15:16:07 []:>--------------------------------------------------------------<
ERPImporta.exe: 00003F1C: 15:16:07 [TUniServerModule]:Server First Init.
ERPImporta.exe: 00003F1C: 15:16:07 [TUniServerModule]:Start Path = C:\Projetos_WEB\ERP_Importa\
ERPImporta.exe: 00003F1C: 15:16:07 [TUniServerModule]:Debug Mode = ON
ERPImporta.exe: 00003F1C: 15:16:07 [TUniGUISessionManager]:Cache erase job created, Folder count: [1]
ERPImporta.exe: 00003F1C: 15:16:08 [TUniServerModule]:Starting HTTP Server on Port: 8077...
ERPImporta.exe: 00003F1C: 15:16:08 [TUniServerModule]:HTTP Server Started on Port: 8077
ERPImporta.exe: 00000A04: 15:16:08 [127.0.0.1]:EUniSessionException : Sessão inváilda ou tempo da sessão expirado. (Session not found: 16OgCZRB2l10D30B695 ) : Addr: $007CEC46
ERPImporta.exe: 00000B70: 15:34:17 []:>--------------------------------------------------------------<
ERPImporta.exe: 00000B70: 15:34:17 [TUniServerModule]:Server First Init.
ERPImporta.exe: 00000B70: 15:34:17 [TUniServerModule]:Start Path = C:\Projetos_WEB\ERP_Importa\
ERPImporta.exe: 00000B70: 15:34:17 [TUniServerModule]:Debug Mode = ON
ERPImporta.exe: 00000B70: 15:34:17 [TUniServerModule]:Starting HTTP Server on Port: 8077...
ERPImporta.exe: 00000B70: 15:34:17 [TUniServerModule]:HTTP Server Started on Port: 8077
ERPImporta.exe: 00003ABC: 15:37:38 []:>--------------------------------------------------------------<
ERPImporta.exe: 00003ABC: 15:37:38 [TUniServerModule]:Server First Init.
ERPImporta.exe: 00003ABC: 15:37:38 [TUniServerModule]:Start Path = C:\Projetos_WEB\ERP_Importa\
ERPImporta.exe: 00003ABC: 15:37:38 [TUniServerModule]:Debug Mode = ON
ERPImporta.exe: 00003ABC: 15:37:39 [TUniServerModule]:Starting HTTP Server on Port: 8077...
ERPImporta.exe: 00003ABC: 15:37:39 [TUniServerModule]:HTTP Server Started on Port: 8077
ERPImporta.exe: 00000434: 15:39:42 []:>--------------------------------------------------------------<
ERPImporta.exe: 00000434: 15:39:42 [TUniServerModule]:Server First Init.
ERPImporta.exe: 00000434: 15:39:42 [TUniServerModule]:Start Path = C:\Projetos_WEB\ERP_Importa\
ERPImporta.exe: 00000434: 15:39:42 [TUniServerModule]:Debug Mode = ON
ERPImporta.exe: 00000434: 15:39:42 [TUniServerModule]:Starting HTTP Server on Port: 8077...
ERPImporta.exe: 00000434: 15:39:43 [TUniServerModule]:HTTP Server Started on Port: 8077
ERPImporta.exe: 000012C0: 15:43:32 []:>--------------------------------------------------------------<
ERPImporta.exe: 000012C0: 15:43:32 [TUniServerModule]:Server First Init.
ERPImporta.exe: 000012C0: 15:43:32 [TUniServerModule]:Start Path = C:\Projetos_WEB\ERP_Importa\
ERPImporta.exe: 000012C0: 15:43:32 [TUniServerModule]:Debug Mode = ON
ERPImporta.exe: 000012C0: 15:43:33 [TUniServerModule]:Starting HTTP Server on Port: 8077...
ERPImporta.exe: 000012C0: 15:43:33 [TUniServerModule]:HTTP Server Started on Port: 8077
ERPImporta.exe: 00002D5C: 15:49:07 []:>--------------------------------------------------------------<
ERPImporta.exe: 00002D5C: 15:49:07 [TUniServerModule]:Server First Init.
ERPImporta.exe: 00002D5C: 15:49:07 [TUniServerModule]:Start Path = C:\Projetos_WEB\ERP_Importa\
ERPImporta.exe: 00002D5C: 15:49:07 [TUniServerModule]:Debug Mode = ON
ERPImporta.exe: 00002D5C: 15:49:08 [TUniServerModule]:Starting HTTP Server on Port: 8077...
ERPImporta.exe: 00002D5C: 15:49:08 [TUniServerModule]:HTTP Server Started on Port: 8077
ERPImporta.exe: 00002810: 15:51:33 []:>--------------------------------------------------------------<
ERPImporta.exe: 00002810: 15:51:33 [TUniServerModule]:Server First Init.
ERPImporta.exe: 00002810: 15:51:33 [TUniServerModule]:Start Path = C:\Projetos_WEB\ERP_Importa\
ERPImporta.exe: 00002810: 15:51:33 [TUniServerModule]:Debug Mode = ON
ERPImporta.exe: 00002810: 15:51:33 [TUniServerModule]:Starting HTTP Server on Port: 8077...
ERPImporta.exe: 00002810: 15:51:33 [TUniServerModule]:HTTP Server Started on Port: 8077
ERPImporta.exe: 00000F0C: 16:08:56 []:>--------------------------------------------------------------<
ERPImporta.exe: 00000F0C: 16:08:56 [TUniServerModule]:Server First Init.
ERPImporta.exe: 00000F0C: 16:08:56 [TUniServerModule]:Start Path = C:\Projetos_WEB\ERP_Importa\
ERPImporta.exe: 00000F0C: 16:08:56 [TUniServerModule]:Debug Mode = ON
ERPImporta.exe: 00000F0C: 16:08:57 [TUniServerModule]:Starting HTTP Server on Port: 8077...
ERPImporta.exe: 00000F0C: 16:08:57 [TUniServerModule]:HTTP Server Started on Port: 8077
ERPImporta.exe: 00002FF4: 16:09:21 []:>--------------------------------------------------------------<
ERPImporta.exe: 00002FF4: 16:09:21 [TUniServerModule]:Server First Init.
ERPImporta.exe: 00002FF4: 16:09:21 [TUniServerModule]:Start Path = C:\Projetos_WEB\ERP_Importa\
ERPImporta.exe: 00002FF4: 16:09:21 [TUniServerModule]:Debug Mode = ON
ERPImporta.exe: 00002FF4: 16:09:21 [TUniGUISessionManager]:Cache erase job created, Folder count: [1]
ERPImporta.exe: 00002FF4: 16:09:22 [TUniServerModule]:Starting HTTP Server on Port: 8077...
ERPImporta.exe: 00002FF4: 16:09:22 [TUniServerModule]:HTTP Server Started on Port: 8077
ERPImporta.exe: 00003E44: 16:09:22 [127.0.0.1]:EUniSessionException : Sessão inváilda ou tempo da sessão expirado. (Session not found: sexDuZWFsz10D30C518 ) : Addr: $007CEC46
ERPImporta.exe: 00002864: 16:09:22 [127.0.0.1]:EUniSessionException : Sessão inváilda ou tempo da sessão expirado. (Session not found: sexDuZWFsz10D30C518 ) : Addr: $007CEC46
ERPImporta.exe: 00002C30: 16:09:22 [127.0.0.1]:EUniSessionException : Sessão inváilda ou tempo da sessão expirado. (Session not found: sexDuZWFsz10D30C518 ) : Addr: $007CEC46
ERPImporta.exe: 000006B4: 16:09:22 [127.0.0.1]:EUniSessionException : Sessão inváilda ou tempo da sessão expirado. (Session not found: sexDuZWFsz10D30C518 ) : Addr: $007CEC46
ERPImporta.exe: 00000EF0: 16:09:23 [127.0.0.1]:EUniSessionException : Sessão inváilda ou tempo da sessão expirado. (Session not found: sexDuZWFsz10D30C518 ) : Addr: $007CEC46
ERPImporta.exe: 000018A4: 16:11:07 [127.0.0.1]:EUniSessionException : Sessão inváilda ou tempo da sessão expirado. (Session not found: r6it4wLbLh10D30C536 ) : Addr: $007CEC46
ERPImporta.exe: 00000AF0: 16:12:20 []:>--------------------------------------------------------------<
ERPImporta.exe: 00000AF0: 16:12:20 [TUniServerModule]:Server First Init.
ERPImporta.exe: 00000AF0: 16:12:20 [TUniServerModule]:Start Path = C:\Projetos_WEB\ERP_Importa\
ERPImporta.exe: 00000AF0: 16:12:20 [TUniServerModule]:Debug Mode = ON
ERPImporta.exe: 00000AF0: 16:12:20 [TUniServerModule]:Starting HTTP Server on Port: 8077...
ERPImporta.exe: 00000AF0: 16:12:20 [TUniServerModule]:HTTP Server Started on Port: 8077
