ERPImporta.exe: 00000D6C: 15:33:12 []:>--------------------------------------------------------------<
ERPImporta.exe: 00000D6C: 15:33:12 [TUniServerModule]:Server First Init.
ERPImporta.exe: 00000D6C: 15:33:12 [TUniServerModule]:Start Path = C:\Projetos_WEB\ERP_Importa\
ERPImporta.exe: 00000D6C: 15:33:12 [TUniServerModule]:Debug Mode = ON
ERPImporta.exe: 00000D6C: 15:33:12 [TUniServerModule]:Starting HTTP Server on Port: 8077...
ERPImporta.exe: 00000D6C: 15:33:12 [TUniServerModule]:HTTP Server Started on Port: 8077
ERPImporta.exe: 000032DC: 15:50:54 []:>--------------------------------------------------------------<
ERPImporta.exe: 000032DC: 15:50:54 [TUniServerModule]:Server First Init.
ERPImporta.exe: 000032DC: 15:50:54 [TUniServerModule]:Start Path = C:\Projetos_WEB\ERP_Importa\
ERPImporta.exe: 000032DC: 15:50:54 [TUniServerModule]:Debug Mode = ON
ERPImporta.exe: 000032DC: 15:50:54 [TUniGUISessionManager]:Cache erase job created, Folder count: [1]
ERPImporta.exe: 000032DC: 15:50:55 [TUniServerModule]:Starting HTTP Server on Port: 8077...
ERPImporta.exe: 000032DC: 15:50:55 [TUniServerModule]:HTTP Server Started on Port: 8077
ERPImporta.exe: 00002C18: 15:58:04 []:>--------------------------------------------------------------<
ERPImporta.exe: 00002C18: 15:58:04 [TUniServerModule]:Server First Init.
ERPImporta.exe: 00002C18: 15:58:04 [TUniServerModule]:Start Path = C:\Projetos_WEB\ERP_Importa\
ERPImporta.exe: 00002C18: 15:58:04 [TUniServerModule]:Debug Mode = ON
ERPImporta.exe: 00002C18: 15:58:05 [TUniServerModule]:Starting HTTP Server on Port: 8077...
ERPImporta.exe: 00002C18: 15:58:05 [TUniServerModule]:HTTP Server Started on Port: 8077
ERPImporta.exe: 0000108C: 15:59:21 []:>--------------------------------------------------------------<
ERPImporta.exe: 0000108C: 15:59:21 [TUniServerModule]:Server First Init.
ERPImporta.exe: 0000108C: 15:59:21 [TUniServerModule]:Start Path = C:\Projetos_WEB\ERP_Importa\
ERPImporta.exe: 0000108C: 15:59:21 [TUniServerModule]:Debug Mode = ON
ERPImporta.exe: 0000108C: 15:59:21 [TUniGUISessionManager]:Cache erase job created, Folder count: [1]
ERPImporta.exe: 0000108C: 15:59:22 [TUniServerModule]:Starting HTTP Server on Port: 8077...
ERPImporta.exe: 0000108C: 15:59:22 [TUniServerModule]:HTTP Server Started on Port: 8077
ERPImporta.exe: 000024C4: 16:00:37 [HandleFileRequest[127.0.0.1]]:File not found: C:\Projetos_WEB\ERP_Importa\files\images\fundo8.jpg
ERPImporta.exe: 00003568: 16:02:13 []:>--------------------------------------------------------------<
ERPImporta.exe: 00003568: 16:02:13 [TUniServerModule]:Server First Init.
ERPImporta.exe: 00003568: 16:02:13 [TUniServerModule]:Start Path = C:\Projetos_WEB\ERP_Importa\
ERPImporta.exe: 00003568: 16:02:13 [TUniServerModule]:Debug Mode = ON
ERPImporta.exe: 00003568: 16:02:13 [TUniGUISessionManager]:Cache erase job created, Folder count: [1]
ERPImporta.exe: 00003568: 16:02:13 [TUniServerModule]:Starting HTTP Server on Port: 8077...
ERPImporta.exe: 00003568: 16:02:13 [TUniServerModule]:HTTP Server Started on Port: 8077
ERPImporta.exe: 00003480: 16:05:07 []:>--------------------------------------------------------------<
ERPImporta.exe: 00003480: 16:05:07 [TUniServerModule]:Server First Init.
ERPImporta.exe: 00003480: 16:05:07 [TUniServerModule]:Start Path = C:\Projetos_WEB\ERP_Importa\
ERPImporta.exe: 00003480: 16:05:07 [TUniServerModule]:Debug Mode = ON
ERPImporta.exe: 00003480: 16:05:07 [TUniServerModule]:Starting HTTP Server on Port: 8077...
ERPImporta.exe: 00003480: 16:05:07 [TUniServerModule]:HTTP Server Started on Port: 8077
ERPImporta.exe: 00000DA0: 16:06:11 []:>--------------------------------------------------------------<
ERPImporta.exe: 00000DA0: 16:06:11 [TUniServerModule]:Server First Init.
ERPImporta.exe: 00000DA0: 16:06:11 [TUniServerModule]:Start Path = C:\Projetos_WEB\ERP_Importa\
ERPImporta.exe: 00000DA0: 16:06:11 [TUniServerModule]:Debug Mode = ON
ERPImporta.exe: 00000DA0: 16:06:11 [TUniGUISessionManager]:Cache erase job created, Folder count: [1]
ERPImporta.exe: 00000DA0: 16:06:11 [TUniServerModule]:Starting HTTP Server on Port: 8077...
ERPImporta.exe: 00000DA0: 16:06:11 [TUniServerModule]:HTTP Server Started on Port: 8077
ERPImporta.exe: 00000C48: 16:07:30 []:>--------------------------------------------------------------<
ERPImporta.exe: 00000C48: 16:07:30 [TUniServerModule]:Server First Init.
ERPImporta.exe: 00000C48: 16:07:30 [TUniServerModule]:Start Path = C:\Projetos_WEB\ERP_Importa\
ERPImporta.exe: 00000C48: 16:07:30 [TUniServerModule]:Debug Mode = ON
ERPImporta.exe: 00000C48: 16:07:31 [TUniServerModule]:Starting HTTP Server on Port: 8077...
ERPImporta.exe: 00000C48: 16:07:31 [TUniServerModule]:HTTP Server Started on Port: 8077
ERPImporta.exe: 00002548: 16:08:28 []:>--------------------------------------------------------------<
ERPImporta.exe: 00002548: 16:08:28 [TUniServerModule]:Server First Init.
ERPImporta.exe: 00002548: 16:08:28 [TUniServerModule]:Start Path = C:\Projetos_WEB\ERP_Importa\
ERPImporta.exe: 00002548: 16:08:28 [TUniServerModule]:Debug Mode = ON
ERPImporta.exe: 00002548: 16:08:28 [TUniServerModule]:Starting HTTP Server on Port: 8077...
ERPImporta.exe: 00002548: 16:08:28 [TUniServerModule]:HTTP Server Started on Port: 8077
ERPImporta.exe: 000035F4: 16:09:55 []:>--------------------------------------------------------------<
ERPImporta.exe: 000035F4: 16:09:55 [TUniServerModule]:Server First Init.
ERPImporta.exe: 000035F4: 16:09:55 [TUniServerModule]:Start Path = C:\Projetos_WEB\ERP_Importa\
ERPImporta.exe: 000035F4: 16:09:55 [TUniServerModule]:Debug Mode = ON
ERPImporta.exe: 000035F4: 16:09:55 [TUniGUISessionManager]:Cache erase job created, Folder count: [1]
ERPImporta.exe: 000035F4: 16:09:56 [TUniServerModule]:Starting HTTP Server on Port: 8077...
ERPImporta.exe: 000035F4: 16:09:56 [TUniServerModule]:HTTP Server Started on Port: 8077
ERPImporta.exe: 000013E0: 16:11:00 [HandleFileRequest[127.0.0.1]]:File not found: C:\Projetos_WEB\ERP_Importa\files\images\fundo8.jpg
ERPImporta.exe: 000036A0: 16:11:50 []:>--------------------------------------------------------------<
ERPImporta.exe: 000036A0: 16:11:50 [TUniServerModule]:Server First Init.
ERPImporta.exe: 000036A0: 16:11:50 [TUniServerModule]:Start Path = C:\Projetos_WEB\ERP_Importa\
ERPImporta.exe: 000036A0: 16:11:50 [TUniServerModule]:Debug Mode = ON
ERPImporta.exe: 000036A0: 16:11:50 [TUniGUISessionManager]:Cache erase job created, Folder count: [1]
ERPImporta.exe: 000036A0: 16:11:51 [TUniServerModule]:Starting HTTP Server on Port: 8077...
ERPImporta.exe: 000036A0: 16:11:51 [TUniServerModule]:HTTP Server Started on Port: 8077
ERPImporta.exe: 000005A4: 16:12:30 []:>--------------------------------------------------------------<
ERPImporta.exe: 000005A4: 16:12:30 [TUniServerModule]:Server First Init.
ERPImporta.exe: 000005A4: 16:12:30 [TUniServerModule]:Start Path = C:\Projetos_WEB\ERP_Importa\
ERPImporta.exe: 000005A4: 16:12:30 [TUniServerModule]:Debug Mode = ON
ERPImporta.exe: 000005A4: 16:12:31 [TUniServerModule]:Starting HTTP Server on Port: 8077...
ERPImporta.exe: 000005A4: 16:12:31 [TUniServerModule]:HTTP Server Started on Port: 8077
ERPImporta.exe: 00002044: 16:13:32 [127.0.0.1]:EComponentError : A component named fDespRegistroDI already exists : Addr: $004D57D6
ERPImporta.exe: 00000EEC: 16:14:15 []:>--------------------------------------------------------------<
ERPImporta.exe: 00000EEC: 16:14:15 [TUniServerModule]:Server First Init.
ERPImporta.exe: 00000EEC: 16:14:15 [TUniServerModule]:Start Path = C:\Projetos_WEB\ERP_Importa\
ERPImporta.exe: 00000EEC: 16:14:15 [TUniServerModule]:Debug Mode = ON
ERPImporta.exe: 00000EEC: 16:14:15 [TUniServerModule]:Starting HTTP Server on Port: 8077...
ERPImporta.exe: 00000EEC: 16:14:15 [TUniServerModule]:HTTP Server Started on Port: 8077
ERPImporta.exe: 00003614: 16:14:51 []:>--------------------------------------------------------------<
ERPImporta.exe: 00003614: 16:14:51 [TUniServerModule]:Server First Init.
ERPImporta.exe: 00003614: 16:14:51 [TUniServerModule]:Start Path = C:\Projetos_WEB\ERP_Importa\
ERPImporta.exe: 00003614: 16:14:51 [TUniServerModule]:Debug Mode = ON
ERPImporta.exe: 00003614: 16:14:52 [TUniServerModule]:Starting HTTP Server on Port: 8077...
ERPImporta.exe: 00003614: 16:14:52 [TUniServerModule]:HTTP Server Started on Port: 8077
