ERPImporta.exe: 000028BC: 05:59:14 []:>--------------------------------------------------------------<
ERPImporta.exe: 000028BC: 05:59:14 [TUniServerModule]:Server First Init.
ERPImporta.exe: 000028BC: 05:59:14 [TUniServerModule]:Start Path = C:\Projetos_WEB\ERP_Importa\
ERPImporta.exe: 000028BC: 05:59:14 [TUniServerModule]:Debug Mode = ON
ERPImporta.exe: 000028BC: 05:59:15 [TUniServerModule]:Starting HTTP Server on Port: 8077...
ERPImporta.exe: 000028BC: 05:59:15 [TUniServerModule]:HTTP Server Started on Port: 8077
ERPImporta.exe: 00001580: 06:17:34 []:>--------------------------------------------------------------<
ERPImporta.exe: 00001580: 06:17:34 [TUniServerModule]:Server First Init.
ERPImporta.exe: 00001580: 06:17:34 [TUniServerModule]:Start Path = C:\Projetos_WEB\ERP_Importa\
ERPImporta.exe: 00001580: 06:17:34 [TUniServerModule]:Debug Mode = ON
ERPImporta.exe: 00001580: 06:17:34 [TUniServerModule]:Starting HTTP Server on Port: 8077...
ERPImporta.exe: 00001580: 06:17:34 [TUniServerModule]:HTTP Server Started on Port: 8077
ERPImporta.exe: 00003640: 06:19:36 []:>--------------------------------------------------------------<
ERPImporta.exe: 00003640: 06:19:36 [TUniServerModule]:Server First Init.
ERPImporta.exe: 00003640: 06:19:36 [TUniServerModule]:Start Path = C:\Projetos_WEB\ERP_Importa\
ERPImporta.exe: 00003640: 06:19:36 [TUniServerModule]:Debug Mode = ON
ERPImporta.exe: 00003640: 06:19:36 [TUniServerModule]:Starting HTTP Server on Port: 8077...
ERPImporta.exe: 00003640: 06:19:36 [TUniServerModule]:HTTP Server Started on Port: 8077
ERPImporta.exe: 00000D64: 06:20:40 []:>--------------------------------------------------------------<
ERPImporta.exe: 00000D64: 06:20:40 [TUniServerModule]:Server First Init.
ERPImporta.exe: 00000D64: 06:20:40 [TUniServerModule]:Start Path = C:\Projetos_WEB\ERP_Importa\
ERPImporta.exe: 00000D64: 06:20:40 [TUniServerModule]:Debug Mode = ON
ERPImporta.exe: 00000D64: 06:20:40 [TUniServerModule]:Starting HTTP Server on Port: 8077...
ERPImporta.exe: 00000D64: 06:20:40 [TUniServerModule]:HTTP Server Started on Port: 8077
ERPImporta.exe: 00004840: 06:22:23 []:>--------------------------------------------------------------<
ERPImporta.exe: 00004840: 06:22:23 [TUniServerModule]:Server First Init.
ERPImporta.exe: 00004840: 06:22:23 [TUniServerModule]:Start Path = C:\Projetos_WEB\ERP_Importa\
ERPImporta.exe: 00004840: 06:22:23 [TUniServerModule]:Debug Mode = ON
ERPImporta.exe: 00004840: 06:22:23 [TUniGUISessionManager]:Cache erase job created, Folder count: [1]
ERPImporta.exe: 00004840: 06:22:24 [TUniServerModule]:Starting HTTP Server on Port: 8077...
ERPImporta.exe: 00004840: 06:22:24 [TUniServerModule]:HTTP Server Started on Port: 8077
ERPImporta.exe: 000014A8: 06:23:00 []:>--------------------------------------------------------------<
ERPImporta.exe: 000014A8: 06:23:00 [TUniServerModule]:Server First Init.
ERPImporta.exe: 000014A8: 06:23:00 [TUniServerModule]:Start Path = C:\Projetos_WEB\ERP_Importa\
ERPImporta.exe: 000014A8: 06:23:00 [TUniServerModule]:Debug Mode = ON
ERPImporta.exe: 000014A8: 06:23:00 [TUniGUISessionManager]:Cache erase job created, Folder count: [1]
ERPImporta.exe: 000014A8: 06:23:01 [TUniServerModule]:Starting HTTP Server on Port: 8077...
ERPImporta.exe: 000014A8: 06:23:01 [TUniServerModule]:HTTP Server Started on Port: 8077
ERPImporta.exe: 00004944: 06:24:38 []:>--------------------------------------------------------------<
ERPImporta.exe: 00004944: 06:24:38 [TUniServerModule]:Server First Init.
ERPImporta.exe: 00004944: 06:24:38 [TUniServerModule]:Start Path = C:\Projetos_WEB\ERP_Importa\
ERPImporta.exe: 00004944: 06:24:38 [TUniServerModule]:Debug Mode = ON
ERPImporta.exe: 00004944: 06:24:38 [TUniServerModule]:Starting HTTP Server on Port: 8077...
ERPImporta.exe: 00004944: 06:24:38 [TUniServerModule]:HTTP Server Started on Port: 8077
ERPImporta.exe: 000043CC: 06:25:15 []:>--------------------------------------------------------------<
ERPImporta.exe: 000043CC: 06:25:15 [TUniServerModule]:Server First Init.
ERPImporta.exe: 000043CC: 06:25:15 [TUniServerModule]:Start Path = C:\Projetos_WEB\ERP_Importa\
ERPImporta.exe: 000043CC: 06:25:15 [TUniServerModule]:Debug Mode = ON
ERPImporta.exe: 000043CC: 06:25:15 [TUniServerModule]:Starting HTTP Server on Port: 8077...
ERPImporta.exe: 000043CC: 06:25:15 [TUniServerModule]:HTTP Server Started on Port: 8077
ERPImporta.exe: 000026C0: 06:26:03 []:>--------------------------------------------------------------<
ERPImporta.exe: 000026C0: 06:26:03 [TUniServerModule]:Server First Init.
ERPImporta.exe: 000026C0: 06:26:03 [TUniServerModule]:Start Path = C:\Projetos_WEB\ERP_Importa\
ERPImporta.exe: 000026C0: 06:26:03 [TUniServerModule]:Debug Mode = ON
ERPImporta.exe: 000026C0: 06:26:04 [TUniServerModule]:Starting HTTP Server on Port: 8077...
ERPImporta.exe: 000026C0: 06:26:04 [TUniServerModule]:HTTP Server Started on Port: 8077
ERPImporta.exe: 00000AA0: 06:27:08 []:>--------------------------------------------------------------<
ERPImporta.exe: 00000AA0: 06:27:08 [TUniServerModule]:Server First Init.
ERPImporta.exe: 00000AA0: 06:27:08 [TUniServerModule]:Start Path = C:\Projetos_WEB\ERP_Importa\
ERPImporta.exe: 00000AA0: 06:27:08 [TUniServerModule]:Debug Mode = ON
ERPImporta.exe: 00000AA0: 06:27:08 [TUniServerModule]:Starting HTTP Server on Port: 8077...
ERPImporta.exe: 00000AA0: 06:27:08 [TUniServerModule]:HTTP Server Started on Port: 8077
ERPImporta.exe: 00004B4C: 06:28:51 []:>--------------------------------------------------------------<
ERPImporta.exe: 00004B4C: 06:28:51 [TUniServerModule]:Server First Init.
ERPImporta.exe: 00004B4C: 06:28:51 [TUniServerModule]:Start Path = C:\Projetos_WEB\ERP_Importa\
ERPImporta.exe: 00004B4C: 06:28:51 [TUniServerModule]:Debug Mode = ON
ERPImporta.exe: 00004B4C: 06:28:51 [TUniGUISessionManager]:Cache erase job created, Folder count: [1]
ERPImporta.exe: 00004B4C: 06:28:51 [TUniServerModule]:Starting HTTP Server on Port: 8077...
ERPImporta.exe: 00004B4C: 06:28:51 [TUniServerModule]:HTTP Server Started on Port: 8077
ERPImporta.exe: 000036E8: 06:29:58 []:>--------------------------------------------------------------<
ERPImporta.exe: 000036E8: 06:29:58 [TUniServerModule]:Server First Init.
ERPImporta.exe: 000036E8: 06:29:58 [TUniServerModule]:Start Path = C:\Projetos_WEB\ERP_Importa\
ERPImporta.exe: 000036E8: 06:29:58 [TUniServerModule]:Debug Mode = ON
ERPImporta.exe: 000036E8: 06:29:58 [TUniGUISessionManager]:Cache erase job created, Folder count: [1]
ERPImporta.exe: 000036E8: 06:29:58 [TUniServerModule]:Starting HTTP Server on Port: 8077...
ERPImporta.exe: 000036E8: 06:29:58 [TUniServerModule]:HTTP Server Started on Port: 8077
ERPImporta.exe: 00000CF0: 06:34:05 []:>--------------------------------------------------------------<
ERPImporta.exe: 00000CF0: 06:34:05 [TUniServerModule]:Server First Init.
ERPImporta.exe: 00000CF0: 06:34:05 [TUniServerModule]:Start Path = C:\Projetos_WEB\ERP_Importa\
ERPImporta.exe: 00000CF0: 06:34:05 [TUniServerModule]:Debug Mode = ON
ERPImporta.exe: 00000CF0: 06:34:05 [TUniGUISessionManager]:Cache erase job created, Folder count: [1]
ERPImporta.exe: 00000CF0: 06:34:06 [TUniServerModule]:Starting HTTP Server on Port: 8077...
ERPImporta.exe: 00000CF0: 06:34:06 [TUniServerModule]:HTTP Server Started on Port: 8077
ERPImporta.exe: 00004100: 06:36:11 []:>--------------------------------------------------------------<
ERPImporta.exe: 00004100: 06:36:11 [TUniServerModule]:Server First Init.
ERPImporta.exe: 00004100: 06:36:11 [TUniServerModule]:Start Path = C:\Projetos_WEB\ERP_Importa\
ERPImporta.exe: 00004100: 06:36:11 [TUniServerModule]:Debug Mode = ON
ERPImporta.exe: 00004100: 06:36:11 [TUniGUISessionManager]:Cache erase job created, Folder count: [1]
ERPImporta.exe: 00004100: 06:36:12 [TUniServerModule]:Starting HTTP Server on Port: 8077...
ERPImporta.exe: 00004100: 06:36:12 [TUniServerModule]:HTTP Server Started on Port: 8077
ERPImporta.exe: 00004890: 06:38:01 []:>--------------------------------------------------------------<
ERPImporta.exe: 00004890: 06:38:01 [TUniServerModule]:Server First Init.
ERPImporta.exe: 00004890: 06:38:01 [TUniServerModule]:Start Path = C:\Projetos_WEB\ERP_Importa\
ERPImporta.exe: 00004890: 06:38:01 [TUniServerModule]:Debug Mode = ON
ERPImporta.exe: 00004890: 06:38:01 [TUniGUISessionManager]:Cache erase job created, Folder count: [1]
ERPImporta.exe: 00004890: 06:38:01 [TUniServerModule]:Starting HTTP Server on Port: 8077...
ERPImporta.exe: 00004890: 06:38:01 [TUniServerModule]:HTTP Server Started on Port: 8077
ERPImporta.exe: 00004058: 06:38:32 []:>--------------------------------------------------------------<
ERPImporta.exe: 00004058: 06:38:32 [TUniServerModule]:Server First Init.
ERPImporta.exe: 00004058: 06:38:32 [TUniServerModule]:Start Path = C:\Projetos_WEB\ERP_Importa\
ERPImporta.exe: 00004058: 06:38:32 [TUniServerModule]:Debug Mode = ON
ERPImporta.exe: 00004058: 06:38:33 [TUniServerModule]:Starting HTTP Server on Port: 8077...
ERPImporta.exe: 00004058: 06:38:33 [TUniServerModule]:HTTP Server Started on Port: 8077
ERPImporta.exe: 00002A08: 06:39:46 []:>--------------------------------------------------------------<
ERPImporta.exe: 00002A08: 06:39:46 [TUniServerModule]:Server First Init.
ERPImporta.exe: 00002A08: 06:39:46 [TUniServerModule]:Start Path = C:\Projetos_WEB\ERP_Importa\
ERPImporta.exe: 00002A08: 06:39:46 [TUniServerModule]:Debug Mode = ON
ERPImporta.exe: 00002A08: 06:39:46 [TUniGUISessionManager]:Cache erase job created, Folder count: [1]
ERPImporta.exe: 00002A08: 06:39:46 [TUniServerModule]:Starting HTTP Server on Port: 8077...
ERPImporta.exe: 00002A08: 06:39:46 [TUniServerModule]:HTTP Server Started on Port: 8077
ERPImporta.exe: 000020A4: 06:44:09 []:>--------------------------------------------------------------<
ERPImporta.exe: 000020A4: 06:44:09 [TUniServerModule]:Server First Init.
ERPImporta.exe: 000020A4: 06:44:09 [TUniServerModule]:Start Path = C:\Projetos_WEB\ERP_Importa\
ERPImporta.exe: 000020A4: 06:44:09 [TUniServerModule]:Debug Mode = ON
ERPImporta.exe: 000020A4: 06:44:09 [TUniGUISessionManager]:Cache erase job created, Folder count: [1]
ERPImporta.exe: 000020A4: 06:44:09 [TUniServerModule]:Starting HTTP Server on Port: 8077...
ERPImporta.exe: 000020A4: 06:44:09 [TUniServerModule]:HTTP Server Started on Port: 8077
ERPImporta.exe: 00001984: 06:44:52 []:>--------------------------------------------------------------<
ERPImporta.exe: 00001984: 06:44:52 [TUniServerModule]:Server First Init.
ERPImporta.exe: 00001984: 06:44:52 [TUniServerModule]:Start Path = C:\Projetos_WEB\ERP_Importa\
ERPImporta.exe: 00001984: 06:44:52 [TUniServerModule]:Debug Mode = ON
ERPImporta.exe: 00001984: 06:44:52 [TUniGUISessionManager]:Cache erase job created, Folder count: [1]
ERPImporta.exe: 00001984: 06:44:52 [TUniServerModule]:Starting HTTP Server on Port: 8077...
ERPImporta.exe: 00001984: 06:44:52 [TUniServerModule]:HTTP Server Started on Port: 8077
ERPImporta.exe: 000008DC: 06:45:08 []:>--------------------------------------------------------------<
ERPImporta.exe: 000008DC: 06:45:08 [TUniServerModule]:Server First Init.
ERPImporta.exe: 000008DC: 06:45:08 [TUniServerModule]:Start Path = C:\Projetos_WEB\ERP_Importa\
ERPImporta.exe: 000008DC: 06:45:08 [TUniServerModule]:Debug Mode = ON
ERPImporta.exe: 000008DC: 06:45:08 [TUniGUISessionManager]:Cache erase job created, Folder count: [1]
ERPImporta.exe: 000008DC: 06:45:08 [TUniServerModule]:Starting HTTP Server on Port: 8077...
ERPImporta.exe: 000008DC: 06:45:08 [TUniServerModule]:HTTP Server Started on Port: 8077
ERPImporta.exe: 00004AE0: 06:48:32 [127.0.0.1]:EUniSessionException : Sessão inváilda ou tempo da sessão expirado. (Session not found: UuF3NXKlxE1105A69F6 ) : Addr: $007CFB7C
ERPImporta.exe: 00004BDC: 06:49:08 []:>--------------------------------------------------------------<
ERPImporta.exe: 00004BDC: 06:49:08 [TUniServerModule]:Server First Init.
ERPImporta.exe: 00004BDC: 06:49:08 [TUniServerModule]:Start Path = C:\Projetos_WEB\ERP_Importa\
ERPImporta.exe: 00004BDC: 06:49:08 [TUniServerModule]:Debug Mode = ON
ERPImporta.exe: 00004BDC: 06:49:09 [TUniServerModule]:Starting HTTP Server on Port: 8077...
ERPImporta.exe: 00004BDC: 06:49:09 [TUniServerModule]:HTTP Server Started on Port: 8077
ERPImporta.exe: 00000A68: 06:49:51 []:>--------------------------------------------------------------<
ERPImporta.exe: 00000A68: 06:49:51 [TUniServerModule]:Server First Init.
ERPImporta.exe: 00000A68: 06:49:51 [TUniServerModule]:Start Path = C:\Projetos_WEB\ERP_Importa\
ERPImporta.exe: 00000A68: 06:49:51 [TUniServerModule]:Debug Mode = ON
ERPImporta.exe: 00000A68: 06:49:51 [TUniGUISessionManager]:Cache erase job created, Folder count: [1]
ERPImporta.exe: 00000A68: 06:49:51 [TUniServerModule]:Starting HTTP Server on Port: 8077...
ERPImporta.exe: 00000A68: 06:49:51 [TUniServerModule]:HTTP Server Started on Port: 8077
ERPImporta.exe: 00000C8C: 06:50:26 []:>--------------------------------------------------------------<
ERPImporta.exe: 00000C8C: 06:50:26 [TUniServerModule]:Server First Init.
ERPImporta.exe: 00000C8C: 06:50:26 [TUniServerModule]:Start Path = C:\Projetos_WEB\ERP_Importa\
ERPImporta.exe: 00000C8C: 06:50:26 [TUniServerModule]:Debug Mode = ON
ERPImporta.exe: 00000C8C: 06:50:26 [TUniGUISessionManager]:Cache erase job created, Folder count: [1]
ERPImporta.exe: 00000C8C: 06:50:26 [TUniServerModule]:Starting HTTP Server on Port: 8077...
ERPImporta.exe: 00000C8C: 06:50:26 [TUniServerModule]:HTTP Server Started on Port: 8077
ERPImporta.exe: 000026A0: 06:51:28 []:>--------------------------------------------------------------<
ERPImporta.exe: 000026A0: 06:51:28 [TUniServerModule]:Server First Init.
ERPImporta.exe: 000026A0: 06:51:28 [TUniServerModule]:Start Path = C:\Projetos_WEB\ERP_Importa\
ERPImporta.exe: 000026A0: 06:51:28 [TUniServerModule]:Debug Mode = ON
ERPImporta.exe: 000026A0: 06:51:28 [TUniGUISessionManager]:Cache erase job created, Folder count: [1]
ERPImporta.exe: 000026A0: 06:51:29 [TUniServerModule]:Starting HTTP Server on Port: 8077...
ERPImporta.exe: 000026A0: 06:51:29 [TUniServerModule]:HTTP Server Started on Port: 8077
ERPImporta.exe: 00003594: 06:52:32 []:>--------------------------------------------------------------<
ERPImporta.exe: 00003594: 06:52:32 [TUniServerModule]:Server First Init.
ERPImporta.exe: 00003594: 06:52:32 [TUniServerModule]:Start Path = C:\Projetos_WEB\ERP_Importa\
ERPImporta.exe: 00003594: 06:52:32 [TUniServerModule]:Debug Mode = ON
ERPImporta.exe: 00003594: 06:52:32 [TUniGUISessionManager]:Cache erase job created, Folder count: [1]
ERPImporta.exe: 00003594: 06:52:32 [TUniServerModule]:Starting HTTP Server on Port: 8077...
ERPImporta.exe: 00003594: 06:52:32 [TUniServerModule]:HTTP Server Started on Port: 8077
ERPImporta.exe: 00001918: 06:57:39 []:>--------------------------------------------------------------<
ERPImporta.exe: 00001918: 06:57:39 [TUniServerModule]:Server First Init.
ERPImporta.exe: 00001918: 06:57:39 [TUniServerModule]:Start Path = C:\Projetos_WEB\ERP_Importa\
ERPImporta.exe: 00001918: 06:57:39 [TUniServerModule]:Debug Mode = ON
ERPImporta.exe: 00001918: 06:57:39 [TUniServerModule]:Starting HTTP Server on Port: 8077...
ERPImporta.exe: 00001918: 06:57:39 [TUniServerModule]:HTTP Server Started on Port: 8077
ERPImporta.exe: 00004980: 06:58:50 []:>--------------------------------------------------------------<
ERPImporta.exe: 00004980: 06:58:50 [TUniServerModule]:Server First Init.
ERPImporta.exe: 00004980: 06:58:50 [TUniServerModule]:Start Path = C:\Projetos_WEB\ERP_Importa\
ERPImporta.exe: 00004980: 06:58:50 [TUniServerModule]:Debug Mode = ON
ERPImporta.exe: 00004980: 06:58:50 [TUniGUISessionManager]:Cache erase job created, Folder count: [1]
ERPImporta.exe: 00004980: 06:58:50 [TUniServerModule]:Starting HTTP Server on Port: 8077...
ERPImporta.exe: 00004980: 06:58:50 [TUniServerModule]:HTTP Server Started on Port: 8077
ERPImporta.exe: 000012F4: 07:00:21 []:>--------------------------------------------------------------<
ERPImporta.exe: 000012F4: 07:00:21 [TUniServerModule]:Server First Init.
ERPImporta.exe: 000012F4: 07:00:21 [TUniServerModule]:Start Path = C:\Projetos_WEB\ERP_Importa\
ERPImporta.exe: 000012F4: 07:00:21 [TUniServerModule]:Debug Mode = ON
ERPImporta.exe: 000012F4: 07:00:21 [TUniGUISessionManager]:Cache erase job created, Folder count: [1]
ERPImporta.exe: 000012F4: 07:00:21 [TUniServerModule]:Starting HTTP Server on Port: 8077...
ERPImporta.exe: 000012F4: 07:00:21 [TUniServerModule]:HTTP Server Started on Port: 8077
ERPImporta.exe: 00003A44: 07:01:06 []:>--------------------------------------------------------------<
ERPImporta.exe: 00003A44: 07:01:06 [TUniServerModule]:Server First Init.
ERPImporta.exe: 00003A44: 07:01:06 [TUniServerModule]:Start Path = C:\Projetos_WEB\ERP_Importa\
ERPImporta.exe: 00003A44: 07:01:06 [TUniServerModule]:Debug Mode = ON
ERPImporta.exe: 00003A44: 07:01:06 [TUniGUISessionManager]:Cache erase job created, Folder count: [1]
ERPImporta.exe: 00003A44: 07:01:06 [TUniServerModule]:Starting HTTP Server on Port: 8077...
ERPImporta.exe: 00003A44: 07:01:06 [TUniServerModule]:HTTP Server Started on Port: 8077
ERPImporta.exe: 00004BF4: 07:04:34 []:>--------------------------------------------------------------<
ERPImporta.exe: 00004BF4: 07:04:34 [TUniServerModule]:Server First Init.
ERPImporta.exe: 00004BF4: 07:04:34 [TUniServerModule]:Start Path = C:\Projetos_WEB\ERP_Importa\
ERPImporta.exe: 00004BF4: 07:04:34 [TUniServerModule]:Debug Mode = ON
ERPImporta.exe: 00004BF4: 07:04:34 [TUniGUISessionManager]:Cache erase job created, Folder count: [1]
ERPImporta.exe: 00004BF4: 07:04:34 [TUniServerModule]:Starting HTTP Server on Port: 8077...
ERPImporta.exe: 00004BF4: 07:04:34 [TUniServerModule]:HTTP Server Started on Port: 8077
ERPImporta.exe: 00003304: 07:04:53 []:>--------------------------------------------------------------<
ERPImporta.exe: 00003304: 07:04:53 [TUniServerModule]:Server First Init.
ERPImporta.exe: 00003304: 07:04:53 [TUniServerModule]:Start Path = C:\Projetos_WEB\ERP_Importa\
ERPImporta.exe: 00003304: 07:04:53 [TUniServerModule]:Debug Mode = ON
ERPImporta.exe: 00003304: 07:04:53 [TUniGUISessionManager]:Cache erase job created, Folder count: [1]
ERPImporta.exe: 00003304: 07:04:54 [TUniServerModule]:Starting HTTP Server on Port: 8077...
ERPImporta.exe: 00003304: 07:04:54 [TUniServerModule]:HTTP Server Started on Port: 8077
ERPImporta.exe: 000008E0: 07:04:57 [127.0.0.1]:EUniSessionException : Sessão inváilda ou tempo da sessão expirado. (Session not found: h1rIP3jqo11105A6F4E ) : Addr: $007CFB7C
ERPImporta.exe: 00003860: 07:07:02 []:>--------------------------------------------------------------<
ERPImporta.exe: 00003860: 07:07:02 [TUniServerModule]:Server First Init.
ERPImporta.exe: 00003860: 07:07:02 [TUniServerModule]:Start Path = C:\Projetos_WEB\ERP_Importa\
ERPImporta.exe: 00003860: 07:07:02 [TUniServerModule]:Debug Mode = ON
ERPImporta.exe: 00003860: 07:07:02 [TUniGUISessionManager]:Cache erase job created, Folder count: [1]
ERPImporta.exe: 00003860: 07:07:02 [TUniServerModule]:Starting HTTP Server on Port: 8077...
ERPImporta.exe: 00003860: 07:07:02 [TUniServerModule]:HTTP Server Started on Port: 8077
ERPImporta.exe: 00001634: 07:10:18 []:>--------------------------------------------------------------<
ERPImporta.exe: 00001634: 07:10:18 [TUniServerModule]:Server First Init.
ERPImporta.exe: 00001634: 07:10:18 [TUniServerModule]:Start Path = C:\Projetos_WEB\ERP_Importa\
ERPImporta.exe: 00001634: 07:10:18 [TUniServerModule]:Debug Mode = ON
ERPImporta.exe: 00001634: 07:10:18 [TUniGUISessionManager]:Cache erase job created, Folder count: [1]
ERPImporta.exe: 00001634: 07:10:19 [TUniServerModule]:Starting HTTP Server on Port: 8077...
ERPImporta.exe: 00001634: 07:10:19 [TUniServerModule]:HTTP Server Started on Port: 8077
ERPImporta.exe: 00004970: 07:11:17 []:>--------------------------------------------------------------<
ERPImporta.exe: 00004970: 07:11:17 [TUniServerModule]:Server First Init.
ERPImporta.exe: 00004970: 07:11:17 [TUniServerModule]:Start Path = C:\Projetos_WEB\ERP_Importa\
ERPImporta.exe: 00004970: 07:11:17 [TUniServerModule]:Debug Mode = ON
ERPImporta.exe: 00004970: 07:11:17 [TUniGUISessionManager]:Cache erase job created, Folder count: [1]
ERPImporta.exe: 00004970: 07:11:17 [TUniServerModule]:Starting HTTP Server on Port: 8077...
ERPImporta.exe: 00004970: 07:11:17 [TUniServerModule]:HTTP Server Started on Port: 8077
ERPImporta.exe: 00002F10: 07:12:49 []:>--------------------------------------------------------------<
ERPImporta.exe: 00002F10: 07:12:49 [TUniServerModule]:Server First Init.
ERPImporta.exe: 00002F10: 07:12:49 [TUniServerModule]:Start Path = C:\Projetos_WEB\ERP_Importa\
ERPImporta.exe: 00002F10: 07:12:49 [TUniServerModule]:Debug Mode = ON
ERPImporta.exe: 00002F10: 07:12:49 [TUniServerModule]:Starting HTTP Server on Port: 8077...
ERPImporta.exe: 00002F10: 07:12:49 [TUniServerModule]:HTTP Server Started on Port: 8077
ERPImporta.exe: 000049C4: 07:13:13 []:>--------------------------------------------------------------<
ERPImporta.exe: 000049C4: 07:13:13 [TUniServerModule]:Server First Init.
ERPImporta.exe: 000049C4: 07:13:13 [TUniServerModule]:Start Path = C:\Projetos_WEB\ERP_Importa\
ERPImporta.exe: 000049C4: 07:13:13 [TUniServerModule]:Debug Mode = ON
ERPImporta.exe: 000049C4: 07:13:13 [TUniGUISessionManager]:Cache erase job created, Folder count: [1]
ERPImporta.exe: 000049C4: 07:13:13 [TUniServerModule]:Starting HTTP Server on Port: 8077...
ERPImporta.exe: 000049C4: 07:13:13 [TUniServerModule]:HTTP Server Started on Port: 8077
ERPImporta.exe: 00004A58: 07:14:44 []:>--------------------------------------------------------------<
ERPImporta.exe: 00004A58: 07:14:44 [TUniServerModule]:Server First Init.
ERPImporta.exe: 00004A58: 07:14:44 [TUniServerModule]:Start Path = C:\Projetos_WEB\ERP_Importa\
ERPImporta.exe: 00004A58: 07:14:44 [TUniServerModule]:Debug Mode = ON
ERPImporta.exe: 00004A58: 07:14:45 [TUniServerModule]:Starting HTTP Server on Port: 8077...
ERPImporta.exe: 00004A58: 07:14:45 [TUniServerModule]:HTTP Server Started on Port: 8077
ERPImporta.exe: 00004970: 07:26:38 []:>--------------------------------------------------------------<
ERPImporta.exe: 00004970: 07:26:38 [TUniServerModule]:Server First Init.
ERPImporta.exe: 00004970: 07:26:38 [TUniServerModule]:Start Path = C:\Projetos_WEB\ERP_Importa\
ERPImporta.exe: 00004970: 07:26:38 [TUniServerModule]:Debug Mode = ON
ERPImporta.exe: 00004970: 07:26:38 [TUniGUISessionManager]:Cache erase job created, Folder count: [1]
ERPImporta.exe: 00004970: 07:26:38 [TUniServerModule]:Starting HTTP Server on Port: 8077...
ERPImporta.exe: 00004970: 07:26:38 [TUniServerModule]:HTTP Server Started on Port: 8077
ERPImporta.exe: 0000498C: 07:28:22 []:>--------------------------------------------------------------<
ERPImporta.exe: 0000498C: 07:28:22 [TUniServerModule]:Server First Init.
ERPImporta.exe: 0000498C: 07:28:22 [TUniServerModule]:Start Path = C:\Projetos_WEB\ERP_Importa\
ERPImporta.exe: 0000498C: 07:28:22 [TUniServerModule]:Debug Mode = ON
ERPImporta.exe: 0000498C: 07:28:22 [TUniGUISessionManager]:Cache erase job created, Folder count: [1]
ERPImporta.exe: 0000498C: 07:28:22 [TUniServerModule]:Starting HTTP Server on Port: 8077...
ERPImporta.exe: 0000498C: 07:28:22 [TUniServerModule]:HTTP Server Started on Port: 8077
ERPImporta.exe: 00003124: 07:29:18 []:>--------------------------------------------------------------<
ERPImporta.exe: 00003124: 07:29:18 [TUniServerModule]:Server First Init.
ERPImporta.exe: 00003124: 07:29:18 [TUniServerModule]:Start Path = C:\Projetos_WEB\ERP_Importa\
ERPImporta.exe: 00003124: 07:29:18 [TUniServerModule]:Debug Mode = ON
ERPImporta.exe: 00003124: 07:29:18 [TUniGUISessionManager]:Cache erase job created, Folder count: [1]
ERPImporta.exe: 00003124: 07:29:18 [TUniServerModule]:Starting HTTP Server on Port: 8077...
ERPImporta.exe: 00003124: 07:29:18 [TUniServerModule]:HTTP Server Started on Port: 8077
ERPImporta.exe: 00004950: 07:30:39 []:>--------------------------------------------------------------<
ERPImporta.exe: 00004950: 07:30:39 [TUniServerModule]:Server First Init.
ERPImporta.exe: 00004950: 07:30:39 [TUniServerModule]:Start Path = C:\Projetos_WEB\ERP_Importa\
ERPImporta.exe: 00004950: 07:30:39 [TUniServerModule]:Debug Mode = ON
ERPImporta.exe: 00004950: 07:30:39 [TUniGUISessionManager]:Cache erase job created, Folder count: [1]
ERPImporta.exe: 00004950: 07:30:39 [TUniServerModule]:Starting HTTP Server on Port: 8077...
ERPImporta.exe: 00004950: 07:30:39 [TUniServerModule]:HTTP Server Started on Port: 8077
ERPImporta.exe: 00002C6C: 07:32:31 []:>--------------------------------------------------------------<
ERPImporta.exe: 00002C6C: 07:32:31 [TUniServerModule]:Server First Init.
ERPImporta.exe: 00002C6C: 07:32:31 [TUniServerModule]:Start Path = C:\Projetos_WEB\ERP_Importa\
ERPImporta.exe: 00002C6C: 07:32:31 [TUniServerModule]:Debug Mode = ON
ERPImporta.exe: 00002C6C: 07:32:31 [TUniGUISessionManager]:Cache erase job created, Folder count: [1]
ERPImporta.exe: 00002C6C: 07:32:31 [TUniServerModule]:Starting HTTP Server on Port: 8077...
ERPImporta.exe: 00002C6C: 07:32:31 [TUniServerModule]:HTTP Server Started on Port: 8077
ERPImporta.exe: 000030E0: 07:33:13 []:>--------------------------------------------------------------<
ERPImporta.exe: 000030E0: 07:33:13 [TUniServerModule]:Server First Init.
ERPImporta.exe: 000030E0: 07:33:13 [TUniServerModule]:Start Path = C:\Projetos_WEB\ERP_Importa\
ERPImporta.exe: 000030E0: 07:33:13 [TUniServerModule]:Debug Mode = ON
ERPImporta.exe: 000030E0: 07:33:13 [TUniGUISessionManager]:Cache erase job created, Folder count: [1]
ERPImporta.exe: 000030E0: 07:33:13 [TUniServerModule]:Starting HTTP Server on Port: 8077...
ERPImporta.exe: 000030E0: 07:33:13 [TUniServerModule]:HTTP Server Started on Port: 8077
ERPImporta.exe: 00004C24: 07:34:17 []:>--------------------------------------------------------------<
ERPImporta.exe: 00004C24: 07:34:17 [TUniServerModule]:Server First Init.
ERPImporta.exe: 00004C24: 07:34:17 [TUniServerModule]:Start Path = C:\Projetos_WEB\ERP_Importa\
ERPImporta.exe: 00004C24: 07:34:17 [TUniServerModule]:Debug Mode = ON
ERPImporta.exe: 00004C24: 07:34:17 [TUniServerModule]:Starting HTTP Server on Port: 8077...
ERPImporta.exe: 00004C24: 07:34:17 [TUniServerModule]:HTTP Server Started on Port: 8077
ERPImporta.exe: 00004D24: 07:35:32 []:>--------------------------------------------------------------<
ERPImporta.exe: 00004D24: 07:35:32 [TUniServerModule]:Server First Init.
ERPImporta.exe: 00004D24: 07:35:32 [TUniServerModule]:Start Path = C:\Projetos_WEB\ERP_Importa\
ERPImporta.exe: 00004D24: 07:35:32 [TUniServerModule]:Debug Mode = ON
ERPImporta.exe: 00004D24: 07:35:32 [TUniServerModule]:Starting HTTP Server on Port: 8077...
ERPImporta.exe: 00004D24: 07:35:32 [TUniServerModule]:HTTP Server Started on Port: 8077
ERPImporta.exe: 000022C0: 07:36:09 []:>--------------------------------------------------------------<
ERPImporta.exe: 000022C0: 07:36:09 [TUniServerModule]:Server First Init.
ERPImporta.exe: 000022C0: 07:36:09 [TUniServerModule]:Start Path = C:\Projetos_WEB\ERP_Importa\
ERPImporta.exe: 000022C0: 07:36:09 [TUniServerModule]:Debug Mode = ON
ERPImporta.exe: 000022C0: 07:36:10 [TUniServerModule]:Starting HTTP Server on Port: 8077...
ERPImporta.exe: 000022C0: 07:36:10 [TUniServerModule]:HTTP Server Started on Port: 8077
ERPImporta.exe: 00004468: 07:37:20 []:>--------------------------------------------------------------<
ERPImporta.exe: 00004468: 07:37:20 [TUniServerModule]:Server First Init.
ERPImporta.exe: 00004468: 07:37:20 [TUniServerModule]:Start Path = C:\Projetos_WEB\ERP_Importa\
ERPImporta.exe: 00004468: 07:37:20 [TUniServerModule]:Debug Mode = ON
ERPImporta.exe: 00004468: 07:37:20 [TUniServerModule]:Starting HTTP Server on Port: 8077...
ERPImporta.exe: 00004468: 07:37:20 [TUniServerModule]:HTTP Server Started on Port: 8077
ERPImporta.exe: 00004940: 07:37:55 []:>--------------------------------------------------------------<
ERPImporta.exe: 00004940: 07:37:55 [TUniServerModule]:Server First Init.
ERPImporta.exe: 00004940: 07:37:55 [TUniServerModule]:Start Path = C:\Projetos_WEB\ERP_Importa\
ERPImporta.exe: 00004940: 07:37:55 [TUniServerModule]:Debug Mode = ON
ERPImporta.exe: 00004940: 07:37:55 [TUniGUISessionManager]:Cache erase job created, Folder count: [1]
ERPImporta.exe: 00004940: 07:37:55 [TUniServerModule]:Starting HTTP Server on Port: 8077...
ERPImporta.exe: 00004940: 07:37:55 [TUniServerModule]:HTTP Server Started on Port: 8077
ERPImporta.exe: 00004D64: 07:41:52 []:>--------------------------------------------------------------<
ERPImporta.exe: 00004D64: 07:41:52 [TUniServerModule]:Server First Init.
ERPImporta.exe: 00004D64: 07:41:52 [TUniServerModule]:Start Path = C:\Projetos_WEB\ERP_Importa\
ERPImporta.exe: 00004D64: 07:41:52 [TUniServerModule]:Debug Mode = ON
ERPImporta.exe: 00004D64: 07:41:52 [TUniGUISessionManager]:Cache erase job created, Folder count: [1]
ERPImporta.exe: 00004D64: 07:41:52 [TUniServerModule]:Starting HTTP Server on Port: 8077...
ERPImporta.exe: 00004D64: 07:41:52 [TUniServerModule]:HTTP Server Started on Port: 8077
ERPImporta.exe: 00004C50: 07:42:55 []:>--------------------------------------------------------------<
ERPImporta.exe: 00004C50: 07:42:55 [TUniServerModule]:Server First Init.
ERPImporta.exe: 00004C50: 07:42:55 [TUniServerModule]:Start Path = C:\Projetos_WEB\ERP_Importa\
ERPImporta.exe: 00004C50: 07:42:55 [TUniServerModule]:Debug Mode = ON
ERPImporta.exe: 00004C50: 07:42:55 [TUniGUISessionManager]:Cache erase job created, Folder count: [1]
ERPImporta.exe: 00004C50: 07:42:55 [TUniServerModule]:Starting HTTP Server on Port: 8077...
ERPImporta.exe: 00004C50: 07:42:55 [TUniServerModule]:HTTP Server Started on Port: 8077
ERPImporta.exe: 00004DF0: 07:44:03 []:>--------------------------------------------------------------<
ERPImporta.exe: 00004DF0: 07:44:03 [TUniServerModule]:Server First Init.
ERPImporta.exe: 00004DF0: 07:44:03 [TUniServerModule]:Start Path = C:\Projetos_WEB\ERP_Importa\
ERPImporta.exe: 00004DF0: 07:44:03 [TUniServerModule]:Debug Mode = ON
ERPImporta.exe: 00004DF0: 07:44:03 [TUniGUISessionManager]:Cache erase job created, Folder count: [1]
ERPImporta.exe: 00004DF0: 07:44:03 [TUniServerModule]:Starting HTTP Server on Port: 8077...
ERPImporta.exe: 00004DF0: 07:44:03 [TUniServerModule]:HTTP Server Started on Port: 8077
ERPImporta.exe: 00003590: 07:44:38 []:>--------------------------------------------------------------<
ERPImporta.exe: 00003590: 07:44:38 [TUniServerModule]:Server First Init.
ERPImporta.exe: 00003590: 07:44:38 [TUniServerModule]:Start Path = C:\Projetos_WEB\ERP_Importa\
ERPImporta.exe: 00003590: 07:44:38 [TUniServerModule]:Debug Mode = ON
ERPImporta.exe: 00003590: 07:44:38 [TUniGUISessionManager]:Cache erase job created, Folder count: [1]
ERPImporta.exe: 00003590: 07:44:38 [TUniServerModule]:Starting HTTP Server on Port: 8077...
ERPImporta.exe: 00003590: 07:44:38 [TUniServerModule]:HTTP Server Started on Port: 8077
ERPImporta.exe: 00002660: 07:46:44 []:>--------------------------------------------------------------<
ERPImporta.exe: 00002660: 07:46:44 [TUniServerModule]:Server First Init.
ERPImporta.exe: 00002660: 07:46:44 [TUniServerModule]:Start Path = C:\Projetos_WEB\ERP_Importa\
ERPImporta.exe: 00002660: 07:46:44 [TUniServerModule]:Debug Mode = ON
ERPImporta.exe: 00002660: 07:46:44 [TUniServerModule]:Starting HTTP Server on Port: 8077...
ERPImporta.exe: 00002660: 07:46:44 [TUniServerModule]:HTTP Server Started on Port: 8077
ERPImporta.exe: 00003A1C: 08:05:52 []:>--------------------------------------------------------------<
ERPImporta.exe: 00003A1C: 08:05:52 [TUniServerModule]:Server First Init.
ERPImporta.exe: 00003A1C: 08:05:52 [TUniServerModule]:Start Path = C:\Projetos_WEB\ERP_Importa\
ERPImporta.exe: 00003A1C: 08:05:52 [TUniServerModule]:Debug Mode = ON
ERPImporta.exe: 00003A1C: 08:05:52 [TUniServerModule]:Starting HTTP Server on Port: 8077...
ERPImporta.exe: 00003A1C: 08:05:52 [TUniServerModule]:HTTP Server Started on Port: 8077
ERPImporta.exe: 0000048C: 08:39:22 []:>--------------------------------------------------------------<
ERPImporta.exe: 0000048C: 08:39:22 [TUniServerModule]:Server First Init.
ERPImporta.exe: 0000048C: 08:39:22 [TUniServerModule]:Start Path = C:\Projetos_WEB\ERP_Importa\
ERPImporta.exe: 0000048C: 08:39:22 [TUniServerModule]:Debug Mode = ON
ERPImporta.exe: 0000048C: 08:39:23 [TUniServerModule]:Starting HTTP Server on Port: 8077...
ERPImporta.exe: 0000048C: 08:39:23 [TUniServerModule]:HTTP Server Started on Port: 8077
ERPImporta.exe: 00004304: 08:40:41 []:>--------------------------------------------------------------<
ERPImporta.exe: 00004304: 08:40:41 [TUniServerModule]:Server First Init.
ERPImporta.exe: 00004304: 08:40:41 [TUniServerModule]:Start Path = C:\Projetos_WEB\ERP_Importa\
ERPImporta.exe: 00004304: 08:40:41 [TUniServerModule]:Debug Mode = ON
ERPImporta.exe: 00004304: 08:40:41 [TUniServerModule]:Starting HTTP Server on Port: 8077...
ERPImporta.exe: 00004304: 08:40:42 [TUniServerModule]:HTTP Server Started on Port: 8077
ERPImporta.exe: 00000BB4: 08:42:00 []:>--------------------------------------------------------------<
ERPImporta.exe: 00000BB4: 08:42:00 [TUniServerModule]:Server First Init.
ERPImporta.exe: 00000BB4: 08:42:00 [TUniServerModule]:Start Path = C:\Projetos_WEB\ERP_Importa\
ERPImporta.exe: 00000BB4: 08:42:00 [TUniServerModule]:Debug Mode = ON
ERPImporta.exe: 00000BB4: 08:42:01 [TUniServerModule]:Starting HTTP Server on Port: 8077...
ERPImporta.exe: 00000BB4: 08:42:01 [TUniServerModule]:HTTP Server Started on Port: 8077
ERPImporta.exe: 00001D54: 08:43:17 []:>--------------------------------------------------------------<
ERPImporta.exe: 00001D54: 08:43:17 [TUniServerModule]:Server First Init.
ERPImporta.exe: 00001D54: 08:43:17 [TUniServerModule]:Start Path = C:\Projetos_WEB\ERP_Importa\
ERPImporta.exe: 00001D54: 08:43:17 [TUniServerModule]:Debug Mode = ON
ERPImporta.exe: 00001D54: 08:43:18 [TUniServerModule]:Starting HTTP Server on Port: 8077...
ERPImporta.exe: 00001D54: 08:43:18 [TUniServerModule]:HTTP Server Started on Port: 8077
ERPImporta.exe: 0000351C: 08:44:20 []:>--------------------------------------------------------------<
ERPImporta.exe: 0000351C: 08:44:20 [TUniServerModule]:Server First Init.
ERPImporta.exe: 0000351C: 08:44:20 [TUniServerModule]:Start Path = C:\Projetos_WEB\ERP_Importa\
ERPImporta.exe: 0000351C: 08:44:20 [TUniServerModule]:Debug Mode = ON
ERPImporta.exe: 0000351C: 08:44:20 [TUniGUISessionManager]:Cache erase job created, Folder count: [1]
ERPImporta.exe: 0000351C: 08:44:21 [TUniServerModule]:Starting HTTP Server on Port: 8077...
ERPImporta.exe: 0000351C: 08:44:21 [TUniServerModule]:HTTP Server Started on Port: 8077
ERPImporta.exe: 00001514: 08:44:23 [127.0.0.1]:EUniSessionException : Sessão inváilda ou tempo da sessão expirado. (Session not found: LxoVyyEL5M1105A8A15 ) : Addr: $007CFB7C
ERPImporta.exe: 00004CA8: 08:46:10 []:>--------------------------------------------------------------<
ERPImporta.exe: 00004CA8: 08:46:10 [TUniServerModule]:Server First Init.
ERPImporta.exe: 00004CA8: 08:46:10 [TUniServerModule]:Start Path = C:\Projetos_WEB\ERP_Importa\
ERPImporta.exe: 00004CA8: 08:46:10 [TUniServerModule]:Debug Mode = ON
ERPImporta.exe: 00004CA8: 08:46:11 [TUniServerModule]:Starting HTTP Server on Port: 8077...
ERPImporta.exe: 00004CA8: 08:46:11 [TUniServerModule]:HTTP Server Started on Port: 8077
ERPImporta.exe: 000048FC: 08:47:12 []:>--------------------------------------------------------------<
ERPImporta.exe: 000048FC: 08:47:12 [TUniServerModule]:Server First Init.
ERPImporta.exe: 000048FC: 08:47:12 [TUniServerModule]:Start Path = C:\Projetos_WEB\ERP_Importa\
ERPImporta.exe: 000048FC: 08:47:12 [TUniServerModule]:Debug Mode = ON
ERPImporta.exe: 000048FC: 08:47:13 [TUniServerModule]:Starting HTTP Server on Port: 8077...
ERPImporta.exe: 000048FC: 08:47:13 [TUniServerModule]:HTTP Server Started on Port: 8077
ERPImporta.exe: 000015FC: 08:47:43 []:>--------------------------------------------------------------<
ERPImporta.exe: 000015FC: 08:47:43 [TUniServerModule]:Server First Init.
ERPImporta.exe: 000015FC: 08:47:43 [TUniServerModule]:Start Path = C:\Projetos_WEB\ERP_Importa\
ERPImporta.exe: 000015FC: 08:47:43 [TUniServerModule]:Debug Mode = ON
ERPImporta.exe: 000015FC: 08:47:43 [TUniServerModule]:Starting HTTP Server on Port: 8077...
ERPImporta.exe: 000015FC: 08:47:43 [TUniServerModule]:HTTP Server Started on Port: 8077
ERPImporta.exe: 00002998: 08:49:57 []:>--------------------------------------------------------------<
ERPImporta.exe: 00002998: 08:49:57 [TUniServerModule]:Server First Init.
ERPImporta.exe: 00002998: 08:49:57 [TUniServerModule]:Start Path = C:\Projetos_WEB\ERP_Importa\
ERPImporta.exe: 00002998: 08:49:57 [TUniServerModule]:Debug Mode = ON
ERPImporta.exe: 00002998: 08:49:57 [TUniServerModule]:Starting HTTP Server on Port: 8077...
ERPImporta.exe: 00002998: 08:49:57 [TUniServerModule]:HTTP Server Started on Port: 8077
ERPImporta.exe: 00000698: 08:51:32 []:>--------------------------------------------------------------<
ERPImporta.exe: 00000698: 08:51:32 [TUniServerModule]:Server First Init.
ERPImporta.exe: 00000698: 08:51:32 [TUniServerModule]:Start Path = C:\Projetos_WEB\ERP_Importa\
ERPImporta.exe: 00000698: 08:51:32 [TUniServerModule]:Debug Mode = ON
ERPImporta.exe: 00000698: 08:51:32 [TUniGUISessionManager]:Cache erase job created, Folder count: [1]
ERPImporta.exe: 00000698: 08:51:32 [TUniServerModule]:Starting HTTP Server on Port: 8077...
ERPImporta.exe: 00000698: 08:51:32 [TUniServerModule]:HTTP Server Started on Port: 8077
ERPImporta.exe: 00004D78: 08:52:17 []:>--------------------------------------------------------------<
ERPImporta.exe: 00004D78: 08:52:17 [TUniServerModule]:Server First Init.
ERPImporta.exe: 00004D78: 08:52:17 [TUniServerModule]:Start Path = C:\Projetos_WEB\ERP_Importa\
ERPImporta.exe: 00004D78: 08:52:17 [TUniServerModule]:Debug Mode = ON
ERPImporta.exe: 00004D78: 08:52:17 [TUniServerModule]:Starting HTTP Server on Port: 8077...
ERPImporta.exe: 00004D78: 08:52:17 [TUniServerModule]:HTTP Server Started on Port: 8077
ERPImporta.exe: 00000698: 08:55:45 []:>--------------------------------------------------------------<
ERPImporta.exe: 00000698: 08:55:45 [TUniServerModule]:Server First Init.
ERPImporta.exe: 00000698: 08:55:45 [TUniServerModule]:Start Path = C:\Projetos_WEB\ERP_Importa\
ERPImporta.exe: 00000698: 08:55:45 [TUniServerModule]:Debug Mode = ON
ERPImporta.exe: 00000698: 08:55:45 [TUniServerModule]:Starting HTTP Server on Port: 8077...
ERPImporta.exe: 00000698: 08:55:45 [TUniServerModule]:HTTP Server Started on Port: 8077
ERPImporta.exe: 000048BC: 08:57:33 []:>--------------------------------------------------------------<
ERPImporta.exe: 000048BC: 08:57:33 [TUniServerModule]:Server First Init.
ERPImporta.exe: 000048BC: 08:57:33 [TUniServerModule]:Start Path = C:\Projetos_WEB\ERP_Importa\
ERPImporta.exe: 000048BC: 08:57:33 [TUniServerModule]:Debug Mode = ON
ERPImporta.exe: 000048BC: 08:57:34 [TUniServerModule]:Starting HTTP Server on Port: 8077...
ERPImporta.exe: 000048BC: 08:57:34 [TUniServerModule]:HTTP Server Started on Port: 8077
ERPImporta.exe: 00001F40: 08:57:51 []:>--------------------------------------------------------------<
ERPImporta.exe: 00001F40: 08:57:51 [TUniServerModule]:Server First Init.
ERPImporta.exe: 00001F40: 08:57:51 [TUniServerModule]:Start Path = C:\Projetos_WEB\ERP_Importa\
ERPImporta.exe: 00001F40: 08:57:51 [TUniServerModule]:Debug Mode = ON
ERPImporta.exe: 00001F40: 08:57:51 [TUniGUISessionManager]:Cache erase job created, Folder count: [1]
ERPImporta.exe: 00001F40: 08:57:51 [TUniServerModule]:Starting HTTP Server on Port: 8077...
ERPImporta.exe: 00001F40: 08:57:51 [TUniServerModule]:HTTP Server Started on Port: 8077
ERPImporta.exe: 00002308: 08:58:22 [127.0.0.1]:EUniSessionException : Sessão inváilda ou tempo da sessão expirado. (Session not found: Lj6MMqchkT1105A8DF4 ) : Addr: $007CFB7C
ERPImporta.exe: 00001924: 08:59:28 []:>--------------------------------------------------------------<
ERPImporta.exe: 00001924: 08:59:28 [TUniServerModule]:Server First Init.
ERPImporta.exe: 00001924: 08:59:28 [TUniServerModule]:Start Path = C:\Projetos_WEB\ERP_Importa\
ERPImporta.exe: 00001924: 08:59:28 [TUniServerModule]:Debug Mode = ON
ERPImporta.exe: 00001924: 08:59:28 [TUniServerModule]:Starting HTTP Server on Port: 8077...
ERPImporta.exe: 00001924: 08:59:28 [TUniServerModule]:HTTP Server Started on Port: 8077
ERPImporta.exe: 00000FB0: 09:02:01 []:>--------------------------------------------------------------<
ERPImporta.exe: 00000FB0: 09:02:01 [TUniServerModule]:Server First Init.
ERPImporta.exe: 00000FB0: 09:02:01 [TUniServerModule]:Start Path = C:\Projetos_WEB\ERP_Importa\
ERPImporta.exe: 00000FB0: 09:02:01 [TUniServerModule]:Debug Mode = ON
ERPImporta.exe: 00000FB0: 09:02:02 [TUniServerModule]:Starting HTTP Server on Port: 8077...
ERPImporta.exe: 00000FB0: 09:02:02 [TUniServerModule]:HTTP Server Started on Port: 8077
ERPImporta.exe: 00003D10: 09:07:00 []:>--------------------------------------------------------------<
ERPImporta.exe: 00003D10: 09:07:00 [TUniServerModule]:Server First Init.
ERPImporta.exe: 00003D10: 09:07:00 [TUniServerModule]:Start Path = C:\Projetos_WEB\ERP_Importa\
ERPImporta.exe: 00003D10: 09:07:00 [TUniServerModule]:Debug Mode = ON
ERPImporta.exe: 00003D10: 09:07:00 [TUniServerModule]:Starting HTTP Server on Port: 8077...
ERPImporta.exe: 00003D10: 09:07:00 [TUniServerModule]:HTTP Server Started on Port: 8077
ERPImporta.exe: 00001D00: 09:07:38 []:>--------------------------------------------------------------<
ERPImporta.exe: 00001D00: 09:07:38 [TUniServerModule]:Server First Init.
ERPImporta.exe: 00001D00: 09:07:38 [TUniServerModule]:Start Path = C:\Projetos_WEB\ERP_Importa\
ERPImporta.exe: 00001D00: 09:07:38 [TUniServerModule]:Debug Mode = ON
ERPImporta.exe: 00001D00: 09:07:38 [TUniServerModule]:Starting HTTP Server on Port: 8077...
ERPImporta.exe: 00001D00: 09:07:38 [TUniServerModule]:HTTP Server Started on Port: 8077
ERPImporta.exe: 0000239C: 09:15:34 []:>--------------------------------------------------------------<
ERPImporta.exe: 0000239C: 09:15:34 [TUniServerModule]:Server First Init.
ERPImporta.exe: 0000239C: 09:15:34 [TUniServerModule]:Start Path = C:\Projetos_WEB\ERP_Importa\
ERPImporta.exe: 0000239C: 09:15:34 [TUniServerModule]:Debug Mode = ON
ERPImporta.exe: 0000239C: 09:15:34 [TUniGUISessionManager]:Cache erase job created, Folder count: [1]
ERPImporta.exe: 0000239C: 09:15:34 [TUniServerModule]:Starting HTTP Server on Port: 8077...
ERPImporta.exe: 0000239C: 09:15:34 [TUniServerModule]:HTTP Server Started on Port: 8077
ERPImporta.exe: 00004D6C: 09:21:09 []:>--------------------------------------------------------------<
ERPImporta.exe: 00004D6C: 09:21:09 [TUniServerModule]:Server First Init.
ERPImporta.exe: 00004D6C: 09:21:09 [TUniServerModule]:Start Path = C:\Projetos_WEB\ERP_Importa\
ERPImporta.exe: 00004D6C: 09:21:09 [TUniServerModule]:Debug Mode = ON
ERPImporta.exe: 00004D6C: 09:21:09 [TUniServerModule]:Starting HTTP Server on Port: 8077...
ERPImporta.exe: 00004D6C: 09:21:09 [TUniServerModule]:HTTP Server Started on Port: 8077
ERPImporta.exe: 00004EFC: 09:22:16 []:>--------------------------------------------------------------<
ERPImporta.exe: 00004EFC: 09:22:16 [TUniServerModule]:Server First Init.
ERPImporta.exe: 00004EFC: 09:22:16 [TUniServerModule]:Start Path = C:\Projetos_WEB\ERP_Importa\
ERPImporta.exe: 00004EFC: 09:22:16 [TUniServerModule]:Debug Mode = ON
ERPImporta.exe: 00004EFC: 09:22:16 [TUniGUISessionManager]:Cache erase job created, Folder count: [1]
ERPImporta.exe: 00004EFC: 09:22:16 [TUniServerModule]:Starting HTTP Server on Port: 8077...
ERPImporta.exe: 00004EFC: 09:22:16 [TUniServerModule]:HTTP Server Started on Port: 8077
ERPImporta.exe: 00000984: 09:22:17 [127.0.0.1]:EUniSessionException : Sessão inváilda ou tempo da sessão expirado. (Session not found: 9No6R7jTmq1105A945A ) : Addr: $007CFB7C
ERPImporta.exe: 0000494C: 09:26:09 []:>--------------------------------------------------------------<
ERPImporta.exe: 0000494C: 09:26:09 [TUniServerModule]:Server First Init.
ERPImporta.exe: 0000494C: 09:26:09 [TUniServerModule]:Start Path = C:\Projetos_WEB\ERP_Importa\
ERPImporta.exe: 0000494C: 09:26:09 [TUniServerModule]:Debug Mode = ON
ERPImporta.exe: 0000494C: 09:26:09 [TUniServerModule]:Starting HTTP Server on Port: 8077...
ERPImporta.exe: 0000494C: 09:26:09 [TUniServerModule]:HTTP Server Started on Port: 8077
ERPImporta.exe: 00000FCC: 09:28:48 []:>--------------------------------------------------------------<
ERPImporta.exe: 00000FCC: 09:28:48 [TUniServerModule]:Server First Init.
ERPImporta.exe: 00000FCC: 09:28:48 [TUniServerModule]:Start Path = C:\Projetos_WEB\ERP_Importa\
ERPImporta.exe: 00000FCC: 09:28:48 [TUniServerModule]:Debug Mode = ON
ERPImporta.exe: 00000FCC: 09:28:48 [TUniGUISessionManager]:Cache erase job created, Folder count: [1]
ERPImporta.exe: 00000FCC: 09:28:48 [TUniServerModule]:Starting HTTP Server on Port: 8077...
ERPImporta.exe: 00000FCC: 09:28:48 [TUniServerModule]:HTTP Server Started on Port: 8077
ERPImporta.exe: 000025C4: 09:29:35 []:>--------------------------------------------------------------<
ERPImporta.exe: 000025C4: 09:29:35 [TUniServerModule]:Server First Init.
ERPImporta.exe: 000025C4: 09:29:35 [TUniServerModule]:Start Path = C:\Projetos_WEB\ERP_Importa\
ERPImporta.exe: 000025C4: 09:29:35 [TUniServerModule]:Debug Mode = ON
ERPImporta.exe: 000025C4: 09:29:35 [TUniGUISessionManager]:Cache erase job created, Folder count: [1]
ERPImporta.exe: 000025C4: 09:29:35 [TUniServerModule]:Starting HTTP Server on Port: 8077...
ERPImporta.exe: 000025C4: 09:29:35 [TUniServerModule]:HTTP Server Started on Port: 8077
ERPImporta.exe: 000006E8: 10:28:02 []:>--------------------------------------------------------------<
ERPImporta.exe: 000006E8: 10:28:02 [TUniServerModule]:Server First Init.
ERPImporta.exe: 000006E8: 10:28:02 [TUniServerModule]:Start Path = C:\Projetos_WEB\ERP_Importa\
ERPImporta.exe: 000006E8: 10:28:02 [TUniServerModule]:Debug Mode = ON
ERPImporta.exe: 000006E8: 10:28:02 [TUniGUISessionManager]:Cache erase job created, Folder count: [1]
ERPImporta.exe: 000006E8: 10:28:03 [TUniServerModule]:Starting HTTP Server on Port: 8077...
ERPImporta.exe: 000006E8: 10:28:03 [TUniServerModule]:HTTP Server Started on Port: 8077
ERPImporta.exe: 0000094C: 10:35:27 []:>--------------------------------------------------------------<
ERPImporta.exe: 0000094C: 10:35:27 [TUniServerModule]:Server First Init.
ERPImporta.exe: 0000094C: 10:35:27 [TUniServerModule]:Start Path = C:\Projetos_WEB\ERP_Importa\
ERPImporta.exe: 0000094C: 10:35:27 [TUniServerModule]:Debug Mode = ON
ERPImporta.exe: 0000094C: 10:35:27 [TUniGUISessionManager]:Cache erase job created, Folder count: [1]
ERPImporta.exe: 0000094C: 10:35:27 [TUniServerModule]:Starting HTTP Server on Port: 8077...
ERPImporta.exe: 0000094C: 10:35:27 [TUniServerModule]:HTTP Server Started on Port: 8077
ERPImporta.exe: 00004A48: 10:37:19 []:>--------------------------------------------------------------<
ERPImporta.exe: 00004A48: 10:37:19 [TUniServerModule]:Server First Init.
ERPImporta.exe: 00004A48: 10:37:19 [TUniServerModule]:Start Path = C:\Projetos_WEB\ERP_Importa\
ERPImporta.exe: 00004A48: 10:37:19 [TUniServerModule]:Debug Mode = ON
ERPImporta.exe: 00004A48: 10:37:19 [TUniServerModule]:Starting HTTP Server on Port: 8077...
ERPImporta.exe: 00004A48: 10:37:19 [TUniServerModule]:HTTP Server Started on Port: 8077
ERPImporta.exe: 0000071C: 10:39:29 []:>--------------------------------------------------------------<
ERPImporta.exe: 0000071C: 10:39:29 [TUniServerModule]:Server First Init.
ERPImporta.exe: 0000071C: 10:39:29 [TUniServerModule]:Start Path = C:\Projetos_WEB\ERP_Importa\
ERPImporta.exe: 0000071C: 10:39:29 [TUniServerModule]:Debug Mode = ON
ERPImporta.exe: 0000071C: 10:39:29 [TUniGUISessionManager]:Cache erase job created, Folder count: [1]
ERPImporta.exe: 0000071C: 10:39:29 [TUniServerModule]:Starting HTTP Server on Port: 8077...
ERPImporta.exe: 0000071C: 10:39:29 [TUniServerModule]:HTTP Server Started on Port: 8077
ERPImporta.exe: 00002C94: 10:43:33 []:>--------------------------------------------------------------<
ERPImporta.exe: 00002C94: 10:43:33 [TUniServerModule]:Server First Init.
ERPImporta.exe: 00002C94: 10:43:33 [TUniServerModule]:Start Path = C:\Projetos_WEB\ERP_Importa\
ERPImporta.exe: 00002C94: 10:43:33 [TUniServerModule]:Debug Mode = ON
ERPImporta.exe: 00002C94: 10:43:33 [TUniGUISessionManager]:Cache erase job created, Folder count: [1]
ERPImporta.exe: 00002C94: 10:43:33 [TUniServerModule]:Starting HTTP Server on Port: 8077...
ERPImporta.exe: 00002C94: 10:43:34 [TUniServerModule]:HTTP Server Started on Port: 8077
ERPImporta.exe: 00002138: 10:54:04 []:>--------------------------------------------------------------<
ERPImporta.exe: 00002138: 10:54:04 [TUniServerModule]:Server First Init.
ERPImporta.exe: 00002138: 10:54:05 [TUniServerModule]:Start Path = C:\Projetos_WEB\ERP_Importa\
ERPImporta.exe: 00002138: 10:54:05 [TUniServerModule]:Debug Mode = ON
ERPImporta.exe: 00002138: 10:54:05 [TUniServerModule]:Starting HTTP Server on Port: 8077...
ERPImporta.exe: 00002138: 10:54:05 [TUniServerModule]:HTTP Server Started on Port: 8077
ERPImporta.exe: 0000364C: 10:57:44 []:>--------------------------------------------------------------<
ERPImporta.exe: 0000364C: 10:57:44 [TUniServerModule]:Server First Init.
ERPImporta.exe: 0000364C: 10:57:44 [TUniServerModule]:Start Path = C:\Projetos_WEB\ERP_Importa\
ERPImporta.exe: 0000364C: 10:57:44 [TUniServerModule]:Debug Mode = ON
ERPImporta.exe: 0000364C: 10:57:44 [TUniGUISessionManager]:Cache erase job created, Folder count: [1]
ERPImporta.exe: 0000364C: 10:57:45 [TUniServerModule]:Starting HTTP Server on Port: 8077...
ERPImporta.exe: 0000364C: 10:57:45 [TUniServerModule]:HTTP Server Started on Port: 8077
ERPImporta.exe: 00004E10: 10:59:23 [127.0.0.1]:EConvertError : '0.0' is not a valid timestamp : Addr: $00427A9E
ERPImporta.exe: 00004F90: 11:00:38 []:>--------------------------------------------------------------<
ERPImporta.exe: 00004F90: 11:00:38 [TUniServerModule]:Server First Init.
ERPImporta.exe: 00004F90: 11:00:38 [TUniServerModule]:Start Path = C:\Projetos_WEB\ERP_Importa\
ERPImporta.exe: 00004F90: 11:00:38 [TUniServerModule]:Debug Mode = ON
ERPImporta.exe: 00004F90: 11:00:38 [TUniGUISessionManager]:Cache erase job created, Folder count: [3]
ERPImporta.exe: 00004F90: 11:00:38 [TUniServerModule]:Starting HTTP Server on Port: 8077...
ERPImporta.exe: 00004F90: 11:00:38 [TUniServerModule]:HTTP Server Started on Port: 8077
ERPImporta.exe: 00000628: 11:01:41 []:>--------------------------------------------------------------<
ERPImporta.exe: 00000628: 11:01:41 [TUniServerModule]:Server First Init.
ERPImporta.exe: 00000628: 11:01:41 [TUniServerModule]:Start Path = C:\Projetos_WEB\ERP_Importa\
ERPImporta.exe: 00000628: 11:01:41 [TUniServerModule]:Debug Mode = ON
ERPImporta.exe: 00000628: 11:01:41 [TUniGUISessionManager]:Cache erase job created, Folder count: [1]
ERPImporta.exe: 00000628: 11:01:42 [TUniServerModule]:Starting HTTP Server on Port: 8077...
ERPImporta.exe: 00000628: 11:01:42 [TUniServerModule]:HTTP Server Started on Port: 8077
ERPImporta.exe: 00004948: 11:02:36 [127.0.0.1]:EConvertError : '0.0' is not a valid timestamp : Addr: $00427A9E
ERPImporta.exe: 00001320: 11:03:20 []:>--------------------------------------------------------------<
ERPImporta.exe: 00001320: 11:03:20 [TUniServerModule]:Server First Init.
ERPImporta.exe: 00001320: 11:03:20 [TUniServerModule]:Start Path = C:\Projetos_WEB\ERP_Importa\
ERPImporta.exe: 00001320: 11:03:20 [TUniServerModule]:Debug Mode = ON
ERPImporta.exe: 00001320: 11:03:20 [TUniGUISessionManager]:Cache erase job created, Folder count: [1]
ERPImporta.exe: 00001320: 11:03:21 [TUniServerModule]:Starting HTTP Server on Port: 8077...
ERPImporta.exe: 00001320: 11:03:21 [TUniServerModule]:HTTP Server Started on Port: 8077
ERPImporta.exe: 0000314C: 11:03:21 [127.0.0.1]:EUniSessionException : Sessão inváilda ou tempo da sessão expirado. (Session not found: MPzAMqIIwV1105AAFA0 ) : Addr: $007CFB7C
ERPImporta.exe: 00000AC0: 11:03:21 [127.0.0.1]:EUniSessionException : Sessão inváilda ou tempo da sessão expirado. (Session not found: MPzAMqIIwV1105AAFA0 ) : Addr: $007CFB7C
ERPImporta.exe: 0000433C: 11:03:21 [127.0.0.1]:EUniSessionException : Sessão inváilda ou tempo da sessão expirado. (Session not found: MPzAMqIIwV1105AAFA0 ) : Addr: $007CFB7C
ERPImporta.exe: 0000297C: 11:03:21 [127.0.0.1]:EUniSessionException : Sessão inváilda ou tempo da sessão expirado. (Session not found: MPzAMqIIwV1105AAFA0 ) : Addr: $007CFB7C
ERPImporta.exe: 00001FE8: 11:03:21 [127.0.0.1]:EUniSessionException : Sessão inváilda ou tempo da sessão expirado. (Session not found: MPzAMqIIwV1105AAFA0 ) : Addr: $007CFB7C
ERPImporta.exe: 00000FE4: 14:03:00 []:>--------------------------------------------------------------<
ERPImporta.exe: 00000FE4: 14:03:00 [TUniServerModule]:Server First Init.
ERPImporta.exe: 00000FE4: 14:03:00 [TUniServerModule]:Start Path = C:\Projetos_WEB\ERP_Importa\
ERPImporta.exe: 00000FE4: 14:03:01 [TUniServerModule]:Debug Mode = ON
ERPImporta.exe: 00000FE4: 14:03:01 [TUniGUISessionManager]:Cache erase job created, Folder count: [1]
ERPImporta.exe: 00000FE4: 14:03:01 [TUniServerModule]:Starting HTTP Server on Port: 8077...
ERPImporta.exe: 00000FE4: 14:03:01 [TUniServerModule]:HTTP Server Started on Port: 8077
ERPImporta.exe: 00002BE0: 14:06:03 []:>--------------------------------------------------------------<
ERPImporta.exe: 00002BE0: 14:06:03 [TUniServerModule]:Server First Init.
ERPImporta.exe: 00002BE0: 14:06:03 [TUniServerModule]:Start Path = C:\Projetos_WEB\ERP_Importa\
ERPImporta.exe: 00002BE0: 14:06:03 [TUniServerModule]:Debug Mode = ON
ERPImporta.exe: 00002BE0: 14:06:03 [TUniGUISessionManager]:Cache erase job created, Folder count: [1]
ERPImporta.exe: 00002BE0: 14:06:03 [TUniServerModule]:Starting HTTP Server on Port: 8077...
ERPImporta.exe: 00002BE0: 14:06:03 [TUniServerModule]:HTTP Server Started on Port: 8077
ERPImporta.exe: 00001D8C: 14:08:34 []:>--------------------------------------------------------------<
ERPImporta.exe: 00001D8C: 14:08:34 [TUniServerModule]:Server First Init.
ERPImporta.exe: 00001D8C: 14:08:34 [TUniServerModule]:Start Path = C:\Projetos_WEB\ERP_Importa\
ERPImporta.exe: 00001D8C: 14:08:34 [TUniServerModule]:Debug Mode = ON
ERPImporta.exe: 00001D8C: 14:08:34 [TUniServerModule]:Starting HTTP Server on Port: 8077...
ERPImporta.exe: 00001D8C: 14:08:34 [TUniServerModule]:HTTP Server Started on Port: 8077
ERPImporta.exe: 0000273C: 14:27:28 [127.0.0.1]:EUniSessionException : Sessão inváilda ou tempo da sessão expirado. (Session not found: Zk7exdM1tN1105AE252 ) : Addr: $007CFCA4
ERPImporta.exe: 000026F0: 14:27:29 [127.0.0.1]:EUniSessionException : Sessão inváilda ou tempo da sessão expirado. (Session not found: Zk7exdM1tN1105AE252 ) : Addr: $007CFCA4
ERPImporta.exe: 00003A00: 15:38:50 []:>--------------------------------------------------------------<
ERPImporta.exe: 00003A00: 15:38:50 [TUniServerModule]:Server First Init.
ERPImporta.exe: 00003A00: 15:38:50 [TUniServerModule]:Start Path = C:\Projetos_WEB\ERP_Importa\
ERPImporta.exe: 00003A00: 15:38:50 [TUniServerModule]:Debug Mode = ON
ERPImporta.exe: 00003A00: 15:38:51 [TUniServerModule]:Starting HTTP Server on Port: 8077...
ERPImporta.exe: 00003A00: 15:38:51 [TUniServerModule]:HTTP Server Started on Port: 8077
ERPImporta.exe: 00003840: 16:34:01 []:>--------------------------------------------------------------<
ERPImporta.exe: 00003840: 16:34:01 [TUniServerModule]:Server First Init.
ERPImporta.exe: 00003840: 16:34:01 [TUniServerModule]:Start Path = C:\Projetos_WEB\ERP_Importa\
ERPImporta.exe: 00003840: 16:34:01 [TUniServerModule]:Debug Mode = ON
ERPImporta.exe: 00003840: 16:34:02 [TUniServerModule]:Starting HTTP Server on Port: 8077...
ERPImporta.exe: 00003840: 16:34:02 [TUniServerModule]:HTTP Server Started on Port: 8077
ERPImporta.exe: 000007B8: 16:37:01 []:>--------------------------------------------------------------<
ERPImporta.exe: 000007B8: 16:37:01 [TUniServerModule]:Server First Init.
ERPImporta.exe: 000007B8: 16:37:01 [TUniServerModule]:Start Path = C:\Projetos_WEB\ERP_Importa\
ERPImporta.exe: 000007B8: 16:37:01 [TUniServerModule]:Debug Mode = ON
ERPImporta.exe: 000007B8: 16:37:01 [TUniGUISessionManager]:Cache erase job created, Folder count: [1]
ERPImporta.exe: 000007B8: 16:37:01 [TUniServerModule]:Starting HTTP Server on Port: 8077...
ERPImporta.exe: 000007B8: 16:37:02 [TUniServerModule]:HTTP Server Started on Port: 8077
ERPImporta.exe: 00001308: 16:38:47 [127.0.0.1]:EUniSessionException : Sessão inváilda ou tempo da sessão expirado. (Session not found: LIDB4kTcIh1105B09C8 ) : Addr: $007CFCA4
ERPImporta.exe: 00003AF4: 16:38:47 [127.0.0.1]:EUniSessionException : Sessão inváilda ou tempo da sessão expirado. (Session not found: LIDB4kTcIh1105B09C8 ) : Addr: $007CFCA4
ERPImporta.exe: 000038A4: 16:40:11 []:>--------------------------------------------------------------<
ERPImporta.exe: 000038A4: 16:40:11 [TUniServerModule]:Server First Init.
ERPImporta.exe: 000038A4: 16:40:11 [TUniServerModule]:Start Path = C:\Projetos_WEB\ERP_Importa\
ERPImporta.exe: 000038A4: 16:40:11 [TUniServerModule]:Debug Mode = ON
ERPImporta.exe: 000038A4: 16:40:11 [TUniGUISessionManager]:Cache erase job created, Folder count: [1]
ERPImporta.exe: 000038A4: 16:40:11 [TUniServerModule]:Starting HTTP Server on Port: 8077...
ERPImporta.exe: 000038A4: 16:40:11 [TUniServerModule]:HTTP Server Started on Port: 8077
ERPImporta.exe: 00002D38: 16:42:09 []:>--------------------------------------------------------------<
ERPImporta.exe: 00002D38: 16:42:09 [TUniServerModule]:Server First Init.
ERPImporta.exe: 00002D38: 16:42:09 [TUniServerModule]:Start Path = C:\Projetos_WEB\ERP_Importa\
ERPImporta.exe: 00002D38: 16:42:09 [TUniServerModule]:Debug Mode = ON
ERPImporta.exe: 00002D38: 16:42:09 [TUniServerModule]:Starting HTTP Server on Port: 8077...
ERPImporta.exe: 00002D38: 16:42:10 [TUniServerModule]:HTTP Server Started on Port: 8077
