ERPImporta.exe: 000019D4: 10:15:52 []:>--------------------------------------------------------------<
ERPImporta.exe: 000019D4: 10:15:52 [TUniServerModule]:Server First Init.
ERPImporta.exe: 000019D4: 10:15:52 [TUniServerModule]:Start Path = C:\Projetos_WEB\ERP_Importa\
ERPImporta.exe: 000019D4: 10:15:52 [TUniServerModule]:Debug Mode = ON
ERPImporta.exe: 000019D4: 10:15:52 [TUniServerModule]:Starting HTTP Server on Port: 8077...
ERPImporta.exe: 000019D4: 10:15:52 [TUniServerModule]:HTTP Server Started on Port: 8077
ERPImporta.exe: 000013B0: 10:16:07 [HandleFileRequest[127.0.0.1]]:File not found: C:\Projetos_WEB\ERP_Importa\files\images\fundo8.jpg
ERPImporta.exe: 000036E4: 10:16:34 []:>--------------------------------------------------------------<
ERPImporta.exe: 000036E4: 10:16:34 [TUniServerModule]:Server First Init.
ERPImporta.exe: 000036E4: 10:16:34 [TUniServerModule]:Start Path = C:\Projetos_WEB\ERP_Importa\
ERPImporta.exe: 000036E4: 10:16:34 [TUniServerModule]:Debug Mode = ON
ERPImporta.exe: 000036E4: 10:16:34 [TUniGUISessionManager]:Cache erase job created, Folder count: [1]
ERPImporta.exe: 000036E4: 10:16:34 [TUniServerModule]:Starting HTTP Server on Port: 8077...
ERPImporta.exe: 000036E4: 10:16:34 [TUniServerModule]:HTTP Server Started on Port: 8077
ERPImporta.exe: 00002F98: 10:16:45 [HandleFileRequest[127.0.0.1]]:File not found: C:\Projetos_WEB\ERP_Importa\files\images\fundo8.jpg
ERPImporta.exe: 00003D14: 10:24:41 []:>--------------------------------------------------------------<
ERPImporta.exe: 00003D14: 10:24:41 [TUniServerModule]:Server First Init.
ERPImporta.exe: 00003D14: 10:24:41 [TUniServerModule]:Start Path = C:\Projetos_WEB\ERP_Importa\
ERPImporta.exe: 00003D14: 10:24:41 [TUniServerModule]:Debug Mode = ON
ERPImporta.exe: 00003D14: 10:24:41 [TUniGUISessionManager]:Cache erase job created, Folder count: [1]
ERPImporta.exe: 00003D14: 10:24:41 [TUniServerModule]:Starting HTTP Server on Port: 8077...
ERPImporta.exe: 00003D14: 10:24:42 [TUniServerModule]:HTTP Server Started on Port: 8077
ERPImporta.exe: 00002808: 10:24:57 [HandleFileRequest[127.0.0.1]]:File not found: C:\Projetos_WEB\ERP_Importa\files\images\fundo8.jpg
ERPImporta.exe: 00000EC4: 10:44:06 []:>--------------------------------------------------------------<
ERPImporta.exe: 00000EC4: 10:44:06 [TUniServerModule]:Server First Init.
ERPImporta.exe: 00000EC4: 10:44:06 [TUniServerModule]:Start Path = C:\Projetos_WEB\ERP_Importa\
ERPImporta.exe: 00000EC4: 10:44:06 [TUniServerModule]:Debug Mode = ON
ERPImporta.exe: 00000EC4: 10:44:07 [TUniServerModule]:Starting HTTP Server on Port: 8077...
ERPImporta.exe: 00000EC4: 10:44:07 [TUniServerModule]:HTTP Server Started on Port: 8077
ERPImporta.exe: 00003E08: 10:47:38 [HandleFileRequest[127.0.0.1]]:File not found: C:\Projetos_WEB\ERP_Importa\files\images\fundo8.jpg
ERPImporta.exe: 00001D00: 10:57:48 []:>--------------------------------------------------------------<
ERPImporta.exe: 00001D00: 10:57:48 [TUniServerModule]:Server First Init.
ERPImporta.exe: 00001D00: 10:57:48 [TUniServerModule]:Start Path = C:\Projetos_WEB\ERP_Importa\
ERPImporta.exe: 00001D00: 10:57:48 [TUniServerModule]:Debug Mode = ON
ERPImporta.exe: 00001D00: 10:57:48 [TUniServerModule]:Starting HTTP Server on Port: 8077...
ERPImporta.exe: 00001D00: 10:57:48 [TUniServerModule]:HTTP Server Started on Port: 8077
ERPImporta.exe: 00000968: 10:58:03 [HandleFileRequest[127.0.0.1]]:File not found: C:\Projetos_WEB\ERP_Importa\files\images\fundo8.jpg
ERPImporta.exe: 000020D0: 11:04:44 []:>--------------------------------------------------------------<
ERPImporta.exe: 000020D0: 11:04:44 [TUniServerModule]:Server First Init.
ERPImporta.exe: 000020D0: 11:04:44 [TUniServerModule]:Start Path = C:\Projetos_WEB\ERP_Importa\
ERPImporta.exe: 000020D0: 11:04:44 [TUniServerModule]:Debug Mode = ON
ERPImporta.exe: 000020D0: 11:04:44 [TUniGUISessionManager]:Cache erase job created, Folder count: [1]
ERPImporta.exe: 000020D0: 11:04:45 [TUniServerModule]:Starting HTTP Server on Port: 8077...
ERPImporta.exe: 000020D0: 11:04:45 [TUniServerModule]:HTTP Server Started on Port: 8077
ERPImporta.exe: 00003354: 11:04:58 [HandleFileRequest[127.0.0.1]]:File not found: C:\Projetos_WEB\ERP_Importa\files\images\fundo8.jpg
ERPImporta.exe: 00003600: 11:06:03 []:>--------------------------------------------------------------<
ERPImporta.exe: 00003600: 11:06:03 [TUniServerModule]:Server First Init.
ERPImporta.exe: 00003600: 11:06:03 [TUniServerModule]:Start Path = C:\Projetos_WEB\ERP_Importa\
ERPImporta.exe: 00003600: 11:06:03 [TUniServerModule]:Debug Mode = ON
ERPImporta.exe: 00003600: 11:06:03 [TUniServerModule]:Starting HTTP Server on Port: 8077...
ERPImporta.exe: 00003600: 11:06:03 [TUniServerModule]:HTTP Server Started on Port: 8077
ERPImporta.exe: 00001D88: 11:06:17 [HandleFileRequest[127.0.0.1]]:File not found: C:\Projetos_WEB\ERP_Importa\files\images\fundo8.jpg
ERPImporta.exe: 000018AC: 11:08:26 []:>--------------------------------------------------------------<
ERPImporta.exe: 000018AC: 11:08:26 [TUniServerModule]:Server First Init.
ERPImporta.exe: 000018AC: 11:08:26 [TUniServerModule]:Start Path = C:\Projetos_WEB\ERP_Importa\
ERPImporta.exe: 000018AC: 11:08:26 [TUniServerModule]:Debug Mode = ON
ERPImporta.exe: 000018AC: 11:08:26 [TUniGUISessionManager]:Cache erase job created, Folder count: [1]
ERPImporta.exe: 000018AC: 11:08:26 [TUniServerModule]:Starting HTTP Server on Port: 8077...
ERPImporta.exe: 000018AC: 11:08:26 [TUniServerModule]:HTTP Server Started on Port: 8077
ERPImporta.exe: 00001D2C: 11:08:36 [HandleFileRequest[127.0.0.1]]:File not found: C:\Projetos_WEB\ERP_Importa\files\images\fundo8.jpg
ERPImporta.exe: 00000CAC: 11:09:14 []:>--------------------------------------------------------------<
ERPImporta.exe: 00000CAC: 11:09:14 [TUniServerModule]:Server First Init.
ERPImporta.exe: 00000CAC: 11:09:14 [TUniServerModule]:Start Path = C:\Projetos_WEB\ERP_Importa\
ERPImporta.exe: 00000CAC: 11:09:14 [TUniServerModule]:Debug Mode = ON
ERPImporta.exe: 00000CAC: 11:09:14 [TUniServerModule]:Starting HTTP Server on Port: 8077...
ERPImporta.exe: 00000CAC: 11:09:14 [TUniServerModule]:HTTP Server Started on Port: 8077
ERPImporta.exe: 00001A2C: 11:09:38 [HandleFileRequest[127.0.0.1]]:File not found: C:\Projetos_WEB\ERP_Importa\files\images\fundo8.jpg
ERPImporta.exe: 00001CA8: 11:15:24 []:>--------------------------------------------------------------<
ERPImporta.exe: 00001CA8: 11:15:24 [TUniServerModule]:Server First Init.
ERPImporta.exe: 00001CA8: 11:15:24 [TUniServerModule]:Start Path = C:\Projetos_WEB\ERP_Importa\
ERPImporta.exe: 00001CA8: 11:15:24 [TUniServerModule]:Debug Mode = ON
ERPImporta.exe: 00001CA8: 11:15:24 [TUniServerModule]:Starting HTTP Server on Port: 8077...
ERPImporta.exe: 00001CA8: 11:15:24 [TUniServerModule]:HTTP Server Started on Port: 8077
ERPImporta.exe: 000010A0: 11:15:37 [HandleFileRequest[127.0.0.1]]:File not found: C:\Projetos_WEB\ERP_Importa\files\images\fundo8.jpg
