ERPImporta.exe: 0000065C: 10:11:47 []:>--------------------------------------------------------------<
ERPImporta.exe: 0000065C: 10:11:47 [TUniServerModule]:Server First Init.
ERPImporta.exe: 0000065C: 10:11:47 [TUniServerModule]:Start Path = C:\Projetos_WEB\ERP_Importa\
ERPImporta.exe: 0000065C: 10:11:47 [TUniServerModule]:Debug Mode = ON
ERPImporta.exe: 0000065C: 10:11:47 [TUniServerModule]:Starting HTTP Server on Port: 8077...
ERPImporta.exe: 0000065C: 10:11:47 [TUniServerModule]:HTTP Server Started on Port: 8077
ERPImporta.exe: 000028C4: 10:24:27 []:>--------------------------------------------------------------<
ERPImporta.exe: 000028C4: 10:24:27 [TUniServerModule]:Server First Init.
ERPImporta.exe: 000028C4: 10:24:27 [TUniServerModule]:Start Path = C:\Projetos_WEB\ERP_Importa\
ERPImporta.exe: 000028C4: 10:24:27 [TUniServerModule]:Debug Mode = ON
ERPImporta.exe: 000028C4: 10:24:27 [TUniServerModule]:Starting HTTP Server on Port: 8077...
ERPImporta.exe: 000028C4: 10:24:27 [TUniServerModule]:HTTP Server Started on Port: 8077
ERPImporta.exe: 00002BD8: 10:27:56 []:>--------------------------------------------------------------<
ERPImporta.exe: 00002BD8: 10:27:56 [TUniServerModule]:Server First Init.
ERPImporta.exe: 00002BD8: 10:27:56 [TUniServerModule]:Start Path = C:\Projetos_WEB\ERP_Importa\
ERPImporta.exe: 00002BD8: 10:27:56 [TUniServerModule]:Debug Mode = ON
ERPImporta.exe: 00002BD8: 10:27:56 [TUniGUISessionManager]:Cache erase job created, Folder count: [1]
ERPImporta.exe: 00002BD8: 10:27:56 [TUniServerModule]:Starting HTTP Server on Port: 8077...
ERPImporta.exe: 00002BD8: 10:27:56 [TUniServerModule]:HTTP Server Started on Port: 8077
ERPImporta.exe: 00002128: 10:29:31 []:>--------------------------------------------------------------<
ERPImporta.exe: 00002128: 10:29:31 [TUniServerModule]:Server First Init.
ERPImporta.exe: 00002128: 10:29:31 [TUniServerModule]:Start Path = C:\Projetos_WEB\ERP_Importa\
ERPImporta.exe: 00002128: 10:29:31 [TUniServerModule]:Debug Mode = ON
ERPImporta.exe: 00002128: 10:29:31 [TUniGUISessionManager]:Cache erase job created, Folder count: [1]
ERPImporta.exe: 00002128: 10:29:31 [TUniServerModule]:Starting HTTP Server on Port: 8077...
ERPImporta.exe: 00002128: 10:29:31 [TUniServerModule]:HTTP Server Started on Port: 8077
ERPImporta.exe: 00001670: 10:31:00 []:>--------------------------------------------------------------<
ERPImporta.exe: 00001670: 10:31:00 [TUniServerModule]:Server First Init.
ERPImporta.exe: 00001670: 10:31:00 [TUniServerModule]:Start Path = C:\Projetos_WEB\ERP_Importa\
ERPImporta.exe: 00001670: 10:31:00 [TUniServerModule]:Debug Mode = ON
ERPImporta.exe: 00001670: 10:31:01 [TUniServerModule]:Starting HTTP Server on Port: 8077...
ERPImporta.exe: 00001670: 10:31:01 [TUniServerModule]:HTTP Server Started on Port: 8077
ERPImporta.exe: 000015E0: 10:33:55 []:>--------------------------------------------------------------<
ERPImporta.exe: 000015E0: 10:33:55 [TUniServerModule]:Server First Init.
ERPImporta.exe: 000015E0: 10:33:55 [TUniServerModule]:Start Path = C:\Projetos_WEB\ERP_Importa\
ERPImporta.exe: 000015E0: 10:33:55 [TUniServerModule]:Debug Mode = ON
ERPImporta.exe: 000015E0: 10:33:55 [TUniServerModule]:Starting HTTP Server on Port: 8077...
ERPImporta.exe: 000015E0: 10:33:55 [TUniServerModule]:HTTP Server Started on Port: 8077
ERPImporta.exe: 00000F84: 10:34:39 []:>--------------------------------------------------------------<
ERPImporta.exe: 00000F84: 10:34:39 [TUniServerModule]:Server First Init.
ERPImporta.exe: 00000F84: 10:34:39 [TUniServerModule]:Start Path = C:\Projetos_WEB\ERP_Importa\
ERPImporta.exe: 00000F84: 10:34:39 [TUniServerModule]:Debug Mode = ON
ERPImporta.exe: 00000F84: 10:34:39 [TUniServerModule]:Starting HTTP Server on Port: 8077...
ERPImporta.exe: 00000F84: 10:34:40 [TUniServerModule]:HTTP Server Started on Port: 8077
ERPImporta.exe: 00000B5C: 10:35:49 []:>--------------------------------------------------------------<
ERPImporta.exe: 00000B5C: 10:35:49 [TUniServerModule]:Server First Init.
ERPImporta.exe: 00000B5C: 10:35:49 [TUniServerModule]:Start Path = C:\Projetos_WEB\ERP_Importa\
ERPImporta.exe: 00000B5C: 10:35:49 [TUniServerModule]:Debug Mode = ON
ERPImporta.exe: 00000B5C: 10:35:49 [TUniServerModule]:Starting HTTP Server on Port: 8077...
ERPImporta.exe: 00000B5C: 10:35:49 [TUniServerModule]:HTTP Server Started on Port: 8077
ERPImporta.exe: 00000B64: 10:37:21 []:>--------------------------------------------------------------<
ERPImporta.exe: 00000B64: 10:37:21 [TUniServerModule]:Server First Init.
ERPImporta.exe: 00000B64: 10:37:21 [TUniServerModule]:Start Path = C:\Projetos_WEB\ERP_Importa\
ERPImporta.exe: 00000B64: 10:37:21 [TUniServerModule]:Debug Mode = ON
ERPImporta.exe: 00000B64: 10:37:21 [TUniServerModule]:Starting HTTP Server on Port: 8077...
ERPImporta.exe: 00000B64: 10:37:21 [TUniServerModule]:HTTP Server Started on Port: 8077
ERPImporta.exe: 00003558: 10:43:28 []:>--------------------------------------------------------------<
ERPImporta.exe: 00003558: 10:43:28 [TUniServerModule]:Server First Init.
ERPImporta.exe: 00003558: 10:43:28 [TUniServerModule]:Start Path = C:\Projetos_WEB\ERP_Importa\
ERPImporta.exe: 00003558: 10:43:28 [TUniServerModule]:Debug Mode = ON
ERPImporta.exe: 00003558: 10:43:28 [TUniServerModule]:Starting HTTP Server on Port: 8077...
ERPImporta.exe: 00003558: 10:43:28 [TUniServerModule]:HTTP Server Started on Port: 8077
ERPImporta.exe: 00000AA0: 15:23:58 []:>--------------------------------------------------------------<
ERPImporta.exe: 00000AA0: 15:23:58 [TUniServerModule]:Server First Init.
ERPImporta.exe: 00000AA0: 15:23:58 [TUniServerModule]:Start Path = C:\Projetos_WEB\ERP_Importa\
ERPImporta.exe: 00000AA0: 15:23:58 [TUniServerModule]:Debug Mode = ON
ERPImporta.exe: 00000AA0: 15:23:59 [TUniServerModule]:Starting HTTP Server on Port: 8077...
ERPImporta.exe: 00000AA0: 15:23:59 [TUniServerModule]:HTTP Server Started on Port: 8077
ERPImporta.exe: 00002E34: 15:25:18 []:>--------------------------------------------------------------<
ERPImporta.exe: 00002E34: 15:25:18 [TUniServerModule]:Server First Init.
ERPImporta.exe: 00002E34: 15:25:18 [TUniServerModule]:Start Path = C:\Projetos_WEB\ERP_Importa\
ERPImporta.exe: 00002E34: 15:25:18 [TUniServerModule]:Debug Mode = ON
ERPImporta.exe: 00002E34: 15:25:19 [TUniServerModule]:Starting HTTP Server on Port: 8077...
ERPImporta.exe: 00002E34: 15:25:19 [TUniServerModule]:HTTP Server Started on Port: 8077
ERPImporta.exe: 000037F4: 15:26:23 []:>--------------------------------------------------------------<
ERPImporta.exe: 000037F4: 15:26:23 [TUniServerModule]:Server First Init.
ERPImporta.exe: 000037F4: 15:26:23 [TUniServerModule]:Start Path = C:\Projetos_WEB\ERP_Importa\
ERPImporta.exe: 000037F4: 15:26:23 [TUniServerModule]:Debug Mode = ON
ERPImporta.exe: 000037F4: 15:26:24 [TUniServerModule]:Starting HTTP Server on Port: 8077...
ERPImporta.exe: 000037F4: 15:26:24 [TUniServerModule]:HTTP Server Started on Port: 8077
ERPImporta.exe: 00001500: 15:27:18 []:>--------------------------------------------------------------<
ERPImporta.exe: 00001500: 15:27:18 [TUniServerModule]:Server First Init.
ERPImporta.exe: 00001500: 15:27:18 [TUniServerModule]:Start Path = C:\Projetos_WEB\ERP_Importa\
ERPImporta.exe: 00001500: 15:27:18 [TUniServerModule]:Debug Mode = ON
ERPImporta.exe: 00001500: 15:27:19 [TUniServerModule]:Starting HTTP Server on Port: 8077...
ERPImporta.exe: 00001500: 15:27:19 [TUniServerModule]:HTTP Server Started on Port: 8077
ERPImporta.exe: 00003020: 15:28:06 []:>--------------------------------------------------------------<
ERPImporta.exe: 00003020: 15:28:06 [TUniServerModule]:Server First Init.
ERPImporta.exe: 00003020: 15:28:06 [TUniServerModule]:Start Path = C:\Projetos_WEB\ERP_Importa\
ERPImporta.exe: 00003020: 15:28:06 [TUniServerModule]:Debug Mode = ON
ERPImporta.exe: 00003020: 15:28:07 [TUniServerModule]:Starting HTTP Server on Port: 8077...
ERPImporta.exe: 00003020: 15:28:07 [TUniServerModule]:HTTP Server Started on Port: 8077
ERPImporta.exe: 000001FC: 15:30:26 []:>--------------------------------------------------------------<
ERPImporta.exe: 000001FC: 15:30:26 [TUniServerModule]:Server First Init.
ERPImporta.exe: 000001FC: 15:30:26 [TUniServerModule]:Start Path = C:\Projetos_WEB\ERP_Importa\
ERPImporta.exe: 000001FC: 15:30:26 [TUniServerModule]:Debug Mode = ON
ERPImporta.exe: 000001FC: 15:30:26 [TUniServerModule]:Starting HTTP Server on Port: 8077...
ERPImporta.exe: 000001FC: 15:30:26 [TUniServerModule]:HTTP Server Started on Port: 8077
ERPImporta.exe: 000015A0: 15:31:04 []:>--------------------------------------------------------------<
ERPImporta.exe: 000015A0: 15:31:04 [TUniServerModule]:Server First Init.
ERPImporta.exe: 000015A0: 15:31:04 [TUniServerModule]:Start Path = C:\Projetos_WEB\ERP_Importa\
ERPImporta.exe: 000015A0: 15:31:04 [TUniServerModule]:Debug Mode = ON
ERPImporta.exe: 000015A0: 15:31:04 [TUniGUISessionManager]:Cache erase job created, Folder count: [1]
ERPImporta.exe: 000015A0: 15:31:05 [TUniServerModule]:Starting HTTP Server on Port: 8077...
ERPImporta.exe: 000015A0: 15:31:05 [TUniServerModule]:HTTP Server Started on Port: 8077
ERPImporta.exe: 00001550: 15:33:24 []:>--------------------------------------------------------------<
ERPImporta.exe: 00001550: 15:33:24 [TUniServerModule]:Server First Init.
ERPImporta.exe: 00001550: 15:33:24 [TUniServerModule]:Start Path = C:\Projetos_WEB\ERP_Importa\
ERPImporta.exe: 00001550: 15:33:24 [TUniServerModule]:Debug Mode = ON
ERPImporta.exe: 00001550: 15:33:24 [TUniServerModule]:Starting HTTP Server on Port: 8077...
ERPImporta.exe: 00001550: 15:33:24 [TUniServerModule]:HTTP Server Started on Port: 8077
ERPImporta.exe: 00002E48: 15:33:49 []:>--------------------------------------------------------------<
ERPImporta.exe: 00002E48: 15:33:49 [TUniServerModule]:Server First Init.
ERPImporta.exe: 00002E48: 15:33:49 [TUniServerModule]:Start Path = C:\Projetos_WEB\ERP_Importa\
ERPImporta.exe: 00002E48: 15:33:49 [TUniServerModule]:Debug Mode = ON
ERPImporta.exe: 00002E48: 15:33:49 [TUniServerModule]:Starting HTTP Server on Port: 8077...
ERPImporta.exe: 00002E48: 15:33:49 [TUniServerModule]:HTTP Server Started on Port: 8077
ERPImporta.exe: 000028D0: 15:34:09 []:>--------------------------------------------------------------<
ERPImporta.exe: 000028D0: 15:34:09 [TUniServerModule]:Server First Init.
ERPImporta.exe: 000028D0: 15:34:09 [TUniServerModule]:Start Path = C:\Projetos_WEB\ERP_Importa\
ERPImporta.exe: 000028D0: 15:34:09 [TUniServerModule]:Debug Mode = ON
ERPImporta.exe: 000028D0: 15:34:10 [TUniServerModule]:Starting HTTP Server on Port: 8077...
ERPImporta.exe: 000028D0: 15:34:10 [TUniServerModule]:HTTP Server Started on Port: 8077
ERPImporta.exe: 000004F8: 15:35:44 []:>--------------------------------------------------------------<
ERPImporta.exe: 000004F8: 15:35:44 [TUniServerModule]:Server First Init.
ERPImporta.exe: 000004F8: 15:35:44 [TUniServerModule]:Start Path = C:\Projetos_WEB\ERP_Importa\
ERPImporta.exe: 000004F8: 15:35:44 [TUniServerModule]:Debug Mode = ON
ERPImporta.exe: 000004F8: 15:35:44 [TUniGUISessionManager]:Cache erase job created, Folder count: [1]
ERPImporta.exe: 000004F8: 15:35:44 [TUniServerModule]:Starting HTTP Server on Port: 8077...
ERPImporta.exe: 000004F8: 15:35:44 [TUniServerModule]:HTTP Server Started on Port: 8077
ERPImporta.exe: 00000D78: 15:38:18 []:>--------------------------------------------------------------<
ERPImporta.exe: 00000D78: 15:38:18 [TUniServerModule]:Server First Init.
ERPImporta.exe: 00000D78: 15:38:18 [TUniServerModule]:Start Path = C:\Projetos_WEB\ERP_Importa\
ERPImporta.exe: 00000D78: 15:38:18 [TUniServerModule]:Debug Mode = ON
ERPImporta.exe: 00000D78: 15:38:18 [TUniGUISessionManager]:Cache erase job created, Folder count: [1]
ERPImporta.exe: 00000D78: 15:38:18 [TUniServerModule]:Starting HTTP Server on Port: 8077...
ERPImporta.exe: 00000D78: 15:38:18 [TUniServerModule]:HTTP Server Started on Port: 8077
ERPImporta.exe: 000018E0: 15:39:02 []:>--------------------------------------------------------------<
ERPImporta.exe: 000018E0: 15:39:02 [TUniServerModule]:Server First Init.
ERPImporta.exe: 000018E0: 15:39:02 [TUniServerModule]:Start Path = C:\Projetos_WEB\ERP_Importa\
ERPImporta.exe: 000018E0: 15:39:02 [TUniServerModule]:Debug Mode = ON
ERPImporta.exe: 000018E0: 15:39:02 [TUniServerModule]:Starting HTTP Server on Port: 8077...
ERPImporta.exe: 000018E0: 15:39:03 [TUniServerModule]:HTTP Server Started on Port: 8077
ERPImporta.exe: 000002C4: 15:39:35 []:>--------------------------------------------------------------<
ERPImporta.exe: 000002C4: 15:39:35 [TUniServerModule]:Server First Init.
ERPImporta.exe: 000002C4: 15:39:35 [TUniServerModule]:Start Path = C:\Projetos_WEB\ERP_Importa\
ERPImporta.exe: 000002C4: 15:39:35 [TUniServerModule]:Debug Mode = ON
ERPImporta.exe: 000002C4: 15:39:35 [TUniServerModule]:Starting HTTP Server on Port: 8077...
ERPImporta.exe: 000002C4: 15:39:35 [TUniServerModule]:HTTP Server Started on Port: 8077
ERPImporta.exe: 00000468: 15:40:03 []:>--------------------------------------------------------------<
ERPImporta.exe: 00000468: 15:40:03 [TUniServerModule]:Server First Init.
ERPImporta.exe: 00000468: 15:40:03 [TUniServerModule]:Start Path = C:\Projetos_WEB\ERP_Importa\
ERPImporta.exe: 00000468: 15:40:03 [TUniServerModule]:Debug Mode = ON
ERPImporta.exe: 00000468: 15:40:03 [TUniGUISessionManager]:Cache erase job created, Folder count: [1]
ERPImporta.exe: 00000468: 15:40:03 [TUniServerModule]:Starting HTTP Server on Port: 8077...
ERPImporta.exe: 00000468: 15:40:03 [TUniServerModule]:HTTP Server Started on Port: 8077
ERPImporta.exe: 00003F58: 15:43:24 []:>--------------------------------------------------------------<
ERPImporta.exe: 00003F58: 15:43:24 [TUniServerModule]:Server First Init.
ERPImporta.exe: 00003F58: 15:43:24 [TUniServerModule]:Start Path = C:\Projetos_WEB\ERP_Importa\
ERPImporta.exe: 00003F58: 15:43:24 [TUniServerModule]:Debug Mode = ON
ERPImporta.exe: 00003F58: 15:43:24 [TUniServerModule]:Starting HTTP Server on Port: 8077...
ERPImporta.exe: 00003F58: 15:43:24 [TUniServerModule]:HTTP Server Started on Port: 8077
ERPImporta.exe: 00003A0C: 15:45:23 []:>--------------------------------------------------------------<
ERPImporta.exe: 00003A0C: 15:45:23 [TUniServerModule]:Server First Init.
ERPImporta.exe: 00003A0C: 15:45:23 [TUniServerModule]:Start Path = C:\Projetos_WEB\ERP_Importa\
ERPImporta.exe: 00003A0C: 15:45:23 [TUniServerModule]:Debug Mode = ON
ERPImporta.exe: 00003A0C: 15:45:23 [TUniGUISessionManager]:Cache erase job created, Folder count: [1]
ERPImporta.exe: 00003A0C: 15:45:24 [TUniServerModule]:Starting HTTP Server on Port: 8077...
ERPImporta.exe: 00003A0C: 15:45:24 [TUniServerModule]:HTTP Server Started on Port: 8077
ERPImporta.exe: 00003608: 15:50:30 []:>--------------------------------------------------------------<
ERPImporta.exe: 00003608: 15:50:30 [TUniServerModule]:Server First Init.
ERPImporta.exe: 00003608: 15:50:30 [TUniServerModule]:Start Path = C:\Projetos_WEB\ERP_Importa\
ERPImporta.exe: 00003608: 15:50:30 [TUniServerModule]:Debug Mode = ON
ERPImporta.exe: 00003608: 15:50:30 [TUniGUISessionManager]:Cache erase job created, Folder count: [1]
ERPImporta.exe: 00003608: 15:50:31 [TUniServerModule]:Starting HTTP Server on Port: 8077...
ERPImporta.exe: 00003608: 15:50:31 [TUniServerModule]:HTTP Server Started on Port: 8077
ERPImporta.exe: 00003300: 15:50:59 []:>--------------------------------------------------------------<
ERPImporta.exe: 00003300: 15:50:59 [TUniServerModule]:Server First Init.
ERPImporta.exe: 00003300: 15:50:59 [TUniServerModule]:Start Path = C:\Projetos_WEB\ERP_Importa\
ERPImporta.exe: 00003300: 15:50:59 [TUniServerModule]:Debug Mode = ON
ERPImporta.exe: 00003300: 15:50:59 [TUniGUISessionManager]:Cache erase job created, Folder count: [1]
ERPImporta.exe: 00003300: 15:50:59 [TUniServerModule]:Starting HTTP Server on Port: 8077...
ERPImporta.exe: 00003300: 15:50:59 [TUniServerModule]:HTTP Server Started on Port: 8077
ERPImporta.exe: 000018A8: 15:51:57 []:>--------------------------------------------------------------<
ERPImporta.exe: 000018A8: 15:51:57 [TUniServerModule]:Server First Init.
ERPImporta.exe: 000018A8: 15:51:57 [TUniServerModule]:Start Path = C:\Projetos_WEB\ERP_Importa\
ERPImporta.exe: 000018A8: 15:51:57 [TUniServerModule]:Debug Mode = ON
ERPImporta.exe: 000018A8: 15:51:57 [TUniGUISessionManager]:Cache erase job created, Folder count: [1]
ERPImporta.exe: 000018A8: 15:51:57 [TUniServerModule]:Starting HTTP Server on Port: 8077...
ERPImporta.exe: 000018A8: 15:51:57 [TUniServerModule]:HTTP Server Started on Port: 8077
ERPImporta.exe: 00002918: 15:53:11 []:>--------------------------------------------------------------<
ERPImporta.exe: 00002918: 15:53:11 [TUniServerModule]:Server First Init.
ERPImporta.exe: 00002918: 15:53:11 [TUniServerModule]:Start Path = C:\Projetos_WEB\ERP_Importa\
ERPImporta.exe: 00002918: 15:53:11 [TUniServerModule]:Debug Mode = ON
ERPImporta.exe: 00002918: 15:53:11 [TUniGUISessionManager]:Cache erase job created, Folder count: [1]
ERPImporta.exe: 00002918: 15:53:12 [TUniServerModule]:Starting HTTP Server on Port: 8077...
ERPImporta.exe: 00002918: 15:53:12 [TUniServerModule]:HTTP Server Started on Port: 8077
ERPImporta.exe: 000007A4: 15:54:04 []:>--------------------------------------------------------------<
ERPImporta.exe: 000007A4: 15:54:04 [TUniServerModule]:Server First Init.
ERPImporta.exe: 000007A4: 15:54:04 [TUniServerModule]:Start Path = C:\Projetos_WEB\ERP_Importa\
ERPImporta.exe: 000007A4: 15:54:04 [TUniServerModule]:Debug Mode = ON
ERPImporta.exe: 000007A4: 15:54:05 [TUniServerModule]:Starting HTTP Server on Port: 8077...
ERPImporta.exe: 000007A4: 15:54:05 [TUniServerModule]:HTTP Server Started on Port: 8077
ERPImporta.exe: 000032FC: 15:54:50 []:>--------------------------------------------------------------<
ERPImporta.exe: 000032FC: 15:54:50 [TUniServerModule]:Server First Init.
ERPImporta.exe: 000032FC: 15:54:50 [TUniServerModule]:Start Path = C:\Projetos_WEB\ERP_Importa\
ERPImporta.exe: 000032FC: 15:54:50 [TUniServerModule]:Debug Mode = ON
ERPImporta.exe: 000032FC: 15:54:50 [TUniGUISessionManager]:Cache erase job created, Folder count: [1]
ERPImporta.exe: 000032FC: 15:54:50 [TUniServerModule]:Starting HTTP Server on Port: 8077...
ERPImporta.exe: 000032FC: 15:54:50 [TUniServerModule]:HTTP Server Started on Port: 8077
ERPImporta.exe: 00003A6C: 15:55:02 []:>--------------------------------------------------------------<
ERPImporta.exe: 00003A6C: 15:55:02 [TUniServerModule]:Server First Init.
ERPImporta.exe: 00003A6C: 15:55:02 [TUniServerModule]:Start Path = C:\Projetos_WEB\ERP_Importa\
ERPImporta.exe: 00003A6C: 15:55:02 [TUniServerModule]:Debug Mode = ON
ERPImporta.exe: 00003A6C: 15:55:03 [TUniServerModule]:Starting HTTP Server on Port: 8077...
ERPImporta.exe: 00003A6C: 15:55:03 [TUniServerModule]:HTTP Server Started on Port: 8077
ERPImporta.exe: 00002BD0: 15:55:13 []:>--------------------------------------------------------------<
ERPImporta.exe: 00002BD0: 15:55:13 [TUniServerModule]:Server First Init.
ERPImporta.exe: 00002BD0: 15:55:13 [TUniServerModule]:Start Path = C:\Projetos_WEB\ERP_Importa\
ERPImporta.exe: 00002BD0: 15:55:13 [TUniServerModule]:Debug Mode = ON
ERPImporta.exe: 00002BD0: 15:55:14 [TUniServerModule]:Starting HTTP Server on Port: 8077...
ERPImporta.exe: 00002BD0: 15:55:14 [TUniServerModule]:HTTP Server Started on Port: 8077
ERPImporta.exe: 000029F8: 15:56:58 []:>--------------------------------------------------------------<
ERPImporta.exe: 000029F8: 15:56:58 [TUniServerModule]:Server First Init.
ERPImporta.exe: 000029F8: 15:56:58 [TUniServerModule]:Start Path = C:\Projetos_WEB\ERP_Importa\
ERPImporta.exe: 000029F8: 15:56:58 [TUniServerModule]:Debug Mode = ON
ERPImporta.exe: 000029F8: 15:56:58 [TUniGUISessionManager]:Cache erase job created, Folder count: [1]
ERPImporta.exe: 000029F8: 15:56:59 [TUniServerModule]:Starting HTTP Server on Port: 8077...
ERPImporta.exe: 000029F8: 15:56:59 [TUniServerModule]:HTTP Server Started on Port: 8077
ERPImporta.exe: 00000E48: 16:11:43 []:>--------------------------------------------------------------<
ERPImporta.exe: 00000E48: 16:11:43 [TUniServerModule]:Server First Init.
ERPImporta.exe: 00000E48: 16:11:43 [TUniServerModule]:Start Path = C:\Projetos_WEB\ERP_Importa\
ERPImporta.exe: 00000E48: 16:11:43 [TUniServerModule]:Debug Mode = ON
ERPImporta.exe: 00000E48: 16:11:44 [TUniServerModule]:Starting HTTP Server on Port: 8077...
ERPImporta.exe: 00000E48: 16:11:44 [TUniServerModule]:HTTP Server Started on Port: 8077
ERPImporta.exe: 0000251C: 16:12:55 []:>--------------------------------------------------------------<
ERPImporta.exe: 0000251C: 16:12:55 [TUniServerModule]:Server First Init.
ERPImporta.exe: 0000251C: 16:12:55 [TUniServerModule]:Start Path = C:\Projetos_WEB\ERP_Importa\
ERPImporta.exe: 0000251C: 16:12:55 [TUniServerModule]:Debug Mode = ON
ERPImporta.exe: 0000251C: 16:12:55 [TUniServerModule]:Starting HTTP Server on Port: 8077...
ERPImporta.exe: 0000251C: 16:12:55 [TUniServerModule]:HTTP Server Started on Port: 8077
ERPImporta.exe: 00000B70: 16:13:43 []:>--------------------------------------------------------------<
ERPImporta.exe: 00000B70: 16:13:43 [TUniServerModule]:Server First Init.
ERPImporta.exe: 00000B70: 16:13:43 [TUniServerModule]:Start Path = C:\Projetos_WEB\ERP_Importa\
ERPImporta.exe: 00000B70: 16:13:43 [TUniServerModule]:Debug Mode = ON
ERPImporta.exe: 00000B70: 16:13:43 [TUniGUISessionManager]:Cache erase job created, Folder count: [1]
ERPImporta.exe: 00000B70: 16:13:44 [TUniServerModule]:Starting HTTP Server on Port: 8077...
ERPImporta.exe: 00000B70: 16:13:44 [TUniServerModule]:HTTP Server Started on Port: 8077
ERPImporta.exe: 00001D44: 16:14:23 []:>--------------------------------------------------------------<
ERPImporta.exe: 00001D44: 16:14:23 [TUniServerModule]:Server First Init.
ERPImporta.exe: 00001D44: 16:14:23 [TUniServerModule]:Start Path = C:\Projetos_WEB\ERP_Importa\
ERPImporta.exe: 00001D44: 16:14:23 [TUniServerModule]:Debug Mode = ON
ERPImporta.exe: 00001D44: 16:14:23 [TUniGUISessionManager]:Cache erase job created, Folder count: [1]
ERPImporta.exe: 00001D44: 16:14:23 [TUniServerModule]:Starting HTTP Server on Port: 8077...
ERPImporta.exe: 00001D44: 16:14:24 [TUniServerModule]:HTTP Server Started on Port: 8077
ERPImporta.exe: 0000142C: 16:15:59 []:>--------------------------------------------------------------<
ERPImporta.exe: 0000142C: 16:15:59 [TUniServerModule]:Server First Init.
ERPImporta.exe: 0000142C: 16:15:59 [TUniServerModule]:Start Path = C:\Projetos_WEB\ERP_Importa\
ERPImporta.exe: 0000142C: 16:15:59 [TUniServerModule]:Debug Mode = ON
ERPImporta.exe: 0000142C: 16:15:59 [TUniGUISessionManager]:Cache erase job created, Folder count: [1]
ERPImporta.exe: 0000142C: 16:16:00 [TUniServerModule]:Starting HTTP Server on Port: 8077...
ERPImporta.exe: 0000142C: 16:16:00 [TUniServerModule]:HTTP Server Started on Port: 8077
ERPImporta.exe: 0000103C: 16:19:58 []:>--------------------------------------------------------------<
ERPImporta.exe: 0000103C: 16:19:58 [TUniServerModule]:Server First Init.
ERPImporta.exe: 0000103C: 16:19:58 [TUniServerModule]:Start Path = C:\Projetos_WEB\ERP_Importa\
ERPImporta.exe: 0000103C: 16:19:58 [TUniServerModule]:Debug Mode = ON
ERPImporta.exe: 0000103C: 16:19:59 [TUniServerModule]:Starting HTTP Server on Port: 8077...
ERPImporta.exe: 0000103C: 16:19:59 [TUniServerModule]:HTTP Server Started on Port: 8077
ERPImporta.exe: 00002C64: 16:22:05 []:>--------------------------------------------------------------<
ERPImporta.exe: 00002C64: 16:22:05 [TUniServerModule]:Server First Init.
ERPImporta.exe: 00002C64: 16:22:05 [TUniServerModule]:Start Path = C:\Projetos_WEB\ERP_Importa\
ERPImporta.exe: 00002C64: 16:22:05 [TUniServerModule]:Debug Mode = ON
ERPImporta.exe: 00002C64: 16:22:05 [TUniServerModule]:Starting HTTP Server on Port: 8077...
ERPImporta.exe: 00002C64: 16:22:05 [TUniServerModule]:HTTP Server Started on Port: 8077
ERPImporta.exe: 00001BC8: 16:25:12 []:>--------------------------------------------------------------<
ERPImporta.exe: 00001BC8: 16:25:12 [TUniServerModule]:Server First Init.
ERPImporta.exe: 00001BC8: 16:25:12 [TUniServerModule]:Start Path = C:\Projetos_WEB\ERP_Importa\
ERPImporta.exe: 00001BC8: 16:25:12 [TUniServerModule]:Debug Mode = ON
ERPImporta.exe: 00001BC8: 16:25:13 [TUniServerModule]:Starting HTTP Server on Port: 8077...
ERPImporta.exe: 00001BC8: 16:25:13 [TUniServerModule]:HTTP Server Started on Port: 8077
ERPImporta.exe: 000006A0: 16:26:03 []:>--------------------------------------------------------------<
ERPImporta.exe: 000006A0: 16:26:03 [TUniServerModule]:Server First Init.
ERPImporta.exe: 000006A0: 16:26:03 [TUniServerModule]:Start Path = C:\Projetos_WEB\ERP_Importa\
ERPImporta.exe: 000006A0: 16:26:03 [TUniServerModule]:Debug Mode = ON
ERPImporta.exe: 000006A0: 16:26:03 [TUniServerModule]:Starting HTTP Server on Port: 8077...
ERPImporta.exe: 000006A0: 16:26:03 [TUniServerModule]:HTTP Server Started on Port: 8077
ERPImporta.exe: 00001714: 16:27:54 []:>--------------------------------------------------------------<
ERPImporta.exe: 00001714: 16:27:54 [TUniServerModule]:Server First Init.
ERPImporta.exe: 00001714: 16:27:54 [TUniServerModule]:Start Path = C:\Projetos_WEB\ERP_Importa\
ERPImporta.exe: 00001714: 16:27:54 [TUniServerModule]:Debug Mode = ON
ERPImporta.exe: 00001714: 16:27:55 [TUniServerModule]:Starting HTTP Server on Port: 8077...
ERPImporta.exe: 00001714: 16:27:55 [TUniServerModule]:HTTP Server Started on Port: 8077
ERPImporta.exe: 00003418: 16:30:25 []:>--------------------------------------------------------------<
ERPImporta.exe: 00003418: 16:30:25 [TUniServerModule]:Server First Init.
ERPImporta.exe: 00003418: 16:30:25 [TUniServerModule]:Start Path = C:\Projetos_WEB\ERP_Importa\
ERPImporta.exe: 00003418: 16:30:25 [TUniServerModule]:Debug Mode = ON
ERPImporta.exe: 00003418: 16:30:25 [TUniServerModule]:Starting HTTP Server on Port: 8077...
ERPImporta.exe: 00003418: 16:30:25 [TUniServerModule]:HTTP Server Started on Port: 8077
ERPImporta.exe: 000032C4: 16:30:53 []:>--------------------------------------------------------------<
ERPImporta.exe: 000032C4: 16:30:53 [TUniServerModule]:Server First Init.
ERPImporta.exe: 000032C4: 16:30:53 [TUniServerModule]:Start Path = C:\Projetos_WEB\ERP_Importa\
ERPImporta.exe: 000032C4: 16:30:53 [TUniServerModule]:Debug Mode = ON
ERPImporta.exe: 000032C4: 16:30:54 [TUniServerModule]:Starting HTTP Server on Port: 8077...
ERPImporta.exe: 000032C4: 16:30:54 [TUniServerModule]:HTTP Server Started on Port: 8077
ERPImporta.exe: 00003324: 16:31:17 []:>--------------------------------------------------------------<
ERPImporta.exe: 00003324: 16:31:17 [TUniServerModule]:Server First Init.
ERPImporta.exe: 00003324: 16:31:17 [TUniServerModule]:Start Path = C:\Projetos_WEB\ERP_Importa\
ERPImporta.exe: 00003324: 16:31:17 [TUniServerModule]:Debug Mode = ON
ERPImporta.exe: 00003324: 16:31:17 [TUniGUISessionManager]:Cache erase job created, Folder count: [1]
ERPImporta.exe: 00003324: 16:31:18 [TUniServerModule]:Starting HTTP Server on Port: 8077...
ERPImporta.exe: 00003324: 16:31:18 [TUniServerModule]:HTTP Server Started on Port: 8077
ERPImporta.exe: 00003AE4: 16:31:55 []:>--------------------------------------------------------------<
ERPImporta.exe: 00003AE4: 16:31:55 [TUniServerModule]:Server First Init.
ERPImporta.exe: 00003AE4: 16:31:55 [TUniServerModule]:Start Path = C:\Projetos_WEB\ERP_Importa\
ERPImporta.exe: 00003AE4: 16:31:55 [TUniServerModule]:Debug Mode = ON
ERPImporta.exe: 00003AE4: 16:31:55 [TUniGUISessionManager]:Cache erase job created, Folder count: [1]
ERPImporta.exe: 00003AE4: 16:31:55 [TUniServerModule]:Starting HTTP Server on Port: 8077...
ERPImporta.exe: 00003AE4: 16:31:55 [TUniServerModule]:HTTP Server Started on Port: 8077
ERPImporta.exe: 000037E8: 16:34:26 []:>--------------------------------------------------------------<
ERPImporta.exe: 000037E8: 16:34:26 [TUniServerModule]:Server First Init.
ERPImporta.exe: 000037E8: 16:34:26 [TUniServerModule]:Start Path = C:\Projetos_WEB\ERP_Importa\
ERPImporta.exe: 000037E8: 16:34:26 [TUniServerModule]:Debug Mode = ON
ERPImporta.exe: 000037E8: 16:34:26 [TUniServerModule]:Starting HTTP Server on Port: 8077...
ERPImporta.exe: 000037E8: 16:34:26 [TUniServerModule]:HTTP Server Started on Port: 8077
ERPImporta.exe: 0000235C: 16:35:19 []:>--------------------------------------------------------------<
ERPImporta.exe: 0000235C: 16:35:19 [TUniServerModule]:Server First Init.
ERPImporta.exe: 0000235C: 16:35:19 [TUniServerModule]:Start Path = C:\Projetos_WEB\ERP_Importa\
ERPImporta.exe: 0000235C: 16:35:19 [TUniServerModule]:Debug Mode = ON
ERPImporta.exe: 0000235C: 16:35:19 [TUniGUISessionManager]:Cache erase job created, Folder count: [1]
ERPImporta.exe: 0000235C: 16:35:19 [TUniServerModule]:Starting HTTP Server on Port: 8077...
ERPImporta.exe: 0000235C: 16:35:19 [TUniServerModule]:HTTP Server Started on Port: 8077
ERPImporta.exe: 00002FBC: 16:35:58 []:>--------------------------------------------------------------<
ERPImporta.exe: 00002FBC: 16:35:58 [TUniServerModule]:Server First Init.
ERPImporta.exe: 00002FBC: 16:35:58 [TUniServerModule]:Start Path = C:\Projetos_WEB\ERP_Importa\
ERPImporta.exe: 00002FBC: 16:35:58 [TUniServerModule]:Debug Mode = ON
ERPImporta.exe: 00002FBC: 16:35:58 [TUniGUISessionManager]:Cache erase job created, Folder count: [1]
ERPImporta.exe: 00002FBC: 16:35:58 [TUniServerModule]:Starting HTTP Server on Port: 8077...
ERPImporta.exe: 00002FBC: 16:35:58 [TUniServerModule]:HTTP Server Started on Port: 8077
ERPImporta.exe: 000031B4: 17:15:17 []:>--------------------------------------------------------------<
ERPImporta.exe: 000031B4: 17:15:17 [TUniServerModule]:Server First Init.
ERPImporta.exe: 000031B4: 17:15:17 [TUniServerModule]:Start Path = C:\Projetos_WEB\ERP_Importa\
ERPImporta.exe: 000031B4: 17:15:17 [TUniServerModule]:Debug Mode = ON
ERPImporta.exe: 000031B4: 17:15:17 [TUniServerModule]:Starting HTTP Server on Port: 8077...
ERPImporta.exe: 000031B4: 17:15:17 [TUniServerModule]:HTTP Server Started on Port: 8077
ERPImporta.exe: 00002D84: 17:16:41 []:>--------------------------------------------------------------<
ERPImporta.exe: 00002D84: 17:16:41 [TUniServerModule]:Server First Init.
ERPImporta.exe: 00002D84: 17:16:41 [TUniServerModule]:Start Path = C:\Projetos_WEB\ERP_Importa\
ERPImporta.exe: 00002D84: 17:16:41 [TUniServerModule]:Debug Mode = ON
ERPImporta.exe: 00002D84: 17:16:41 [TUniServerModule]:Starting HTTP Server on Port: 8077...
ERPImporta.exe: 00002D84: 17:16:41 [TUniServerModule]:HTTP Server Started on Port: 8077
ERPImporta.exe: 00000844: 17:17:33 []:>--------------------------------------------------------------<
ERPImporta.exe: 00000844: 17:17:33 [TUniServerModule]:Server First Init.
ERPImporta.exe: 00000844: 17:17:33 [TUniServerModule]:Start Path = C:\Projetos_WEB\ERP_Importa\
ERPImporta.exe: 00000844: 17:17:33 [TUniServerModule]:Debug Mode = ON
ERPImporta.exe: 00000844: 17:17:33 [TUniGUISessionManager]:Cache erase job created, Folder count: [1]
ERPImporta.exe: 00000844: 17:17:34 [TUniServerModule]:Starting HTTP Server on Port: 8077...
ERPImporta.exe: 00000844: 17:17:34 [TUniServerModule]:HTTP Server Started on Port: 8077
ERPImporta.exe: 000035B0: 17:17:53 [HandleFileRequest[127.0.0.1]]:File not found: C:\Projetos_WEB\ERP_Importa\files\images\fundo8.jpg
ERPImporta.exe: 000025A8: 17:18:52 []:>--------------------------------------------------------------<
ERPImporta.exe: 000025A8: 17:18:52 [TUniServerModule]:Server First Init.
ERPImporta.exe: 000025A8: 17:18:52 [TUniServerModule]:Start Path = C:\Projetos_WEB\ERP_Importa\
ERPImporta.exe: 000025A8: 17:18:52 [TUniServerModule]:Debug Mode = ON
ERPImporta.exe: 000025A8: 17:18:52 [TUniGUISessionManager]:Cache erase job created, Folder count: [1]
ERPImporta.exe: 000025A8: 17:18:52 [TUniServerModule]:Starting HTTP Server on Port: 8077...
ERPImporta.exe: 000025A8: 17:18:52 [TUniServerModule]:HTTP Server Started on Port: 8077
ERPImporta.exe: 000022D4: 17:20:55 []:>--------------------------------------------------------------<
ERPImporta.exe: 000022D4: 17:20:55 [TUniServerModule]:Server First Init.
ERPImporta.exe: 000022D4: 17:20:55 [TUniServerModule]:Start Path = C:\Projetos_WEB\ERP_Importa\
ERPImporta.exe: 000022D4: 17:20:55 [TUniServerModule]:Debug Mode = ON
ERPImporta.exe: 000022D4: 17:20:55 [TUniServerModule]:Starting HTTP Server on Port: 8077...
ERPImporta.exe: 000022D4: 17:20:56 [TUniServerModule]:HTTP Server Started on Port: 8077
ERPImporta.exe: 00003500: 17:21:57 []:>--------------------------------------------------------------<
ERPImporta.exe: 00003500: 17:21:57 [TUniServerModule]:Server First Init.
ERPImporta.exe: 00003500: 17:21:57 [TUniServerModule]:Start Path = C:\Projetos_WEB\ERP_Importa\
ERPImporta.exe: 00003500: 17:21:57 [TUniServerModule]:Debug Mode = ON
ERPImporta.exe: 00003500: 17:21:57 [TUniGUISessionManager]:Cache erase job created, Folder count: [1]
ERPImporta.exe: 00003500: 17:21:58 [TUniServerModule]:Starting HTTP Server on Port: 8077...
ERPImporta.exe: 00003500: 17:21:58 [TUniServerModule]:HTTP Server Started on Port: 8077
ERPImporta.exe: 0000387C: 17:22:59 []:>--------------------------------------------------------------<
ERPImporta.exe: 0000387C: 17:22:59 [TUniServerModule]:Server First Init.
ERPImporta.exe: 0000387C: 17:22:59 [TUniServerModule]:Start Path = C:\Projetos_WEB\ERP_Importa\
ERPImporta.exe: 0000387C: 17:22:59 [TUniServerModule]:Debug Mode = ON
ERPImporta.exe: 0000387C: 17:22:59 [TUniServerModule]:Starting HTTP Server on Port: 8077...
ERPImporta.exe: 0000387C: 17:22:59 [TUniServerModule]:HTTP Server Started on Port: 8077
ERPImporta.exe: 0000229C: 17:23:56 []:>--------------------------------------------------------------<
ERPImporta.exe: 0000229C: 17:23:56 [TUniServerModule]:Server First Init.
ERPImporta.exe: 0000229C: 17:23:56 [TUniServerModule]:Start Path = C:\Projetos_WEB\ERP_Importa\
ERPImporta.exe: 0000229C: 17:23:56 [TUniServerModule]:Debug Mode = ON
ERPImporta.exe: 0000229C: 17:23:56 [TUniServerModule]:Starting HTTP Server on Port: 8077...
ERPImporta.exe: 0000229C: 17:23:56 [TUniServerModule]:HTTP Server Started on Port: 8077
ERPImporta.exe: 00001248: 17:24:59 []:>--------------------------------------------------------------<
ERPImporta.exe: 00001248: 17:24:59 [TUniServerModule]:Server First Init.
ERPImporta.exe: 00001248: 17:24:59 [TUniServerModule]:Start Path = C:\Projetos_WEB\ERP_Importa\
ERPImporta.exe: 00001248: 17:24:59 [TUniServerModule]:Debug Mode = ON
ERPImporta.exe: 00001248: 17:25:00 [TUniServerModule]:Starting HTTP Server on Port: 8077...
ERPImporta.exe: 00001248: 17:25:00 [TUniServerModule]:HTTP Server Started on Port: 8077
