ERPImporta.exe: 00001DA4: 13:19:59 []:>--------------------------------------------------------------<
ERPImporta.exe: 00001DA4: 13:19:59 [TUniServerModule]:Server First Init.
ERPImporta.exe: 00001DA4: 13:19:59 [TUniServerModule]:Start Path = C:\Projetos_WEB\ERP_Importa\
ERPImporta.exe: 00001DA4: 13:19:59 [TUniServerModule]:Debug Mode = ON
ERPImporta.exe: 00001DA4: 13:20:00 [TUniServerModule]:Starting HTTP Server on Port: 8077...
ERPImporta.exe: 00001DA4: 13:20:00 [TUniServerModule]:HTTP Server Started on Port: 8077
ERPImporta.exe: 00002F14: 13:20:16 [[FireDAC][Phys][ODBC][Microsoft][SQL Server Native Client 11.0][SQL Server]Invalid column name 'Beneficiario'.-127.0.0.1]:EMSSQLNativeException : [FireDAC][Phys][ODBC][Microsoft][SQL Server Native Client 11.0][SQL Server]Invalid column name 'Beneficiario'. : Addr: $008DFDA9
ERPImporta.exe: 00003518: 13:20:19 [HandleFileRequest[127.0.0.1]]:File not found: C:\Projetos_WEB\ERP_Importa\files\images\fundo8.jpg
ERPImporta.exe: 00002F14: 13:20:29 [[FireDAC][Phys][ODBC][Microsoft][SQL Server Native Client 11.0][SQL Server]Invalid column name 'Beneficiario'.-127.0.0.1]:EMSSQLNativeException : [FireDAC][Phys][ODBC][Microsoft][SQL Server Native Client 11.0][SQL Server]Invalid column name 'Beneficiario'. : Addr: $008DFDA9
ERPImporta.exe: 00000918: 13:23:04 []:>--------------------------------------------------------------<
ERPImporta.exe: 00000918: 13:23:04 [TUniServerModule]:Server First Init.
ERPImporta.exe: 00000918: 13:23:04 [TUniServerModule]:Start Path = C:\Projetos_WEB\ERP_Importa\
ERPImporta.exe: 00000918: 13:23:04 [TUniServerModule]:Debug Mode = ON
ERPImporta.exe: 00000918: 13:23:04 [TUniServerModule]:Starting HTTP Server on Port: 8077...
ERPImporta.exe: 00000918: 13:23:04 [TUniServerModule]:HTTP Server Started on Port: 8077
ERPImporta.exe: 000023B8: 13:26:32 []:>--------------------------------------------------------------<
ERPImporta.exe: 000023B8: 13:26:32 [TUniServerModule]:Server First Init.
ERPImporta.exe: 000023B8: 13:26:32 [TUniServerModule]:Start Path = C:\Projetos_WEB\ERP_Importa\
ERPImporta.exe: 000023B8: 13:26:32 [TUniServerModule]:Debug Mode = ON
ERPImporta.exe: 000023B8: 13:26:32 [TUniGUISessionManager]:Cache erase job created, Folder count: [1]
ERPImporta.exe: 000023B8: 13:26:33 [TUniServerModule]:Starting HTTP Server on Port: 8077...
ERPImporta.exe: 000023B8: 13:26:33 [TUniServerModule]:HTTP Server Started on Port: 8077
ERPImporta.exe: 00003FE0: 13:26:44 [127.0.0.1]:EUniSessionException : Sessão inváilda ou tempo da sessão expirado. (Session not found: Z6IW87nKEl1100D041A ) : Addr: $007CFC94
ERPImporta.exe: 00003E34: 13:27:03 []:>--------------------------------------------------------------<
ERPImporta.exe: 00003E34: 13:27:03 [TUniServerModule]:Server First Init.
ERPImporta.exe: 00003E34: 13:27:03 [TUniServerModule]:Start Path = C:\Projetos_WEB\ERP_Importa\
ERPImporta.exe: 00003E34: 13:27:03 [TUniServerModule]:Debug Mode = ON
ERPImporta.exe: 00003E34: 13:27:04 [TUniServerModule]:Starting HTTP Server on Port: 8077...
ERPImporta.exe: 00003E34: 13:27:04 [TUniServerModule]:HTTP Server Started on Port: 8077
ERPImporta.exe: 000020A8: 13:29:00 []:>--------------------------------------------------------------<
ERPImporta.exe: 000020A8: 13:29:00 [TUniServerModule]:Server First Init.
ERPImporta.exe: 000020A8: 13:29:00 [TUniServerModule]:Start Path = C:\Projetos_WEB\ERP_Importa\
ERPImporta.exe: 000020A8: 13:29:00 [TUniServerModule]:Debug Mode = ON
ERPImporta.exe: 000020A8: 13:29:00 [TUniServerModule]:Starting HTTP Server on Port: 8077...
ERPImporta.exe: 000020A8: 13:29:00 [TUniServerModule]:HTTP Server Started on Port: 8077
ERPImporta.exe: 0000128C: 13:34:44 []:>--------------------------------------------------------------<
ERPImporta.exe: 0000128C: 13:34:44 [TUniServerModule]:Server First Init.
ERPImporta.exe: 0000128C: 13:34:44 [TUniServerModule]:Start Path = C:\Projetos_WEB\ERP_Importa\
ERPImporta.exe: 0000128C: 13:34:44 [TUniServerModule]:Debug Mode = ON
ERPImporta.exe: 0000128C: 13:34:44 [TUniGUISessionManager]:Cache erase job created, Folder count: [1]
ERPImporta.exe: 0000128C: 13:34:44 [TUniServerModule]:Starting HTTP Server on Port: 8077...
ERPImporta.exe: 0000128C: 13:34:44 [TUniServerModule]:HTTP Server Started on Port: 8077
ERPImporta.exe: 00001CCC: 13:35:50 []:>--------------------------------------------------------------<
ERPImporta.exe: 00001CCC: 13:35:50 [TUniServerModule]:Server First Init.
ERPImporta.exe: 00001CCC: 13:35:50 [TUniServerModule]:Start Path = C:\Projetos_WEB\ERP_Importa\
ERPImporta.exe: 00001CCC: 13:35:50 [TUniServerModule]:Debug Mode = ON
ERPImporta.exe: 00001CCC: 13:35:51 [TUniServerModule]:Starting HTTP Server on Port: 8077...
ERPImporta.exe: 00001CCC: 13:35:51 [TUniServerModule]:HTTP Server Started on Port: 8077
ERPImporta.exe: 000018DC: 13:39:07 []:>--------------------------------------------------------------<
ERPImporta.exe: 000018DC: 13:39:07 [TUniServerModule]:Server First Init.
ERPImporta.exe: 000018DC: 13:39:07 [TUniServerModule]:Start Path = C:\Projetos_WEB\ERP_Importa\
ERPImporta.exe: 000018DC: 13:39:07 [TUniServerModule]:Debug Mode = ON
ERPImporta.exe: 000018DC: 13:39:07 [TUniServerModule]:Starting HTTP Server on Port: 8077...
ERPImporta.exe: 000018DC: 13:39:07 [TUniServerModule]:HTTP Server Started on Port: 8077
ERPImporta.exe: 00002340: 13:39:43 []:>--------------------------------------------------------------<
ERPImporta.exe: 00002340: 13:39:43 [TUniServerModule]:Server First Init.
ERPImporta.exe: 00002340: 13:39:43 [TUniServerModule]:Start Path = C:\Projetos_WEB\ERP_Importa\
ERPImporta.exe: 00002340: 13:39:43 [TUniServerModule]:Debug Mode = ON
ERPImporta.exe: 00002340: 13:39:43 [TUniServerModule]:Starting HTTP Server on Port: 8077...
ERPImporta.exe: 00002340: 13:39:43 [TUniServerModule]:HTTP Server Started on Port: 8077
ERPImporta.exe: 00003E94: 13:40:36 []:>--------------------------------------------------------------<
ERPImporta.exe: 00003E94: 13:40:36 [TUniServerModule]:Server First Init.
ERPImporta.exe: 00003E94: 13:40:36 [TUniServerModule]:Start Path = C:\Projetos_WEB\ERP_Importa\
ERPImporta.exe: 00003E94: 13:40:36 [TUniServerModule]:Debug Mode = ON
ERPImporta.exe: 00003E94: 13:40:36 [TUniServerModule]:Starting HTTP Server on Port: 8077...
ERPImporta.exe: 00003E94: 13:40:36 [TUniServerModule]:HTTP Server Started on Port: 8077
ERPImporta.exe: 00001D74: 13:55:24 []:>--------------------------------------------------------------<
ERPImporta.exe: 00001D74: 13:55:24 [TUniServerModule]:Server First Init.
ERPImporta.exe: 00001D74: 13:55:24 [TUniServerModule]:Start Path = C:\Projetos_WEB\ERP_Importa\
ERPImporta.exe: 00001D74: 13:55:24 [TUniServerModule]:Debug Mode = ON
ERPImporta.exe: 00001D74: 13:55:24 [TUniGUISessionManager]:Cache erase job created, Folder count: [1]
ERPImporta.exe: 00001D74: 13:55:24 [TUniServerModule]:Starting HTTP Server on Port: 8077...
ERPImporta.exe: 00001D74: 13:55:24 [TUniServerModule]:HTTP Server Started on Port: 8077
ERPImporta.exe: 00001F34: 13:55:32 [127.0.0.1]:EUniSessionException : Sessão inváilda ou tempo da sessão expirado. (Session not found: 919zwirR7X1100D0AED ) : Addr: $007CFC94
ERPImporta.exe: 00001928: 14:01:08 []:>--------------------------------------------------------------<
ERPImporta.exe: 00001928: 14:01:08 [TUniServerModule]:Server First Init.
ERPImporta.exe: 00001928: 14:01:08 [TUniServerModule]:Start Path = C:\Projetos_WEB\ERP_Importa\
ERPImporta.exe: 00001928: 14:01:08 [TUniServerModule]:Debug Mode = ON
ERPImporta.exe: 00001928: 14:01:08 [TUniGUISessionManager]:Cache erase job created, Folder count: [1]
ERPImporta.exe: 00001928: 14:01:08 [TUniServerModule]:Starting HTTP Server on Port: 8077...
ERPImporta.exe: 00001928: 14:01:08 [TUniServerModule]:HTTP Server Started on Port: 8077
ERPImporta.exe: 00002840: 14:10:00 []:>--------------------------------------------------------------<
ERPImporta.exe: 00002840: 14:10:00 [TUniServerModule]:Server First Init.
ERPImporta.exe: 00002840: 14:10:00 [TUniServerModule]:Start Path = C:\Projetos_WEB\ERP_Importa\
ERPImporta.exe: 00002840: 14:10:00 [TUniServerModule]:Debug Mode = ON
ERPImporta.exe: 00002840: 14:10:00 [TUniGUISessionManager]:Cache erase job created, Folder count: [1]
ERPImporta.exe: 00002840: 14:10:00 [TUniServerModule]:Starting HTTP Server on Port: 8077...
ERPImporta.exe: 00002840: 14:10:01 [TUniServerModule]:HTTP Server Started on Port: 8077
ERPImporta.exe: 0000246C: 14:12:21 []:>--------------------------------------------------------------<
ERPImporta.exe: 0000246C: 14:12:21 [TUniServerModule]:Server First Init.
ERPImporta.exe: 0000246C: 14:12:21 [TUniServerModule]:Start Path = C:\Projetos_WEB\ERP_Importa\
ERPImporta.exe: 0000246C: 14:12:21 [TUniServerModule]:Debug Mode = ON
ERPImporta.exe: 0000246C: 14:12:22 [TUniServerModule]:Starting HTTP Server on Port: 8077...
ERPImporta.exe: 0000246C: 14:12:22 [TUniServerModule]:HTTP Server Started on Port: 8077
ERPImporta.exe: 00000F88: 14:16:33 []:>--------------------------------------------------------------<
ERPImporta.exe: 00000F88: 14:16:33 [TUniServerModule]:Server First Init.
ERPImporta.exe: 00000F88: 14:16:33 [TUniServerModule]:Start Path = C:\Projetos_WEB\ERP_Importa\
ERPImporta.exe: 00000F88: 14:16:33 [TUniServerModule]:Debug Mode = ON
ERPImporta.exe: 00000F88: 14:16:33 [TUniGUISessionManager]:Cache erase job created, Folder count: [1]
ERPImporta.exe: 00000F88: 14:16:34 [TUniServerModule]:Starting HTTP Server on Port: 8077...
ERPImporta.exe: 00000F88: 14:16:34 [TUniServerModule]:HTTP Server Started on Port: 8077
ERPImporta.exe: 00000900: 14:16:38 [Bitmap image is not valid-127.0.0.1]:EInvalidGraphic : Bitmap image is not valid : Addr: $0053D4D6
ERPImporta.exe: 00002F78: 14:17:48 []:>--------------------------------------------------------------<
ERPImporta.exe: 00002F78: 14:17:48 [TUniServerModule]:Server First Init.
ERPImporta.exe: 00002F78: 14:17:48 [TUniServerModule]:Start Path = C:\Projetos_WEB\ERP_Importa\
ERPImporta.exe: 00002F78: 14:17:48 [TUniServerModule]:Debug Mode = ON
ERPImporta.exe: 00002F78: 14:17:49 [TUniServerModule]:Starting HTTP Server on Port: 8077...
ERPImporta.exe: 00002F78: 14:17:49 [TUniServerModule]:HTTP Server Started on Port: 8077
ERPImporta.exe: 00003034: 14:17:53 [Bitmap image is not valid-127.0.0.1]:EInvalidGraphic : Bitmap image is not valid : Addr: $0053D4D6
ERPImporta.exe: 00002E54: 14:19:16 []:>--------------------------------------------------------------<
ERPImporta.exe: 00002E54: 14:19:16 [TUniServerModule]:Server First Init.
ERPImporta.exe: 00002E54: 14:19:16 [TUniServerModule]:Start Path = C:\Projetos_WEB\ERP_Importa\
ERPImporta.exe: 00002E54: 14:19:16 [TUniServerModule]:Debug Mode = ON
ERPImporta.exe: 00002E54: 14:19:16 [TUniGUISessionManager]:Cache erase job created, Folder count: [1]
ERPImporta.exe: 00002E54: 14:19:17 [TUniServerModule]:Starting HTTP Server on Port: 8077...
ERPImporta.exe: 00002E54: 14:19:17 [TUniServerModule]:HTTP Server Started on Port: 8077
ERPImporta.exe: 00000AD8: 14:20:57 []:>--------------------------------------------------------------<
ERPImporta.exe: 00000AD8: 14:20:57 [TUniServerModule]:Server First Init.
ERPImporta.exe: 00000AD8: 14:20:57 [TUniServerModule]:Start Path = C:\Projetos_WEB\ERP_Importa\
ERPImporta.exe: 00000AD8: 14:20:57 [TUniServerModule]:Debug Mode = ON
ERPImporta.exe: 00000AD8: 14:20:57 [TUniServerModule]:Starting HTTP Server on Port: 8077...
ERPImporta.exe: 00000AD8: 14:20:57 [TUniServerModule]:HTTP Server Started on Port: 8077
ERPImporta.exe: 00001648: 14:22:51 []:>--------------------------------------------------------------<
ERPImporta.exe: 00001648: 14:22:51 [TUniServerModule]:Server First Init.
ERPImporta.exe: 00001648: 14:22:51 [TUniServerModule]:Start Path = C:\Projetos_WEB\ERP_Importa\
ERPImporta.exe: 00001648: 14:22:51 [TUniServerModule]:Debug Mode = ON
ERPImporta.exe: 00001648: 14:22:51 [TUniServerModule]:Starting HTTP Server on Port: 8077...
ERPImporta.exe: 00001648: 14:22:51 [TUniServerModule]:HTTP Server Started on Port: 8077
ERPImporta.exe: 00001D38: 14:23:50 []:>--------------------------------------------------------------<
ERPImporta.exe: 00001D38: 14:23:50 [TUniServerModule]:Server First Init.
ERPImporta.exe: 00001D38: 14:23:50 [TUniServerModule]:Start Path = C:\Projetos_WEB\ERP_Importa\
ERPImporta.exe: 00001D38: 14:23:50 [TUniServerModule]:Debug Mode = ON
ERPImporta.exe: 00001D38: 14:23:50 [TUniServerModule]:Starting HTTP Server on Port: 8077...
ERPImporta.exe: 00001D38: 14:23:51 [TUniServerModule]:HTTP Server Started on Port: 8077
ERPImporta.exe: 00002AF0: 14:23:55 [Item not found-127.0.0.1]:EListError : Item not found : Addr: $00B9B680
ERPImporta.exe: 00000944: 14:24:14 []:>--------------------------------------------------------------<
ERPImporta.exe: 00000944: 14:24:14 [TUniServerModule]:Server First Init.
ERPImporta.exe: 00000944: 14:24:14 [TUniServerModule]:Start Path = C:\Projetos_WEB\ERP_Importa\
ERPImporta.exe: 00000944: 14:24:14 [TUniServerModule]:Debug Mode = ON
ERPImporta.exe: 00000944: 14:24:14 [TUniGUISessionManager]:Cache erase job created, Folder count: [1]
ERPImporta.exe: 00000944: 14:24:14 [TUniServerModule]:Starting HTTP Server on Port: 8077...
ERPImporta.exe: 00000944: 14:24:14 [TUniServerModule]:HTTP Server Started on Port: 8077
ERPImporta.exe: 00003334: 14:32:21 []:>--------------------------------------------------------------<
ERPImporta.exe: 00003334: 14:32:21 [TUniServerModule]:Server First Init.
ERPImporta.exe: 00003334: 14:32:21 [TUniServerModule]:Start Path = C:\Projetos_WEB\ERP_Importa\
ERPImporta.exe: 00003334: 14:32:21 [TUniServerModule]:Debug Mode = ON
ERPImporta.exe: 00003334: 14:32:21 [TUniGUISessionManager]:Cache erase job created, Folder count: [1]
ERPImporta.exe: 00003334: 14:32:21 [TUniServerModule]:Starting HTTP Server on Port: 8077...
ERPImporta.exe: 00003334: 14:32:21 [TUniServerModule]:HTTP Server Started on Port: 8077
ERPImporta.exe: 00000590: 14:32:41 [[FireDAC][Phys][ODBC][Microsoft][SQL Server Native Client 11.0][SQL Server]Invalid column name 'Beneficiario'.-127.0.0.1]:EMSSQLNativeException : [FireDAC][Phys][ODBC][Microsoft][SQL Server Native Client 11.0][SQL Server]Invalid column name 'Beneficiario'. : Addr: $008DFDA9
ERPImporta.exe: 00003A80: 14:32:44 [HandleFileRequest[127.0.0.1]]:File not found: C:\Projetos_WEB\ERP_Importa\files\images\fundo8.jpg
ERPImporta.exe: 00003290: 14:35:09 []:>--------------------------------------------------------------<
ERPImporta.exe: 00003290: 14:35:09 [TUniServerModule]:Server First Init.
ERPImporta.exe: 00003290: 14:35:09 [TUniServerModule]:Start Path = C:\Projetos_WEB\ERP_Importa\
ERPImporta.exe: 00003290: 14:35:09 [TUniServerModule]:Debug Mode = ON
ERPImporta.exe: 00003290: 14:35:10 [TUniServerModule]:Starting HTTP Server on Port: 8077...
ERPImporta.exe: 00003290: 14:35:10 [TUniServerModule]:HTTP Server Started on Port: 8077
ERPImporta.exe: 00001700: 14:35:20 [[FireDAC][Phys][ODBC][Microsoft][SQL Server Native Client 11.0][SQL Server]Invalid object name 'Embarques'.-127.0.0.1]:EMSSQLNativeException : [FireDAC][Phys][ODBC][Microsoft][SQL Server Native Client 11.0][SQL Server]Invalid object name 'Embarques'. : Addr: $008DFDA9
ERPImporta.exe: 00000B34: 14:35:25 [HandleFileRequest[127.0.0.1]]:File not found: C:\Projetos_WEB\ERP_Importa\files\images\fundo8.jpg
ERPImporta.exe: 00003834: 14:36:59 []:>--------------------------------------------------------------<
ERPImporta.exe: 00003834: 14:36:59 [TUniServerModule]:Server First Init.
ERPImporta.exe: 00003834: 14:36:59 [TUniServerModule]:Start Path = C:\Projetos_WEB\ERP_Importa\
ERPImporta.exe: 00003834: 14:36:59 [TUniServerModule]:Debug Mode = ON
ERPImporta.exe: 00003834: 14:36:59 [TUniServerModule]:Starting HTTP Server on Port: 8077...
ERPImporta.exe: 00003834: 14:36:59 [TUniServerModule]:HTTP Server Started on Port: 8077
ERPImporta.exe: 00000438: 14:37:09 [[FireDAC][Phys][ODBC][Microsoft][SQL Server Native Client 11.0][SQL Server]Invalid object name 'Embarques'.-127.0.0.1]:EMSSQLNativeException : [FireDAC][Phys][ODBC][Microsoft][SQL Server Native Client 11.0][SQL Server]Invalid object name 'Embarques'. : Addr: $008DFDA9
ERPImporta.exe: 00001B10: 14:37:13 [HandleFileRequest[127.0.0.1]]:File not found: C:\Projetos_WEB\ERP_Importa\files\images\fundo8.jpg
ERPImporta.exe: 00003A34: 14:43:38 []:>--------------------------------------------------------------<
ERPImporta.exe: 00003A34: 14:43:38 [TUniServerModule]:Server First Init.
ERPImporta.exe: 00003A34: 14:43:38 [TUniServerModule]:Start Path = C:\Projetos_WEB\ERP_Importa\
ERPImporta.exe: 00003A34: 14:43:38 [TUniServerModule]:Debug Mode = ON
ERPImporta.exe: 00003A34: 14:43:38 [TUniGUISessionManager]:Cache erase job created, Folder count: [1]
ERPImporta.exe: 00003A34: 14:43:38 [TUniServerModule]:Starting HTTP Server on Port: 8077...
ERPImporta.exe: 00003A34: 14:43:38 [TUniServerModule]:HTTP Server Started on Port: 8077
ERPImporta.exe: 00000CF4: 14:43:56 [HandleFileRequest[127.0.0.1]]:File not found: C:\Projetos_WEB\ERP_Importa\files\images\fundo8.jpg
ERPImporta.exe: 00000D58: 14:44:00 [127.0.0.1]:EDatabaseError : UniDBComboBox1: Field 'Forma_Tipo' not found : Addr: $006576F6
ERPImporta.exe: 00000D58: 14:44:17 [UniDBEdit5: Field 'Fiscal' not found-127.0.0.1]:EDatabaseError : UniDBEdit5: Field 'Fiscal' not found : Addr: $006576F6
ERPImporta.exe: 000016EC: 14:45:58 []:>--------------------------------------------------------------<
ERPImporta.exe: 000016EC: 14:45:58 [TUniServerModule]:Server First Init.
ERPImporta.exe: 000016EC: 14:45:58 [TUniServerModule]:Start Path = C:\Projetos_WEB\ERP_Importa\
ERPImporta.exe: 000016EC: 14:45:58 [TUniServerModule]:Debug Mode = ON
ERPImporta.exe: 000016EC: 14:45:58 [TUniServerModule]:Starting HTTP Server on Port: 8077...
ERPImporta.exe: 000016EC: 14:45:58 [TUniServerModule]:HTTP Server Started on Port: 8077
ERPImporta.exe: 00001900: 14:46:09 [HandleFileRequest[127.0.0.1]]:File not found: C:\Projetos_WEB\ERP_Importa\files\images\fundo8.jpg
ERPImporta.exe: 00003A3C: 14:46:16 [127.0.0.1]:EDatabaseError : UniDBComboBox1: Field 'Forma_Tipo' not found : Addr: $006576F6
ERPImporta.exe: 000023E4: 14:47:05 []:>--------------------------------------------------------------<
ERPImporta.exe: 000023E4: 14:47:05 [TUniServerModule]:Server First Init.
ERPImporta.exe: 000023E4: 14:47:05 [TUniServerModule]:Start Path = C:\Projetos_WEB\ERP_Importa\
ERPImporta.exe: 000023E4: 14:47:06 [TUniServerModule]:Debug Mode = ON
ERPImporta.exe: 000023E4: 14:47:06 [TUniServerModule]:Starting HTTP Server on Port: 8077...
ERPImporta.exe: 000023E4: 14:47:06 [TUniServerModule]:HTTP Server Started on Port: 8077
ERPImporta.exe: 000004C0: 14:47:18 [HandleFileRequest[127.0.0.1]]:File not found: C:\Projetos_WEB\ERP_Importa\files\images\fundo8.jpg
ERPImporta.exe: 00000E1C: 14:47:20 [127.0.0.1]:EDatabaseError : UniDBComboBox1: Field 'Forma_Tipo' not found : Addr: $006576F6
ERPImporta.exe: 000025D8: 14:58:49 []:>--------------------------------------------------------------<
ERPImporta.exe: 000025D8: 14:58:49 [TUniServerModule]:Server First Init.
ERPImporta.exe: 000025D8: 14:58:49 [TUniServerModule]:Start Path = C:\Projetos_WEB\ERP_Importa\
ERPImporta.exe: 000025D8: 14:58:49 [TUniServerModule]:Debug Mode = ON
ERPImporta.exe: 000025D8: 14:58:49 [TUniGUISessionManager]:Cache erase job created, Folder count: [1]
ERPImporta.exe: 000025D8: 14:58:49 [TUniServerModule]:Starting HTTP Server on Port: 8077...
ERPImporta.exe: 000025D8: 14:58:49 [TUniServerModule]:HTTP Server Started on Port: 8077
ERPImporta.exe: 00003AFC: 14:59:02 [HandleFileRequest[127.0.0.1]]:File not found: C:\Projetos_WEB\ERP_Importa\files\images\fundo8.jpg
ERPImporta.exe: 00001FFC: 14:59:05 [127.0.0.1]:EDatabaseError : UniDBComboBox1: Field 'Forma_Tipo' not found : Addr: $006576F6
ERPImporta.exe: 0000102C: 14:59:47 []:>--------------------------------------------------------------<
ERPImporta.exe: 0000102C: 14:59:47 [TUniServerModule]:Server First Init.
ERPImporta.exe: 0000102C: 14:59:47 [TUniServerModule]:Start Path = C:\Projetos_WEB\ERP_Importa\
ERPImporta.exe: 0000102C: 14:59:47 [TUniServerModule]:Debug Mode = ON
ERPImporta.exe: 0000102C: 14:59:47 [TUniServerModule]:Starting HTTP Server on Port: 8077...
ERPImporta.exe: 0000102C: 14:59:47 [TUniServerModule]:HTTP Server Started on Port: 8077
ERPImporta.exe: 000005F0: 15:00:06 [HandleFileRequest[127.0.0.1]]:File not found: C:\Projetos_WEB\ERP_Importa\files\images\fundo8.jpg
ERPImporta.exe: 00002490: 15:00:11 [127.0.0.1]:EDatabaseError : UniDBComboBox1: Field 'Forma_Tipo' not found : Addr: $006576F6
ERPImporta.exe: 00001028: 15:01:10 []:>--------------------------------------------------------------<
ERPImporta.exe: 00001028: 15:01:10 [TUniServerModule]:Server First Init.
ERPImporta.exe: 00001028: 15:01:10 [TUniServerModule]:Start Path = C:\Projetos_WEB\ERP_Importa\
ERPImporta.exe: 00001028: 15:01:10 [TUniServerModule]:Debug Mode = ON
ERPImporta.exe: 00001028: 15:01:10 [TUniGUISessionManager]:Cache erase job created, Folder count: [1]
ERPImporta.exe: 00001028: 15:01:10 [TUniServerModule]:Starting HTTP Server on Port: 8077...
ERPImporta.exe: 00001028: 15:01:10 [TUniServerModule]:HTTP Server Started on Port: 8077
ERPImporta.exe: 00002E18: 15:01:22 [HandleFileRequest[127.0.0.1]]:File not found: C:\Projetos_WEB\ERP_Importa\files\images\fundo8.jpg
ERPImporta.exe: 00001B90: 15:01:54 [127.0.0.1]:EDatabaseError : UniDBEdit5: Field 'Fiscal' not found : Addr: $006576F6
ERPImporta.exe: 00001B90: 15:01:58 [127.0.0.1]:EDatabaseError : UniDBEdit5: Field 'Fiscal' not found : Addr: $006576F6
ERPImporta.exe: 00001B90: 15:02:14 [127.0.0.1]:EDatabaseError : UniDBEdit5: Field 'Fiscal' not found : Addr: $006576F6
ERPImporta.exe: 00001B90: 15:02:18 [127.0.0.1]:EDatabaseError : UniDBEdit5: Field 'Fiscal' not found : Addr: $006576F6
ERPImporta.exe: 00001B90: 15:02:42 [127.0.0.1]:EDatabaseError : UniDBEdit5: Field 'Fiscal' not found : Addr: $006576F6
ERPImporta.exe: 00001E50: 17:54:23 []:>--------------------------------------------------------------<
ERPImporta.exe: 00001E50: 17:54:23 [TUniServerModule]:Server First Init.
ERPImporta.exe: 00001E50: 17:54:23 [TUniServerModule]:Start Path = C:\Projetos_WEB\ERP_Importa\
ERPImporta.exe: 00001E50: 17:54:23 [TUniServerModule]:Debug Mode = ON
ERPImporta.exe: 00001E50: 17:54:23 [TUniServerModule]:Starting HTTP Server on Port: 8077...
ERPImporta.exe: 00001E50: 17:54:23 [TUniServerModule]:HTTP Server Started on Port: 8077
ERPImporta.exe: 00001270: 17:55:50 [HandleFileRequest[127.0.0.1]]:File not found: C:\Projetos_WEB\ERP_Importa\files\images\fundo8.jpg
ERPImporta.exe: 0000139C: 17:56:13 []:>--------------------------------------------------------------<
ERPImporta.exe: 0000139C: 17:56:13 [TUniServerModule]:Server First Init.
ERPImporta.exe: 0000139C: 17:56:13 [TUniServerModule]:Start Path = C:\Projetos_WEB\ERP_Importa\
ERPImporta.exe: 0000139C: 17:56:13 [TUniServerModule]:Debug Mode = ON
ERPImporta.exe: 0000139C: 17:56:13 [TUniServerModule]:Starting HTTP Server on Port: 8077...
ERPImporta.exe: 0000139C: 17:56:13 [TUniServerModule]:HTTP Server Started on Port: 8077
ERPImporta.exe: 0000041C: 17:58:12 []:>--------------------------------------------------------------<
ERPImporta.exe: 0000041C: 17:58:12 [TUniServerModule]:Server First Init.
ERPImporta.exe: 0000041C: 17:58:12 [TUniServerModule]:Start Path = C:\Projetos_WEB\ERP_Importa\
ERPImporta.exe: 0000041C: 17:58:12 [TUniServerModule]:Debug Mode = ON
ERPImporta.exe: 0000041C: 17:58:12 [TUniGUISessionManager]:Cache erase job created, Folder count: [1]
ERPImporta.exe: 0000041C: 17:58:12 [TUniServerModule]:Starting HTTP Server on Port: 8077...
ERPImporta.exe: 0000041C: 17:58:12 [TUniServerModule]:HTTP Server Started on Port: 8077
ERPImporta.exe: 00000AD8: 17:58:25 [HandleFileRequest[127.0.0.1]]:File not found: C:\Projetos_WEB\ERP_Importa\files\images\fundo8.jpg
ERPImporta.exe: 00003E9C: 17:58:46 [127.0.0.1]:EDatabaseError : UniDBEdit5: Field 'Fiscal' not found : Addr: $006576F6
ERPImporta.exe: 00002BD8: 18:04:07 []:>--------------------------------------------------------------<
ERPImporta.exe: 00002BD8: 18:04:07 [TUniServerModule]:Server First Init.
ERPImporta.exe: 00002BD8: 18:04:07 [TUniServerModule]:Start Path = C:\Projetos_WEB\ERP_Importa\
ERPImporta.exe: 00002BD8: 18:04:07 [TUniServerModule]:Debug Mode = ON
ERPImporta.exe: 00002BD8: 18:04:07 [TUniServerModule]:Starting HTTP Server on Port: 8077...
ERPImporta.exe: 00002BD8: 18:04:07 [TUniServerModule]:HTTP Server Started on Port: 8077
