ERPImporta.exe: 000031D0: 14:09:59 []:>--------------------------------------------------------------<
ERPImporta.exe: 000031D0: 14:09:59 [TUniServerModule]:Server First Init.
ERPImporta.exe: 000031D0: 14:09:59 [TUniServerModule]:Start Path = C:\Projetos_WEB\ERP_Importa\
ERPImporta.exe: 000031D0: 14:09:59 [TUniServerModule]:Debug Mode = ON
ERPImporta.exe: 000031D0: 14:10:00 [TUniServerModule]:Starting HTTP Server on Port: 8077...
ERPImporta.exe: 000031D0: 14:10:00 [TUniServerModule]:HTTP Server Started on Port: 8077
ERPImporta.exe: 000005D4: 14:11:50 [127.0.0.1]:EDatabaseError : tCampos: Field 'Percentual' not found : Addr: $0065727A
ERPImporta.exe: 000006B4: 14:12:30 []:>--------------------------------------------------------------<
ERPImporta.exe: 000006B4: 14:12:30 [TUniServerModule]:Server First Init.
ERPImporta.exe: 000006B4: 14:12:30 [TUniServerModule]:Start Path = C:\Projetos_WEB\ERP_Importa\
ERPImporta.exe: 000006B4: 14:12:30 [TUniServerModule]:Debug Mode = ON
ERPImporta.exe: 000006B4: 14:12:30 [TUniGUISessionManager]:Cache erase job created, Folder count: [1]
ERPImporta.exe: 000006B4: 14:12:31 [TUniServerModule]:Starting HTTP Server on Port: 8077...
ERPImporta.exe: 000006B4: 14:12:31 [TUniServerModule]:HTTP Server Started on Port: 8077
ERPImporta.exe: 00001C48: 14:17:16 []:>--------------------------------------------------------------<
ERPImporta.exe: 00001C48: 14:17:16 [TUniServerModule]:Server First Init.
ERPImporta.exe: 00001C48: 14:17:16 [TUniServerModule]:Start Path = C:\Projetos_WEB\ERP_Importa\
ERPImporta.exe: 00001C48: 14:17:16 [TUniServerModule]:Debug Mode = ON
ERPImporta.exe: 00001C48: 14:17:16 [TUniServerModule]:Starting HTTP Server on Port: 8077...
ERPImporta.exe: 00001C48: 14:17:16 [TUniServerModule]:HTTP Server Started on Port: 8077
ERPImporta.exe: 00002D98: 14:24:24 []:>--------------------------------------------------------------<
ERPImporta.exe: 00002D98: 14:24:24 [TUniServerModule]:Server First Init.
ERPImporta.exe: 00002D98: 14:24:24 [TUniServerModule]:Start Path = C:\Projetos_WEB\ERP_Importa\
ERPImporta.exe: 00002D98: 14:24:24 [TUniServerModule]:Debug Mode = ON
ERPImporta.exe: 00002D98: 14:24:24 [TUniServerModule]:Starting HTTP Server on Port: 8077...
ERPImporta.exe: 00002D98: 14:24:24 [TUniServerModule]:HTTP Server Started on Port: 8077
ERPImporta.exe: 00002108: 14:26:01 []:>--------------------------------------------------------------<
ERPImporta.exe: 00002108: 14:26:01 [TUniServerModule]:Server First Init.
ERPImporta.exe: 00002108: 14:26:01 [TUniServerModule]:Start Path = C:\Projetos_WEB\ERP_Importa\
ERPImporta.exe: 00002108: 14:26:01 [TUniServerModule]:Debug Mode = ON
ERPImporta.exe: 00002108: 14:26:01 [TUniServerModule]:Starting HTTP Server on Port: 8077...
ERPImporta.exe: 00002108: 14:26:01 [TUniServerModule]:HTTP Server Started on Port: 8077
ERPImporta.exe: 00002A78: 14:27:30 []:>--------------------------------------------------------------<
ERPImporta.exe: 00002A78: 14:27:30 [TUniServerModule]:Server First Init.
ERPImporta.exe: 00002A78: 14:27:30 [TUniServerModule]:Start Path = C:\Projetos_WEB\ERP_Importa\
ERPImporta.exe: 00002A78: 14:27:30 [TUniServerModule]:Debug Mode = ON
ERPImporta.exe: 00002A78: 14:27:30 [TUniServerModule]:Starting HTTP Server on Port: 8077...
ERPImporta.exe: 00002A78: 14:27:30 [TUniServerModule]:HTTP Server Started on Port: 8077
ERPImporta.exe: 000024EC: 14:29:05 []:>--------------------------------------------------------------<
ERPImporta.exe: 000024EC: 14:29:05 [TUniServerModule]:Server First Init.
ERPImporta.exe: 000024EC: 14:29:05 [TUniServerModule]:Start Path = C:\Projetos_WEB\ERP_Importa\
ERPImporta.exe: 000024EC: 14:29:05 [TUniServerModule]:Debug Mode = ON
ERPImporta.exe: 000024EC: 14:29:06 [TUniServerModule]:Starting HTTP Server on Port: 8077...
ERPImporta.exe: 000024EC: 14:29:06 [TUniServerModule]:HTTP Server Started on Port: 8077
ERPImporta.exe: 00003BC4: 14:33:24 []:>--------------------------------------------------------------<
ERPImporta.exe: 00003BC4: 14:33:24 [TUniServerModule]:Server First Init.
ERPImporta.exe: 00003BC4: 14:33:24 [TUniServerModule]:Start Path = C:\Projetos_WEB\ERP_Importa\
ERPImporta.exe: 00003BC4: 14:33:24 [TUniServerModule]:Debug Mode = ON
ERPImporta.exe: 00003BC4: 14:33:24 [TUniServerModule]:Starting HTTP Server on Port: 8077...
ERPImporta.exe: 00003BC4: 14:33:25 [TUniServerModule]:HTTP Server Started on Port: 8077
ERPImporta.exe: 00001180: 14:34:22 []:>--------------------------------------------------------------<
ERPImporta.exe: 00001180: 14:34:22 [TUniServerModule]:Server First Init.
ERPImporta.exe: 00001180: 14:34:22 [TUniServerModule]:Start Path = C:\Projetos_WEB\ERP_Importa\
ERPImporta.exe: 00001180: 14:34:22 [TUniServerModule]:Debug Mode = ON
ERPImporta.exe: 00001180: 14:34:22 [TUniGUISessionManager]:Cache erase job created, Folder count: [1]
ERPImporta.exe: 00001180: 14:34:23 [TUniServerModule]:Starting HTTP Server on Port: 8077...
ERPImporta.exe: 00001180: 14:34:23 [TUniServerModule]:HTTP Server Started on Port: 8077
ERPImporta.exe: 00000BA8: 14:35:13 [127.0.0.1]:EDatabaseError : tCampos: Field 'Percentual' not found : Addr: $0065727A
ERPImporta.exe: 00000BA8: 14:35:24 [127.0.0.1]:EDatabaseError : tCampos: Field 'Percentual' not found : Addr: $0065727A
ERPImporta.exe: 00000BA8: 14:35:34 [127.0.0.1]:EDatabaseError : tCampos: Field 'Percentual' not found : Addr: $0065727A
ERPImporta.exe: 00002960: 14:36:31 []:>--------------------------------------------------------------<
ERPImporta.exe: 00002960: 14:36:31 [TUniServerModule]:Server First Init.
ERPImporta.exe: 00002960: 14:36:31 [TUniServerModule]:Start Path = C:\Projetos_WEB\ERP_Importa\
ERPImporta.exe: 00002960: 14:36:31 [TUniServerModule]:Debug Mode = ON
ERPImporta.exe: 00002960: 14:36:31 [TUniServerModule]:Starting HTTP Server on Port: 8077...
ERPImporta.exe: 00002960: 14:36:32 [TUniServerModule]:HTTP Server Started on Port: 8077
ERPImporta.exe: 00001E40: 14:38:01 []:>--------------------------------------------------------------<
ERPImporta.exe: 00001E40: 14:38:01 [TUniServerModule]:Server First Init.
ERPImporta.exe: 00001E40: 14:38:01 [TUniServerModule]:Start Path = C:\Projetos_WEB\ERP_Importa\
ERPImporta.exe: 00001E40: 14:38:01 [TUniServerModule]:Debug Mode = ON
ERPImporta.exe: 00001E40: 14:38:01 [TUniGUISessionManager]:Cache erase job created, Folder count: [1]
ERPImporta.exe: 00001E40: 14:38:01 [TUniServerModule]:Starting HTTP Server on Port: 8077...
ERPImporta.exe: 00001E40: 14:38:01 [TUniServerModule]:HTTP Server Started on Port: 8077
ERPImporta.exe: 00001170: 14:38:12 []:>--------------------------------------------------------------<
ERPImporta.exe: 00001170: 14:38:12 [TUniServerModule]:Server First Init.
ERPImporta.exe: 00001170: 14:38:12 [TUniServerModule]:Start Path = C:\Projetos_WEB\ERP_Importa\
ERPImporta.exe: 00001170: 14:38:12 [TUniServerModule]:Debug Mode = ON
ERPImporta.exe: 00001170: 14:38:13 [TUniServerModule]:Starting HTTP Server on Port: 8077...
ERPImporta.exe: 00001170: 14:38:13 [TUniServerModule]:HTTP Server Started on Port: 8077
ERPImporta.exe: 00003A04: 14:38:33 []:>--------------------------------------------------------------<
ERPImporta.exe: 00003A04: 14:38:33 [TUniServerModule]:Server First Init.
ERPImporta.exe: 00003A04: 14:38:33 [TUniServerModule]:Start Path = C:\Projetos_WEB\ERP_Importa\
ERPImporta.exe: 00003A04: 14:38:33 [TUniServerModule]:Debug Mode = ON
ERPImporta.exe: 00003A04: 14:38:33 [TUniServerModule]:Starting HTTP Server on Port: 8077...
ERPImporta.exe: 00003A04: 14:38:33 [TUniServerModule]:HTTP Server Started on Port: 8077
ERPImporta.exe: 00004168: 14:39:32 []:>--------------------------------------------------------------<
ERPImporta.exe: 00004168: 14:39:32 [TUniServerModule]:Server First Init.
ERPImporta.exe: 00004168: 14:39:32 [TUniServerModule]:Start Path = C:\Projetos_WEB\ERP_Importa\
ERPImporta.exe: 00004168: 14:39:32 [TUniServerModule]:Debug Mode = ON
ERPImporta.exe: 00004168: 14:39:32 [TUniGUISessionManager]:Cache erase job created, Folder count: [1]
ERPImporta.exe: 00004168: 14:39:32 [TUniServerModule]:Starting HTTP Server on Port: 8077...
ERPImporta.exe: 00004168: 14:39:32 [TUniServerModule]:HTTP Server Started on Port: 8077
ERPImporta.exe: 000042A8: 14:45:36 []:>--------------------------------------------------------------<
ERPImporta.exe: 000042A8: 14:45:36 [TUniServerModule]:Server First Init.
ERPImporta.exe: 000042A8: 14:45:36 [TUniServerModule]:Start Path = C:\Projetos_WEB\ERP_Importa\
ERPImporta.exe: 000042A8: 14:45:36 [TUniServerModule]:Debug Mode = ON
ERPImporta.exe: 000042A8: 14:45:37 [TUniServerModule]:Starting HTTP Server on Port: 8077...
ERPImporta.exe: 000042A8: 14:45:37 [TUniServerModule]:HTTP Server Started on Port: 8077
ERPImporta.exe: 000034B0: 14:48:02 [127.0.0.1]:EDatabaseError : tCampos: Field 'Valor_Teste' not found : Addr: $0065727A
ERPImporta.exe: 00001620: 14:48:40 []:>--------------------------------------------------------------<
ERPImporta.exe: 00001620: 14:48:40 [TUniServerModule]:Server First Init.
ERPImporta.exe: 00001620: 14:48:40 [TUniServerModule]:Start Path = C:\Projetos_WEB\ERP_Importa\
ERPImporta.exe: 00001620: 14:48:40 [TUniServerModule]:Debug Mode = ON
ERPImporta.exe: 00001620: 14:48:40 [TUniServerModule]:Starting HTTP Server on Port: 8077...
ERPImporta.exe: 00001620: 14:48:40 [TUniServerModule]:HTTP Server Started on Port: 8077
ERPImporta.exe: 0000324C: 14:56:01 []:>--------------------------------------------------------------<
ERPImporta.exe: 0000324C: 14:56:01 [TUniServerModule]:Server First Init.
ERPImporta.exe: 0000324C: 14:56:01 [TUniServerModule]:Start Path = C:\Projetos_WEB\ERP_Importa\
ERPImporta.exe: 0000324C: 14:56:01 [TUniServerModule]:Debug Mode = ON
ERPImporta.exe: 0000324C: 14:56:02 [TUniServerModule]:Starting HTTP Server on Port: 8077...
ERPImporta.exe: 0000324C: 14:56:02 [TUniServerModule]:HTTP Server Started on Port: 8077
ERPImporta.exe: 000025F0: 14:59:36 []:>--------------------------------------------------------------<
ERPImporta.exe: 000025F0: 14:59:36 [TUniServerModule]:Server First Init.
ERPImporta.exe: 000025F0: 14:59:36 [TUniServerModule]:Start Path = C:\Projetos_WEB\ERP_Importa\
ERPImporta.exe: 000025F0: 14:59:36 [TUniServerModule]:Debug Mode = ON
ERPImporta.exe: 000025F0: 14:59:37 [TUniServerModule]:Starting HTTP Server on Port: 8077...
ERPImporta.exe: 000025F0: 14:59:37 [TUniServerModule]:HTTP Server Started on Port: 8077
ERPImporta.exe: 00001B3C: 15:10:41 []:>--------------------------------------------------------------<
ERPImporta.exe: 00001B3C: 15:10:41 [TUniServerModule]:Server First Init.
ERPImporta.exe: 00001B3C: 15:10:41 [TUniServerModule]:Start Path = C:\Projetos_WEB\ERP_Importa\
ERPImporta.exe: 00001B3C: 15:10:41 [TUniServerModule]:Debug Mode = ON
ERPImporta.exe: 00001B3C: 15:10:41 [TUniServerModule]:Starting HTTP Server on Port: 8077...
ERPImporta.exe: 00001B3C: 15:10:41 [TUniServerModule]:HTTP Server Started on Port: 8077
ERPImporta.exe: 00000DF0: 15:11:13 []:>--------------------------------------------------------------<
ERPImporta.exe: 00000DF0: 15:11:13 [TUniServerModule]:Server First Init.
ERPImporta.exe: 00000DF0: 15:11:13 [TUniServerModule]:Start Path = C:\Projetos_WEB\ERP_Importa\
ERPImporta.exe: 00000DF0: 15:11:13 [TUniServerModule]:Debug Mode = ON
ERPImporta.exe: 00000DF0: 15:11:13 [TUniServerModule]:Starting HTTP Server on Port: 8077...
ERPImporta.exe: 00000DF0: 15:11:13 [TUniServerModule]:HTTP Server Started on Port: 8077
ERPImporta.exe: 00002864: 15:12:16 [HandleFileRequest[127.0.0.1]]:File not found: C:\Projetos_WEB\ERP_Importa\files\images\fundo8.jpg
ERPImporta.exe: 00000674: 15:47:51 []:>--------------------------------------------------------------<
ERPImporta.exe: 00000674: 15:47:51 [TUniServerModule]:Server First Init.
ERPImporta.exe: 00000674: 15:47:51 [TUniServerModule]:Start Path = C:\Projetos_WEB\ERP_Importa\
ERPImporta.exe: 00000674: 15:47:51 [TUniServerModule]:Debug Mode = ON
ERPImporta.exe: 00000674: 15:47:51 [TUniServerModule]:Starting HTTP Server on Port: 8077...
ERPImporta.exe: 00000674: 15:47:52 [TUniServerModule]:HTTP Server Started on Port: 8077
