ERPImporta.exe: 00000678: 08:26:48 []:>--------------------------------------------------------------<
ERPImporta.exe: 00000678: 08:26:48 [TUniServerModule]:Server First Init.
ERPImporta.exe: 00000678: 08:26:48 [TUniServerModule]:Start Path = C:\Projetos_WEB\ERP_Importa\
ERPImporta.exe: 00000678: 08:26:49 [TUniServerModule]:Debug Mode = ON
ERPImporta.exe: 00000678: 08:26:49 [TUniServerModule]:Starting HTTP Server on Port: 8077...
ERPImporta.exe: 00000678: 08:26:49 [TUniServerModule]:HTTP Server Started on Port: 8077
ERPImporta.exe: 00001B24: 08:27:50 []:>--------------------------------------------------------------<
ERPImporta.exe: 00001B24: 08:27:50 [TUniServerModule]:Server First Init.
ERPImporta.exe: 00001B24: 08:27:50 [TUniServerModule]:Start Path = C:\Projetos_WEB\ERP_Importa\
ERPImporta.exe: 00001B24: 08:27:50 [TUniServerModule]:Debug Mode = ON
ERPImporta.exe: 00001B24: 08:27:50 [TUniGUISessionManager]:Cache erase job created, Folder count: [1]
ERPImporta.exe: 00001B24: 08:27:50 [TUniServerModule]:Starting HTTP Server on Port: 8077...
ERPImporta.exe: 00001B24: 08:27:50 [TUniServerModule]:HTTP Server Started on Port: 8077
ERPImporta.exe: 00002B5C: 08:36:29 []:>--------------------------------------------------------------<
ERPImporta.exe: 00002B5C: 08:36:29 [TUniServerModule]:Server First Init.
ERPImporta.exe: 00002B5C: 08:36:29 [TUniServerModule]:Start Path = C:\Projetos_WEB\ERP_Importa\
ERPImporta.exe: 00002B5C: 08:36:29 [TUniServerModule]:Debug Mode = ON
ERPImporta.exe: 00002B5C: 08:36:30 [TUniServerModule]:Starting HTTP Server on Port: 8077...
ERPImporta.exe: 00002B5C: 08:36:30 [TUniServerModule]:HTTP Server Started on Port: 8077
ERPImporta.exe: 000024B0: 08:37:11 []:>--------------------------------------------------------------<
ERPImporta.exe: 000024B0: 08:37:11 [TUniServerModule]:Server First Init.
ERPImporta.exe: 000024B0: 08:37:11 [TUniServerModule]:Start Path = C:\Projetos_WEB\ERP_Importa\
ERPImporta.exe: 000024B0: 08:37:11 [TUniServerModule]:Debug Mode = ON
ERPImporta.exe: 000024B0: 08:37:11 [TUniGUISessionManager]:Cache erase job created, Folder count: [1]
ERPImporta.exe: 000024B0: 08:37:11 [TUniServerModule]:Starting HTTP Server on Port: 8077...
ERPImporta.exe: 000024B0: 08:37:11 [TUniServerModule]:HTTP Server Started on Port: 8077
ERPImporta.exe: 00001CE0: 08:37:14 [127.0.0.1]:EUniSessionException : Sessão inváilda ou tempo da sessão expirado. (Session not found: tJAw1iKobk11052E71D ) : Addr: $007CFB14
ERPImporta.exe: 00002F08: 08:41:49 []:>--------------------------------------------------------------<
ERPImporta.exe: 00002F08: 08:41:49 [TUniServerModule]:Server First Init.
ERPImporta.exe: 00002F08: 08:41:49 [TUniServerModule]:Start Path = C:\Projetos_WEB\ERP_Importa\
ERPImporta.exe: 00002F08: 08:41:49 [TUniServerModule]:Debug Mode = ON
ERPImporta.exe: 00002F08: 08:41:49 [TUniServerModule]:Starting HTTP Server on Port: 8077...
ERPImporta.exe: 00002F08: 08:41:49 [TUniServerModule]:HTTP Server Started on Port: 8077
ERPImporta.exe: 00000A60: 08:43:05 []:>--------------------------------------------------------------<
ERPImporta.exe: 00000A60: 08:43:05 [TUniServerModule]:Server First Init.
ERPImporta.exe: 00000A60: 08:43:05 [TUniServerModule]:Start Path = C:\Projetos_WEB\ERP_Importa\
ERPImporta.exe: 00000A60: 08:43:05 [TUniServerModule]:Debug Mode = ON
ERPImporta.exe: 00000A60: 08:43:06 [TUniServerModule]:Starting HTTP Server on Port: 8077...
ERPImporta.exe: 00000A60: 08:43:06 [TUniServerModule]:HTTP Server Started on Port: 8077
ERPImporta.exe: 00000EB4: 08:44:55 [Armazens: Type mismatch for field 'Municipio', expecting: String actual: Integer-127.0.0.1]:EDatabaseError : Armazens: Type mismatch for field 'Municipio', expecting: String actual: Integer : Addr: $0065768A
ERPImporta.exe: 00003A8C: 08:45:29 []:>--------------------------------------------------------------<
ERPImporta.exe: 00003A8C: 08:45:29 [TUniServerModule]:Server First Init.
ERPImporta.exe: 00003A8C: 08:45:29 [TUniServerModule]:Start Path = C:\Projetos_WEB\ERP_Importa\
ERPImporta.exe: 00003A8C: 08:45:29 [TUniServerModule]:Debug Mode = ON
ERPImporta.exe: 00003A8C: 08:45:29 [TUniGUISessionManager]:Cache erase job created, Folder count: [1]
ERPImporta.exe: 00003A8C: 08:45:29 [TUniServerModule]:Starting HTTP Server on Port: 8077...
ERPImporta.exe: 00003A8C: 08:45:29 [TUniServerModule]:HTTP Server Started on Port: 8077
ERPImporta.exe: 00002358: 08:45:29 [127.0.0.1]:EUniSessionException : Sessão inváilda ou tempo da sessão expirado. (Session not found: xuQZxtX92711052E8E8 ) : Addr: $007CFB14
ERPImporta.exe: 00002930: 08:45:30 [127.0.0.1]:EUniSessionException : Sessão inváilda ou tempo da sessão expirado. (Session not found: xuQZxtX92711052E8E8 ) : Addr: $007CFB14
ERPImporta.exe: 00003E30: 08:47:38 []:>--------------------------------------------------------------<
ERPImporta.exe: 00003E30: 08:47:38 [TUniServerModule]:Server First Init.
ERPImporta.exe: 00003E30: 08:47:38 [TUniServerModule]:Start Path = C:\Projetos_WEB\ERP_Importa\
ERPImporta.exe: 00003E30: 08:47:38 [TUniServerModule]:Debug Mode = ON
ERPImporta.exe: 00003E30: 08:47:38 [TUniServerModule]:Starting HTTP Server on Port: 8077...
ERPImporta.exe: 00003E30: 08:47:38 [TUniServerModule]:HTTP Server Started on Port: 8077
ERPImporta.exe: 00002EBC: 08:50:22 []:>--------------------------------------------------------------<
ERPImporta.exe: 00002EBC: 08:50:22 [TUniServerModule]:Server First Init.
ERPImporta.exe: 00002EBC: 08:50:22 [TUniServerModule]:Start Path = C:\Projetos_WEB\ERP_Importa\
ERPImporta.exe: 00002EBC: 08:50:22 [TUniServerModule]:Debug Mode = ON
ERPImporta.exe: 00002EBC: 08:50:22 [TUniServerModule]:Starting HTTP Server on Port: 8077...
ERPImporta.exe: 00002EBC: 08:50:22 [TUniServerModule]:HTTP Server Started on Port: 8077
ERPImporta.exe: 00003498: 08:50:58 []:>--------------------------------------------------------------<
ERPImporta.exe: 00003498: 08:50:58 [TUniServerModule]:Server First Init.
ERPImporta.exe: 00003498: 08:50:58 [TUniServerModule]:Start Path = C:\Projetos_WEB\ERP_Importa\
ERPImporta.exe: 00003498: 08:50:58 [TUniServerModule]:Debug Mode = ON
ERPImporta.exe: 00003498: 08:50:59 [TUniServerModule]:Starting HTTP Server on Port: 8077...
ERPImporta.exe: 00003498: 08:50:59 [TUniServerModule]:HTTP Server Started on Port: 8077
ERPImporta.exe: 0000425C: 08:52:37 []:>--------------------------------------------------------------<
ERPImporta.exe: 0000425C: 08:52:37 [TUniServerModule]:Server First Init.
ERPImporta.exe: 0000425C: 08:52:37 [TUniServerModule]:Start Path = C:\Projetos_WEB\ERP_Importa\
ERPImporta.exe: 0000425C: 08:52:37 [TUniServerModule]:Debug Mode = ON
ERPImporta.exe: 0000425C: 08:52:38 [TUniServerModule]:Starting HTTP Server on Port: 8077...
ERPImporta.exe: 0000425C: 08:52:38 [TUniServerModule]:HTTP Server Started on Port: 8077
ERPImporta.exe: 0000267C: 08:54:48 []:>--------------------------------------------------------------<
ERPImporta.exe: 0000267C: 08:54:48 [TUniServerModule]:Server First Init.
ERPImporta.exe: 0000267C: 08:54:48 [TUniServerModule]:Start Path = C:\Projetos_WEB\ERP_Importa\
ERPImporta.exe: 0000267C: 08:54:48 [TUniServerModule]:Debug Mode = ON
ERPImporta.exe: 0000267C: 08:54:49 [TUniServerModule]:Starting HTTP Server on Port: 8077...
ERPImporta.exe: 0000267C: 08:54:49 [TUniServerModule]:HTTP Server Started on Port: 8077
ERPImporta.exe: 00002750: 08:55:36 []:>--------------------------------------------------------------<
ERPImporta.exe: 00002750: 08:55:36 [TUniServerModule]:Server First Init.
ERPImporta.exe: 00002750: 08:55:36 [TUniServerModule]:Start Path = C:\Projetos_WEB\ERP_Importa\
ERPImporta.exe: 00002750: 08:55:36 [TUniServerModule]:Debug Mode = ON
ERPImporta.exe: 00002750: 08:55:36 [TUniGUISessionManager]:Cache erase job created, Folder count: [1]
ERPImporta.exe: 00002750: 08:55:36 [TUniServerModule]:Starting HTTP Server on Port: 8077...
ERPImporta.exe: 00002750: 08:55:36 [TUniServerModule]:HTTP Server Started on Port: 8077
ERPImporta.exe: 00003CFC: 08:55:37 [127.0.0.1]:EUniSessionException : Sessão inváilda ou tempo da sessão expirado. (Session not found: hrWo9Khq1C11052EC15 ) : Addr: $007CFB14
ERPImporta.exe: 00000CFC: 08:57:50 []:>--------------------------------------------------------------<
ERPImporta.exe: 00000CFC: 08:57:50 [TUniServerModule]:Server First Init.
ERPImporta.exe: 00000CFC: 08:57:50 [TUniServerModule]:Start Path = C:\Projetos_WEB\ERP_Importa\
ERPImporta.exe: 00000CFC: 08:57:50 [TUniServerModule]:Debug Mode = ON
ERPImporta.exe: 00000CFC: 08:57:50 [TUniServerModule]:Starting HTTP Server on Port: 8077...
ERPImporta.exe: 00000CFC: 08:57:50 [TUniServerModule]:HTTP Server Started on Port: 8077
ERPImporta.exe: 00000E78: 11:17:56 []:>--------------------------------------------------------------<
ERPImporta.exe: 00000E78: 11:17:56 [TUniServerModule]:Server First Init.
ERPImporta.exe: 00000E78: 11:17:56 [TUniServerModule]:Start Path = C:\Projetos_WEB\ERP_Importa\
ERPImporta.exe: 00000E78: 11:17:56 [TUniServerModule]:Debug Mode = ON
ERPImporta.exe: 00000E78: 11:17:57 [TUniServerModule]:Starting HTTP Server on Port: 8077...
ERPImporta.exe: 00000E78: 11:17:57 [TUniServerModule]:HTTP Server Started on Port: 8077
ERPImporta.exe: 00002B84: 11:20:17 []:>--------------------------------------------------------------<
ERPImporta.exe: 00002B84: 11:20:17 [TUniServerModule]:Server First Init.
ERPImporta.exe: 00002B84: 11:20:17 [TUniServerModule]:Start Path = C:\Projetos_WEB\ERP_Importa\
ERPImporta.exe: 00002B84: 11:20:17 [TUniServerModule]:Debug Mode = ON
ERPImporta.exe: 00002B84: 11:20:17 [TUniServerModule]:Starting HTTP Server on Port: 8077...
ERPImporta.exe: 00002B84: 11:20:17 [TUniServerModule]:HTTP Server Started on Port: 8077
ERPImporta.exe: 000020A4: 11:21:27 []:>--------------------------------------------------------------<
ERPImporta.exe: 000020A4: 11:21:27 [TUniServerModule]:Server First Init.
ERPImporta.exe: 000020A4: 11:21:27 [TUniServerModule]:Start Path = C:\Projetos_WEB\ERP_Importa\
ERPImporta.exe: 000020A4: 11:21:27 [TUniServerModule]:Debug Mode = ON
ERPImporta.exe: 000020A4: 11:21:27 [TUniServerModule]:Starting HTTP Server on Port: 8077...
ERPImporta.exe: 000020A4: 11:21:27 [TUniServerModule]:HTTP Server Started on Port: 8077
ERPImporta.exe: 00004700: 11:23:28 []:>--------------------------------------------------------------<
ERPImporta.exe: 00004700: 11:23:28 [TUniServerModule]:Server First Init.
ERPImporta.exe: 00004700: 11:23:28 [TUniServerModule]:Start Path = C:\Projetos_WEB\ERP_Importa\
ERPImporta.exe: 00004700: 11:23:28 [TUniServerModule]:Debug Mode = ON
ERPImporta.exe: 00004700: 11:23:28 [TUniGUISessionManager]:Cache erase job created, Folder count: [1]
ERPImporta.exe: 00004700: 11:23:29 [TUniServerModule]:Starting HTTP Server on Port: 8077...
ERPImporta.exe: 00004700: 11:23:29 [TUniServerModule]:HTTP Server Started on Port: 8077
ERPImporta.exe: 000043AC: 11:24:11 []:>--------------------------------------------------------------<
ERPImporta.exe: 000043AC: 11:24:11 [TUniServerModule]:Server First Init.
ERPImporta.exe: 000043AC: 11:24:11 [TUniServerModule]:Start Path = C:\Projetos_WEB\ERP_Importa\
ERPImporta.exe: 000043AC: 11:24:11 [TUniServerModule]:Debug Mode = ON
ERPImporta.exe: 000043AC: 11:24:11 [TUniServerModule]:Starting HTTP Server on Port: 8077...
ERPImporta.exe: 000043AC: 11:24:11 [TUniServerModule]:HTTP Server Started on Port: 8077
ERPImporta.exe: 00001554: 11:25:35 []:>--------------------------------------------------------------<
ERPImporta.exe: 00001554: 11:25:35 [TUniServerModule]:Server First Init.
ERPImporta.exe: 00001554: 11:25:36 [TUniServerModule]:Start Path = C:\Projetos_WEB\ERP_Importa\
ERPImporta.exe: 00001554: 11:25:36 [TUniServerModule]:Debug Mode = ON
ERPImporta.exe: 00001554: 11:25:36 [TUniServerModule]:Starting HTTP Server on Port: 8077...
ERPImporta.exe: 00001554: 11:25:36 [TUniServerModule]:HTTP Server Started on Port: 8077
ERPImporta.exe: 0000312C: 11:26:21 [[FireDAC][Phys][ODBC][Microsoft][SQL Server Native Client 11.0][SQL Server]Invalid column name 'Descricao'.-127.0.0.1]:EMSSQLNativeException : [FireDAC][Phys][ODBC][Microsoft][SQL Server Native Client 11.0][SQL Server]Invalid column name 'Descricao'. : Addr: $008DF495
ERPImporta.exe: 00001A4C: 11:29:27 []:>--------------------------------------------------------------<
ERPImporta.exe: 00001A4C: 11:29:27 [TUniServerModule]:Server First Init.
ERPImporta.exe: 00001A4C: 11:29:27 [TUniServerModule]:Start Path = C:\Projetos_WEB\ERP_Importa\
ERPImporta.exe: 00001A4C: 11:29:27 [TUniServerModule]:Debug Mode = ON
ERPImporta.exe: 00001A4C: 11:29:27 [TUniGUISessionManager]:Cache erase job created, Folder count: [1]
ERPImporta.exe: 00001A4C: 11:29:27 [TUniServerModule]:Starting HTTP Server on Port: 8077...
ERPImporta.exe: 00001A4C: 11:29:27 [TUniServerModule]:HTTP Server Started on Port: 8077
ERPImporta.exe: 00001164: 11:29:30 [127.0.0.1]:EUniSessionException : Sessão inváilda ou tempo da sessão expirado. (Session not found: 4WHZChoH1D1105314FC ) : Addr: $007CFB14
ERPImporta.exe: 00003664: 11:30:07 []:>--------------------------------------------------------------<
ERPImporta.exe: 00003664: 11:30:07 [TUniServerModule]:Server First Init.
ERPImporta.exe: 00003664: 11:30:07 [TUniServerModule]:Start Path = C:\Projetos_WEB\ERP_Importa\
ERPImporta.exe: 00003664: 11:30:07 [TUniServerModule]:Debug Mode = ON
ERPImporta.exe: 00003664: 11:30:07 [TUniGUISessionManager]:Cache erase job created, Folder count: [1]
ERPImporta.exe: 00003664: 11:30:07 [TUniServerModule]:Starting HTTP Server on Port: 8077...
ERPImporta.exe: 00003664: 11:30:07 [TUniServerModule]:HTTP Server Started on Port: 8077
ERPImporta.exe: 00000720: 11:30:07 [127.0.0.1]:EUniSessionException : Sessão inváilda ou tempo da sessão expirado. (Session not found: hmApfbkQGY110531608 ) : Addr: $007CFB14
ERPImporta.exe: 00002984: 11:30:08 [127.0.0.1]:EUniSessionException : Sessão inváilda ou tempo da sessão expirado. (Session not found: hmApfbkQGY110531608 ) : Addr: $007CFB14
ERPImporta.exe: 00002808: 11:31:25 []:>--------------------------------------------------------------<
ERPImporta.exe: 00002808: 11:31:25 [TUniServerModule]:Server First Init.
ERPImporta.exe: 00002808: 11:31:25 [TUniServerModule]:Start Path = C:\Projetos_WEB\ERP_Importa\
ERPImporta.exe: 00002808: 11:31:25 [TUniServerModule]:Debug Mode = ON
ERPImporta.exe: 00002808: 11:31:25 [TUniGUISessionManager]:Cache erase job created, Folder count: [1]
ERPImporta.exe: 00002808: 11:31:25 [TUniServerModule]:Starting HTTP Server on Port: 8077...
ERPImporta.exe: 00002808: 11:31:25 [TUniServerModule]:HTTP Server Started on Port: 8077
ERPImporta.exe: 00004058: 11:31:28 [127.0.0.1]:EUniSessionException : Sessão inváilda ou tempo da sessão expirado. (Session not found: xSBWkVxQ3x110531636 ) : Addr: $007CFB14
ERPImporta.exe: 00001DE4: 11:31:28 [127.0.0.1]:EUniSessionException : Sessão inváilda ou tempo da sessão expirado. (Session not found: xSBWkVxQ3x110531636 ) : Addr: $007CFB14
ERPImporta.exe: 00001A98: 11:32:13 []:>--------------------------------------------------------------<
ERPImporta.exe: 00001A98: 11:32:13 [TUniServerModule]:Server First Init.
ERPImporta.exe: 00001A98: 11:32:13 [TUniServerModule]:Start Path = C:\Projetos_WEB\ERP_Importa\
ERPImporta.exe: 00001A98: 11:32:13 [TUniServerModule]:Debug Mode = ON
ERPImporta.exe: 00001A98: 11:32:13 [TUniGUISessionManager]:Cache erase job created, Folder count: [1]
ERPImporta.exe: 00001A98: 11:32:14 [TUniServerModule]:Starting HTTP Server on Port: 8077...
ERPImporta.exe: 00001A98: 11:32:14 [TUniServerModule]:HTTP Server Started on Port: 8077
ERPImporta.exe: 00002EE4: 11:32:14 [127.0.0.1]:EUniSessionException : Sessão inváilda ou tempo da sessão expirado. (Session not found: 7K3Ic8wNuj110531690 ) : Addr: $007CFB14
ERPImporta.exe: 00003FC8: 11:32:14 [127.0.0.1]:EUniSessionException : Sessão inváilda ou tempo da sessão expirado. (Session not found: 7K3Ic8wNuj110531690 ) : Addr: $007CFB14
ERPImporta.exe: 00001554: 11:32:14 [127.0.0.1]:EUniSessionException : Sessão inváilda ou tempo da sessão expirado. (Session not found: 7K3Ic8wNuj110531690 ) : Addr: $007CFB14
ERPImporta.exe: 00001CB4: 11:33:27 []:>--------------------------------------------------------------<
ERPImporta.exe: 00001CB4: 11:33:27 [TUniServerModule]:Server First Init.
ERPImporta.exe: 00001CB4: 11:33:27 [TUniServerModule]:Start Path = C:\Projetos_WEB\ERP_Importa\
ERPImporta.exe: 00001CB4: 11:33:27 [TUniServerModule]:Debug Mode = ON
ERPImporta.exe: 00001CB4: 11:33:27 [TUniGUISessionManager]:Cache erase job created, Folder count: [1]
ERPImporta.exe: 00001CB4: 11:33:27 [TUniServerModule]:Starting HTTP Server on Port: 8077...
ERPImporta.exe: 00001CB4: 11:33:27 [TUniServerModule]:HTTP Server Started on Port: 8077
ERPImporta.exe: 000004CC: 11:33:29 [127.0.0.1]:EUniSessionException : Sessão inváilda ou tempo da sessão expirado. (Session not found: ARDmBMb6IL1105316C8 ) : Addr: $007CFB14
ERPImporta.exe: 00004580: 11:33:29 [127.0.0.1]:EUniSessionException : Sessão inváilda ou tempo da sessão expirado. (Session not found: ARDmBMb6IL1105316C8 ) : Addr: $007CFB14
ERPImporta.exe: 00002844: 11:34:55 []:>--------------------------------------------------------------<
ERPImporta.exe: 00002844: 11:34:55 [TUniServerModule]:Server First Init.
ERPImporta.exe: 00002844: 11:34:55 [TUniServerModule]:Start Path = C:\Projetos_WEB\ERP_Importa\
ERPImporta.exe: 00002844: 11:34:55 [TUniServerModule]:Debug Mode = ON
ERPImporta.exe: 00002844: 11:34:55 [TUniGUISessionManager]:Cache erase job created, Folder count: [1]
ERPImporta.exe: 00002844: 11:34:55 [TUniServerModule]:Starting HTTP Server on Port: 8077...
ERPImporta.exe: 00002844: 11:34:55 [TUniServerModule]:HTTP Server Started on Port: 8077
ERPImporta.exe: 00001128: 11:34:56 [127.0.0.1]:EUniSessionException : Sessão inváilda ou tempo da sessão expirado. (Session not found: czAgUVf45j11053171D ) : Addr: $007CFB14
ERPImporta.exe: 00003980: 11:34:56 [127.0.0.1]:EUniSessionException : Sessão inváilda ou tempo da sessão expirado. (Session not found: czAgUVf45j11053171D ) : Addr: $007CFB14
ERPImporta.exe: 00002120: 11:38:10 []:>--------------------------------------------------------------<
ERPImporta.exe: 00002120: 11:38:10 [TUniServerModule]:Server First Init.
ERPImporta.exe: 00002120: 11:38:10 [TUniServerModule]:Start Path = C:\Projetos_WEB\ERP_Importa\
ERPImporta.exe: 00002120: 11:38:10 [TUniServerModule]:Debug Mode = ON
ERPImporta.exe: 00002120: 11:38:11 [TUniServerModule]:Starting HTTP Server on Port: 8077...
ERPImporta.exe: 00002120: 11:38:11 [TUniServerModule]:HTTP Server Started on Port: 8077
ERPImporta.exe: 00001828: 11:40:34 []:>--------------------------------------------------------------<
ERPImporta.exe: 00001828: 11:40:34 [TUniServerModule]:Server First Init.
ERPImporta.exe: 00001828: 11:40:34 [TUniServerModule]:Start Path = C:\Projetos_WEB\ERP_Importa\
ERPImporta.exe: 00001828: 11:40:34 [TUniServerModule]:Debug Mode = ON
ERPImporta.exe: 00001828: 11:40:34 [TUniServerModule]:Starting HTTP Server on Port: 8077...
ERPImporta.exe: 00001828: 11:40:34 [TUniServerModule]:HTTP Server Started on Port: 8077
ERPImporta.exe: 00002F60: 11:45:44 []:>--------------------------------------------------------------<
ERPImporta.exe: 00002F60: 11:45:44 [TUniServerModule]:Server First Init.
ERPImporta.exe: 00002F60: 11:45:44 [TUniServerModule]:Start Path = C:\Projetos_WEB\ERP_Importa\
ERPImporta.exe: 00002F60: 11:45:44 [TUniServerModule]:Debug Mode = ON
ERPImporta.exe: 00002F60: 11:45:44 [TUniGUISessionManager]:Cache erase job created, Folder count: [1]
ERPImporta.exe: 00002F60: 11:45:44 [TUniServerModule]:Starting HTTP Server on Port: 8077...
ERPImporta.exe: 00002F60: 11:45:44 [TUniServerModule]:HTTP Server Started on Port: 8077
ERPImporta.exe: 00001640: 11:46:16 [127.0.0.1]:EUniSessionException : Sessão inváilda ou tempo da sessão expirado. (Session not found: TJeWuBOzWa11053190C ) : Addr: $007CFB14
ERPImporta.exe: 00003B34: 11:46:21 []:>--------------------------------------------------------------<
ERPImporta.exe: 00003B34: 11:46:21 [TUniServerModule]:Server First Init.
ERPImporta.exe: 00003B34: 11:46:21 [TUniServerModule]:Start Path = C:\Projetos_WEB\ERP_Importa\
ERPImporta.exe: 00003B34: 11:46:21 [TUniServerModule]:Debug Mode = ON
ERPImporta.exe: 00003B34: 11:46:21 [TUniGUISessionManager]:Cache erase job created, Folder count: [1]
ERPImporta.exe: 00003B34: 11:46:21 [TUniServerModule]:Starting HTTP Server on Port: 8077...
ERPImporta.exe: 00003B34: 11:46:21 [TUniServerModule]:HTTP Server Started on Port: 8077
ERPImporta.exe: 0000110C: 11:47:47 []:>--------------------------------------------------------------<
ERPImporta.exe: 0000110C: 11:47:47 [TUniServerModule]:Server First Init.
ERPImporta.exe: 0000110C: 11:47:47 [TUniServerModule]:Start Path = C:\Projetos_WEB\ERP_Importa\
ERPImporta.exe: 0000110C: 11:47:47 [TUniServerModule]:Debug Mode = ON
ERPImporta.exe: 0000110C: 11:47:48 [TUniServerModule]:Starting HTTP Server on Port: 8077...
ERPImporta.exe: 0000110C: 11:47:48 [TUniServerModule]:HTTP Server Started on Port: 8077
ERPImporta.exe: 00003FF0: 11:53:59 []:>--------------------------------------------------------------<
ERPImporta.exe: 00003FF0: 11:53:59 [TUniServerModule]:Server First Init.
ERPImporta.exe: 00003FF0: 11:53:59 [TUniServerModule]:Start Path = C:\Projetos_WEB\ERP_Importa\
ERPImporta.exe: 00003FF0: 11:53:59 [TUniServerModule]:Debug Mode = ON
ERPImporta.exe: 00003FF0: 11:53:59 [TUniServerModule]:Starting HTTP Server on Port: 8077...
ERPImporta.exe: 00003FF0: 11:53:59 [TUniServerModule]:HTTP Server Started on Port: 8077
ERPImporta.exe: 00002CDC: 11:55:29 []:>--------------------------------------------------------------<
ERPImporta.exe: 00002CDC: 11:55:29 [TUniServerModule]:Server First Init.
ERPImporta.exe: 00002CDC: 11:55:29 [TUniServerModule]:Start Path = C:\Projetos_WEB\ERP_Importa\
ERPImporta.exe: 00002CDC: 11:55:29 [TUniServerModule]:Debug Mode = ON
ERPImporta.exe: 00002CDC: 11:55:30 [TUniServerModule]:Starting HTTP Server on Port: 8077...
ERPImporta.exe: 00002CDC: 11:55:30 [TUniServerModule]:HTTP Server Started on Port: 8077
ERPImporta.exe: 00004624: 11:58:35 []:>--------------------------------------------------------------<
ERPImporta.exe: 00004624: 11:58:35 [TUniServerModule]:Server First Init.
ERPImporta.exe: 00004624: 11:58:35 [TUniServerModule]:Start Path = C:\Projetos_WEB\ERP_Importa\
ERPImporta.exe: 00004624: 11:58:35 [TUniServerModule]:Debug Mode = ON
ERPImporta.exe: 00004624: 11:58:35 [TUniGUISessionManager]:Cache erase job created, Folder count: [1]
ERPImporta.exe: 00004624: 11:58:36 [TUniServerModule]:Starting HTTP Server on Port: 8077...
ERPImporta.exe: 00004624: 11:58:36 [TUniServerModule]:HTTP Server Started on Port: 8077
ERPImporta.exe: 0000242C: 11:59:06 []:>--------------------------------------------------------------<
ERPImporta.exe: 0000242C: 11:59:06 [TUniServerModule]:Server First Init.
ERPImporta.exe: 0000242C: 11:59:06 [TUniServerModule]:Start Path = C:\Projetos_WEB\ERP_Importa\
ERPImporta.exe: 0000242C: 11:59:06 [TUniServerModule]:Debug Mode = ON
ERPImporta.exe: 0000242C: 11:59:06 [TUniGUISessionManager]:Cache erase job created, Folder count: [1]
ERPImporta.exe: 0000242C: 11:59:06 [TUniServerModule]:Starting HTTP Server on Port: 8077...
ERPImporta.exe: 0000242C: 11:59:06 [TUniServerModule]:HTTP Server Started on Port: 8077
ERPImporta.exe: 00003B10: 11:59:09 [127.0.0.1]:EUniSessionException : Sessão inváilda ou tempo da sessão expirado. (Session not found: hj4hE3b5eB110531DF0 ) : Addr: $007CFB14
ERPImporta.exe: 00000B84: 12:00:34 []:>--------------------------------------------------------------<
ERPImporta.exe: 00000B84: 12:00:34 [TUniServerModule]:Server First Init.
ERPImporta.exe: 00000B84: 12:00:34 [TUniServerModule]:Start Path = C:\Projetos_WEB\ERP_Importa\
ERPImporta.exe: 00000B84: 12:00:34 [TUniServerModule]:Debug Mode = ON
ERPImporta.exe: 00000B84: 12:00:34 [TUniGUISessionManager]:Cache erase job created, Folder count: [1]
ERPImporta.exe: 00000B84: 12:00:34 [TUniServerModule]:Starting HTTP Server on Port: 8077...
ERPImporta.exe: 00000B84: 12:00:34 [TUniServerModule]:HTTP Server Started on Port: 8077
