ERPImporta.exe: 00003084: 09:53:33 []:>--------------------------------------------------------------<
ERPImporta.exe: 00003084: 09:53:33 [TUniServerModule]:Server First Init.
ERPImporta.exe: 00003084: 09:53:33 [TUniServerModule]:Start Path = C:\Projetos_WEB\ERP_Importa\
ERPImporta.exe: 00003084: 09:53:33 [TUniServerModule]:Debug Mode = ON
ERPImporta.exe: 00003084: 09:53:33 [TUniServerModule]:Starting HTTP Server on Port: 8077...
ERPImporta.exe: 00003084: 09:53:33 [TUniServerModule]:HTTP Server Started on Port: 8077
ERPImporta.exe: 000007F0: 09:54:29 []:>--------------------------------------------------------------<
ERPImporta.exe: 000007F0: 09:54:29 [TUniServerModule]:Server First Init.
ERPImporta.exe: 000007F0: 09:54:29 [TUniServerModule]:Start Path = C:\Projetos_WEB\ERP_Importa\
ERPImporta.exe: 000007F0: 09:54:29 [TUniServerModule]:Debug Mode = ON
ERPImporta.exe: 000007F0: 09:54:29 [TUniGUISessionManager]:Cache erase job created, Folder count: [1]
ERPImporta.exe: 000007F0: 09:54:29 [TUniServerModule]:Starting HTTP Server on Port: 8077...
ERPImporta.exe: 000007F0: 09:54:29 [TUniServerModule]:HTTP Server Started on Port: 8077
ERPImporta.exe: 00003BB0: 09:55:02 []:>--------------------------------------------------------------<
ERPImporta.exe: 00003BB0: 09:55:02 [TUniServerModule]:Server First Init.
ERPImporta.exe: 00003BB0: 09:55:02 [TUniServerModule]:Start Path = C:\Projetos_WEB\ERP_Importa\
ERPImporta.exe: 00003BB0: 09:55:02 [TUniServerModule]:Debug Mode = ON
ERPImporta.exe: 00003BB0: 09:55:02 [TUniServerModule]:Starting HTTP Server on Port: 8077...
ERPImporta.exe: 00003BB0: 09:55:02 [TUniServerModule]:HTTP Server Started on Port: 8077
ERPImporta.exe: 000029EC: 09:58:33 []:>--------------------------------------------------------------<
ERPImporta.exe: 000029EC: 09:58:33 [TUniServerModule]:Server First Init.
ERPImporta.exe: 000029EC: 09:58:33 [TUniServerModule]:Start Path = C:\Projetos_WEB\ERP_Importa\
ERPImporta.exe: 000029EC: 09:58:33 [TUniServerModule]:Debug Mode = ON
ERPImporta.exe: 000029EC: 09:58:33 [TUniGUISessionManager]:Cache erase job created, Folder count: [1]
ERPImporta.exe: 000029EC: 09:58:33 [TUniServerModule]:Starting HTTP Server on Port: 8077...
ERPImporta.exe: 000029EC: 09:58:33 [TUniServerModule]:HTTP Server Started on Port: 8077
ERPImporta.exe: 0000395C: 10:05:48 []:>--------------------------------------------------------------<
ERPImporta.exe: 0000395C: 10:05:48 [TUniServerModule]:Server First Init.
ERPImporta.exe: 0000395C: 10:05:48 [TUniServerModule]:Start Path = C:\Projetos_WEB\ERP_Importa\
ERPImporta.exe: 0000395C: 10:05:48 [TUniServerModule]:Debug Mode = ON
ERPImporta.exe: 0000395C: 10:05:48 [TUniGUISessionManager]:Cache erase job created, Folder count: [1]
ERPImporta.exe: 0000395C: 10:05:49 [TUniServerModule]:Starting HTTP Server on Port: 8077...
ERPImporta.exe: 0000395C: 10:05:49 [TUniServerModule]:HTTP Server Started on Port: 8077
ERPImporta.exe: 00002524: 10:07:56 []:>--------------------------------------------------------------<
ERPImporta.exe: 00002524: 10:07:56 [TUniServerModule]:Server First Init.
ERPImporta.exe: 00002524: 10:07:56 [TUniServerModule]:Start Path = C:\Projetos_WEB\ERP_Importa\
ERPImporta.exe: 00002524: 10:07:56 [TUniServerModule]:Debug Mode = ON
ERPImporta.exe: 00002524: 10:07:57 [TUniServerModule]:Starting HTTP Server on Port: 8077...
ERPImporta.exe: 00002524: 10:07:57 [TUniServerModule]:HTTP Server Started on Port: 8077
ERPImporta.exe: 00001388: 10:08:47 []:>--------------------------------------------------------------<
ERPImporta.exe: 00001388: 10:08:47 [TUniServerModule]:Server First Init.
ERPImporta.exe: 00001388: 10:08:47 [TUniServerModule]:Start Path = C:\Projetos_WEB\ERP_Importa\
ERPImporta.exe: 00001388: 10:08:47 [TUniServerModule]:Debug Mode = ON
ERPImporta.exe: 00001388: 10:08:47 [TUniGUISessionManager]:Cache erase job created, Folder count: [1]
ERPImporta.exe: 00001388: 10:08:48 [TUniServerModule]:Starting HTTP Server on Port: 8077...
ERPImporta.exe: 00001388: 10:08:48 [TUniServerModule]:HTTP Server Started on Port: 8077
ERPImporta.exe: 00003D14: 10:09:57 []:>--------------------------------------------------------------<
ERPImporta.exe: 00003D14: 10:09:57 [TUniServerModule]:Server First Init.
ERPImporta.exe: 00003D14: 10:09:57 [TUniServerModule]:Start Path = C:\Projetos_WEB\ERP_Importa\
ERPImporta.exe: 00003D14: 10:09:57 [TUniServerModule]:Debug Mode = ON
ERPImporta.exe: 00003D14: 10:09:58 [TUniServerModule]:Starting HTTP Server on Port: 8077...
ERPImporta.exe: 00003D14: 10:09:58 [TUniServerModule]:HTTP Server Started on Port: 8077
ERPImporta.exe: 00003E4C: 10:11:49 []:>--------------------------------------------------------------<
ERPImporta.exe: 00003E4C: 10:11:49 [TUniServerModule]:Server First Init.
ERPImporta.exe: 00003E4C: 10:11:49 [TUniServerModule]:Start Path = C:\Projetos_WEB\ERP_Importa\
ERPImporta.exe: 00003E4C: 10:11:49 [TUniServerModule]:Debug Mode = ON
ERPImporta.exe: 00003E4C: 10:11:49 [TUniServerModule]:Starting HTTP Server on Port: 8077...
ERPImporta.exe: 00003E4C: 10:11:49 [TUniServerModule]:HTTP Server Started on Port: 8077
ERPImporta.exe: 00003854: 10:12:28 []:>--------------------------------------------------------------<
ERPImporta.exe: 00003854: 10:12:28 [TUniServerModule]:Server First Init.
ERPImporta.exe: 00003854: 10:12:28 [TUniServerModule]:Start Path = C:\Projetos_WEB\ERP_Importa\
ERPImporta.exe: 00003854: 10:12:28 [TUniServerModule]:Debug Mode = ON
ERPImporta.exe: 00003854: 10:12:28 [TUniGUISessionManager]:Cache erase job created, Folder count: [1]
ERPImporta.exe: 00003854: 10:12:28 [TUniServerModule]:Starting HTTP Server on Port: 8077...
ERPImporta.exe: 00003854: 10:12:28 [TUniServerModule]:HTTP Server Started on Port: 8077
ERPImporta.exe: 00001C70: 10:13:27 []:>--------------------------------------------------------------<
ERPImporta.exe: 00001C70: 10:13:27 [TUniServerModule]:Server First Init.
ERPImporta.exe: 00001C70: 10:13:27 [TUniServerModule]:Start Path = C:\Projetos_WEB\ERP_Importa\
ERPImporta.exe: 00001C70: 10:13:27 [TUniServerModule]:Debug Mode = ON
ERPImporta.exe: 00001C70: 10:13:27 [TUniServerModule]:Starting HTTP Server on Port: 8077...
ERPImporta.exe: 00001C70: 10:13:27 [TUniServerModule]:HTTP Server Started on Port: 8077
ERPImporta.exe: 00001424: 10:15:20 []:>--------------------------------------------------------------<
ERPImporta.exe: 00001424: 10:15:20 [TUniServerModule]:Server First Init.
ERPImporta.exe: 00001424: 10:15:20 [TUniServerModule]:Start Path = C:\Projetos_WEB\ERP_Importa\
ERPImporta.exe: 00001424: 10:15:20 [TUniServerModule]:Debug Mode = ON
ERPImporta.exe: 00001424: 10:15:21 [TUniServerModule]:Starting HTTP Server on Port: 8077...
ERPImporta.exe: 00001424: 10:15:21 [TUniServerModule]:HTTP Server Started on Port: 8077
ERPImporta.exe: 000023C4: 10:16:34 []:>--------------------------------------------------------------<
ERPImporta.exe: 000023C4: 10:16:34 [TUniServerModule]:Server First Init.
ERPImporta.exe: 000023C4: 10:16:34 [TUniServerModule]:Start Path = C:\Projetos_WEB\ERP_Importa\
ERPImporta.exe: 000023C4: 10:16:34 [TUniServerModule]:Debug Mode = ON
ERPImporta.exe: 000023C4: 10:16:34 [TUniServerModule]:Starting HTTP Server on Port: 8077...
ERPImporta.exe: 000023C4: 10:16:34 [TUniServerModule]:HTTP Server Started on Port: 8077
ERPImporta.exe: 00003790: 10:18:09 []:>--------------------------------------------------------------<
ERPImporta.exe: 00003790: 10:18:09 [TUniServerModule]:Server First Init.
ERPImporta.exe: 00003790: 10:18:09 [TUniServerModule]:Start Path = C:\Projetos_WEB\ERP_Importa\
ERPImporta.exe: 00003790: 10:18:09 [TUniServerModule]:Debug Mode = ON
ERPImporta.exe: 00003790: 10:18:09 [TUniGUISessionManager]:Cache erase job created, Folder count: [1]
ERPImporta.exe: 00003790: 10:18:09 [TUniServerModule]:Starting HTTP Server on Port: 8077...
ERPImporta.exe: 00003790: 10:18:09 [TUniServerModule]:HTTP Server Started on Port: 8077
ERPImporta.exe: 000034B4: 10:20:48 []:>--------------------------------------------------------------<
ERPImporta.exe: 000034B4: 10:20:48 [TUniServerModule]:Server First Init.
ERPImporta.exe: 000034B4: 10:20:48 [TUniServerModule]:Start Path = C:\Projetos_WEB\ERP_Importa\
ERPImporta.exe: 000034B4: 10:20:48 [TUniServerModule]:Debug Mode = ON
ERPImporta.exe: 000034B4: 10:20:48 [TUniServerModule]:Starting HTTP Server on Port: 8077...
ERPImporta.exe: 000034B4: 10:20:49 [TUniServerModule]:HTTP Server Started on Port: 8077
ERPImporta.exe: 00001AB8: 10:28:59 []:>--------------------------------------------------------------<
ERPImporta.exe: 00001AB8: 10:28:59 [TUniServerModule]:Server First Init.
ERPImporta.exe: 00001AB8: 10:28:59 [TUniServerModule]:Start Path = C:\Projetos_WEB\ERP_Importa\
ERPImporta.exe: 00001AB8: 10:28:59 [TUniServerModule]:Debug Mode = ON
ERPImporta.exe: 00001AB8: 10:28:59 [TUniServerModule]:Starting HTTP Server on Port: 8077...
ERPImporta.exe: 00001AB8: 10:28:59 [TUniServerModule]:HTTP Server Started on Port: 8077
ERPImporta.exe: 0000405C: 10:33:31 []:>--------------------------------------------------------------<
ERPImporta.exe: 0000405C: 10:33:31 [TUniServerModule]:Server First Init.
ERPImporta.exe: 0000405C: 10:33:31 [TUniServerModule]:Start Path = C:\Projetos_WEB\ERP_Importa\
ERPImporta.exe: 0000405C: 10:33:31 [TUniServerModule]:Debug Mode = ON
ERPImporta.exe: 0000405C: 10:33:31 [TUniGUISessionManager]:Cache erase job created, Folder count: [1]
ERPImporta.exe: 0000405C: 10:33:31 [TUniServerModule]:Starting HTTP Server on Port: 8077...
ERPImporta.exe: 0000405C: 10:33:31 [TUniServerModule]:HTTP Server Started on Port: 8077
ERPImporta.exe: 00002A4C: 10:34:47 []:>--------------------------------------------------------------<
ERPImporta.exe: 00002A4C: 10:34:47 [TUniServerModule]:Server First Init.
ERPImporta.exe: 00002A4C: 10:34:47 [TUniServerModule]:Start Path = C:\Projetos_WEB\ERP_Importa\
ERPImporta.exe: 00002A4C: 10:34:47 [TUniServerModule]:Debug Mode = ON
ERPImporta.exe: 00002A4C: 10:34:47 [TUniGUISessionManager]:Cache erase job created, Folder count: [1]
ERPImporta.exe: 00002A4C: 10:34:48 [TUniServerModule]:Starting HTTP Server on Port: 8077...
ERPImporta.exe: 00002A4C: 10:34:48 [TUniServerModule]:HTTP Server Started on Port: 8077
ERPImporta.exe: 00003614: 10:36:02 []:>--------------------------------------------------------------<
ERPImporta.exe: 00003614: 10:36:02 [TUniServerModule]:Server First Init.
ERPImporta.exe: 00003614: 10:36:02 [TUniServerModule]:Start Path = C:\Projetos_WEB\ERP_Importa\
ERPImporta.exe: 00003614: 10:36:02 [TUniServerModule]:Debug Mode = ON
ERPImporta.exe: 00003614: 10:36:03 [TUniServerModule]:Starting HTTP Server on Port: 8077...
ERPImporta.exe: 00003614: 10:36:03 [TUniServerModule]:HTTP Server Started on Port: 8077
ERPImporta.exe: 00000DF0: 10:49:05 []:>--------------------------------------------------------------<
ERPImporta.exe: 00000DF0: 10:49:05 [TUniServerModule]:Server First Init.
ERPImporta.exe: 00000DF0: 10:49:05 [TUniServerModule]:Start Path = C:\Projetos_WEB\ERP_Importa\
ERPImporta.exe: 00000DF0: 10:49:05 [TUniServerModule]:Debug Mode = ON
ERPImporta.exe: 00000DF0: 10:49:05 [TUniGUISessionManager]:Cache erase job created, Folder count: [1]
ERPImporta.exe: 00000DF0: 10:49:05 [TUniServerModule]:Starting HTTP Server on Port: 8077...
ERPImporta.exe: 00000DF0: 10:49:05 [TUniServerModule]:HTTP Server Started on Port: 8077
ERPImporta.exe: 00001D08: 10:50:14 []:>--------------------------------------------------------------<
ERPImporta.exe: 00001D08: 10:50:14 [TUniServerModule]:Server First Init.
ERPImporta.exe: 00001D08: 10:50:14 [TUniServerModule]:Start Path = C:\Projetos_WEB\ERP_Importa\
ERPImporta.exe: 00001D08: 10:50:14 [TUniServerModule]:Debug Mode = ON
ERPImporta.exe: 00001D08: 10:50:15 [TUniServerModule]:Starting HTTP Server on Port: 8077...
ERPImporta.exe: 00001D08: 10:50:15 [TUniServerModule]:HTTP Server Started on Port: 8077
ERPImporta.exe: 00003804: 10:51:03 []:>--------------------------------------------------------------<
ERPImporta.exe: 00003804: 10:51:03 [TUniServerModule]:Server First Init.
ERPImporta.exe: 00003804: 10:51:03 [TUniServerModule]:Start Path = C:\Projetos_WEB\ERP_Importa\
ERPImporta.exe: 00003804: 10:51:03 [TUniServerModule]:Debug Mode = ON
ERPImporta.exe: 00003804: 10:51:04 [TUniServerModule]:Starting HTTP Server on Port: 8077...
ERPImporta.exe: 00003804: 10:51:04 [TUniServerModule]:HTTP Server Started on Port: 8077
ERPImporta.exe: 00002498: 10:51:47 []:>--------------------------------------------------------------<
ERPImporta.exe: 00002498: 10:51:47 [TUniServerModule]:Server First Init.
ERPImporta.exe: 00002498: 10:51:47 [TUniServerModule]:Start Path = C:\Projetos_WEB\ERP_Importa\
ERPImporta.exe: 00002498: 10:51:47 [TUniServerModule]:Debug Mode = ON
ERPImporta.exe: 00002498: 10:51:47 [TUniServerModule]:Starting HTTP Server on Port: 8077...
ERPImporta.exe: 00002498: 10:51:47 [TUniServerModule]:HTTP Server Started on Port: 8077
ERPImporta.exe: 00001C68: 10:52:08 []:>--------------------------------------------------------------<
ERPImporta.exe: 00001C68: 10:52:08 [TUniServerModule]:Server First Init.
ERPImporta.exe: 00001C68: 10:52:08 [TUniServerModule]:Start Path = C:\Projetos_WEB\ERP_Importa\
ERPImporta.exe: 00001C68: 10:52:08 [TUniServerModule]:Debug Mode = ON
ERPImporta.exe: 00001C68: 10:52:08 [TUniServerModule]:Starting HTTP Server on Port: 8077...
ERPImporta.exe: 00001C68: 10:52:09 [TUniServerModule]:HTTP Server Started on Port: 8077
ERPImporta.exe: 0000272C: 10:52:38 []:>--------------------------------------------------------------<
ERPImporta.exe: 0000272C: 10:52:38 [TUniServerModule]:Server First Init.
ERPImporta.exe: 0000272C: 10:52:38 [TUniServerModule]:Start Path = C:\Projetos_WEB\ERP_Importa\
ERPImporta.exe: 0000272C: 10:52:38 [TUniServerModule]:Debug Mode = ON
ERPImporta.exe: 0000272C: 10:52:38 [TUniGUISessionManager]:Cache erase job created, Folder count: [1]
ERPImporta.exe: 0000272C: 10:52:38 [TUniServerModule]:Starting HTTP Server on Port: 8077...
ERPImporta.exe: 0000272C: 10:52:38 [TUniServerModule]:HTTP Server Started on Port: 8077
ERPImporta.exe: 000002FC: 10:53:33 [HandleFileRequest[127.0.0.1]]:File not found: C:\Projetos_WEB\ERP_Importa\files\images\fundo8.jpg
ERPImporta.exe: 00003F14: 10:54:05 []:>--------------------------------------------------------------<
ERPImporta.exe: 00003F14: 10:54:05 [TUniServerModule]:Server First Init.
ERPImporta.exe: 00003F14: 10:54:05 [TUniServerModule]:Start Path = C:\Projetos_WEB\ERP_Importa\
ERPImporta.exe: 00003F14: 10:54:05 [TUniServerModule]:Debug Mode = ON
ERPImporta.exe: 00003F14: 10:54:05 [TUniServerModule]:Starting HTTP Server on Port: 8077...
ERPImporta.exe: 00003F14: 10:54:05 [TUniServerModule]:HTTP Server Started on Port: 8077
ERPImporta.exe: 00000C70: 10:55:39 [[FireDAC][Phys][ODBC][Microsoft][SQL Server Native Client 11.0][SQL Server]Invalid object name 'PlanoFinanceiro'.-127.0.0.1]:EMSSQLNativeException : [FireDAC][Phys][ODBC][Microsoft][SQL Server Native Client 11.0][SQL Server]Invalid object name 'PlanoFinanceiro'. : Addr: $008DDD19
ERPImporta.exe: 0000187C: 10:57:11 []:>--------------------------------------------------------------<
ERPImporta.exe: 0000187C: 10:57:11 [TUniServerModule]:Server First Init.
ERPImporta.exe: 0000187C: 10:57:11 [TUniServerModule]:Start Path = C:\Projetos_WEB\ERP_Importa\
ERPImporta.exe: 0000187C: 10:57:11 [TUniServerModule]:Debug Mode = ON
ERPImporta.exe: 0000187C: 10:57:11 [TUniServerModule]:Starting HTTP Server on Port: 8077...
ERPImporta.exe: 0000187C: 10:57:11 [TUniServerModule]:HTTP Server Started on Port: 8077
ERPImporta.exe: 000016C8: 10:57:59 []:>--------------------------------------------------------------<
ERPImporta.exe: 000016C8: 10:57:59 [TUniServerModule]:Server First Init.
ERPImporta.exe: 000016C8: 10:57:59 [TUniServerModule]:Start Path = C:\Projetos_WEB\ERP_Importa\
ERPImporta.exe: 000016C8: 10:57:59 [TUniServerModule]:Debug Mode = ON
ERPImporta.exe: 000016C8: 10:58:00 [TUniServerModule]:Starting HTTP Server on Port: 8077...
ERPImporta.exe: 000016C8: 10:58:00 [TUniServerModule]:HTTP Server Started on Port: 8077
ERPImporta.exe: 000045FC: 11:05:03 []:>--------------------------------------------------------------<
ERPImporta.exe: 000045FC: 11:05:03 [TUniServerModule]:Server First Init.
ERPImporta.exe: 000045FC: 11:05:03 [TUniServerModule]:Start Path = C:\Projetos_WEB\ERP_Importa\
ERPImporta.exe: 000045FC: 11:05:03 [TUniServerModule]:Debug Mode = ON
ERPImporta.exe: 000045FC: 11:05:04 [TUniServerModule]:Starting HTTP Server on Port: 8077...
ERPImporta.exe: 000045FC: 11:05:04 [TUniServerModule]:HTTP Server Started on Port: 8077
ERPImporta.exe: 00001010: 11:06:39 []:>--------------------------------------------------------------<
ERPImporta.exe: 00001010: 11:06:39 [TUniServerModule]:Server First Init.
ERPImporta.exe: 00001010: 11:06:39 [TUniServerModule]:Start Path = C:\Projetos_WEB\ERP_Importa\
ERPImporta.exe: 00001010: 11:06:39 [TUniServerModule]:Debug Mode = ON
ERPImporta.exe: 00001010: 11:06:39 [TUniServerModule]:Starting HTTP Server on Port: 8077...
ERPImporta.exe: 00001010: 11:06:39 [TUniServerModule]:HTTP Server Started on Port: 8077
ERPImporta.exe: 00003D54: 11:08:31 []:>--------------------------------------------------------------<
ERPImporta.exe: 00003D54: 11:08:31 [TUniServerModule]:Server First Init.
ERPImporta.exe: 00003D54: 11:08:31 [TUniServerModule]:Start Path = C:\Projetos_WEB\ERP_Importa\
ERPImporta.exe: 00003D54: 11:08:31 [TUniServerModule]:Debug Mode = ON
ERPImporta.exe: 00003D54: 11:08:31 [TUniServerModule]:Starting HTTP Server on Port: 8077...
ERPImporta.exe: 00003D54: 11:08:31 [TUniServerModule]:HTTP Server Started on Port: 8077
ERPImporta.exe: 000006DC: 11:12:51 []:>--------------------------------------------------------------<
ERPImporta.exe: 000006DC: 11:12:51 [TUniServerModule]:Server First Init.
ERPImporta.exe: 000006DC: 11:12:51 [TUniServerModule]:Start Path = C:\Projetos_WEB\ERP_Importa\
ERPImporta.exe: 000006DC: 11:12:51 [TUniServerModule]:Debug Mode = ON
ERPImporta.exe: 000006DC: 11:12:52 [TUniServerModule]:Starting HTTP Server on Port: 8077...
ERPImporta.exe: 000006DC: 11:12:52 [TUniServerModule]:HTTP Server Started on Port: 8077
ERPImporta.exe: 00000CBC: 11:20:36 []:>--------------------------------------------------------------<
ERPImporta.exe: 00000CBC: 11:20:36 [TUniServerModule]:Server First Init.
ERPImporta.exe: 00000CBC: 11:20:36 [TUniServerModule]:Start Path = C:\Projetos_WEB\ERP_Importa\
ERPImporta.exe: 00000CBC: 11:20:36 [TUniServerModule]:Debug Mode = ON
ERPImporta.exe: 00000CBC: 11:20:37 [TUniServerModule]:Starting HTTP Server on Port: 8077...
ERPImporta.exe: 00000CBC: 11:20:37 [TUniServerModule]:HTTP Server Started on Port: 8077
ERPImporta.exe: 000025C0: 11:25:02 []:>--------------------------------------------------------------<
ERPImporta.exe: 000025C0: 11:25:02 [TUniServerModule]:Server First Init.
ERPImporta.exe: 000025C0: 11:25:02 [TUniServerModule]:Start Path = C:\Projetos_WEB\ERP_Importa\
ERPImporta.exe: 000025C0: 11:25:02 [TUniServerModule]:Debug Mode = ON
ERPImporta.exe: 000025C0: 11:25:02 [TUniServerModule]:Starting HTTP Server on Port: 8077...
ERPImporta.exe: 000025C0: 11:25:02 [TUniServerModule]:HTTP Server Started on Port: 8077
ERPImporta.exe: 00002DFC: 11:27:06 []:>--------------------------------------------------------------<
ERPImporta.exe: 00002DFC: 11:27:06 [TUniServerModule]:Server First Init.
ERPImporta.exe: 00002DFC: 11:27:06 [TUniServerModule]:Start Path = C:\Projetos_WEB\ERP_Importa\
ERPImporta.exe: 00002DFC: 11:27:06 [TUniServerModule]:Debug Mode = ON
ERPImporta.exe: 00002DFC: 11:27:06 [TUniServerModule]:Starting HTTP Server on Port: 8077...
ERPImporta.exe: 00002DFC: 11:27:06 [TUniServerModule]:HTTP Server Started on Port: 8077
ERPImporta.exe: 000042F8: 11:31:49 []:>--------------------------------------------------------------<
ERPImporta.exe: 000042F8: 11:31:49 [TUniServerModule]:Server First Init.
ERPImporta.exe: 000042F8: 11:31:49 [TUniServerModule]:Start Path = C:\Projetos_WEB\ERP_Importa\
ERPImporta.exe: 000042F8: 11:31:49 [TUniServerModule]:Debug Mode = ON
ERPImporta.exe: 000042F8: 11:31:49 [TUniGUISessionManager]:Cache erase job created, Folder count: [1]
ERPImporta.exe: 000042F8: 11:31:49 [TUniServerModule]:Starting HTTP Server on Port: 8077...
ERPImporta.exe: 000042F8: 11:31:49 [TUniServerModule]:HTTP Server Started on Port: 8077
ERPImporta.exe: 000045EC: 11:33:40 []:>--------------------------------------------------------------<
ERPImporta.exe: 000045EC: 11:33:40 [TUniServerModule]:Server First Init.
ERPImporta.exe: 000045EC: 11:33:40 [TUniServerModule]:Start Path = C:\Projetos_WEB\ERP_Importa\
ERPImporta.exe: 000045EC: 11:33:40 [TUniServerModule]:Debug Mode = ON
ERPImporta.exe: 000045EC: 11:33:40 [TUniServerModule]:Starting HTTP Server on Port: 8077...
ERPImporta.exe: 000045EC: 11:33:40 [TUniServerModule]:HTTP Server Started on Port: 8077
ERPImporta.exe: 00001568: 11:39:03 []:>--------------------------------------------------------------<
ERPImporta.exe: 00001568: 11:39:03 [TUniServerModule]:Server First Init.
ERPImporta.exe: 00001568: 11:39:03 [TUniServerModule]:Start Path = C:\Projetos_WEB\ERP_Importa\
ERPImporta.exe: 00001568: 11:39:03 [TUniServerModule]:Debug Mode = ON
ERPImporta.exe: 00001568: 11:39:03 [TUniServerModule]:Starting HTTP Server on Port: 8077...
ERPImporta.exe: 00001568: 11:39:04 [TUniServerModule]:HTTP Server Started on Port: 8077
ERPImporta.exe: 00000CF4: 11:44:41 []:>--------------------------------------------------------------<
ERPImporta.exe: 00000CF4: 11:44:41 [TUniServerModule]:Server First Init.
ERPImporta.exe: 00000CF4: 11:44:41 [TUniServerModule]:Start Path = C:\Projetos_WEB\ERP_Importa\
ERPImporta.exe: 00000CF4: 11:44:41 [TUniServerModule]:Debug Mode = ON
ERPImporta.exe: 00000CF4: 11:44:42 [TUniServerModule]:Starting HTTP Server on Port: 8077...
ERPImporta.exe: 00000CF4: 11:44:42 [TUniServerModule]:HTTP Server Started on Port: 8077
ERPImporta.exe: 00002C18: 11:55:39 []:>--------------------------------------------------------------<
ERPImporta.exe: 00002C18: 11:55:39 [TUniServerModule]:Server First Init.
ERPImporta.exe: 00002C18: 11:55:39 [TUniServerModule]:Start Path = C:\Projetos_WEB\ERP_Importa\
ERPImporta.exe: 00002C18: 11:55:39 [TUniServerModule]:Debug Mode = ON
ERPImporta.exe: 00002C18: 11:55:39 [TUniServerModule]:Starting HTTP Server on Port: 8077...
ERPImporta.exe: 00002C18: 11:55:39 [TUniServerModule]:HTTP Server Started on Port: 8077
ERPImporta.exe: 000032C4: 11:56:15 [127.0.0.1]:EUniSessionException : Sessão inváilda ou tempo da sessão expirado. (Session not found: nmdmwpKItR10C6BA6CA ) : Addr: $007CE9EE
ERPImporta.exe: 0000297C: 11:56:15 [127.0.0.1]:EUniSessionException : Sessão inváilda ou tempo da sessão expirado. (Session not found: nmdmwpKItR10C6BA6CA ) : Addr: $007CE9EE
