ERPImporta.exe: 00000144: 10:44:14 []:>--------------------------------------------------------------<
ERPImporta.exe: 00000144: 10:44:14 [TUniServerModule]:Server First Init.
ERPImporta.exe: 00000144: 10:44:14 [TUniServerModule]:Start Path = C:\Projetos_WEB\ERP_Importa\
ERPImporta.exe: 00000144: 10:44:14 [TUniServerModule]:Debug Mode = ON
ERPImporta.exe: 00000144: 10:44:15 [TUniServerModule]:Starting HTTP Server on Port: 8077...
ERPImporta.exe: 00000144: 10:44:15 [TUniServerModule]:HTTP Server Started on Port: 8077
ERPImporta.exe: 00003980: 10:52:38 []:>--------------------------------------------------------------<
ERPImporta.exe: 00003980: 10:52:38 [TUniServerModule]:Server First Init.
ERPImporta.exe: 00003980: 10:52:38 [TUniServerModule]:Start Path = C:\Projetos_WEB\ERP_Importa\
ERPImporta.exe: 00003980: 10:52:38 [TUniServerModule]:Debug Mode = ON
ERPImporta.exe: 00003980: 10:52:39 [TUniServerModule]:Starting HTTP Server on Port: 8077...
ERPImporta.exe: 00003980: 10:52:39 [TUniServerModule]:HTTP Server Started on Port: 8077
ERPImporta.exe: 00001C64: 10:57:25 []:>--------------------------------------------------------------<
ERPImporta.exe: 00001C64: 10:57:25 [TUniServerModule]:Server First Init.
ERPImporta.exe: 00001C64: 10:57:25 [TUniServerModule]:Start Path = C:\Projetos_WEB\ERP_Importa\
ERPImporta.exe: 00001C64: 10:57:25 [TUniServerModule]:Debug Mode = ON
ERPImporta.exe: 00001C64: 10:57:25 [TUniServerModule]:Starting HTTP Server on Port: 8077...
ERPImporta.exe: 00001C64: 10:57:25 [TUniServerModule]:HTTP Server Started on Port: 8077
ERPImporta.exe: 000031A0: 10:58:28 []:>--------------------------------------------------------------<
ERPImporta.exe: 000031A0: 10:58:28 [TUniServerModule]:Server First Init.
ERPImporta.exe: 000031A0: 10:58:28 [TUniServerModule]:Start Path = C:\Projetos_WEB\ERP_Importa\
ERPImporta.exe: 000031A0: 10:58:28 [TUniServerModule]:Debug Mode = ON
ERPImporta.exe: 000031A0: 10:58:28 [TUniServerModule]:Starting HTTP Server on Port: 8077...
ERPImporta.exe: 000031A0: 10:58:28 [TUniServerModule]:HTTP Server Started on Port: 8077
ERPImporta.exe: 00004260: 10:59:47 []:>--------------------------------------------------------------<
ERPImporta.exe: 00004260: 10:59:47 [TUniServerModule]:Server First Init.
ERPImporta.exe: 00004260: 10:59:47 [TUniServerModule]:Start Path = C:\Projetos_WEB\ERP_Importa\
ERPImporta.exe: 00004260: 10:59:47 [TUniServerModule]:Debug Mode = ON
ERPImporta.exe: 00004260: 10:59:47 [TUniServerModule]:Starting HTTP Server on Port: 8077...
ERPImporta.exe: 00004260: 10:59:47 [TUniServerModule]:HTTP Server Started on Port: 8077
ERPImporta.exe: 00002174: 11:32:49 []:>--------------------------------------------------------------<
ERPImporta.exe: 00002174: 11:32:49 [TUniServerModule]:Server First Init.
ERPImporta.exe: 00002174: 11:32:49 [TUniServerModule]:Start Path = C:\Projetos_WEB\ERP_Importa\
ERPImporta.exe: 00002174: 11:32:49 [TUniServerModule]:Debug Mode = ON
ERPImporta.exe: 00002174: 11:32:49 [TUniServerModule]:Starting HTTP Server on Port: 8077...
ERPImporta.exe: 00002174: 11:32:49 [TUniServerModule]:HTTP Server Started on Port: 8077
ERPImporta.exe: 00003E00: 16:13:20 []:>--------------------------------------------------------------<
ERPImporta.exe: 00003E00: 16:13:20 [TUniServerModule]:Server First Init.
ERPImporta.exe: 00003E00: 16:13:20 [TUniServerModule]:Start Path = C:\Projetos_WEB\ERP_Importa\
ERPImporta.exe: 00003E00: 16:13:20 [TUniServerModule]:Debug Mode = ON
ERPImporta.exe: 00003E00: 16:13:20 [TUniServerModule]:Starting HTTP Server on Port: 8077...
ERPImporta.exe: 00003E00: 16:13:20 [TUniServerModule]:HTTP Server Started on Port: 8077
ERPImporta.exe: 00000524: 16:18:21 []:>--------------------------------------------------------------<
ERPImporta.exe: 00000524: 16:18:21 [TUniServerModule]:Server First Init.
ERPImporta.exe: 00000524: 16:18:21 [TUniServerModule]:Start Path = C:\Projetos_WEB\ERP_Importa\
ERPImporta.exe: 00000524: 16:18:21 [TUniServerModule]:Debug Mode = ON
ERPImporta.exe: 00000524: 16:18:21 [TUniGUISessionManager]:Cache erase job created, Folder count: [1]
ERPImporta.exe: 00000524: 16:18:22 [TUniServerModule]:Starting HTTP Server on Port: 8077...
ERPImporta.exe: 00000524: 16:18:22 [TUniServerModule]:HTTP Server Started on Port: 8077
ERPImporta.exe: 00004460: 17:04:28 []:>--------------------------------------------------------------<
ERPImporta.exe: 00004460: 17:04:28 [TUniServerModule]:Server First Init.
ERPImporta.exe: 00004460: 17:04:28 [TUniServerModule]:Start Path = C:\Projetos_WEB\ERP_Importa\
ERPImporta.exe: 00004460: 17:04:28 [TUniServerModule]:Debug Mode = ON
ERPImporta.exe: 00004460: 17:04:28 [TUniServerModule]:Starting HTTP Server on Port: 8077...
ERPImporta.exe: 00004460: 17:04:28 [TUniServerModule]:HTTP Server Started on Port: 8077
ERPImporta.exe: 00002098: 18:14:12 []:>--------------------------------------------------------------<
ERPImporta.exe: 00002098: 18:14:12 [TUniServerModule]:Server First Init.
ERPImporta.exe: 00002098: 18:14:12 [TUniServerModule]:Start Path = C:\Projetos_WEB\ERP_Importa\
ERPImporta.exe: 00002098: 18:14:12 [TUniServerModule]:Debug Mode = ON
ERPImporta.exe: 00002098: 18:14:13 [TUniServerModule]:Starting HTTP Server on Port: 8077...
ERPImporta.exe: 00002098: 18:14:13 [TUniServerModule]:HTTP Server Started on Port: 8077
ERPImporta.exe: 00002430: 18:18:15 []:>--------------------------------------------------------------<
ERPImporta.exe: 00002430: 18:18:15 [TUniServerModule]:Server First Init.
ERPImporta.exe: 00002430: 18:18:15 [TUniServerModule]:Start Path = C:\Projetos_WEB\ERP_Importa\
ERPImporta.exe: 00002430: 18:18:15 [TUniServerModule]:Debug Mode = ON
ERPImporta.exe: 00002430: 18:18:15 [TUniServerModule]:Starting HTTP Server on Port: 8077...
ERPImporta.exe: 00002430: 18:18:15 [TUniServerModule]:HTTP Server Started on Port: 8077
ERPImporta.exe: 00001BDC: 18:40:00 []:>--------------------------------------------------------------<
ERPImporta.exe: 00001BDC: 18:40:00 [TUniServerModule]:Server First Init.
ERPImporta.exe: 00001BDC: 18:40:00 [TUniServerModule]:Start Path = C:\Projetos_WEB\ERP_Importa\
ERPImporta.exe: 00001BDC: 18:40:00 [TUniServerModule]:Debug Mode = ON
ERPImporta.exe: 00001BDC: 18:40:00 [TUniServerModule]:Starting HTTP Server on Port: 8077...
ERPImporta.exe: 00001BDC: 18:40:00 [TUniServerModule]:HTTP Server Started on Port: 8077
ERPImporta.exe: 000047A0: 18:40:07 [127.0.0.1]:EUniSessionException : Sessão inváilda ou tempo da sessão expirado. (Session not found: n7V5ZpCt8R1119A0EAD ) : Addr: $007D0FCC
ERPImporta.exe: 00002584: 18:40:07 [127.0.0.1]:EUniSessionException : Sessão inváilda ou tempo da sessão expirado. (Session not found: n7V5ZpCt8R1119A0EAD ) : Addr: $007D0FCC
ERPImporta.exe: 000038F4: 18:40:38 []:>--------------------------------------------------------------<
ERPImporta.exe: 000038F4: 18:40:38 [TUniServerModule]:Server First Init.
ERPImporta.exe: 000038F4: 18:40:38 [TUniServerModule]:Start Path = C:\Projetos_WEB\ERP_Importa\
ERPImporta.exe: 000038F4: 18:40:38 [TUniServerModule]:Debug Mode = ON
ERPImporta.exe: 000038F4: 18:40:38 [TUniGUISessionManager]:Cache erase job created, Folder count: [1]
ERPImporta.exe: 000038F4: 18:40:38 [TUniServerModule]:Starting HTTP Server on Port: 8077...
ERPImporta.exe: 000038F4: 18:40:38 [TUniServerModule]:HTTP Server Started on Port: 8077
ERPImporta.exe: 00003C84: 18:44:33 []:>--------------------------------------------------------------<
ERPImporta.exe: 00003C84: 18:44:33 [TUniServerModule]:Server First Init.
ERPImporta.exe: 00003C84: 18:44:33 [TUniServerModule]:Start Path = C:\Projetos_WEB\ERP_Importa\
ERPImporta.exe: 00003C84: 18:44:33 [TUniServerModule]:Debug Mode = ON
ERPImporta.exe: 00003C84: 18:44:33 [TUniGUISessionManager]:Cache erase job created, Folder count: [1]
ERPImporta.exe: 00003C84: 18:44:33 [TUniServerModule]:Starting HTTP Server on Port: 8077...
ERPImporta.exe: 00003C84: 18:44:33 [TUniServerModule]:HTTP Server Started on Port: 8077
ERPImporta.exe: 000039BC: 18:47:28 []:>--------------------------------------------------------------<
ERPImporta.exe: 000039BC: 18:47:28 [TUniServerModule]:Server First Init.
ERPImporta.exe: 000039BC: 18:47:28 [TUniServerModule]:Start Path = C:\Projetos_WEB\ERP_Importa\
ERPImporta.exe: 000039BC: 18:47:28 [TUniServerModule]:Debug Mode = ON
ERPImporta.exe: 000039BC: 18:47:28 [TUniGUISessionManager]:Cache erase job created, Folder count: [1]
ERPImporta.exe: 000039BC: 18:47:29 [TUniServerModule]:Starting HTTP Server on Port: 8077...
ERPImporta.exe: 000039BC: 18:47:29 [TUniServerModule]:HTTP Server Started on Port: 8077
ERPImporta.exe: 00001BF4: 18:48:33 []:>--------------------------------------------------------------<
ERPImporta.exe: 00001BF4: 18:48:33 [TUniServerModule]:Server First Init.
ERPImporta.exe: 00001BF4: 18:48:33 [TUniServerModule]:Start Path = C:\Projetos_WEB\ERP_Importa\
ERPImporta.exe: 00001BF4: 18:48:33 [TUniServerModule]:Debug Mode = ON
ERPImporta.exe: 00001BF4: 18:48:33 [TUniGUISessionManager]:Cache erase job created, Folder count: [1]
ERPImporta.exe: 00001BF4: 18:48:33 [TUniServerModule]:Starting HTTP Server on Port: 8077...
ERPImporta.exe: 00001BF4: 18:48:33 [TUniServerModule]:HTTP Server Started on Port: 8077
ERPImporta.exe: 00001FF8: 18:49:32 []:>--------------------------------------------------------------<
ERPImporta.exe: 00001FF8: 18:49:32 [TUniServerModule]:Server First Init.
ERPImporta.exe: 00001FF8: 18:49:32 [TUniServerModule]:Start Path = C:\Projetos_WEB\ERP_Importa\
ERPImporta.exe: 00001FF8: 18:49:32 [TUniServerModule]:Debug Mode = ON
ERPImporta.exe: 00001FF8: 18:49:33 [TUniServerModule]:Starting HTTP Server on Port: 8077...
ERPImporta.exe: 00001FF8: 18:49:33 [TUniServerModule]:HTTP Server Started on Port: 8077
ERPImporta.exe: 00000100: 18:51:15 []:>--------------------------------------------------------------<
ERPImporta.exe: 00000100: 18:51:15 [TUniServerModule]:Server First Init.
ERPImporta.exe: 00000100: 18:51:15 [TUniServerModule]:Start Path = C:\Projetos_WEB\ERP_Importa\
ERPImporta.exe: 00000100: 18:51:15 [TUniServerModule]:Debug Mode = ON
ERPImporta.exe: 00000100: 18:51:15 [TUniServerModule]:Starting HTTP Server on Port: 8077...
ERPImporta.exe: 00000100: 18:51:15 [TUniServerModule]:HTTP Server Started on Port: 8077
ERPImporta.exe: 00000250: 18:52:50 []:>--------------------------------------------------------------<
ERPImporta.exe: 00000250: 18:52:50 [TUniServerModule]:Server First Init.
ERPImporta.exe: 00000250: 18:52:50 [TUniServerModule]:Start Path = C:\Projetos_WEB\ERP_Importa\
ERPImporta.exe: 00000250: 18:52:50 [TUniServerModule]:Debug Mode = ON
ERPImporta.exe: 00000250: 18:52:50 [TUniServerModule]:Starting HTTP Server on Port: 8077...
ERPImporta.exe: 00000250: 18:52:50 [TUniServerModule]:HTTP Server Started on Port: 8077
ERPImporta.exe: 000042B0: 18:54:22 []:>--------------------------------------------------------------<
ERPImporta.exe: 000042B0: 18:54:22 [TUniServerModule]:Server First Init.
ERPImporta.exe: 000042B0: 18:54:22 [TUniServerModule]:Start Path = C:\Projetos_WEB\ERP_Importa\
ERPImporta.exe: 000042B0: 18:54:22 [TUniServerModule]:Debug Mode = ON
ERPImporta.exe: 000042B0: 18:54:22 [TUniServerModule]:Starting HTTP Server on Port: 8077...
ERPImporta.exe: 000042B0: 18:54:23 [TUniServerModule]:HTTP Server Started on Port: 8077
ERPImporta.exe: 00000240: 18:55:08 []:>--------------------------------------------------------------<
ERPImporta.exe: 00000240: 18:55:08 [TUniServerModule]:Server First Init.
ERPImporta.exe: 00000240: 18:55:08 [TUniServerModule]:Start Path = C:\Projetos_WEB\ERP_Importa\
ERPImporta.exe: 00000240: 18:55:08 [TUniServerModule]:Debug Mode = ON
ERPImporta.exe: 00000240: 18:55:08 [TUniServerModule]:Starting HTTP Server on Port: 8077...
ERPImporta.exe: 00000240: 18:55:08 [TUniServerModule]:HTTP Server Started on Port: 8077
ERPImporta.exe: 000018F8: 18:58:52 []:>--------------------------------------------------------------<
ERPImporta.exe: 000018F8: 18:58:52 [TUniServerModule]:Server First Init.
ERPImporta.exe: 000018F8: 18:58:52 [TUniServerModule]:Start Path = C:\Projetos_WEB\ERP_Importa\
ERPImporta.exe: 000018F8: 18:58:52 [TUniServerModule]:Debug Mode = ON
ERPImporta.exe: 000018F8: 18:58:52 [TUniServerModule]:Starting HTTP Server on Port: 8077...
ERPImporta.exe: 000018F8: 18:58:52 [TUniServerModule]:HTTP Server Started on Port: 8077
ERPImporta.exe: 00003CD8: 19:00:10 []:>--------------------------------------------------------------<
ERPImporta.exe: 00003CD8: 19:00:10 [TUniServerModule]:Server First Init.
ERPImporta.exe: 00003CD8: 19:00:10 [TUniServerModule]:Start Path = C:\Projetos_WEB\ERP_Importa\
ERPImporta.exe: 00003CD8: 19:00:10 [TUniServerModule]:Debug Mode = ON
ERPImporta.exe: 00003CD8: 19:00:10 [TUniGUISessionManager]:Cache erase job created, Folder count: [1]
ERPImporta.exe: 00003CD8: 19:00:10 [TUniServerModule]:Starting HTTP Server on Port: 8077...
ERPImporta.exe: 00003CD8: 19:00:10 [TUniServerModule]:HTTP Server Started on Port: 8077
ERPImporta.exe: 000029FC: 19:01:00 []:>--------------------------------------------------------------<
ERPImporta.exe: 000029FC: 19:01:00 [TUniServerModule]:Server First Init.
ERPImporta.exe: 000029FC: 19:01:00 [TUniServerModule]:Start Path = C:\Projetos_WEB\ERP_Importa\
ERPImporta.exe: 000029FC: 19:01:00 [TUniServerModule]:Debug Mode = ON
ERPImporta.exe: 000029FC: 19:01:00 [TUniServerModule]:Starting HTTP Server on Port: 8077...
ERPImporta.exe: 000029FC: 19:01:00 [TUniServerModule]:HTTP Server Started on Port: 8077
