ERPImporta.exe: 00000788: 09:04:42 []:>--------------------------------------------------------------<
ERPImporta.exe: 00000788: 09:04:42 [TUniServerModule]:Server First Init.
ERPImporta.exe: 00000788: 09:04:42 [TUniServerModule]:Start Path = C:\Projetos_WEB\ERP_Importa\
ERPImporta.exe: 00000788: 09:04:42 [TUniServerModule]:Debug Mode = ON
ERPImporta.exe: 00000788: 09:04:42 [TUniServerModule]:Starting HTTP Server on Port: 8077...
ERPImporta.exe: 00000788: 09:04:42 [TUniServerModule]:HTTP Server Started on Port: 8077
ERPImporta.exe: 00001944: 09:33:40 []:>--------------------------------------------------------------<
ERPImporta.exe: 00001944: 09:33:40 [TUniServerModule]:Server First Init.
ERPImporta.exe: 00001944: 09:33:40 [TUniServerModule]:Start Path = C:\Projetos_WEB\ERP_Importa\
ERPImporta.exe: 00001944: 09:33:40 [TUniServerModule]:Debug Mode = ON
ERPImporta.exe: 00001944: 09:33:40 [TUniGUISessionManager]:Cache erase job created, Folder count: [1]
ERPImporta.exe: 00001944: 09:33:41 [TUniServerModule]:Starting HTTP Server on Port: 8077...
ERPImporta.exe: 00001944: 09:33:41 [TUniServerModule]:HTTP Server Started on Port: 8077
ERPImporta.exe: 00001140: 09:35:38 []:>--------------------------------------------------------------<
ERPImporta.exe: 00001140: 09:35:38 [TUniServerModule]:Server First Init.
ERPImporta.exe: 00001140: 09:35:38 [TUniServerModule]:Start Path = C:\Projetos_WEB\ERP_Importa\
ERPImporta.exe: 00001140: 09:35:38 [TUniServerModule]:Debug Mode = ON
ERPImporta.exe: 00001140: 09:35:39 [TUniServerModule]:Starting HTTP Server on Port: 8077...
ERPImporta.exe: 00001140: 09:35:39 [TUniServerModule]:HTTP Server Started on Port: 8077
ERPImporta.exe: 00001A04: 09:36:16 []:>--------------------------------------------------------------<
ERPImporta.exe: 00001A04: 09:36:16 [TUniServerModule]:Server First Init.
ERPImporta.exe: 00001A04: 09:36:16 [TUniServerModule]:Start Path = C:\Projetos_WEB\ERP_Importa\
ERPImporta.exe: 00001A04: 09:36:16 [TUniServerModule]:Debug Mode = ON
ERPImporta.exe: 00001A04: 09:36:16 [TUniServerModule]:Starting HTTP Server on Port: 8077...
ERPImporta.exe: 00001A04: 09:36:16 [TUniServerModule]:HTTP Server Started on Port: 8077
ERPImporta.exe: 000011F4: 09:37:42 []:>--------------------------------------------------------------<
ERPImporta.exe: 000011F4: 09:37:42 [TUniServerModule]:Server First Init.
ERPImporta.exe: 000011F4: 09:37:42 [TUniServerModule]:Start Path = C:\Projetos_WEB\ERP_Importa\
ERPImporta.exe: 000011F4: 09:37:42 [TUniServerModule]:Debug Mode = ON
ERPImporta.exe: 000011F4: 09:37:42 [TUniGUISessionManager]:Cache erase job created, Folder count: [1]
ERPImporta.exe: 000011F4: 09:37:42 [TUniServerModule]:Starting HTTP Server on Port: 8077...
ERPImporta.exe: 000011F4: 09:37:42 [TUniServerModule]:HTTP Server Started on Port: 8077
ERPImporta.exe: 00002484: 09:38:24 []:>--------------------------------------------------------------<
ERPImporta.exe: 00002484: 09:38:24 [TUniServerModule]:Server First Init.
ERPImporta.exe: 00002484: 09:38:24 [TUniServerModule]:Start Path = C:\Projetos_WEB\ERP_Importa\
ERPImporta.exe: 00002484: 09:38:24 [TUniGUISessionManager]:Cache erase job created, Folder count: [1]
ERPImporta.exe: 00002484: 09:38:25 [TUniServerModule]:Starting HTTP Server on Port: 8077...
ERPImporta.exe: 00002484: 09:38:25 [TUniServerModule]:HTTP Server Started on Port: 8077
ERPImporta.exe: 00002484: 09:39:13 [TUniServerModule]:Shutting Down Server.
ERPImporta.exe: 00002484: 09:39:13 [TUniServerModule]:Stopping HTTP Server.
ERPImporta.exe: 00002484: 09:39:14 [TUniServerModule]:HTTP Server Stopped.
ERPImporta.exe: 00002484: 09:39:14 [TUniGUISessionManager]:Terminating Session manager.
ERPImporta.exe: 00002484: 09:39:14 [TUniGUISessionManager]:Stopping Cache Eraser...
ERPImporta.exe: 00002484: 09:39:14 [TUniGUISessionManager]:Cache Eraser Stopped.
ERPImporta.exe: 00002484: 09:39:14 [TUniGUISessionManager]:Destroying Worker Threads.
ERPImporta.exe: 00002484: 09:39:14 [TUniGUISessionManager]:Session manager terminated.
ERPImporta.exe: 00002484: 09:39:14 [TUniWebSocketStack]:Terminating...
ERPImporta.exe: 00002484: 09:39:14 [TUniGUIMessageQ]:Terminated.
ERPImporta.exe: 00002484: 09:39:14 [TUniWebSocketStack]:Terminated.
ERPImporta.exe: 00002484: 09:39:14 [TUniServerModule]:Server Shutdown Completed.
ERPImporta.exe: 00002484: 09:39:14 []:<-------------------------------------------------------------->
ERPImporta.exe: 00002484: 09:39:14 [Terminated]:Exit Code: 0
ERPImporta.exe: 0000256C: 09:39:19 []:>--------------------------------------------------------------<
ERPImporta.exe: 0000256C: 09:39:19 [TUniServerModule]:Server First Init.
ERPImporta.exe: 0000256C: 09:39:19 [TUniServerModule]:Start Path = C:\Projetos_WEB\ERP_Importa\
ERPImporta.exe: 0000256C: 09:39:19 [TUniServerModule]:Debug Mode = ON
ERPImporta.exe: 0000256C: 09:39:20 [TUniServerModule]:Starting HTTP Server on Port: 8077...
ERPImporta.exe: 0000256C: 09:39:20 [TUniServerModule]:HTTP Server Started on Port: 8077
ERPImporta.exe: 00000668: 09:40:24 []:>--------------------------------------------------------------<
ERPImporta.exe: 00000668: 09:40:24 [TUniServerModule]:Server First Init.
ERPImporta.exe: 00000668: 09:40:24 [TUniServerModule]:Start Path = C:\Projetos_WEB\ERP_Importa\
ERPImporta.exe: 00000668: 09:40:24 [TUniServerModule]:Debug Mode = ON
ERPImporta.exe: 00000668: 09:40:25 [TUniServerModule]:Starting HTTP Server on Port: 8077...
ERPImporta.exe: 00000668: 09:40:25 [TUniServerModule]:HTTP Server Started on Port: 8077
ERPImporta.exe: 00001CC4: 09:41:39 []:>--------------------------------------------------------------<
ERPImporta.exe: 00001CC4: 09:41:39 [TUniServerModule]:Server First Init.
ERPImporta.exe: 00001CC4: 09:41:39 [TUniServerModule]:Start Path = C:\Projetos_WEB\ERP_Importa\
ERPImporta.exe: 00001CC4: 09:41:39 [TUniServerModule]:Debug Mode = ON
ERPImporta.exe: 00001CC4: 09:41:39 [TUniServerModule]:Starting HTTP Server on Port: 8077...
ERPImporta.exe: 00001CC4: 09:41:39 [TUniServerModule]:HTTP Server Started on Port: 8077
ERPImporta.exe: 00002CD8: 09:42:29 []:>--------------------------------------------------------------<
ERPImporta.exe: 00002CD8: 09:42:29 [TUniServerModule]:Server First Init.
ERPImporta.exe: 00002CD8: 09:42:29 [TUniServerModule]:Start Path = C:\Projetos_WEB\ERP_Importa\
ERPImporta.exe: 00002CD8: 09:42:29 [TUniServerModule]:Debug Mode = ON
ERPImporta.exe: 00002CD8: 09:42:29 [TUniGUISessionManager]:Cache erase job created, Folder count: [1]
ERPImporta.exe: 00002CD8: 09:42:29 [TUniServerModule]:Starting HTTP Server on Port: 8077...
ERPImporta.exe: 00002CD8: 09:42:29 [TUniServerModule]:HTTP Server Started on Port: 8077
ERPImporta.exe: 000026C4: 09:42:35 [127.0.0.1]:EUniSessionException : Sessão inváilda ou tempo da sessão expirado. (Session not found: UmSjn6Z6lX10D37FD29 ) : Addr: $007CEC46
ERPImporta.exe: 00000D04: 09:42:35 [127.0.0.1]:EUniSessionException : Sessão inváilda ou tempo da sessão expirado. (Session not found: UmSjn6Z6lX10D37FD29 ) : Addr: $007CEC46
ERPImporta.exe: 00000748: 09:42:35 [127.0.0.1]:EUniSessionException : Sessão inváilda ou tempo da sessão expirado. (Session not found: UmSjn6Z6lX10D37FD29 ) : Addr: $007CEC46
ERPImporta.exe: 000034EC: 09:42:35 [127.0.0.1]:EUniSessionException : Sessão inváilda ou tempo da sessão expirado. (Session not found: UmSjn6Z6lX10D37FD29 ) : Addr: $007CEC46
ERPImporta.exe: 00003058: 09:44:17 []:>--------------------------------------------------------------<
ERPImporta.exe: 00003058: 09:44:17 [TUniServerModule]:Server First Init.
ERPImporta.exe: 00003058: 09:44:17 [TUniServerModule]:Start Path = C:\Projetos_WEB\ERP_Importa\
ERPImporta.exe: 00003058: 09:44:17 [TUniServerModule]:Debug Mode = ON
ERPImporta.exe: 00003058: 09:44:17 [TUniGUISessionManager]:Cache erase job created, Folder count: [1]
ERPImporta.exe: 00003058: 09:44:17 [TUniServerModule]:Starting HTTP Server on Port: 8077...
ERPImporta.exe: 00003058: 09:44:17 [TUniServerModule]:HTTP Server Started on Port: 8077
ERPImporta.exe: 000013B0: 09:45:00 []:>--------------------------------------------------------------<
ERPImporta.exe: 000013B0: 09:45:00 [TUniServerModule]:Server First Init.
ERPImporta.exe: 000013B0: 09:45:00 [TUniServerModule]:Start Path = C:\Projetos_WEB\ERP_Importa\
ERPImporta.exe: 000013B0: 09:45:00 [TUniServerModule]:Debug Mode = ON
ERPImporta.exe: 000013B0: 09:45:01 [TUniServerModule]:Starting HTTP Server on Port: 8077...
ERPImporta.exe: 000013B0: 09:45:01 [TUniServerModule]:HTTP Server Started on Port: 8077
ERPImporta.exe: 00002BE8: 09:46:32 []:>--------------------------------------------------------------<
ERPImporta.exe: 00002BE8: 09:46:32 [TUniServerModule]:Server First Init.
ERPImporta.exe: 00002BE8: 09:46:32 [TUniServerModule]:Start Path = C:\Projetos_WEB\ERP_Importa\
ERPImporta.exe: 00002BE8: 09:46:32 [TUniServerModule]:Debug Mode = ON
ERPImporta.exe: 00002BE8: 09:46:33 [TUniServerModule]:Starting HTTP Server on Port: 8077...
ERPImporta.exe: 00002BE8: 09:46:33 [TUniServerModule]:HTTP Server Started on Port: 8077
ERPImporta.exe: 000036B8: 09:47:29 []:>--------------------------------------------------------------<
ERPImporta.exe: 000036B8: 09:47:29 [TUniServerModule]:Server First Init.
ERPImporta.exe: 000036B8: 09:47:29 [TUniServerModule]:Start Path = C:\Projetos_WEB\ERP_Importa\
ERPImporta.exe: 000036B8: 09:47:29 [TUniServerModule]:Debug Mode = ON
ERPImporta.exe: 000036B8: 09:47:29 [TUniGUISessionManager]:Cache erase job created, Folder count: [1]
ERPImporta.exe: 000036B8: 09:47:29 [TUniServerModule]:Starting HTTP Server on Port: 8077...
ERPImporta.exe: 000036B8: 09:47:29 [TUniServerModule]:HTTP Server Started on Port: 8077
ERPImporta.exe: 00002718: 09:50:44 []:>--------------------------------------------------------------<
ERPImporta.exe: 00002718: 09:50:44 [TUniServerModule]:Server First Init.
ERPImporta.exe: 00002718: 09:50:44 [TUniServerModule]:Start Path = C:\Projetos_WEB\ERP_Importa\
ERPImporta.exe: 00002718: 09:50:44 [TUniServerModule]:Debug Mode = ON
ERPImporta.exe: 00002718: 09:50:45 [TUniServerModule]:Starting HTTP Server on Port: 8077...
ERPImporta.exe: 00002718: 09:50:45 [TUniServerModule]:HTTP Server Started on Port: 8077
ERPImporta.exe: 00000520: 10:02:27 []:>--------------------------------------------------------------<
ERPImporta.exe: 00000520: 10:02:27 [TUniServerModule]:Server First Init.
ERPImporta.exe: 00000520: 10:02:27 [TUniServerModule]:Start Path = C:\Projetos_WEB\ERP_Importa\
ERPImporta.exe: 00000520: 10:02:27 [TUniServerModule]:Debug Mode = ON
ERPImporta.exe: 00000520: 10:02:28 [TUniServerModule]:Starting HTTP Server on Port: 8077...
ERPImporta.exe: 00000520: 10:02:28 [TUniServerModule]:HTTP Server Started on Port: 8077
ERPImporta.exe: 00002384: 10:03:25 []:>--------------------------------------------------------------<
ERPImporta.exe: 00002384: 10:03:25 [TUniServerModule]:Server First Init.
ERPImporta.exe: 00002384: 10:03:25 [TUniServerModule]:Start Path = C:\Projetos_WEB\ERP_Importa\
ERPImporta.exe: 00002384: 10:03:25 [TUniServerModule]:Debug Mode = ON
ERPImporta.exe: 00002384: 10:03:25 [TUniServerModule]:Starting HTTP Server on Port: 8077...
ERPImporta.exe: 00002384: 10:03:25 [TUniServerModule]:HTTP Server Started on Port: 8077
ERPImporta.exe: 0000183C: 10:04:08 []:>--------------------------------------------------------------<
ERPImporta.exe: 0000183C: 10:04:08 [TUniServerModule]:Server First Init.
ERPImporta.exe: 0000183C: 10:04:08 [TUniServerModule]:Start Path = C:\Projetos_WEB\ERP_Importa\
ERPImporta.exe: 0000183C: 10:04:08 [TUniServerModule]:Debug Mode = ON
ERPImporta.exe: 0000183C: 10:04:08 [TUniServerModule]:Starting HTTP Server on Port: 8077...
ERPImporta.exe: 0000183C: 10:04:08 [TUniServerModule]:HTTP Server Started on Port: 8077
ERPImporta.exe: 000025E0: 10:05:43 []:>--------------------------------------------------------------<
ERPImporta.exe: 000025E0: 10:05:43 [TUniServerModule]:Server First Init.
ERPImporta.exe: 000025E0: 10:05:43 [TUniServerModule]:Start Path = C:\Projetos_WEB\ERP_Importa\
ERPImporta.exe: 000025E0: 10:05:43 [TUniServerModule]:Debug Mode = ON
ERPImporta.exe: 000025E0: 10:05:44 [TUniServerModule]:Starting HTTP Server on Port: 8077...
ERPImporta.exe: 000025E0: 10:05:44 [TUniServerModule]:HTTP Server Started on Port: 8077
ERPImporta.exe: 00000FCC: 10:06:08 []:>--------------------------------------------------------------<
ERPImporta.exe: 00000FCC: 10:06:08 [TUniServerModule]:Server First Init.
ERPImporta.exe: 00000FCC: 10:06:08 [TUniServerModule]:Start Path = C:\Projetos_WEB\ERP_Importa\
ERPImporta.exe: 00000FCC: 10:06:08 [TUniServerModule]:Debug Mode = ON
ERPImporta.exe: 00000FCC: 10:06:08 [TUniGUISessionManager]:Cache erase job created, Folder count: [1]
ERPImporta.exe: 00000FCC: 10:06:08 [TUniServerModule]:Starting HTTP Server on Port: 8077...
ERPImporta.exe: 00000FCC: 10:06:08 [TUniServerModule]:HTTP Server Started on Port: 8077
ERPImporta.exe: 00000420: 10:06:50 []:>--------------------------------------------------------------<
ERPImporta.exe: 00000420: 10:06:50 [TUniServerModule]:Server First Init.
ERPImporta.exe: 00000420: 10:06:50 [TUniServerModule]:Start Path = C:\Projetos_WEB\ERP_Importa\
ERPImporta.exe: 00000420: 10:06:50 [TUniServerModule]:Debug Mode = ON
ERPImporta.exe: 00000420: 10:06:50 [TUniServerModule]:Starting HTTP Server on Port: 8077...
ERPImporta.exe: 00000420: 10:06:50 [TUniServerModule]:HTTP Server Started on Port: 8077
ERPImporta.exe: 0000277C: 10:07:35 []:>--------------------------------------------------------------<
ERPImporta.exe: 0000277C: 10:07:35 [TUniServerModule]:Server First Init.
ERPImporta.exe: 0000277C: 10:07:35 [TUniServerModule]:Start Path = C:\Projetos_WEB\ERP_Importa\
ERPImporta.exe: 0000277C: 10:07:35 [TUniServerModule]:Debug Mode = ON
ERPImporta.exe: 0000277C: 10:07:35 [TUniGUISessionManager]:Cache erase job created, Folder count: [1]
ERPImporta.exe: 0000277C: 10:07:36 [TUniServerModule]:Starting HTTP Server on Port: 8077...
ERPImporta.exe: 0000277C: 10:07:36 [TUniServerModule]:HTTP Server Started on Port: 8077
ERPImporta.exe: 0000152C: 10:08:16 []:>--------------------------------------------------------------<
ERPImporta.exe: 0000152C: 10:08:16 [TUniServerModule]:Server First Init.
ERPImporta.exe: 0000152C: 10:08:16 [TUniServerModule]:Start Path = C:\Projetos_WEB\ERP_Importa\
ERPImporta.exe: 0000152C: 10:08:16 [TUniServerModule]:Debug Mode = ON
ERPImporta.exe: 0000152C: 10:08:16 [TUniGUISessionManager]:Cache erase job created, Folder count: [1]
ERPImporta.exe: 0000152C: 10:08:17 [TUniServerModule]:Starting HTTP Server on Port: 8077...
ERPImporta.exe: 0000152C: 10:08:17 [TUniServerModule]:HTTP Server Started on Port: 8077
ERPImporta.exe: 00000438: 10:08:52 []:>--------------------------------------------------------------<
ERPImporta.exe: 00000438: 10:08:52 [TUniServerModule]:Server First Init.
ERPImporta.exe: 00000438: 10:08:52 [TUniServerModule]:Start Path = C:\Projetos_WEB\ERP_Importa\
ERPImporta.exe: 00000438: 10:08:52 [TUniServerModule]:Debug Mode = ON
ERPImporta.exe: 00000438: 10:08:53 [TUniServerModule]:Starting HTTP Server on Port: 8077...
ERPImporta.exe: 00000438: 10:08:53 [TUniServerModule]:HTTP Server Started on Port: 8077
ERPImporta.exe: 00001404: 10:09:30 []:>--------------------------------------------------------------<
ERPImporta.exe: 00001404: 10:09:30 [TUniServerModule]:Server First Init.
ERPImporta.exe: 00001404: 10:09:30 [TUniServerModule]:Start Path = C:\Projetos_WEB\ERP_Importa\
ERPImporta.exe: 00001404: 10:09:30 [TUniServerModule]:Debug Mode = ON
ERPImporta.exe: 00001404: 10:09:30 [TUniGUISessionManager]:Cache erase job created, Folder count: [1]
ERPImporta.exe: 00001404: 10:09:31 [TUniServerModule]:Starting HTTP Server on Port: 8077...
ERPImporta.exe: 00001404: 10:09:31 [TUniServerModule]:HTTP Server Started on Port: 8077
ERPImporta.exe: 00000878: 10:10:25 []:>--------------------------------------------------------------<
ERPImporta.exe: 00000878: 10:10:25 [TUniServerModule]:Server First Init.
ERPImporta.exe: 00000878: 10:10:25 [TUniServerModule]:Start Path = C:\Projetos_WEB\ERP_Importa\
ERPImporta.exe: 00000878: 10:10:25 [TUniServerModule]:Debug Mode = ON
ERPImporta.exe: 00000878: 10:10:25 [TUniGUISessionManager]:Cache erase job created, Folder count: [1]
ERPImporta.exe: 00000878: 10:10:25 [TUniServerModule]:Starting HTTP Server on Port: 8077...
ERPImporta.exe: 00000878: 10:10:25 [TUniServerModule]:HTTP Server Started on Port: 8077
ERPImporta.exe: 000037C4: 10:11:16 []:>--------------------------------------------------------------<
ERPImporta.exe: 000037C4: 10:11:16 [TUniServerModule]:Server First Init.
ERPImporta.exe: 000037C4: 10:11:16 [TUniServerModule]:Start Path = C:\Projetos_WEB\ERP_Importa\
ERPImporta.exe: 000037C4: 10:11:16 [TUniServerModule]:Debug Mode = ON
ERPImporta.exe: 000037C4: 10:11:16 [TUniServerModule]:Starting HTTP Server on Port: 8077...
ERPImporta.exe: 000037C4: 10:11:16 [TUniServerModule]:HTTP Server Started on Port: 8077
ERPImporta.exe: 00000BB8: 10:11:59 []:>--------------------------------------------------------------<
ERPImporta.exe: 00000BB8: 10:11:59 [TUniServerModule]:Server First Init.
ERPImporta.exe: 00000BB8: 10:11:59 [TUniServerModule]:Start Path = C:\Projetos_WEB\ERP_Importa\
ERPImporta.exe: 00000BB8: 10:11:59 [TUniServerModule]:Debug Mode = ON
ERPImporta.exe: 00000BB8: 10:12:00 [TUniServerModule]:Starting HTTP Server on Port: 8077...
ERPImporta.exe: 00000BB8: 10:12:00 [TUniServerModule]:HTTP Server Started on Port: 8077
ERPImporta.exe: 00002480: 10:12:47 []:>--------------------------------------------------------------<
ERPImporta.exe: 00002480: 10:12:47 [TUniServerModule]:Server First Init.
ERPImporta.exe: 00002480: 10:12:47 [TUniServerModule]:Start Path = C:\Projetos_WEB\ERP_Importa\
ERPImporta.exe: 00002480: 10:12:47 [TUniServerModule]:Debug Mode = ON
ERPImporta.exe: 00002480: 10:12:48 [TUniServerModule]:Starting HTTP Server on Port: 8077...
ERPImporta.exe: 00002480: 10:12:48 [TUniServerModule]:HTTP Server Started on Port: 8077
ERPImporta.exe: 000015D4: 10:13:24 []:>--------------------------------------------------------------<
ERPImporta.exe: 000015D4: 10:13:24 [TUniServerModule]:Server First Init.
ERPImporta.exe: 000015D4: 10:13:24 [TUniServerModule]:Start Path = C:\Projetos_WEB\ERP_Importa\
ERPImporta.exe: 000015D4: 10:13:24 [TUniServerModule]:Debug Mode = ON
ERPImporta.exe: 000015D4: 10:13:25 [TUniServerModule]:Starting HTTP Server on Port: 8077...
ERPImporta.exe: 000015D4: 10:13:25 [TUniServerModule]:HTTP Server Started on Port: 8077
ERPImporta.exe: 00001530: 10:13:54 []:>--------------------------------------------------------------<
ERPImporta.exe: 00001530: 10:13:54 [TUniServerModule]:Server First Init.
ERPImporta.exe: 00001530: 10:13:54 [TUniServerModule]:Start Path = C:\Projetos_WEB\ERP_Importa\
ERPImporta.exe: 00001530: 10:13:54 [TUniServerModule]:Debug Mode = ON
ERPImporta.exe: 00001530: 10:13:55 [TUniServerModule]:Starting HTTP Server on Port: 8077...
ERPImporta.exe: 00001530: 10:13:55 [TUniServerModule]:HTTP Server Started on Port: 8077
ERPImporta.exe: 00000264: 10:15:04 []:>--------------------------------------------------------------<
ERPImporta.exe: 00000264: 10:15:04 [TUniServerModule]:Server First Init.
ERPImporta.exe: 00000264: 10:15:04 [TUniServerModule]:Start Path = C:\Projetos_WEB\ERP_Importa\
ERPImporta.exe: 00000264: 10:15:04 [TUniServerModule]:Debug Mode = ON
ERPImporta.exe: 00000264: 10:15:05 [TUniServerModule]:Starting HTTP Server on Port: 8077...
ERPImporta.exe: 00000264: 10:15:05 [TUniServerModule]:HTTP Server Started on Port: 8077
ERPImporta.exe: 000037B8: 10:15:51 []:>--------------------------------------------------------------<
ERPImporta.exe: 000037B8: 10:15:51 [TUniServerModule]:Server First Init.
ERPImporta.exe: 000037B8: 10:15:51 [TUniServerModule]:Start Path = C:\Projetos_WEB\ERP_Importa\
ERPImporta.exe: 000037B8: 10:15:51 [TUniServerModule]:Debug Mode = ON
ERPImporta.exe: 000037B8: 10:15:52 [TUniServerModule]:Starting HTTP Server on Port: 8077...
ERPImporta.exe: 000037B8: 10:15:52 [TUniServerModule]:HTTP Server Started on Port: 8077
ERPImporta.exe: 00003288: 10:17:22 []:>--------------------------------------------------------------<
ERPImporta.exe: 00003288: 10:17:22 [TUniServerModule]:Server First Init.
ERPImporta.exe: 00003288: 10:17:22 [TUniServerModule]:Start Path = C:\Projetos_WEB\ERP_Importa\
ERPImporta.exe: 00003288: 10:17:22 [TUniServerModule]:Debug Mode = ON
ERPImporta.exe: 00003288: 10:17:23 [TUniServerModule]:Starting HTTP Server on Port: 8077...
ERPImporta.exe: 00003288: 10:17:23 [TUniServerModule]:HTTP Server Started on Port: 8077
ERPImporta.exe: 000015D8: 10:18:24 []:>--------------------------------------------------------------<
ERPImporta.exe: 000015D8: 10:18:24 [TUniServerModule]:Server First Init.
ERPImporta.exe: 000015D8: 10:18:24 [TUniServerModule]:Start Path = C:\Projetos_WEB\ERP_Importa\
ERPImporta.exe: 000015D8: 10:18:24 [TUniServerModule]:Debug Mode = ON
ERPImporta.exe: 000015D8: 10:18:24 [TUniServerModule]:Starting HTTP Server on Port: 8077...
ERPImporta.exe: 000015D8: 10:18:24 [TUniServerModule]:HTTP Server Started on Port: 8077
ERPImporta.exe: 00003584: 10:19:23 []:>--------------------------------------------------------------<
ERPImporta.exe: 00003584: 10:19:23 [TUniServerModule]:Server First Init.
ERPImporta.exe: 00003584: 10:19:23 [TUniServerModule]:Start Path = C:\Projetos_WEB\ERP_Importa\
ERPImporta.exe: 00003584: 10:19:23 [TUniServerModule]:Debug Mode = ON
ERPImporta.exe: 00003584: 10:19:23 [TUniServerModule]:Starting HTTP Server on Port: 8077...
ERPImporta.exe: 00003584: 10:19:23 [TUniServerModule]:HTTP Server Started on Port: 8077
ERPImporta.exe: 00002AA0: 10:19:54 []:>--------------------------------------------------------------<
ERPImporta.exe: 00002AA0: 10:19:54 [TUniServerModule]:Server First Init.
ERPImporta.exe: 00002AA0: 10:19:54 [TUniServerModule]:Start Path = C:\Projetos_WEB\ERP_Importa\
ERPImporta.exe: 00002AA0: 10:19:54 [TUniServerModule]:Debug Mode = ON
ERPImporta.exe: 00002AA0: 10:19:54 [TUniGUISessionManager]:Cache erase job created, Folder count: [1]
ERPImporta.exe: 00002AA0: 10:19:55 [TUniServerModule]:Starting HTTP Server on Port: 8077...
ERPImporta.exe: 00002AA0: 10:19:55 [TUniServerModule]:HTTP Server Started on Port: 8077
ERPImporta.exe: 00003020: 10:20:29 [[FireDAC][Phys][ODBC][Microsoft][SQL Server Native Client 11.0][SQL Server]Invalid object name 'ModalidadeImportacao'.-127.0.0.1]:EMSSQLNativeException : [FireDAC][Phys][ODBC][Microsoft][SQL Server Native Client 11.0][SQL Server]Invalid object name 'ModalidadeImportacao'. : Addr: $008DDF95
ERPImporta.exe: 00002FA8: 10:22:13 []:>--------------------------------------------------------------<
ERPImporta.exe: 00002FA8: 10:22:13 [TUniServerModule]:Server First Init.
ERPImporta.exe: 00002FA8: 10:22:13 [TUniServerModule]:Start Path = C:\Projetos_WEB\ERP_Importa\
ERPImporta.exe: 00002FA8: 10:22:13 [TUniServerModule]:Debug Mode = ON
ERPImporta.exe: 00002FA8: 10:22:14 [TUniServerModule]:Starting HTTP Server on Port: 8077...
ERPImporta.exe: 00002FA8: 10:22:14 [TUniServerModule]:HTTP Server Started on Port: 8077
ERPImporta.exe: 000027BC: 10:22:28 [[FireDAC][Phys][ODBC][Microsoft][SQL Server Native Client 11.0][SQL Server]Invalid object name 'ModalidadeImportacao'.-127.0.0.1]:EMSSQLNativeException : [FireDAC][Phys][ODBC][Microsoft][SQL Server Native Client 11.0][SQL Server]Invalid object name 'ModalidadeImportacao'. : Addr: $008DDF95
ERPImporta.exe: 00001F9C: 10:23:19 []:>--------------------------------------------------------------<
ERPImporta.exe: 00001F9C: 10:23:19 [TUniServerModule]:Server First Init.
ERPImporta.exe: 00001F9C: 10:23:19 [TUniServerModule]:Start Path = C:\Projetos_WEB\ERP_Importa\
ERPImporta.exe: 00001F9C: 10:23:19 [TUniServerModule]:Debug Mode = ON
ERPImporta.exe: 00001F9C: 10:23:19 [TUniServerModule]:Starting HTTP Server on Port: 8077...
ERPImporta.exe: 00001F9C: 10:23:19 [TUniServerModule]:HTTP Server Started on Port: 8077
ERPImporta.exe: 00001D28: 10:24:15 []:>--------------------------------------------------------------<
ERPImporta.exe: 00001D28: 10:24:15 [TUniServerModule]:Server First Init.
ERPImporta.exe: 00001D28: 10:24:15 [TUniServerModule]:Start Path = C:\Projetos_WEB\ERP_Importa\
ERPImporta.exe: 00001D28: 10:24:15 [TUniServerModule]:Debug Mode = ON
ERPImporta.exe: 00001D28: 10:24:16 [TUniServerModule]:Starting HTTP Server on Port: 8077...
ERPImporta.exe: 00001D28: 10:24:16 [TUniServerModule]:HTTP Server Started on Port: 8077
ERPImporta.exe: 00002960: 10:25:08 []:>--------------------------------------------------------------<
ERPImporta.exe: 00002960: 10:25:08 [TUniServerModule]:Server First Init.
ERPImporta.exe: 00002960: 10:25:08 [TUniServerModule]:Start Path = C:\Projetos_WEB\ERP_Importa\
ERPImporta.exe: 00002960: 10:25:08 [TUniServerModule]:Debug Mode = ON
ERPImporta.exe: 00002960: 10:25:09 [TUniServerModule]:Starting HTTP Server on Port: 8077...
ERPImporta.exe: 00002960: 10:25:09 [TUniServerModule]:HTTP Server Started on Port: 8077
ERPImporta.exe: 0000330C: 10:26:27 []:>--------------------------------------------------------------<
ERPImporta.exe: 0000330C: 10:26:27 [TUniServerModule]:Server First Init.
ERPImporta.exe: 0000330C: 10:26:27 [TUniServerModule]:Start Path = C:\Projetos_WEB\ERP_Importa\
ERPImporta.exe: 0000330C: 10:26:27 [TUniServerModule]:Debug Mode = ON
ERPImporta.exe: 0000330C: 10:26:28 [TUniServerModule]:Starting HTTP Server on Port: 8077...
ERPImporta.exe: 0000330C: 10:26:28 [TUniServerModule]:HTTP Server Started on Port: 8077
ERPImporta.exe: 00000DD0: 10:30:08 []:>--------------------------------------------------------------<
ERPImporta.exe: 00000DD0: 10:30:08 [TUniServerModule]:Server First Init.
ERPImporta.exe: 00000DD0: 10:30:08 [TUniServerModule]:Start Path = C:\Projetos_WEB\ERP_Importa\
ERPImporta.exe: 00000DD0: 10:30:08 [TUniServerModule]:Debug Mode = ON
ERPImporta.exe: 00000DD0: 10:30:08 [TUniServerModule]:Starting HTTP Server on Port: 8077...
ERPImporta.exe: 00000DD0: 10:30:08 [TUniServerModule]:HTTP Server Started on Port: 8077
ERPImporta.exe: 000018E0: 10:49:15 []:>--------------------------------------------------------------<
ERPImporta.exe: 000018E0: 10:49:15 [TUniServerModule]:Server First Init.
ERPImporta.exe: 000018E0: 10:49:15 [TUniServerModule]:Start Path = C:\Projetos_WEB\ERP_Importa\
ERPImporta.exe: 000018E0: 10:49:15 [TUniServerModule]:Debug Mode = ON
ERPImporta.exe: 000018E0: 10:49:16 [TUniServerModule]:Starting HTTP Server on Port: 8077...
ERPImporta.exe: 000018E0: 10:49:16 [TUniServerModule]:HTTP Server Started on Port: 8077
ERPImporta.exe: 000037A4: 10:49:20 [[FireDAC][Phys][ODBC][Microsoft][SQL Server Native Client 11.0][SQL Server]Incorrect syntax near ')'.-127.0.0.1]:EMSSQLNativeException : [FireDAC][Phys][ODBC][Microsoft][SQL Server Native Client 11.0][SQL Server]Incorrect syntax near ')'. : Addr: $008DDF95
ERPImporta.exe: 000031EC: 10:50:02 []:>--------------------------------------------------------------<
ERPImporta.exe: 000031EC: 10:50:02 [TUniServerModule]:Server First Init.
ERPImporta.exe: 000031EC: 10:50:02 [TUniServerModule]:Start Path = C:\Projetos_WEB\ERP_Importa\
ERPImporta.exe: 000031EC: 10:50:02 [TUniServerModule]:Debug Mode = ON
ERPImporta.exe: 000031EC: 10:50:02 [TUniGUISessionManager]:Cache erase job created, Folder count: [1]
ERPImporta.exe: 000031EC: 10:50:03 [TUniServerModule]:Starting HTTP Server on Port: 8077...
ERPImporta.exe: 000031EC: 10:50:03 [TUniServerModule]:HTTP Server Started on Port: 8077
ERPImporta.exe: 00002D8C: 10:50:09 [[FireDAC][Phys][ODBC][Microsoft][SQL Server Native Client 11.0][SQL Server]Incorrect syntax near ')'.-127.0.0.1]:EMSSQLNativeException : [FireDAC][Phys][ODBC][Microsoft][SQL Server Native Client 11.0][SQL Server]Incorrect syntax near ')'. : Addr: $008DDF95
ERPImporta.exe: 000011F8: 10:50:45 []:>--------------------------------------------------------------<
ERPImporta.exe: 000011F8: 10:50:45 [TUniServerModule]:Server First Init.
ERPImporta.exe: 000011F8: 10:50:45 [TUniServerModule]:Start Path = C:\Projetos_WEB\ERP_Importa\
ERPImporta.exe: 000011F8: 10:50:45 [TUniServerModule]:Debug Mode = ON
ERPImporta.exe: 000011F8: 10:50:45 [TUniGUISessionManager]:Cache erase job created, Folder count: [1]
ERPImporta.exe: 000011F8: 10:50:46 [TUniServerModule]:Starting HTTP Server on Port: 8077...
ERPImporta.exe: 000011F8: 10:50:46 [TUniServerModule]:HTTP Server Started on Port: 8077
ERPImporta.exe: 000034B0: 10:50:47 [127.0.0.1]:EUniSessionException : Sessão inváilda ou tempo da sessão expirado. (Session not found: i4aeEflqM310D380FB7 ) : Addr: $007CEC46
ERPImporta.exe: 00001D5C: 10:50:47 [127.0.0.1]:EUniSessionException : Sessão inváilda ou tempo da sessão expirado. (Session not found: i4aeEflqM310D380FB7 ) : Addr: $007CEC46
ERPImporta.exe: 0000042C: 10:50:47 [127.0.0.1]:EUniSessionException : Sessão inváilda ou tempo da sessão expirado. (Session not found: i4aeEflqM310D380FB7 ) : Addr: $007CEC46
ERPImporta.exe: 000008BC: 10:50:47 [127.0.0.1]:EUniSessionException : Sessão inváilda ou tempo da sessão expirado. (Session not found: i4aeEflqM310D380FB7 ) : Addr: $007CEC46
ERPImporta.exe: 0000358C: 10:50:47 [127.0.0.1]:EUniSessionException : Sessão inváilda ou tempo da sessão expirado. (Session not found: i4aeEflqM310D380FB7 ) : Addr: $007CEC46
ERPImporta.exe: 00002694: 10:50:55 [[FireDAC][Phys][ODBC][Microsoft][SQL Server Native Client 11.0][SQL Server]Incorrect syntax near ')'.-127.0.0.1]:EMSSQLNativeException : [FireDAC][Phys][ODBC][Microsoft][SQL Server Native Client 11.0][SQL Server]Incorrect syntax near ')'. : Addr: $008DDF95
ERPImporta.exe: 00001110: 10:51:18 []:>--------------------------------------------------------------<
ERPImporta.exe: 00001110: 10:51:18 [TUniServerModule]:Server First Init.
ERPImporta.exe: 00001110: 10:51:18 [TUniServerModule]:Start Path = C:\Projetos_WEB\ERP_Importa\
ERPImporta.exe: 00001110: 10:51:18 [TUniServerModule]:Debug Mode = ON
ERPImporta.exe: 00001110: 10:51:18 [TUniServerModule]:Starting HTTP Server on Port: 8077...
ERPImporta.exe: 00001110: 10:51:18 [TUniServerModule]:HTTP Server Started on Port: 8077
ERPImporta.exe: 000036A4: 10:51:24 [[FireDAC][Phys][ODBC][Microsoft][SQL Server Native Client 11.0][SQL Server]Invalid object name 'DIAcrescimos'.-127.0.0.1]:EMSSQLNativeException : [FireDAC][Phys][ODBC][Microsoft][SQL Server Native Client 11.0][SQL Server]Invalid object name 'DIAcrescimos'. : Addr: $008DDF95
ERPImporta.exe: 00001934: 10:51:47 []:>--------------------------------------------------------------<
ERPImporta.exe: 00001934: 10:51:47 [TUniServerModule]:Server First Init.
ERPImporta.exe: 00001934: 10:51:47 [TUniServerModule]:Start Path = C:\Projetos_WEB\ERP_Importa\
ERPImporta.exe: 00001934: 10:51:47 [TUniServerModule]:Debug Mode = ON
ERPImporta.exe: 00001934: 10:51:47 [TUniGUISessionManager]:Cache erase job created, Folder count: [1]
ERPImporta.exe: 00001934: 10:51:48 [TUniServerModule]:Starting HTTP Server on Port: 8077...
ERPImporta.exe: 00001934: 10:51:48 [TUniServerModule]:HTTP Server Started on Port: 8077
ERPImporta.exe: 00002D50: 10:51:53 [[FireDAC][Phys][ODBC][Microsoft][SQL Server Native Client 11.0][SQL Server]Invalid object name 'DIAcrescimos'.-127.0.0.1]:EMSSQLNativeException : [FireDAC][Phys][ODBC][Microsoft][SQL Server Native Client 11.0][SQL Server]Invalid object name 'DIAcrescimos'. : Addr: $008DDF95
ERPImporta.exe: 000004F4: 10:52:35 []:>--------------------------------------------------------------<
ERPImporta.exe: 000004F4: 10:52:35 [TUniServerModule]:Server First Init.
ERPImporta.exe: 000004F4: 10:52:35 [TUniServerModule]:Start Path = C:\Projetos_WEB\ERP_Importa\
ERPImporta.exe: 000004F4: 10:52:35 [TUniServerModule]:Debug Mode = ON
ERPImporta.exe: 000004F4: 10:52:35 [TUniGUISessionManager]:Cache erase job created, Folder count: [1]
ERPImporta.exe: 000004F4: 10:52:35 [TUniServerModule]:Starting HTTP Server on Port: 8077...
ERPImporta.exe: 000004F4: 10:52:35 [TUniServerModule]:HTTP Server Started on Port: 8077
ERPImporta.exe: 00000438: 10:52:40 [[FireDAC][Phys][ODBC][Microsoft][SQL Server Native Client 11.0][SQL Server]Invalid column name 'Nome'.-127.0.0.1]:EMSSQLNativeException : [FireDAC][Phys][ODBC][Microsoft][SQL Server Native Client 11.0][SQL Server]Invalid column name 'Nome'. : Addr: $008DDF95
ERPImporta.exe: 0000071C: 10:53:12 []:>--------------------------------------------------------------<
ERPImporta.exe: 0000071C: 10:53:12 [TUniServerModule]:Server First Init.
ERPImporta.exe: 0000071C: 10:53:12 [TUniServerModule]:Start Path = C:\Projetos_WEB\ERP_Importa\
ERPImporta.exe: 0000071C: 10:53:12 [TUniServerModule]:Debug Mode = ON
ERPImporta.exe: 0000071C: 10:53:12 [TUniServerModule]:Starting HTTP Server on Port: 8077...
ERPImporta.exe: 0000071C: 10:53:12 [TUniServerModule]:HTTP Server Started on Port: 8077
ERPImporta.exe: 00002FA8: 10:53:23 [[FireDAC][Phys][ODBC][Microsoft][SQL Server Native Client 11.0][SQL Server]Invalid column name 'Nome'.-127.0.0.1]:EMSSQLNativeException : [FireDAC][Phys][ODBC][Microsoft][SQL Server Native Client 11.0][SQL Server]Invalid column name 'Nome'. : Addr: $008DDF95
ERPImporta.exe: 00002FF0: 10:54:17 []:>--------------------------------------------------------------<
ERPImporta.exe: 00002FF0: 10:54:17 [TUniServerModule]:Server First Init.
ERPImporta.exe: 00002FF0: 10:54:17 [TUniServerModule]:Start Path = C:\Projetos_WEB\ERP_Importa\
ERPImporta.exe: 00002FF0: 10:54:17 [TUniServerModule]:Debug Mode = ON
ERPImporta.exe: 00002FF0: 10:54:17 [TUniGUISessionManager]:Cache erase job created, Folder count: [1]
ERPImporta.exe: 00002FF0: 10:54:17 [TUniServerModule]:Starting HTTP Server on Port: 8077...
ERPImporta.exe: 00002FF0: 10:54:17 [TUniServerModule]:HTTP Server Started on Port: 8077
ERPImporta.exe: 00001CF4: 11:01:47 []:>--------------------------------------------------------------<
ERPImporta.exe: 00001CF4: 11:01:47 [TUniServerModule]:Server First Init.
ERPImporta.exe: 00001CF4: 11:01:47 [TUniServerModule]:Start Path = C:\Projetos_WEB\ERP_Importa\
ERPImporta.exe: 00001CF4: 11:01:47 [TUniServerModule]:Debug Mode = ON
ERPImporta.exe: 00001CF4: 11:01:47 [TUniServerModule]:Starting HTTP Server on Port: 8077...
ERPImporta.exe: 00001CF4: 11:01:47 [TUniServerModule]:HTTP Server Started on Port: 8077
ERPImporta.exe: 00002B74: 11:01:53 [[FireDAC][Phys][ODBC][Microsoft][SQL Server Native Client 11.0][SQL Server]The multi-part identifier "dia.Codigo" could not be bound.-127.0.0.1]:EMSSQLNativeException : [FireDAC][Phys][ODBC][Microsoft][SQL Server Native Client 11.0][SQL Server]The multi-part identifier "dia.Codigo" could not be bound. : Addr: $008DDF95
ERPImporta.exe: 00000FBC: 11:02:14 []:>--------------------------------------------------------------<
ERPImporta.exe: 00000FBC: 11:02:14 [TUniServerModule]:Server First Init.
ERPImporta.exe: 00000FBC: 11:02:14 [TUniServerModule]:Start Path = C:\Projetos_WEB\ERP_Importa\
ERPImporta.exe: 00000FBC: 11:02:14 [TUniServerModule]:Debug Mode = ON
ERPImporta.exe: 00000FBC: 11:02:15 [TUniServerModule]:Starting HTTP Server on Port: 8077...
ERPImporta.exe: 00000FBC: 11:02:15 [TUniServerModule]:HTTP Server Started on Port: 8077
ERPImporta.exe: 00003268: 11:03:08 []:>--------------------------------------------------------------<
ERPImporta.exe: 00003268: 11:03:08 [TUniServerModule]:Server First Init.
ERPImporta.exe: 00003268: 11:03:08 [TUniServerModule]:Start Path = C:\Projetos_WEB\ERP_Importa\
ERPImporta.exe: 00003268: 11:03:08 [TUniServerModule]:Debug Mode = ON
ERPImporta.exe: 00003268: 11:03:08 [TUniServerModule]:Starting HTTP Server on Port: 8077...
ERPImporta.exe: 00003268: 11:03:08 [TUniServerModule]:HTTP Server Started on Port: 8077
ERPImporta.exe: 000003A8: 11:04:22 []:>--------------------------------------------------------------<
ERPImporta.exe: 000003A8: 11:04:22 [TUniServerModule]:Server First Init.
ERPImporta.exe: 000003A8: 11:04:22 [TUniServerModule]:Start Path = C:\Projetos_WEB\ERP_Importa\
ERPImporta.exe: 000003A8: 11:04:22 [TUniServerModule]:Debug Mode = ON
ERPImporta.exe: 000003A8: 11:04:22 [TUniServerModule]:Starting HTTP Server on Port: 8077...
ERPImporta.exe: 000003A8: 11:04:22 [TUniServerModule]:HTTP Server Started on Port: 8077
ERPImporta.exe: 00001F78: 11:04:58 []:>--------------------------------------------------------------<
ERPImporta.exe: 00001F78: 11:04:58 [TUniServerModule]:Server First Init.
ERPImporta.exe: 00001F78: 11:04:58 [TUniServerModule]:Start Path = C:\Projetos_WEB\ERP_Importa\
ERPImporta.exe: 00001F78: 11:04:58 [TUniServerModule]:Debug Mode = ON
ERPImporta.exe: 00001F78: 11:04:59 [TUniServerModule]:Starting HTTP Server on Port: 8077...
ERPImporta.exe: 00001F78: 11:04:59 [TUniServerModule]:HTTP Server Started on Port: 8077
ERPImporta.exe: 000027F4: 11:09:09 []:>--------------------------------------------------------------<
ERPImporta.exe: 000027F4: 11:09:09 [TUniServerModule]:Server First Init.
ERPImporta.exe: 000027F4: 11:09:09 [TUniServerModule]:Start Path = C:\Projetos_WEB\ERP_Importa\
ERPImporta.exe: 000027F4: 11:09:09 [TUniServerModule]:Debug Mode = ON
ERPImporta.exe: 000027F4: 11:09:09 [TUniServerModule]:Starting HTTP Server on Port: 8077...
ERPImporta.exe: 000027F4: 11:09:09 [TUniServerModule]:HTTP Server Started on Port: 8077
ERPImporta.exe: 00003484: 11:11:29 []:>--------------------------------------------------------------<
ERPImporta.exe: 00003484: 11:11:29 [TUniServerModule]:Server First Init.
ERPImporta.exe: 00003484: 11:11:29 [TUniServerModule]:Start Path = C:\Projetos_WEB\ERP_Importa\
ERPImporta.exe: 00003484: 11:11:29 [TUniServerModule]:Debug Mode = ON
ERPImporta.exe: 00003484: 11:11:30 [TUniServerModule]:Starting HTTP Server on Port: 8077...
ERPImporta.exe: 00003484: 11:11:30 [TUniServerModule]:HTTP Server Started on Port: 8077
ERPImporta.exe: 00000160: 11:12:29 []:>--------------------------------------------------------------<
ERPImporta.exe: 00000160: 11:12:29 [TUniServerModule]:Server First Init.
ERPImporta.exe: 00000160: 11:12:29 [TUniServerModule]:Start Path = C:\Projetos_WEB\ERP_Importa\
ERPImporta.exe: 00000160: 11:12:29 [TUniServerModule]:Debug Mode = ON
ERPImporta.exe: 00000160: 11:12:29 [TUniGUISessionManager]:Cache erase job created, Folder count: [1]
ERPImporta.exe: 00000160: 11:12:30 [TUniServerModule]:Starting HTTP Server on Port: 8077...
ERPImporta.exe: 00000160: 11:12:30 [TUniServerModule]:HTTP Server Started on Port: 8077
ERPImporta.exe: 00001348: 11:13:31 []:>--------------------------------------------------------------<
ERPImporta.exe: 00001348: 11:13:31 [TUniServerModule]:Server First Init.
ERPImporta.exe: 00001348: 11:13:31 [TUniServerModule]:Start Path = C:\Projetos_WEB\ERP_Importa\
ERPImporta.exe: 00001348: 11:13:31 [TUniServerModule]:Debug Mode = ON
ERPImporta.exe: 00001348: 11:13:31 [TUniGUISessionManager]:Cache erase job created, Folder count: [1]
ERPImporta.exe: 00001348: 11:13:32 [TUniServerModule]:Starting HTTP Server on Port: 8077...
ERPImporta.exe: 00001348: 11:13:32 [TUniServerModule]:HTTP Server Started on Port: 8077
ERPImporta.exe: 00001E10: 11:13:37 [[FireDAC][Phys][ODBC][Microsoft][SQL Server Native Client 11.0][SQL Server]Invalid column name 'Conta'.-127.0.0.1]:EMSSQLNativeException : [FireDAC][Phys][ODBC][Microsoft][SQL Server Native Client 11.0][SQL Server]Invalid column name 'Conta'. : Addr: $008DDF95
ERPImporta.exe: 0000369C: 11:14:15 []:>--------------------------------------------------------------<
ERPImporta.exe: 0000369C: 11:14:15 [TUniServerModule]:Server First Init.
ERPImporta.exe: 0000369C: 11:14:15 [TUniServerModule]:Start Path = C:\Projetos_WEB\ERP_Importa\
ERPImporta.exe: 0000369C: 11:14:15 [TUniServerModule]:Debug Mode = ON
ERPImporta.exe: 0000369C: 11:14:15 [TUniServerModule]:Starting HTTP Server on Port: 8077...
ERPImporta.exe: 0000369C: 11:14:16 [TUniServerModule]:HTTP Server Started on Port: 8077
ERPImporta.exe: 00002B68: 11:16:47 []:>--------------------------------------------------------------<
ERPImporta.exe: 00002B68: 11:16:47 [TUniServerModule]:Server First Init.
ERPImporta.exe: 00002B68: 11:16:47 [TUniServerModule]:Start Path = C:\Projetos_WEB\ERP_Importa\
ERPImporta.exe: 00002B68: 11:16:47 [TUniServerModule]:Debug Mode = ON
ERPImporta.exe: 00002B68: 11:16:47 [TUniGUISessionManager]:Cache erase job created, Folder count: [1]
ERPImporta.exe: 00002B68: 11:16:47 [TUniServerModule]:Starting HTTP Server on Port: 8077...
ERPImporta.exe: 00002B68: 11:16:47 [TUniServerModule]:HTTP Server Started on Port: 8077
ERPImporta.exe: 000036EC: 11:18:01 []:>--------------------------------------------------------------<
ERPImporta.exe: 000036EC: 11:18:01 [TUniServerModule]:Server First Init.
ERPImporta.exe: 000036EC: 11:18:01 [TUniServerModule]:Start Path = C:\Projetos_WEB\ERP_Importa\
ERPImporta.exe: 000036EC: 11:18:01 [TUniServerModule]:Debug Mode = ON
ERPImporta.exe: 000036EC: 11:18:02 [TUniServerModule]:Starting HTTP Server on Port: 8077...
ERPImporta.exe: 000036EC: 11:18:02 [TUniServerModule]:HTTP Server Started on Port: 8077
ERPImporta.exe: 000032CC: 11:19:15 []:>--------------------------------------------------------------<
ERPImporta.exe: 000032CC: 11:19:15 [TUniServerModule]:Server First Init.
ERPImporta.exe: 000032CC: 11:19:15 [TUniServerModule]:Start Path = C:\Projetos_WEB\ERP_Importa\
ERPImporta.exe: 000032CC: 11:19:15 [TUniServerModule]:Debug Mode = ON
ERPImporta.exe: 000032CC: 11:19:15 [TUniServerModule]:Starting HTTP Server on Port: 8077...
ERPImporta.exe: 000032CC: 11:19:15 [TUniServerModule]:HTTP Server Started on Port: 8077
ERPImporta.exe: 00000814: 11:19:53 []:>--------------------------------------------------------------<
ERPImporta.exe: 00000814: 11:19:53 [TUniServerModule]:Server First Init.
ERPImporta.exe: 00000814: 11:19:53 [TUniServerModule]:Start Path = C:\Projetos_WEB\ERP_Importa\
ERPImporta.exe: 00000814: 11:19:53 [TUniServerModule]:Debug Mode = ON
ERPImporta.exe: 00000814: 11:19:53 [TUniGUISessionManager]:Cache erase job created, Folder count: [1]
ERPImporta.exe: 00000814: 11:19:53 [TUniServerModule]:Starting HTTP Server on Port: 8077...
ERPImporta.exe: 00000814: 11:19:53 [TUniServerModule]:HTTP Server Started on Port: 8077
ERPImporta.exe: 00002558: 11:19:57 [127.0.0.1]:EUniSessionException : Sessão inváilda ou tempo da sessão expirado. (Session not found: LHBFS4iTpD10D3817A3 ) : Addr: $007CEC46
ERPImporta.exe: 000037B4: 11:19:57 [127.0.0.1]:EUniSessionException : Sessão inváilda ou tempo da sessão expirado. (Session not found: LHBFS4iTpD10D3817A3 ) : Addr: $007CEC46
ERPImporta.exe: 00002624: 11:19:57 [127.0.0.1]:EUniSessionException : Sessão inváilda ou tempo da sessão expirado. (Session not found: LHBFS4iTpD10D3817A3 ) : Addr: $007CEC46
ERPImporta.exe: 0000327C: 11:19:57 [127.0.0.1]:EUniSessionException : Sessão inváilda ou tempo da sessão expirado. (Session not found: LHBFS4iTpD10D3817A3 ) : Addr: $007CEC46
ERPImporta.exe: 000027AC: 11:22:25 []:>--------------------------------------------------------------<
ERPImporta.exe: 000027AC: 11:22:25 [TUniServerModule]:Server First Init.
ERPImporta.exe: 000027AC: 11:22:25 [TUniServerModule]:Start Path = C:\Projetos_WEB\ERP_Importa\
ERPImporta.exe: 000027AC: 11:22:25 [TUniServerModule]:Debug Mode = ON
ERPImporta.exe: 000027AC: 11:22:25 [TUniServerModule]:Starting HTTP Server on Port: 8077...
ERPImporta.exe: 000027AC: 11:22:25 [TUniServerModule]:HTTP Server Started on Port: 8077
ERPImporta.exe: 000001CC: 11:23:35 []:>--------------------------------------------------------------<
ERPImporta.exe: 000001CC: 11:23:35 [TUniServerModule]:Server First Init.
ERPImporta.exe: 000001CC: 11:23:35 [TUniServerModule]:Start Path = C:\Projetos_WEB\ERP_Importa\
ERPImporta.exe: 000001CC: 11:23:35 [TUniServerModule]:Debug Mode = ON
ERPImporta.exe: 000001CC: 11:23:35 [TUniGUISessionManager]:Cache erase job created, Folder count: [1]
ERPImporta.exe: 000001CC: 11:23:36 [TUniServerModule]:Starting HTTP Server on Port: 8077...
ERPImporta.exe: 000001CC: 11:23:36 [TUniServerModule]:HTTP Server Started on Port: 8077
ERPImporta.exe: 00001F04: 11:25:13 []:>--------------------------------------------------------------<
ERPImporta.exe: 00001F04: 11:25:13 [TUniServerModule]:Server First Init.
ERPImporta.exe: 00001F04: 11:25:13 [TUniServerModule]:Start Path = C:\Projetos_WEB\ERP_Importa\
ERPImporta.exe: 00001F04: 11:25:13 [TUniServerModule]:Debug Mode = ON
ERPImporta.exe: 00001F04: 11:25:13 [TUniGUISessionManager]:Cache erase job created, Folder count: [1]
ERPImporta.exe: 00001F04: 11:25:14 [TUniServerModule]:Starting HTTP Server on Port: 8077...
ERPImporta.exe: 00001F04: 11:25:14 [TUniServerModule]:HTTP Server Started on Port: 8077
ERPImporta.exe: 00002F4C: 11:26:09 []:>--------------------------------------------------------------<
ERPImporta.exe: 00002F4C: 11:26:09 [TUniServerModule]:Server First Init.
ERPImporta.exe: 00002F4C: 11:26:09 [TUniServerModule]:Start Path = C:\Projetos_WEB\ERP_Importa\
ERPImporta.exe: 00002F4C: 11:26:09 [TUniServerModule]:Debug Mode = ON
ERPImporta.exe: 00002F4C: 11:26:09 [TUniGUISessionManager]:Cache erase job created, Folder count: [1]
ERPImporta.exe: 00002F4C: 11:26:10 [TUniServerModule]:Starting HTTP Server on Port: 8077...
ERPImporta.exe: 00002F4C: 11:26:10 [TUniServerModule]:HTTP Server Started on Port: 8077
ERPImporta.exe: 00002170: 11:26:36 []:>--------------------------------------------------------------<
ERPImporta.exe: 00002170: 11:26:36 [TUniServerModule]:Server First Init.
ERPImporta.exe: 00002170: 11:26:36 [TUniServerModule]:Start Path = C:\Projetos_WEB\ERP_Importa\
ERPImporta.exe: 00002170: 11:26:36 [TUniServerModule]:Debug Mode = ON
ERPImporta.exe: 00002170: 11:26:36 [TUniGUISessionManager]:Cache erase job created, Folder count: [1]
ERPImporta.exe: 00002170: 11:26:37 [TUniServerModule]:Starting HTTP Server on Port: 8077...
ERPImporta.exe: 00002170: 11:26:37 [TUniServerModule]:HTTP Server Started on Port: 8077
ERPImporta.exe: 00002654: 11:26:41 [127.0.0.1]:EUniSessionException : Sessão inváilda ou tempo da sessão expirado. (Session not found: twx9IxVNwu10D381983 ) : Addr: $007CEC46
ERPImporta.exe: 000013D0: 11:26:41 [127.0.0.1]:EUniSessionException : Sessão inváilda ou tempo da sessão expirado. (Session not found: twx9IxVNwu10D381983 ) : Addr: $007CEC46
ERPImporta.exe: 00001494: 11:26:41 [127.0.0.1]:EUniSessionException : Sessão inváilda ou tempo da sessão expirado. (Session not found: twx9IxVNwu10D381983 ) : Addr: $007CEC46
ERPImporta.exe: 00000444: 11:26:41 [127.0.0.1]:EUniSessionException : Sessão inváilda ou tempo da sessão expirado. (Session not found: twx9IxVNwu10D381983 ) : Addr: $007CEC46
ERPImporta.exe: 00002954: 11:27:28 []:>--------------------------------------------------------------<
ERPImporta.exe: 00002954: 11:27:28 [TUniServerModule]:Server First Init.
ERPImporta.exe: 00002954: 11:27:28 [TUniServerModule]:Start Path = C:\Projetos_WEB\ERP_Importa\
ERPImporta.exe: 00002954: 11:27:28 [TUniServerModule]:Debug Mode = ON
ERPImporta.exe: 00002954: 11:27:29 [TUniServerModule]:Starting HTTP Server on Port: 8077...
ERPImporta.exe: 00002954: 11:27:29 [TUniServerModule]:HTTP Server Started on Port: 8077
ERPImporta.exe: 00000878: 11:28:25 []:>--------------------------------------------------------------<
ERPImporta.exe: 00000878: 11:28:25 [TUniServerModule]:Server First Init.
ERPImporta.exe: 00000878: 11:28:25 [TUniServerModule]:Start Path = C:\Projetos_WEB\ERP_Importa\
ERPImporta.exe: 00000878: 11:28:25 [TUniServerModule]:Debug Mode = ON
ERPImporta.exe: 00000878: 11:28:26 [TUniServerModule]:Starting HTTP Server on Port: 8077...
ERPImporta.exe: 00000878: 11:28:26 [TUniServerModule]:HTTP Server Started on Port: 8077
ERPImporta.exe: 00000B54: 11:30:44 []:>--------------------------------------------------------------<
ERPImporta.exe: 00000B54: 11:30:44 [TUniServerModule]:Server First Init.
ERPImporta.exe: 00000B54: 11:30:44 [TUniServerModule]:Start Path = C:\Projetos_WEB\ERP_Importa\
ERPImporta.exe: 00000B54: 11:30:44 [TUniServerModule]:Debug Mode = ON
ERPImporta.exe: 00000B54: 11:30:44 [TUniServerModule]:Starting HTTP Server on Port: 8077...
ERPImporta.exe: 00000B54: 11:30:44 [TUniServerModule]:HTTP Server Started on Port: 8077
ERPImporta.exe: 0000135C: 11:36:18 []:>--------------------------------------------------------------<
ERPImporta.exe: 0000135C: 11:36:18 [TUniServerModule]:Server First Init.
ERPImporta.exe: 0000135C: 11:36:18 [TUniServerModule]:Start Path = C:\Projetos_WEB\ERP_Importa\
ERPImporta.exe: 0000135C: 11:36:18 [TUniServerModule]:Debug Mode = ON
ERPImporta.exe: 0000135C: 11:36:18 [TUniGUISessionManager]:Cache erase job created, Folder count: [1]
ERPImporta.exe: 0000135C: 11:36:19 [TUniServerModule]:Starting HTTP Server on Port: 8077...
ERPImporta.exe: 0000135C: 11:36:19 [TUniServerModule]:HTTP Server Started on Port: 8077
ERPImporta.exe: 000031E8: 11:36:26 [127.0.0.1]:EUniSessionException : Sessão inváilda ou tempo da sessão expirado. (Session not found: JO9BSN2sJH10D381AC1 ) : Addr: $007CEC46
ERPImporta.exe: 00000C80: 11:36:26 [127.0.0.1]:EUniSessionException : Sessão inváilda ou tempo da sessão expirado. (Session not found: JO9BSN2sJH10D381AC1 ) : Addr: $007CEC46
ERPImporta.exe: 0000302C: 11:38:28 []:>--------------------------------------------------------------<
ERPImporta.exe: 0000302C: 11:38:28 [TUniServerModule]:Server First Init.
ERPImporta.exe: 0000302C: 11:38:28 [TUniServerModule]:Start Path = C:\Projetos_WEB\ERP_Importa\
ERPImporta.exe: 0000302C: 11:38:28 [TUniServerModule]:Debug Mode = ON
ERPImporta.exe: 0000302C: 11:38:28 [TUniGUISessionManager]:Cache erase job created, Folder count: [1]
ERPImporta.exe: 0000302C: 11:38:29 [TUniServerModule]:Starting HTTP Server on Port: 8077...
ERPImporta.exe: 0000302C: 11:38:29 [TUniServerModule]:HTTP Server Started on Port: 8077
ERPImporta.exe: 0000081C: 11:38:54 [127.0.0.1]:Exception : Blocking method ShowMessage() can not be called here. : Addr: $0079F57A
ERPImporta.exe: 0000254C: 11:39:20 []:>--------------------------------------------------------------<
ERPImporta.exe: 0000254C: 11:39:20 [TUniServerModule]:Server First Init.
ERPImporta.exe: 0000254C: 11:39:20 [TUniServerModule]:Start Path = C:\Projetos_WEB\ERP_Importa\
ERPImporta.exe: 0000254C: 11:39:20 [TUniServerModule]:Debug Mode = ON
ERPImporta.exe: 0000254C: 11:39:21 [TUniServerModule]:Starting HTTP Server on Port: 8077...
ERPImporta.exe: 0000254C: 11:39:21 [TUniServerModule]:HTTP Server Started on Port: 8077
ERPImporta.exe: 00001160: 11:40:43 []:>--------------------------------------------------------------<
ERPImporta.exe: 00001160: 11:40:43 [TUniServerModule]:Server First Init.
ERPImporta.exe: 00001160: 11:40:43 [TUniServerModule]:Start Path = C:\Projetos_WEB\ERP_Importa\
ERPImporta.exe: 00001160: 11:40:43 [TUniServerModule]:Debug Mode = ON
ERPImporta.exe: 00001160: 11:40:43 [TUniGUISessionManager]:Cache erase job created, Folder count: [1]
ERPImporta.exe: 00001160: 11:40:43 [TUniServerModule]:Starting HTTP Server on Port: 8077...
ERPImporta.exe: 00001160: 11:40:43 [TUniServerModule]:HTTP Server Started on Port: 8077
ERPImporta.exe: 00000A14: 11:40:47 [127.0.0.1]:EUniSessionException : Sessão inváilda ou tempo da sessão expirado. (Session not found: 9yRQfr2jXY10D381D16 ) : Addr: $007CEC46
ERPImporta.exe: 00001FF0: 11:41:57 []:>--------------------------------------------------------------<
ERPImporta.exe: 00001FF0: 11:41:57 [TUniServerModule]:Server First Init.
ERPImporta.exe: 00001FF0: 11:41:57 [TUniServerModule]:Start Path = C:\Projetos_WEB\ERP_Importa\
ERPImporta.exe: 00001FF0: 11:41:57 [TUniServerModule]:Debug Mode = ON
ERPImporta.exe: 00001FF0: 11:41:57 [TUniGUISessionManager]:Cache erase job created, Folder count: [1]
ERPImporta.exe: 00001FF0: 11:41:57 [TUniServerModule]:Starting HTTP Server on Port: 8077...
ERPImporta.exe: 00001FF0: 11:41:57 [TUniServerModule]:HTTP Server Started on Port: 8077
ERPImporta.exe: 00001D24: 11:41:57 [127.0.0.1]:EUniSessionException : Sessão inváilda ou tempo da sessão expirado. (Session not found: flkWgiYFom10D381D76 ) : Addr: $007CEC46
ERPImporta.exe: 00000E6C: 11:43:15 []:>--------------------------------------------------------------<
ERPImporta.exe: 00000E6C: 11:43:15 [TUniServerModule]:Server First Init.
ERPImporta.exe: 00000E6C: 11:43:15 [TUniServerModule]:Start Path = C:\Projetos_WEB\ERP_Importa\
ERPImporta.exe: 00000E6C: 11:43:15 [TUniServerModule]:Debug Mode = ON
ERPImporta.exe: 00000E6C: 11:43:15 [TUniGUISessionManager]:Cache erase job created, Folder count: [1]
ERPImporta.exe: 00000E6C: 11:43:16 [TUniServerModule]:Starting HTTP Server on Port: 8077...
ERPImporta.exe: 00000E6C: 11:43:16 [TUniServerModule]:HTTP Server Started on Port: 8077
ERPImporta.exe: 00002A08: 11:43:33 [127.0.0.1]:EUniSessionException : Sessão inváilda ou tempo da sessão expirado. (Session not found: jySZSG55Sc10D381DCC ) : Addr: $007CEC46
ERPImporta.exe: 00002B28: 11:43:33 [127.0.0.1]:EUniSessionException : Sessão inváilda ou tempo da sessão expirado. (Session not found: jySZSG55Sc10D381DCC ) : Addr: $007CEC46
ERPImporta.exe: 000006D8: 11:43:33 [127.0.0.1]:EUniSessionException : Sessão inváilda ou tempo da sessão expirado. (Session not found: jySZSG55Sc10D381DCC ) : Addr: $007CEC46
ERPImporta.exe: 00001680: 11:43:33 [127.0.0.1]:EUniSessionException : Sessão inváilda ou tempo da sessão expirado. (Session not found: jySZSG55Sc10D381DCC ) : Addr: $007CEC46
ERPImporta.exe: 00002584: 11:45:17 []:>--------------------------------------------------------------<
ERPImporta.exe: 00002584: 11:45:17 [TUniServerModule]:Server First Init.
ERPImporta.exe: 00002584: 11:45:17 [TUniServerModule]:Start Path = C:\Projetos_WEB\ERP_Importa\
ERPImporta.exe: 00002584: 11:45:17 [TUniServerModule]:Debug Mode = ON
ERPImporta.exe: 00002584: 11:45:18 [TUniServerModule]:Starting HTTP Server on Port: 8077...
ERPImporta.exe: 00002584: 11:45:18 [TUniServerModule]:HTTP Server Started on Port: 8077
ERPImporta.exe: 00003144: 11:46:28 []:>--------------------------------------------------------------<
ERPImporta.exe: 00003144: 11:46:28 [TUniServerModule]:Server First Init.
ERPImporta.exe: 00003144: 11:46:28 [TUniServerModule]:Start Path = C:\Projetos_WEB\ERP_Importa\
ERPImporta.exe: 00003144: 11:46:28 [TUniServerModule]:Debug Mode = ON
ERPImporta.exe: 00003144: 11:46:28 [TUniGUISessionManager]:Cache erase job created, Folder count: [1]
ERPImporta.exe: 00003144: 11:46:28 [TUniServerModule]:Starting HTTP Server on Port: 8077...
ERPImporta.exe: 00003144: 11:46:28 [TUniServerModule]:HTTP Server Started on Port: 8077
ERPImporta.exe: 000004F8: 11:46:31 [127.0.0.1]:EUniSessionException : Sessão inváilda ou tempo da sessão expirado. (Session not found: QKbth7UVbW10D381EB4 ) : Addr: $007CEC46
ERPImporta.exe: 0000062C: 11:47:36 []:>--------------------------------------------------------------<
ERPImporta.exe: 0000062C: 11:47:36 [TUniServerModule]:Server First Init.
ERPImporta.exe: 0000062C: 11:47:36 [TUniServerModule]:Start Path = C:\Projetos_WEB\ERP_Importa\
ERPImporta.exe: 0000062C: 11:47:36 [TUniServerModule]:Debug Mode = ON
ERPImporta.exe: 0000062C: 11:47:36 [TUniGUISessionManager]:Cache erase job created, Folder count: [1]
ERPImporta.exe: 0000062C: 11:47:37 [TUniServerModule]:Starting HTTP Server on Port: 8077...
ERPImporta.exe: 0000062C: 11:47:37 [TUniServerModule]:HTTP Server Started on Port: 8077
ERPImporta.exe: 00000DA8: 11:47:42 [127.0.0.1]:EUniSessionException : Sessão inváilda ou tempo da sessão expirado. (Session not found: YQhhCVfIfW10D381F05 ) : Addr: $007CEC46
ERPImporta.exe: 0000102C: 11:47:42 [127.0.0.1]:EUniSessionException : Sessão inváilda ou tempo da sessão expirado. (Session not found: YQhhCVfIfW10D381F05 ) : Addr: $007CEC46
ERPImporta.exe: 0000264C: 11:47:42 [127.0.0.1]:EUniSessionException : Sessão inváilda ou tempo da sessão expirado. (Session not found: YQhhCVfIfW10D381F05 ) : Addr: $007CEC46
ERPImporta.exe: 00001CC4: 11:47:42 [127.0.0.1]:EUniSessionException : Sessão inváilda ou tempo da sessão expirado. (Session not found: YQhhCVfIfW10D381F05 ) : Addr: $007CEC46
ERPImporta.exe: 00002F9C: 11:49:03 []:>--------------------------------------------------------------<
ERPImporta.exe: 00002F9C: 11:49:03 [TUniServerModule]:Server First Init.
ERPImporta.exe: 00002F9C: 11:49:03 [TUniServerModule]:Start Path = C:\Projetos_WEB\ERP_Importa\
ERPImporta.exe: 00002F9C: 11:49:03 [TUniServerModule]:Debug Mode = ON
ERPImporta.exe: 00002F9C: 11:49:03 [TUniServerModule]:Starting HTTP Server on Port: 8077...
ERPImporta.exe: 00002F9C: 11:49:03 [TUniServerModule]:HTTP Server Started on Port: 8077
ERPImporta.exe: 00002614: 11:50:47 []:>--------------------------------------------------------------<
ERPImporta.exe: 00002614: 11:50:47 [TUniServerModule]:Server First Init.
ERPImporta.exe: 00002614: 11:50:47 [TUniServerModule]:Start Path = C:\Projetos_WEB\ERP_Importa\
ERPImporta.exe: 00002614: 11:50:47 [TUniServerModule]:Debug Mode = ON
ERPImporta.exe: 00002614: 11:50:47 [TUniGUISessionManager]:Cache erase job created, Folder count: [1]
ERPImporta.exe: 00002614: 11:50:47 [TUniServerModule]:Starting HTTP Server on Port: 8077...
ERPImporta.exe: 00002614: 11:50:47 [TUniServerModule]:HTTP Server Started on Port: 8077
ERPImporta.exe: 00001784: 11:51:03 []:>--------------------------------------------------------------<
ERPImporta.exe: 00001784: 11:51:03 [TUniServerModule]:Server First Init.
ERPImporta.exe: 00001784: 11:51:03 [TUniServerModule]:Start Path = C:\Projetos_WEB\ERP_Importa\
ERPImporta.exe: 00001784: 11:51:03 [TUniServerModule]:Debug Mode = ON
ERPImporta.exe: 00001784: 11:51:03 [TUniGUISessionManager]:Cache erase job created, Folder count: [1]
ERPImporta.exe: 00001784: 11:51:04 [TUniServerModule]:Starting HTTP Server on Port: 8077...
ERPImporta.exe: 00001784: 11:51:04 [TUniServerModule]:HTTP Server Started on Port: 8077
ERPImporta.exe: 00001B08: 11:51:10 [127.0.0.1]:EUniSessionException : Sessão inváilda ou tempo da sessão expirado. (Session not found: grhkd7K2wj10D382031 ) : Addr: $007CEC46
ERPImporta.exe: 0000204C: 11:51:10 [127.0.0.1]:EUniSessionException : Sessão inváilda ou tempo da sessão expirado. (Session not found: grhkd7K2wj10D382031 ) : Addr: $007CEC46
ERPImporta.exe: 00001348: 11:51:10 [127.0.0.1]:EUniSessionException : Sessão inváilda ou tempo da sessão expirado. (Session not found: grhkd7K2wj10D382031 ) : Addr: $007CEC46
ERPImporta.exe: 00002648: 11:51:10 [127.0.0.1]:EUniSessionException : Sessão inváilda ou tempo da sessão expirado. (Session not found: grhkd7K2wj10D382031 ) : Addr: $007CEC46
ERPImporta.exe: 00001318: 11:51:12 [127.0.0.1]:EUniSessionException : Sessão inváilda ou tempo da sessão expirado. (Session not found: JJ57dIIkAO10D381FBA ) : Addr: $007CEC46
ERPImporta.exe: 00001530: 11:51:12 [127.0.0.1]:EUniSessionException : Sessão inváilda ou tempo da sessão expirado. (Session not found: JJ57dIIkAO10D381FBA ) : Addr: $007CEC46
ERPImporta.exe: 0000336C: 11:51:12 [127.0.0.1]:EUniSessionException : Sessão inváilda ou tempo da sessão expirado. (Session not found: JJ57dIIkAO10D381FBA ) : Addr: $007CEC46
ERPImporta.exe: 00001D6C: 11:51:12 [127.0.0.1]:EUniSessionException : Sessão inváilda ou tempo da sessão expirado. (Session not found: JJ57dIIkAO10D381FBA ) : Addr: $007CEC46
ERPImporta.exe: 00003878: 13:30:16 []:>--------------------------------------------------------------<
ERPImporta.exe: 00003878: 13:30:16 [TUniServerModule]:Server First Init.
ERPImporta.exe: 00003878: 13:30:16 [TUniServerModule]:Start Path = C:\Projetos_WEB\ERP_Importa\
ERPImporta.exe: 00003878: 13:30:16 [TUniServerModule]:Debug Mode = ON
ERPImporta.exe: 00003878: 13:30:17 [TUniServerModule]:Starting HTTP Server on Port: 8077...
ERPImporta.exe: 00003878: 13:30:17 [TUniServerModule]:HTTP Server Started on Port: 8077
ERPImporta.exe: 00003ADC: 13:44:28 []:>--------------------------------------------------------------<
ERPImporta.exe: 00003ADC: 13:44:28 [TUniServerModule]:Server First Init.
ERPImporta.exe: 00003ADC: 13:44:28 [TUniServerModule]:Start Path = C:\Projetos_WEB\ERP_Importa\
ERPImporta.exe: 00003ADC: 13:44:28 [TUniServerModule]:Debug Mode = ON
ERPImporta.exe: 00003ADC: 13:44:28 [TUniGUISessionManager]:Cache erase job created, Folder count: [1]
ERPImporta.exe: 00003ADC: 13:44:29 [TUniServerModule]:Starting HTTP Server on Port: 8077...
ERPImporta.exe: 00003ADC: 13:44:29 [TUniServerModule]:HTTP Server Started on Port: 8077
ERPImporta.exe: 00000D88: 13:49:59 []:>--------------------------------------------------------------<
ERPImporta.exe: 00000D88: 13:49:59 [TUniServerModule]:Server First Init.
ERPImporta.exe: 00000D88: 13:49:59 [TUniServerModule]:Start Path = C:\Projetos_WEB\ERP_Importa\
ERPImporta.exe: 00000D88: 13:49:59 [TUniServerModule]:Debug Mode = ON
ERPImporta.exe: 00000D88: 13:49:59 [TUniGUISessionManager]:Cache erase job created, Folder count: [1]
ERPImporta.exe: 00000D88: 13:50:00 [TUniServerModule]:Starting HTTP Server on Port: 8077...
ERPImporta.exe: 00000D88: 13:50:00 [TUniServerModule]:HTTP Server Started on Port: 8077
ERPImporta.exe: 00003478: 13:50:59 []:>--------------------------------------------------------------<
ERPImporta.exe: 00003478: 13:50:59 [TUniServerModule]:Server First Init.
ERPImporta.exe: 00003478: 13:50:59 [TUniServerModule]:Start Path = C:\Projetos_WEB\ERP_Importa\
ERPImporta.exe: 00003478: 13:50:59 [TUniServerModule]:Debug Mode = ON
ERPImporta.exe: 00003478: 13:50:59 [TUniGUISessionManager]:Cache erase job created, Folder count: [1]
ERPImporta.exe: 00003478: 13:50:59 [TUniServerModule]:Starting HTTP Server on Port: 8077...
ERPImporta.exe: 00003478: 13:50:59 [TUniServerModule]:HTTP Server Started on Port: 8077
ERPImporta.exe: 00003AAC: 13:50:59 [127.0.0.1]:EUniSessionException : Sessão inváilda ou tempo da sessão expirado. (Session not found: 7mqmF4L42t10D384087 ) : Addr: $007CEC46
ERPImporta.exe: 000039DC: 13:50:59 [127.0.0.1]:EUniSessionException : Sessão inváilda ou tempo da sessão expirado. (Session not found: 7mqmF4L42t10D384087 ) : Addr: $007CEC46
ERPImporta.exe: 00003A5C: 13:50:59 [127.0.0.1]:EUniSessionException : Sessão inváilda ou tempo da sessão expirado. (Session not found: 7mqmF4L42t10D384087 ) : Addr: $007CEC46
ERPImporta.exe: 00003BA8: 13:50:59 [127.0.0.1]:EUniSessionException : Sessão inváilda ou tempo da sessão expirado. (Session not found: 7mqmF4L42t10D384087 ) : Addr: $007CEC46
ERPImporta.exe: 000004FC: 13:50:59 [127.0.0.1]:EUniSessionException : Sessão inváilda ou tempo da sessão expirado. (Session not found: 7mqmF4L42t10D384087 ) : Addr: $007CEC46
ERPImporta.exe: 00000CD8: 13:54:03 []:>--------------------------------------------------------------<
ERPImporta.exe: 00000CD8: 13:54:03 [TUniServerModule]:Server First Init.
ERPImporta.exe: 00000CD8: 13:54:03 [TUniServerModule]:Start Path = C:\Projetos_WEB\ERP_Importa\
ERPImporta.exe: 00000CD8: 13:54:03 [TUniServerModule]:Debug Mode = ON
ERPImporta.exe: 00000CD8: 13:54:04 [TUniServerModule]:Starting HTTP Server on Port: 8077...
ERPImporta.exe: 00000CD8: 13:54:04 [TUniServerModule]:HTTP Server Started on Port: 8077
ERPImporta.exe: 00003288: 13:55:08 []:>--------------------------------------------------------------<
ERPImporta.exe: 00003288: 13:55:08 [TUniServerModule]:Server First Init.
ERPImporta.exe: 00003288: 13:55:08 [TUniServerModule]:Start Path = C:\Projetos_WEB\ERP_Importa\
ERPImporta.exe: 00003288: 13:55:08 [TUniServerModule]:Debug Mode = ON
ERPImporta.exe: 00003288: 13:55:09 [TUniServerModule]:Starting HTTP Server on Port: 8077...
ERPImporta.exe: 00003288: 13:55:09 [TUniServerModule]:HTTP Server Started on Port: 8077
ERPImporta.exe: 00001028: 13:56:15 []:>--------------------------------------------------------------<
ERPImporta.exe: 00001028: 13:56:15 [TUniServerModule]:Server First Init.
ERPImporta.exe: 00001028: 13:56:15 [TUniServerModule]:Start Path = C:\Projetos_WEB\ERP_Importa\
ERPImporta.exe: 00001028: 13:56:15 [TUniServerModule]:Debug Mode = ON
ERPImporta.exe: 00001028: 13:56:15 [TUniGUISessionManager]:Cache erase job created, Folder count: [1]
ERPImporta.exe: 00001028: 13:56:15 [TUniServerModule]:Starting HTTP Server on Port: 8077...
ERPImporta.exe: 00001028: 13:56:15 [TUniServerModule]:HTTP Server Started on Port: 8077
ERPImporta.exe: 000006A0: 13:58:57 []:>--------------------------------------------------------------<
ERPImporta.exe: 000006A0: 13:58:57 [TUniServerModule]:Server First Init.
ERPImporta.exe: 000006A0: 13:58:57 [TUniServerModule]:Start Path = C:\Projetos_WEB\ERP_Importa\
ERPImporta.exe: 000006A0: 13:58:57 [TUniServerModule]:Debug Mode = ON
ERPImporta.exe: 000006A0: 13:58:57 [TUniServerModule]:Starting HTTP Server on Port: 8077...
ERPImporta.exe: 000006A0: 13:58:57 [TUniServerModule]:HTTP Server Started on Port: 8077
ERPImporta.exe: 000036F0: 14:02:25 []:>--------------------------------------------------------------<
ERPImporta.exe: 000036F0: 14:02:25 [TUniServerModule]:Server First Init.
ERPImporta.exe: 000036F0: 14:02:25 [TUniServerModule]:Start Path = C:\Projetos_WEB\ERP_Importa\
ERPImporta.exe: 000036F0: 14:02:25 [TUniServerModule]:Debug Mode = ON
ERPImporta.exe: 000036F0: 14:02:25 [TUniGUISessionManager]:Cache erase job created, Folder count: [1]
ERPImporta.exe: 000036F0: 14:02:26 [TUniServerModule]:Starting HTTP Server on Port: 8077...
ERPImporta.exe: 000036F0: 14:02:26 [TUniServerModule]:HTTP Server Started on Port: 8077
ERPImporta.exe: 0000059C: 14:02:50 []:>--------------------------------------------------------------<
ERPImporta.exe: 0000059C: 14:02:50 [TUniServerModule]:Server First Init.
ERPImporta.exe: 0000059C: 14:02:50 [TUniServerModule]:Start Path = C:\Projetos_WEB\ERP_Importa\
ERPImporta.exe: 0000059C: 14:02:50 [TUniServerModule]:Debug Mode = ON
ERPImporta.exe: 0000059C: 14:02:50 [TUniGUISessionManager]:Cache erase job created, Folder count: [1]
ERPImporta.exe: 0000059C: 14:02:50 [TUniServerModule]:Starting HTTP Server on Port: 8077...
ERPImporta.exe: 0000059C: 14:02:50 [TUniServerModule]:HTTP Server Started on Port: 8077
ERPImporta.exe: 00003E40: 14:03:11 [127.0.0.1]:EUniSessionException : Sessão inváilda ou tempo da sessão expirado. (Session not found: 67WWSZmvee10D3843E7 ) : Addr: $007CEC46
ERPImporta.exe: 00003AA8: 14:03:11 [127.0.0.1]:EUniSessionException : Sessão inváilda ou tempo da sessão expirado. (Session not found: 67WWSZmvee10D3843E7 ) : Addr: $007CEC46
ERPImporta.exe: 0000152C: 14:03:11 [127.0.0.1]:EUniSessionException : Sessão inváilda ou tempo da sessão expirado. (Session not found: 67WWSZmvee10D3843E7 ) : Addr: $007CEC46
ERPImporta.exe: 00003ED4: 14:03:11 [127.0.0.1]:EUniSessionException : Sessão inváilda ou tempo da sessão expirado. (Session not found: 67WWSZmvee10D3843E7 ) : Addr: $007CEC46
ERPImporta.exe: 00003A9C: 14:03:32 []:>--------------------------------------------------------------<
ERPImporta.exe: 00003A9C: 14:03:32 [TUniServerModule]:Server First Init.
ERPImporta.exe: 00003A9C: 14:03:32 [TUniServerModule]:Start Path = C:\Projetos_WEB\ERP_Importa\
ERPImporta.exe: 00003A9C: 14:03:32 [TUniServerModule]:Debug Mode = ON
ERPImporta.exe: 00003A9C: 14:03:32 [TUniServerModule]:Starting HTTP Server on Port: 8077...
ERPImporta.exe: 00003A9C: 14:03:32 [TUniServerModule]:HTTP Server Started on Port: 8077
ERPImporta.exe: 00003BBC: 14:07:07 []:>--------------------------------------------------------------<
ERPImporta.exe: 00003BBC: 14:07:07 [TUniServerModule]:Server First Init.
ERPImporta.exe: 00003BBC: 14:07:07 [TUniServerModule]:Start Path = C:\Projetos_WEB\ERP_Importa\
ERPImporta.exe: 00003BBC: 14:07:07 [TUniServerModule]:Debug Mode = ON
ERPImporta.exe: 00003BBC: 14:07:08 [TUniServerModule]:Starting HTTP Server on Port: 8077...
ERPImporta.exe: 00003BBC: 14:07:08 [TUniServerModule]:HTTP Server Started on Port: 8077
ERPImporta.exe: 00001D0C: 14:08:17 []:>--------------------------------------------------------------<
ERPImporta.exe: 00001D0C: 14:08:17 [TUniServerModule]:Server First Init.
ERPImporta.exe: 00001D0C: 14:08:17 [TUniServerModule]:Start Path = C:\Projetos_WEB\ERP_Importa\
ERPImporta.exe: 00001D0C: 14:08:17 [TUniServerModule]:Debug Mode = ON
ERPImporta.exe: 00001D0C: 14:08:17 [TUniServerModule]:Starting HTTP Server on Port: 8077...
ERPImporta.exe: 00001D0C: 14:08:17 [TUniServerModule]:HTTP Server Started on Port: 8077
ERPImporta.exe: 00001348: 14:10:13 []:>--------------------------------------------------------------<
ERPImporta.exe: 00001348: 14:10:13 [TUniServerModule]:Server First Init.
ERPImporta.exe: 00001348: 14:10:13 [TUniServerModule]:Start Path = C:\Projetos_WEB\ERP_Importa\
ERPImporta.exe: 00001348: 14:10:13 [TUniServerModule]:Debug Mode = ON
ERPImporta.exe: 00001348: 14:10:13 [TUniServerModule]:Starting HTTP Server on Port: 8077...
ERPImporta.exe: 00001348: 14:10:13 [TUniServerModule]:HTTP Server Started on Port: 8077
ERPImporta.exe: 00003928: 14:11:39 []:>--------------------------------------------------------------<
ERPImporta.exe: 00003928: 14:11:39 [TUniServerModule]:Server First Init.
ERPImporta.exe: 00003928: 14:11:39 [TUniServerModule]:Start Path = C:\Projetos_WEB\ERP_Importa\
ERPImporta.exe: 00003928: 14:11:39 [TUniServerModule]:Debug Mode = ON
ERPImporta.exe: 00003928: 14:11:40 [TUniServerModule]:Starting HTTP Server on Port: 8077...
ERPImporta.exe: 00003928: 14:11:40 [TUniServerModule]:HTTP Server Started on Port: 8077
ERPImporta.exe: 00001A5C: 14:12:46 []:>--------------------------------------------------------------<
ERPImporta.exe: 00001A5C: 14:12:46 [TUniServerModule]:Server First Init.
ERPImporta.exe: 00001A5C: 14:12:46 [TUniServerModule]:Start Path = C:\Projetos_WEB\ERP_Importa\
ERPImporta.exe: 00001A5C: 14:12:46 [TUniServerModule]:Debug Mode = ON
ERPImporta.exe: 00001A5C: 14:12:46 [TUniServerModule]:Starting HTTP Server on Port: 8077...
ERPImporta.exe: 00001A5C: 14:12:47 [TUniServerModule]:HTTP Server Started on Port: 8077
ERPImporta.exe: 000004F8: 14:18:52 []:>--------------------------------------------------------------<
ERPImporta.exe: 000004F8: 14:18:52 [TUniServerModule]:Server First Init.
ERPImporta.exe: 000004F8: 14:18:52 [TUniServerModule]:Start Path = C:\Projetos_WEB\ERP_Importa\
ERPImporta.exe: 000004F8: 14:18:52 [TUniServerModule]:Debug Mode = ON
ERPImporta.exe: 000004F8: 14:18:52 [TUniServerModule]:Starting HTTP Server on Port: 8077...
ERPImporta.exe: 000004F8: 14:18:52 [TUniServerModule]:HTTP Server Started on Port: 8077
ERPImporta.exe: 0000213C: 14:25:00 []:>--------------------------------------------------------------<
ERPImporta.exe: 0000213C: 14:25:00 [TUniServerModule]:Server First Init.
ERPImporta.exe: 0000213C: 14:25:00 [TUniServerModule]:Start Path = C:\Projetos_WEB\ERP_Importa\
ERPImporta.exe: 0000213C: 14:25:00 [TUniServerModule]:Debug Mode = ON
ERPImporta.exe: 0000213C: 14:25:01 [TUniServerModule]:Starting HTTP Server on Port: 8077...
ERPImporta.exe: 0000213C: 14:25:01 [TUniServerModule]:HTTP Server Started on Port: 8077
ERPImporta.exe: 00001148: 14:25:59 []:>--------------------------------------------------------------<
ERPImporta.exe: 00001148: 14:25:59 [TUniServerModule]:Server First Init.
ERPImporta.exe: 00001148: 14:25:59 [TUniServerModule]:Start Path = C:\Projetos_WEB\ERP_Importa\
ERPImporta.exe: 00001148: 14:25:59 [TUniServerModule]:Debug Mode = ON
ERPImporta.exe: 00001148: 14:26:00 [TUniServerModule]:Starting HTTP Server on Port: 8077...
ERPImporta.exe: 00001148: 14:26:00 [TUniServerModule]:HTTP Server Started on Port: 8077
ERPImporta.exe: 00003EE8: 14:27:20 []:>--------------------------------------------------------------<
ERPImporta.exe: 00003EE8: 14:27:20 [TUniServerModule]:Server First Init.
ERPImporta.exe: 00003EE8: 14:27:20 [TUniServerModule]:Start Path = C:\Projetos_WEB\ERP_Importa\
ERPImporta.exe: 00003EE8: 14:27:20 [TUniServerModule]:Debug Mode = ON
ERPImporta.exe: 00003EE8: 14:27:20 [TUniServerModule]:Starting HTTP Server on Port: 8077...
ERPImporta.exe: 00003EE8: 14:27:20 [TUniServerModule]:HTTP Server Started on Port: 8077
ERPImporta.exe: 00002F20: 14:29:09 []:>--------------------------------------------------------------<
ERPImporta.exe: 00002F20: 14:29:09 [TUniServerModule]:Server First Init.
ERPImporta.exe: 00002F20: 14:29:09 [TUniServerModule]:Start Path = C:\Projetos_WEB\ERP_Importa\
ERPImporta.exe: 00002F20: 14:29:09 [TUniServerModule]:Debug Mode = ON
ERPImporta.exe: 00002F20: 14:29:10 [TUniServerModule]:Starting HTTP Server on Port: 8077...
ERPImporta.exe: 00002F20: 14:29:10 [TUniServerModule]:HTTP Server Started on Port: 8077
ERPImporta.exe: 00003DB8: 14:30:10 []:>--------------------------------------------------------------<
ERPImporta.exe: 00003DB8: 14:30:10 [TUniServerModule]:Server First Init.
ERPImporta.exe: 00003DB8: 14:30:10 [TUniServerModule]:Start Path = C:\Projetos_WEB\ERP_Importa\
ERPImporta.exe: 00003DB8: 14:30:10 [TUniServerModule]:Debug Mode = ON
ERPImporta.exe: 00003DB8: 14:30:10 [TUniServerModule]:Starting HTTP Server on Port: 8077...
ERPImporta.exe: 00003DB8: 14:30:10 [TUniServerModule]:HTTP Server Started on Port: 8077
ERPImporta.exe: 00003FE8: 14:31:35 []:>--------------------------------------------------------------<
ERPImporta.exe: 00003FE8: 14:31:35 [TUniServerModule]:Server First Init.
ERPImporta.exe: 00003FE8: 14:31:35 [TUniServerModule]:Start Path = C:\Projetos_WEB\ERP_Importa\
ERPImporta.exe: 00003FE8: 14:31:35 [TUniServerModule]:Debug Mode = ON
ERPImporta.exe: 00003FE8: 14:31:35 [TUniGUISessionManager]:Cache erase job created, Folder count: [1]
ERPImporta.exe: 00003FE8: 14:31:36 [TUniServerModule]:Starting HTTP Server on Port: 8077...
ERPImporta.exe: 00003FE8: 14:31:36 [TUniServerModule]:HTTP Server Started on Port: 8077
ERPImporta.exe: 000009CC: 14:33:04 []:>--------------------------------------------------------------<
ERPImporta.exe: 000009CC: 14:33:04 [TUniServerModule]:Server First Init.
ERPImporta.exe: 000009CC: 14:33:04 [TUniServerModule]:Start Path = C:\Projetos_WEB\ERP_Importa\
ERPImporta.exe: 000009CC: 14:33:04 [TUniServerModule]:Debug Mode = ON
ERPImporta.exe: 000009CC: 14:33:05 [TUniServerModule]:Starting HTTP Server on Port: 8077...
ERPImporta.exe: 000009CC: 14:33:05 [TUniServerModule]:HTTP Server Started on Port: 8077
ERPImporta.exe: 00002E24: 14:36:05 []:>--------------------------------------------------------------<
ERPImporta.exe: 00002E24: 14:36:05 [TUniServerModule]:Server First Init.
ERPImporta.exe: 00002E24: 14:36:05 [TUniServerModule]:Start Path = C:\Projetos_WEB\ERP_Importa\
ERPImporta.exe: 00002E24: 14:36:05 [TUniServerModule]:Debug Mode = ON
ERPImporta.exe: 00002E24: 14:36:06 [TUniServerModule]:Starting HTTP Server on Port: 8077...
ERPImporta.exe: 00002E24: 14:36:06 [TUniServerModule]:HTTP Server Started on Port: 8077
ERPImporta.exe: 00002EC0: 14:36:40 [127.0.0.1]:EUniSessionException : Sessão inváilda ou tempo da sessão expirado. (Session not found: COb1IO2uHf10D384D09 ) : Addr: $007CEC46
ERPImporta.exe: 00003F58: 14:38:50 []:>--------------------------------------------------------------<
ERPImporta.exe: 00003F58: 14:38:50 [TUniServerModule]:Server First Init.
ERPImporta.exe: 00003F58: 14:38:50 [TUniServerModule]:Start Path = C:\Projetos_WEB\ERP_Importa\
ERPImporta.exe: 00003F58: 14:38:50 [TUniServerModule]:Debug Mode = ON
ERPImporta.exe: 00003F58: 14:38:50 [TUniServerModule]:Starting HTTP Server on Port: 8077...
ERPImporta.exe: 00003F58: 14:38:50 [TUniServerModule]:HTTP Server Started on Port: 8077
ERPImporta.exe: 00003F7C: 14:39:33 []:>--------------------------------------------------------------<
ERPImporta.exe: 00003F7C: 14:39:33 [TUniServerModule]:Server First Init.
ERPImporta.exe: 00003F7C: 14:39:33 [TUniServerModule]:Start Path = C:\Projetos_WEB\ERP_Importa\
ERPImporta.exe: 00003F7C: 14:39:33 [TUniServerModule]:Debug Mode = ON
ERPImporta.exe: 00003F7C: 14:39:34 [TUniServerModule]:Starting HTTP Server on Port: 8077...
ERPImporta.exe: 00003F7C: 14:39:34 [TUniServerModule]:HTTP Server Started on Port: 8077
ERPImporta.exe: 00003FC0: 14:41:27 []:>--------------------------------------------------------------<
ERPImporta.exe: 00003FC0: 14:41:27 [TUniServerModule]:Server First Init.
ERPImporta.exe: 00003FC0: 14:41:27 [TUniServerModule]:Start Path = C:\Projetos_WEB\ERP_Importa\
ERPImporta.exe: 00003FC0: 14:41:27 [TUniServerModule]:Debug Mode = ON
ERPImporta.exe: 00003FC0: 14:41:28 [TUniServerModule]:Starting HTTP Server on Port: 8077...
ERPImporta.exe: 00003FC0: 14:41:28 [TUniServerModule]:HTTP Server Started on Port: 8077
ERPImporta.exe: 00000FF8: 14:42:49 []:>--------------------------------------------------------------<
ERPImporta.exe: 00000FF8: 14:42:49 [TUniServerModule]:Server First Init.
ERPImporta.exe: 00000FF8: 14:42:49 [TUniServerModule]:Start Path = C:\Projetos_WEB\ERP_Importa\
ERPImporta.exe: 00000FF8: 14:42:49 [TUniServerModule]:Debug Mode = ON
ERPImporta.exe: 00000FF8: 14:42:49 [TUniServerModule]:Starting HTTP Server on Port: 8077...
ERPImporta.exe: 00000FF8: 14:42:49 [TUniServerModule]:HTTP Server Started on Port: 8077
ERPImporta.exe: 00003804: 14:43:33 []:>--------------------------------------------------------------<
ERPImporta.exe: 00003804: 14:43:33 [TUniServerModule]:Server First Init.
ERPImporta.exe: 00003804: 14:43:33 [TUniServerModule]:Start Path = C:\Projetos_WEB\ERP_Importa\
ERPImporta.exe: 00003804: 14:43:33 [TUniServerModule]:Debug Mode = ON
ERPImporta.exe: 00003804: 14:43:33 [TUniGUISessionManager]:Cache erase job created, Folder count: [1]
ERPImporta.exe: 00003804: 14:43:34 [TUniServerModule]:Starting HTTP Server on Port: 8077...
ERPImporta.exe: 00003804: 14:43:34 [TUniServerModule]:HTTP Server Started on Port: 8077
ERPImporta.exe: 00002AF0: 14:45:22 []:>--------------------------------------------------------------<
ERPImporta.exe: 00002AF0: 14:45:22 [TUniServerModule]:Server First Init.
ERPImporta.exe: 00002AF0: 14:45:22 [TUniServerModule]:Start Path = C:\Projetos_WEB\ERP_Importa\
ERPImporta.exe: 00002AF0: 14:45:22 [TUniServerModule]:Debug Mode = ON
ERPImporta.exe: 00002AF0: 14:45:22 [TUniGUISessionManager]:Cache erase job created, Folder count: [1]
ERPImporta.exe: 00002AF0: 14:45:23 [TUniServerModule]:Starting HTTP Server on Port: 8077...
ERPImporta.exe: 00002AF0: 14:45:23 [TUniServerModule]:HTTP Server Started on Port: 8077
ERPImporta.exe: 000009EC: 14:46:11 []:>--------------------------------------------------------------<
ERPImporta.exe: 000009EC: 14:46:11 [TUniServerModule]:Server First Init.
ERPImporta.exe: 000009EC: 14:46:11 [TUniServerModule]:Start Path = C:\Projetos_WEB\ERP_Importa\
ERPImporta.exe: 000009EC: 14:46:11 [TUniServerModule]:Debug Mode = ON
ERPImporta.exe: 000009EC: 14:46:11 [TUniServerModule]:Starting HTTP Server on Port: 8077...
ERPImporta.exe: 000009EC: 14:46:11 [TUniServerModule]:HTTP Server Started on Port: 8077
ERPImporta.exe: 00002F08: 14:47:09 []:>--------------------------------------------------------------<
ERPImporta.exe: 00002F08: 14:47:09 [TUniServerModule]:Server First Init.
ERPImporta.exe: 00002F08: 14:47:09 [TUniServerModule]:Start Path = C:\Projetos_WEB\ERP_Importa\
ERPImporta.exe: 00002F08: 14:47:09 [TUniServerModule]:Debug Mode = ON
ERPImporta.exe: 00002F08: 14:47:09 [TUniServerModule]:Starting HTTP Server on Port: 8077...
ERPImporta.exe: 00002F08: 14:47:09 [TUniServerModule]:HTTP Server Started on Port: 8077
ERPImporta.exe: 00002200: 14:49:47 []:>--------------------------------------------------------------<
ERPImporta.exe: 00002200: 14:49:47 [TUniServerModule]:Server First Init.
ERPImporta.exe: 00002200: 14:49:47 [TUniServerModule]:Start Path = C:\Projetos_WEB\ERP_Importa\
ERPImporta.exe: 00002200: 14:49:47 [TUniServerModule]:Debug Mode = ON
ERPImporta.exe: 00002200: 14:49:47 [TUniServerModule]:Starting HTTP Server on Port: 8077...
ERPImporta.exe: 00002200: 14:49:47 [TUniServerModule]:HTTP Server Started on Port: 8077
ERPImporta.exe: 00000FA4: 17:07:35 []:>--------------------------------------------------------------<
ERPImporta.exe: 00000FA4: 17:07:35 [TUniServerModule]:Server First Init.
ERPImporta.exe: 00000FA4: 17:07:35 [TUniServerModule]:Start Path = C:\Projetos_WEB\ERP_Importa\
ERPImporta.exe: 00000FA4: 17:07:35 [TUniServerModule]:Debug Mode = ON
ERPImporta.exe: 00000FA4: 17:07:35 [TUniGUISessionManager]:Cache erase job created, Folder count: [1]
ERPImporta.exe: 00000FA4: 17:07:36 [TUniServerModule]:Starting HTTP Server on Port: 8077...
ERPImporta.exe: 00000FA4: 17:07:36 [TUniServerModule]:HTTP Server Started on Port: 8077
ERPImporta.exe: 000039FC: 17:10:19 []:>--------------------------------------------------------------<
ERPImporta.exe: 000039FC: 17:10:19 [TUniServerModule]:Server First Init.
ERPImporta.exe: 000039FC: 17:10:19 [TUniServerModule]:Start Path = C:\Projetos_WEB\ERP_Importa\
ERPImporta.exe: 000039FC: 17:10:19 [TUniServerModule]:Debug Mode = ON
ERPImporta.exe: 000039FC: 17:10:20 [TUniServerModule]:Starting HTTP Server on Port: 8077...
ERPImporta.exe: 000039FC: 17:10:20 [TUniServerModule]:HTTP Server Started on Port: 8077
ERPImporta.exe: 00002014: 17:11:00 []:>--------------------------------------------------------------<
ERPImporta.exe: 00002014: 17:11:00 [TUniServerModule]:Server First Init.
ERPImporta.exe: 00002014: 17:11:00 [TUniServerModule]:Start Path = C:\Projetos_WEB\ERP_Importa\
ERPImporta.exe: 00002014: 17:11:00 [TUniServerModule]:Debug Mode = ON
ERPImporta.exe: 00002014: 17:11:01 [TUniServerModule]:Starting HTTP Server on Port: 8077...
ERPImporta.exe: 00002014: 17:11:01 [TUniServerModule]:HTTP Server Started on Port: 8077
ERPImporta.exe: 00003778: 17:14:24 []:>--------------------------------------------------------------<
ERPImporta.exe: 00003778: 17:14:24 [TUniServerModule]:Server First Init.
ERPImporta.exe: 00003778: 17:14:24 [TUniServerModule]:Start Path = C:\Projetos_WEB\ERP_Importa\
ERPImporta.exe: 00003778: 17:14:24 [TUniServerModule]:Debug Mode = ON
ERPImporta.exe: 00003778: 17:14:24 [TUniServerModule]:Starting HTTP Server on Port: 8077...
ERPImporta.exe: 00003778: 17:14:24 [TUniServerModule]:HTTP Server Started on Port: 8077
ERPImporta.exe: 00003E90: 17:15:30 []:>--------------------------------------------------------------<
ERPImporta.exe: 00003E90: 17:15:30 [TUniServerModule]:Server First Init.
ERPImporta.exe: 00003E90: 17:15:30 [TUniServerModule]:Start Path = C:\Projetos_WEB\ERP_Importa\
ERPImporta.exe: 00003E90: 17:15:30 [TUniServerModule]:Debug Mode = ON
ERPImporta.exe: 00003E90: 17:15:30 [TUniGUISessionManager]:Cache erase job created, Folder count: [1]
ERPImporta.exe: 00003E90: 17:15:31 [TUniServerModule]:Starting HTTP Server on Port: 8077...
ERPImporta.exe: 00003E90: 17:15:31 [TUniServerModule]:HTTP Server Started on Port: 8077
ERPImporta.exe: 00003748: 17:16:31 []:>--------------------------------------------------------------<
ERPImporta.exe: 00003748: 17:16:31 [TUniServerModule]:Server First Init.
ERPImporta.exe: 00003748: 17:16:31 [TUniServerModule]:Start Path = C:\Projetos_WEB\ERP_Importa\
ERPImporta.exe: 00003748: 17:16:31 [TUniServerModule]:Debug Mode = ON
ERPImporta.exe: 00003748: 17:16:32 [TUniServerModule]:Starting HTTP Server on Port: 8077...
ERPImporta.exe: 00003748: 17:16:32 [TUniServerModule]:HTTP Server Started on Port: 8077
ERPImporta.exe: 000023B8: 17:17:16 []:>--------------------------------------------------------------<
ERPImporta.exe: 000023B8: 17:17:16 [TUniServerModule]:Server First Init.
ERPImporta.exe: 000023B8: 17:17:16 [TUniServerModule]:Start Path = C:\Projetos_WEB\ERP_Importa\
ERPImporta.exe: 000023B8: 17:17:16 [TUniServerModule]:Debug Mode = ON
ERPImporta.exe: 000023B8: 17:17:16 [TUniGUISessionManager]:Cache erase job created, Folder count: [1]
ERPImporta.exe: 000023B8: 17:17:16 [TUniServerModule]:Starting HTTP Server on Port: 8077...
ERPImporta.exe: 000023B8: 17:17:16 [TUniServerModule]:HTTP Server Started on Port: 8077
ERPImporta.exe: 00000A14: 17:17:21 [127.0.0.1]:EUniSessionException : Sessão inváilda ou tempo da sessão expirado. (Session not found: ezMcrVWpNe10D38788E ) : Addr: $007CEC46
ERPImporta.exe: 00003C40: 17:17:21 [127.0.0.1]:EUniSessionException : Sessão inváilda ou tempo da sessão expirado. (Session not found: ezMcrVWpNe10D38788E ) : Addr: $007CEC46
ERPImporta.exe: 000024D4: 17:17:21 [127.0.0.1]:EUniSessionException : Sessão inváilda ou tempo da sessão expirado. (Session not found: ezMcrVWpNe10D38788E ) : Addr: $007CEC46
ERPImporta.exe: 00003D14: 17:17:21 [127.0.0.1]:EUniSessionException : Sessão inváilda ou tempo da sessão expirado. (Session not found: ezMcrVWpNe10D38788E ) : Addr: $007CEC46
ERPImporta.exe: 000025D8: 17:18:50 []:>--------------------------------------------------------------<
ERPImporta.exe: 000025D8: 17:18:50 [TUniServerModule]:Server First Init.
ERPImporta.exe: 000025D8: 17:18:50 [TUniServerModule]:Start Path = C:\Projetos_WEB\ERP_Importa\
ERPImporta.exe: 000025D8: 17:18:50 [TUniServerModule]:Debug Mode = ON
ERPImporta.exe: 000025D8: 17:18:51 [TUniServerModule]:Starting HTTP Server on Port: 8077...
ERPImporta.exe: 000025D8: 17:18:51 [TUniServerModule]:HTTP Server Started on Port: 8077
ERPImporta.exe: 000039DC: 17:21:11 []:>--------------------------------------------------------------<
ERPImporta.exe: 000039DC: 17:21:11 [TUniServerModule]:Server First Init.
ERPImporta.exe: 000039DC: 17:21:11 [TUniServerModule]:Start Path = C:\Projetos_WEB\ERP_Importa\
ERPImporta.exe: 000039DC: 17:21:11 [TUniServerModule]:Debug Mode = ON
ERPImporta.exe: 000039DC: 17:21:11 [TUniServerModule]:Starting HTTP Server on Port: 8077...
ERPImporta.exe: 000039DC: 17:21:11 [TUniServerModule]:HTTP Server Started on Port: 8077
ERPImporta.exe: 00003CBC: 17:22:13 []:>--------------------------------------------------------------<
ERPImporta.exe: 00003CBC: 17:22:13 [TUniServerModule]:Server First Init.
ERPImporta.exe: 00003CBC: 17:22:13 [TUniServerModule]:Start Path = C:\Projetos_WEB\ERP_Importa\
ERPImporta.exe: 00003CBC: 17:22:13 [TUniServerModule]:Debug Mode = ON
ERPImporta.exe: 00003CBC: 17:22:13 [TUniGUISessionManager]:Cache erase job created, Folder count: [1]
ERPImporta.exe: 00003CBC: 17:22:13 [TUniServerModule]:Starting HTTP Server on Port: 8077...
ERPImporta.exe: 00003CBC: 17:22:14 [TUniServerModule]:HTTP Server Started on Port: 8077
ERPImporta.exe: 000027AC: 17:22:46 []:>--------------------------------------------------------------<
ERPImporta.exe: 000027AC: 17:22:46 [TUniServerModule]:Server First Init.
ERPImporta.exe: 000027AC: 17:22:46 [TUniServerModule]:Start Path = C:\Projetos_WEB\ERP_Importa\
ERPImporta.exe: 000027AC: 17:22:46 [TUniServerModule]:Debug Mode = ON
ERPImporta.exe: 000027AC: 17:22:46 [TUniGUISessionManager]:Cache erase job created, Folder count: [1]
ERPImporta.exe: 000027AC: 17:22:46 [TUniServerModule]:Starting HTTP Server on Port: 8077...
ERPImporta.exe: 000027AC: 17:22:46 [TUniServerModule]:HTTP Server Started on Port: 8077
ERPImporta.exe: 00002C38: 17:23:46 []:>--------------------------------------------------------------<
ERPImporta.exe: 00002C38: 17:23:46 [TUniServerModule]:Server First Init.
ERPImporta.exe: 00002C38: 17:23:46 [TUniServerModule]:Start Path = C:\Projetos_WEB\ERP_Importa\
ERPImporta.exe: 00002C38: 17:23:46 [TUniServerModule]:Debug Mode = ON
ERPImporta.exe: 00002C38: 17:23:46 [TUniServerModule]:Starting HTTP Server on Port: 8077...
ERPImporta.exe: 00002C38: 17:23:46 [TUniServerModule]:HTTP Server Started on Port: 8077
ERPImporta.exe: 00000C38: 17:24:49 []:>--------------------------------------------------------------<
ERPImporta.exe: 00000C38: 17:24:49 [TUniServerModule]:Server First Init.
ERPImporta.exe: 00000C38: 17:24:49 [TUniServerModule]:Start Path = C:\Projetos_WEB\ERP_Importa\
ERPImporta.exe: 00000C38: 17:24:49 [TUniServerModule]:Debug Mode = ON
ERPImporta.exe: 00000C38: 17:24:49 [TUniServerModule]:Starting HTTP Server on Port: 8077...
ERPImporta.exe: 00000C38: 17:24:49 [TUniServerModule]:HTTP Server Started on Port: 8077
ERPImporta.exe: 00000398: 17:25:16 []:>--------------------------------------------------------------<
ERPImporta.exe: 00000398: 17:25:16 [TUniServerModule]:Server First Init.
ERPImporta.exe: 00000398: 17:25:16 [TUniServerModule]:Start Path = C:\Projetos_WEB\ERP_Importa\
ERPImporta.exe: 00000398: 17:25:16 [TUniServerModule]:Debug Mode = ON
ERPImporta.exe: 00000398: 17:25:16 [TUniServerModule]:Starting HTTP Server on Port: 8077...
ERPImporta.exe: 00000398: 17:25:16 [TUniServerModule]:HTTP Server Started on Port: 8077
ERPImporta.exe: 00003AD0: 17:59:47 []:>--------------------------------------------------------------<
ERPImporta.exe: 00003AD0: 17:59:47 [TUniServerModule]:Server First Init.
ERPImporta.exe: 00003AD0: 17:59:47 [TUniServerModule]:Start Path = C:\Projetos_WEB\ERP_Importa\
ERPImporta.exe: 00003AD0: 17:59:47 [TUniServerModule]:Debug Mode = ON
ERPImporta.exe: 00003AD0: 17:59:47 [TUniServerModule]:Starting HTTP Server on Port: 8077...
ERPImporta.exe: 00003AD0: 17:59:47 [TUniServerModule]:HTTP Server Started on Port: 8077
ERPImporta.exe: 000008C8: 18:02:53 []:>--------------------------------------------------------------<
ERPImporta.exe: 000008C8: 18:02:53 [TUniServerModule]:Server First Init.
ERPImporta.exe: 000008C8: 18:02:53 [TUniServerModule]:Start Path = C:\Projetos_WEB\ERP_Importa\
ERPImporta.exe: 000008C8: 18:02:53 [TUniServerModule]:Debug Mode = ON
ERPImporta.exe: 000008C8: 18:02:53 [TUniGUISessionManager]:Cache erase job created, Folder count: [1]
ERPImporta.exe: 000008C8: 18:02:54 [TUniServerModule]:Starting HTTP Server on Port: 8077...
ERPImporta.exe: 000008C8: 18:02:54 [TUniServerModule]:HTTP Server Started on Port: 8077
ERPImporta.exe: 00003D34: 18:18:05 []:>--------------------------------------------------------------<
ERPImporta.exe: 00003D34: 18:18:05 [TUniServerModule]:Server First Init.
ERPImporta.exe: 00003D34: 18:18:05 [TUniServerModule]:Start Path = C:\Projetos_WEB\ERP_Importa\
ERPImporta.exe: 00003D34: 18:18:05 [TUniServerModule]:Debug Mode = ON
ERPImporta.exe: 00003D34: 18:18:06 [TUniServerModule]:Starting HTTP Server on Port: 8077...
ERPImporta.exe: 00003D34: 18:18:06 [TUniServerModule]:HTTP Server Started on Port: 8077
ERPImporta.exe: 000032A4: 18:19:27 [HandleFileRequest[127.0.0.1]]:File not found: C:\Projetos_WEB\ERP_Importa\files\images\fundo8.jpg
ERPImporta.exe: 000027A4: 18:24:24 []:>--------------------------------------------------------------<
ERPImporta.exe: 000027A4: 18:24:24 [TUniServerModule]:Server First Init.
ERPImporta.exe: 000027A4: 18:24:24 [TUniServerModule]:Start Path = C:\Projetos_WEB\ERP_Importa\
ERPImporta.exe: 000027A4: 18:24:24 [TUniServerModule]:Debug Mode = ON
ERPImporta.exe: 000027A4: 18:24:24 [TUniServerModule]:Starting HTTP Server on Port: 8077...
ERPImporta.exe: 000027A4: 18:24:25 [TUniServerModule]:HTTP Server Started on Port: 8077
ERPImporta.exe: 000031C8: 18:26:17 []:>--------------------------------------------------------------<
ERPImporta.exe: 000031C8: 18:26:17 [TUniServerModule]:Server First Init.
ERPImporta.exe: 000031C8: 18:26:17 [TUniServerModule]:Start Path = C:\Projetos_WEB\ERP_Importa\
ERPImporta.exe: 000031C8: 18:26:17 [TUniServerModule]:Debug Mode = ON
ERPImporta.exe: 000031C8: 18:26:17 [TUniGUISessionManager]:Cache erase job created, Folder count: [1]
ERPImporta.exe: 000031C8: 18:26:18 [TUniServerModule]:Starting HTTP Server on Port: 8077...
ERPImporta.exe: 000031C8: 18:26:18 [TUniServerModule]:HTTP Server Started on Port: 8077
ERPImporta.exe: 00001E14: 18:26:21 [127.0.0.1]:EUniSessionException : Sessão inváilda ou tempo da sessão expirado. (Session not found: TETnqno1PY10D388AF8 ) : Addr: $007CEC46
ERPImporta.exe: 0000199C: 18:26:21 [127.0.0.1]:EUniSessionException : Sessão inváilda ou tempo da sessão expirado. (Session not found: TETnqno1PY10D388AF8 ) : Addr: $007CEC46
ERPImporta.exe: 00003BA0: 19:09:04 []:>--------------------------------------------------------------<
ERPImporta.exe: 00003BA0: 19:09:04 [TUniServerModule]:Server First Init.
ERPImporta.exe: 00003BA0: 19:09:04 [TUniServerModule]:Start Path = C:\Projetos_WEB\ERP_Importa\
ERPImporta.exe: 00003BA0: 19:09:04 [TUniServerModule]:Debug Mode = ON
ERPImporta.exe: 00003BA0: 19:09:04 [TUniServerModule]:Starting HTTP Server on Port: 8077...
ERPImporta.exe: 00003BA0: 19:09:04 [TUniServerModule]:HTTP Server Started on Port: 8077
ERPImporta.exe: 00000904: 19:09:17 [clIntermediador: Field 'Intermediador' not found-127.0.0.1]:EDatabaseError : clIntermediador: Field 'Intermediador' not found : Addr: $0065768A
ERPImporta.exe: 00002594: 19:10:10 []:>--------------------------------------------------------------<
ERPImporta.exe: 00002594: 19:10:10 [TUniServerModule]:Server First Init.
ERPImporta.exe: 00002594: 19:10:10 [TUniServerModule]:Start Path = C:\Projetos_WEB\ERP_Importa\
ERPImporta.exe: 00002594: 19:10:10 [TUniServerModule]:Debug Mode = ON
ERPImporta.exe: 00002594: 19:10:11 [TUniServerModule]:Starting HTTP Server on Port: 8077...
ERPImporta.exe: 00002594: 19:10:11 [TUniServerModule]:HTTP Server Started on Port: 8077
ERPImporta.exe: 000039AC: 19:10:29 [clIntermediador: Field 'Intermediador' not found-127.0.0.1]:EDatabaseError : clIntermediador: Field 'Intermediador' not found : Addr: $0065768A
ERPImporta.exe: 00003758: 19:32:30 []:>--------------------------------------------------------------<
ERPImporta.exe: 00003758: 19:32:30 [TUniServerModule]:Server First Init.
ERPImporta.exe: 00003758: 19:32:30 [TUniServerModule]:Start Path = C:\Projetos_WEB\ERP_Importa\
ERPImporta.exe: 00003758: 19:32:30 [TUniServerModule]:Debug Mode = ON
ERPImporta.exe: 00003758: 19:32:30 [TUniGUISessionManager]:Cache erase job created, Folder count: [1]
ERPImporta.exe: 00003758: 19:32:30 [TUniServerModule]:Starting HTTP Server on Port: 8077...
ERPImporta.exe: 00003758: 19:32:31 [TUniServerModule]:HTTP Server Started on Port: 8077
ERPImporta.exe: 000038A4: 19:32:53 [clIntermediador: Field 'Intermediador' not found-127.0.0.1]:EDatabaseError : clIntermediador: Field 'Intermediador' not found : Addr: $0065768A
ERPImporta.exe: 000030A4: 19:34:38 []:>--------------------------------------------------------------<
ERPImporta.exe: 000030A4: 19:34:38 [TUniServerModule]:Server First Init.
ERPImporta.exe: 000030A4: 19:34:38 [TUniServerModule]:Start Path = C:\Projetos_WEB\ERP_Importa\
ERPImporta.exe: 000030A4: 19:34:38 [TUniServerModule]:Debug Mode = ON
ERPImporta.exe: 000030A4: 19:34:39 [TUniServerModule]:Starting HTTP Server on Port: 8077...
ERPImporta.exe: 000030A4: 19:34:39 [TUniServerModule]:HTTP Server Started on Port: 8077
ERPImporta.exe: 00002430: 19:35:00 [clIntermediador: Field 'Intermediador' not found-127.0.0.1]:EDatabaseError : clIntermediador: Field 'Intermediador' not found : Addr: $0065768A
ERPImporta.exe: 00003DB0: 19:36:30 []:>--------------------------------------------------------------<
ERPImporta.exe: 00003DB0: 19:36:30 [TUniServerModule]:Server First Init.
ERPImporta.exe: 00003DB0: 19:36:30 [TUniServerModule]:Start Path = C:\Projetos_WEB\ERP_Importa\
ERPImporta.exe: 00003DB0: 19:36:30 [TUniServerModule]:Debug Mode = ON
ERPImporta.exe: 00003DB0: 19:36:30 [TUniServerModule]:Starting HTTP Server on Port: 8077...
ERPImporta.exe: 00003DB0: 19:36:30 [TUniServerModule]:HTTP Server Started on Port: 8077
ERPImporta.exe: 00004310: 19:36:48 [clIntermediador: Field 'Intermediador' not found-127.0.0.1]:EDatabaseError : clIntermediador: Field 'Intermediador' not found : Addr: $0065768A
ERPImporta.exe: 00003A30: 19:37:14 [127.0.0.1]:EUniSessionException : Sessão inváilda ou tempo da sessão expirado. (Session not found: oHyl8xVyyP10D389E87 ) : Addr: $007CEC46
ERPImporta.exe: 00000DC8: 19:37:14 [127.0.0.1]:EUniSessionException : Sessão inváilda ou tempo da sessão expirado. (Session not found: oHyl8xVyyP10D389E87 ) : Addr: $007CEC46
ERPImporta.exe: 00001FD4: 19:37:44 []:>--------------------------------------------------------------<
ERPImporta.exe: 00001FD4: 19:37:44 [TUniServerModule]:Server First Init.
ERPImporta.exe: 00001FD4: 19:37:44 [TUniServerModule]:Start Path = C:\Projetos_WEB\ERP_Importa\
ERPImporta.exe: 00001FD4: 19:37:44 [TUniServerModule]:Debug Mode = ON
ERPImporta.exe: 00001FD4: 19:37:44 [TUniServerModule]:Starting HTTP Server on Port: 8077...
ERPImporta.exe: 00001FD4: 19:37:45 [TUniServerModule]:HTTP Server Started on Port: 8077
ERPImporta.exe: 00004124: 19:37:56 [clIntermediador: Field 'Intermediador' not found-127.0.0.1]:EDatabaseError : clIntermediador: Field 'Intermediador' not found : Addr: $0065768A
ERPImporta.exe: 00001084: 19:39:02 []:>--------------------------------------------------------------<
ERPImporta.exe: 00001084: 19:39:02 [TUniServerModule]:Server First Init.
ERPImporta.exe: 00001084: 19:39:02 [TUniServerModule]:Start Path = C:\Projetos_WEB\ERP_Importa\
ERPImporta.exe: 00001084: 19:39:02 [TUniServerModule]:Debug Mode = ON
ERPImporta.exe: 00001084: 19:39:02 [TUniServerModule]:Starting HTTP Server on Port: 8077...
ERPImporta.exe: 00001084: 19:39:02 [TUniServerModule]:HTTP Server Started on Port: 8077
ERPImporta.exe: 000038C0: 19:39:12 [clIntermediador: Field 'Intermediador' not found-127.0.0.1]:EDatabaseError : clIntermediador: Field 'Intermediador' not found : Addr: $0065768A
