ERPImporta.exe: 00001CAC: 08:38:07 []:>--------------------------------------------------------------<
ERPImporta.exe: 00001CAC: 08:38:07 [TUniServerModule]:Server First Init.
ERPImporta.exe: 00001CAC: 08:38:07 [TUniServerModule]:Start Path = C:\Projetos_WEB\ERP_Importa\
ERPImporta.exe: 00001CAC: 08:38:07 [TUniServerModule]:Debug Mode = ON
ERPImporta.exe: 00001CAC: 08:38:08 [TUniServerModule]:Starting HTTP Server on Port: 8077...
ERPImporta.exe: 00001CAC: 08:38:08 [TUniServerModule]:HTTP Server Started on Port: 8077
ERPImporta.exe: 00003654: 08:43:52 []:>--------------------------------------------------------------<
ERPImporta.exe: 00003654: 08:43:52 [TUniServerModule]:Server First Init.
ERPImporta.exe: 00003654: 08:43:52 [TUniServerModule]:Start Path = C:\Projetos_WEB\ERP_Importa\
ERPImporta.exe: 00003654: 08:43:52 [TUniServerModule]:Debug Mode = ON
ERPImporta.exe: 00003654: 08:43:52 [TUniGUISessionManager]:Cache erase job created, Folder count: [1]
ERPImporta.exe: 00003654: 08:43:53 [TUniServerModule]:Starting HTTP Server on Port: 8077...
ERPImporta.exe: 00003654: 08:43:53 [TUniServerModule]:HTTP Server Started on Port: 8077
ERPImporta.exe: 00002D44: 08:44:43 []:>--------------------------------------------------------------<
ERPImporta.exe: 00002D44: 08:44:43 [TUniServerModule]:Server First Init.
ERPImporta.exe: 00002D44: 08:44:43 [TUniServerModule]:Start Path = C:\Projetos_WEB\ERP_Importa\
ERPImporta.exe: 00002D44: 08:44:43 [TUniServerModule]:Debug Mode = ON
ERPImporta.exe: 00002D44: 08:44:44 [TUniServerModule]:Starting HTTP Server on Port: 8077...
ERPImporta.exe: 00002D44: 08:44:44 [TUniServerModule]:HTTP Server Started on Port: 8077
ERPImporta.exe: 00004640: 08:45:18 []:>--------------------------------------------------------------<
ERPImporta.exe: 00004640: 08:45:18 [TUniServerModule]:Server First Init.
ERPImporta.exe: 00004640: 08:45:18 [TUniServerModule]:Start Path = C:\Projetos_WEB\ERP_Importa\
ERPImporta.exe: 00004640: 08:45:18 [TUniServerModule]:Debug Mode = ON
ERPImporta.exe: 00004640: 08:45:18 [TUniServerModule]:Starting HTTP Server on Port: 8077...
ERPImporta.exe: 00004640: 08:45:18 [TUniServerModule]:HTTP Server Started on Port: 8077
ERPImporta.exe: 00001F7C: 08:54:45 []:>--------------------------------------------------------------<
ERPImporta.exe: 00001F7C: 08:54:45 [TUniServerModule]:Server First Init.
ERPImporta.exe: 00001F7C: 08:54:45 [TUniServerModule]:Start Path = C:\Projetos_WEB\ERP_Importa\
ERPImporta.exe: 00001F7C: 08:54:45 [TUniServerModule]:Debug Mode = ON
ERPImporta.exe: 00001F7C: 08:54:45 [TUniServerModule]:Starting HTTP Server on Port: 8077...
ERPImporta.exe: 00001F7C: 08:54:45 [TUniServerModule]:HTTP Server Started on Port: 8077
ERPImporta.exe: 00002E24: 08:55:37 []:>--------------------------------------------------------------<
ERPImporta.exe: 00002E24: 08:55:37 [TUniServerModule]:Server First Init.
ERPImporta.exe: 00002E24: 08:55:37 [TUniServerModule]:Start Path = C:\Projetos_WEB\ERP_Importa\
ERPImporta.exe: 00002E24: 08:55:37 [TUniServerModule]:Debug Mode = ON
ERPImporta.exe: 00002E24: 08:55:38 [TUniServerModule]:Starting HTTP Server on Port: 8077...
ERPImporta.exe: 00002E24: 08:55:38 [TUniServerModule]:HTTP Server Started on Port: 8077
ERPImporta.exe: 00002DD8: 08:56:47 []:>--------------------------------------------------------------<
ERPImporta.exe: 00002DD8: 08:56:47 [TUniServerModule]:Server First Init.
ERPImporta.exe: 00002DD8: 08:56:47 [TUniServerModule]:Start Path = C:\Projetos_WEB\ERP_Importa\
ERPImporta.exe: 00002DD8: 08:56:47 [TUniServerModule]:Debug Mode = ON
ERPImporta.exe: 00002DD8: 08:56:47 [TUniGUISessionManager]:Cache erase job created, Folder count: [1]
ERPImporta.exe: 00002DD8: 08:56:47 [TUniServerModule]:Starting HTTP Server on Port: 8077...
ERPImporta.exe: 00002DD8: 08:56:47 [TUniServerModule]:HTTP Server Started on Port: 8077
ERPImporta.exe: 00002FB0: 09:00:36 []:>--------------------------------------------------------------<
ERPImporta.exe: 00002FB0: 09:00:36 [TUniServerModule]:Server First Init.
ERPImporta.exe: 00002FB0: 09:00:36 [TUniServerModule]:Start Path = C:\Projetos_WEB\ERP_Importa\
ERPImporta.exe: 00002FB0: 09:00:36 [TUniServerModule]:Debug Mode = ON
ERPImporta.exe: 00002FB0: 09:00:36 [TUniGUISessionManager]:Cache erase job created, Folder count: [1]
ERPImporta.exe: 00002FB0: 09:00:36 [TUniServerModule]:Starting HTTP Server on Port: 8077...
ERPImporta.exe: 00002FB0: 09:00:36 [TUniServerModule]:HTTP Server Started on Port: 8077
ERPImporta.exe: 00002B7C: 09:01:25 []:>--------------------------------------------------------------<
ERPImporta.exe: 00002B7C: 09:01:25 [TUniServerModule]:Server First Init.
ERPImporta.exe: 00002B7C: 09:01:25 [TUniServerModule]:Start Path = C:\Projetos_WEB\ERP_Importa\
ERPImporta.exe: 00002B7C: 09:01:25 [TUniServerModule]:Debug Mode = ON
ERPImporta.exe: 00002B7C: 09:01:25 [TUniServerModule]:Starting HTTP Server on Port: 8077...
ERPImporta.exe: 00002B7C: 09:01:25 [TUniServerModule]:HTTP Server Started on Port: 8077
ERPImporta.exe: 00001FC0: 09:03:01 []:>--------------------------------------------------------------<
ERPImporta.exe: 00001FC0: 09:03:01 [TUniServerModule]:Server First Init.
ERPImporta.exe: 00001FC0: 09:03:01 [TUniServerModule]:Start Path = C:\Projetos_WEB\ERP_Importa\
ERPImporta.exe: 00001FC0: 09:03:01 [TUniServerModule]:Debug Mode = ON
ERPImporta.exe: 00001FC0: 09:03:01 [TUniGUISessionManager]:Cache erase job created, Folder count: [1]
ERPImporta.exe: 00001FC0: 09:03:01 [TUniServerModule]:Starting HTTP Server on Port: 8077...
ERPImporta.exe: 00001FC0: 09:03:02 [TUniServerModule]:HTTP Server Started on Port: 8077
ERPImporta.exe: 00003C40: 09:05:00 []:>--------------------------------------------------------------<
ERPImporta.exe: 00003C40: 09:05:00 [TUniServerModule]:Server First Init.
ERPImporta.exe: 00003C40: 09:05:00 [TUniServerModule]:Start Path = C:\Projetos_WEB\ERP_Importa\
ERPImporta.exe: 00003C40: 09:05:00 [TUniServerModule]:Debug Mode = ON
ERPImporta.exe: 00003C40: 09:05:01 [TUniServerModule]:Starting HTTP Server on Port: 8077...
ERPImporta.exe: 00003C40: 09:05:01 [TUniServerModule]:HTTP Server Started on Port: 8077
ERPImporta.exe: 00003758: 09:05:44 []:>--------------------------------------------------------------<
ERPImporta.exe: 00003758: 09:05:44 [TUniServerModule]:Server First Init.
ERPImporta.exe: 00003758: 09:05:44 [TUniServerModule]:Start Path = C:\Projetos_WEB\ERP_Importa\
ERPImporta.exe: 00003758: 09:05:44 [TUniServerModule]:Debug Mode = ON
ERPImporta.exe: 00003758: 09:05:44 [TUniServerModule]:Starting HTTP Server on Port: 8077...
ERPImporta.exe: 00003758: 09:05:44 [TUniServerModule]:HTTP Server Started on Port: 8077
ERPImporta.exe: 00004780: 09:08:12 []:>--------------------------------------------------------------<
ERPImporta.exe: 00004780: 09:08:12 [TUniServerModule]:Server First Init.
ERPImporta.exe: 00004780: 09:08:12 [TUniServerModule]:Start Path = C:\Projetos_WEB\ERP_Importa\
ERPImporta.exe: 00004780: 09:08:12 [TUniServerModule]:Debug Mode = ON
ERPImporta.exe: 00004780: 09:08:12 [TUniServerModule]:Starting HTTP Server on Port: 8077...
ERPImporta.exe: 00004780: 09:08:12 [TUniServerModule]:HTTP Server Started on Port: 8077
ERPImporta.exe: 00000914: 09:09:04 []:>--------------------------------------------------------------<
ERPImporta.exe: 00000914: 09:09:04 [TUniServerModule]:Server First Init.
ERPImporta.exe: 00000914: 09:09:04 [TUniServerModule]:Start Path = C:\Projetos_WEB\ERP_Importa\
ERPImporta.exe: 00000914: 09:09:04 [TUniServerModule]:Debug Mode = ON
ERPImporta.exe: 00000914: 09:09:04 [TUniServerModule]:Starting HTTP Server on Port: 8077...
ERPImporta.exe: 00000914: 09:09:04 [TUniServerModule]:HTTP Server Started on Port: 8077
ERPImporta.exe: 00003E50: 09:09:37 []:>--------------------------------------------------------------<
ERPImporta.exe: 00003E50: 09:09:37 [TUniServerModule]:Server First Init.
ERPImporta.exe: 00003E50: 09:09:37 [TUniServerModule]:Start Path = C:\Projetos_WEB\ERP_Importa\
ERPImporta.exe: 00003E50: 09:09:37 [TUniServerModule]:Debug Mode = ON
ERPImporta.exe: 00003E50: 09:09:37 [TUniServerModule]:Starting HTTP Server on Port: 8077...
ERPImporta.exe: 00003E50: 09:09:37 [TUniServerModule]:HTTP Server Started on Port: 8077
ERPImporta.exe: 00003498: 09:11:01 []:>--------------------------------------------------------------<
ERPImporta.exe: 00003498: 09:11:01 [TUniServerModule]:Server First Init.
ERPImporta.exe: 00003498: 09:11:01 [TUniServerModule]:Start Path = C:\Projetos_WEB\ERP_Importa\
ERPImporta.exe: 00003498: 09:11:01 [TUniServerModule]:Debug Mode = ON
ERPImporta.exe: 00003498: 09:11:02 [TUniServerModule]:Starting HTTP Server on Port: 8077...
ERPImporta.exe: 00003498: 09:11:02 [TUniServerModule]:HTTP Server Started on Port: 8077
ERPImporta.exe: 00002C6C: 09:13:27 []:>--------------------------------------------------------------<
ERPImporta.exe: 00002C6C: 09:13:27 [TUniServerModule]:Server First Init.
ERPImporta.exe: 00002C6C: 09:13:27 [TUniServerModule]:Start Path = C:\Projetos_WEB\ERP_Importa\
ERPImporta.exe: 00002C6C: 09:13:27 [TUniServerModule]:Debug Mode = ON
ERPImporta.exe: 00002C6C: 09:13:27 [TUniServerModule]:Starting HTTP Server on Port: 8077...
ERPImporta.exe: 00002C6C: 09:13:27 [TUniServerModule]:HTTP Server Started on Port: 8077
ERPImporta.exe: 00004348: 09:14:18 []:>--------------------------------------------------------------<
ERPImporta.exe: 00004348: 09:14:18 [TUniServerModule]:Server First Init.
ERPImporta.exe: 00004348: 09:14:18 [TUniServerModule]:Start Path = C:\Projetos_WEB\ERP_Importa\
ERPImporta.exe: 00004348: 09:14:18 [TUniServerModule]:Debug Mode = ON
ERPImporta.exe: 00004348: 09:14:18 [TUniGUISessionManager]:Cache erase job created, Folder count: [1]
ERPImporta.exe: 00004348: 09:14:18 [TUniServerModule]:Starting HTTP Server on Port: 8077...
ERPImporta.exe: 00004348: 09:14:18 [TUniServerModule]:HTTP Server Started on Port: 8077
ERPImporta.exe: 00003BC0: 09:15:19 []:>--------------------------------------------------------------<
ERPImporta.exe: 00003BC0: 09:15:19 [TUniServerModule]:Server First Init.
ERPImporta.exe: 00003BC0: 09:15:19 [TUniServerModule]:Start Path = C:\Projetos_WEB\ERP_Importa\
ERPImporta.exe: 00003BC0: 09:15:19 [TUniServerModule]:Debug Mode = ON
ERPImporta.exe: 00003BC0: 09:15:19 [TUniServerModule]:Starting HTTP Server on Port: 8077...
ERPImporta.exe: 00003BC0: 09:15:19 [TUniServerModule]:HTTP Server Started on Port: 8077
ERPImporta.exe: 000033B8: 09:16:35 []:>--------------------------------------------------------------<
ERPImporta.exe: 000033B8: 09:16:35 [TUniServerModule]:Server First Init.
ERPImporta.exe: 000033B8: 09:16:35 [TUniServerModule]:Start Path = C:\Projetos_WEB\ERP_Importa\
ERPImporta.exe: 000033B8: 09:16:35 [TUniServerModule]:Debug Mode = ON
ERPImporta.exe: 000033B8: 09:16:35 [TUniServerModule]:Starting HTTP Server on Port: 8077...
ERPImporta.exe: 000033B8: 09:16:35 [TUniServerModule]:HTTP Server Started on Port: 8077
ERPImporta.exe: 000018E8: 09:17:24 []:>--------------------------------------------------------------<
ERPImporta.exe: 000018E8: 09:17:24 [TUniServerModule]:Server First Init.
ERPImporta.exe: 000018E8: 09:17:24 [TUniServerModule]:Start Path = C:\Projetos_WEB\ERP_Importa\
ERPImporta.exe: 000018E8: 09:17:24 [TUniServerModule]:Debug Mode = ON
ERPImporta.exe: 000018E8: 09:17:24 [TUniServerModule]:Starting HTTP Server on Port: 8077...
ERPImporta.exe: 000018E8: 09:17:24 [TUniServerModule]:HTTP Server Started on Port: 8077
ERPImporta.exe: 0000403C: 09:19:54 []:>--------------------------------------------------------------<
ERPImporta.exe: 0000403C: 09:19:54 [TUniServerModule]:Server First Init.
ERPImporta.exe: 0000403C: 09:19:54 [TUniServerModule]:Start Path = C:\Projetos_WEB\ERP_Importa\
ERPImporta.exe: 0000403C: 09:19:54 [TUniServerModule]:Debug Mode = ON
ERPImporta.exe: 0000403C: 09:19:54 [TUniServerModule]:Starting HTTP Server on Port: 8077...
ERPImporta.exe: 0000403C: 09:19:54 [TUniServerModule]:HTTP Server Started on Port: 8077
ERPImporta.exe: 0000085C: 09:20:32 []:>--------------------------------------------------------------<
ERPImporta.exe: 0000085C: 09:20:32 [TUniServerModule]:Server First Init.
ERPImporta.exe: 0000085C: 09:20:32 [TUniServerModule]:Start Path = C:\Projetos_WEB\ERP_Importa\
ERPImporta.exe: 0000085C: 09:20:32 [TUniServerModule]:Debug Mode = ON
ERPImporta.exe: 0000085C: 09:20:32 [TUniGUISessionManager]:Cache erase job created, Folder count: [1]
ERPImporta.exe: 0000085C: 09:20:32 [TUniServerModule]:Starting HTTP Server on Port: 8077...
ERPImporta.exe: 0000085C: 09:20:33 [TUniServerModule]:HTTP Server Started on Port: 8077
ERPImporta.exe: 00002214: 09:22:24 []:>--------------------------------------------------------------<
ERPImporta.exe: 00002214: 09:22:24 [TUniServerModule]:Server First Init.
ERPImporta.exe: 00002214: 09:22:24 [TUniServerModule]:Start Path = C:\Projetos_WEB\ERP_Importa\
ERPImporta.exe: 00002214: 09:22:24 [TUniServerModule]:Debug Mode = ON
ERPImporta.exe: 00002214: 09:22:24 [TUniGUISessionManager]:Cache erase job created, Folder count: [1]
ERPImporta.exe: 00002214: 09:22:24 [TUniServerModule]:Starting HTTP Server on Port: 8077...
ERPImporta.exe: 00002214: 09:22:24 [TUniServerModule]:HTTP Server Started on Port: 8077
ERPImporta.exe: 00003F9C: 09:25:06 []:>--------------------------------------------------------------<
ERPImporta.exe: 00003F9C: 09:25:06 [TUniServerModule]:Server First Init.
ERPImporta.exe: 00003F9C: 09:25:06 [TUniServerModule]:Start Path = C:\Projetos_WEB\ERP_Importa\
ERPImporta.exe: 00003F9C: 09:25:06 [TUniServerModule]:Debug Mode = ON
ERPImporta.exe: 00003F9C: 09:25:07 [TUniServerModule]:Starting HTTP Server on Port: 8077...
ERPImporta.exe: 00003F9C: 09:25:07 [TUniServerModule]:HTTP Server Started on Port: 8077
ERPImporta.exe: 00000EA0: 09:26:27 []:>--------------------------------------------------------------<
ERPImporta.exe: 00000EA0: 09:26:27 [TUniServerModule]:Server First Init.
ERPImporta.exe: 00000EA0: 09:26:27 [TUniServerModule]:Start Path = C:\Projetos_WEB\ERP_Importa\
ERPImporta.exe: 00000EA0: 09:26:27 [TUniServerModule]:Debug Mode = ON
ERPImporta.exe: 00000EA0: 09:26:27 [TUniGUISessionManager]:Cache erase job created, Folder count: [1]
ERPImporta.exe: 00000EA0: 09:26:27 [TUniServerModule]:Starting HTTP Server on Port: 8077...
ERPImporta.exe: 00000EA0: 09:26:27 [TUniServerModule]:HTTP Server Started on Port: 8077
ERPImporta.exe: 00004320: 09:27:25 []:>--------------------------------------------------------------<
ERPImporta.exe: 00004320: 09:27:25 [TUniServerModule]:Server First Init.
ERPImporta.exe: 00004320: 09:27:25 [TUniServerModule]:Start Path = C:\Projetos_WEB\ERP_Importa\
ERPImporta.exe: 00004320: 09:27:25 [TUniServerModule]:Debug Mode = ON
ERPImporta.exe: 00004320: 09:27:25 [TUniGUISessionManager]:Cache erase job created, Folder count: [1]
ERPImporta.exe: 00004320: 09:27:26 [TUniServerModule]:Starting HTTP Server on Port: 8077...
ERPImporta.exe: 00004320: 09:27:26 [TUniServerModule]:HTTP Server Started on Port: 8077
ERPImporta.exe: 00000BE0: 09:28:45 []:>--------------------------------------------------------------<
ERPImporta.exe: 00000BE0: 09:28:45 [TUniServerModule]:Server First Init.
ERPImporta.exe: 00000BE0: 09:28:45 [TUniServerModule]:Start Path = C:\Projetos_WEB\ERP_Importa\
ERPImporta.exe: 00000BE0: 09:28:45 [TUniServerModule]:Debug Mode = ON
ERPImporta.exe: 00000BE0: 09:28:45 [TUniServerModule]:Starting HTTP Server on Port: 8077...
ERPImporta.exe: 00000BE0: 09:28:45 [TUniServerModule]:HTTP Server Started on Port: 8077
ERPImporta.exe: 00004340: 09:29:30 []:>--------------------------------------------------------------<
ERPImporta.exe: 00004340: 09:29:30 [TUniServerModule]:Server First Init.
ERPImporta.exe: 00004340: 09:29:30 [TUniServerModule]:Start Path = C:\Projetos_WEB\ERP_Importa\
ERPImporta.exe: 00004340: 09:29:30 [TUniServerModule]:Debug Mode = ON
ERPImporta.exe: 00004340: 09:29:30 [TUniGUISessionManager]:Cache erase job created, Folder count: [1]
ERPImporta.exe: 00004340: 09:29:30 [TUniServerModule]:Starting HTTP Server on Port: 8077...
ERPImporta.exe: 00004340: 09:29:30 [TUniServerModule]:HTTP Server Started on Port: 8077
ERPImporta.exe: 00002D44: 16:47:15 []:>--------------------------------------------------------------<
ERPImporta.exe: 00002D44: 16:47:16 [TUniServerModule]:Server First Init.
ERPImporta.exe: 00002D44: 16:47:16 [TUniServerModule]:Start Path = C:\Projetos_WEB\ERP_Importa\
ERPImporta.exe: 00002D44: 16:47:16 [TUniServerModule]:Debug Mode = ON
ERPImporta.exe: 00002D44: 16:47:16 [TUniGUISessionManager]:Cache erase job created, Folder count: [1]
ERPImporta.exe: 00002D44: 16:47:16 [TUniServerModule]:Starting HTTP Server on Port: 8077...
ERPImporta.exe: 00002D44: 16:47:16 [TUniServerModule]:HTTP Server Started on Port: 8077
ERPImporta.exe: 000013CC: 16:48:30 []:>--------------------------------------------------------------<
ERPImporta.exe: 000013CC: 16:48:30 [TUniServerModule]:Server First Init.
ERPImporta.exe: 000013CC: 16:48:30 [TUniServerModule]:Start Path = C:\Projetos_WEB\ERP_Importa\
ERPImporta.exe: 000013CC: 16:48:30 [TUniServerModule]:Debug Mode = ON
ERPImporta.exe: 000013CC: 16:48:31 [TUniServerModule]:Starting HTTP Server on Port: 8077...
ERPImporta.exe: 000013CC: 16:48:31 [TUniServerModule]:HTTP Server Started on Port: 8077
ERPImporta.exe: 00001CAC: 16:48:53 [HandleFileRequest[127.0.0.1]]:File not found: C:\Projetos_WEB\ERP_Importa\files\images\fundo8.jpg
ERPImporta.exe: 00003510: 16:50:27 []:>--------------------------------------------------------------<
ERPImporta.exe: 00003510: 16:50:27 [TUniServerModule]:Server First Init.
ERPImporta.exe: 00003510: 16:50:27 [TUniServerModule]:Start Path = C:\Projetos_WEB\ERP_Importa\
ERPImporta.exe: 00003510: 16:50:27 [TUniServerModule]:Debug Mode = ON
ERPImporta.exe: 00003510: 16:50:28 [TUniServerModule]:Starting HTTP Server on Port: 8077...
ERPImporta.exe: 00003510: 16:50:28 [TUniServerModule]:HTTP Server Started on Port: 8077
ERPImporta.exe: 000021D4: 16:50:41 [HandleFileRequest[127.0.0.1]]:File not found: C:\Projetos_WEB\ERP_Importa\files\images\fundo8.jpg
ERPImporta.exe: 000039B4: 16:52:06 []:>--------------------------------------------------------------<
ERPImporta.exe: 000039B4: 16:52:06 [TUniServerModule]:Server First Init.
ERPImporta.exe: 000039B4: 16:52:06 [TUniServerModule]:Start Path = C:\Projetos_WEB\ERP_Importa\
ERPImporta.exe: 000039B4: 16:52:06 [TUniServerModule]:Debug Mode = ON
ERPImporta.exe: 000039B4: 16:52:07 [TUniServerModule]:Starting HTTP Server on Port: 8077...
ERPImporta.exe: 000039B4: 16:52:07 [TUniServerModule]:HTTP Server Started on Port: 8077
ERPImporta.exe: 00000AC0: 16:52:18 [HandleFileRequest[127.0.0.1]]:File not found: C:\Projetos_WEB\ERP_Importa\files\images\fundo8.jpg
ERPImporta.exe: 00002FCC: 16:53:23 []:>--------------------------------------------------------------<
ERPImporta.exe: 00002FCC: 16:53:23 [TUniServerModule]:Server First Init.
ERPImporta.exe: 00002FCC: 16:53:23 [TUniServerModule]:Start Path = C:\Projetos_WEB\ERP_Importa\
ERPImporta.exe: 00002FCC: 16:53:23 [TUniServerModule]:Debug Mode = ON
ERPImporta.exe: 00002FCC: 16:53:23 [TUniServerModule]:Starting HTTP Server on Port: 8077...
ERPImporta.exe: 00002FCC: 16:53:23 [TUniServerModule]:HTTP Server Started on Port: 8077
ERPImporta.exe: 00001858: 16:53:33 [HandleFileRequest[127.0.0.1]]:File not found: C:\Projetos_WEB\ERP_Importa\files\images\fundo8.jpg
ERPImporta.exe: 0000075C: 16:54:35 []:>--------------------------------------------------------------<
ERPImporta.exe: 0000075C: 16:54:35 [TUniServerModule]:Server First Init.
ERPImporta.exe: 0000075C: 16:54:35 [TUniServerModule]:Start Path = C:\Projetos_WEB\ERP_Importa\
ERPImporta.exe: 0000075C: 16:54:35 [TUniServerModule]:Debug Mode = ON
ERPImporta.exe: 0000075C: 16:54:35 [TUniServerModule]:Starting HTTP Server on Port: 8077...
ERPImporta.exe: 0000075C: 16:54:36 [TUniServerModule]:HTTP Server Started on Port: 8077
ERPImporta.exe: 00004764: 16:54:47 [HandleFileRequest[127.0.0.1]]:File not found: C:\Projetos_WEB\ERP_Importa\files\images\fundo8.jpg
ERPImporta.exe: 00001874: 16:56:07 []:>--------------------------------------------------------------<
ERPImporta.exe: 00001874: 16:56:07 [TUniServerModule]:Server First Init.
ERPImporta.exe: 00001874: 16:56:07 [TUniServerModule]:Start Path = C:\Projetos_WEB\ERP_Importa\
ERPImporta.exe: 00001874: 16:56:07 [TUniServerModule]:Debug Mode = ON
ERPImporta.exe: 00001874: 16:56:07 [TUniServerModule]:Starting HTTP Server on Port: 8077...
ERPImporta.exe: 00001874: 16:56:07 [TUniServerModule]:HTTP Server Started on Port: 8077
ERPImporta.exe: 00001430: 16:56:18 [HandleFileRequest[127.0.0.1]]:File not found: C:\Projetos_WEB\ERP_Importa\files\images\fundo8.jpg
ERPImporta.exe: 00002888: 16:57:06 []:>--------------------------------------------------------------<
ERPImporta.exe: 00002888: 16:57:06 [TUniServerModule]:Server First Init.
ERPImporta.exe: 00002888: 16:57:06 [TUniServerModule]:Start Path = C:\Projetos_WEB\ERP_Importa\
ERPImporta.exe: 00002888: 16:57:06 [TUniServerModule]:Debug Mode = ON
ERPImporta.exe: 00002888: 16:57:06 [TUniServerModule]:Starting HTTP Server on Port: 8077...
ERPImporta.exe: 00002888: 16:57:06 [TUniServerModule]:HTTP Server Started on Port: 8077
ERPImporta.exe: 000023FC: 16:57:16 [HandleFileRequest[127.0.0.1]]:File not found: C:\Projetos_WEB\ERP_Importa\files\images\fundo8.jpg
ERPImporta.exe: 000010A4: 16:59:15 []:>--------------------------------------------------------------<
ERPImporta.exe: 000010A4: 16:59:15 [TUniServerModule]:Server First Init.
ERPImporta.exe: 000010A4: 16:59:15 [TUniServerModule]:Start Path = C:\Projetos_WEB\ERP_Importa\
ERPImporta.exe: 000010A4: 16:59:15 [TUniServerModule]:Debug Mode = ON
ERPImporta.exe: 000010A4: 16:59:15 [TUniGUISessionManager]:Cache erase job created, Folder count: [1]
ERPImporta.exe: 000010A4: 16:59:15 [TUniServerModule]:Starting HTTP Server on Port: 8077...
ERPImporta.exe: 000010A4: 16:59:15 [TUniServerModule]:HTTP Server Started on Port: 8077
ERPImporta.exe: 00002794: 16:59:25 [HandleFileRequest[127.0.0.1]]:File not found: C:\Projetos_WEB\ERP_Importa\files\images\fundo8.jpg
ERPImporta.exe: 000006D8: 17:01:47 []:>--------------------------------------------------------------<
ERPImporta.exe: 000006D8: 17:01:47 [TUniServerModule]:Server First Init.
ERPImporta.exe: 000006D8: 17:01:47 [TUniServerModule]:Start Path = C:\Projetos_WEB\ERP_Importa\
ERPImporta.exe: 000006D8: 17:01:47 [TUniServerModule]:Debug Mode = ON
ERPImporta.exe: 000006D8: 17:01:48 [TUniServerModule]:Starting HTTP Server on Port: 8077...
ERPImporta.exe: 000006D8: 17:01:48 [TUniServerModule]:HTTP Server Started on Port: 8077
