ERPImporta.exe: 0000117C: 19:23:04 []:>--------------------------------------------------------------<
ERPImporta.exe: 0000117C: 19:23:04 [TUniServerModule]:Server First Init.
ERPImporta.exe: 0000117C: 19:23:04 [TUniServerModule]:Start Path = D:\Projetos_WEB\ERP_Importa\
ERPImporta.exe: 0000117C: 19:23:04 [TUniServerModule]:Debug Mode = ON
ERPImporta.exe: 0000117C: 19:23:04 [TUniServerModule]:Starting HTTP Server on Port: 8077...
ERPImporta.exe: 0000117C: 19:23:04 [TUniServerModule]:HTTP Server Started on Port: 8077
ERPImporta.exe: 000028EC: 19:30:23 []:>--------------------------------------------------------------<
ERPImporta.exe: 000028EC: 19:30:23 [TUniServerModule]:Server First Init.
ERPImporta.exe: 000028EC: 19:30:23 [TUniServerModule]:Start Path = D:\Projetos_WEB\ERP_Importa\
ERPImporta.exe: 000028EC: 19:30:23 [TUniServerModule]:Debug Mode = ON
ERPImporta.exe: 000028EC: 19:30:23 [TUniGUISessionManager]:Cache erase job created, Folder count: [1]
ERPImporta.exe: 000028EC: 19:30:23 [TUniServerModule]:Starting HTTP Server on Port: 8077...
ERPImporta.exe: 000028EC: 19:30:23 [TUniServerModule]:HTTP Server Started on Port: 8077
ERPImporta.exe: 000039B0: 19:32:42 []:>--------------------------------------------------------------<
ERPImporta.exe: 000039B0: 19:32:42 [TUniServerModule]:Server First Init.
ERPImporta.exe: 000039B0: 19:32:42 [TUniServerModule]:Start Path = D:\Projetos_WEB\ERP_Importa\
ERPImporta.exe: 000039B0: 19:32:42 [TUniServerModule]:Debug Mode = ON
ERPImporta.exe: 000039B0: 19:32:42 [TUniGUISessionManager]:Cache erase job created, Folder count: [1]
ERPImporta.exe: 000039B0: 19:32:43 [TUniServerModule]:Starting HTTP Server on Port: 8077...
ERPImporta.exe: 000039B0: 19:32:43 [TUniServerModule]:HTTP Server Started on Port: 8077
ERPImporta.exe: 000026EC: 19:33:24 [127.0.0.1]:EUniSessionException : Sessão inváilda ou tempo da sessão expirado. (Session not found: nHvW4uVwee11099C93E ) : Addr: $007D0F44
ERPImporta.exe: 00004008: 19:34:09 []:>--------------------------------------------------------------<
ERPImporta.exe: 00004008: 19:34:09 [TUniServerModule]:Server First Init.
ERPImporta.exe: 00004008: 19:34:09 [TUniServerModule]:Start Path = D:\Projetos_WEB\ERP_Importa\
ERPImporta.exe: 00004008: 19:34:09 [TUniServerModule]:Debug Mode = ON
ERPImporta.exe: 00004008: 19:34:09 [TUniServerModule]:Starting HTTP Server on Port: 8077...
ERPImporta.exe: 00004008: 19:34:09 [TUniServerModule]:HTTP Server Started on Port: 8077
ERPImporta.exe: 00000BE4: 19:40:09 []:>--------------------------------------------------------------<
ERPImporta.exe: 00000BE4: 19:40:09 [TUniServerModule]:Server First Init.
ERPImporta.exe: 00000BE4: 19:40:09 [TUniServerModule]:Start Path = D:\Projetos_WEB\ERP_Importa\
ERPImporta.exe: 00000BE4: 19:40:09 [TUniServerModule]:Debug Mode = ON
ERPImporta.exe: 00000BE4: 19:40:09 [TUniServerModule]:Starting HTTP Server on Port: 8077...
ERPImporta.exe: 00000BE4: 19:40:10 [TUniServerModule]:HTTP Server Started on Port: 8077
ERPImporta.exe: 00000414: 19:41:26 []:>--------------------------------------------------------------<
ERPImporta.exe: 00000414: 19:41:26 [TUniServerModule]:Server First Init.
ERPImporta.exe: 00000414: 19:41:26 [TUniServerModule]:Start Path = D:\Projetos_WEB\ERP_Importa\
ERPImporta.exe: 00000414: 19:41:26 [TUniServerModule]:Debug Mode = ON
ERPImporta.exe: 00000414: 19:41:26 [TUniGUISessionManager]:Cache erase job created, Folder count: [1]
ERPImporta.exe: 00000414: 19:41:26 [TUniServerModule]:Starting HTTP Server on Port: 8077...
ERPImporta.exe: 00000414: 19:41:26 [TUniServerModule]:HTTP Server Started on Port: 8077
ERPImporta.exe: 00001928: 19:43:47 []:>--------------------------------------------------------------<
ERPImporta.exe: 00001928: 19:43:47 [TUniServerModule]:Server First Init.
ERPImporta.exe: 00001928: 19:43:47 [TUniServerModule]:Start Path = D:\Projetos_WEB\ERP_Importa\
ERPImporta.exe: 00001928: 19:43:47 [TUniServerModule]:Debug Mode = ON
ERPImporta.exe: 00001928: 19:43:47 [TUniGUISessionManager]:Cache erase job created, Folder count: [1]
ERPImporta.exe: 00001928: 19:43:47 [TUniServerModule]:Starting HTTP Server on Port: 8077...
ERPImporta.exe: 00001928: 19:43:47 [TUniServerModule]:HTTP Server Started on Port: 8077
ERPImporta.exe: 00000DE4: 19:44:44 []:>--------------------------------------------------------------<
ERPImporta.exe: 00000DE4: 19:44:44 [TUniServerModule]:Server First Init.
ERPImporta.exe: 00000DE4: 19:44:44 [TUniServerModule]:Start Path = D:\Projetos_WEB\ERP_Importa\
ERPImporta.exe: 00000DE4: 19:44:44 [TUniServerModule]:Debug Mode = ON
ERPImporta.exe: 00000DE4: 19:44:44 [TUniGUISessionManager]:Cache erase job created, Folder count: [1]
ERPImporta.exe: 00000DE4: 19:44:44 [TUniServerModule]:Starting HTTP Server on Port: 8077...
ERPImporta.exe: 00000DE4: 19:44:44 [TUniServerModule]:HTTP Server Started on Port: 8077
ERPImporta.exe: 00002590: 19:45:21 []:>--------------------------------------------------------------<
ERPImporta.exe: 00002590: 19:45:21 [TUniServerModule]:Server First Init.
ERPImporta.exe: 00002590: 19:45:21 [TUniServerModule]:Start Path = D:\Projetos_WEB\ERP_Importa\
ERPImporta.exe: 00002590: 19:45:21 [TUniServerModule]:Debug Mode = ON
ERPImporta.exe: 00002590: 19:45:21 [TUniGUISessionManager]:Cache erase job created, Folder count: [1]
ERPImporta.exe: 00002590: 19:45:22 [TUniServerModule]:Starting HTTP Server on Port: 8077...
ERPImporta.exe: 00002590: 19:45:22 [TUniServerModule]:HTTP Server Started on Port: 8077
ERPImporta.exe: 00004338: 19:45:59 []:>--------------------------------------------------------------<
ERPImporta.exe: 00004338: 19:45:59 [TUniServerModule]:Server First Init.
ERPImporta.exe: 00004338: 19:45:59 [TUniServerModule]:Start Path = D:\Projetos_WEB\ERP_Importa\
ERPImporta.exe: 00004338: 19:45:59 [TUniServerModule]:Debug Mode = ON
ERPImporta.exe: 00004338: 19:45:59 [TUniGUISessionManager]:Cache erase job created, Folder count: [1]
ERPImporta.exe: 00004338: 19:45:59 [TUniServerModule]:Starting HTTP Server on Port: 8077...
ERPImporta.exe: 00004338: 19:45:59 [TUniServerModule]:HTTP Server Started on Port: 8077
ERPImporta.exe: 00002ED4: 21:10:32 []:>--------------------------------------------------------------<
ERPImporta.exe: 00002ED4: 21:10:32 [TUniServerModule]:Server First Init.
ERPImporta.exe: 00002ED4: 21:10:32 [TUniServerModule]:Start Path = D:\Projetos_WEB\ERP_Importa\
ERPImporta.exe: 00002ED4: 21:10:32 [TUniServerModule]:Debug Mode = ON
ERPImporta.exe: 00002ED4: 21:10:32 [TUniServerModule]:Starting HTTP Server on Port: 8077...
ERPImporta.exe: 00002ED4: 21:10:32 [TUniServerModule]:HTTP Server Started on Port: 8077
ERPImporta.exe: 00001910: 21:13:12 []:>--------------------------------------------------------------<
ERPImporta.exe: 00001910: 21:13:12 [TUniServerModule]:Server First Init.
ERPImporta.exe: 00001910: 21:13:12 [TUniServerModule]:Start Path = D:\Projetos_WEB\ERP_Importa\
ERPImporta.exe: 00001910: 21:13:12 [TUniServerModule]:Debug Mode = ON
ERPImporta.exe: 00001910: 21:13:12 [TUniServerModule]:Starting HTTP Server on Port: 8077...
ERPImporta.exe: 00001910: 21:13:12 [TUniServerModule]:HTTP Server Started on Port: 8077
