ERPImporta.exe: 00003450: 09:04:28 []:>--------------------------------------------------------------<
ERPImporta.exe: 00003450: 09:04:28 [TUniServerModule]:Server First Init.
ERPImporta.exe: 00003450: 09:04:28 [TUniServerModule]:Start Path = C:\Projetos_WEB\ERP_Importa\
ERPImporta.exe: 00003450: 09:04:28 [TUniServerModule]:Debug Mode = ON
ERPImporta.exe: 00003450: 09:04:28 [TUniServerModule]:Starting HTTP Server on Port: 8077...
ERPImporta.exe: 00003450: 09:04:28 [TUniServerModule]:HTTP Server Started on Port: 8077
ERPImporta.exe: 00002A60: 09:04:48 [TUniGUIServerModule.AppHandleException-127.0.0.1]:EAbort : Operation aborted : Addr: $00BBA987
ERPImporta.exe: 00002D00: 09:09:27 []:>--------------------------------------------------------------<
ERPImporta.exe: 00002D00: 09:09:27 [TUniServerModule]:Server First Init.
ERPImporta.exe: 00002D00: 09:09:27 [TUniServerModule]:Start Path = C:\Projetos_WEB\ERP_Importa\
ERPImporta.exe: 00002D00: 09:09:27 [TUniServerModule]:Debug Mode = ON
ERPImporta.exe: 00002D00: 09:09:27 [TUniGUISessionManager]:Cache erase job created, Folder count: [1]
ERPImporta.exe: 00002D00: 09:09:27 [TUniServerModule]:Starting HTTP Server on Port: 8077...
ERPImporta.exe: 00002D00: 09:09:27 [TUniServerModule]:HTTP Server Started on Port: 8077
ERPImporta.exe: 00002078: 09:14:15 []:>--------------------------------------------------------------<
ERPImporta.exe: 00002078: 09:14:15 [TUniServerModule]:Server First Init.
ERPImporta.exe: 00002078: 09:14:15 [TUniServerModule]:Start Path = C:\Projetos_WEB\ERP_Importa\
ERPImporta.exe: 00002078: 09:14:15 [TUniServerModule]:Debug Mode = ON
ERPImporta.exe: 00002078: 09:14:15 [TUniServerModule]:Starting HTTP Server on Port: 8077...
ERPImporta.exe: 00002078: 09:14:15 [TUniServerModule]:HTTP Server Started on Port: 8077
ERPImporta.exe: 000003CC: 09:15:10 []:>--------------------------------------------------------------<
ERPImporta.exe: 000003CC: 09:15:10 [TUniServerModule]:Server First Init.
ERPImporta.exe: 000003CC: 09:15:10 [TUniServerModule]:Start Path = C:\Projetos_WEB\ERP_Importa\
ERPImporta.exe: 000003CC: 09:15:10 [TUniServerModule]:Debug Mode = ON
ERPImporta.exe: 000003CC: 09:15:11 [TUniServerModule]:Starting HTTP Server on Port: 8077...
ERPImporta.exe: 000003CC: 09:15:11 [TUniServerModule]:HTTP Server Started on Port: 8077
ERPImporta.exe: 00003938: 09:15:54 []:>--------------------------------------------------------------<
ERPImporta.exe: 00003938: 09:15:54 [TUniServerModule]:Server First Init.
ERPImporta.exe: 00003938: 09:15:54 [TUniServerModule]:Start Path = C:\Projetos_WEB\ERP_Importa\
ERPImporta.exe: 00003938: 09:15:54 [TUniServerModule]:Debug Mode = ON
ERPImporta.exe: 00003938: 09:15:54 [TUniServerModule]:Starting HTTP Server on Port: 8077...
ERPImporta.exe: 00003938: 09:15:54 [TUniServerModule]:HTTP Server Started on Port: 8077
ERPImporta.exe: 00002AC8: 09:18:38 []:>--------------------------------------------------------------<
ERPImporta.exe: 00002AC8: 09:18:38 [TUniServerModule]:Server First Init.
ERPImporta.exe: 00002AC8: 09:18:38 [TUniServerModule]:Start Path = C:\Projetos_WEB\ERP_Importa\
ERPImporta.exe: 00002AC8: 09:18:38 [TUniServerModule]:Debug Mode = ON
ERPImporta.exe: 00002AC8: 09:18:38 [TUniServerModule]:Starting HTTP Server on Port: 8077...
ERPImporta.exe: 00002AC8: 09:18:38 [TUniServerModule]:HTTP Server Started on Port: 8077
ERPImporta.exe: 00002B04: 09:40:03 []:>--------------------------------------------------------------<
ERPImporta.exe: 00002B04: 09:40:03 [TUniServerModule]:Server First Init.
ERPImporta.exe: 00002B04: 09:40:03 [TUniServerModule]:Start Path = C:\Projetos_WEB\ERP_Importa\
ERPImporta.exe: 00002B04: 09:40:03 [TUniServerModule]:Debug Mode = ON
ERPImporta.exe: 00002B04: 09:40:03 [TUniGUISessionManager]:Cache erase job created, Folder count: [1]
ERPImporta.exe: 00002B04: 09:40:03 [TUniServerModule]:Starting HTTP Server on Port: 8077...
ERPImporta.exe: 00002B04: 09:40:03 [TUniServerModule]:HTTP Server Started on Port: 8077
ERPImporta.exe: 00001BCC: 09:40:19 [An instance of <TfCadOperacaoFiscalFormula> already is being created.-127.0.0.1]:Exception : An instance of <TfCadOperacaoFiscalFormula> already is being created. : Addr: $00748E23
ERPImporta.exe: 00001DF4: 09:40:34 []:>--------------------------------------------------------------<
ERPImporta.exe: 00001DF4: 09:40:34 [TUniServerModule]:Server First Init.
ERPImporta.exe: 00001DF4: 09:40:34 [TUniServerModule]:Start Path = C:\Projetos_WEB\ERP_Importa\
ERPImporta.exe: 00001DF4: 09:40:34 [TUniServerModule]:Debug Mode = ON
ERPImporta.exe: 00001DF4: 09:40:34 [TUniGUISessionManager]:Cache erase job created, Folder count: [1]
ERPImporta.exe: 00001DF4: 09:40:35 [TUniServerModule]:Starting HTTP Server on Port: 8077...
ERPImporta.exe: 00001DF4: 09:40:35 [TUniServerModule]:HTTP Server Started on Port: 8077
ERPImporta.exe: 00001538: 09:49:14 []:>--------------------------------------------------------------<
ERPImporta.exe: 00001538: 09:49:14 [TUniServerModule]:Server First Init.
ERPImporta.exe: 00001538: 09:49:14 [TUniServerModule]:Start Path = C:\Projetos_WEB\ERP_Importa\
ERPImporta.exe: 00001538: 09:49:14 [TUniServerModule]:Debug Mode = ON
ERPImporta.exe: 00001538: 09:49:14 [TUniGUISessionManager]:Cache erase job created, Folder count: [1]
ERPImporta.exe: 00001538: 09:49:15 [TUniServerModule]:Starting HTTP Server on Port: 8077...
ERPImporta.exe: 00001538: 09:49:15 [TUniServerModule]:HTTP Server Started on Port: 8077
ERPImporta.exe: 00003200: 09:50:38 []:>--------------------------------------------------------------<
ERPImporta.exe: 00003200: 09:50:38 [TUniServerModule]:Server First Init.
ERPImporta.exe: 00003200: 09:50:38 [TUniServerModule]:Start Path = C:\Projetos_WEB\ERP_Importa\
ERPImporta.exe: 00003200: 09:50:38 [TUniServerModule]:Debug Mode = ON
ERPImporta.exe: 00003200: 09:50:38 [TUniGUISessionManager]:Cache erase job created, Folder count: [1]
ERPImporta.exe: 00003200: 09:50:38 [TUniServerModule]:Starting HTTP Server on Port: 8077...
ERPImporta.exe: 00003200: 09:50:38 [TUniServerModule]:HTTP Server Started on Port: 8077
ERPImporta.exe: 000019CC: 09:52:54 []:>--------------------------------------------------------------<
ERPImporta.exe: 000019CC: 09:52:54 [TUniServerModule]:Server First Init.
ERPImporta.exe: 000019CC: 09:52:54 [TUniServerModule]:Start Path = C:\Projetos_WEB\ERP_Importa\
ERPImporta.exe: 000019CC: 09:52:54 [TUniServerModule]:Debug Mode = ON
ERPImporta.exe: 000019CC: 09:52:54 [TUniGUISessionManager]:Cache erase job created, Folder count: [1]
ERPImporta.exe: 000019CC: 09:52:54 [TUniServerModule]:Starting HTTP Server on Port: 8077...
ERPImporta.exe: 000019CC: 09:52:54 [TUniServerModule]:HTTP Server Started on Port: 8077
ERPImporta.exe: 00002E94: 09:54:20 []:>--------------------------------------------------------------<
ERPImporta.exe: 00002E94: 09:54:20 [TUniServerModule]:Server First Init.
ERPImporta.exe: 00002E94: 09:54:20 [TUniServerModule]:Start Path = C:\Projetos_WEB\ERP_Importa\
ERPImporta.exe: 00002E94: 09:54:20 [TUniServerModule]:Debug Mode = ON
ERPImporta.exe: 00002E94: 09:54:21 [TUniServerModule]:Starting HTTP Server on Port: 8077...
ERPImporta.exe: 00002E94: 09:54:21 [TUniServerModule]:HTTP Server Started on Port: 8077
ERPImporta.exe: 00001268: 09:57:32 []:>--------------------------------------------------------------<
ERPImporta.exe: 00001268: 09:57:32 [TUniServerModule]:Server First Init.
ERPImporta.exe: 00001268: 09:57:32 [TUniServerModule]:Start Path = C:\Projetos_WEB\ERP_Importa\
ERPImporta.exe: 00001268: 09:57:32 [TUniServerModule]:Debug Mode = ON
ERPImporta.exe: 00001268: 09:57:32 [TUniServerModule]:Starting HTTP Server on Port: 8077...
ERPImporta.exe: 00001268: 09:57:32 [TUniServerModule]:HTTP Server Started on Port: 8077
ERPImporta.exe: 000021AC: 10:08:15 []:>--------------------------------------------------------------<
ERPImporta.exe: 000021AC: 10:08:15 [TUniServerModule]:Server First Init.
ERPImporta.exe: 000021AC: 10:08:15 [TUniServerModule]:Start Path = C:\Projetos_WEB\ERP_Importa\
ERPImporta.exe: 000021AC: 10:08:15 [TUniServerModule]:Debug Mode = ON
ERPImporta.exe: 000021AC: 10:08:15 [TUniGUISessionManager]:Cache erase job created, Folder count: [1]
ERPImporta.exe: 000021AC: 10:08:15 [TUniServerModule]:Starting HTTP Server on Port: 8077...
ERPImporta.exe: 000021AC: 10:08:15 [TUniServerModule]:HTTP Server Started on Port: 8077
ERPImporta.exe: 000017C4: 10:09:37 []:>--------------------------------------------------------------<
ERPImporta.exe: 000017C4: 10:09:37 [TUniServerModule]:Server First Init.
ERPImporta.exe: 000017C4: 10:09:37 [TUniServerModule]:Start Path = C:\Projetos_WEB\ERP_Importa\
ERPImporta.exe: 000017C4: 10:09:37 [TUniServerModule]:Debug Mode = ON
ERPImporta.exe: 000017C4: 10:09:38 [TUniServerModule]:Starting HTTP Server on Port: 8077...
ERPImporta.exe: 000017C4: 10:09:38 [TUniServerModule]:HTTP Server Started on Port: 8077
ERPImporta.exe: 00002410: 10:11:42 []:>--------------------------------------------------------------<
ERPImporta.exe: 00002410: 10:11:42 [TUniServerModule]:Server First Init.
ERPImporta.exe: 00002410: 10:11:42 [TUniServerModule]:Start Path = C:\Projetos_WEB\ERP_Importa\
ERPImporta.exe: 00002410: 10:11:42 [TUniServerModule]:Debug Mode = ON
ERPImporta.exe: 00002410: 10:11:42 [TUniGUISessionManager]:Cache erase job created, Folder count: [1]
ERPImporta.exe: 00002410: 10:11:42 [TUniServerModule]:Starting HTTP Server on Port: 8077...
ERPImporta.exe: 00002410: 10:11:42 [TUniServerModule]:HTTP Server Started on Port: 8077
ERPImporta.exe: 00002ED0: 10:15:10 []:>--------------------------------------------------------------<
ERPImporta.exe: 00002ED0: 10:15:10 [TUniServerModule]:Server First Init.
ERPImporta.exe: 00002ED0: 10:15:10 [TUniServerModule]:Start Path = C:\Projetos_WEB\ERP_Importa\
ERPImporta.exe: 00002ED0: 10:15:10 [TUniServerModule]:Debug Mode = ON
ERPImporta.exe: 00002ED0: 10:15:10 [TUniGUISessionManager]:Cache erase job created, Folder count: [1]
ERPImporta.exe: 00002ED0: 10:15:10 [TUniServerModule]:Starting HTTP Server on Port: 8077...
ERPImporta.exe: 00002ED0: 10:15:10 [TUniServerModule]:HTTP Server Started on Port: 8077
ERPImporta.exe: 00002880: 10:16:46 []:>--------------------------------------------------------------<
ERPImporta.exe: 00002880: 10:16:46 [TUniServerModule]:Server First Init.
ERPImporta.exe: 00002880: 10:16:46 [TUniServerModule]:Start Path = C:\Projetos_WEB\ERP_Importa\
ERPImporta.exe: 00002880: 10:16:46 [TUniServerModule]:Debug Mode = ON
ERPImporta.exe: 00002880: 10:16:46 [TUniGUISessionManager]:Cache erase job created, Folder count: [1]
ERPImporta.exe: 00002880: 10:16:46 [TUniServerModule]:Starting HTTP Server on Port: 8077...
ERPImporta.exe: 00002880: 10:16:46 [TUniServerModule]:HTTP Server Started on Port: 8077
ERPImporta.exe: 00002A14: 10:20:05 []:>--------------------------------------------------------------<
ERPImporta.exe: 00002A14: 10:20:05 [TUniServerModule]:Server First Init.
ERPImporta.exe: 00002A14: 10:20:05 [TUniServerModule]:Start Path = C:\Projetos_WEB\ERP_Importa\
ERPImporta.exe: 00002A14: 10:20:06 [TUniServerModule]:Debug Mode = ON
ERPImporta.exe: 00002A14: 10:20:06 [TUniGUISessionManager]:Cache erase job created, Folder count: [1]
ERPImporta.exe: 00002A14: 10:20:06 [TUniServerModule]:Starting HTTP Server on Port: 8077...
ERPImporta.exe: 00002A14: 10:20:06 [TUniServerModule]:HTTP Server Started on Port: 8077
ERPImporta.exe: 000027F8: 10:22:37 []:>--------------------------------------------------------------<
ERPImporta.exe: 000027F8: 10:22:37 [TUniServerModule]:Server First Init.
ERPImporta.exe: 000027F8: 10:22:37 [TUniServerModule]:Start Path = C:\Projetos_WEB\ERP_Importa\
ERPImporta.exe: 000027F8: 10:22:37 [TUniServerModule]:Debug Mode = ON
ERPImporta.exe: 000027F8: 10:22:37 [TUniServerModule]:Starting HTTP Server on Port: 8077...
ERPImporta.exe: 000027F8: 10:22:37 [TUniServerModule]:HTTP Server Started on Port: 8077
ERPImporta.exe: 0000331C: 10:28:16 []:>--------------------------------------------------------------<
ERPImporta.exe: 0000331C: 10:28:16 [TUniServerModule]:Server First Init.
ERPImporta.exe: 0000331C: 10:28:16 [TUniServerModule]:Start Path = C:\Projetos_WEB\ERP_Importa\
ERPImporta.exe: 0000331C: 10:28:16 [TUniServerModule]:Debug Mode = ON
ERPImporta.exe: 0000331C: 10:28:16 [TUniGUISessionManager]:Cache erase job created, Folder count: [1]
ERPImporta.exe: 0000331C: 10:28:16 [TUniServerModule]:Starting HTTP Server on Port: 8077...
ERPImporta.exe: 0000331C: 10:28:16 [TUniServerModule]:HTTP Server Started on Port: 8077
ERPImporta.exe: 00002498: 10:30:41 []:>--------------------------------------------------------------<
ERPImporta.exe: 00002498: 10:30:41 [TUniServerModule]:Server First Init.
ERPImporta.exe: 00002498: 10:30:41 [TUniServerModule]:Start Path = C:\Projetos_WEB\ERP_Importa\
ERPImporta.exe: 00002498: 10:30:41 [TUniServerModule]:Debug Mode = ON
ERPImporta.exe: 00002498: 10:30:42 [TUniServerModule]:Starting HTTP Server on Port: 8077...
ERPImporta.exe: 00002498: 10:30:42 [TUniServerModule]:HTTP Server Started on Port: 8077
ERPImporta.exe: 00002764: 10:32:11 []:>--------------------------------------------------------------<
ERPImporta.exe: 00002764: 10:32:11 [TUniServerModule]:Server First Init.
ERPImporta.exe: 00002764: 10:32:11 [TUniServerModule]:Start Path = C:\Projetos_WEB\ERP_Importa\
ERPImporta.exe: 00002764: 10:32:11 [TUniServerModule]:Debug Mode = ON
ERPImporta.exe: 00002764: 10:32:11 [TUniGUISessionManager]:Cache erase job created, Folder count: [1]
ERPImporta.exe: 00002764: 10:32:11 [TUniServerModule]:Starting HTTP Server on Port: 8077...
ERPImporta.exe: 00002764: 10:32:11 [TUniServerModule]:HTTP Server Started on Port: 8077
ERPImporta.exe: 00000604: 10:33:55 []:>--------------------------------------------------------------<
ERPImporta.exe: 00000604: 10:33:55 [TUniServerModule]:Server First Init.
ERPImporta.exe: 00000604: 10:33:55 [TUniServerModule]:Start Path = C:\Projetos_WEB\ERP_Importa\
ERPImporta.exe: 00000604: 10:33:55 [TUniServerModule]:Debug Mode = ON
ERPImporta.exe: 00000604: 10:33:55 [TUniServerModule]:Starting HTTP Server on Port: 8077...
ERPImporta.exe: 00000604: 10:33:55 [TUniServerModule]:HTTP Server Started on Port: 8077
ERPImporta.exe: 000029CC: 10:40:51 []:>--------------------------------------------------------------<
ERPImporta.exe: 000029CC: 10:40:51 [TUniServerModule]:Server First Init.
ERPImporta.exe: 000029CC: 10:40:51 [TUniServerModule]:Start Path = C:\Projetos_WEB\ERP_Importa\
ERPImporta.exe: 000029CC: 10:40:51 [TUniServerModule]:Debug Mode = ON
ERPImporta.exe: 000029CC: 10:40:51 [TUniServerModule]:Starting HTTP Server on Port: 8077...
ERPImporta.exe: 000029CC: 10:40:51 [TUniServerModule]:HTTP Server Started on Port: 8077
ERPImporta.exe: 00002850: 10:59:47 []:>--------------------------------------------------------------<
ERPImporta.exe: 00002850: 10:59:47 [TUniServerModule]:Server First Init.
ERPImporta.exe: 00002850: 10:59:47 [TUniServerModule]:Start Path = C:\Projetos_WEB\ERP_Importa\
ERPImporta.exe: 00002850: 10:59:47 [TUniServerModule]:Debug Mode = ON
ERPImporta.exe: 00002850: 10:59:47 [TUniGUISessionManager]:Cache erase job created, Folder count: [1]
ERPImporta.exe: 00002850: 10:59:47 [TUniServerModule]:Starting HTTP Server on Port: 8077...
ERPImporta.exe: 00002850: 10:59:47 [TUniServerModule]:HTTP Server Started on Port: 8077
ERPImporta.exe: 000031DC: 11:00:02 []:>--------------------------------------------------------------<
ERPImporta.exe: 000031DC: 11:00:02 [TUniServerModule]:Server First Init.
ERPImporta.exe: 000031DC: 11:00:02 [TUniServerModule]:Start Path = C:\Projetos_WEB\ERP_Importa\
ERPImporta.exe: 000031DC: 11:00:02 [TUniServerModule]:Debug Mode = ON
ERPImporta.exe: 000031DC: 11:00:02 [TUniGUISessionManager]:Cache erase job created, Folder count: [1]
ERPImporta.exe: 000031DC: 11:00:03 [TUniServerModule]:Starting HTTP Server on Port: 8077...
ERPImporta.exe: 000031DC: 11:00:03 [TUniServerModule]:HTTP Server Started on Port: 8077
ERPImporta.exe: 00001130: 11:07:50 []:>--------------------------------------------------------------<
ERPImporta.exe: 00001130: 11:07:50 [TUniServerModule]:Server First Init.
ERPImporta.exe: 00001130: 11:07:50 [TUniServerModule]:Start Path = C:\Projetos_WEB\ERP_Importa\
ERPImporta.exe: 00001130: 11:07:50 [TUniServerModule]:Debug Mode = ON
ERPImporta.exe: 00001130: 11:07:50 [TUniGUISessionManager]:Cache erase job created, Folder count: [1]
ERPImporta.exe: 00001130: 11:07:50 [TUniServerModule]:Starting HTTP Server on Port: 8077...
ERPImporta.exe: 00001130: 11:07:50 [TUniServerModule]:HTTP Server Started on Port: 8077
ERPImporta.exe: 00002E10: 11:22:57 []:>--------------------------------------------------------------<
ERPImporta.exe: 00002E10: 11:22:57 [TUniServerModule]:Server First Init.
ERPImporta.exe: 00002E10: 11:22:57 [TUniServerModule]:Start Path = C:\Projetos_WEB\ERP_Importa\
ERPImporta.exe: 00002E10: 11:22:57 [TUniServerModule]:Debug Mode = ON
ERPImporta.exe: 00002E10: 11:22:57 [TUniServerModule]:Starting HTTP Server on Port: 8077...
ERPImporta.exe: 00002E10: 11:22:57 [TUniServerModule]:HTTP Server Started on Port: 8077
ERPImporta.exe: 000031C4: 11:25:34 []:>--------------------------------------------------------------<
ERPImporta.exe: 000031C4: 11:25:34 [TUniServerModule]:Server First Init.
ERPImporta.exe: 000031C4: 11:25:34 [TUniServerModule]:Start Path = C:\Projetos_WEB\ERP_Importa\
ERPImporta.exe: 000031C4: 11:25:34 [TUniServerModule]:Debug Mode = ON
ERPImporta.exe: 000031C4: 11:25:34 [TUniGUISessionManager]:Cache erase job created, Folder count: [1]
ERPImporta.exe: 000031C4: 11:25:34 [TUniServerModule]:Starting HTTP Server on Port: 8077...
ERPImporta.exe: 000031C4: 11:25:34 [TUniServerModule]:HTTP Server Started on Port: 8077
ERPImporta.exe: 00002C3C: 11:30:20 []:>--------------------------------------------------------------<
ERPImporta.exe: 00002C3C: 11:30:20 [TUniServerModule]:Server First Init.
ERPImporta.exe: 00002C3C: 11:30:20 [TUniServerModule]:Start Path = C:\Projetos_WEB\ERP_Importa\
ERPImporta.exe: 00002C3C: 11:30:20 [TUniServerModule]:Debug Mode = ON
ERPImporta.exe: 00002C3C: 11:30:20 [TUniServerModule]:Starting HTTP Server on Port: 8077...
ERPImporta.exe: 00002C3C: 11:30:20 [TUniServerModule]:HTTP Server Started on Port: 8077
ERPImporta.exe: 00003438: 11:34:39 []:>--------------------------------------------------------------<
ERPImporta.exe: 00003438: 11:34:39 [TUniServerModule]:Server First Init.
ERPImporta.exe: 00003438: 11:34:39 [TUniServerModule]:Start Path = C:\Projetos_WEB\ERP_Importa\
ERPImporta.exe: 00003438: 11:34:39 [TUniServerModule]:Debug Mode = ON
ERPImporta.exe: 00003438: 11:34:39 [TUniGUISessionManager]:Cache erase job created, Folder count: [1]
ERPImporta.exe: 00003438: 11:34:39 [TUniServerModule]:Starting HTTP Server on Port: 8077...
ERPImporta.exe: 00003438: 11:34:39 [TUniServerModule]:HTTP Server Started on Port: 8077
ERPImporta.exe: 00003AE4: 11:35:32 []:>--------------------------------------------------------------<
ERPImporta.exe: 00003AE4: 11:35:32 [TUniServerModule]:Server First Init.
ERPImporta.exe: 00003AE4: 11:35:32 [TUniServerModule]:Start Path = C:\Projetos_WEB\ERP_Importa\
ERPImporta.exe: 00003AE4: 11:35:32 [TUniServerModule]:Debug Mode = ON
ERPImporta.exe: 00003AE4: 11:35:32 [TUniGUISessionManager]:Cache erase job created, Folder count: [1]
ERPImporta.exe: 00003AE4: 11:35:32 [TUniServerModule]:Starting HTTP Server on Port: 8077...
ERPImporta.exe: 00003AE4: 11:35:32 [TUniServerModule]:HTTP Server Started on Port: 8077
ERPImporta.exe: 000004B4: 11:38:16 []:>--------------------------------------------------------------<
ERPImporta.exe: 000004B4: 11:38:16 [TUniServerModule]:Server First Init.
ERPImporta.exe: 000004B4: 11:38:16 [TUniServerModule]:Start Path = C:\Projetos_WEB\ERP_Importa\
ERPImporta.exe: 000004B4: 11:38:16 [TUniServerModule]:Debug Mode = ON
ERPImporta.exe: 000004B4: 11:38:17 [TUniServerModule]:Starting HTTP Server on Port: 8077...
ERPImporta.exe: 000004B4: 11:38:17 [TUniServerModule]:HTTP Server Started on Port: 8077
ERPImporta.exe: 00000BBC: 11:39:45 []:>--------------------------------------------------------------<
ERPImporta.exe: 00000BBC: 11:39:45 [TUniServerModule]:Server First Init.
ERPImporta.exe: 00000BBC: 11:39:45 [TUniServerModule]:Start Path = C:\Projetos_WEB\ERP_Importa\
ERPImporta.exe: 00000BBC: 11:39:45 [TUniServerModule]:Debug Mode = ON
ERPImporta.exe: 00000BBC: 11:39:45 [TUniGUISessionManager]:Cache erase job created, Folder count: [1]
ERPImporta.exe: 00000BBC: 11:39:45 [TUniServerModule]:Starting HTTP Server on Port: 8077...
ERPImporta.exe: 00000BBC: 11:39:45 [TUniServerModule]:HTTP Server Started on Port: 8077
ERPImporta.exe: 00001104: 11:42:09 []:>--------------------------------------------------------------<
ERPImporta.exe: 00001104: 11:42:09 [TUniServerModule]:Server First Init.
ERPImporta.exe: 00001104: 11:42:09 [TUniServerModule]:Start Path = C:\Projetos_WEB\ERP_Importa\
ERPImporta.exe: 00001104: 11:42:09 [TUniServerModule]:Debug Mode = ON
ERPImporta.exe: 00001104: 11:42:09 [TUniGUISessionManager]:Cache erase job created, Folder count: [1]
ERPImporta.exe: 00001104: 11:42:09 [TUniServerModule]:Starting HTTP Server on Port: 8077...
ERPImporta.exe: 00001104: 11:42:10 [TUniServerModule]:HTTP Server Started on Port: 8077
ERPImporta.exe: 00001F60: 11:43:04 [Blocking method ShowMessage() can not be called here.-127.0.0.1]:Exception : Blocking method ShowMessage() can not be called here. : Addr: $007A005A
ERPImporta.exe: 000017E0: 11:51:52 []:>--------------------------------------------------------------<
ERPImporta.exe: 000017E0: 11:51:52 [TUniServerModule]:Server First Init.
ERPImporta.exe: 000017E0: 11:51:52 [TUniServerModule]:Start Path = C:\Projetos_WEB\ERP_Importa\
ERPImporta.exe: 000017E0: 11:51:52 [TUniServerModule]:Debug Mode = ON
ERPImporta.exe: 000017E0: 11:51:52 [TUniServerModule]:Starting HTTP Server on Port: 8077...
ERPImporta.exe: 000017E0: 11:51:52 [TUniServerModule]:HTTP Server Started on Port: 8077
ERPImporta.exe: 00000B18: 11:52:06 [Blocking method ShowMessage() can not be called here.-127.0.0.1]:Exception : Blocking method ShowMessage() can not be called here. : Addr: $007A005A
ERPImporta.exe: 00002974: 11:52:25 []:>--------------------------------------------------------------<
ERPImporta.exe: 00002974: 11:52:25 [TUniServerModule]:Server First Init.
ERPImporta.exe: 00002974: 11:52:25 [TUniServerModule]:Start Path = C:\Projetos_WEB\ERP_Importa\
ERPImporta.exe: 00002974: 11:52:25 [TUniServerModule]:Debug Mode = ON
ERPImporta.exe: 00002974: 11:52:25 [TUniGUISessionManager]:Cache erase job created, Folder count: [1]
ERPImporta.exe: 00002974: 11:52:25 [TUniServerModule]:Starting HTTP Server on Port: 8077...
ERPImporta.exe: 00002974: 11:52:25 [TUniServerModule]:HTTP Server Started on Port: 8077
ERPImporta.exe: 0000105C: 11:53:32 []:>--------------------------------------------------------------<
ERPImporta.exe: 0000105C: 11:53:32 [TUniServerModule]:Server First Init.
ERPImporta.exe: 0000105C: 11:53:32 [TUniServerModule]:Start Path = C:\Projetos_WEB\ERP_Importa\
ERPImporta.exe: 0000105C: 11:53:32 [TUniServerModule]:Debug Mode = ON
ERPImporta.exe: 0000105C: 11:53:32 [TUniServerModule]:Starting HTTP Server on Port: 8077...
ERPImporta.exe: 0000105C: 11:53:33 [TUniServerModule]:HTTP Server Started on Port: 8077
ERPImporta.exe: 00002D70: 11:57:57 []:>--------------------------------------------------------------<
ERPImporta.exe: 00002D70: 11:57:57 [TUniServerModule]:Server First Init.
ERPImporta.exe: 00002D70: 11:57:57 [TUniServerModule]:Start Path = C:\Projetos_WEB\ERP_Importa\
ERPImporta.exe: 00002D70: 11:57:57 [TUniServerModule]:Debug Mode = ON
ERPImporta.exe: 00002D70: 11:57:57 [TUniServerModule]:Starting HTTP Server on Port: 8077...
ERPImporta.exe: 00002D70: 11:57:57 [TUniServerModule]:HTTP Server Started on Port: 8077
ERPImporta.exe: 00003450: 12:00:04 []:>--------------------------------------------------------------<
ERPImporta.exe: 00003450: 12:00:04 [TUniServerModule]:Server First Init.
ERPImporta.exe: 00003450: 12:00:04 [TUniServerModule]:Start Path = C:\Projetos_WEB\ERP_Importa\
ERPImporta.exe: 00003450: 12:00:04 [TUniServerModule]:Debug Mode = ON
ERPImporta.exe: 00003450: 12:00:05 [TUniServerModule]:Starting HTTP Server on Port: 8077...
ERPImporta.exe: 00003450: 12:00:05 [TUniServerModule]:HTTP Server Started on Port: 8077
ERPImporta.exe: 000003BC: 12:02:15 []:>--------------------------------------------------------------<
ERPImporta.exe: 000003BC: 12:02:15 [TUniServerModule]:Server First Init.
ERPImporta.exe: 000003BC: 12:02:15 [TUniServerModule]:Start Path = C:\Projetos_WEB\ERP_Importa\
ERPImporta.exe: 000003BC: 12:02:15 [TUniServerModule]:Debug Mode = ON
ERPImporta.exe: 000003BC: 12:02:15 [TUniGUISessionManager]:Cache erase job created, Folder count: [1]
ERPImporta.exe: 000003BC: 12:02:15 [TUniServerModule]:Starting HTTP Server on Port: 8077...
ERPImporta.exe: 000003BC: 12:02:15 [TUniServerModule]:HTTP Server Started on Port: 8077
ERPImporta.exe: 0000313C: 12:03:14 []:>--------------------------------------------------------------<
ERPImporta.exe: 0000313C: 12:03:14 [TUniServerModule]:Server First Init.
ERPImporta.exe: 0000313C: 12:03:14 [TUniServerModule]:Start Path = C:\Projetos_WEB\ERP_Importa\
ERPImporta.exe: 0000313C: 12:03:14 [TUniServerModule]:Debug Mode = ON
ERPImporta.exe: 0000313C: 12:03:14 [TUniGUISessionManager]:Cache erase job created, Folder count: [1]
ERPImporta.exe: 0000313C: 12:03:15 [TUniServerModule]:Starting HTTP Server on Port: 8077...
ERPImporta.exe: 0000313C: 12:03:15 [TUniServerModule]:HTTP Server Started on Port: 8077
ERPImporta.exe: 00001918: 12:08:32 []:>--------------------------------------------------------------<
ERPImporta.exe: 00001918: 12:08:32 [TUniServerModule]:Server First Init.
ERPImporta.exe: 00001918: 12:08:32 [TUniServerModule]:Start Path = C:\Projetos_WEB\ERP_Importa\
ERPImporta.exe: 00001918: 12:08:32 [TUniServerModule]:Debug Mode = ON
ERPImporta.exe: 00001918: 12:08:33 [TUniServerModule]:Starting HTTP Server on Port: 8077...
ERPImporta.exe: 00001918: 12:08:33 [TUniServerModule]:HTTP Server Started on Port: 8077
ERPImporta.exe: 00001E74: 12:10:47 []:>--------------------------------------------------------------<
ERPImporta.exe: 00001E74: 12:10:47 [TUniServerModule]:Server First Init.
ERPImporta.exe: 00001E74: 12:10:47 [TUniServerModule]:Start Path = C:\Projetos_WEB\ERP_Importa\
ERPImporta.exe: 00001E74: 12:10:47 [TUniServerModule]:Debug Mode = ON
ERPImporta.exe: 00001E74: 12:10:47 [TUniServerModule]:Starting HTTP Server on Port: 8077...
ERPImporta.exe: 00001E74: 12:10:47 [TUniServerModule]:HTTP Server Started on Port: 8077
ERPImporta.exe: 0000094C: 12:12:15 []:>--------------------------------------------------------------<
ERPImporta.exe: 0000094C: 12:12:15 [TUniServerModule]:Server First Init.
ERPImporta.exe: 0000094C: 12:12:15 [TUniServerModule]:Start Path = C:\Projetos_WEB\ERP_Importa\
ERPImporta.exe: 0000094C: 12:12:15 [TUniServerModule]:Debug Mode = ON
ERPImporta.exe: 0000094C: 12:12:15 [TUniGUISessionManager]:Cache erase job created, Folder count: [1]
ERPImporta.exe: 0000094C: 12:12:16 [TUniServerModule]:Starting HTTP Server on Port: 8077...
ERPImporta.exe: 0000094C: 12:12:16 [TUniServerModule]:HTTP Server Started on Port: 8077
ERPImporta.exe: 00000240: 12:14:07 []:>--------------------------------------------------------------<
ERPImporta.exe: 00000240: 12:14:07 [TUniServerModule]:Server First Init.
ERPImporta.exe: 00000240: 12:14:07 [TUniServerModule]:Start Path = C:\Projetos_WEB\ERP_Importa\
ERPImporta.exe: 00000240: 12:14:07 [TUniServerModule]:Debug Mode = ON
ERPImporta.exe: 00000240: 12:14:07 [TUniServerModule]:Starting HTTP Server on Port: 8077...
ERPImporta.exe: 00000240: 12:14:07 [TUniServerModule]:HTTP Server Started on Port: 8077
ERPImporta.exe: 00002A7C: 12:14:37 []:>--------------------------------------------------------------<
ERPImporta.exe: 00002A7C: 12:14:37 [TUniServerModule]:Server First Init.
ERPImporta.exe: 00002A7C: 12:14:37 [TUniServerModule]:Start Path = C:\Projetos_WEB\ERP_Importa\
ERPImporta.exe: 00002A7C: 12:14:37 [TUniServerModule]:Debug Mode = ON
ERPImporta.exe: 00002A7C: 12:14:37 [TUniGUISessionManager]:Cache erase job created, Folder count: [1]
ERPImporta.exe: 00002A7C: 12:14:38 [TUniServerModule]:Starting HTTP Server on Port: 8077...
ERPImporta.exe: 00002A7C: 12:14:38 [TUniServerModule]:HTTP Server Started on Port: 8077
ERPImporta.exe: 00003404: 12:14:43 [127.0.0.1]:EUniSessionException : Sessão inváilda ou tempo da sessão expirado. (Session not found: ijNMVzVePc110732D46 ) : Addr: $007D0ED0
ERPImporta.exe: 00000C0C: 16:27:01 []:>--------------------------------------------------------------<
ERPImporta.exe: 00000C0C: 16:27:01 [TUniServerModule]:Server First Init.
ERPImporta.exe: 00000C0C: 16:27:01 [TUniServerModule]:Start Path = D:\Projetos_WEB\ERP_Importa\
ERPImporta.exe: 00000C0C: 16:27:01 [TUniServerModule]:Debug Mode = ON
ERPImporta.exe: 00000C0C: 16:27:02 [TUniServerModule]:Starting HTTP Server on Port: 8077...
ERPImporta.exe: 00000C0C: 16:27:02 [TUniServerModule]:HTTP Server Started on Port: 8077
ERPImporta.exe: 00004A48: 16:27:25 [[FireDAC][Phys][ODBC][Microsoft][SQL Server Native Client 11.0][SQL Server]Invalid object name 'CamposCalculaveis'.-127.0.0.1]:EMSSQLNativeException : [FireDAC][Phys][ODBC][Microsoft][SQL Server Native Client 11.0][SQL Server]Invalid object name 'CamposCalculaveis'. : Addr: $008E1C75
ERPImporta.exe: 000044A8: 16:27:37 [[FireDAC][Phys][ODBC][Microsoft][SQL Server Native Client 11.0][SQL Server]Invalid object name 'CamposCalculaveis'.-127.0.0.1]:EMSSQLNativeException : [FireDAC][Phys][ODBC][Microsoft][SQL Server Native Client 11.0][SQL Server]Invalid object name 'CamposCalculaveis'. : Addr: $008E1C75
ERPImporta.exe: 0000084C: 16:34:03 []:>--------------------------------------------------------------<
ERPImporta.exe: 0000084C: 16:34:03 [TUniServerModule]:Server First Init.
ERPImporta.exe: 0000084C: 16:34:03 [TUniServerModule]:Start Path = D:\Projetos_WEB\ERP_Importa\
ERPImporta.exe: 0000084C: 16:34:03 [TUniServerModule]:Debug Mode = ON
ERPImporta.exe: 0000084C: 16:34:03 [TUniGUISessionManager]:Cache erase job created, Folder count: [1]
ERPImporta.exe: 0000084C: 16:34:03 [TUniServerModule]:Starting HTTP Server on Port: 8077...
ERPImporta.exe: 0000084C: 16:34:03 [TUniServerModule]:HTTP Server Started on Port: 8077
ERPImporta.exe: 000041B4: 17:02:38 []:>--------------------------------------------------------------<
ERPImporta.exe: 000041B4: 17:02:38 [TUniServerModule]:Server First Init.
ERPImporta.exe: 000041B4: 17:02:38 [TUniServerModule]:Start Path = D:\Projetos_WEB\ERP_Importa\
ERPImporta.exe: 000041B4: 17:02:38 [TUniServerModule]:Debug Mode = ON
ERPImporta.exe: 000041B4: 17:02:38 [TUniGUISessionManager]:Cache erase job created, Folder count: [1]
ERPImporta.exe: 000041B4: 17:02:39 [TUniServerModule]:Starting HTTP Server on Port: 8077...
ERPImporta.exe: 000041B4: 17:02:39 [TUniServerModule]:HTTP Server Started on Port: 8077
ERPImporta.exe: 00002578: 17:05:13 []:>--------------------------------------------------------------<
ERPImporta.exe: 00002578: 17:05:13 [TUniServerModule]:Server First Init.
ERPImporta.exe: 00002578: 17:05:13 [TUniServerModule]:Start Path = D:\Projetos_WEB\ERP_Importa\
ERPImporta.exe: 00002578: 17:05:13 [TUniServerModule]:Debug Mode = ON
ERPImporta.exe: 00002578: 17:05:14 [TUniGUISessionManager]:Cache erase job created, Folder count: [1]
ERPImporta.exe: 00002578: 17:05:14 [TUniServerModule]:Starting HTTP Server on Port: 8077...
ERPImporta.exe: 00002578: 17:05:14 [TUniServerModule]:HTTP Server Started on Port: 8077
ERPImporta.exe: 00001DA0: 17:08:55 []:>--------------------------------------------------------------<
ERPImporta.exe: 00001DA0: 17:08:55 [TUniServerModule]:Server First Init.
ERPImporta.exe: 00001DA0: 17:08:55 [TUniServerModule]:Start Path = D:\Projetos_WEB\ERP_Importa\
ERPImporta.exe: 00001DA0: 17:08:55 [TUniServerModule]:Debug Mode = ON
ERPImporta.exe: 00001DA0: 17:08:55 [TUniGUISessionManager]:Cache erase job created, Folder count: [1]
ERPImporta.exe: 00001DA0: 17:08:55 [TUniServerModule]:Starting HTTP Server on Port: 8077...
ERPImporta.exe: 00001DA0: 17:08:55 [TUniServerModule]:HTTP Server Started on Port: 8077
ERPImporta.exe: 000010F8: 17:10:54 []:>--------------------------------------------------------------<
ERPImporta.exe: 000010F8: 17:10:54 [TUniServerModule]:Server First Init.
ERPImporta.exe: 000010F8: 17:10:54 [TUniServerModule]:Start Path = D:\Projetos_WEB\ERP_Importa\
ERPImporta.exe: 000010F8: 17:10:54 [TUniServerModule]:Debug Mode = ON
ERPImporta.exe: 000010F8: 17:10:54 [TUniServerModule]:Starting HTTP Server on Port: 8077...
ERPImporta.exe: 000010F8: 17:10:54 [TUniServerModule]:HTTP Server Started on Port: 8077
ERPImporta.exe: 0000073C: 17:12:00 [127.0.0.1]:EVariantTypeCastError : Could not convert variant of type (Null) into type (OleStr) : Addr: $0043BA30
ERPImporta.exe: 00001D4C: 17:13:08 []:>--------------------------------------------------------------<
ERPImporta.exe: 00001D4C: 17:13:08 [TUniServerModule]:Server First Init.
ERPImporta.exe: 00001D4C: 17:13:08 [TUniServerModule]:Start Path = D:\Projetos_WEB\ERP_Importa\
ERPImporta.exe: 00001D4C: 17:13:08 [TUniServerModule]:Debug Mode = ON
ERPImporta.exe: 00001D4C: 17:13:08 [TUniServerModule]:Starting HTTP Server on Port: 8077...
ERPImporta.exe: 00001D4C: 17:13:08 [TUniServerModule]:HTTP Server Started on Port: 8077
ERPImporta.exe: 00001684: 17:14:17 []:>--------------------------------------------------------------<
ERPImporta.exe: 00001684: 17:14:17 [TUniServerModule]:Server First Init.
ERPImporta.exe: 00001684: 17:14:17 [TUniServerModule]:Start Path = D:\Projetos_WEB\ERP_Importa\
ERPImporta.exe: 00001684: 17:14:17 [TUniServerModule]:Debug Mode = ON
ERPImporta.exe: 00001684: 17:14:17 [TUniGUISessionManager]:Cache erase job created, Folder count: [1]
ERPImporta.exe: 00001684: 17:14:17 [TUniServerModule]:Starting HTTP Server on Port: 8077...
ERPImporta.exe: 00001684: 17:14:17 [TUniServerModule]:HTTP Server Started on Port: 8077
ERPImporta.exe: 000045B4: 17:14:18 [127.0.0.1]:EUniSessionException : Sessão inváilda ou tempo da sessão expirado. (Session not found: zl9lTCDg1z110737E63 ) : Addr: $007D0ED0
ERPImporta.exe: 000039BC: 17:15:59 []:>--------------------------------------------------------------<
ERPImporta.exe: 000039BC: 17:15:59 [TUniServerModule]:Server First Init.
ERPImporta.exe: 000039BC: 17:15:59 [TUniServerModule]:Start Path = D:\Projetos_WEB\ERP_Importa\
ERPImporta.exe: 000039BC: 17:15:59 [TUniServerModule]:Debug Mode = ON
ERPImporta.exe: 000039BC: 17:15:59 [TUniGUISessionManager]:Cache erase job created, Folder count: [1]
ERPImporta.exe: 000039BC: 17:15:59 [TUniServerModule]:Starting HTTP Server on Port: 8077...
ERPImporta.exe: 000039BC: 17:15:59 [TUniServerModule]:HTTP Server Started on Port: 8077
ERPImporta.exe: 000041F4: 17:17:22 [127.0.0.1]:EUniSessionException : Sessão inváilda ou tempo da sessão expirado. (Session not found: vDkP73TLo8110737EB2 ) : Addr: $007D0ED0
ERPImporta.exe: 00004BB4: 17:27:43 []:>--------------------------------------------------------------<
ERPImporta.exe: 00004BB4: 17:27:43 [TUniServerModule]:Server First Init.
ERPImporta.exe: 00004BB4: 17:27:43 [TUniServerModule]:Start Path = D:\Projetos_WEB\ERP_Importa\
ERPImporta.exe: 00004BB4: 17:27:43 [TUniServerModule]:Debug Mode = ON
ERPImporta.exe: 00004BB4: 17:27:43 [TUniServerModule]:Starting HTTP Server on Port: 8077...
ERPImporta.exe: 00004BB4: 17:27:44 [TUniServerModule]:HTTP Server Started on Port: 8077
ERPImporta.exe: 00001CF4: 17:30:38 []:>--------------------------------------------------------------<
ERPImporta.exe: 00001CF4: 17:30:38 [TUniServerModule]:Server First Init.
ERPImporta.exe: 00001CF4: 17:30:38 [TUniServerModule]:Start Path = D:\Projetos_WEB\ERP_Importa\
ERPImporta.exe: 00001CF4: 17:30:38 [TUniServerModule]:Debug Mode = ON
ERPImporta.exe: 00001CF4: 17:30:38 [TUniServerModule]:Starting HTTP Server on Port: 8077...
ERPImporta.exe: 00001CF4: 17:30:38 [TUniServerModule]:HTTP Server Started on Port: 8077
ERPImporta.exe: 00000F60: 17:32:16 []:>--------------------------------------------------------------<
ERPImporta.exe: 00000F60: 17:32:16 [TUniServerModule]:Server First Init.
ERPImporta.exe: 00000F60: 17:32:16 [TUniServerModule]:Start Path = D:\Projetos_WEB\ERP_Importa\
ERPImporta.exe: 00000F60: 17:32:16 [TUniServerModule]:Debug Mode = ON
ERPImporta.exe: 00000F60: 17:32:16 [TUniGUISessionManager]:Cache erase job created, Folder count: [1]
ERPImporta.exe: 00000F60: 17:32:16 [TUniServerModule]:Starting HTTP Server on Port: 8077...
ERPImporta.exe: 00000F60: 17:32:17 [TUniServerModule]:HTTP Server Started on Port: 8077
ERPImporta.exe: 00003B0C: 17:33:44 []:>--------------------------------------------------------------<
ERPImporta.exe: 00003B0C: 17:33:44 [TUniServerModule]:Server First Init.
ERPImporta.exe: 00003B0C: 17:33:44 [TUniServerModule]:Start Path = D:\Projetos_WEB\ERP_Importa\
ERPImporta.exe: 00003B0C: 17:33:44 [TUniServerModule]:Debug Mode = ON
ERPImporta.exe: 00003B0C: 17:33:44 [TUniServerModule]:Starting HTTP Server on Port: 8077...
ERPImporta.exe: 00003B0C: 17:33:44 [TUniServerModule]:HTTP Server Started on Port: 8077
ERPImporta.exe: 0000205C: 17:35:14 []:>--------------------------------------------------------------<
ERPImporta.exe: 0000205C: 17:35:14 [TUniServerModule]:Server First Init.
ERPImporta.exe: 0000205C: 17:35:14 [TUniServerModule]:Start Path = D:\Projetos_WEB\ERP_Importa\
ERPImporta.exe: 0000205C: 17:35:14 [TUniServerModule]:Debug Mode = ON
ERPImporta.exe: 0000205C: 17:35:14 [TUniServerModule]:Starting HTTP Server on Port: 8077...
ERPImporta.exe: 0000205C: 17:35:14 [TUniServerModule]:HTTP Server Started on Port: 8077
ERPImporta.exe: 000032CC: 17:55:29 [127.0.0.1]:EUniSessionException : Sessão inváilda ou tempo da sessão expirado. (Session not found: H9Em8hPwhf110738462 ) : Addr: $007D0ED0
ERPImporta.exe: 00002F48: 17:58:57 []:>--------------------------------------------------------------<
ERPImporta.exe: 00002F48: 17:58:57 [TUniServerModule]:Server First Init.
ERPImporta.exe: 00002F48: 17:58:57 [TUniServerModule]:Start Path = D:\Projetos_WEB\ERP_Importa\
ERPImporta.exe: 00002F48: 17:58:57 [TUniServerModule]:Debug Mode = ON
ERPImporta.exe: 00002F48: 17:58:57 [TUniServerModule]:Starting HTTP Server on Port: 8077...
ERPImporta.exe: 00002F48: 17:58:57 [TUniServerModule]:HTTP Server Started on Port: 8077
ERPImporta.exe: 00000910: 18:05:50 []:>--------------------------------------------------------------<
ERPImporta.exe: 00000910: 18:05:50 [TUniServerModule]:Server First Init.
ERPImporta.exe: 00000910: 18:05:50 [TUniServerModule]:Start Path = D:\Projetos_WEB\ERP_Importa\
ERPImporta.exe: 00000910: 18:05:50 [TUniServerModule]:Debug Mode = ON
ERPImporta.exe: 00000910: 18:05:50 [TUniServerModule]:Starting HTTP Server on Port: 8077...
ERPImporta.exe: 00000910: 18:05:50 [TUniServerModule]:HTTP Server Started on Port: 8077
ERPImporta.exe: 0000148C: 18:06:04 [[FireDAC][Phys][ODBC][Microsoft][SQL Server Native Client 11.0][SQL Server]Invalid column name 'Calculave'.-127.0.0.1]:EMSSQLNativeException : [FireDAC][Phys][ODBC][Microsoft][SQL Server Native Client 11.0][SQL Server]Invalid column name 'Calculave'. : Addr: $008E1C75
ERPImporta.exe: 00001E6C: 18:06:10 [[FireDAC][Phys][ODBC][Microsoft][SQL Server Native Client 11.0][SQL Server]Invalid column name 'Calculave'.-127.0.0.1]:EMSSQLNativeException : [FireDAC][Phys][ODBC][Microsoft][SQL Server Native Client 11.0][SQL Server]Invalid column name 'Calculave'. : Addr: $008E1C75
ERPImporta.exe: 00002674: 18:06:55 []:>--------------------------------------------------------------<
ERPImporta.exe: 00002674: 18:06:55 [TUniServerModule]:Server First Init.
ERPImporta.exe: 00002674: 18:06:55 [TUniServerModule]:Start Path = D:\Projetos_WEB\ERP_Importa\
ERPImporta.exe: 00002674: 18:06:55 [TUniServerModule]:Debug Mode = ON
ERPImporta.exe: 00002674: 18:06:55 [TUniGUISessionManager]:Cache erase job created, Folder count: [1]
ERPImporta.exe: 00002674: 18:06:55 [TUniServerModule]:Starting HTTP Server on Port: 8077...
ERPImporta.exe: 00002674: 18:06:55 [TUniServerModule]:HTTP Server Started on Port: 8077
ERPImporta.exe: 00000CE0: 18:07:09 [[FireDAC][Phys][ODBC][Microsoft][SQL Server Native Client 11.0][SQL Server]Invalid column name 'Calculave'.-127.0.0.1]:EMSSQLNativeException : [FireDAC][Phys][ODBC][Microsoft][SQL Server Native Client 11.0][SQL Server]Invalid column name 'Calculave'. : Addr: $008E1C75
ERPImporta.exe: 000036FC: 18:08:17 []:>--------------------------------------------------------------<
ERPImporta.exe: 000036FC: 18:08:17 [TUniServerModule]:Server First Init.
ERPImporta.exe: 000036FC: 18:08:17 [TUniServerModule]:Start Path = D:\Projetos_WEB\ERP_Importa\
ERPImporta.exe: 000036FC: 18:08:17 [TUniServerModule]:Debug Mode = ON
ERPImporta.exe: 000036FC: 18:08:17 [TUniGUISessionManager]:Cache erase job created, Folder count: [1]
ERPImporta.exe: 000036FC: 18:08:18 [TUniServerModule]:Starting HTTP Server on Port: 8077...
ERPImporta.exe: 000036FC: 18:08:18 [TUniServerModule]:HTTP Server Started on Port: 8077
ERPImporta.exe: 0000015C: 18:11:19 []:>--------------------------------------------------------------<
ERPImporta.exe: 0000015C: 18:11:19 [TUniServerModule]:Server First Init.
ERPImporta.exe: 0000015C: 18:11:19 [TUniServerModule]:Start Path = D:\Projetos_WEB\ERP_Importa\
ERPImporta.exe: 0000015C: 18:11:19 [TUniServerModule]:Debug Mode = ON
ERPImporta.exe: 0000015C: 18:11:19 [TUniGUISessionManager]:Cache erase job created, Folder count: [1]
ERPImporta.exe: 0000015C: 18:11:19 [TUniServerModule]:Starting HTTP Server on Port: 8077...
ERPImporta.exe: 0000015C: 18:11:19 [TUniServerModule]:HTTP Server Started on Port: 8077
ERPImporta.exe: 00002C1C: 18:15:45 []:>--------------------------------------------------------------<
ERPImporta.exe: 00002C1C: 18:15:45 [TUniServerModule]:Server First Init.
ERPImporta.exe: 00002C1C: 18:15:45 [TUniServerModule]:Start Path = D:\Projetos_WEB\ERP_Importa\
ERPImporta.exe: 00002C1C: 18:15:45 [TUniServerModule]:Debug Mode = ON
ERPImporta.exe: 00002C1C: 18:15:45 [TUniServerModule]:Starting HTTP Server on Port: 8077...
ERPImporta.exe: 00002C1C: 18:15:45 [TUniServerModule]:HTTP Server Started on Port: 8077
ERPImporta.exe: 00003C60: 18:18:49 []:>--------------------------------------------------------------<
ERPImporta.exe: 00003C60: 18:18:49 [TUniServerModule]:Server First Init.
ERPImporta.exe: 00003C60: 18:18:49 [TUniServerModule]:Start Path = D:\Projetos_WEB\ERP_Importa\
ERPImporta.exe: 00003C60: 18:18:49 [TUniServerModule]:Debug Mode = ON
ERPImporta.exe: 00003C60: 18:18:49 [TUniServerModule]:Starting HTTP Server on Port: 8077...
ERPImporta.exe: 00003C60: 18:18:49 [TUniServerModule]:HTTP Server Started on Port: 8077
ERPImporta.exe: 00003A1C: 18:20:28 []:>--------------------------------------------------------------<
ERPImporta.exe: 00003A1C: 18:20:28 [TUniServerModule]:Server First Init.
ERPImporta.exe: 00003A1C: 18:20:28 [TUniServerModule]:Start Path = D:\Projetos_WEB\ERP_Importa\
ERPImporta.exe: 00003A1C: 18:20:28 [TUniServerModule]:Debug Mode = ON
ERPImporta.exe: 00003A1C: 18:20:28 [TUniGUISessionManager]:Cache erase job created, Folder count: [1]
ERPImporta.exe: 00003A1C: 18:20:28 [TUniServerModule]:Starting HTTP Server on Port: 8077...
ERPImporta.exe: 00003A1C: 18:20:28 [TUniServerModule]:HTTP Server Started on Port: 8077
ERPImporta.exe: 000038AC: 18:21:38 []:>--------------------------------------------------------------<
ERPImporta.exe: 000038AC: 18:21:38 [TUniServerModule]:Server First Init.
ERPImporta.exe: 000038AC: 18:21:38 [TUniServerModule]:Start Path = D:\Projetos_WEB\ERP_Importa\
ERPImporta.exe: 000038AC: 18:21:38 [TUniServerModule]:Debug Mode = ON
ERPImporta.exe: 000038AC: 18:21:39 [TUniServerModule]:Starting HTTP Server on Port: 8077...
ERPImporta.exe: 000038AC: 18:21:39 [TUniServerModule]:HTTP Server Started on Port: 8077
ERPImporta.exe: 000032E8: 18:25:20 []:>--------------------------------------------------------------<
ERPImporta.exe: 000032E8: 18:25:20 [TUniServerModule]:Server First Init.
ERPImporta.exe: 000032E8: 18:25:20 [TUniServerModule]:Start Path = D:\Projetos_WEB\ERP_Importa\
ERPImporta.exe: 000032E8: 18:25:20 [TUniServerModule]:Debug Mode = ON
ERPImporta.exe: 000032E8: 18:25:21 [TUniServerModule]:Starting HTTP Server on Port: 8077...
ERPImporta.exe: 000032E8: 18:25:21 [TUniServerModule]:HTTP Server Started on Port: 8077
ERPImporta.exe: 000049C4: 20:21:42 []:>--------------------------------------------------------------<
ERPImporta.exe: 000049C4: 20:21:42 [TUniServerModule]:Server First Init.
ERPImporta.exe: 000049C4: 20:21:42 [TUniServerModule]:Start Path = D:\Projetos_WEB\ERP_Importa\
ERPImporta.exe: 000049C4: 20:21:42 [TUniServerModule]:Debug Mode = ON
ERPImporta.exe: 000049C4: 20:21:42 [TUniServerModule]:Starting HTTP Server on Port: 8077...
ERPImporta.exe: 000049C4: 20:21:42 [TUniServerModule]:HTTP Server Started on Port: 8077
ERPImporta.exe: 000048D8: 20:22:43 []:>--------------------------------------------------------------<
ERPImporta.exe: 000048D8: 20:22:43 [TUniServerModule]:Server First Init.
ERPImporta.exe: 000048D8: 20:22:43 [TUniServerModule]:Start Path = D:\Projetos_WEB\ERP_Importa\
ERPImporta.exe: 000048D8: 20:22:43 [TUniServerModule]:Debug Mode = ON
ERPImporta.exe: 000048D8: 20:22:43 [TUniServerModule]:Starting HTTP Server on Port: 8077...
ERPImporta.exe: 000048D8: 20:22:43 [TUniServerModule]:HTTP Server Started on Port: 8077
ERPImporta.exe: 000022C4: 20:25:52 []:>--------------------------------------------------------------<
ERPImporta.exe: 000022C4: 20:25:52 [TUniServerModule]:Server First Init.
ERPImporta.exe: 000022C4: 20:25:52 [TUniServerModule]:Start Path = D:\Projetos_WEB\ERP_Importa\
ERPImporta.exe: 000022C4: 20:25:52 [TUniServerModule]:Debug Mode = ON
ERPImporta.exe: 000022C4: 20:25:52 [TUniGUISessionManager]:Cache erase job created, Folder count: [1]
ERPImporta.exe: 000022C4: 20:25:52 [TUniServerModule]:Starting HTTP Server on Port: 8077...
ERPImporta.exe: 000022C4: 20:25:52 [TUniServerModule]:HTTP Server Started on Port: 8077
ERPImporta.exe: 00003920: 20:36:30 [127.0.0.1]:EUniSessionException : Sessão inváilda ou tempo da sessão expirado. (Session not found: r5RhsX61pw11073B2AB ) : Addr: $007D0ED0
ERPImporta.exe: 000018D0: 20:38:35 []:>--------------------------------------------------------------<
ERPImporta.exe: 000018D0: 20:38:35 [TUniServerModule]:Server First Init.
ERPImporta.exe: 000018D0: 20:38:35 [TUniServerModule]:Start Path = D:\Projetos_WEB\ERP_Importa\
ERPImporta.exe: 000018D0: 20:38:35 [TUniServerModule]:Debug Mode = ON
ERPImporta.exe: 000018D0: 20:38:35 [TUniServerModule]:Starting HTTP Server on Port: 8077...
ERPImporta.exe: 000018D0: 20:38:35 [TUniServerModule]:HTTP Server Started on Port: 8077
ERPImporta.exe: 00002148: 20:42:02 []:>--------------------------------------------------------------<
ERPImporta.exe: 00002148: 20:42:02 [TUniServerModule]:Server First Init.
ERPImporta.exe: 00002148: 20:42:02 [TUniServerModule]:Start Path = D:\Projetos_WEB\ERP_Importa\
ERPImporta.exe: 00002148: 20:42:02 [TUniServerModule]:Debug Mode = ON
ERPImporta.exe: 00002148: 20:42:02 [TUniGUISessionManager]:Cache erase job created, Folder count: [1]
ERPImporta.exe: 00002148: 20:42:02 [TUniServerModule]:Starting HTTP Server on Port: 8077...
ERPImporta.exe: 00002148: 20:42:02 [TUniServerModule]:HTTP Server Started on Port: 8077
ERPImporta.exe: 00003A30: 20:43:18 []:>--------------------------------------------------------------<
ERPImporta.exe: 00003A30: 20:43:18 [TUniServerModule]:Server First Init.
ERPImporta.exe: 00003A30: 20:43:18 [TUniServerModule]:Start Path = D:\Projetos_WEB\ERP_Importa\
ERPImporta.exe: 00003A30: 20:43:18 [TUniServerModule]:Debug Mode = ON
ERPImporta.exe: 00003A30: 20:43:18 [TUniServerModule]:Starting HTTP Server on Port: 8077...
ERPImporta.exe: 00003A30: 20:43:18 [TUniServerModule]:HTTP Server Started on Port: 8077
ERPImporta.exe: 00002F60: 20:44:31 []:>--------------------------------------------------------------<
ERPImporta.exe: 00002F60: 20:44:31 [TUniServerModule]:Server First Init.
ERPImporta.exe: 00002F60: 20:44:31 [TUniServerModule]:Start Path = D:\Projetos_WEB\ERP_Importa\
ERPImporta.exe: 00002F60: 20:44:31 [TUniServerModule]:Debug Mode = ON
ERPImporta.exe: 00002F60: 20:44:31 [TUniGUISessionManager]:Cache erase job created, Folder count: [1]
ERPImporta.exe: 00002F60: 20:44:31 [TUniServerModule]:Starting HTTP Server on Port: 8077...
ERPImporta.exe: 00002F60: 20:44:31 [TUniServerModule]:HTTP Server Started on Port: 8077
ERPImporta.exe: 000033B4: 20:46:34 []:>--------------------------------------------------------------<
ERPImporta.exe: 000033B4: 20:46:34 [TUniServerModule]:Server First Init.
ERPImporta.exe: 000033B4: 20:46:34 [TUniServerModule]:Start Path = D:\Projetos_WEB\ERP_Importa\
ERPImporta.exe: 000033B4: 20:46:34 [TUniServerModule]:Debug Mode = ON
ERPImporta.exe: 000033B4: 20:46:34 [TUniGUISessionManager]:Cache erase job created, Folder count: [1]
ERPImporta.exe: 000033B4: 20:46:34 [TUniServerModule]:Starting HTTP Server on Port: 8077...
ERPImporta.exe: 000033B4: 20:46:34 [TUniServerModule]:HTTP Server Started on Port: 8077
ERPImporta.exe: 00003C18: 20:47:22 []:>--------------------------------------------------------------<
ERPImporta.exe: 00003C18: 20:47:22 [TUniServerModule]:Server First Init.
ERPImporta.exe: 00003C18: 20:47:22 [TUniServerModule]:Start Path = D:\Projetos_WEB\ERP_Importa\
ERPImporta.exe: 00003C18: 20:47:22 [TUniServerModule]:Debug Mode = ON
ERPImporta.exe: 00003C18: 20:47:22 [TUniServerModule]:Starting HTTP Server on Port: 8077...
ERPImporta.exe: 00003C18: 20:47:22 [TUniServerModule]:HTTP Server Started on Port: 8077
ERPImporta.exe: 0000155C: 20:51:25 []:>--------------------------------------------------------------<
ERPImporta.exe: 0000155C: 20:51:25 [TUniServerModule]:Server First Init.
ERPImporta.exe: 0000155C: 20:51:25 [TUniServerModule]:Start Path = D:\Projetos_WEB\ERP_Importa\
ERPImporta.exe: 0000155C: 20:51:25 [TUniServerModule]:Debug Mode = ON
ERPImporta.exe: 0000155C: 20:51:25 [TUniServerModule]:Starting HTTP Server on Port: 8077...
ERPImporta.exe: 0000155C: 20:51:25 [TUniServerModule]:HTTP Server Started on Port: 8077
ERPImporta.exe: 00004AA8: 20:53:19 []:>--------------------------------------------------------------<
ERPImporta.exe: 00004AA8: 20:53:19 [TUniServerModule]:Server First Init.
ERPImporta.exe: 00004AA8: 20:53:19 [TUniServerModule]:Start Path = D:\Projetos_WEB\ERP_Importa\
ERPImporta.exe: 00004AA8: 20:53:19 [TUniServerModule]:Debug Mode = ON
ERPImporta.exe: 00004AA8: 20:53:19 [TUniServerModule]:Starting HTTP Server on Port: 8077...
ERPImporta.exe: 00004AA8: 20:53:19 [TUniServerModule]:HTTP Server Started on Port: 8077
ERPImporta.exe: 000034B4: 20:55:49 []:>--------------------------------------------------------------<
ERPImporta.exe: 000034B4: 20:55:49 [TUniServerModule]:Server First Init.
ERPImporta.exe: 000034B4: 20:55:49 [TUniServerModule]:Start Path = D:\Projetos_WEB\ERP_Importa\
ERPImporta.exe: 000034B4: 20:55:49 [TUniServerModule]:Debug Mode = ON
ERPImporta.exe: 000034B4: 20:55:49 [TUniGUISessionManager]:Cache erase job created, Folder count: [1]
ERPImporta.exe: 000034B4: 20:55:49 [TUniServerModule]:Starting HTTP Server on Port: 8077...
ERPImporta.exe: 000034B4: 20:55:49 [TUniServerModule]:HTTP Server Started on Port: 8077
ERPImporta.exe: 00004A60: 20:56:47 []:>--------------------------------------------------------------<
ERPImporta.exe: 00004A60: 20:56:47 [TUniServerModule]:Server First Init.
ERPImporta.exe: 00004A60: 20:56:47 [TUniServerModule]:Start Path = D:\Projetos_WEB\ERP_Importa\
ERPImporta.exe: 00004A60: 20:56:47 [TUniServerModule]:Debug Mode = ON
ERPImporta.exe: 00004A60: 20:56:47 [TUniGUISessionManager]:Cache erase job created, Folder count: [1]
ERPImporta.exe: 00004A60: 20:56:47 [TUniServerModule]:Starting HTTP Server on Port: 8077...
ERPImporta.exe: 00004A60: 20:56:47 [TUniServerModule]:HTTP Server Started on Port: 8077
ERPImporta.exe: 00002984: 20:57:37 []:>--------------------------------------------------------------<
ERPImporta.exe: 00002984: 20:57:37 [TUniServerModule]:Server First Init.
ERPImporta.exe: 00002984: 20:57:37 [TUniServerModule]:Start Path = D:\Projetos_WEB\ERP_Importa\
ERPImporta.exe: 00002984: 20:57:37 [TUniServerModule]:Debug Mode = ON
ERPImporta.exe: 00002984: 20:57:37 [TUniServerModule]:Starting HTTP Server on Port: 8077...
ERPImporta.exe: 00002984: 20:57:37 [TUniServerModule]:HTTP Server Started on Port: 8077
ERPImporta.exe: 00004710: 20:58:37 []:>--------------------------------------------------------------<
ERPImporta.exe: 00004710: 20:58:37 [TUniServerModule]:Server First Init.
ERPImporta.exe: 00004710: 20:58:37 [TUniServerModule]:Start Path = D:\Projetos_WEB\ERP_Importa\
ERPImporta.exe: 00004710: 20:58:38 [TUniServerModule]:Debug Mode = ON
ERPImporta.exe: 00004710: 20:58:38 [TUniServerModule]:Starting HTTP Server on Port: 8077...
ERPImporta.exe: 00004710: 20:58:38 [TUniServerModule]:HTTP Server Started on Port: 8077
ERPImporta.exe: 000027AC: 21:02:15 []:>--------------------------------------------------------------<
ERPImporta.exe: 000027AC: 21:02:15 [TUniServerModule]:Server First Init.
ERPImporta.exe: 000027AC: 21:02:15 [TUniServerModule]:Start Path = D:\Projetos_WEB\ERP_Importa\
ERPImporta.exe: 000027AC: 21:02:15 [TUniServerModule]:Debug Mode = ON
ERPImporta.exe: 000027AC: 21:02:15 [TUniServerModule]:Starting HTTP Server on Port: 8077...
ERPImporta.exe: 000027AC: 21:02:15 [TUniServerModule]:HTTP Server Started on Port: 8077
ERPImporta.exe: 000026C8: 21:03:05 []:>--------------------------------------------------------------<
ERPImporta.exe: 000026C8: 21:03:05 [TUniServerModule]:Server First Init.
ERPImporta.exe: 000026C8: 21:03:05 [TUniServerModule]:Start Path = D:\Projetos_WEB\ERP_Importa\
ERPImporta.exe: 000026C8: 21:03:05 [TUniServerModule]:Debug Mode = ON
ERPImporta.exe: 000026C8: 21:03:05 [TUniServerModule]:Starting HTTP Server on Port: 8077...
ERPImporta.exe: 000026C8: 21:03:05 [TUniServerModule]:HTTP Server Started on Port: 8077
ERPImporta.exe: 00003A24: 21:03:26 []:>--------------------------------------------------------------<
ERPImporta.exe: 00003A24: 21:03:26 [TUniServerModule]:Server First Init.
ERPImporta.exe: 00003A24: 21:03:26 [TUniServerModule]:Start Path = D:\Projetos_WEB\ERP_Importa\
ERPImporta.exe: 00003A24: 21:03:26 [TUniServerModule]:Debug Mode = ON
ERPImporta.exe: 00003A24: 21:03:26 [TUniGUISessionManager]:Cache erase job created, Folder count: [1]
ERPImporta.exe: 00003A24: 21:03:27 [TUniServerModule]:Starting HTTP Server on Port: 8077...
ERPImporta.exe: 00003A24: 21:03:27 [TUniServerModule]:HTTP Server Started on Port: 8077
ERPImporta.exe: 000026A4: 21:05:06 []:>--------------------------------------------------------------<
ERPImporta.exe: 000026A4: 21:05:06 [TUniServerModule]:Server First Init.
ERPImporta.exe: 000026A4: 21:05:06 [TUniServerModule]:Start Path = D:\Projetos_WEB\ERP_Importa\
ERPImporta.exe: 000026A4: 21:05:06 [TUniServerModule]:Debug Mode = ON
ERPImporta.exe: 000026A4: 21:05:06 [TUniGUISessionManager]:Cache erase job created, Folder count: [1]
ERPImporta.exe: 000026A4: 21:05:06 [TUniServerModule]:Starting HTTP Server on Port: 8077...
ERPImporta.exe: 000026A4: 21:05:06 [TUniServerModule]:HTTP Server Started on Port: 8077
ERPImporta.exe: 00001004: 21:05:55 []:>--------------------------------------------------------------<
ERPImporta.exe: 00001004: 21:05:55 [TUniServerModule]:Server First Init.
ERPImporta.exe: 00001004: 21:05:55 [TUniServerModule]:Start Path = D:\Projetos_WEB\ERP_Importa\
ERPImporta.exe: 00001004: 21:05:55 [TUniServerModule]:Debug Mode = ON
ERPImporta.exe: 00001004: 21:05:55 [TUniGUISessionManager]:Cache erase job created, Folder count: [1]
ERPImporta.exe: 00001004: 21:05:55 [TUniServerModule]:Starting HTTP Server on Port: 8077...
ERPImporta.exe: 00001004: 21:05:55 [TUniServerModule]:HTTP Server Started on Port: 8077
ERPImporta.exe: 00000EB0: 21:06:33 [127.0.0.1]:EUniSessionException : Sessão inváilda ou tempo da sessão expirado. (Session not found: ku144gTUgS11073BD50 ) : Addr: $007D0ED0
ERPImporta.exe: 00002EA8: 21:08:50 []:>--------------------------------------------------------------<
ERPImporta.exe: 00002EA8: 21:08:50 [TUniServerModule]:Server First Init.
ERPImporta.exe: 00002EA8: 21:08:50 [TUniServerModule]:Start Path = D:\Projetos_WEB\ERP_Importa\
ERPImporta.exe: 00002EA8: 21:08:50 [TUniServerModule]:Debug Mode = ON
ERPImporta.exe: 00002EA8: 21:08:51 [TUniServerModule]:Starting HTTP Server on Port: 8077...
ERPImporta.exe: 00002EA8: 21:08:51 [TUniServerModule]:HTTP Server Started on Port: 8077
ERPImporta.exe: 00002BF0: 21:10:19 []:>--------------------------------------------------------------<
ERPImporta.exe: 00002BF0: 21:10:19 [TUniServerModule]:Server First Init.
ERPImporta.exe: 00002BF0: 21:10:19 [TUniServerModule]:Start Path = D:\Projetos_WEB\ERP_Importa\
ERPImporta.exe: 00002BF0: 21:10:19 [TUniServerModule]:Debug Mode = ON
ERPImporta.exe: 00002BF0: 21:10:19 [TUniGUISessionManager]:Cache erase job created, Folder count: [1]
ERPImporta.exe: 00002BF0: 21:10:19 [TUniServerModule]:Starting HTTP Server on Port: 8077...
ERPImporta.exe: 00002BF0: 21:10:19 [TUniServerModule]:HTTP Server Started on Port: 8077
ERPImporta.exe: 000002D8: 21:10:51 []:>--------------------------------------------------------------<
ERPImporta.exe: 000002D8: 21:10:51 [TUniServerModule]:Server First Init.
ERPImporta.exe: 000002D8: 21:10:51 [TUniServerModule]:Start Path = D:\Projetos_WEB\ERP_Importa\
ERPImporta.exe: 000002D8: 21:10:51 [TUniServerModule]:Debug Mode = ON
ERPImporta.exe: 000002D8: 21:10:51 [TUniGUISessionManager]:Cache erase job created, Folder count: [1]
ERPImporta.exe: 000002D8: 21:10:51 [TUniServerModule]:Starting HTTP Server on Port: 8077...
ERPImporta.exe: 000002D8: 21:10:51 [TUniServerModule]:HTTP Server Started on Port: 8077
ERPImporta.exe: 00004CC0: 21:16:20 []:>--------------------------------------------------------------<
ERPImporta.exe: 00004CC0: 21:16:20 [TUniServerModule]:Server First Init.
ERPImporta.exe: 00004CC0: 21:16:20 [TUniServerModule]:Start Path = D:\Projetos_WEB\ERP_Importa\
ERPImporta.exe: 00004CC0: 21:16:20 [TUniServerModule]:Debug Mode = ON
ERPImporta.exe: 00004CC0: 21:16:20 [TUniGUISessionManager]:Cache erase job created, Folder count: [1]
ERPImporta.exe: 00004CC0: 21:16:20 [TUniServerModule]:Starting HTTP Server on Port: 8077...
ERPImporta.exe: 00004CC0: 21:16:20 [TUniServerModule]:HTTP Server Started on Port: 8077
ERPImporta.exe: 00003158: 21:16:22 [127.0.0.1]:EUniSessionException : Sessão inváilda ou tempo da sessão expirado. (Session not found: SjT9wAXnHq11073BEDF ) : Addr: $007D0ED0
ERPImporta.exe: 000024B0: 21:17:18 []:>--------------------------------------------------------------<
ERPImporta.exe: 000024B0: 21:17:18 [TUniServerModule]:Server First Init.
ERPImporta.exe: 000024B0: 21:17:18 [TUniServerModule]:Start Path = D:\Projetos_WEB\ERP_Importa\
ERPImporta.exe: 000024B0: 21:17:18 [TUniGUISessionManager]:Cache erase job created, Folder count: [1]
ERPImporta.exe: 000024B0: 21:17:18 [TUniServerModule]:Starting HTTP Server on Port: 8077...
ERPImporta.exe: 000024B0: 21:17:18 [TUniServerModule]:HTTP Server Started on Port: 8077
ERPImporta.exe: 00000808: 21:18:49 []:>--------------------------------------------------------------<
ERPImporta.exe: 00000808: 21:18:49 [TUniServerModule]:Server First Init.
ERPImporta.exe: 00000808: 21:18:49 [TUniServerModule]:Start Path = D:\Projetos_WEB\ERP_Importa\
ERPImporta.exe: 00000808: 21:18:49 [TUniServerModule]:Starting HTTP Server on Port: 8077...
ERPImporta.exe: 00000808: 21:18:49 [TUniServerModule]:HTTP Server Started on Port: 8077
ERPImporta.exe: 00002CD8: 21:22:30 []:>--------------------------------------------------------------<
ERPImporta.exe: 00002CD8: 21:22:30 [TUniServerModule]:Server First Init.
ERPImporta.exe: 00002CD8: 21:22:30 [TUniServerModule]:Start Path = D:\Projetos_WEB\ERP_Importa\
ERPImporta.exe: 00002CD8: 21:22:30 [TUniServerModule]:Debug Mode = ON
ERPImporta.exe: 00002CD8: 21:22:30 [TUniGUISessionManager]:Cache erase job created, Folder count: [2]
ERPImporta.exe: 00002CD8: 21:22:30 [TUniServerModule]:Starting HTTP Server on Port: 8077...
ERPImporta.exe: 00002CD8: 21:22:30 [TUniServerModule]:HTTP Server Started on Port: 8077
ERPImporta.exe: 00004A74: 21:23:09 []:>--------------------------------------------------------------<
ERPImporta.exe: 00004A74: 21:23:09 [TUniServerModule]:Server First Init.
ERPImporta.exe: 00004A74: 21:23:09 [TUniServerModule]:Start Path = D:\Projetos_WEB\ERP_Importa\
ERPImporta.exe: 00004A74: 21:23:09 [TUniServerModule]:Starting HTTP Server on Port: 8077...
ERPImporta.exe: 00004A74: 21:23:09 [TUniServerModule]:HTTP Server Started on Port: 8077
ERPImporta.exe: 00002280: 21:24:39 []:>--------------------------------------------------------------<
ERPImporta.exe: 00002280: 21:24:39 [TUniServerModule]:Server First Init.
ERPImporta.exe: 00002280: 21:24:39 [TUniServerModule]:Start Path = D:\Projetos_WEB\ERP_Importa\
ERPImporta.exe: 00002280: 21:24:39 [TUniGUISessionManager]:Cache erase job created, Folder count: [1]
ERPImporta.exe: 00002280: 21:24:39 [TUniServerModule]:Starting HTTP Server on Port: 8077...
ERPImporta.exe: 00002280: 21:24:39 [TUniServerModule]:HTTP Server Started on Port: 8077
ERPImporta.exe: 000021AC: 21:34:47 []:>--------------------------------------------------------------<
ERPImporta.exe: 000021AC: 21:34:47 [TUniServerModule]:Server First Init.
ERPImporta.exe: 000021AC: 21:34:47 [TUniServerModule]:Start Path = D:\Projetos_WEB\ERP_Importa\
ERPImporta.exe: 000021AC: 21:34:47 [TUniServerModule]:Debug Mode = ON
ERPImporta.exe: 000021AC: 21:34:47 [TUniGUISessionManager]:Cache erase job created, Folder count: [1]
ERPImporta.exe: 000021AC: 21:34:47 [TUniServerModule]:Starting HTTP Server on Port: 8077...
ERPImporta.exe: 000021AC: 21:34:47 [TUniServerModule]:HTTP Server Started on Port: 8077
ERPImporta.exe: 00004C70: 21:36:13 []:>--------------------------------------------------------------<
ERPImporta.exe: 00004C70: 21:36:13 [TUniServerModule]:Server First Init.
ERPImporta.exe: 00004C70: 21:36:13 [TUniServerModule]:Start Path = D:\Projetos_WEB\ERP_Importa\
ERPImporta.exe: 00004C70: 21:36:13 [TUniServerModule]:Debug Mode = ON
ERPImporta.exe: 00004C70: 21:36:14 [TUniGUISessionManager]:Cache erase job created, Folder count: [1]
ERPImporta.exe: 00004C70: 21:36:14 [TUniServerModule]:Starting HTTP Server on Port: 8077...
ERPImporta.exe: 00004C70: 21:36:14 [TUniServerModule]:HTTP Server Started on Port: 8077
ERPImporta.exe: 00001DA0: 21:36:14 [127.0.0.1]:EUniSessionException : Sessão inváilda ou tempo da sessão expirado. (Session not found: fZO7x8szgO11073C55D ) : Addr: $007D0ED0
ERPImporta.exe: 00001CF0: 21:36:14 [127.0.0.1]:EUniSessionException : Sessão inváilda ou tempo da sessão expirado. (Session not found: fZO7x8szgO11073C55D ) : Addr: $007D0ED0
ERPImporta.exe: 00001BBC: 21:36:15 [127.0.0.1]:EUniSessionException : Sessão inváilda ou tempo da sessão expirado. (Session not found: fZO7x8szgO11073C55D ) : Addr: $007D0ED0
ERPImporta.exe: 00002158: 21:36:51 []:>--------------------------------------------------------------<
ERPImporta.exe: 00002158: 21:36:51 [TUniServerModule]:Server First Init.
ERPImporta.exe: 00002158: 21:36:51 [TUniServerModule]:Start Path = D:\Projetos_WEB\ERP_Importa\
ERPImporta.exe: 00002158: 21:36:51 [TUniGUISessionManager]:Cache erase job created, Folder count: [1]
ERPImporta.exe: 00002158: 21:36:51 [TUniServerModule]:Starting HTTP Server on Port: 8077...
ERPImporta.exe: 00002158: 21:36:51 [TUniServerModule]:HTTP Server Started on Port: 8077
ERPImporta.exe: 00000BCC: 21:36:56 [127.0.0.1]:EUniSessionException : Sessão inváilda ou tempo da sessão expirado. (Session not found: zb2WZo9H3H11073C5C1 ) : Addr: $007D0ED0
ERPImporta.exe: 00003958: 21:36:56 [127.0.0.1]:EUniSessionException : Sessão inváilda ou tempo da sessão expirado. (Session not found: zb2WZo9H3H11073C5C1 ) : Addr: $007D0ED0
ERPImporta.exe: 000028EC: 21:38:02 []:>--------------------------------------------------------------<
ERPImporta.exe: 000028EC: 21:38:02 [TUniServerModule]:Server First Init.
ERPImporta.exe: 000028EC: 21:38:02 [TUniServerModule]:Start Path = D:\Projetos_WEB\ERP_Importa\
ERPImporta.exe: 000028EC: 21:38:02 [TUniServerModule]:Debug Mode = ON
ERPImporta.exe: 000028EC: 21:38:02 [TUniGUISessionManager]:Cache erase job created, Folder count: [1]
ERPImporta.exe: 000028EC: 21:38:02 [TUniServerModule]:Starting HTTP Server on Port: 8077...
ERPImporta.exe: 000028EC: 21:38:02 [TUniServerModule]:HTTP Server Started on Port: 8077
ERPImporta.exe: 00003850: 21:38:42 []:>--------------------------------------------------------------<
ERPImporta.exe: 00003850: 21:38:42 [TUniServerModule]:Server First Init.
ERPImporta.exe: 00003850: 21:38:42 [TUniServerModule]:Start Path = D:\Projetos_WEB\ERP_Importa\
ERPImporta.exe: 00003850: 21:38:42 [TUniServerModule]:Debug Mode = ON
ERPImporta.exe: 00003850: 21:38:43 [TUniServerModule]:Starting HTTP Server on Port: 8077...
ERPImporta.exe: 00003850: 21:38:43 [TUniServerModule]:HTTP Server Started on Port: 8077
ERPImporta.exe: 00002F64: 21:39:24 []:>--------------------------------------------------------------<
ERPImporta.exe: 00002F64: 21:39:24 [TUniServerModule]:Server First Init.
ERPImporta.exe: 00002F64: 21:39:24 [TUniServerModule]:Start Path = D:\Projetos_WEB\ERP_Importa\
ERPImporta.exe: 00002F64: 21:39:24 [TUniServerModule]:Starting HTTP Server on Port: 8077...
ERPImporta.exe: 00002F64: 21:39:24 [TUniServerModule]:HTTP Server Started on Port: 8077
ERPImporta.exe: 00000B2C: 21:41:39 []:>--------------------------------------------------------------<
ERPImporta.exe: 00000B2C: 21:41:39 [TUniServerModule]:Server First Init.
ERPImporta.exe: 00000B2C: 21:41:39 [TUniServerModule]:Start Path = D:\Projetos_WEB\ERP_Importa\
ERPImporta.exe: 00000B2C: 21:41:39 [TUniServerModule]:Debug Mode = ON
ERPImporta.exe: 00000B2C: 21:41:39 [TUniGUISessionManager]:Cache erase job created, Folder count: [1]
ERPImporta.exe: 00000B2C: 21:41:39 [TUniServerModule]:Starting HTTP Server on Port: 8077...
ERPImporta.exe: 00000B2C: 21:41:39 [TUniServerModule]:HTTP Server Started on Port: 8077
ERPImporta.exe: 00004E80: 22:03:32 []:>--------------------------------------------------------------<
ERPImporta.exe: 00004E80: 22:03:32 [TUniServerModule]:Server First Init.
ERPImporta.exe: 00004E80: 22:03:32 [TUniServerModule]:Start Path = D:\Projetos_WEB\ERP_Importa\
ERPImporta.exe: 00004E80: 22:03:32 [TUniServerModule]:Debug Mode = ON
ERPImporta.exe: 00004E80: 22:03:32 [TUniServerModule]:Starting HTTP Server on Port: 8077...
ERPImporta.exe: 00004E80: 22:03:32 [TUniServerModule]:HTTP Server Started on Port: 8077
ERPImporta.exe: 0000389C: 22:06:15 []:>--------------------------------------------------------------<
ERPImporta.exe: 0000389C: 22:06:15 [TUniServerModule]:Server First Init.
ERPImporta.exe: 0000389C: 22:06:15 [TUniServerModule]:Start Path = D:\Projetos_WEB\ERP_Importa\
ERPImporta.exe: 0000389C: 22:06:15 [TUniServerModule]:Debug Mode = ON
ERPImporta.exe: 0000389C: 22:06:15 [TUniGUISessionManager]:Cache erase job created, Folder count: [1]
ERPImporta.exe: 0000389C: 22:06:15 [TUniServerModule]:Starting HTTP Server on Port: 8077...
ERPImporta.exe: 0000389C: 22:06:15 [TUniServerModule]:HTTP Server Started on Port: 8077
ERPImporta.exe: 00002004: 22:08:40 []:>--------------------------------------------------------------<
ERPImporta.exe: 00002004: 22:08:40 [TUniServerModule]:Server First Init.
ERPImporta.exe: 00002004: 22:08:40 [TUniServerModule]:Start Path = D:\Projetos_WEB\ERP_Importa\
ERPImporta.exe: 00002004: 22:08:40 [TUniServerModule]:Debug Mode = ON
ERPImporta.exe: 00002004: 22:08:40 [TUniGUISessionManager]:Cache erase job created, Folder count: [1]
ERPImporta.exe: 00002004: 22:08:40 [TUniServerModule]:Starting HTTP Server on Port: 8077...
ERPImporta.exe: 00002004: 22:08:40 [TUniServerModule]:HTTP Server Started on Port: 8077
ERPImporta.exe: 00003ABC: 22:08:46 [[FireDAC][Phys][ODBC][Microsoft][SQL Server Native Client 11.0][SQL Server]Invalid object name 'FormaPagamento'.-127.0.0.1]:EMSSQLNativeException : [FireDAC][Phys][ODBC][Microsoft][SQL Server Native Client 11.0][SQL Server]Invalid object name 'FormaPagamento'. : Addr: $008E1C75
ERPImporta.exe: 00000740: 22:08:47 [127.0.0.1]:EUniSessionException : Sessão inváilda ou tempo da sessão expirado. (Session not found: QRnlQ2h8bN11073CD29 ) : Addr: $007D0ED0
ERPImporta.exe: 00001004: 22:08:50 [HandleFileRequest[127.0.0.1]]:File not found: D:\Projetos_WEB\ERP_Importa\files\images\fundo8.jpg
ERPImporta.exe: 00004D6C: 22:09:20 []:>--------------------------------------------------------------<
ERPImporta.exe: 00004D6C: 22:09:20 [TUniServerModule]:Server First Init.
ERPImporta.exe: 00004D6C: 22:09:20 [TUniServerModule]:Start Path = D:\Projetos_WEB\ERP_Importa\
ERPImporta.exe: 00004D6C: 22:09:20 [TUniServerModule]:Debug Mode = ON
ERPImporta.exe: 00004D6C: 22:09:20 [TUniGUISessionManager]:Cache erase job created, Folder count: [1]
ERPImporta.exe: 00004D6C: 22:09:21 [TUniServerModule]:Starting HTTP Server on Port: 8077...
ERPImporta.exe: 00004D6C: 22:09:21 [TUniServerModule]:HTTP Server Started on Port: 8077
ERPImporta.exe: 00003C58: 22:10:24 []:>--------------------------------------------------------------<
ERPImporta.exe: 00003C58: 22:10:24 [TUniServerModule]:Server First Init.
ERPImporta.exe: 00003C58: 22:10:24 [TUniServerModule]:Start Path = D:\Projetos_WEB\ERP_Importa\
ERPImporta.exe: 00003C58: 22:10:24 [TUniServerModule]:Debug Mode = ON
ERPImporta.exe: 00003C58: 22:10:24 [TUniGUISessionManager]:Cache erase job created, Folder count: [1]
ERPImporta.exe: 00003C58: 22:10:25 [TUniServerModule]:Starting HTTP Server on Port: 8077...
ERPImporta.exe: 00003C58: 22:10:25 [TUniServerModule]:HTTP Server Started on Port: 8077
ERPImporta.exe: 000033DC: 22:10:25 [127.0.0.1]:EUniSessionException : Sessão inváilda ou tempo da sessão expirado. (Session not found: Rl7oKhQ1fB11073CEBD ) : Addr: $007D0ED0
ERPImporta.exe: 00001F74: 22:11:45 []:>--------------------------------------------------------------<
ERPImporta.exe: 00001F74: 22:11:45 [TUniServerModule]:Server First Init.
ERPImporta.exe: 00001F74: 22:11:45 [TUniServerModule]:Start Path = D:\Projetos_WEB\ERP_Importa\
ERPImporta.exe: 00001F74: 22:11:45 [TUniServerModule]:Debug Mode = ON
ERPImporta.exe: 00001F74: 22:11:45 [TUniGUISessionManager]:Cache erase job created, Folder count: [1]
ERPImporta.exe: 00001F74: 22:11:45 [TUniServerModule]:Starting HTTP Server on Port: 8077...
ERPImporta.exe: 00001F74: 22:11:45 [TUniServerModule]:HTTP Server Started on Port: 8077
ERPImporta.exe: 0000231C: 22:12:54 []:>--------------------------------------------------------------<
ERPImporta.exe: 0000231C: 22:12:54 [TUniServerModule]:Server First Init.
ERPImporta.exe: 0000231C: 22:12:54 [TUniServerModule]:Start Path = D:\Projetos_WEB\ERP_Importa\
ERPImporta.exe: 0000231C: 22:12:54 [TUniServerModule]:Debug Mode = ON
ERPImporta.exe: 0000231C: 22:12:54 [TUniServerModule]:Starting HTTP Server on Port: 8077...
ERPImporta.exe: 0000231C: 22:12:55 [TUniServerModule]:HTTP Server Started on Port: 8077
ERPImporta.exe: 00004FA4: 22:14:49 []:>--------------------------------------------------------------<
ERPImporta.exe: 00004FA4: 22:14:49 [TUniServerModule]:Server First Init.
ERPImporta.exe: 00004FA4: 22:14:49 [TUniServerModule]:Start Path = D:\Projetos_WEB\ERP_Importa\
ERPImporta.exe: 00004FA4: 22:14:49 [TUniServerModule]:Debug Mode = ON
ERPImporta.exe: 00004FA4: 22:14:49 [TUniGUISessionManager]:Cache erase job created, Folder count: [1]
ERPImporta.exe: 00004FA4: 22:14:49 [TUniServerModule]:Starting HTTP Server on Port: 8077...
ERPImporta.exe: 00004FA4: 22:14:49 [TUniServerModule]:HTTP Server Started on Port: 8077
ERPImporta.exe: 00002A64: 22:15:55 []:>--------------------------------------------------------------<
ERPImporta.exe: 00002A64: 22:15:55 [TUniServerModule]:Server First Init.
ERPImporta.exe: 00002A64: 22:15:55 [TUniServerModule]:Start Path = D:\Projetos_WEB\ERP_Importa\
ERPImporta.exe: 00002A64: 22:15:55 [TUniServerModule]:Debug Mode = ON
ERPImporta.exe: 00002A64: 22:15:55 [TUniGUISessionManager]:Cache erase job created, Folder count: [1]
ERPImporta.exe: 00002A64: 22:15:55 [TUniServerModule]:Starting HTTP Server on Port: 8077...
ERPImporta.exe: 00002A64: 22:15:55 [TUniServerModule]:HTTP Server Started on Port: 8077
ERPImporta.exe: 000007EC: 22:15:56 [127.0.0.1]:EUniSessionException : Sessão inváilda ou tempo da sessão expirado. (Session not found: lciCCjsdzB11073D039 ) : Addr: $007D0ED0
ERPImporta.exe: 00003CF4: 22:15:56 [127.0.0.1]:EUniSessionException : Sessão inváilda ou tempo da sessão expirado. (Session not found: lciCCjsdzB11073D039 ) : Addr: $007D0ED0
ERPImporta.exe: 00001318: 22:20:46 []:>--------------------------------------------------------------<
ERPImporta.exe: 00001318: 22:20:46 [TUniServerModule]:Server First Init.
ERPImporta.exe: 00001318: 22:20:46 [TUniServerModule]:Start Path = D:\Projetos_WEB\ERP_Importa\
ERPImporta.exe: 00001318: 22:20:46 [TUniServerModule]:Debug Mode = ON
ERPImporta.exe: 00001318: 22:20:46 [TUniGUISessionManager]:Cache erase job created, Folder count: [1]
ERPImporta.exe: 00001318: 22:20:46 [TUniServerModule]:Starting HTTP Server on Port: 8077...
ERPImporta.exe: 00001318: 22:20:46 [TUniServerModule]:HTTP Server Started on Port: 8077
ERPImporta.exe: 00004DEC: 22:24:22 [127.0.0.1]:EUniSessionException : Sessão inváilda ou tempo da sessão expirado. (Session not found: HmcqOOpgNJ11073D085 ) : Addr: $007D0ED0
ERPImporta.exe: 00004DAC: 22:41:24 [127.0.0.1]:EUniSessionException : Sessão inváilda ou tempo da sessão expirado. (Session not found: JShNiMg5nl11073D1D6 ) : Addr: $007D0ED0
ERPImporta.exe: 00002F64: 22:42:07 []:>--------------------------------------------------------------<
ERPImporta.exe: 00002F64: 22:42:07 [TUniServerModule]:Server First Init.
ERPImporta.exe: 00002F64: 22:42:07 [TUniServerModule]:Start Path = D:\Projetos_WEB\ERP_Importa\
ERPImporta.exe: 00002F64: 22:42:07 [TUniServerModule]:Debug Mode = ON
ERPImporta.exe: 00002F64: 22:42:07 [TUniServerModule]:Starting HTTP Server on Port: 8077...
ERPImporta.exe: 00002F64: 22:42:07 [TUniServerModule]:HTTP Server Started on Port: 8077
ERPImporta.exe: 00001460: 22:43:59 []:>--------------------------------------------------------------<
ERPImporta.exe: 00001460: 22:43:59 [TUniServerModule]:Server First Init.
ERPImporta.exe: 00001460: 22:43:59 [TUniServerModule]:Start Path = D:\Projetos_WEB\ERP_Importa\
ERPImporta.exe: 00001460: 22:43:59 [TUniServerModule]:Debug Mode = ON
ERPImporta.exe: 00001460: 22:44:00 [TUniServerModule]:Starting HTTP Server on Port: 8077...
ERPImporta.exe: 00001460: 22:44:00 [TUniServerModule]:HTTP Server Started on Port: 8077
ERPImporta.exe: 00001CD0: 22:48:53 []:>--------------------------------------------------------------<
ERPImporta.exe: 00001CD0: 22:48:53 [TUniServerModule]:Server First Init.
ERPImporta.exe: 00001CD0: 22:48:53 [TUniServerModule]:Start Path = D:\Projetos_WEB\ERP_Importa\
ERPImporta.exe: 00001CD0: 22:48:54 [TUniServerModule]:Debug Mode = ON
ERPImporta.exe: 00001CD0: 22:48:54 [TUniGUISessionManager]:Cache erase job created, Folder count: [1]
ERPImporta.exe: 00001CD0: 22:48:54 [TUniServerModule]:Starting HTTP Server on Port: 8077...
ERPImporta.exe: 00001CD0: 22:48:54 [TUniServerModule]:HTTP Server Started on Port: 8077
ERPImporta.exe: 000029BC: 22:50:18 []:>--------------------------------------------------------------<
ERPImporta.exe: 000029BC: 22:50:18 [TUniServerModule]:Server First Init.
ERPImporta.exe: 000029BC: 22:50:18 [TUniServerModule]:Start Path = D:\Projetos_WEB\ERP_Importa\
ERPImporta.exe: 000029BC: 22:50:18 [TUniServerModule]:Debug Mode = ON
ERPImporta.exe: 000029BC: 22:50:18 [TUniServerModule]:Starting HTTP Server on Port: 8077...
ERPImporta.exe: 000029BC: 22:50:18 [TUniServerModule]:HTTP Server Started on Port: 8077
ERPImporta.exe: 00001178: 22:51:22 []:>--------------------------------------------------------------<
ERPImporta.exe: 00001178: 22:51:22 [TUniServerModule]:Server First Init.
ERPImporta.exe: 00001178: 22:51:22 [TUniServerModule]:Start Path = D:\Projetos_WEB\ERP_Importa\
ERPImporta.exe: 00001178: 22:51:22 [TUniServerModule]:Debug Mode = ON
ERPImporta.exe: 00001178: 22:51:22 [TUniServerModule]:Starting HTTP Server on Port: 8077...
ERPImporta.exe: 00001178: 22:51:22 [TUniServerModule]:HTTP Server Started on Port: 8077
ERPImporta.exe: 00001BCC: 22:53:35 []:>--------------------------------------------------------------<
ERPImporta.exe: 00001BCC: 22:53:35 [TUniServerModule]:Server First Init.
ERPImporta.exe: 00001BCC: 22:53:35 [TUniServerModule]:Start Path = D:\Projetos_WEB\ERP_Importa\
ERPImporta.exe: 00001BCC: 22:53:35 [TUniServerModule]:Debug Mode = ON
ERPImporta.exe: 00001BCC: 22:53:35 [TUniGUISessionManager]:Cache erase job created, Folder count: [1]
ERPImporta.exe: 00001BCC: 22:53:35 [TUniServerModule]:Starting HTTP Server on Port: 8077...
ERPImporta.exe: 00001BCC: 22:53:35 [TUniServerModule]:HTTP Server Started on Port: 8077
ERPImporta.exe: 0000375C: 22:56:02 []:>--------------------------------------------------------------<
ERPImporta.exe: 0000375C: 22:56:02 [TUniServerModule]:Server First Init.
ERPImporta.exe: 0000375C: 22:56:03 [TUniServerModule]:Start Path = D:\Projetos_WEB\ERP_Importa\
ERPImporta.exe: 0000375C: 22:56:03 [TUniServerModule]:Debug Mode = ON
ERPImporta.exe: 0000375C: 22:56:03 [TUniGUISessionManager]:Cache erase job created, Folder count: [1]
ERPImporta.exe: 0000375C: 22:56:03 [TUniServerModule]:Starting HTTP Server on Port: 8077...
ERPImporta.exe: 0000375C: 22:56:03 [TUniServerModule]:HTTP Server Started on Port: 8077
ERPImporta.exe: 00003428: 22:57:16 []:>--------------------------------------------------------------<
ERPImporta.exe: 00003428: 22:57:16 [TUniServerModule]:Server First Init.
ERPImporta.exe: 00003428: 22:57:16 [TUniServerModule]:Start Path = D:\Projetos_WEB\ERP_Importa\
ERPImporta.exe: 00003428: 22:57:16 [TUniServerModule]:Debug Mode = ON
ERPImporta.exe: 00003428: 22:57:16 [TUniServerModule]:Starting HTTP Server on Port: 8077...
ERPImporta.exe: 00003428: 22:57:16 [TUniServerModule]:HTTP Server Started on Port: 8077
ERPImporta.exe: 00004748: 22:58:09 []:>--------------------------------------------------------------<
ERPImporta.exe: 00004748: 22:58:09 [TUniServerModule]:Server First Init.
ERPImporta.exe: 00004748: 22:58:09 [TUniServerModule]:Start Path = D:\Projetos_WEB\ERP_Importa\
ERPImporta.exe: 00004748: 22:58:09 [TUniServerModule]:Debug Mode = ON
ERPImporta.exe: 00004748: 22:58:09 [TUniServerModule]:Starting HTTP Server on Port: 8077...
ERPImporta.exe: 00004748: 22:58:09 [TUniServerModule]:HTTP Server Started on Port: 8077
ERPImporta.exe: 00001608: 22:59:38 []:>--------------------------------------------------------------<
ERPImporta.exe: 00001608: 22:59:38 [TUniServerModule]:Server First Init.
ERPImporta.exe: 00001608: 22:59:38 [TUniServerModule]:Start Path = D:\Projetos_WEB\ERP_Importa\
ERPImporta.exe: 00001608: 22:59:38 [TUniServerModule]:Debug Mode = ON
ERPImporta.exe: 00001608: 22:59:39 [TUniServerModule]:Starting HTTP Server on Port: 8077...
ERPImporta.exe: 00001608: 22:59:39 [TUniServerModule]:HTTP Server Started on Port: 8077
ERPImporta.exe: 00003A90: 23:01:01 []:>--------------------------------------------------------------<
ERPImporta.exe: 00003A90: 23:01:01 [TUniServerModule]:Server First Init.
ERPImporta.exe: 00003A90: 23:01:01 [TUniServerModule]:Start Path = D:\Projetos_WEB\ERP_Importa\
ERPImporta.exe: 00003A90: 23:01:01 [TUniServerModule]:Debug Mode = ON
ERPImporta.exe: 00003A90: 23:01:01 [TUniGUISessionManager]:Cache erase job created, Folder count: [1]
ERPImporta.exe: 00003A90: 23:01:02 [TUniServerModule]:Starting HTTP Server on Port: 8077...
ERPImporta.exe: 00003A90: 23:01:02 [TUniServerModule]:HTTP Server Started on Port: 8077
ERPImporta.exe: 0000234C: 23:03:35 []:>--------------------------------------------------------------<
ERPImporta.exe: 0000234C: 23:03:35 [TUniServerModule]:Server First Init.
ERPImporta.exe: 0000234C: 23:03:35 [TUniServerModule]:Start Path = D:\Projetos_WEB\ERP_Importa\
ERPImporta.exe: 0000234C: 23:03:35 [TUniServerModule]:Debug Mode = ON
ERPImporta.exe: 0000234C: 23:03:35 [TUniGUISessionManager]:Cache erase job created, Folder count: [1]
ERPImporta.exe: 0000234C: 23:03:35 [TUniServerModule]:Starting HTTP Server on Port: 8077...
ERPImporta.exe: 0000234C: 23:03:35 [TUniServerModule]:HTTP Server Started on Port: 8077
ERPImporta.exe: 000007C4: 23:05:51 []:>--------------------------------------------------------------<
ERPImporta.exe: 000007C4: 23:05:51 [TUniServerModule]:Server First Init.
ERPImporta.exe: 000007C4: 23:05:51 [TUniServerModule]:Start Path = D:\Projetos_WEB\ERP_Importa\
ERPImporta.exe: 000007C4: 23:05:51 [TUniServerModule]:Debug Mode = ON
ERPImporta.exe: 000007C4: 23:05:51 [TUniServerModule]:Starting HTTP Server on Port: 8077...
ERPImporta.exe: 000007C4: 23:05:51 [TUniServerModule]:HTTP Server Started on Port: 8077
ERPImporta.exe: 00002814: 23:08:16 []:>--------------------------------------------------------------<
ERPImporta.exe: 00002814: 23:08:16 [TUniServerModule]:Server First Init.
ERPImporta.exe: 00002814: 23:08:16 [TUniServerModule]:Start Path = D:\Projetos_WEB\ERP_Importa\
ERPImporta.exe: 00002814: 23:08:16 [TUniServerModule]:Debug Mode = ON
ERPImporta.exe: 00002814: 23:08:16 [TUniGUISessionManager]:Cache erase job created, Folder count: [1]
ERPImporta.exe: 00002814: 23:08:16 [TUniServerModule]:Starting HTTP Server on Port: 8077...
ERPImporta.exe: 00002814: 23:08:16 [TUniServerModule]:HTTP Server Started on Port: 8077
ERPImporta.exe: 00003C74: 23:09:10 [127.0.0.1]:EUniSessionException : Sessão inváilda ou tempo da sessão expirado. (Session not found: ZElnIRNhoj11073DE11 ) : Addr: $007D0ED0
ERPImporta.exe: 00003E50: 23:09:54 []:>--------------------------------------------------------------<
ERPImporta.exe: 00003E50: 23:09:54 [TUniServerModule]:Server First Init.
ERPImporta.exe: 00003E50: 23:09:54 [TUniServerModule]:Start Path = D:\Projetos_WEB\ERP_Importa\
ERPImporta.exe: 00003E50: 23:09:54 [TUniServerModule]:Debug Mode = ON
ERPImporta.exe: 00003E50: 23:09:54 [TUniGUISessionManager]:Cache erase job created, Folder count: [1]
ERPImporta.exe: 00003E50: 23:09:54 [TUniServerModule]:Starting HTTP Server on Port: 8077...
ERPImporta.exe: 00003E50: 23:09:54 [TUniServerModule]:HTTP Server Started on Port: 8077
ERPImporta.exe: 000024AC: 23:11:47 []:>--------------------------------------------------------------<
ERPImporta.exe: 000024AC: 23:11:47 [TUniServerModule]:Server First Init.
ERPImporta.exe: 000024AC: 23:11:47 [TUniServerModule]:Start Path = D:\Projetos_WEB\ERP_Importa\
ERPImporta.exe: 000024AC: 23:11:47 [TUniServerModule]:Debug Mode = ON
ERPImporta.exe: 000024AC: 23:11:47 [TUniGUISessionManager]:Cache erase job created, Folder count: [1]
ERPImporta.exe: 000024AC: 23:11:47 [TUniServerModule]:Starting HTTP Server on Port: 8077...
ERPImporta.exe: 000024AC: 23:11:47 [TUniServerModule]:HTTP Server Started on Port: 8077
ERPImporta.exe: 000038E0: 23:12:26 [127.0.0.1]:EUniSessionException : Sessão inváilda ou tempo da sessão expirado. (Session not found: rH59Ad8Av711073DF2B ) : Addr: $007D0ED0
ERPImporta.exe: 00004FD0: 23:12:52 []:>--------------------------------------------------------------<
ERPImporta.exe: 00004FD0: 23:12:52 [TUniServerModule]:Server First Init.
ERPImporta.exe: 00004FD0: 23:12:52 [TUniServerModule]:Start Path = D:\Projetos_WEB\ERP_Importa\
ERPImporta.exe: 00004FD0: 23:12:52 [TUniServerModule]:Debug Mode = ON
ERPImporta.exe: 00004FD0: 23:12:52 [TUniServerModule]:Starting HTTP Server on Port: 8077...
ERPImporta.exe: 00004FD0: 23:12:52 [TUniServerModule]:HTTP Server Started on Port: 8077
ERPImporta.exe: 00001E4C: 23:16:35 []:>--------------------------------------------------------------<
ERPImporta.exe: 00001E4C: 23:16:35 [TUniServerModule]:Server First Init.
ERPImporta.exe: 00001E4C: 23:16:35 [TUniServerModule]:Start Path = D:\Projetos_WEB\ERP_Importa\
ERPImporta.exe: 00001E4C: 23:16:35 [TUniServerModule]:Debug Mode = ON
ERPImporta.exe: 00001E4C: 23:16:35 [TUniServerModule]:Starting HTTP Server on Port: 8077...
ERPImporta.exe: 00001E4C: 23:16:35 [TUniServerModule]:HTTP Server Started on Port: 8077
ERPImporta.exe: 00002830: 23:18:13 [127.0.0.1]:UniErrorException : Event:click, Object: O7E3 not found in session list. It could be timed out, refresh page and try again : Addr: $00000000
ERPImporta.exe: 00001A54: 23:18:26 []:>--------------------------------------------------------------<
ERPImporta.exe: 00001A54: 23:18:26 [TUniServerModule]:Server First Init.
ERPImporta.exe: 00001A54: 23:18:26 [TUniServerModule]:Start Path = D:\Projetos_WEB\ERP_Importa\
ERPImporta.exe: 00001A54: 23:18:26 [TUniServerModule]:Debug Mode = ON
ERPImporta.exe: 00001A54: 23:18:26 [TUniGUISessionManager]:Cache erase job created, Folder count: [1]
ERPImporta.exe: 00001A54: 23:18:26 [TUniServerModule]:Starting HTTP Server on Port: 8077...
ERPImporta.exe: 00001A54: 23:18:26 [TUniServerModule]:HTTP Server Started on Port: 8077
ERPImporta.exe: 00000DA0: 23:19:18 []:>--------------------------------------------------------------<
ERPImporta.exe: 00000DA0: 23:19:18 [TUniServerModule]:Server First Init.
ERPImporta.exe: 00000DA0: 23:19:18 [TUniServerModule]:Start Path = D:\Projetos_WEB\ERP_Importa\
ERPImporta.exe: 00000DA0: 23:19:18 [TUniServerModule]:Debug Mode = ON
ERPImporta.exe: 00000DA0: 23:19:18 [TUniGUISessionManager]:Cache erase job created, Folder count: [1]
ERPImporta.exe: 00000DA0: 23:19:18 [TUniServerModule]:Starting HTTP Server on Port: 8077...
ERPImporta.exe: 00000DA0: 23:19:18 [TUniServerModule]:HTTP Server Started on Port: 8077
ERPImporta.exe: 00004BA8: 23:25:11 []:>--------------------------------------------------------------<
ERPImporta.exe: 00004BA8: 23:25:11 [TUniServerModule]:Server First Init.
ERPImporta.exe: 00004BA8: 23:25:11 [TUniServerModule]:Start Path = D:\Projetos_WEB\ERP_Importa\
ERPImporta.exe: 00004BA8: 23:25:11 [TUniServerModule]:Debug Mode = ON
ERPImporta.exe: 00004BA8: 23:25:11 [TUniServerModule]:Starting HTTP Server on Port: 8077...
ERPImporta.exe: 00004BA8: 23:25:11 [TUniServerModule]:HTTP Server Started on Port: 8077
