ERPImporta.exe: 00003B98: 09:29:06 []:>--------------------------------------------------------------<
ERPImporta.exe: 00003B98: 09:29:06 [TUniServerModule]:Server First Init.
ERPImporta.exe: 00003B98: 09:29:06 [TUniServerModule]:Start Path = C:\Projetos_WEB\ERP_Importa\
ERPImporta.exe: 00003B98: 09:29:06 [TUniServerModule]:Debug Mode = ON
ERPImporta.exe: 00003B98: 09:29:06 [TUniGUISessionManager]:Cache erase job created, Folder count: [1]
ERPImporta.exe: 00003B98: 09:29:06 [TUniServerModule]:Starting HTTP Server on Port: 8077...
ERPImporta.exe: 00003B98: 09:29:06 [TUniServerModule]:HTTP Server Started on Port: 8077
ERPImporta.exe: 00003F50: 09:32:20 []:>--------------------------------------------------------------<
ERPImporta.exe: 00003F50: 09:32:20 [TUniServerModule]:Server First Init.
ERPImporta.exe: 00003F50: 09:32:20 [TUniServerModule]:Start Path = C:\Projetos_WEB\ERP_Importa\
ERPImporta.exe: 00003F50: 09:32:20 [TUniServerModule]:Debug Mode = ON
ERPImporta.exe: 00003F50: 09:32:20 [TUniGUISessionManager]:Cache erase job created, Folder count: [1]
ERPImporta.exe: 00003F50: 09:32:20 [TUniServerModule]:Starting HTTP Server on Port: 8077...
ERPImporta.exe: 00003F50: 09:32:20 [TUniServerModule]:HTTP Server Started on Port: 8077
ERPImporta.exe: 000009A4: 09:33:15 []:>--------------------------------------------------------------<
ERPImporta.exe: 000009A4: 09:33:15 [TUniServerModule]:Server First Init.
ERPImporta.exe: 000009A4: 09:33:15 [TUniServerModule]:Start Path = C:\Projetos_WEB\ERP_Importa\
ERPImporta.exe: 000009A4: 09:33:15 [TUniServerModule]:Debug Mode = ON
ERPImporta.exe: 000009A4: 09:33:15 [TUniGUISessionManager]:Cache erase job created, Folder count: [1]
ERPImporta.exe: 000009A4: 09:33:15 [TUniServerModule]:Starting HTTP Server on Port: 8077...
ERPImporta.exe: 000009A4: 09:33:15 [TUniServerModule]:HTTP Server Started on Port: 8077
ERPImporta.exe: 00000454: 09:35:55 []:>--------------------------------------------------------------<
ERPImporta.exe: 00000454: 09:35:55 [TUniServerModule]:Server First Init.
ERPImporta.exe: 00000454: 09:35:55 [TUniServerModule]:Start Path = C:\Projetos_WEB\ERP_Importa\
ERPImporta.exe: 00000454: 09:35:55 [TUniServerModule]:Debug Mode = ON
ERPImporta.exe: 00000454: 09:35:55 [TUniGUISessionManager]:Cache erase job created, Folder count: [1]
ERPImporta.exe: 00000454: 09:35:56 [TUniServerModule]:Starting HTTP Server on Port: 8077...
ERPImporta.exe: 00000454: 09:35:56 [TUniServerModule]:HTTP Server Started on Port: 8077
ERPImporta.exe: 00003E7C: 09:36:15 []:>--------------------------------------------------------------<
ERPImporta.exe: 00003E7C: 09:36:15 [TUniServerModule]:Server First Init.
ERPImporta.exe: 00003E7C: 09:36:15 [TUniServerModule]:Start Path = C:\Projetos_WEB\ERP_Importa\
ERPImporta.exe: 00003E7C: 09:36:15 [TUniServerModule]:Debug Mode = ON
ERPImporta.exe: 00003E7C: 09:36:15 [TUniGUISessionManager]:Cache erase job created, Folder count: [1]
ERPImporta.exe: 00003E7C: 09:36:15 [TUniServerModule]:Starting HTTP Server on Port: 8077...
ERPImporta.exe: 00003E7C: 09:36:15 [TUniServerModule]:HTTP Server Started on Port: 8077
ERPImporta.exe: 000043DC: 09:37:52 []:>--------------------------------------------------------------<
ERPImporta.exe: 000043DC: 09:37:52 [TUniServerModule]:Server First Init.
ERPImporta.exe: 000043DC: 09:37:52 [TUniServerModule]:Start Path = C:\Projetos_WEB\ERP_Importa\
ERPImporta.exe: 000043DC: 09:37:52 [TUniServerModule]:Debug Mode = ON
ERPImporta.exe: 000043DC: 09:37:52 [TUniGUISessionManager]:Cache erase job created, Folder count: [2]
ERPImporta.exe: 000043DC: 09:37:52 [TUniServerModule]:Starting HTTP Server on Port: 8077...
ERPImporta.exe: 000043DC: 09:37:52 [TUniServerModule]:HTTP Server Started on Port: 8077
ERPImporta.exe: 00003D60: 09:40:11 []:>--------------------------------------------------------------<
ERPImporta.exe: 00003D60: 09:40:11 [TUniServerModule]:Server First Init.
ERPImporta.exe: 00003D60: 09:40:11 [TUniServerModule]:Start Path = C:\Projetos_WEB\ERP_Importa\
ERPImporta.exe: 00003D60: 09:40:11 [TUniServerModule]:Debug Mode = ON
ERPImporta.exe: 00003D60: 09:40:11 [TUniGUISessionManager]:Cache erase job created, Folder count: [1]
ERPImporta.exe: 00003D60: 09:40:11 [TUniServerModule]:Starting HTTP Server on Port: 8077...
ERPImporta.exe: 00003D60: 09:40:11 [TUniServerModule]:HTTP Server Started on Port: 8077
ERPImporta.exe: 00003A98: 10:48:18 []:>--------------------------------------------------------------<
ERPImporta.exe: 00003A98: 10:48:18 [TUniServerModule]:Server First Init.
ERPImporta.exe: 00003A98: 10:48:18 [TUniServerModule]:Start Path = C:\Projetos_WEB\ERP_Importa\
ERPImporta.exe: 00003A98: 10:48:18 [TUniServerModule]:Debug Mode = ON
ERPImporta.exe: 00003A98: 10:48:18 [TUniGUISessionManager]:Cache erase job created, Folder count: [1]
ERPImporta.exe: 00003A98: 10:48:19 [TUniServerModule]:Starting HTTP Server on Port: 8077...
ERPImporta.exe: 00003A98: 10:48:19 [TUniServerModule]:HTTP Server Started on Port: 8077
ERPImporta.exe: 0000022C: 10:50:04 []:>--------------------------------------------------------------<
ERPImporta.exe: 0000022C: 10:50:04 [TUniServerModule]:Server First Init.
ERPImporta.exe: 0000022C: 10:50:04 [TUniServerModule]:Start Path = C:\Projetos_WEB\ERP_Importa\
ERPImporta.exe: 0000022C: 10:50:04 [TUniServerModule]:Debug Mode = ON
ERPImporta.exe: 0000022C: 10:50:04 [TUniGUISessionManager]:Cache erase job created, Folder count: [1]
ERPImporta.exe: 0000022C: 10:50:04 [TUniServerModule]:Starting HTTP Server on Port: 8077...
ERPImporta.exe: 0000022C: 10:50:04 [TUniServerModule]:HTTP Server Started on Port: 8077
ERPImporta.exe: 00003AD8: 10:50:39 []:>--------------------------------------------------------------<
ERPImporta.exe: 00003AD8: 10:50:39 [TUniServerModule]:Server First Init.
ERPImporta.exe: 00003AD8: 10:50:39 [TUniServerModule]:Start Path = C:\Projetos_WEB\ERP_Importa\
ERPImporta.exe: 00003AD8: 10:50:39 [TUniServerModule]:Debug Mode = ON
ERPImporta.exe: 00003AD8: 10:50:39 [TUniGUISessionManager]:Cache erase job created, Folder count: [1]
ERPImporta.exe: 00003AD8: 10:50:39 [TUniServerModule]:Starting HTTP Server on Port: 8077...
ERPImporta.exe: 00003AD8: 10:50:39 [TUniServerModule]:HTTP Server Started on Port: 8077
ERPImporta.exe: 00002014: 10:52:20 []:>--------------------------------------------------------------<
ERPImporta.exe: 00002014: 10:52:20 [TUniServerModule]:Server First Init.
ERPImporta.exe: 00002014: 10:52:20 [TUniServerModule]:Start Path = C:\Projetos_WEB\ERP_Importa\
ERPImporta.exe: 00002014: 10:52:20 [TUniServerModule]:Debug Mode = ON
ERPImporta.exe: 00002014: 10:52:20 [TUniGUISessionManager]:Cache erase job created, Folder count: [1]
ERPImporta.exe: 00002014: 10:52:20 [TUniServerModule]:Starting HTTP Server on Port: 8077...
ERPImporta.exe: 00002014: 10:52:20 [TUniServerModule]:HTTP Server Started on Port: 8077
ERPImporta.exe: 000007A4: 10:52:31 [HandleFileRequest[127.0.0.1]]:File not found: C:\Projetos_WEB\ERP_Importa\files\images\fundo8.jpg
ERPImporta.exe: 000048E4: 10:57:10 []:>--------------------------------------------------------------<
ERPImporta.exe: 000048E4: 10:57:10 [TUniServerModule]:Server First Init.
ERPImporta.exe: 000048E4: 10:57:10 [TUniServerModule]:Start Path = C:\Projetos_WEB\ERP_Importa\
ERPImporta.exe: 000048E4: 10:57:10 [TUniServerModule]:Debug Mode = ON
ERPImporta.exe: 000048E4: 10:57:10 [TUniServerModule]:Starting HTTP Server on Port: 8077...
ERPImporta.exe: 000048E4: 10:57:10 [TUniServerModule]:HTTP Server Started on Port: 8077
ERPImporta.exe: 00001FE4: 10:59:13 []:>--------------------------------------------------------------<
ERPImporta.exe: 00001FE4: 10:59:13 [TUniServerModule]:Server First Init.
ERPImporta.exe: 00001FE4: 10:59:13 [TUniServerModule]:Start Path = C:\Projetos_WEB\ERP_Importa\
ERPImporta.exe: 00001FE4: 10:59:13 [TUniServerModule]:Debug Mode = ON
ERPImporta.exe: 00001FE4: 10:59:13 [TUniServerModule]:Starting HTTP Server on Port: 8077...
ERPImporta.exe: 00001FE4: 10:59:13 [TUniServerModule]:HTTP Server Started on Port: 8077
ERPImporta.exe: 000032F4: 11:00:30 []:>--------------------------------------------------------------<
ERPImporta.exe: 000032F4: 11:00:30 [TUniServerModule]:Server First Init.
ERPImporta.exe: 000032F4: 11:00:30 [TUniServerModule]:Start Path = C:\Projetos_WEB\ERP_Importa\
ERPImporta.exe: 000032F4: 11:00:30 [TUniServerModule]:Debug Mode = ON
ERPImporta.exe: 000032F4: 11:00:30 [TUniServerModule]:Starting HTTP Server on Port: 8077...
ERPImporta.exe: 000032F4: 11:00:30 [TUniServerModule]:HTTP Server Started on Port: 8077
ERPImporta.exe: 00001FE0: 11:04:35 []:>--------------------------------------------------------------<
ERPImporta.exe: 00001FE0: 11:04:35 [TUniServerModule]:Server First Init.
ERPImporta.exe: 00001FE0: 11:04:35 [TUniServerModule]:Start Path = C:\Projetos_WEB\ERP_Importa\
ERPImporta.exe: 00001FE0: 11:04:35 [TUniServerModule]:Debug Mode = ON
ERPImporta.exe: 00001FE0: 11:04:35 [TUniGUISessionManager]:Cache erase job created, Folder count: [1]
ERPImporta.exe: 00001FE0: 11:04:35 [TUniServerModule]:Starting HTTP Server on Port: 8077...
ERPImporta.exe: 00001FE0: 11:04:35 [TUniServerModule]:HTTP Server Started on Port: 8077
ERPImporta.exe: 00000780: 11:05:41 []:>--------------------------------------------------------------<
ERPImporta.exe: 00000780: 11:05:41 [TUniServerModule]:Server First Init.
ERPImporta.exe: 00000780: 11:05:41 [TUniServerModule]:Start Path = C:\Projetos_WEB\ERP_Importa\
ERPImporta.exe: 00000780: 11:05:41 [TUniServerModule]:Debug Mode = ON
ERPImporta.exe: 00000780: 11:05:41 [TUniServerModule]:Starting HTTP Server on Port: 8077...
ERPImporta.exe: 00000780: 11:05:42 [TUniServerModule]:HTTP Server Started on Port: 8077
ERPImporta.exe: 00003794: 11:06:33 []:>--------------------------------------------------------------<
ERPImporta.exe: 00003794: 11:06:33 [TUniServerModule]:Server First Init.
ERPImporta.exe: 00003794: 11:06:33 [TUniServerModule]:Start Path = C:\Projetos_WEB\ERP_Importa\
ERPImporta.exe: 00003794: 11:06:33 [TUniServerModule]:Debug Mode = ON
ERPImporta.exe: 00003794: 11:06:33 [TUniServerModule]:Starting HTTP Server on Port: 8077...
ERPImporta.exe: 00003794: 11:06:33 [TUniServerModule]:HTTP Server Started on Port: 8077
ERPImporta.exe: 00000954: 11:07:21 []:>--------------------------------------------------------------<
ERPImporta.exe: 00000954: 11:07:21 [TUniServerModule]:Server First Init.
ERPImporta.exe: 00000954: 11:07:21 [TUniServerModule]:Start Path = C:\Projetos_WEB\ERP_Importa\
ERPImporta.exe: 00000954: 11:07:21 [TUniServerModule]:Debug Mode = ON
ERPImporta.exe: 00000954: 11:07:21 [TUniServerModule]:Starting HTTP Server on Port: 8077...
ERPImporta.exe: 00000954: 11:07:21 [TUniServerModule]:HTTP Server Started on Port: 8077
ERPImporta.exe: 00002194: 11:12:32 []:>--------------------------------------------------------------<
ERPImporta.exe: 00002194: 11:12:32 [TUniServerModule]:Server First Init.
ERPImporta.exe: 00002194: 11:12:32 [TUniServerModule]:Start Path = C:\Projetos_WEB\ERP_Importa\
ERPImporta.exe: 00002194: 11:12:32 [TUniServerModule]:Debug Mode = ON
ERPImporta.exe: 00002194: 11:12:32 [TUniServerModule]:Starting HTTP Server on Port: 8077...
ERPImporta.exe: 00002194: 11:12:32 [TUniServerModule]:HTTP Server Started on Port: 8077
ERPImporta.exe: 0000231C: 11:15:00 []:>--------------------------------------------------------------<
ERPImporta.exe: 0000231C: 11:15:00 [TUniServerModule]:Server First Init.
ERPImporta.exe: 0000231C: 11:15:00 [TUniServerModule]:Start Path = C:\Projetos_WEB\ERP_Importa\
ERPImporta.exe: 0000231C: 11:15:00 [TUniServerModule]:Debug Mode = ON
ERPImporta.exe: 0000231C: 11:15:00 [TUniGUISessionManager]:Cache erase job created, Folder count: [1]
ERPImporta.exe: 0000231C: 11:15:01 [TUniServerModule]:Starting HTTP Server on Port: 8077...
ERPImporta.exe: 0000231C: 11:15:01 [TUniServerModule]:HTTP Server Started on Port: 8077
